Training PPO 1 with the following parameter dict:
{'total_steps': 8000000.0, 'num_envs': 32, 'num_steps': 256, 'num_levels': 200, 'num_epochs': 3, 'batch_size': 512, 'eps': 0.2, 'grad_eps': 0.5, 'value_coef': 0.5, 'entropy_coef': 0.01, 'c1': 0.5, 'c2': 0.01, 'num_actions': 15, 'in_channels': 3, 'feature_dim': 64, 'env_name': 'starpilot', 'use_background': False}
non stabelized  ppo
Observation space: Box([[[0. 0. 0. ... 0. 0. 0.]
  [0. 0. 0. ... 0. 0. 0.]
  [0. 0. 0. ... 0. 0. 0.]
  ...
  [0. 0. 0. ... 0. 0. 0.]
  [0. 0. 0. ... 0. 0. 0.]
  [0. 0. 0. ... 0. 0. 0.]]

 [[0. 0. 0. ... 0. 0. 0.]
  [0. 0. 0. ... 0. 0. 0.]
  [0. 0. 0. ... 0. 0. 0.]
  ...
  [0. 0. 0. ... 0. 0. 0.]
  [0. 0. 0. ... 0. 0. 0.]
  [0. 0. 0. ... 0. 0. 0.]]

 [[0. 0. 0. ... 0. 0. 0.]
  [0. 0. 0. ... 0. 0. 0.]
  [0. 0. 0. ... 0. 0. 0.]
  ...
  [0. 0. 0. ... 0. 0. 0.]
  [0. 0. 0. ... 0. 0. 0.]
  [0. 0. 0. ... 0. 0. 0.]]], [[[1. 1. 1. ... 1. 1. 1.]
  [1. 1. 1. ... 1. 1. 1.]
  [1. 1. 1. ... 1. 1. 1.]
  ...
  [1. 1. 1. ... 1. 1. 1.]
  [1. 1. 1. ... 1. 1. 1.]
  [1. 1. 1. ... 1. 1. 1.]]

 [[1. 1. 1. ... 1. 1. 1.]
  [1. 1. 1. ... 1. 1. 1.]
  [1. 1. 1. ... 1. 1. 1.]
  ...
  [1. 1. 1. ... 1. 1. 1.]
  [1. 1. 1. ... 1. 1. 1.]
  [1. 1. 1. ... 1. 1. 1.]]

 [[1. 1. 1. ... 1. 1. 1.]
  [1. 1. 1. ... 1. 1. 1.]
  [1. 1. 1. ... 1. 1. 1.]
  ...
  [1. 1. 1. ... 1. 1. 1.]
  [1. 1. 1. ... 1. 1. 1.]
  [1. 1. 1. ... 1. 1. 1.]]], (3, 64, 64), float32)
Action space: 15
Step: 8192	Mean reward: 4.375	 Loss: 0.3423101305961609
Step: 16384	Mean reward: 4.09375	 Loss: 0.06204352155327797
Step: 24576	Mean reward: 5.375	 Loss: 0.13542185723781586
Step: 32768	Mean reward: 5.40625	 Loss: 0.059995926916599274
Step: 40960	Mean reward: 6.21875	 Loss: 0.05602885037660599
Step: 49152	Mean reward: 6.15625	 Loss: 0.05065622180700302
Step: 57344	Mean reward: 6.8125	 Loss: 0.09236928075551987
Step: 65536	Mean reward: 6.375	 Loss: 0.12077083438634872
Step: 73728	Mean reward: 6.90625	 Loss: 0.10155564546585083
Step: 81920	Mean reward: 7.1875	 Loss: 0.0308449175208807
Step: 90112	Mean reward: 7.9375	 Loss: 0.1198129951953888
Step: 98304	Mean reward: 7.25	 Loss: 0.09108821302652359
Step: 106496	Mean reward: 7.15625	 Loss: 0.08315856009721756
Step: 114688	Mean reward: 7.8125	 Loss: 0.0382351353764534
Step: 122880	Mean reward: 8.5625	 Loss: 0.12453337013721466
Step: 131072	Mean reward: 10.15625	 Loss: 0.1214558482170105
Step: 139264	Mean reward: 8.03125	 Loss: 0.10953828692436218
Step: 147456	Mean reward: 9.3125	 Loss: 0.05281060189008713
Step: 155648	Mean reward: 10.78125	 Loss: 0.12535269558429718
Step: 163840	Mean reward: 11.40625	 Loss: 0.16464510560035706
Step: 172032	Mean reward: 10.90625	 Loss: 0.12068352103233337
Step: 180224	Mean reward: 10.96875	 Loss: 0.055950380861759186
Step: 188416	Mean reward: 9.5625	 Loss: 0.06348598003387451
Step: 196608	Mean reward: 10.5	 Loss: 0.06196630373597145
Step: 204800	Mean reward: 9.0	 Loss: 0.10188116133213043
Step: 212992	Mean reward: 10.21875	 Loss: 0.04247394949197769
Step: 221184	Mean reward: 9.53125	 Loss: 0.15003837645053864
Step: 229376	Mean reward: 9.40625	 Loss: 0.052793920040130615
Step: 237568	Mean reward: 9.84375	 Loss: 0.008611882105469704
Step: 245760	Mean reward: 9.0	 Loss: 0.11051607131958008
Step: 253952	Mean reward: 9.8125	 Loss: 0.033936284482479095
Step: 262144	Mean reward: 8.96875	 Loss: 0.05893724411725998
Step: 270336	Mean reward: 9.125	 Loss: 0.013613766059279442
Step: 278528	Mean reward: 10.15625	 Loss: 0.023584790527820587
Step: 286720	Mean reward: 10.46875	 Loss: 0.11598430573940277
Step: 294912	Mean reward: 10.5	 Loss: 0.07523812353610992
Step: 303104	Mean reward: 9.96875	 Loss: 0.04992425814270973
Step: 311296	Mean reward: 8.96875	 Loss: 0.008715061470866203
Step: 319488	Mean reward: 10.5625	 Loss: 0.0727653056383133
Step: 327680	Mean reward: 10.53125	 Loss: 0.02919085882604122
Step: 335872	Mean reward: 11.125	 Loss: 0.11079500615596771
Step: 344064	Mean reward: 11.25	 Loss: 0.05681560933589935
Step: 352256	Mean reward: 10.78125	 Loss: 0.0428791381418705
Step: 360448	Mean reward: 10.90625	 Loss: 0.047021787613630295
Step: 368640	Mean reward: 10.28125	 Loss: 0.018459176644682884
Step: 376832	Mean reward: 11.625	 Loss: 0.09499095380306244
Step: 385024	Mean reward: 10.75	 Loss: 0.0026446636766195297
Step: 393216	Mean reward: 10.09375	 Loss: -0.008938288316130638
Step: 401408	Mean reward: 10.6875	 Loss: 0.05429200828075409
Step: 409600	Mean reward: 12.0	 Loss: 0.035061854869127274
Step: 417792	Mean reward: 11.6875	 Loss: -0.014716235920786858
Step: 425984	Mean reward: 11.0	 Loss: 0.10620776563882828
Step: 434176	Mean reward: 10.84375	 Loss: 0.03169804811477661
Step: 442368	Mean reward: 11.96875	 Loss: 0.0532555878162384
Step: 450560	Mean reward: 11.1875	 Loss: -0.013014139607548714
Step: 458752	Mean reward: 10.90625	 Loss: -0.021853750571608543
Step: 466944	Mean reward: 12.28125	 Loss: 0.014870848506689072
Step: 475136	Mean reward: 11.6875	 Loss: 0.05359271913766861
Step: 483328	Mean reward: 13.40625	 Loss: 0.018797267228364944
Step: 491520	Mean reward: 12.3125	 Loss: -0.016634229570627213
Step: 499712	Mean reward: 11.71875	 Loss: 0.06218130141496658
Step: 507904	Mean reward: 12.15625	 Loss: -0.024761753156781197
Step: 516096	Mean reward: 11.6875	 Loss: 0.06359735131263733
Step: 524288	Mean reward: 10.34375	 Loss: -0.004302008077502251
Step: 532480	Mean reward: 12.0625	 Loss: -0.022527623921632767
Step: 540672	Mean reward: 12.4375	 Loss: 0.046285923570394516
Step: 548864	Mean reward: 12.625	 Loss: 0.011992335319519043
Step: 557056	Mean reward: 12.375	 Loss: 0.03925863280892372
Step: 565248	Mean reward: 11.59375	 Loss: 0.013945681974291801
Step: 573440	Mean reward: 11.84375	 Loss: -0.024091307073831558
Step: 581632	Mean reward: 12.75	 Loss: 0.03395145758986473
Step: 589824	Mean reward: 12.65625	 Loss: 0.023444710299372673
Step: 598016	Mean reward: 11.65625	 Loss: 0.01912427321076393
Step: 606208	Mean reward: 12.96875	 Loss: 0.017511218786239624
Step: 614400	Mean reward: 12.84375	 Loss: -0.026955146342515945
Step: 622592	Mean reward: 13.53125	 Loss: 0.07659311592578888
Step: 630784	Mean reward: 12.40625	 Loss: 0.06151368468999863
Step: 638976	Mean reward: 12.75	 Loss: -0.06888740509748459
Step: 647168	Mean reward: 12.8125	 Loss: 0.05153852701187134
Step: 655360	Mean reward: 14.0625	 Loss: -0.011727660894393921
Step: 663552	Mean reward: 12.25	 Loss: 0.11515089869499207
Step: 671744	Mean reward: 14.0625	 Loss: 0.029552198946475983
Step: 679936	Mean reward: 13.65625	 Loss: 0.014285741373896599
Step: 688128	Mean reward: 13.5	 Loss: 0.03620563820004463
Step: 696320	Mean reward: 12.96875	 Loss: 0.07016745209693909
Step: 704512	Mean reward: 14.84375	 Loss: 0.11835795640945435
Step: 712704	Mean reward: 13.375	 Loss: -0.05159158259630203
Step: 720896	Mean reward: 13.875	 Loss: 0.08175861835479736
Step: 729088	Mean reward: 13.59375	 Loss: 0.04128345847129822
Step: 737280	Mean reward: 13.0625	 Loss: 0.07715052366256714
Step: 745472	Mean reward: 14.75	 Loss: 0.05685761198401451
Step: 753664	Mean reward: 14.0625	 Loss: 0.05740225687623024
Step: 761856	Mean reward: 13.84375	 Loss: -0.028446583077311516
Step: 770048	Mean reward: 14.65625	 Loss: 0.009678823873400688
Step: 778240	Mean reward: 14.875	 Loss: 0.03597072884440422
Step: 786432	Mean reward: 14.96875	 Loss: 0.1332572102546692
Step: 794624	Mean reward: 14.34375	 Loss: -0.02731713466346264
Step: 802816	Mean reward: 13.6875	 Loss: 0.07947055995464325
Step: 811008	Mean reward: 12.90625	 Loss: 0.04993826150894165
Step: 819200	Mean reward: 13.625	 Loss: 0.03815355896949768
Step: 827392	Mean reward: 15.625	 Loss: 0.05068077892065048
Step: 835584	Mean reward: 15.8125	 Loss: 0.11028629541397095
Step: 843776	Mean reward: 13.84375	 Loss: 0.009662486612796783
Step: 851968	Mean reward: 14.625	 Loss: 0.1037571057677269
Step: 860160	Mean reward: 14.5	 Loss: -0.06329730898141861
Step: 868352	Mean reward: 15.5	 Loss: 0.04409153014421463
Step: 876544	Mean reward: 15.875	 Loss: 0.057061340659856796
Step: 884736	Mean reward: 14.6875	 Loss: -0.021496495231986046
Step: 892928	Mean reward: 14.90625	 Loss: 0.07255993038415909
Step: 901120	Mean reward: 14.15625	 Loss: 0.041617341339588165
Step: 909312	Mean reward: 15.15625	 Loss: 0.08512043207883835
Step: 917504	Mean reward: 15.5	 Loss: -0.0018977317959070206
Step: 925696	Mean reward: 14.53125	 Loss: 0.005573678761720657
Step: 933888	Mean reward: 13.71875	 Loss: 0.11353040486574173
Step: 942080	Mean reward: 14.9375	 Loss: -0.008868848904967308
Step: 950272	Mean reward: 14.375	 Loss: 0.06744959205389023
Step: 958464	Mean reward: 15.75	 Loss: 0.10201431810855865
Step: 966656	Mean reward: 15.5	 Loss: 0.08028697967529297
Step: 974848	Mean reward: 15.46875	 Loss: 0.012214025482535362
Step: 983040	Mean reward: 15.03125	 Loss: 0.04109157249331474
Step: 991232	Mean reward: 13.90625	 Loss: -0.01477590762078762
Step: 999424	Mean reward: 15.78125	 Loss: 0.03392120823264122
Step: 1007616	Mean reward: 13.71875	 Loss: 0.0032046809792518616
Step: 1015808	Mean reward: 15.9375	 Loss: 0.07919060438871384
Step: 1024000	Mean reward: 15.875	 Loss: 0.0674690306186676
Step: 1032192	Mean reward: 14.15625	 Loss: -0.03252772241830826
Step: 1040384	Mean reward: 15.84375	 Loss: 0.059262946248054504
Step: 1048576	Mean reward: 15.875	 Loss: 0.049718599766492844
Step: 1056768	Mean reward: 14.625	 Loss: 0.05187541991472244
Step: 1064960	Mean reward: 15.84375	 Loss: -0.0032307058572769165
Step: 1073152	Mean reward: 16.3125	 Loss: -0.007702045142650604
Step: 1081344	Mean reward: 15.96875	 Loss: -0.013381656259298325
Step: 1089536	Mean reward: 16.84375	 Loss: 0.07317725569009781
Step: 1097728	Mean reward: 17.71875	 Loss: 0.04027685523033142
Step: 1105920	Mean reward: 17.375	 Loss: 0.03839372098445892
Step: 1114112	Mean reward: 17.1875	 Loss: -0.008818859234452248
Step: 1122304	Mean reward: 15.96875	 Loss: 0.007473953068256378
Step: 1130496	Mean reward: 13.875	 Loss: 0.00906149297952652
Step: 1138688	Mean reward: 14.75	 Loss: -0.03515228256583214
Step: 1146880	Mean reward: 15.34375	 Loss: 0.0517200231552124
Step: 1155072	Mean reward: 16.15625	 Loss: 0.04273626208305359
Step: 1163264	Mean reward: 15.53125	 Loss: -0.028388364240527153
Step: 1171456	Mean reward: 16.90625	 Loss: 0.1152656078338623
Step: 1179648	Mean reward: 16.15625	 Loss: 0.041660405695438385
Step: 1187840	Mean reward: 14.9375	 Loss: 0.09197963774204254
Step: 1196032	Mean reward: 16.59375	 Loss: 0.07586979866027832
Step: 1204224	Mean reward: 17.1875	 Loss: 0.035956598818302155
Step: 1212416	Mean reward: 15.96875	 Loss: -0.03300919756293297
Step: 1220608	Mean reward: 16.65625	 Loss: -0.01004832610487938
Step: 1228800	Mean reward: 17.375	 Loss: 0.052756354212760925
Step: 1236992	Mean reward: 16.78125	 Loss: -0.008439768105745316
Step: 1245184	Mean reward: 17.28125	 Loss: 0.032996147871017456
Step: 1253376	Mean reward: 17.0	 Loss: 0.10185067355632782
Step: 1261568	Mean reward: 16.375	 Loss: 0.06314866244792938
Step: 1269760	Mean reward: 16.03125	 Loss: 0.054887402802705765
Step: 1277952	Mean reward: 16.5	 Loss: 0.05160319060087204
Step: 1286144	Mean reward: 16.46875	 Loss: -0.00018231384456157684
Step: 1294336	Mean reward: 15.625	 Loss: -0.06301917135715485
Step: 1302528	Mean reward: 16.84375	 Loss: 0.04252461716532707
Step: 1310720	Mean reward: 16.0	 Loss: 0.038717105984687805
Step: 1318912	Mean reward: 17.4375	 Loss: 0.14338412880897522
Step: 1327104	Mean reward: 15.78125	 Loss: 0.05701941251754761
Step: 1335296	Mean reward: 17.96875	 Loss: 0.03365243971347809
Step: 1343488	Mean reward: 16.625	 Loss: 0.017827145755290985
Step: 1351680	Mean reward: 16.59375	 Loss: -0.02200218103826046
Step: 1359872	Mean reward: 17.3125	 Loss: -0.00859827920794487
Step: 1368064	Mean reward: 17.25	 Loss: 0.02048107236623764
Step: 1376256	Mean reward: 17.4375	 Loss: 0.03536047413945198
Step: 1384448	Mean reward: 17.4375	 Loss: 0.07296538352966309
Step: 1392640	Mean reward: 16.21875	 Loss: -0.01665428839623928
Step: 1400832	Mean reward: 17.0	 Loss: 0.047946758568286896
Step: 1409024	Mean reward: 16.625	 Loss: 0.08155316859483719
Step: 1417216	Mean reward: 18.96875	 Loss: 0.06216927617788315
Step: 1425408	Mean reward: 17.03125	 Loss: 0.022446513175964355
Step: 1433600	Mean reward: 16.75	 Loss: 0.03800269216299057
Step: 1441792	Mean reward: 16.03125	 Loss: 0.009592399001121521
Step: 1449984	Mean reward: 15.78125	 Loss: -0.0019286740571260452
Step: 1458176	Mean reward: 16.875	 Loss: 0.08314412087202072
Step: 1466368	Mean reward: 16.96875	 Loss: 0.005712199956178665
Step: 1474560	Mean reward: 16.125	 Loss: -0.04102214425802231
Step: 1482752	Mean reward: 18.15625	 Loss: 0.030104011297225952
Step: 1490944	Mean reward: 17.03125	 Loss: 0.0695570856332779
Step: 1499136	Mean reward: 16.53125	 Loss: 0.06238073110580444
Step: 1507328	Mean reward: 16.65625	 Loss: 0.08983579277992249
Step: 1515520	Mean reward: 16.28125	 Loss: -0.026979468762874603
Step: 1523712	Mean reward: 17.28125	 Loss: 0.0404890701174736
Step: 1531904	Mean reward: 16.8125	 Loss: 0.033718179911375046
Step: 1540096	Mean reward: 16.40625	 Loss: 0.11565414816141129
Step: 1548288	Mean reward: 16.25	 Loss: 0.010752247646450996
Step: 1556480	Mean reward: 16.90625	 Loss: 0.008738236501812935
Step: 1564672	Mean reward: 17.65625	 Loss: 0.025304876267910004
Step: 1572864	Mean reward: 17.8125	 Loss: 0.0976603701710701
Step: 1581056	Mean reward: 17.625	 Loss: 0.028513498604297638
Step: 1589248	Mean reward: 16.71875	 Loss: 0.0032310783863067627
Step: 1597440	Mean reward: 17.15625	 Loss: 0.00311342254281044
Step: 1605632	Mean reward: 18.8125	 Loss: 0.007018234580755234
Step: 1613824	Mean reward: 17.46875	 Loss: 0.05279035493731499
Step: 1622016	Mean reward: 17.0	 Loss: 0.02778840996325016
Step: 1630208	Mean reward: 17.375	 Loss: 0.030818253755569458
Step: 1638400	Mean reward: 16.96875	 Loss: 0.012602444738149643
Step: 1646592	Mean reward: 17.6875	 Loss: -0.03198189288377762
Step: 1654784	Mean reward: 18.46875	 Loss: -0.010629212483763695
Step: 1662976	Mean reward: 19.4375	 Loss: 0.037621527910232544
Step: 1671168	Mean reward: 17.78125	 Loss: 0.04178253188729286
Step: 1679360	Mean reward: 18.46875	 Loss: -0.03465139865875244
Step: 1687552	Mean reward: 17.78125	 Loss: -0.020881982520222664
Step: 1695744	Mean reward: 19.0625	 Loss: 0.0019113458693027496
Step: 1703936	Mean reward: 17.375	 Loss: -0.0012932103127241135
Step: 1712128	Mean reward: 17.84375	 Loss: -0.017770029604434967
Step: 1720320	Mean reward: 17.8125	 Loss: 0.08024168014526367
Step: 1728512	Mean reward: 18.59375	 Loss: -0.012254951521754265
Step: 1736704	Mean reward: 18.40625	 Loss: 0.10180000960826874
Step: 1744896	Mean reward: 19.1875	 Loss: -0.03081716224551201
Step: 1753088	Mean reward: 18.59375	 Loss: -0.027950603514909744
Step: 1761280	Mean reward: 19.125	 Loss: 0.022385654971003532
Step: 1769472	Mean reward: 20.03125	 Loss: -0.0486898198723793
Step: 1777664	Mean reward: 16.65625	 Loss: 0.050224900245666504
Step: 1785856	Mean reward: 16.875	 Loss: -0.051322393119335175
Step: 1794048	Mean reward: 16.4375	 Loss: -0.007596002891659737
Step: 1802240	Mean reward: 18.5625	 Loss: 0.06435526907444
Step: 1810432	Mean reward: 17.375	 Loss: 0.03605719655752182
Step: 1818624	Mean reward: 17.71875	 Loss: -0.039633817970752716
Step: 1826816	Mean reward: 18.875	 Loss: 0.03575244918465614
Step: 1835008	Mean reward: 20.125	 Loss: -0.014443624764680862
Step: 1843200	Mean reward: 16.65625	 Loss: 0.04247595742344856
Step: 1851392	Mean reward: 17.84375	 Loss: 0.017423929646611214
Step: 1859584	Mean reward: 18.90625	 Loss: 0.036321528255939484
Step: 1867776	Mean reward: 18.6875	 Loss: 0.015361025929450989
Step: 1875968	Mean reward: 19.40625	 Loss: 0.05238807946443558
Step: 1884160	Mean reward: 16.5625	 Loss: 0.010864119976758957
Step: 1892352	Mean reward: 20.40625	 Loss: -0.03231622278690338
Step: 1900544	Mean reward: 19.03125	 Loss: -0.009266465902328491
Step: 1908736	Mean reward: 20.25	 Loss: 0.030435040593147278
Step: 1916928	Mean reward: 19.8125	 Loss: -0.006017213687300682
Step: 1925120	Mean reward: 18.40625	 Loss: -0.06580053269863129
Step: 1933312	Mean reward: 20.21875	 Loss: -0.025855306535959244
Step: 1941504	Mean reward: 19.25	 Loss: 0.07353158295154572
Step: 1949696	Mean reward: 18.53125	 Loss: 0.03770352900028229
Step: 1957888	Mean reward: 21.0	 Loss: 0.016288621351122856
Step: 1966080	Mean reward: 19.78125	 Loss: 0.019319619983434677
Step: 1974272	Mean reward: 19.9375	 Loss: -0.05786146968603134
Step: 1982464	Mean reward: 17.375	 Loss: 0.06326755881309509
Step: 1990656	Mean reward: 18.09375	 Loss: 0.0452733114361763
Step: 1998848	Mean reward: 19.3125	 Loss: 0.03706973046064377
Step: 2007040	Mean reward: 18.625	 Loss: 0.06903547048568726
Step: 2015232	Mean reward: 19.90625	 Loss: -0.018501002341508865
Step: 2023424	Mean reward: 22.375	 Loss: 0.053139276802539825
Step: 2031616	Mean reward: 17.84375	 Loss: -0.025224152952432632
Step: 2039808	Mean reward: 19.625	 Loss: -0.06285988539457321
Step: 2048000	Mean reward: 18.21875	 Loss: 0.021237313747406006
Step: 2056192	Mean reward: 18.28125	 Loss: 0.031533416360616684
Step: 2064384	Mean reward: 20.71875	 Loss: 0.056244995445013046
Step: 2072576	Mean reward: 20.0625	 Loss: -0.02298208512365818
Step: 2080768	Mean reward: 20.0	 Loss: -0.061369989067316055
Step: 2088960	Mean reward: 19.40625	 Loss: -0.03830837830901146
Step: 2097152	Mean reward: 19.71875	 Loss: -0.010651389136910439
Step: 2105344	Mean reward: 19.46875	 Loss: -0.07682176679372787
Step: 2113536	Mean reward: 20.3125	 Loss: -0.03490413725376129
Step: 2121728	Mean reward: 19.46875	 Loss: 0.0074729034677147865
Step: 2129920	Mean reward: 18.96875	 Loss: 0.041543036699295044
Step: 2138112	Mean reward: 19.21875	 Loss: 0.018877483904361725
Step: 2146304	Mean reward: 19.78125	 Loss: 0.048641398549079895
Step: 2154496	Mean reward: 20.96875	 Loss: -0.018071448430418968
Step: 2162688	Mean reward: 21.34375	 Loss: 0.014535117894411087
Step: 2170880	Mean reward: 20.34375	 Loss: 0.045938603579998016
Step: 2179072	Mean reward: 19.5	 Loss: 0.07387614995241165
Step: 2187264	Mean reward: 20.9375	 Loss: 0.041344743221998215
Step: 2195456	Mean reward: 19.59375	 Loss: 0.0054466864094138145
Step: 2203648	Mean reward: 19.5	 Loss: 0.028120702132582664
Step: 2211840	Mean reward: 19.5625	 Loss: 0.03044937178492546
Step: 2220032	Mean reward: 20.5625	 Loss: 0.007644305005669594
Step: 2228224	Mean reward: 21.96875	 Loss: 0.09207426011562347
Step: 2236416	Mean reward: 20.0	 Loss: -0.013545520603656769
Step: 2244608	Mean reward: 19.53125	 Loss: 0.06743602454662323
Step: 2252800	Mean reward: 20.40625	 Loss: 0.011639920063316822
Step: 2260992	Mean reward: 20.84375	 Loss: -0.10549332946538925
Step: 2269184	Mean reward: 19.6875	 Loss: 0.017175190150737762
Step: 2277376	Mean reward: 20.03125	 Loss: 0.03674596548080444
Step: 2285568	Mean reward: 21.03125	 Loss: 0.02574361488223076
Step: 2293760	Mean reward: 20.5625	 Loss: -0.02266678586602211
Step: 2301952	Mean reward: 20.875	 Loss: -0.00167190283536911
Step: 2310144	Mean reward: 20.5	 Loss: 0.0997290313243866
Step: 2318336	Mean reward: 21.09375	 Loss: 0.005306422710418701
Step: 2326528	Mean reward: 21.21875	 Loss: 0.016418226063251495
Step: 2334720	Mean reward: 19.71875	 Loss: 0.019671369343996048
Step: 2342912	Mean reward: 21.3125	 Loss: 0.03905496373772621
Step: 2351104	Mean reward: 18.5625	 Loss: -0.01052737608551979
Step: 2359296	Mean reward: 19.5	 Loss: 0.028774652630090714
Step: 2367488	Mean reward: 19.65625	 Loss: -0.024228999391198158
Step: 2375680	Mean reward: 19.09375	 Loss: 0.011615196242928505
Step: 2383872	Mean reward: 19.53125	 Loss: -0.02933673746883869
Step: 2392064	Mean reward: 18.09375	 Loss: -0.012850840575993061
Step: 2400256	Mean reward: 19.75	 Loss: -0.04201017692685127
Step: 2408448	Mean reward: 20.46875	 Loss: 0.006428130902349949
Step: 2416640	Mean reward: 17.8125	 Loss: 0.040479376912117004
Step: 2424832	Mean reward: 19.375	 Loss: 0.08597704023122787
Step: 2433024	Mean reward: 19.0	 Loss: 0.011738806031644344
Step: 2441216	Mean reward: 19.84375	 Loss: -0.014141871593892574
Step: 2449408	Mean reward: 19.28125	 Loss: 0.0034023746848106384
Step: 2457600	Mean reward: 20.1875	 Loss: 0.023485960438847542
Step: 2465792	Mean reward: 19.0625	 Loss: -0.028844639658927917
Step: 2473984	Mean reward: 19.1875	 Loss: 0.02224230021238327
Step: 2482176	Mean reward: 18.03125	 Loss: -0.03431762009859085
Step: 2490368	Mean reward: 19.8125	 Loss: -0.02602515183389187
Step: 2498560	Mean reward: 20.84375	 Loss: 0.03532864898443222
Step: 2506752	Mean reward: 17.3125	 Loss: 0.008454935625195503
Step: 2514944	Mean reward: 19.8125	 Loss: -0.053608283400535583
Step: 2523136	Mean reward: 19.5625	 Loss: -0.0055563850328326225
Step: 2531328	Mean reward: 19.875	 Loss: 0.02186867594718933
Step: 2539520	Mean reward: 18.125	 Loss: -0.03665414825081825
Step: 2547712	Mean reward: 20.0625	 Loss: -0.07042095065116882
Step: 2555904	Mean reward: 20.3125	 Loss: 0.012668351642787457
Step: 2564096	Mean reward: 19.6875	 Loss: -0.07986638695001602
Step: 2572288	Mean reward: 19.96875	 Loss: 0.0382741317152977
Step: 2580480	Mean reward: 22.53125	 Loss: -0.0023914864286780357
Step: 2588672	Mean reward: 19.4375	 Loss: 0.019353080540895462
Step: 2596864	Mean reward: 20.28125	 Loss: -0.05574549734592438
Step: 2605056	Mean reward: 19.875	 Loss: -0.004111772403120995
Step: 2613248	Mean reward: 19.96875	 Loss: -0.003286704421043396
Step: 2621440	Mean reward: 19.625	 Loss: 0.027318643406033516
Step: 2629632	Mean reward: 20.0	 Loss: -0.047242797911167145
Step: 2637824	Mean reward: 18.75	 Loss: 0.04693610221147537
Step: 2646016	Mean reward: 19.0625	 Loss: -0.030345957726240158
Step: 2654208	Mean reward: 18.3125	 Loss: 0.006577583961188793
Step: 2662400	Mean reward: 19.09375	 Loss: -0.07537191361188889
Step: 2670592	Mean reward: 19.6875	 Loss: -0.04626438766717911
Step: 2678784	Mean reward: 18.59375	 Loss: -0.024470990523695946
Step: 2686976	Mean reward: 20.1875	 Loss: 0.07233364135026932
Step: 2695168	Mean reward: 21.0625	 Loss: -0.04132579267024994
Step: 2703360	Mean reward: 18.0625	 Loss: 0.046762000769376755
Step: 2711552	Mean reward: 19.1875	 Loss: -0.0322241485118866
Step: 2719744	Mean reward: 18.71875	 Loss: -0.02581140771508217
Step: 2727936	Mean reward: 20.0625	 Loss: -0.08002392947673798
Step: 2736128	Mean reward: 19.875	 Loss: -0.08288484811782837
Step: 2744320	Mean reward: 18.25	 Loss: -0.0019809994846582413
Step: 2752512	Mean reward: 17.59375	 Loss: -0.057212911546230316
Step: 2760704	Mean reward: 19.1875	 Loss: -0.07350300252437592
Step: 2768896	Mean reward: 19.28125	 Loss: -0.0313388928771019
Step: 2777088	Mean reward: 18.5	 Loss: 0.006773445755243301
Step: 2785280	Mean reward: 20.0625	 Loss: 0.0382462814450264
Step: 2793472	Mean reward: 20.875	 Loss: 0.006710757501423359
Step: 2801664	Mean reward: 20.625	 Loss: -0.008853367529809475
Step: 2809856	Mean reward: 20.71875	 Loss: 0.05264640226960182
Step: 2818048	Mean reward: 19.875	 Loss: 0.04662444442510605
Step: 2826240	Mean reward: 20.53125	 Loss: 0.003747417591512203
Step: 2834432	Mean reward: 20.84375	 Loss: 0.03156926482915878
Step: 2842624	Mean reward: 20.125	 Loss: 0.03212504833936691
Step: 2850816	Mean reward: 20.0625	 Loss: 0.04505031183362007
Step: 2859008	Mean reward: 20.71875	 Loss: -0.03705604374408722
Step: 2867200	Mean reward: 20.625	 Loss: 0.044810861349105835
Step: 2875392	Mean reward: 21.34375	 Loss: -0.054464224725961685
Step: 2883584	Mean reward: 20.65625	 Loss: -0.027892548590898514
Step: 2891776	Mean reward: 20.53125	 Loss: -0.010964407585561275
Step: 2899968	Mean reward: 19.6875	 Loss: 0.01107015460729599
Step: 2908160	Mean reward: 22.3125	 Loss: 0.004022015258669853
Step: 2916352	Mean reward: 21.8125	 Loss: 0.08087995648384094
Step: 2924544	Mean reward: 21.78125	 Loss: -0.00740033108741045
Step: 2932736	Mean reward: 21.40625	 Loss: 0.01936146803200245
Step: 2940928	Mean reward: 20.03125	 Loss: -0.04804033413529396
Step: 2949120	Mean reward: 18.375	 Loss: 0.0465942844748497
Step: 2957312	Mean reward: 20.1875	 Loss: 0.018239200115203857
Step: 2965504	Mean reward: 21.125	 Loss: -0.0846368670463562
Step: 2973696	Mean reward: 21.71875	 Loss: -0.08082978427410126
Step: 2981888	Mean reward: 21.59375	 Loss: -0.1127282902598381
Step: 2990080	Mean reward: 20.0625	 Loss: -0.09175355732440948
Step: 2998272	Mean reward: 20.9375	 Loss: 0.06824802607297897
Step: 3006464	Mean reward: 18.9375	 Loss: 0.01574440859258175
Step: 3014656	Mean reward: 19.1875	 Loss: -0.009716235101222992
Step: 3022848	Mean reward: 20.65625	 Loss: 0.03516123443841934
Step: 3031040	Mean reward: 18.78125	 Loss: -0.056701503694057465
Step: 3039232	Mean reward: 20.6875	 Loss: 0.0026072952896356583
Step: 3047424	Mean reward: 21.65625	 Loss: 0.01799827814102173
Step: 3055616	Mean reward: 20.375	 Loss: -0.044224295765161514
Step: 3063808	Mean reward: 21.0625	 Loss: -0.024682415649294853
Step: 3072000	Mean reward: 19.9375	 Loss: 0.03152953088283539
Step: 3080192	Mean reward: 20.53125	 Loss: 0.10486162453889847
Step: 3088384	Mean reward: 20.28125	 Loss: -0.07870949804782867
Step: 3096576	Mean reward: 21.25	 Loss: 0.04576835781335831
Step: 3104768	Mean reward: 22.0625	 Loss: -0.026814278215169907
Step: 3112960	Mean reward: 21.4375	 Loss: -0.01338730938732624
Step: 3121152	Mean reward: 20.65625	 Loss: 0.09718863666057587
Step: 3129344	Mean reward: 20.375	 Loss: -0.009651272557675838
Step: 3137536	Mean reward: 20.28125	 Loss: 0.01498603355139494
Step: 3145728	Mean reward: 21.25	 Loss: 0.10089614242315292
Step: 3153920	Mean reward: 20.25	 Loss: 0.02373385801911354
Step: 3162112	Mean reward: 21.78125	 Loss: 0.07410463690757751
Step: 3170304	Mean reward: 21.4375	 Loss: -0.006907620467245579
Step: 3178496	Mean reward: 22.0	 Loss: -0.0024054544046521187
Step: 3186688	Mean reward: 21.21875	 Loss: -0.013892749324440956
Step: 3194880	Mean reward: 21.6875	 Loss: -0.0014132652431726456
Step: 3203072	Mean reward: 21.21875	 Loss: 0.025868525728583336
Step: 3211264	Mean reward: 21.4375	 Loss: -0.002144450321793556
Step: 3219456	Mean reward: 20.875	 Loss: -0.04086659476161003
Step: 3227648	Mean reward: 21.46875	 Loss: 0.02506091445684433
Step: 3235840	Mean reward: 21.1875	 Loss: 0.02883581817150116
Step: 3244032	Mean reward: 20.1875	 Loss: 0.03337531164288521
Step: 3252224	Mean reward: 21.53125	 Loss: -0.032167717814445496
Step: 3260416	Mean reward: 21.84375	 Loss: -0.027675911784172058
Step: 3268608	Mean reward: 20.75	 Loss: -0.04285608232021332
Step: 3276800	Mean reward: 20.84375	 Loss: 0.007449612952768803
Step: 3284992	Mean reward: 20.65625	 Loss: -0.0389389730989933
Step: 3293184	Mean reward: 19.9375	 Loss: -0.011731999926269054
Step: 3301376	Mean reward: 19.21875	 Loss: -0.006506266072392464
Step: 3309568	Mean reward: 20.53125	 Loss: 0.008967875503003597
Step: 3317760	Mean reward: 21.90625	 Loss: -0.028275154531002045
Step: 3325952	Mean reward: 21.3125	 Loss: -0.07549610733985901
Step: 3334144	Mean reward: 21.875	 Loss: -0.05818432569503784
Step: 3342336	Mean reward: 20.5625	 Loss: 0.03139672800898552
Step: 3350528	Mean reward: 21.5	 Loss: -0.05259350687265396
Step: 3358720	Mean reward: 20.5	 Loss: -0.013890748843550682
Step: 3366912	Mean reward: 20.8125	 Loss: -0.04043583571910858
Step: 3375104	Mean reward: 19.46875	 Loss: 0.029173899441957474
Step: 3383296	Mean reward: 21.3125	 Loss: 0.01330979261547327
Step: 3391488	Mean reward: 19.78125	 Loss: -0.10711140185594559
Step: 3399680	Mean reward: 21.21875	 Loss: 0.0433514378964901
Step: 3407872	Mean reward: 20.875	 Loss: 0.034128010272979736
Step: 3416064	Mean reward: 19.96875	 Loss: 0.029758624732494354
Step: 3424256	Mean reward: 20.28125	 Loss: 0.04890083894133568
Step: 3432448	Mean reward: 20.75	 Loss: -0.0026937201619148254
Step: 3440640	Mean reward: 21.5	 Loss: -0.05914510414004326
Step: 3448832	Mean reward: 23.03125	 Loss: -0.03381606936454773
Step: 3457024	Mean reward: 20.5625	 Loss: 0.035951897501945496
Step: 3465216	Mean reward: 21.4375	 Loss: -0.028645696118474007
Step: 3473408	Mean reward: 21.28125	 Loss: -0.07049718499183655
Step: 3481600	Mean reward: 19.25	 Loss: 0.027281446382403374
Step: 3489792	Mean reward: 20.78125	 Loss: -0.02376892790198326
Step: 3497984	Mean reward: 22.15625	 Loss: 0.015107913874089718
Step: 3506176	Mean reward: 19.4375	 Loss: 0.021717708557844162
Step: 3514368	Mean reward: 22.59375	 Loss: -0.009630914777517319
Step: 3522560	Mean reward: 20.0625	 Loss: -0.05924807861447334
Step: 3530752	Mean reward: 20.71875	 Loss: -0.034418705850839615
Step: 3538944	Mean reward: 19.34375	 Loss: -0.03798769414424896
Step: 3547136	Mean reward: 20.34375	 Loss: 0.08231762796640396
Step: 3555328	Mean reward: 20.84375	 Loss: 0.0014881789684295654
Step: 3563520	Mean reward: 19.4375	 Loss: 0.004151186905801296
Step: 3571712	Mean reward: 17.59375	 Loss: -0.037605009973049164
Step: 3579904	Mean reward: 21.78125	 Loss: -0.0323161818087101
Step: 3588096	Mean reward: 19.96875	 Loss: -0.04249684512615204
Step: 3596288	Mean reward: 21.15625	 Loss: 0.06339098513126373
Step: 3604480	Mean reward: 20.03125	 Loss: 0.0342368520796299
Step: 3612672	Mean reward: 20.03125	 Loss: 0.011944545432925224
Step: 3620864	Mean reward: 19.75	 Loss: -0.035485707223415375
Step: 3629056	Mean reward: 19.3125	 Loss: -0.047236278653144836
Step: 3637248	Mean reward: 20.9375	 Loss: 0.025066204369068146
Step: 3645440	Mean reward: 20.6875	 Loss: -0.02923731319606304
Step: 3653632	Mean reward: 20.0625	 Loss: -0.06687809526920319
Step: 3661824	Mean reward: 19.6875	 Loss: 0.08231212943792343
Step: 3670016	Mean reward: 19.9375	 Loss: 0.028664054349064827
Step: 3678208	Mean reward: 20.4375	 Loss: 0.020821459591388702
Step: 3686400	Mean reward: 20.34375	 Loss: 0.03516143560409546
Step: 3694592	Mean reward: 20.3125	 Loss: -0.042604513466358185
Step: 3702784	Mean reward: 17.9375	 Loss: 0.011332639493048191
Step: 3710976	Mean reward: 20.1875	 Loss: -0.01033780537545681
Step: 3719168	Mean reward: 20.96875	 Loss: -0.09440122544765472
Step: 3727360	Mean reward: 18.5625	 Loss: 0.002952093258500099
Step: 3735552	Mean reward: 19.5625	 Loss: -0.009799186140298843
Step: 3743744	Mean reward: 21.78125	 Loss: -0.0006926115602254868
Step: 3751936	Mean reward: 22.09375	 Loss: 0.01723661459982395
Step: 3760128	Mean reward: 19.5	 Loss: -0.002285498194396496
Step: 3768320	Mean reward: 21.625	 Loss: -0.04960108920931816
Step: 3776512	Mean reward: 21.1875	 Loss: -0.05392420291900635
Step: 3784704	Mean reward: 21.09375	 Loss: -0.046012695878744125
Step: 3792896	Mean reward: 18.34375	 Loss: 0.01636829972267151
Step: 3801088	Mean reward: 18.90625	 Loss: -0.07532947510480881
Step: 3809280	Mean reward: 19.3125	 Loss: 0.03768738731741905
Step: 3817472	Mean reward: 21.28125	 Loss: 0.010992743074893951
Step: 3825664	Mean reward: 20.96875	 Loss: -0.0709313452243805
Step: 3833856	Mean reward: 20.15625	 Loss: -0.00493460800498724
Step: 3842048	Mean reward: 20.6875	 Loss: -0.03776853159070015
Step: 3850240	Mean reward: 20.09375	 Loss: 0.048933930695056915
Step: 3858432	Mean reward: 20.125	 Loss: 0.03301291912794113
Step: 3866624	Mean reward: 21.34375	 Loss: 0.011699275113642216
Step: 3874816	Mean reward: 19.25	 Loss: -0.044384635984897614
Step: 3883008	Mean reward: 19.21875	 Loss: -0.073776975274086
Step: 3891200	Mean reward: 20.59375	 Loss: -0.05436623468995094
Step: 3899392	Mean reward: 18.96875	 Loss: 0.01580626517534256
Step: 3907584	Mean reward: 22.40625	 Loss: 0.1332019567489624
Step: 3915776	Mean reward: 21.0	 Loss: -0.05972560495138168
Step: 3923968	Mean reward: 19.34375	 Loss: -0.005757015198469162
Step: 3932160	Mean reward: 19.78125	 Loss: 0.0018314840272068977
Step: 3940352	Mean reward: 20.125	 Loss: -0.04324198141694069
Step: 3948544	Mean reward: 21.0	 Loss: -0.02959870919585228
Step: 3956736	Mean reward: 20.78125	 Loss: -0.01853524148464203
Step: 3964928	Mean reward: 22.53125	 Loss: 0.09901206195354462
Step: 3973120	Mean reward: 20.96875	 Loss: 0.003959362395107746
Step: 3981312	Mean reward: 20.5	 Loss: -0.0005773203447461128
Step: 3989504	Mean reward: 21.125	 Loss: -0.023008715361356735
Step: 3997696	Mean reward: 21.90625	 Loss: 0.014427046291530132
Step: 4005888	Mean reward: 21.5625	 Loss: 0.08670710027217865
Step: 4014080	Mean reward: 20.9375	 Loss: 0.003953339532017708
Step: 4022272	Mean reward: 20.34375	 Loss: 0.0013548051938414574
Step: 4030464	Mean reward: 20.25	 Loss: 0.0800233781337738
Step: 4038656	Mean reward: 21.875	 Loss: -0.0072913337498903275
Step: 4046848	Mean reward: 22.1875	 Loss: 0.018610812723636627
Step: 4055040	Mean reward: 21.0625	 Loss: 0.1124417632818222
Step: 4063232	Mean reward: 21.625	 Loss: 0.14284749329090118
Step: 4071424	Mean reward: 20.0625	 Loss: -0.041332658380270004
Step: 4079616	Mean reward: 21.4375	 Loss: 0.07983112335205078
Step: 4087808	Mean reward: 21.4375	 Loss: 0.01995842158794403
Step: 4096000	Mean reward: 21.46875	 Loss: 0.04910358414053917
Step: 4104192	Mean reward: 22.96875	 Loss: -0.037975236773490906
Step: 4112384	Mean reward: 21.625	 Loss: -0.012698139995336533
Step: 4120576	Mean reward: 20.75	 Loss: 0.020527154207229614
Step: 4128768	Mean reward: 21.3125	 Loss: 0.013944699428975582
Step: 4136960	Mean reward: 20.28125	 Loss: 0.00843766424804926
Step: 4145152	Mean reward: 21.40625	 Loss: 0.034173633903265
Step: 4153344	Mean reward: 20.53125	 Loss: -0.019662052392959595
Step: 4161536	Mean reward: 23.96875	 Loss: -0.08463980257511139
Step: 4169728	Mean reward: 22.5625	 Loss: -0.01686672493815422
Step: 4177920	Mean reward: 21.0	 Loss: -0.014284337870776653
Step: 4186112	Mean reward: 21.125	 Loss: -0.040694620460271835
Step: 4194304	Mean reward: 20.65625	 Loss: -0.027585044503211975
Step: 4202496	Mean reward: 21.0625	 Loss: -0.016376717016100883
Step: 4210688	Mean reward: 21.28125	 Loss: 0.022121751680970192
Step: 4218880	Mean reward: 21.78125	 Loss: -0.044100381433963776
Step: 4227072	Mean reward: 21.15625	 Loss: -0.043790582567453384
Step: 4235264	Mean reward: 22.78125	 Loss: 0.024869360029697418
Step: 4243456	Mean reward: 20.8125	 Loss: 0.017607562243938446
Step: 4251648	Mean reward: 22.3125	 Loss: -0.07152368128299713
Step: 4259840	Mean reward: 21.0625	 Loss: -0.028605937957763672
Step: 4268032	Mean reward: 20.34375	 Loss: -0.0101345619186759
Step: 4276224	Mean reward: 20.6875	 Loss: -0.018883083015680313
Step: 4284416	Mean reward: 21.90625	 Loss: 0.0028809886425733566
Step: 4292608	Mean reward: 20.59375	 Loss: -0.018695896491408348
Step: 4300800	Mean reward: 22.0	 Loss: -0.00024440325796604156
Step: 4308992	Mean reward: 20.0625	 Loss: -0.051880136132240295
Step: 4317184	Mean reward: 20.625	 Loss: -0.05796258524060249
Step: 4325376	Mean reward: 20.28125	 Loss: 0.05770324915647507
Step: 4333568	Mean reward: 20.0625	 Loss: 0.007969428785145283
Step: 4341760	Mean reward: 20.59375	 Loss: -0.026560653001070023
Step: 4349952	Mean reward: 20.375	 Loss: 0.00837872363626957
Step: 4358144	Mean reward: 20.78125	 Loss: -0.0030529452487826347
Step: 4366336	Mean reward: 21.15625	 Loss: -0.036256104707717896
Step: 4374528	Mean reward: 20.875	 Loss: 0.045174285769462585
Step: 4382720	Mean reward: 20.28125	 Loss: -0.01977355405688286
Step: 4390912	Mean reward: 20.3125	 Loss: 0.03413365036249161
Step: 4399104	Mean reward: 19.375	 Loss: -0.019735999405384064
Step: 4407296	Mean reward: 20.15625	 Loss: -0.05409686639904976
Step: 4415488	Mean reward: 19.5	 Loss: 0.009778721258044243
Step: 4423680	Mean reward: 21.59375	 Loss: 0.014761640690267086
Step: 4431872	Mean reward: 20.65625	 Loss: -0.049572885036468506
Step: 4440064	Mean reward: 19.59375	 Loss: -0.02668902464210987
Step: 4448256	Mean reward: 19.46875	 Loss: 0.012335535138845444
Step: 4456448	Mean reward: 19.46875	 Loss: 0.03149797394871712
Step: 4464640	Mean reward: 21.6875	 Loss: -0.061192236840724945
Step: 4472832	Mean reward: 20.90625	 Loss: 0.03479650989174843
Step: 4481024	Mean reward: 20.5625	 Loss: -0.057127103209495544
Step: 4489216	Mean reward: 20.4375	 Loss: -0.05208364874124527
Step: 4497408	Mean reward: 18.84375	 Loss: -0.03581865876913071
Step: 4505600	Mean reward: 21.125	 Loss: 0.001582857221364975
Step: 4513792	Mean reward: 21.53125	 Loss: -0.04272571951150894
Step: 4521984	Mean reward: 22.75	 Loss: -0.03490312024950981
Step: 4530176	Mean reward: 20.4375	 Loss: -0.02374100871384144
Step: 4538368	Mean reward: 20.9375	 Loss: 0.022852923721075058
Step: 4546560	Mean reward: 20.125	 Loss: -0.005529297515749931
Step: 4554752	Mean reward: 22.875	 Loss: 0.00699553731828928
Step: 4562944	Mean reward: 21.1875	 Loss: -0.02643505670130253
Step: 4571136	Mean reward: 21.6875	 Loss: 0.06796478480100632
Step: 4579328	Mean reward: 20.09375	 Loss: -0.005509454756975174
Step: 4587520	Mean reward: 19.96875	 Loss: -0.08010773360729218
Step: 4595712	Mean reward: 21.1875	 Loss: -0.05867328494787216
Step: 4603904	Mean reward: 19.375	 Loss: 0.05776644125580788
Step: 4612096	Mean reward: 20.125	 Loss: -0.01711130514740944
Step: 4620288	Mean reward: 21.53125	 Loss: 0.09551789611577988
Step: 4628480	Mean reward: 20.4375	 Loss: -0.028819657862186432
Step: 4636672	Mean reward: 20.84375	 Loss: 0.015435244888067245
Step: 4644864	Mean reward: 20.4375	 Loss: -0.05813170596957207
Step: 4653056	Mean reward: 21.0	 Loss: -0.04514331370592117
Step: 4661248	Mean reward: 20.09375	 Loss: -0.05425325036048889
Step: 4669440	Mean reward: 22.125	 Loss: 0.06373083591461182
Step: 4677632	Mean reward: 21.53125	 Loss: -0.0060982415452599525
Step: 4685824	Mean reward: 21.625	 Loss: -0.04841920733451843
Step: 4694016	Mean reward: 20.875	 Loss: 0.04083514213562012
Step: 4702208	Mean reward: 21.375	 Loss: -0.006144925951957703
Step: 4710400	Mean reward: 22.46875	 Loss: 0.047648873180150986
Step: 4718592	Mean reward: 19.21875	 Loss: -0.013156665489077568
Step: 4726784	Mean reward: 19.53125	 Loss: 0.040500275790691376
Step: 4734976	Mean reward: 20.8125	 Loss: -0.032973721623420715
Step: 4743168	Mean reward: 20.0625	 Loss: -0.07403253018856049
Step: 4751360	Mean reward: 21.625	 Loss: 0.0015011467039585114
Step: 4759552	Mean reward: 22.125	 Loss: 0.0443456694483757
Step: 4767744	Mean reward: 21.65625	 Loss: -0.010056710802018642
Step: 4775936	Mean reward: 21.96875	 Loss: 0.06581141799688339
Step: 4784128	Mean reward: 20.78125	 Loss: -0.03120674192905426
Step: 4792320	Mean reward: 21.34375	 Loss: -0.055753618478775024
Step: 4800512	Mean reward: 20.625	 Loss: -0.025142358615994453
Step: 4808704	Mean reward: 21.5	 Loss: -0.04211048781871796
Step: 4816896	Mean reward: 21.625	 Loss: -0.11961932480335236
Step: 4825088	Mean reward: 21.34375	 Loss: -0.029822353273630142
Step: 4833280	Mean reward: 22.65625	 Loss: -0.01870369166135788
Step: 4841472	Mean reward: 19.71875	 Loss: 0.033231042325496674
Step: 4849664	Mean reward: 22.28125	 Loss: -0.05638172850012779
Step: 4857856	Mean reward: 22.625	 Loss: -0.016112133860588074
Step: 4866048	Mean reward: 22.34375	 Loss: -0.08345857262611389
Step: 4874240	Mean reward: 20.53125	 Loss: 0.019771378487348557
Step: 4882432	Mean reward: 22.0625	 Loss: 0.032520439475774765
Step: 4890624	Mean reward: 21.84375	 Loss: -0.04483523592352867
Step: 4898816	Mean reward: 20.4375	 Loss: 0.048001013696193695
Step: 4907008	Mean reward: 20.1875	 Loss: -0.025691932067275047
Step: 4915200	Mean reward: 20.5	 Loss: -0.0712563768029213
Step: 4923392	Mean reward: 20.90625	 Loss: 0.006280058063566685
Step: 4931584	Mean reward: 21.15625	 Loss: 0.0018193712458014488
Step: 4939776	Mean reward: 22.0	 Loss: -0.03206265717744827
Step: 4947968	Mean reward: 21.28125	 Loss: 0.029214538633823395
Step: 4956160	Mean reward: 21.71875	 Loss: 0.028532464057207108
Step: 4964352	Mean reward: 21.40625	 Loss: 0.08676424622535706
Step: 4972544	Mean reward: 20.6875	 Loss: 0.029903430491685867
Step: 4980736	Mean reward: 22.28125	 Loss: -0.0162064041942358
Step: 4988928	Mean reward: 20.875	 Loss: -0.044991400092840195
Step: 4997120	Mean reward: 22.1875	 Loss: -0.0034669525921344757
Step: 5005312	Mean reward: 21.34375	 Loss: 0.030468275770545006
Step: 5013504	Mean reward: 20.625	 Loss: 0.025651492178440094
Step: 5021696	Mean reward: 20.375	 Loss: -0.00602091196924448
Step: 5029888	Mean reward: 20.4375	 Loss: -0.07398258149623871
Step: 5038080	Mean reward: 21.09375	 Loss: -0.03731028735637665
Step: 5046272	Mean reward: 21.875	 Loss: 0.12040053308010101
Step: 5054464	Mean reward: 20.71875	 Loss: 0.02312854491174221
Step: 5062656	Mean reward: 21.5	 Loss: 0.027757681906223297
Step: 5070848	Mean reward: 20.65625	 Loss: 0.0006070109084248543
Step: 5079040	Mean reward: 21.78125	 Loss: 0.007589850574731827
Step: 5087232	Mean reward: 21.3125	 Loss: 0.012737495824694633
Step: 5095424	Mean reward: 22.09375	 Loss: 0.020625794306397438
Step: 5103616	Mean reward: 20.34375	 Loss: 0.026771467179059982
Step: 5111808	Mean reward: 20.5	 Loss: 0.04510477930307388
Step: 5120000	Mean reward: 21.5	 Loss: -0.08155851811170578
Step: 5128192	Mean reward: 22.03125	 Loss: -0.02329113706946373
Step: 5136384	Mean reward: 21.59375	 Loss: 0.015475603751838207
Step: 5144576	Mean reward: 22.25	 Loss: 0.01946103572845459
Step: 5152768	Mean reward: 22.46875	 Loss: 0.008554707281291485
Step: 5160960	Mean reward: 20.90625	 Loss: 0.05230541154742241
Step: 5169152	Mean reward: 20.78125	 Loss: 0.012607034295797348
Step: 5177344	Mean reward: 21.34375	 Loss: -0.027781037613749504
Step: 5185536	Mean reward: 23.0625	 Loss: 0.012260356917977333
Step: 5193728	Mean reward: 19.90625	 Loss: -0.04714282974600792
Step: 5201920	Mean reward: 22.28125	 Loss: 0.022117244079709053
Step: 5210112	Mean reward: 19.375	 Loss: -0.03333315998315811
Step: 5218304	Mean reward: 19.6875	 Loss: -0.024197421967983246
Step: 5226496	Mean reward: 23.09375	 Loss: -0.0031923865899443626
Step: 5234688	Mean reward: 21.71875	 Loss: -0.00581240002065897
Step: 5242880	Mean reward: 20.5625	 Loss: -0.05702719837427139
Step: 5251072	Mean reward: 21.0	 Loss: 0.0011307718232274055
Step: 5259264	Mean reward: 22.46875	 Loss: -0.03496773913502693
Step: 5267456	Mean reward: 22.125	 Loss: 0.006171370856463909
Step: 5275648	Mean reward: 21.625	 Loss: -0.06051575765013695
Step: 5283840	Mean reward: 21.1875	 Loss: -0.011601037345826626
Step: 5292032	Mean reward: 22.6875	 Loss: -0.005227350629866123
Step: 5300224	Mean reward: 20.0	 Loss: 0.035611916333436966
Step: 5308416	Mean reward: 22.375	 Loss: -0.00028917379677295685
Step: 5316608	Mean reward: 21.71875	 Loss: -0.025602150708436966
Step: 5324800	Mean reward: 23.03125	 Loss: 0.020553965121507645
Step: 5332992	Mean reward: 21.5625	 Loss: -0.08491362631320953
Step: 5341184	Mean reward: 22.28125	 Loss: -0.025646161288022995
Step: 5349376	Mean reward: 23.8125	 Loss: -0.06711325794458389
Step: 5357568	Mean reward: 22.3125	 Loss: -0.031371768563985825
Step: 5365760	Mean reward: 22.09375	 Loss: -0.005277587100863457
Step: 5373952	Mean reward: 21.34375	 Loss: -0.052597664296627045
Step: 5382144	Mean reward: 22.375	 Loss: -0.0034551816061139107
Step: 5390336	Mean reward: 20.5625	 Loss: 0.0280793197453022
Step: 5398528	Mean reward: 20.5	 Loss: -0.02014930546283722
Step: 5406720	Mean reward: 20.6875	 Loss: 0.03527109697461128
Step: 5414912	Mean reward: 21.75	 Loss: -0.029199523851275444
Step: 5423104	Mean reward: 21.40625	 Loss: 0.03037198632955551
Step: 5431296	Mean reward: 23.53125	 Loss: -0.004340273328125477
Step: 5439488	Mean reward: 21.3125	 Loss: -0.02228722907602787
Step: 5447680	Mean reward: 20.5625	 Loss: -0.006768457591533661
Step: 5455872	Mean reward: 20.03125	 Loss: -0.07758037000894547
Step: 5464064	Mean reward: 20.78125	 Loss: -0.012766133062541485
Step: 5472256	Mean reward: 20.4375	 Loss: 0.03677605837583542
Step: 5480448	Mean reward: 22.03125	 Loss: -0.03313526511192322
Step: 5488640	Mean reward: 20.59375	 Loss: -0.0010360293090343475
Step: 5496832	Mean reward: 21.3125	 Loss: 0.02869928814470768
Step: 5505024	Mean reward: 20.84375	 Loss: -0.04157818853855133
Step: 5513216	Mean reward: 21.15625	 Loss: -0.022419046610593796
Step: 5521408	Mean reward: 21.375	 Loss: 0.037192586809396744
Step: 5529600	Mean reward: 22.5625	 Loss: -0.05730181559920311
Step: 5537792	Mean reward: 20.53125	 Loss: -0.042451489716768265
Step: 5545984	Mean reward: 22.0625	 Loss: -0.0606125146150589
Step: 5554176	Mean reward: 19.9375	 Loss: 0.010803211480379105
Step: 5562368	Mean reward: 20.71875	 Loss: -0.0698104053735733
Step: 5570560	Mean reward: 22.78125	 Loss: -0.02692829631268978
Step: 5578752	Mean reward: 20.21875	 Loss: -0.030239451676607132
Step: 5586944	Mean reward: 20.78125	 Loss: -0.012652740813791752
Step: 5595136	Mean reward: 21.125	 Loss: 0.06603482365608215
Step: 5603328	Mean reward: 20.03125	 Loss: -0.03947996348142624
Step: 5611520	Mean reward: 21.1875	 Loss: 0.01782720535993576
Step: 5619712	Mean reward: 21.59375	 Loss: -0.07308060675859451
Step: 5627904	Mean reward: 21.4375	 Loss: -0.004951983690261841
Step: 5636096	Mean reward: 23.46875	 Loss: 0.03386768698692322
Step: 5644288	Mean reward: 23.15625	 Loss: -0.04170006513595581
Step: 5652480	Mean reward: 22.3125	 Loss: -0.004513469524681568
Step: 5660672	Mean reward: 21.625	 Loss: 0.03282742202281952
Step: 5668864	Mean reward: 22.25	 Loss: -0.022808503359556198
Step: 5677056	Mean reward: 20.5	 Loss: 0.01898135617375374
Step: 5685248	Mean reward: 20.78125	 Loss: -0.00014869868755340576
Step: 5693440	Mean reward: 19.8125	 Loss: 0.02273745834827423
Step: 5701632	Mean reward: 22.0625	 Loss: -0.11625566333532333
Step: 5709824	Mean reward: 20.96875	 Loss: -0.0811472162604332
Step: 5718016	Mean reward: 20.3125	 Loss: 0.029216716066002846
Step: 5726208	Mean reward: 19.875	 Loss: -0.06358681619167328
Step: 5734400	Mean reward: 21.34375	 Loss: -0.02724887803196907
Step: 5742592	Mean reward: 20.5	 Loss: -0.056968361139297485
Step: 5750784	Mean reward: 21.65625	 Loss: -0.012233143672347069
Step: 5758976	Mean reward: 21.21875	 Loss: -0.02010810375213623
Step: 5767168	Mean reward: 22.78125	 Loss: 0.05853066220879555
Step: 5775360	Mean reward: 21.25	 Loss: 0.0023809578269720078
Step: 5783552	Mean reward: 20.3125	 Loss: 0.05950736254453659
Step: 5791744	Mean reward: 21.0625	 Loss: 0.04390973597764969
Step: 5799936	Mean reward: 22.875	 Loss: -0.14984914660453796
Step: 5808128	Mean reward: 21.6875	 Loss: 0.07098674774169922
Step: 5816320	Mean reward: 22.0625	 Loss: -0.013281936757266521
Step: 5824512	Mean reward: 22.09375	 Loss: 0.05622470751404762
Step: 5832704	Mean reward: 23.875	 Loss: -0.12159938365221024
Step: 5840896	Mean reward: 22.375	 Loss: 0.02613075077533722
Step: 5849088	Mean reward: 20.8125	 Loss: 0.039489440619945526
Step: 5857280	Mean reward: 22.5	 Loss: 0.03612644970417023
Step: 5865472	Mean reward: 20.75	 Loss: 0.044107403606176376
Step: 5873664	Mean reward: 21.28125	 Loss: 0.04273967444896698
Step: 5881856	Mean reward: 21.1875	 Loss: -0.010767905041575432
Step: 5890048	Mean reward: 22.59375	 Loss: 0.001400042325258255
Step: 5898240	Mean reward: 23.0625	 Loss: -0.019190067425370216
Step: 5906432	Mean reward: 20.8125	 Loss: -0.08569695800542831
Step: 5914624	Mean reward: 21.96875	 Loss: -0.04359803348779678
Step: 5922816	Mean reward: 21.46875	 Loss: 0.03376990184187889
Step: 5931008	Mean reward: 20.40625	 Loss: -0.005873166956007481
Step: 5939200	Mean reward: 22.71875	 Loss: -0.031638771295547485
Step: 5947392	Mean reward: 20.5	 Loss: 0.024272236973047256
Step: 5955584	Mean reward: 21.96875	 Loss: 0.08652952313423157
Step: 5963776	Mean reward: 21.5625	 Loss: -0.046371426433324814
Step: 5971968	Mean reward: 21.9375	 Loss: 0.015237589366734028
Step: 5980160	Mean reward: 20.625	 Loss: 0.012680883519351482
Step: 5988352	Mean reward: 21.75	 Loss: -0.008265674114227295
Step: 5996544	Mean reward: 22.78125	 Loss: 0.04593275487422943
Step: 6004736	Mean reward: 22.0	 Loss: -0.04453829303383827
Step: 6012928	Mean reward: 21.8125	 Loss: 0.017178721725940704
Step: 6021120	Mean reward: 21.71875	 Loss: 0.02656611241400242
Step: 6029312	Mean reward: 21.375	 Loss: 0.0941879078745842
Step: 6037504	Mean reward: 21.3125	 Loss: -0.06131865456700325
Step: 6045696	Mean reward: 22.90625	 Loss: 0.012422901578247547
Step: 6053888	Mean reward: 20.96875	 Loss: 0.02871273271739483
Step: 6062080	Mean reward: 21.96875	 Loss: -0.044465336948633194
Step: 6070272	Mean reward: 21.0625	 Loss: -0.001825300045311451
Step: 6078464	Mean reward: 21.90625	 Loss: -0.1129152849316597
Step: 6086656	Mean reward: 20.8125	 Loss: -0.03541317209601402
Step: 6094848	Mean reward: 21.59375	 Loss: 0.07103800773620605
Step: 6103040	Mean reward: 22.09375	 Loss: -0.01514581497758627
Step: 6111232	Mean reward: 21.96875	 Loss: -0.01022387109696865
Step: 6119424	Mean reward: 20.90625	 Loss: -0.03299194574356079
Step: 6127616	Mean reward: 20.5	 Loss: -0.07839920371770859
Step: 6135808	Mean reward: 21.96875	 Loss: -0.028399500995874405
Step: 6144000	Mean reward: 20.5	 Loss: -0.0063766492530703545
Step: 6152192	Mean reward: 20.59375	 Loss: -0.018390793353319168
Step: 6160384	Mean reward: 22.40625	 Loss: -0.036328501999378204
Step: 6168576	Mean reward: 22.40625	 Loss: 0.03562837839126587
Step: 6176768	Mean reward: 20.90625	 Loss: 0.034562256187200546
Step: 6184960	Mean reward: 20.40625	 Loss: -0.02312202751636505
Step: 6193152	Mean reward: 21.34375	 Loss: -0.09031285345554352
Step: 6201344	Mean reward: 21.4375	 Loss: -0.031355470418930054
Step: 6209536	Mean reward: 21.53125	 Loss: -0.048454590141773224
Step: 6217728	Mean reward: 20.21875	 Loss: -0.06873541325330734
Step: 6225920	Mean reward: 22.21875	 Loss: 0.018435370177030563
Step: 6234112	Mean reward: 20.65625	 Loss: 0.018561972305178642
Step: 6242304	Mean reward: 21.25	 Loss: -0.015231766737997532
Step: 6250496	Mean reward: 21.375	 Loss: 0.03488878533244133
Step: 6258688	Mean reward: 22.28125	 Loss: -0.0419812835752964
Step: 6266880	Mean reward: 24.0625	 Loss: -0.013893167488276958
Step: 6275072	Mean reward: 22.0625	 Loss: 0.028852542862296104
Step: 6283264	Mean reward: 21.28125	 Loss: -0.015306607820093632
Step: 6291456	Mean reward: 21.9375	 Loss: -0.04655611887574196
Step: 6299648	Mean reward: 20.5625	 Loss: 0.04643305391073227
Step: 6307840	Mean reward: 20.78125	 Loss: 0.029972506687045097
Step: 6316032	Mean reward: 21.65625	 Loss: -0.012305526062846184
Step: 6324224	Mean reward: 22.21875	 Loss: 0.13040009140968323
Step: 6332416	Mean reward: 20.90625	 Loss: -0.011467664502561092
Step: 6340608	Mean reward: 20.71875	 Loss: -0.039578408002853394
Step: 6348800	Mean reward: 22.3125	 Loss: -0.03563777357339859
Step: 6356992	Mean reward: 19.09375	 Loss: -0.03149765357375145
Step: 6365184	Mean reward: 20.21875	 Loss: -0.06766033172607422
Step: 6373376	Mean reward: 21.53125	 Loss: -0.02746041864156723
Step: 6381568	Mean reward: 21.625	 Loss: 0.033501964062452316
Step: 6389760	Mean reward: 20.28125	 Loss: -0.09411129355430603
Step: 6397952	Mean reward: 20.6875	 Loss: -0.03197891637682915
Step: 6406144	Mean reward: 20.6875	 Loss: -0.0021930383518338203
Step: 6414336	Mean reward: 23.03125	 Loss: -0.0314711295068264
Step: 6422528	Mean reward: 20.78125	 Loss: -0.04528006166219711
Step: 6430720	Mean reward: 20.65625	 Loss: -0.03217397630214691
Step: 6438912	Mean reward: 20.125	 Loss: 0.0404021218419075
Step: 6447104	Mean reward: 24.1875	 Loss: 0.03503807261586189
Step: 6455296	Mean reward: 21.5625	 Loss: 0.022115174680948257
Step: 6463488	Mean reward: 22.21875	 Loss: -0.07783030718564987
Step: 6471680	Mean reward: 21.875	 Loss: -0.023889120668172836
Step: 6479872	Mean reward: 21.5625	 Loss: -0.06069864332675934
Step: 6488064	Mean reward: 21.34375	 Loss: -0.002590484917163849
Step: 6496256	Mean reward: 20.25	 Loss: -0.048436086624860764
Step: 6504448	Mean reward: 21.25	 Loss: 0.02792356163263321
Step: 6512640	Mean reward: 20.78125	 Loss: -0.09278275072574615
Step: 6520832	Mean reward: 21.59375	 Loss: 0.01618955470621586
Step: 6529024	Mean reward: 20.875	 Loss: -0.06160520762205124
Step: 6537216	Mean reward: 22.15625	 Loss: -0.0118221091106534
Step: 6545408	Mean reward: 21.71875	 Loss: -0.007578539662063122
Step: 6553600	Mean reward: 21.65625	 Loss: 3.798678517341614e-05
Step: 6561792	Mean reward: 20.8125	 Loss: 0.0284087136387825
Step: 6569984	Mean reward: 21.125	 Loss: 0.013001708313822746
Step: 6578176	Mean reward: 21.0625	 Loss: -0.03969593718647957
Step: 6586368	Mean reward: 20.6875	 Loss: -0.07746769487857819
Step: 6594560	Mean reward: 24.65625	 Loss: 0.06401211023330688
Step: 6602752	Mean reward: 22.5625	 Loss: -0.07026955485343933
Step: 6610944	Mean reward: 20.78125	 Loss: 0.022758854553103447
Step: 6619136	Mean reward: 21.46875	 Loss: 0.006208276376128197
Step: 6627328	Mean reward: 21.1875	 Loss: -0.06131131947040558
Step: 6635520	Mean reward: 21.5	 Loss: -0.016220472753047943
Step: 6643712	Mean reward: 22.9375	 Loss: 0.02067747712135315
Step: 6651904	Mean reward: 19.9375	 Loss: -0.08193890750408173
Step: 6660096	Mean reward: 22.9375	 Loss: -4.9765221774578094e-05
Step: 6668288	Mean reward: 22.71875	 Loss: 0.013614115305244923
Step: 6676480	Mean reward: 21.65625	 Loss: 0.014610876329243183
Step: 6684672	Mean reward: 22.09375	 Loss: -0.0016473447903990746
Step: 6692864	Mean reward: 20.71875	 Loss: 0.03460131585597992
Step: 6701056	Mean reward: 21.53125	 Loss: -0.06626050174236298
Step: 6709248	Mean reward: 22.90625	 Loss: 0.04186946153640747
Step: 6717440	Mean reward: 21.96875	 Loss: 0.021996788680553436
Step: 6725632	Mean reward: 22.71875	 Loss: -0.057741280645132065
Step: 6733824	Mean reward: 19.75	 Loss: 0.041536346077919006
Step: 6742016	Mean reward: 22.375	 Loss: 0.016643546521663666
Step: 6750208	Mean reward: 20.65625	 Loss: -0.039056677371263504
Step: 6758400	Mean reward: 22.53125	 Loss: -0.030563484877347946
Step: 6766592	Mean reward: 20.09375	 Loss: -0.03665526583790779
Step: 6774784	Mean reward: 19.9375	 Loss: 0.03764399141073227
Step: 6782976	Mean reward: 20.34375	 Loss: 0.0006791520863771439
Step: 6791168	Mean reward: 21.78125	 Loss: 0.018350549042224884
Step: 6799360	Mean reward: 22.0625	 Loss: -0.03590484708547592
Step: 6807552	Mean reward: 21.875	 Loss: 0.00046563800424337387
Step: 6815744	Mean reward: 21.84375	 Loss: 0.04507380723953247
Step: 6823936	Mean reward: 20.75	 Loss: -0.05298035964369774
Step: 6832128	Mean reward: 21.15625	 Loss: -0.03983820229768753
Step: 6840320	Mean reward: 22.90625	 Loss: 0.00025298818945884705
Step: 6848512	Mean reward: 22.1875	 Loss: -0.027643244713544846
Step: 6856704	Mean reward: 22.375	 Loss: -0.11039076745510101
Step: 6864896	Mean reward: 23.75	 Loss: -0.03132675960659981
Step: 6873088	Mean reward: 21.71875	 Loss: -0.04313214123249054
Step: 6881280	Mean reward: 21.09375	 Loss: 0.011411920189857483
Step: 6889472	Mean reward: 21.59375	 Loss: -0.059145309031009674
Step: 6897664	Mean reward: 21.4375	 Loss: 0.010442632250487804
Step: 6905856	Mean reward: 22.28125	 Loss: 0.0158214308321476
Step: 6914048	Mean reward: 23.21875	 Loss: 0.10048019140958786
Step: 6922240	Mean reward: 20.21875	 Loss: 0.06699049472808838
Step: 6930432	Mean reward: 22.9375	 Loss: -0.01223010290414095
Step: 6938624	Mean reward: 20.03125	 Loss: -0.05063473805785179
Step: 6946816	Mean reward: 22.03125	 Loss: 0.0006566531956195831
Step: 6955008	Mean reward: 22.59375	 Loss: -0.02623840421438217
Step: 6963200	Mean reward: 22.125	 Loss: 0.006716975010931492
Step: 6971392	Mean reward: 23.21875	 Loss: 0.015650177374482155
Step: 6979584	Mean reward: 22.53125	 Loss: -0.05685427784919739
Step: 6987776	Mean reward: 21.4375	 Loss: -0.058489590883255005
Step: 6995968	Mean reward: 23.125	 Loss: -0.011228887364268303
Step: 7004160	Mean reward: 21.84375	 Loss: -0.029412891715765
Step: 7012352	Mean reward: 22.53125	 Loss: -0.07707968354225159
Step: 7020544	Mean reward: 22.96875	 Loss: -0.041227154433727264
Step: 7028736	Mean reward: 21.40625	 Loss: 0.03388471156358719
Step: 7036928	Mean reward: 21.3125	 Loss: 0.011467447504401207
Step: 7045120	Mean reward: 20.625	 Loss: 0.12306805700063705
Step: 7053312	Mean reward: 20.75	 Loss: 0.03663124889135361
Step: 7061504	Mean reward: 21.0	 Loss: -0.08472537994384766
Step: 7069696	Mean reward: 20.1875	 Loss: 0.013890578411519527
Step: 7077888	Mean reward: 23.5625	 Loss: -0.026417747139930725
Step: 7086080	Mean reward: 21.53125	 Loss: -0.0389631949365139
Step: 7094272	Mean reward: 23.1875	 Loss: 0.007493496872484684
Step: 7102464	Mean reward: 21.15625	 Loss: -0.046706270426511765
Step: 7110656	Mean reward: 20.59375	 Loss: -0.05449405312538147
Step: 7118848	Mean reward: 21.9375	 Loss: -0.09749257564544678
Step: 7127040	Mean reward: 21.6875	 Loss: -0.056568693369627
Step: 7135232	Mean reward: 21.21875	 Loss: -0.03707105293869972
Step: 7143424	Mean reward: 20.59375	 Loss: 0.07288790494203568
Step: 7151616	Mean reward: 23.0625	 Loss: -0.055631123483181
Step: 7159808	Mean reward: 21.625	 Loss: 0.025938695296645164
Step: 7168000	Mean reward: 21.6875	 Loss: 0.04392116144299507
Step: 7176192	Mean reward: 22.1875	 Loss: -0.0365152582526207
Step: 7184384	Mean reward: 22.625	 Loss: 0.054398611187934875
Step: 7192576	Mean reward: 21.46875	 Loss: 0.027145706117153168
Step: 7200768	Mean reward: 20.40625	 Loss: 0.015159329399466515
Step: 7208960	Mean reward: 21.4375	 Loss: 0.06262025237083435
Step: 7217152	Mean reward: 23.59375	 Loss: 0.051867708563804626
Step: 7225344	Mean reward: 22.46875	 Loss: 0.037439607083797455
Step: 7233536	Mean reward: 23.40625	 Loss: 0.018921807408332825
Step: 7241728	Mean reward: 22.5625	 Loss: -0.02358761429786682
Step: 7249920	Mean reward: 22.0	 Loss: -0.02456701546907425
Step: 7258112	Mean reward: 21.59375	 Loss: 0.02043171040713787
Step: 7266304	Mean reward: 22.75	 Loss: -0.037183910608291626
Step: 7274496	Mean reward: 22.21875	 Loss: 0.009804317727684975
Step: 7282688	Mean reward: 22.96875	 Loss: 0.015543813817203045
Step: 7290880	Mean reward: 22.125	 Loss: -0.019282739609479904
Step: 7299072	Mean reward: 23.0625	 Loss: -0.04816844314336777
Step: 7307264	Mean reward: 22.3125	 Loss: 0.025088414549827576
Step: 7315456	Mean reward: 21.5625	 Loss: -0.03740847110748291
Step: 7323648	Mean reward: 19.4375	 Loss: -0.0509495809674263
Step: 7331840	Mean reward: 23.6875	 Loss: 0.043531887233257294
Step: 7340032	Mean reward: 22.46875	 Loss: -0.01962408423423767
Step: 7348224	Mean reward: 21.5625	 Loss: -0.03109944611787796
Step: 7356416	Mean reward: 23.625	 Loss: -0.047435861080884933
Step: 7364608	Mean reward: 22.125	 Loss: -0.043039847165346146
Step: 7372800	Mean reward: 20.9375	 Loss: 0.030590353533625603
Step: 7380992	Mean reward: 20.71875	 Loss: 0.014469458721578121
Step: 7389184	Mean reward: 21.5	 Loss: -0.021229321137070656
Step: 7397376	Mean reward: 22.34375	 Loss: 0.006830583326518536
Step: 7405568	Mean reward: 20.6875	 Loss: -0.013835745863616467
Step: 7413760	Mean reward: 22.71875	 Loss: 0.005843776278197765
Step: 7421952	Mean reward: 21.96875	 Loss: -0.007871832698583603
Step: 7430144	Mean reward: 21.34375	 Loss: -0.08586248755455017
Step: 7438336	Mean reward: 23.25	 Loss: 0.027709122747182846
Step: 7446528	Mean reward: 23.09375	 Loss: -0.04443320259451866
Step: 7454720	Mean reward: 22.78125	 Loss: -0.02374984323978424
Step: 7462912	Mean reward: 21.9375	 Loss: -0.025784548372030258
Step: 7471104	Mean reward: 21.875	 Loss: -0.033844929188489914
Step: 7479296	Mean reward: 21.46875	 Loss: -0.059186406433582306
Step: 7487488	Mean reward: 23.03125	 Loss: -0.04553329944610596
Step: 7495680	Mean reward: 23.46875	 Loss: 0.020175371319055557
Step: 7503872	Mean reward: 21.4375	 Loss: -0.015970945358276367
Step: 7512064	Mean reward: 21.5	 Loss: -0.04741166532039642
Step: 7520256	Mean reward: 21.90625	 Loss: 0.02546532452106476
Step: 7528448	Mean reward: 22.3125	 Loss: -0.05124540627002716
Step: 7536640	Mean reward: 21.8125	 Loss: 0.01785600557923317
Step: 7544832	Mean reward: 23.40625	 Loss: 0.02455086261034012
Step: 7553024	Mean reward: 22.96875	 Loss: -0.011325448751449585
Step: 7561216	Mean reward: 22.09375	 Loss: -0.10574961453676224
Step: 7569408	Mean reward: 22.21875	 Loss: 0.03820408508181572
Step: 7577600	Mean reward: 22.125	 Loss: 0.020009547472000122
Step: 7585792	Mean reward: 22.96875	 Loss: -0.0006395690143108368
Step: 7593984	Mean reward: 21.75	 Loss: 0.026986632496118546
Step: 7602176	Mean reward: 21.21875	 Loss: 0.021350812166929245
Step: 7610368	Mean reward: 21.25	 Loss: 0.0024605831131339073
Step: 7618560	Mean reward: 22.3125	 Loss: -0.07135842740535736
Step: 7626752	Mean reward: 22.9375	 Loss: -0.0388210192322731
Step: 7634944	Mean reward: 21.9375	 Loss: -0.028747521340847015
Step: 7643136	Mean reward: 20.6875	 Loss: -0.02633591741323471
Step: 7651328	Mean reward: 21.90625	 Loss: -0.051669832319021225
Step: 7659520	Mean reward: 20.59375	 Loss: 0.0396357960999012
Step: 7667712	Mean reward: 22.0	 Loss: -0.030614230781793594
Step: 7675904	Mean reward: 20.03125	 Loss: -0.07275661081075668
Step: 7684096	Mean reward: 21.0	 Loss: -0.006024105474352837
Step: 7692288	Mean reward: 22.5625	 Loss: 0.0020028231665492058
Step: 7700480	Mean reward: 21.65625	 Loss: -0.0064275069162249565
Step: 7708672	Mean reward: 21.3125	 Loss: 0.03777464106678963
Step: 7716864	Mean reward: 21.5	 Loss: -0.08075235784053802
Step: 7725056	Mean reward: 22.09375	 Loss: -0.008786523714661598
Step: 7733248	Mean reward: 20.25	 Loss: -0.07422836869955063
Step: 7741440	Mean reward: 22.46875	 Loss: 0.015571752563118935
Step: 7749632	Mean reward: 20.90625	 Loss: -0.08433151990175247
Step: 7757824	Mean reward: 22.78125	 Loss: -0.038613803684711456
Step: 7766016	Mean reward: 20.15625	 Loss: -0.04974687844514847
Step: 7774208	Mean reward: 21.3125	 Loss: -0.024105409160256386
Step: 7782400	Mean reward: 21.4375	 Loss: -0.08628587424755096
Step: 7790592	Mean reward: 20.96875	 Loss: 0.05406752973794937
Step: 7798784	Mean reward: 22.59375	 Loss: -0.005667015910148621
Step: 7806976	Mean reward: 22.25	 Loss: 0.013728851452469826
Step: 7815168	Mean reward: 21.90625	 Loss: 0.012014193460345268
Step: 7823360	Mean reward: 22.3125	 Loss: 0.022353295236825943
Step: 7831552	Mean reward: 20.25	 Loss: -0.057071149349212646
Step: 7839744	Mean reward: 22.875	 Loss: 0.011010929010808468
Step: 7847936	Mean reward: 22.125	 Loss: -0.03156878054141998
Step: 7856128	Mean reward: 22.625	 Loss: 0.032124053686857224
Step: 7864320	Mean reward: 23.0625	 Loss: -0.025186654180288315
Step: 7872512	Mean reward: 19.9375	 Loss: 0.022045250982046127
Step: 7880704	Mean reward: 21.96875	 Loss: -0.07913903146982193
Step: 7888896	Mean reward: 22.5	 Loss: -0.016282249242067337
Step: 7897088	Mean reward: 21.8125	 Loss: 0.01660984754562378
Step: 7905280	Mean reward: 23.125	 Loss: -0.015427895821630955
Step: 7913472	Mean reward: 23.8125	 Loss: -0.0011987322941422462
Step: 7921664	Mean reward: 21.90625	 Loss: -0.007821854203939438
Step: 7929856	Mean reward: 21.71875	 Loss: -0.024175647646188736
Step: 7938048	Mean reward: 21.09375	 Loss: -0.013408901169896126
Step: 7946240	Mean reward: 21.03125	 Loss: -0.039155013859272
Step: 7954432	Mean reward: 22.3125	 Loss: -0.039129361510276794
Step: 7962624	Mean reward: 22.3125	 Loss: -0.020898040384054184
Step: 7970816	Mean reward: 21.34375	 Loss: -0.01767931692302227
Step: 7979008	Mean reward: 21.8125	 Loss: 0.07612619549036026
Step: 7987200	Mean reward: 20.71875	 Loss: 0.004000106826424599
Step: 7995392	Mean reward: 21.34375	 Loss: -0.041527748107910156
Step: 8003584	Mean reward: 21.84375	 Loss: 0.025328263640403748
Completed training at 2021-12-05 21:37:13
