Training PPO 1 with the following parameter dict:
{'total_steps': 4000000.0, 'num_envs': 32, 'num_steps': 256, 'num_levels': 200, 'num_epochs': 3, 'batch_size': 512, 'eps': 0.2, 'grad_eps': 0.5, 'value_coef': 0.5, 'entropy_coef': 0.01, 'c1': 0.5, 'c2': 0.01, 'num_actions': 15, 'in_channels': 3, 'feature_dim': 64, 'env_name': 'starpilot', 'use_background': False}
non stabelized  ppo
Observation space: Box([[[0. 0. 0. ... 0. 0. 0.]
  [0. 0. 0. ... 0. 0. 0.]
  [0. 0. 0. ... 0. 0. 0.]
  ...
  [0. 0. 0. ... 0. 0. 0.]
  [0. 0. 0. ... 0. 0. 0.]
  [0. 0. 0. ... 0. 0. 0.]]

 [[0. 0. 0. ... 0. 0. 0.]
  [0. 0. 0. ... 0. 0. 0.]
  [0. 0. 0. ... 0. 0. 0.]
  ...
  [0. 0. 0. ... 0. 0. 0.]
  [0. 0. 0. ... 0. 0. 0.]
  [0. 0. 0. ... 0. 0. 0.]]

 [[0. 0. 0. ... 0. 0. 0.]
  [0. 0. 0. ... 0. 0. 0.]
  [0. 0. 0. ... 0. 0. 0.]
  ...
  [0. 0. 0. ... 0. 0. 0.]
  [0. 0. 0. ... 0. 0. 0.]
  [0. 0. 0. ... 0. 0. 0.]]], [[[1. 1. 1. ... 1. 1. 1.]
  [1. 1. 1. ... 1. 1. 1.]
  [1. 1. 1. ... 1. 1. 1.]
  ...
  [1. 1. 1. ... 1. 1. 1.]
  [1. 1. 1. ... 1. 1. 1.]
  [1. 1. 1. ... 1. 1. 1.]]

 [[1. 1. 1. ... 1. 1. 1.]
  [1. 1. 1. ... 1. 1. 1.]
  [1. 1. 1. ... 1. 1. 1.]
  ...
  [1. 1. 1. ... 1. 1. 1.]
  [1. 1. 1. ... 1. 1. 1.]
  [1. 1. 1. ... 1. 1. 1.]]

 [[1. 1. 1. ... 1. 1. 1.]
  [1. 1. 1. ... 1. 1. 1.]
  [1. 1. 1. ... 1. 1. 1.]
  ...
  [1. 1. 1. ... 1. 1. 1.]
  [1. 1. 1. ... 1. 1. 1.]
  [1. 1. 1. ... 1. 1. 1.]]], (3, 64, 64), float32)
Action space: 15
Step: 8192	Mean reward: 4.375	 Loss: 0.3466300666332245
Step: 16384	Mean reward: 4.25	 Loss: 0.07377659529447556
Step: 24576	Mean reward: 4.9375	 Loss: 0.05749916285276413
Step: 32768	Mean reward: 6.40625	 Loss: 0.17156299948692322
Step: 40960	Mean reward: 6.53125	 Loss: 0.03999984264373779
Step: 49152	Mean reward: 7.1875	 Loss: 0.1511385142803192
Step: 57344	Mean reward: 7.53125	 Loss: 0.14273029565811157
Step: 65536	Mean reward: 7.15625	 Loss: 0.035295434296131134
Step: 73728	Mean reward: 7.5625	 Loss: 0.09381797909736633
Step: 81920	Mean reward: 7.5625	 Loss: -0.00619979202747345
Step: 90112	Mean reward: 7.15625	 Loss: 0.019426092505455017
Step: 98304	Mean reward: 6.34375	 Loss: 0.08817913383245468
Step: 106496	Mean reward: 8.0625	 Loss: 0.11895634979009628
Step: 114688	Mean reward: 7.5625	 Loss: 0.04088670760393143
Step: 122880	Mean reward: 8.9375	 Loss: 0.03573918342590332
Step: 131072	Mean reward: 7.65625	 Loss: 0.05737137794494629
Step: 139264	Mean reward: 8.6875	 Loss: 0.08945389091968536
Step: 147456	Mean reward: 9.375	 Loss: 0.07588470727205276
Step: 155648	Mean reward: 8.0	 Loss: 0.12242739647626877
Step: 163840	Mean reward: 7.65625	 Loss: 0.02047547698020935
Step: 172032	Mean reward: 8.15625	 Loss: -0.001879887655377388
Step: 180224	Mean reward: 8.65625	 Loss: 0.031985048204660416
Step: 188416	Mean reward: 8.25	 Loss: 0.06341680884361267
Step: 196608	Mean reward: 8.40625	 Loss: 0.04204816743731499
Step: 204800	Mean reward: 7.1875	 Loss: -0.007822008803486824
Step: 212992	Mean reward: 9.375	 Loss: 0.04632283002138138
Step: 221184	Mean reward: 9.1875	 Loss: 0.045924536883831024
Step: 229376	Mean reward: 7.65625	 Loss: -0.06693433225154877
Step: 237568	Mean reward: 8.65625	 Loss: 0.12088236957788467
Step: 245760	Mean reward: 8.0625	 Loss: 0.08223167061805725
Step: 253952	Mean reward: 8.625	 Loss: 0.04512257128953934
Step: 262144	Mean reward: 8.09375	 Loss: -0.00931556336581707
Step: 270336	Mean reward: 9.15625	 Loss: 0.05237223207950592
Step: 278528	Mean reward: 9.15625	 Loss: 0.08705498278141022
Step: 286720	Mean reward: 8.84375	 Loss: -0.06916439533233643
Step: 294912	Mean reward: 10.5	 Loss: 0.09057480096817017
Step: 303104	Mean reward: 8.78125	 Loss: 0.05576285719871521
Step: 311296	Mean reward: 8.71875	 Loss: 0.051072098314762115
Step: 319488	Mean reward: 9.875	 Loss: 0.04137835651636124
Step: 327680	Mean reward: 8.0625	 Loss: 0.029182342812418938
Step: 335872	Mean reward: 8.71875	 Loss: 0.10410912334918976
Step: 344064	Mean reward: 10.8125	 Loss: 0.04497571289539337
Step: 352256	Mean reward: 10.40625	 Loss: 0.07498360425233841
Step: 360448	Mean reward: 8.4375	 Loss: 0.03320501744747162
Step: 368640	Mean reward: 8.15625	 Loss: 0.05587407946586609
Step: 376832	Mean reward: 9.125	 Loss: 0.028275521472096443
Step: 385024	Mean reward: 9.5625	 Loss: 0.04056934267282486
Step: 393216	Mean reward: 10.6875	 Loss: 0.006456464529037476
Step: 401408	Mean reward: 10.75	 Loss: 0.05680990591645241
Step: 409600	Mean reward: 11.0625	 Loss: 0.043048083782196045
Step: 417792	Mean reward: 11.4375	 Loss: 0.04040980339050293
Step: 425984	Mean reward: 10.375	 Loss: -0.03558553010225296
Step: 434176	Mean reward: 9.5625	 Loss: 0.09386549144983292
Step: 442368	Mean reward: 11.1875	 Loss: 0.07549935579299927
Step: 450560	Mean reward: 10.71875	 Loss: 0.02218424156308174
Step: 458752	Mean reward: 11.0625	 Loss: 0.01766601949930191
Step: 466944	Mean reward: 10.25	 Loss: 0.054015714675188065
Step: 475136	Mean reward: 10.4375	 Loss: -0.0025765709578990936
Step: 483328	Mean reward: 10.3125	 Loss: 0.033118754625320435
Step: 491520	Mean reward: 9.78125	 Loss: -0.020471109077334404
Step: 499712	Mean reward: 11.03125	 Loss: 0.05300699174404144
Step: 507904	Mean reward: 12.34375	 Loss: -0.021121494472026825
Step: 516096	Mean reward: 11.4375	 Loss: 0.03542681038379669
Step: 524288	Mean reward: 10.375	 Loss: 0.08188014477491379
Step: 532480	Mean reward: 10.5625	 Loss: -0.021552445366978645
Step: 540672	Mean reward: 11.34375	 Loss: 0.06015593558549881
Step: 548864	Mean reward: 10.65625	 Loss: -0.018512394279241562
Step: 557056	Mean reward: 10.34375	 Loss: -0.05184046924114227
Step: 565248	Mean reward: 10.0	 Loss: 0.029592307284474373
Step: 573440	Mean reward: 9.78125	 Loss: -0.08005523681640625
Step: 581632	Mean reward: 9.78125	 Loss: 0.04100588709115982
Step: 589824	Mean reward: 10.71875	 Loss: 0.033462584018707275
Step: 598016	Mean reward: 10.96875	 Loss: 0.07303278893232346
Step: 606208	Mean reward: 10.4375	 Loss: -0.05657756328582764
Step: 614400	Mean reward: 10.15625	 Loss: 0.015606049448251724
Step: 622592	Mean reward: 10.96875	 Loss: 0.009850872680544853
Step: 630784	Mean reward: 10.8125	 Loss: -0.005232911556959152
Step: 638976	Mean reward: 11.9375	 Loss: -0.0018513444811105728
Step: 647168	Mean reward: 11.78125	 Loss: 0.03694530576467514
Step: 655360	Mean reward: 10.96875	 Loss: 0.07645539194345474
Step: 663552	Mean reward: 13.15625	 Loss: -0.027283603325486183
Step: 671744	Mean reward: 11.96875	 Loss: -0.035659998655319214
Step: 679936	Mean reward: 12.4375	 Loss: -0.005825864151120186
Step: 688128	Mean reward: 12.40625	 Loss: 0.04139503836631775
Step: 696320	Mean reward: 12.125	 Loss: 0.0510362908244133
Step: 704512	Mean reward: 13.03125	 Loss: 0.10133463889360428
Step: 712704	Mean reward: 12.6875	 Loss: 0.037258923053741455
Step: 720896	Mean reward: 14.34375	 Loss: 0.06104417145252228
Step: 729088	Mean reward: 13.65625	 Loss: 0.06216128170490265
Step: 737280	Mean reward: 12.65625	 Loss: 0.045282550156116486
Step: 745472	Mean reward: 13.28125	 Loss: 0.06984032690525055
Step: 753664	Mean reward: 13.03125	 Loss: 0.11364111304283142
Step: 761856	Mean reward: 13.65625	 Loss: 0.03334741294384003
Step: 770048	Mean reward: 13.4375	 Loss: -0.006942031905055046
Step: 778240	Mean reward: 14.03125	 Loss: 0.019031111150979996
Step: 786432	Mean reward: 14.90625	 Loss: -0.0358932763338089
Step: 794624	Mean reward: 14.40625	 Loss: 0.06362971663475037
Step: 802816	Mean reward: 13.96875	 Loss: 0.046386390924453735
Step: 811008	Mean reward: 13.6875	 Loss: -0.02350347302854061
Step: 819200	Mean reward: 13.15625	 Loss: 0.037510618567466736
Step: 827392	Mean reward: 14.5625	 Loss: 0.06638957560062408
Step: 835584	Mean reward: 13.71875	 Loss: 0.12441017478704453
Step: 843776	Mean reward: 14.46875	 Loss: 0.023705672472715378
Step: 851968	Mean reward: 13.59375	 Loss: -0.06931198388338089
Step: 860160	Mean reward: 13.53125	 Loss: 0.05631270259618759
Step: 868352	Mean reward: 13.5	 Loss: -0.030950112268328667
Step: 876544	Mean reward: 13.4375	 Loss: 0.014905115589499474
Step: 884736	Mean reward: 13.65625	 Loss: 0.023234771564602852
Step: 892928	Mean reward: 13.90625	 Loss: 0.05197027325630188
Step: 901120	Mean reward: 12.28125	 Loss: 0.06265433877706528
Step: 909312	Mean reward: 15.84375	 Loss: 0.03133702278137207
Step: 917504	Mean reward: 14.75	 Loss: -0.01372290775179863
Step: 925696	Mean reward: 11.75	 Loss: 0.062246404588222504
Step: 933888	Mean reward: 16.1875	 Loss: 0.06966149806976318
Step: 942080	Mean reward: 14.28125	 Loss: 0.010003149509429932
Step: 950272	Mean reward: 15.9375	 Loss: 0.07966826856136322
Step: 958464	Mean reward: 14.4375	 Loss: 0.013624433428049088
Step: 966656	Mean reward: 14.21875	 Loss: 0.12091802805662155
Step: 974848	Mean reward: 12.71875	 Loss: -0.0499391071498394
Step: 983040	Mean reward: 15.65625	 Loss: 0.033883076161146164
Step: 991232	Mean reward: 16.03125	 Loss: 0.10400983691215515
Step: 999424	Mean reward: 14.40625	 Loss: -0.01162358932197094
Step: 1007616	Mean reward: 14.4375	 Loss: 0.00879582203924656
Step: 1015808	Mean reward: 16.46875	 Loss: 0.03661847487092018
Step: 1024000	Mean reward: 14.34375	 Loss: 0.010048765689134598
Step: 1032192	Mean reward: 14.5625	 Loss: 0.0795990377664566
Step: 1040384	Mean reward: 16.0	 Loss: -0.0018581431359052658
Step: 1048576	Mean reward: 14.5625	 Loss: -0.012224001809954643
Step: 1056768	Mean reward: 16.1875	 Loss: 0.11306034028530121
Step: 1064960	Mean reward: 16.4375	 Loss: -0.041522376239299774
Step: 1073152	Mean reward: 16.65625	 Loss: 0.014630265533924103
Step: 1081344	Mean reward: 14.375	 Loss: 0.11421389132738113
Step: 1089536	Mean reward: 17.03125	 Loss: 0.04297327995300293
Step: 1097728	Mean reward: 16.0625	 Loss: -0.003398548811674118
Step: 1105920	Mean reward: 15.09375	 Loss: 0.10312115401029587
Step: 1114112	Mean reward: 14.59375	 Loss: 0.04908004030585289
Step: 1122304	Mean reward: 15.78125	 Loss: 0.0004916153848171234
Step: 1130496	Mean reward: 14.84375	 Loss: -0.030470609664916992
Step: 1138688	Mean reward: 16.40625	 Loss: -0.001714339479804039
Step: 1146880	Mean reward: 16.1875	 Loss: -0.005596265196800232
Step: 1155072	Mean reward: 16.03125	 Loss: 0.019381046295166016
Step: 1163264	Mean reward: 16.59375	 Loss: 0.03524180129170418
Step: 1171456	Mean reward: 15.09375	 Loss: 0.060655586421489716
Step: 1179648	Mean reward: 16.03125	 Loss: 0.008347898721694946
Step: 1187840	Mean reward: 16.0625	 Loss: 0.028017109259963036
Step: 1196032	Mean reward: 15.34375	 Loss: -0.008027812466025352
Step: 1204224	Mean reward: 16.03125	 Loss: 0.04438859969377518
Step: 1212416	Mean reward: 16.5625	 Loss: 0.07752455025911331
Step: 1220608	Mean reward: 16.09375	 Loss: -0.023773955181241035
Step: 1228800	Mean reward: 17.4375	 Loss: 0.03837241977453232
Step: 1236992	Mean reward: 17.125	 Loss: 0.022211207076907158
Step: 1245184	Mean reward: 17.78125	 Loss: 0.023837147280573845
Step: 1253376	Mean reward: 15.5	 Loss: 0.09426989406347275
Step: 1261568	Mean reward: 16.25	 Loss: 0.0802958607673645
Step: 1269760	Mean reward: 16.6875	 Loss: 0.014813071116805077
Step: 1277952	Mean reward: 17.40625	 Loss: 0.07311277091503143
Step: 1286144	Mean reward: 15.65625	 Loss: 0.08420906960964203
Step: 1294336	Mean reward: 18.21875	 Loss: 0.02083965763449669
Step: 1302528	Mean reward: 15.6875	 Loss: 0.039870887994766235
Step: 1310720	Mean reward: 14.9375	 Loss: 0.05776038393378258
Step: 1318912	Mean reward: 15.09375	 Loss: 0.04067490994930267
Step: 1327104	Mean reward: 15.625	 Loss: -0.008642803877592087
Step: 1335296	Mean reward: 16.34375	 Loss: 0.07514707744121552
Step: 1343488	Mean reward: 15.96875	 Loss: -0.008207656443119049
Step: 1351680	Mean reward: 17.09375	 Loss: 0.05785182863473892
Step: 1359872	Mean reward: 16.9375	 Loss: 0.13275517523288727
Step: 1368064	Mean reward: 17.46875	 Loss: 0.005820289254188538
Step: 1376256	Mean reward: 18.0625	 Loss: 0.09646666049957275
Step: 1384448	Mean reward: 17.0	 Loss: 0.0068996138870716095
Step: 1392640	Mean reward: 16.8125	 Loss: -0.07982185482978821
Step: 1400832	Mean reward: 17.40625	 Loss: 0.06132325902581215
Step: 1409024	Mean reward: 17.5625	 Loss: 0.04922229051589966
Step: 1417216	Mean reward: 17.625	 Loss: 0.13649648427963257
Step: 1425408	Mean reward: 18.0	 Loss: -0.028495043516159058
Step: 1433600	Mean reward: 17.3125	 Loss: 0.0357210747897625
Step: 1441792	Mean reward: 16.375	 Loss: 0.040750712156295776
Step: 1449984	Mean reward: 17.0625	 Loss: -0.043308325111866
Step: 1458176	Mean reward: 19.03125	 Loss: 0.05638555437326431
Step: 1466368	Mean reward: 17.84375	 Loss: 0.05519295483827591
Step: 1474560	Mean reward: 18.09375	 Loss: 0.030587244778871536
Step: 1482752	Mean reward: 16.53125	 Loss: 0.07298202812671661
Step: 1490944	Mean reward: 17.5	 Loss: 0.02224341779947281
Step: 1499136	Mean reward: 17.75	 Loss: 0.0061977319419384
Step: 1507328	Mean reward: 16.75	 Loss: 0.03236756473779678
Step: 1515520	Mean reward: 16.3125	 Loss: 0.11753904074430466
Step: 1523712	Mean reward: 18.09375	 Loss: 0.0373682901263237
Step: 1531904	Mean reward: 17.71875	 Loss: 0.07099355757236481
Step: 1540096	Mean reward: 18.34375	 Loss: -0.03425654023885727
Step: 1548288	Mean reward: 17.1875	 Loss: 0.049318328499794006
Step: 1556480	Mean reward: 16.71875	 Loss: 0.023170018568634987
Step: 1564672	Mean reward: 18.1875	 Loss: 0.05806725099682808
Step: 1572864	Mean reward: 17.59375	 Loss: 0.049619339406490326
Step: 1581056	Mean reward: 17.8125	 Loss: 0.01269448734819889
Step: 1589248	Mean reward: 16.8125	 Loss: 0.0606677308678627
Step: 1597440	Mean reward: 17.59375	 Loss: 0.03788061812520027
Step: 1605632	Mean reward: 17.90625	 Loss: 0.00954323448240757
Step: 1613824	Mean reward: 18.0	 Loss: 0.01793789491057396
Step: 1622016	Mean reward: 18.5	 Loss: -0.027589865028858185
Step: 1630208	Mean reward: 16.5	 Loss: -0.012692509219050407
Step: 1638400	Mean reward: 17.4375	 Loss: 0.01001373864710331
Step: 1646592	Mean reward: 16.78125	 Loss: -0.049882542341947556
Step: 1654784	Mean reward: 16.3125	 Loss: -0.005490854382514954
Step: 1662976	Mean reward: 17.71875	 Loss: 0.004638193175196648
Step: 1671168	Mean reward: 16.625	 Loss: 0.054803334176540375
Step: 1679360	Mean reward: 19.75	 Loss: 0.07087049633264542
Step: 1687552	Mean reward: 17.34375	 Loss: 0.048861149698495865
Step: 1695744	Mean reward: 16.75	 Loss: 0.03313467651605606
Step: 1703936	Mean reward: 18.125	 Loss: 0.07201878726482391
Step: 1712128	Mean reward: 17.34375	 Loss: 0.018134858459234238
Step: 1720320	Mean reward: 17.65625	 Loss: 0.018801627680659294
Step: 1728512	Mean reward: 16.90625	 Loss: 0.05746094137430191
Step: 1736704	Mean reward: 17.75	 Loss: -0.005915939807891846
Step: 1744896	Mean reward: 18.28125	 Loss: 0.05920726805925369
Step: 1753088	Mean reward: 17.1875	 Loss: -0.007407857105135918
Step: 1761280	Mean reward: 18.46875	 Loss: 0.026851976290345192
Step: 1769472	Mean reward: 17.40625	 Loss: 0.06727906316518784
Step: 1777664	Mean reward: 18.15625	 Loss: -0.008942421525716782
Step: 1785856	Mean reward: 17.96875	 Loss: 0.03365837410092354
Step: 1794048	Mean reward: 16.59375	 Loss: 0.03139953315258026
Step: 1802240	Mean reward: 17.34375	 Loss: -0.03996796905994415
Step: 1810432	Mean reward: 18.03125	 Loss: 0.020438814535737038
Step: 1818624	Mean reward: 16.75	 Loss: 0.027764666825532913
Step: 1826816	Mean reward: 16.46875	 Loss: -0.0319189578294754
Step: 1835008	Mean reward: 17.96875	 Loss: 0.016472699120640755
Step: 1843200	Mean reward: 17.34375	 Loss: -0.020152337849140167
Step: 1851392	Mean reward: 17.9375	 Loss: -0.0621025487780571
Step: 1859584	Mean reward: 18.53125	 Loss: -0.007944338023662567
Step: 1867776	Mean reward: 17.09375	 Loss: 0.0032834280282258987
Step: 1875968	Mean reward: 17.96875	 Loss: -0.07438821345567703
Step: 1884160	Mean reward: 18.53125	 Loss: 0.09597834944725037
Step: 1892352	Mean reward: 17.21875	 Loss: 0.07864958792924881
Step: 1900544	Mean reward: 17.6875	 Loss: 0.06774121522903442
Step: 1908736	Mean reward: 17.71875	 Loss: 0.15786372125148773
Step: 1916928	Mean reward: 17.59375	 Loss: -0.02650562673807144
Step: 1925120	Mean reward: 17.5625	 Loss: -0.0141987893730402
Step: 1933312	Mean reward: 16.21875	 Loss: -0.025949060916900635
Step: 1941504	Mean reward: 16.65625	 Loss: -0.08529717475175858
Step: 1949696	Mean reward: 18.59375	 Loss: 0.022516697645187378
Step: 1957888	Mean reward: 16.6875	 Loss: 0.09295014292001724
Step: 1966080	Mean reward: 18.28125	 Loss: 0.021461451426148415
Step: 1974272	Mean reward: 17.46875	 Loss: -0.044874437153339386
Step: 1982464	Mean reward: 17.8125	 Loss: 0.07384376227855682
Step: 1990656	Mean reward: 17.40625	 Loss: 0.014215685427188873
Step: 1998848	Mean reward: 18.25	 Loss: 0.0326826348900795
Step: 2007040	Mean reward: 18.8125	 Loss: 0.00048324093222618103
Step: 2015232	Mean reward: 17.3125	 Loss: 0.011549757793545723
Step: 2023424	Mean reward: 17.9375	 Loss: -0.004279417917132378
Step: 2031616	Mean reward: 16.3125	 Loss: -0.06971299648284912
Step: 2039808	Mean reward: 17.84375	 Loss: 0.03751366212964058
Step: 2048000	Mean reward: 17.8125	 Loss: -0.020765047520399094
Step: 2056192	Mean reward: 17.5	 Loss: 0.04101128876209259
Step: 2064384	Mean reward: 17.9375	 Loss: -0.0499466247856617
Step: 2072576	Mean reward: 15.5	 Loss: 0.02311338670551777
Step: 2080768	Mean reward: 17.75	 Loss: 0.0798553004860878
Step: 2088960	Mean reward: 17.78125	 Loss: -0.005862260237336159
Step: 2097152	Mean reward: 19.25	 Loss: 0.01456458494067192
Step: 2105344	Mean reward: 17.15625	 Loss: -0.05159049481153488
Step: 2113536	Mean reward: 16.8125	 Loss: -0.02504286728799343
Step: 2121728	Mean reward: 18.3125	 Loss: 0.038967207074165344
Step: 2129920	Mean reward: 18.46875	 Loss: -0.04985853284597397
Step: 2138112	Mean reward: 16.9375	 Loss: 0.014829704537987709
Step: 2146304	Mean reward: 17.40625	 Loss: 0.016130754724144936
Step: 2154496	Mean reward: 17.90625	 Loss: 0.026917291805148125
Step: 2162688	Mean reward: 17.21875	 Loss: 0.027957212179899216
Step: 2170880	Mean reward: 18.6875	 Loss: 0.025591295212507248
Step: 2179072	Mean reward: 17.09375	 Loss: 0.027196958661079407
Step: 2187264	Mean reward: 17.375	 Loss: -0.015887372195720673
Step: 2195456	Mean reward: 18.84375	 Loss: -0.033965103328228
Step: 2203648	Mean reward: 17.71875	 Loss: 0.06865239888429642
Step: 2211840	Mean reward: 16.84375	 Loss: -0.08179696649312973
Step: 2220032	Mean reward: 17.40625	 Loss: -0.026281332597136497
Step: 2228224	Mean reward: 18.0	 Loss: 0.001689491793513298
Step: 2236416	Mean reward: 16.59375	 Loss: 0.0075637465342879295
Step: 2244608	Mean reward: 18.78125	 Loss: 0.0562996044754982
Step: 2252800	Mean reward: 18.84375	 Loss: 0.04656617343425751
Step: 2260992	Mean reward: 17.46875	 Loss: 0.1261240690946579
Step: 2269184	Mean reward: 18.6875	 Loss: 0.04116806387901306
Step: 2277376	Mean reward: 18.25	 Loss: -0.07801824063062668
Step: 2285568	Mean reward: 17.96875	 Loss: 0.044101763516664505
Step: 2293760	Mean reward: 19.28125	 Loss: 0.05638155713677406
Step: 2301952	Mean reward: 19.0625	 Loss: -0.09903785586357117
Step: 2310144	Mean reward: 18.8125	 Loss: 0.02733077108860016
Step: 2318336	Mean reward: 18.9375	 Loss: -0.03046383149921894
Step: 2326528	Mean reward: 17.84375	 Loss: -0.052424464374780655
Step: 2334720	Mean reward: 18.4375	 Loss: 0.035069700330495834
Step: 2342912	Mean reward: 18.0	 Loss: -0.01791517063975334
Step: 2351104	Mean reward: 17.875	 Loss: 0.014924975112080574
Step: 2359296	Mean reward: 18.46875	 Loss: 0.007368175312876701
Step: 2367488	Mean reward: 20.0	 Loss: -0.0007781991735100746
Step: 2375680	Mean reward: 19.46875	 Loss: 0.0016796374693512917
Step: 2383872	Mean reward: 18.21875	 Loss: -0.012139268219470978
Step: 2392064	Mean reward: 19.0	 Loss: -0.007276388816535473
Step: 2400256	Mean reward: 18.625	 Loss: 0.028192294761538506
Step: 2408448	Mean reward: 17.8125	 Loss: -0.03437260538339615
Step: 2416640	Mean reward: 18.75	 Loss: -0.025371775031089783
Step: 2424832	Mean reward: 17.875	 Loss: 0.028265224769711494
Step: 2433024	Mean reward: 20.0	 Loss: 0.05148277431726456
Step: 2441216	Mean reward: 17.5625	 Loss: 0.027289047837257385
Step: 2449408	Mean reward: 18.09375	 Loss: 0.05742577090859413
Step: 2457600	Mean reward: 19.375	 Loss: 0.1087120845913887
Step: 2465792	Mean reward: 18.40625	 Loss: -0.026026489213109016
Step: 2473984	Mean reward: 18.0625	 Loss: -0.022807296365499496
Step: 2482176	Mean reward: 19.34375	 Loss: 0.03637165576219559
Step: 2490368	Mean reward: 18.0625	 Loss: 0.09067201614379883
Step: 2498560	Mean reward: 18.84375	 Loss: -0.027122925966978073
Step: 2506752	Mean reward: 18.0625	 Loss: 0.07996922731399536
Step: 2514944	Mean reward: 19.53125	 Loss: -0.1124197468161583
Step: 2523136	Mean reward: 16.9375	 Loss: 0.028200794011354446
Step: 2531328	Mean reward: 18.8125	 Loss: 0.004867865703999996
Step: 2539520	Mean reward: 19.65625	 Loss: -0.0828218013048172
Step: 2547712	Mean reward: 17.625	 Loss: 0.05673317611217499
Step: 2555904	Mean reward: 17.78125	 Loss: -0.008494755253195763
Step: 2564096	Mean reward: 17.34375	 Loss: 0.02293642982840538
Step: 2572288	Mean reward: 18.1875	 Loss: 0.07003530114889145
Step: 2580480	Mean reward: 18.90625	 Loss: -0.01462453231215477
Step: 2588672	Mean reward: 18.40625	 Loss: 0.00743677094578743
Step: 2596864	Mean reward: 17.28125	 Loss: -0.011398212052881718
Step: 2605056	Mean reward: 18.6875	 Loss: -0.007222196087241173
Step: 2613248	Mean reward: 19.21875	 Loss: 0.0489158071577549
Step: 2621440	Mean reward: 19.8125	 Loss: 0.006749509833753109
Step: 2629632	Mean reward: 17.46875	 Loss: 0.0049842344596982
Step: 2637824	Mean reward: 18.75	 Loss: 0.02232367731630802
Step: 2646016	Mean reward: 18.25	 Loss: 0.040318362414836884
Step: 2654208	Mean reward: 16.84375	 Loss: -0.016226215288043022
Step: 2662400	Mean reward: 18.375	 Loss: 0.0638408437371254
Step: 2670592	Mean reward: 18.40625	 Loss: -0.021248187869787216
Step: 2678784	Mean reward: 18.375	 Loss: 0.07244644314050674
Step: 2686976	Mean reward: 18.34375	 Loss: -0.13471926748752594
Step: 2695168	Mean reward: 18.71875	 Loss: 0.0450124591588974
Step: 2703360	Mean reward: 18.40625	 Loss: 0.04872550070285797
Step: 2711552	Mean reward: 18.46875	 Loss: 0.09707696735858917
Step: 2719744	Mean reward: 19.5625	 Loss: -0.023394128307700157
Step: 2727936	Mean reward: 17.9375	 Loss: -0.0367325022816658
Step: 2736128	Mean reward: 18.40625	 Loss: 0.044252391904592514
Step: 2744320	Mean reward: 18.71875	 Loss: 0.007292252033948898
Step: 2752512	Mean reward: 17.84375	 Loss: -0.04285776987671852
Step: 2760704	Mean reward: 18.40625	 Loss: 0.010659719817340374
Step: 2768896	Mean reward: 18.6875	 Loss: -0.02857391908764839
Step: 2777088	Mean reward: 19.5	 Loss: -0.007902699522674084
Step: 2785280	Mean reward: 18.1875	 Loss: -0.00740344263613224
Step: 2793472	Mean reward: 19.21875	 Loss: -0.02002878487110138
Step: 2801664	Mean reward: 19.28125	 Loss: 0.051045604050159454
Step: 2809856	Mean reward: 18.8125	 Loss: 0.02205841615796089
Step: 2818048	Mean reward: 18.0625	 Loss: 0.053934622555971146
Step: 2826240	Mean reward: 19.5625	 Loss: 0.002696927636861801
Step: 2834432	Mean reward: 21.15625	 Loss: -0.007872735150158405
Step: 2842624	Mean reward: 19.15625	 Loss: -0.011103355325758457
Step: 2850816	Mean reward: 20.40625	 Loss: 0.02765476517379284
Step: 2859008	Mean reward: 18.90625	 Loss: 0.060502778738737106
Step: 2867200	Mean reward: 19.96875	 Loss: -0.03719990327954292
Step: 2875392	Mean reward: 18.96875	 Loss: -0.03307346627116203
Step: 2883584	Mean reward: 19.71875	 Loss: 0.009341221302747726
Step: 2891776	Mean reward: 21.09375	 Loss: 0.04488234221935272
Step: 2899968	Mean reward: 20.125	 Loss: 0.012898195534944534
Step: 2908160	Mean reward: 17.875	 Loss: -0.020546359941363335
Step: 2916352	Mean reward: 19.875	 Loss: -0.06284323334693909
Step: 2924544	Mean reward: 20.03125	 Loss: 0.04794976860284805
Step: 2932736	Mean reward: 21.0	 Loss: 0.03148152679204941
Step: 2940928	Mean reward: 20.71875	 Loss: -0.07545600086450577
Step: 2949120	Mean reward: 19.5	 Loss: 0.111967071890831
Step: 2957312	Mean reward: 20.65625	 Loss: -0.041863493621349335
Step: 2965504	Mean reward: 19.125	 Loss: -0.009405173361301422
Step: 2973696	Mean reward: 19.21875	 Loss: 0.04442548379302025
Step: 2981888	Mean reward: 18.4375	 Loss: -0.08019411563873291
Step: 2990080	Mean reward: 19.1875	 Loss: -0.01324990950524807
Step: 2998272	Mean reward: 20.03125	 Loss: -0.0025596432387828827
Step: 3006464	Mean reward: 21.375	 Loss: -0.013378041796386242
Step: 3014656	Mean reward: 20.46875	 Loss: -0.0828465148806572
Step: 3022848	Mean reward: 21.03125	 Loss: -0.049265217036008835
Step: 3031040	Mean reward: 20.375	 Loss: -0.0049841077998280525
Step: 3039232	Mean reward: 21.3125	 Loss: -0.002705484628677368
Step: 3047424	Mean reward: 21.03125	 Loss: 0.002054881304502487
Step: 3055616	Mean reward: 19.59375	 Loss: 0.04800097271800041
Step: 3063808	Mean reward: 20.59375	 Loss: -6.310176104307175e-05
Step: 3072000	Mean reward: 19.625	 Loss: 0.002782280556857586
Step: 3080192	Mean reward: 20.8125	 Loss: 0.007285973988473415
Step: 3088384	Mean reward: 19.6875	 Loss: -0.09216277301311493
Step: 3096576	Mean reward: 18.0	 Loss: -0.013880877755582333
Step: 3104768	Mean reward: 20.625	 Loss: -0.05857906863093376
Step: 3112960	Mean reward: 17.5625	 Loss: -0.07570470869541168
Step: 3121152	Mean reward: 19.59375	 Loss: 0.08261165022850037
Step: 3129344	Mean reward: 18.71875	 Loss: -0.02380732074379921
Step: 3137536	Mean reward: 19.5	 Loss: -0.03012520633637905
Step: 3145728	Mean reward: 19.3125	 Loss: -0.005342127755284309
Step: 3153920	Mean reward: 18.5625	 Loss: 0.025860309600830078
Step: 3162112	Mean reward: 19.1875	 Loss: 0.04748731106519699
Step: 3170304	Mean reward: 20.15625	 Loss: -0.05729128420352936
Step: 3178496	Mean reward: 20.6875	 Loss: -0.061277907341718674
Step: 3186688	Mean reward: 18.875	 Loss: 0.04255352169275284
Step: 3194880	Mean reward: 19.25	 Loss: 0.02476705051958561
Step: 3203072	Mean reward: 19.25	 Loss: 0.03510390222072601
Step: 3211264	Mean reward: 19.96875	 Loss: -0.044495489448308945
Step: 3219456	Mean reward: 19.28125	 Loss: -0.030591469258069992
Step: 3227648	Mean reward: 19.4375	 Loss: 0.06975431740283966
Step: 3235840	Mean reward: 19.53125	 Loss: 0.02286577597260475
Step: 3244032	Mean reward: 18.8125	 Loss: 0.05645176023244858
Step: 3252224	Mean reward: 19.4375	 Loss: -0.021633140742778778
Step: 3260416	Mean reward: 20.71875	 Loss: 0.031876325607299805
Step: 3268608	Mean reward: 20.09375	 Loss: 0.07018505036830902
Step: 3276800	Mean reward: 18.375	 Loss: 0.11004815250635147
Step: 3284992	Mean reward: 21.3125	 Loss: -0.08079902082681656
Step: 3293184	Mean reward: 19.8125	 Loss: -0.01686692237854004
Step: 3301376	Mean reward: 20.46875	 Loss: 0.055796682834625244
Step: 3309568	Mean reward: 19.875	 Loss: 0.009901869110763073
Step: 3317760	Mean reward: 19.59375	 Loss: 0.026349661871790886
Step: 3325952	Mean reward: 17.875	 Loss: -0.06173887476325035
Step: 3334144	Mean reward: 20.375	 Loss: -0.0751349925994873
Step: 3342336	Mean reward: 18.875	 Loss: 0.09062368422746658
Step: 3350528	Mean reward: 19.71875	 Loss: -0.005491938441991806
Step: 3358720	Mean reward: 19.375	 Loss: 0.09388234466314316
Step: 3366912	Mean reward: 20.15625	 Loss: -0.00957200676202774
Step: 3375104	Mean reward: 21.15625	 Loss: -0.011003845371305943
Step: 3383296	Mean reward: 20.6875	 Loss: 0.043825991451740265
Step: 3391488	Mean reward: 20.9375	 Loss: -0.019925445318222046
Step: 3399680	Mean reward: 20.25	 Loss: 0.004786173813045025
Step: 3407872	Mean reward: 21.53125	 Loss: -0.035052575170993805
Step: 3416064	Mean reward: 20.6875	 Loss: 0.052023641765117645
Step: 3424256	Mean reward: 19.375	 Loss: -0.04114993289113045
Step: 3432448	Mean reward: 20.53125	 Loss: -0.014825084246695042
Step: 3440640	Mean reward: 20.0625	 Loss: 0.03498038649559021
Step: 3448832	Mean reward: 20.5625	 Loss: -0.07102551311254501
Step: 3457024	Mean reward: 21.0625	 Loss: -0.019261976704001427
Step: 3465216	Mean reward: 21.21875	 Loss: 0.0006534038111567497
Step: 3473408	Mean reward: 19.21875	 Loss: 0.0166156142950058
Step: 3481600	Mean reward: 21.34375	 Loss: 0.040277667343616486
Step: 3489792	Mean reward: 21.6875	 Loss: 0.06323149800300598
Step: 3497984	Mean reward: 19.71875	 Loss: -0.02449192851781845
Step: 3506176	Mean reward: 19.25	 Loss: -0.0014355704188346863
Step: 3514368	Mean reward: 20.0	 Loss: -0.020760150626301765
Step: 3522560	Mean reward: 19.5	 Loss: 0.0010571982711553574
Step: 3530752	Mean reward: 19.65625	 Loss: -0.07476025074720383
Step: 3538944	Mean reward: 21.0625	 Loss: 0.0648147240281105
Step: 3547136	Mean reward: 19.65625	 Loss: 0.03527769446372986
Step: 3555328	Mean reward: 19.65625	 Loss: 0.015427597798407078
Step: 3563520	Mean reward: 20.125	 Loss: 0.046254437416791916
Step: 3571712	Mean reward: 19.9375	 Loss: 0.030834460631012917
Step: 3579904	Mean reward: 19.34375	 Loss: 0.021597646176815033
Step: 3588096	Mean reward: 19.1875	 Loss: -0.009465482085943222
Step: 3596288	Mean reward: 19.78125	 Loss: 0.019422251731157303
Step: 3604480	Mean reward: 19.78125	 Loss: 0.013763722963631153
Step: 3612672	Mean reward: 21.09375	 Loss: 0.09131491184234619
Step: 3620864	Mean reward: 19.90625	 Loss: 0.07812642306089401
Step: 3629056	Mean reward: 19.5625	 Loss: -0.014924507588148117
Step: 3637248	Mean reward: 19.3125	 Loss: -0.028094928711652756
Step: 3645440	Mean reward: 19.34375	 Loss: 0.019230905920267105
Step: 3653632	Mean reward: 20.53125	 Loss: 0.04763467609882355
Step: 3661824	Mean reward: 19.0	 Loss: -0.035033613443374634
Step: 3670016	Mean reward: 20.78125	 Loss: -0.00838356651365757
Step: 3678208	Mean reward: 20.625	 Loss: -0.060181014239788055
Step: 3686400	Mean reward: 18.78125	 Loss: -0.10352256894111633
Step: 3694592	Mean reward: 23.0625	 Loss: -0.030746253207325935
Step: 3702784	Mean reward: 21.59375	 Loss: 0.07555519044399261
Step: 3710976	Mean reward: 22.03125	 Loss: 0.02082252874970436
Step: 3719168	Mean reward: 20.90625	 Loss: -0.05106043815612793
Step: 3727360	Mean reward: 20.09375	 Loss: 0.019159138202667236
Step: 3735552	Mean reward: 19.1875	 Loss: -0.022141307592391968
Step: 3743744	Mean reward: 21.03125	 Loss: 0.041257984936237335
Step: 3751936	Mean reward: 18.40625	 Loss: 0.08001669496297836
Step: 3760128	Mean reward: 19.75	 Loss: -0.03998366743326187
Step: 3768320	Mean reward: 20.4375	 Loss: 0.03746398538351059
Step: 3776512	Mean reward: 19.9375	 Loss: -0.06540729105472565
Step: 3784704	Mean reward: 21.90625	 Loss: 0.023109905421733856
Step: 3792896	Mean reward: 20.96875	 Loss: -0.012537296861410141
Step: 3801088	Mean reward: 19.90625	 Loss: -0.05990259721875191
Step: 3809280	Mean reward: 20.125	 Loss: -0.022209390997886658
Step: 3817472	Mean reward: 19.96875	 Loss: -0.03979715704917908
Step: 3825664	Mean reward: 21.3125	 Loss: 0.03896588832139969
Step: 3833856	Mean reward: 19.21875	 Loss: -0.024375203996896744
Step: 3842048	Mean reward: 19.25	 Loss: -0.013520159758627415
Step: 3850240	Mean reward: 20.9375	 Loss: -0.010146998800337315
Step: 3858432	Mean reward: 20.4375	 Loss: -0.009978470392525196
Step: 3866624	Mean reward: 21.0	 Loss: -0.004397180862724781
Step: 3874816	Mean reward: 22.03125	 Loss: 0.044820718467235565
Step: 3883008	Mean reward: 22.28125	 Loss: 0.01892615482211113
Step: 3891200	Mean reward: 19.625	 Loss: -0.025264432653784752
Step: 3899392	Mean reward: 20.28125	 Loss: 0.010847039520740509
Step: 3907584	Mean reward: 20.71875	 Loss: -0.025863200426101685
Step: 3915776	Mean reward: 19.34375	 Loss: 0.05930554121732712
Step: 3923968	Mean reward: 21.21875	 Loss: -0.04465800151228905
Step: 3932160	Mean reward: 18.21875	 Loss: -0.06422866880893707
Step: 3940352	Mean reward: 22.0625	 Loss: 0.024199891835451126
Step: 3948544	Mean reward: 21.90625	 Loss: 0.0727800652384758
Step: 3956736	Mean reward: 19.5625	 Loss: 0.11277858912944794
Step: 3964928	Mean reward: 21.625	 Loss: -0.04626857489347458
Step: 3973120	Mean reward: 19.5	 Loss: -0.03832957148551941
Step: 3981312	Mean reward: 24.0	 Loss: 0.03364720195531845
Step: 3989504	Mean reward: 21.25	 Loss: 0.032779261469841
Step: 3997696	Mean reward: 21.6875	 Loss: 0.0009339107200503349
Step: 4005888	Mean reward: 20.25	 Loss: -0.03508002310991287
Completed training at 2021-12-05 22:02:58
Observation space: Box([[[0. 0. 0. ... 0. 0. 0.]
  [0. 0. 0. ... 0. 0. 0.]
  [0. 0. 0. ... 0. 0. 0.]
  ...
  [0. 0. 0. ... 0. 0. 0.]
  [0. 0. 0. ... 0. 0. 0.]
  [0. 0. 0. ... 0. 0. 0.]]

 [[0. 0. 0. ... 0. 0. 0.]
  [0. 0. 0. ... 0. 0. 0.]
  [0. 0. 0. ... 0. 0. 0.]
  ...
  [0. 0. 0. ... 0. 0. 0.]
  [0. 0. 0. ... 0. 0. 0.]
  [0. 0. 0. ... 0. 0. 0.]]

 [[0. 0. 0. ... 0. 0. 0.]
  [0. 0. 0. ... 0. 0. 0.]
  [0. 0. 0. ... 0. 0. 0.]
  ...
  [0. 0. 0. ... 0. 0. 0.]
  [0. 0. 0. ... 0. 0. 0.]
  [0. 0. 0. ... 0. 0. 0.]]], [[[1. 1. 1. ... 1. 1. 1.]
  [1. 1. 1. ... 1. 1. 1.]
  [1. 1. 1. ... 1. 1. 1.]
  ...
  [1. 1. 1. ... 1. 1. 1.]
  [1. 1. 1. ... 1. 1. 1.]
  [1. 1. 1. ... 1. 1. 1.]]

 [[1. 1. 1. ... 1. 1. 1.]
  [1. 1. 1. ... 1. 1. 1.]
  [1. 1. 1. ... 1. 1. 1.]
  ...
  [1. 1. 1. ... 1. 1. 1.]
  [1. 1. 1. ... 1. 1. 1.]
  [1. 1. 1. ... 1. 1. 1.]]

 [[1. 1. 1. ... 1. 1. 1.]
  [1. 1. 1. ... 1. 1. 1.]
  [1. 1. 1. ... 1. 1. 1.]
  ...
  [1. 1. 1. ... 1. 1. 1.]
  [1. 1. 1. ... 1. 1. 1.]
  [1. 1. 1. ... 1. 1. 1.]]], (3, 64, 64), float32)
Action space: 15
Step: 8192	Mean reward: 3.75	 Loss: 0.47517266869544983
Step: 16384	Mean reward: 4.5625	 Loss: 0.2357274442911148
Step: 24576	Mean reward: 5.3125	 Loss: 0.14531825482845306
Step: 32768	Mean reward: 5.40625	 Loss: 0.15919460356235504
Step: 40960	Mean reward: 6.75	 Loss: 0.06256100535392761
Step: 49152	Mean reward: 6.46875	 Loss: 0.022941922768950462
Step: 57344	Mean reward: 7.15625	 Loss: 0.13549837470054626
Step: 65536	Mean reward: 6.8125	 Loss: 0.02863563783466816
Step: 73728	Mean reward: 8.75	 Loss: 0.08451598882675171
Step: 81920	Mean reward: 8.59375	 Loss: 0.07291579246520996
Step: 90112	Mean reward: 9.65625	 Loss: 0.09216531366109848
Step: 98304	Mean reward: 8.5625	 Loss: 0.13612870872020721
Step: 106496	Mean reward: 8.8125	 Loss: 0.08775651454925537
Step: 114688	Mean reward: 11.75	 Loss: 0.07051888108253479
Step: 122880	Mean reward: 11.46875	 Loss: 0.0649794265627861
Step: 131072	Mean reward: 12.125	 Loss: 0.03832399100065231
Step: 139264	Mean reward: 12.28125	 Loss: -0.048930708318948746
Step: 147456	Mean reward: 13.25	 Loss: 0.0463026687502861
Step: 155648	Mean reward: 13.21875	 Loss: 0.09512124210596085
Step: 163840	Mean reward: 13.09375	 Loss: 0.0372861847281456
Step: 172032	Mean reward: 14.8125	 Loss: 0.12140323221683502
Step: 180224	Mean reward: 14.75	 Loss: 0.07086210697889328
Step: 188416	Mean reward: 15.21875	 Loss: 0.00017165392637252808
Step: 196608	Mean reward: 14.90625	 Loss: 0.06302246451377869
Step: 204800	Mean reward: 14.6875	 Loss: 0.03536923974752426
Step: 212992	Mean reward: 15.8125	 Loss: 0.0627635195851326
Step: 221184	Mean reward: 16.59375	 Loss: 0.06870760768651962
Step: 229376	Mean reward: 16.3125	 Loss: 0.07887664437294006
Step: 237568	Mean reward: 14.75	 Loss: -0.0183011032640934
Step: 245760	Mean reward: 16.03125	 Loss: -0.0019998401403427124
Step: 253952	Mean reward: 15.71875	 Loss: 0.0024139508605003357
Step: 262144	Mean reward: 17.0625	 Loss: 0.06183546409010887
Step: 270336	Mean reward: 15.125	 Loss: 0.046552203595638275
Step: 278528	Mean reward: 16.8125	 Loss: 0.019997330382466316
Step: 286720	Mean reward: 16.1875	 Loss: 0.000390663743019104
Step: 294912	Mean reward: 17.0	 Loss: 0.04499787092208862
Step: 303104	Mean reward: 16.28125	 Loss: 0.08856797218322754
Step: 311296	Mean reward: 17.59375	 Loss: 0.0687200278043747
Step: 319488	Mean reward: 15.0	 Loss: 0.004661185666918755
Step: 327680	Mean reward: 17.84375	 Loss: 0.09121794998645782
Step: 335872	Mean reward: 18.0	 Loss: 0.005027232691645622
Step: 344064	Mean reward: 17.0	 Loss: 0.01995767280459404
Step: 352256	Mean reward: 16.46875	 Loss: -0.07815669476985931
Step: 360448	Mean reward: 18.34375	 Loss: 0.04623359441757202
Step: 368640	Mean reward: 19.46875	 Loss: 0.11412389576435089
Step: 376832	Mean reward: 16.78125	 Loss: -0.02748468890786171
Step: 385024	Mean reward: 17.40625	 Loss: -0.06339289247989655
Step: 393216	Mean reward: 17.03125	 Loss: 0.004036452621221542
Step: 401408	Mean reward: 17.53125	 Loss: -0.0023576151579618454
Step: 409600	Mean reward: 18.15625	 Loss: -0.03408906236290932
Step: 417792	Mean reward: 18.96875	 Loss: 0.05669386684894562
Step: 425984	Mean reward: 16.25	 Loss: -0.013749752193689346
Step: 434176	Mean reward: 17.5625	 Loss: -0.044668227434158325
Step: 442368	Mean reward: 18.46875	 Loss: -0.07992605865001678
Step: 450560	Mean reward: 16.8125	 Loss: 0.13013345003128052
Step: 458752	Mean reward: 16.8125	 Loss: -0.0039823222905397415
Step: 466944	Mean reward: 18.625	 Loss: 0.015012653544545174
Step: 475136	Mean reward: 18.65625	 Loss: -0.07437160611152649
Step: 483328	Mean reward: 17.375	 Loss: 0.023004934191703796
Step: 491520	Mean reward: 18.3125	 Loss: 0.005336591973900795
Step: 499712	Mean reward: 18.3125	 Loss: 0.06087036430835724
Step: 507904	Mean reward: 18.1875	 Loss: 0.0522337444126606
Step: 516096	Mean reward: 17.875	 Loss: 0.0350615531206131
Step: 524288	Mean reward: 19.53125	 Loss: -0.05612257868051529
Step: 532480	Mean reward: 20.3125	 Loss: 0.04988401010632515
Step: 540672	Mean reward: 19.09375	 Loss: -0.008062122389674187
Step: 548864	Mean reward: 18.96875	 Loss: 0.024811793118715286
Step: 557056	Mean reward: 19.5	 Loss: -0.0483182929456234
Step: 565248	Mean reward: 19.0	 Loss: 0.006453843787312508
Step: 573440	Mean reward: 17.71875	 Loss: -0.07924990355968475
Step: 581632	Mean reward: 18.28125	 Loss: 0.037121497094631195
Step: 589824	Mean reward: 18.75	 Loss: -0.048344701528549194
Step: 598016	Mean reward: 18.40625	 Loss: -0.0206732340157032
Step: 606208	Mean reward: 21.375	 Loss: -0.04786475747823715
Step: 614400	Mean reward: 17.75	 Loss: 0.04181536287069321
Step: 622592	Mean reward: 18.0	 Loss: -0.05046223849058151
Step: 630784	Mean reward: 18.34375	 Loss: -0.03867722302675247
Step: 638976	Mean reward: 19.1875	 Loss: -0.01965639367699623
Step: 647168	Mean reward: 20.09375	 Loss: -0.03212558105587959
Step: 655360	Mean reward: 21.15625	 Loss: -0.006121061742305756
Step: 663552	Mean reward: 19.09375	 Loss: 0.02859884314239025
Step: 671744	Mean reward: 19.78125	 Loss: 0.036384694278240204
Step: 679936	Mean reward: 19.1875	 Loss: -0.053065791726112366
Step: 688128	Mean reward: 19.375	 Loss: 0.0870606079697609
Step: 696320	Mean reward: 20.25	 Loss: 0.06240202859044075
Step: 704512	Mean reward: 21.25	 Loss: -0.011751925572752953
Step: 712704	Mean reward: 20.03125	 Loss: -0.009057445451617241
Step: 720896	Mean reward: 19.96875	 Loss: 0.01417548581957817
Step: 729088	Mean reward: 20.46875	 Loss: -0.03576919808983803
Step: 737280	Mean reward: 18.1875	 Loss: -0.019637703895568848
Step: 745472	Mean reward: 21.65625	 Loss: -0.015024527907371521
Step: 753664	Mean reward: 20.34375	 Loss: -0.04497687518596649
Step: 761856	Mean reward: 19.03125	 Loss: -0.01925811357796192
Step: 770048	Mean reward: 21.5625	 Loss: 0.008911935612559319
Step: 778240	Mean reward: 19.59375	 Loss: 0.019514283165335655
Step: 786432	Mean reward: 20.28125	 Loss: -0.08231353759765625
Step: 794624	Mean reward: 19.65625	 Loss: 0.008729251101613045
Step: 802816	Mean reward: 20.5625	 Loss: 0.01848192885518074
Step: 811008	Mean reward: 18.4375	 Loss: -0.046221666038036346
Step: 819200	Mean reward: 20.0625	 Loss: -0.00901888869702816
Step: 827392	Mean reward: 21.53125	 Loss: -0.0014549512416124344
Step: 835584	Mean reward: 19.03125	 Loss: -0.002777310088276863
Step: 843776	Mean reward: 18.375	 Loss: 0.01999351941049099
Step: 851968	Mean reward: 19.34375	 Loss: -0.06376436352729797
Step: 860160	Mean reward: 20.875	 Loss: -0.06793013215065002
Step: 868352	Mean reward: 19.53125	 Loss: 0.02712596207857132
Step: 876544	Mean reward: 21.28125	 Loss: -0.02698904275894165
Step: 884736	Mean reward: 20.21875	 Loss: -0.0480266734957695
Step: 892928	Mean reward: 19.75	 Loss: 0.03325697407126427
Step: 901120	Mean reward: 21.0	 Loss: -0.024735160171985626
Step: 909312	Mean reward: 19.8125	 Loss: -0.02668057754635811
Step: 917504	Mean reward: 21.96875	 Loss: -0.04510657489299774
Step: 925696	Mean reward: 19.3125	 Loss: -0.011492589488625526
Step: 933888	Mean reward: 21.21875	 Loss: 0.0005068648606538773
Step: 942080	Mean reward: 20.96875	 Loss: -0.001364516094326973
Step: 950272	Mean reward: 21.28125	 Loss: -0.052213601768016815
Step: 958464	Mean reward: 20.84375	 Loss: -0.005665808916091919
Step: 966656	Mean reward: 21.0625	 Loss: -0.05243200436234474
Step: 974848	Mean reward: 22.0625	 Loss: -0.04341670870780945
Step: 983040	Mean reward: 19.03125	 Loss: -0.07423955202102661
Step: 991232	Mean reward: 21.09375	 Loss: 0.04347148537635803
Step: 999424	Mean reward: 21.34375	 Loss: 0.047092389315366745
Step: 1007616	Mean reward: 19.5	 Loss: -0.012493839487433434
Step: 1015808	Mean reward: 19.96875	 Loss: 0.05321000516414642
Step: 1024000	Mean reward: 19.625	 Loss: -0.04951183497905731
Step: 1032192	Mean reward: 21.96875	 Loss: -0.014824006706476212
Step: 1040384	Mean reward: 21.03125	 Loss: 0.014060886576771736
Step: 1048576	Mean reward: 18.65625	 Loss: -0.03809431195259094
Step: 1056768	Mean reward: 20.03125	 Loss: 0.0392974317073822
Step: 1064960	Mean reward: 20.5625	 Loss: -0.07891514152288437
Step: 1073152	Mean reward: 20.875	 Loss: 0.0033989548683166504
Step: 1081344	Mean reward: 21.1875	 Loss: -0.006682626903057098
Step: 1089536	Mean reward: 22.40625	 Loss: -0.004037914797663689
Step: 1097728	Mean reward: 20.71875	 Loss: -0.06628769636154175
Step: 1105920	Mean reward: 20.78125	 Loss: -0.011827151291072369
Step: 1114112	Mean reward: 20.53125	 Loss: 0.03984013572335243
Step: 1122304	Mean reward: 21.59375	 Loss: -0.006527440622448921
Step: 1130496	Mean reward: 21.875	 Loss: 0.045031338930130005
Step: 1138688	Mean reward: 22.4375	 Loss: 0.030806485563516617
Step: 1146880	Mean reward: 20.75	 Loss: -0.02910204976797104
Step: 1155072	Mean reward: 20.875	 Loss: -0.027424806728959084
Step: 1163264	Mean reward: 20.53125	 Loss: -0.035715360194444656
Step: 1171456	Mean reward: 21.84375	 Loss: 0.06595809757709503
Step: 1179648	Mean reward: 22.15625	 Loss: -0.0040923357009887695
Step: 1187840	Mean reward: 21.96875	 Loss: -0.04466468095779419
Step: 1196032	Mean reward: 20.21875	 Loss: -0.06147468090057373
Step: 1204224	Mean reward: 21.9375	 Loss: -0.05372820422053337
Step: 1212416	Mean reward: 23.5625	 Loss: -0.03175226226449013
Step: 1220608	Mean reward: 21.59375	 Loss: 0.015610814094543457
Step: 1228800	Mean reward: 21.0625	 Loss: 0.04016982391476631
Step: 1236992	Mean reward: 23.46875	 Loss: -0.007096868008375168
Step: 1245184	Mean reward: 22.25	 Loss: 0.02207908406853676
Step: 1253376	Mean reward: 22.0625	 Loss: -0.056854091584682465
Step: 1261568	Mean reward: 21.21875	 Loss: -0.004970154725015163
Step: 1269760	Mean reward: 22.5	 Loss: 0.04231145232915878
Step: 1277952	Mean reward: 21.15625	 Loss: 0.024611005559563637
Step: 1286144	Mean reward: 22.40625	 Loss: 0.0636654943227768
Step: 1294336	Mean reward: 20.125	 Loss: 0.010750063695013523
Step: 1302528	Mean reward: 21.90625	 Loss: -0.05845490097999573
Step: 1310720	Mean reward: 22.1875	 Loss: 0.002294948324561119
Step: 1318912	Mean reward: 21.1875	 Loss: -0.04233581945300102
Step: 1327104	Mean reward: 21.1875	 Loss: -0.037768177688121796
Step: 1335296	Mean reward: 21.34375	 Loss: -0.009659389033913612
Step: 1343488	Mean reward: 21.5	 Loss: -0.009464116767048836
Step: 1351680	Mean reward: 21.03125	 Loss: 0.008247715421020985
Step: 1359872	Mean reward: 20.8125	 Loss: -0.056120116263628006
Step: 1368064	Mean reward: 22.3125	 Loss: 0.05175887793302536
Step: 1376256	Mean reward: 21.03125	 Loss: -0.02304297313094139
Step: 1384448	Mean reward: 21.71875	 Loss: -0.06919384002685547
Step: 1392640	Mean reward: 20.09375	 Loss: 0.04049261659383774
Step: 1400832	Mean reward: 22.90625	 Loss: 0.026421627029776573
Step: 1409024	Mean reward: 22.75	 Loss: -0.10383590310811996
Step: 1417216	Mean reward: 21.78125	 Loss: -0.013791700825095177
Step: 1425408	Mean reward: 21.75	 Loss: -0.04252738505601883
Step: 1433600	Mean reward: 20.21875	 Loss: -0.09718344360589981
Step: 1441792	Mean reward: 21.28125	 Loss: -0.10858914256095886
Step: 1449984	Mean reward: 22.34375	 Loss: 0.07760005444288254
Step: 1458176	Mean reward: 21.375	 Loss: -0.032207928597927094
Step: 1466368	Mean reward: 19.59375	 Loss: 0.000673757866024971
Step: 1474560	Mean reward: 20.5	 Loss: -0.07120724022388458
Step: 1482752	Mean reward: 22.125	 Loss: -0.04206254333257675
Step: 1490944	Mean reward: 21.5625	 Loss: 0.015868082642555237
Step: 1499136	Mean reward: 21.875	 Loss: 0.02184882014989853
Step: 1507328	Mean reward: 21.8125	 Loss: 0.0004263781011104584
Step: 1515520	Mean reward: 21.46875	 Loss: -0.02225864678621292
Step: 1523712	Mean reward: 20.8125	 Loss: -0.046077556908130646
Step: 1531904	Mean reward: 21.1875	 Loss: -0.03922659158706665
Step: 1540096	Mean reward: 19.75	 Loss: 0.027875268831849098
Step: 1548288	Mean reward: 20.34375	 Loss: 0.03853850066661835
Step: 1556480	Mean reward: 23.0625	 Loss: 0.012265069410204887
Step: 1564672	Mean reward: 20.4375	 Loss: 0.046983711421489716
Step: 1572864	Mean reward: 19.3125	 Loss: -0.0016656722873449326
Step: 1581056	Mean reward: 21.8125	 Loss: -0.10501152276992798
Step: 1589248	Mean reward: 20.6875	 Loss: -0.10921134054660797
Step: 1597440	Mean reward: 21.75	 Loss: 0.02353942207992077
Step: 1605632	Mean reward: 21.625	 Loss: -0.04792429506778717
Step: 1613824	Mean reward: 21.0	 Loss: -0.022443823516368866
Step: 1622016	Mean reward: 21.84375	 Loss: -0.05849393829703331
Step: 1630208	Mean reward: 20.90625	 Loss: -0.018529152497649193
Step: 1638400	Mean reward: 21.375	 Loss: 0.025543589144945145
Step: 1646592	Mean reward: 22.40625	 Loss: 0.015503479167819023
Step: 1654784	Mean reward: 21.21875	 Loss: 0.025814346969127655
Step: 1662976	Mean reward: 21.0625	 Loss: 0.03879658132791519
Step: 1671168	Mean reward: 21.53125	 Loss: 0.06795153021812439
Step: 1679360	Mean reward: 20.125	 Loss: -0.05246976017951965
Step: 1687552	Mean reward: 20.875	 Loss: 0.02348586916923523
Step: 1695744	Mean reward: 21.0	 Loss: -0.02400756999850273
Step: 1703936	Mean reward: 20.9375	 Loss: -0.059433069080114365
Step: 1712128	Mean reward: 22.4375	 Loss: -0.009181948378682137
Step: 1720320	Mean reward: 21.59375	 Loss: -0.0325453020632267
Step: 1728512	Mean reward: 20.96875	 Loss: 0.002420480363070965
Step: 1736704	Mean reward: 20.5625	 Loss: 0.034294065088033676
Step: 1744896	Mean reward: 22.40625	 Loss: -0.06080896779894829
Step: 1753088	Mean reward: 22.0	 Loss: 0.041117701679468155
Step: 1761280	Mean reward: 23.875	 Loss: 0.07789741456508636
Step: 1769472	Mean reward: 21.96875	 Loss: 0.048430658876895905
Step: 1777664	Mean reward: 21.40625	 Loss: 0.014663772657513618
Step: 1785856	Mean reward: 20.25	 Loss: -0.011397099122405052
Step: 1794048	Mean reward: 21.59375	 Loss: 0.002369685098528862
Step: 1802240	Mean reward: 21.65625	 Loss: -0.028702571988105774
Step: 1810432	Mean reward: 21.15625	 Loss: 0.008951726369559765
Step: 1818624	Mean reward: 22.3125	 Loss: 0.020018354058265686
Step: 1826816	Mean reward: 23.25	 Loss: -0.015994485467672348
Step: 1835008	Mean reward: 20.65625	 Loss: 0.006980829872190952
Step: 1843200	Mean reward: 20.4375	 Loss: 0.027650170028209686
Step: 1851392	Mean reward: 19.78125	 Loss: 0.020196661353111267
Step: 1859584	Mean reward: 20.59375	 Loss: -0.08139465004205704
Step: 1867776	Mean reward: 22.25	 Loss: -0.06887924671173096
Step: 1875968	Mean reward: 21.59375	 Loss: -0.10772568732500076
Step: 1884160	Mean reward: 20.5625	 Loss: -0.02734462171792984
Step: 1892352	Mean reward: 22.09375	 Loss: -0.027145199477672577
Step: 1900544	Mean reward: 22.21875	 Loss: -0.02656691148877144
Step: 1908736	Mean reward: 20.4375	 Loss: -0.05810142308473587
Step: 1916928	Mean reward: 21.65625	 Loss: -0.08597931265830994
Step: 1925120	Mean reward: 20.1875	 Loss: -0.009708610363304615
Step: 1933312	Mean reward: 21.75	 Loss: -0.05530090630054474
Step: 1941504	Mean reward: 20.65625	 Loss: 0.037793368101119995
Step: 1949696	Mean reward: 20.8125	 Loss: -0.04261890798807144
Step: 1957888	Mean reward: 22.28125	 Loss: 0.03056115098297596
Step: 1966080	Mean reward: 21.9375	 Loss: -0.011195332743227482
Step: 1974272	Mean reward: 22.4375	 Loss: -0.04077231511473656
Step: 1982464	Mean reward: 20.6875	 Loss: -0.056363511830568314
Step: 1990656	Mean reward: 20.1875	 Loss: -0.0365571565926075
Step: 1998848	Mean reward: 19.875	 Loss: -0.025594640523195267
Step: 2007040	Mean reward: 21.59375	 Loss: 0.046977102756500244
Step: 2015232	Mean reward: 21.96875	 Loss: 0.032067764550447464
Step: 2023424	Mean reward: 23.40625	 Loss: -0.009942805394530296
Step: 2031616	Mean reward: 23.21875	 Loss: -0.043677762150764465
Step: 2039808	Mean reward: 22.78125	 Loss: -0.03695467486977577
Step: 2048000	Mean reward: 19.9375	 Loss: 0.023134056478738785
Step: 2056192	Mean reward: 21.78125	 Loss: -0.05110558867454529
Step: 2064384	Mean reward: 20.59375	 Loss: 0.05795247107744217
Step: 2072576	Mean reward: 22.03125	 Loss: -0.01763847842812538
Step: 2080768	Mean reward: 21.75	 Loss: -0.03320954367518425
Step: 2088960	Mean reward: 21.25	 Loss: -0.050101518630981445
Step: 2097152	Mean reward: 21.90625	 Loss: -0.061847787350416183
Step: 2105344	Mean reward: 22.46875	 Loss: -0.0529337078332901
Step: 2113536	Mean reward: 23.03125	 Loss: -0.020699134096503258
Step: 2121728	Mean reward: 20.6875	 Loss: -0.04770287871360779
Step: 2129920	Mean reward: 22.1875	 Loss: -0.08561354130506516
Step: 2138112	Mean reward: 21.78125	 Loss: -0.03978529945015907
Step: 2146304	Mean reward: 22.5	 Loss: -0.033293403685092926
Step: 2154496	Mean reward: 22.46875	 Loss: 0.08239413052797318
Step: 2162688	Mean reward: 22.96875	 Loss: -0.01552535593509674
Step: 2170880	Mean reward: 20.90625	 Loss: 0.0029873233288526535
Step: 2179072	Mean reward: 21.84375	 Loss: -0.02704164758324623
Step: 2187264	Mean reward: 22.90625	 Loss: -0.03673294186592102
Step: 2195456	Mean reward: 23.625	 Loss: 0.023011907935142517
Step: 2203648	Mean reward: 21.25	 Loss: -0.10101800411939621
Step: 2211840	Mean reward: 21.75	 Loss: -0.03813005983829498
Step: 2220032	Mean reward: 23.125	 Loss: -0.016061842441558838
Step: 2228224	Mean reward: 22.625	 Loss: 0.033750228583812714
Step: 2236416	Mean reward: 21.15625	 Loss: -0.06721359491348267
Step: 2244608	Mean reward: 22.40625	 Loss: 0.016722746193408966
Step: 2252800	Mean reward: 24.3125	 Loss: -0.0940806195139885
Step: 2260992	Mean reward: 22.71875	 Loss: -0.11395461112260818
Step: 2269184	Mean reward: 23.78125	 Loss: 0.0414239838719368
Step: 2277376	Mean reward: 22.84375	 Loss: 0.0069006988778710365
Step: 2285568	Mean reward: 21.65625	 Loss: -0.03985068202018738
Step: 2293760	Mean reward: 22.28125	 Loss: 0.02642473205924034
Step: 2301952	Mean reward: 21.78125	 Loss: -0.02485836297273636
Step: 2310144	Mean reward: 22.40625	 Loss: -0.02989456057548523
Step: 2318336	Mean reward: 21.40625	 Loss: 0.006590729579329491
Step: 2326528	Mean reward: 24.4375	 Loss: -0.028993897140026093
Step: 2334720	Mean reward: 22.5	 Loss: 0.04651396721601486
Step: 2342912	Mean reward: 23.34375	 Loss: 0.03227360174059868
Step: 2351104	Mean reward: 21.09375	 Loss: -0.03235126659274101
Step: 2359296	Mean reward: 23.53125	 Loss: -0.0731901153922081
Step: 2367488	Mean reward: 22.15625	 Loss: -0.022470302879810333
Step: 2375680	Mean reward: 23.71875	 Loss: 0.037698253989219666
Step: 2383872	Mean reward: 23.90625	 Loss: -0.043859295547008514
Step: 2392064	Mean reward: 22.875	 Loss: -0.038943927735090256
Step: 2400256	Mean reward: 22.6875	 Loss: -0.04997606948018074
Step: 2408448	Mean reward: 23.84375	 Loss: -0.05712508037686348
Step: 2416640	Mean reward: 23.6875	 Loss: 0.08711174130439758
Step: 2424832	Mean reward: 20.90625	 Loss: -0.02745901420712471
Step: 2433024	Mean reward: 23.09375	 Loss: -0.0022019026800990105
Step: 2441216	Mean reward: 23.375	 Loss: -0.05718870460987091
Step: 2449408	Mean reward: 22.5	 Loss: 0.007901602424681187
Step: 2457600	Mean reward: 24.25	 Loss: 0.03254985809326172
Step: 2465792	Mean reward: 23.125	 Loss: -0.07155130803585052
Step: 2473984	Mean reward: 22.03125	 Loss: 0.03762422502040863
Step: 2482176	Mean reward: 22.28125	 Loss: 0.027307793498039246
Step: 2490368	Mean reward: 22.0625	 Loss: 0.08157358318567276
Step: 2498560	Mean reward: 23.90625	 Loss: 0.005515506491065025
Step: 2506752	Mean reward: 21.34375	 Loss: 0.016625449061393738
Step: 2514944	Mean reward: 22.34375	 Loss: 0.0371309369802475
Step: 2523136	Mean reward: 21.25	 Loss: 0.056219376623630524
Step: 2531328	Mean reward: 22.625	 Loss: -0.06331759691238403
Step: 2539520	Mean reward: 22.71875	 Loss: -0.051496490836143494
Step: 2547712	Mean reward: 22.59375	 Loss: -0.013198533095419407
Step: 2555904	Mean reward: 22.53125	 Loss: -0.14328548312187195
Step: 2564096	Mean reward: 21.375	 Loss: 0.025533951818943024
Step: 2572288	Mean reward: 20.34375	 Loss: 0.038271091878414154
Step: 2580480	Mean reward: 21.65625	 Loss: -0.0040098754689097404
Step: 2588672	Mean reward: 22.375	 Loss: -0.037104252725839615
Step: 2596864	Mean reward: 23.5625	 Loss: 0.027351440861821175
Step: 2605056	Mean reward: 23.03125	 Loss: 0.07400532066822052
Step: 2613248	Mean reward: 23.125	 Loss: -0.04581519216299057
Step: 2621440	Mean reward: 22.21875	 Loss: 0.003383665345609188
Step: 2629632	Mean reward: 24.21875	 Loss: -0.040358249098062515
Step: 2637824	Mean reward: 24.40625	 Loss: 0.012371580116450787
Step: 2646016	Mean reward: 22.6875	 Loss: -0.09650461375713348
Step: 2654208	Mean reward: 23.25	 Loss: 0.059918396174907684
Step: 2662400	Mean reward: 23.25	 Loss: 0.07163127511739731
Step: 2670592	Mean reward: 23.21875	 Loss: 0.007726689800620079
Step: 2678784	Mean reward: 20.5	 Loss: 0.009974020533263683
Step: 2686976	Mean reward: 21.34375	 Loss: 0.010626868344843388
Step: 2695168	Mean reward: 22.875	 Loss: -0.021625947207212448
Step: 2703360	Mean reward: 22.28125	 Loss: -0.018534952774643898
Step: 2711552	Mean reward: 21.96875	 Loss: -0.10589062422513962
Step: 2719744	Mean reward: 22.59375	 Loss: 0.03774174675345421
Step: 2727936	Mean reward: 21.5625	 Loss: -0.054539233446121216
Step: 2736128	Mean reward: 21.8125	 Loss: -0.007182729430496693
Step: 2744320	Mean reward: 24.46875	 Loss: -0.02874501422047615
Step: 2752512	Mean reward: 22.6875	 Loss: -0.012889868579804897
Step: 2760704	Mean reward: 21.75	 Loss: 0.005216578952968121
Step: 2768896	Mean reward: 21.875	 Loss: -0.08070742338895798
Step: 2777088	Mean reward: 22.375	 Loss: -0.07613393664360046
Step: 2785280	Mean reward: 22.25	 Loss: -0.054263271391391754
Step: 2793472	Mean reward: 23.3125	 Loss: 0.021915245801210403
Step: 2801664	Mean reward: 22.34375	 Loss: -0.14743389189243317
Step: 2809856	Mean reward: 22.78125	 Loss: -0.056130021810531616
Step: 2818048	Mean reward: 23.09375	 Loss: 0.02281131222844124
Step: 2826240	Mean reward: 21.75	 Loss: -0.042545855045318604
Step: 2834432	Mean reward: 23.0	 Loss: 0.030486375093460083
Step: 2842624	Mean reward: 22.375	 Loss: -0.09390222281217575
Step: 2850816	Mean reward: 22.78125	 Loss: -0.06461858749389648
Step: 2859008	Mean reward: 23.0	 Loss: 0.005311744287610054
Step: 2867200	Mean reward: 23.59375	 Loss: -0.029735170304775238
Step: 2875392	Mean reward: 23.21875	 Loss: -0.06429347395896912
Step: 2883584	Mean reward: 22.46875	 Loss: -0.07344850152730942
Step: 2891776	Mean reward: 22.65625	 Loss: 0.03815493732690811
Step: 2899968	Mean reward: 23.15625	 Loss: 0.028351010754704475
Step: 2908160	Mean reward: 24.71875	 Loss: -0.04729057103395462
Step: 2916352	Mean reward: 24.625	 Loss: -0.01999906450510025
Step: 2924544	Mean reward: 23.75	 Loss: 0.022198162972927094
Step: 2932736	Mean reward: 25.21875	 Loss: 0.044951822608709335
Step: 2940928	Mean reward: 22.5625	 Loss: -0.03444145992398262
Step: 2949120	Mean reward: 22.71875	 Loss: -0.04669845476746559
Step: 2957312	Mean reward: 25.46875	 Loss: -0.01179478783160448
Step: 2965504	Mean reward: 22.0625	 Loss: 0.0523730143904686
Step: 2973696	Mean reward: 22.53125	 Loss: 0.03787313774228096
Step: 2981888	Mean reward: 22.6875	 Loss: 0.0542626790702343
Step: 2990080	Mean reward: 22.46875	 Loss: -0.03341199457645416
Step: 2998272	Mean reward: 22.71875	 Loss: 0.08845267444849014
Step: 3006464	Mean reward: 23.25	 Loss: -0.004018846899271011
Step: 3014656	Mean reward: 22.96875	 Loss: -0.0016375994309782982
Step: 3022848	Mean reward: 23.5	 Loss: -0.05818820744752884
Step: 3031040	Mean reward: 22.1875	 Loss: 0.08296972513198853
Step: 3039232	Mean reward: 23.0	 Loss: -0.023955989629030228
Step: 3047424	Mean reward: 23.25	 Loss: -0.07054173201322556
Step: 3055616	Mean reward: 22.90625	 Loss: -0.07544972747564316
Step: 3063808	Mean reward: 23.03125	 Loss: 0.0193316750228405
Step: 3072000	Mean reward: 23.625	 Loss: 0.03061823546886444
Step: 3080192	Mean reward: 23.5625	 Loss: 0.0010269340127706528
Step: 3088384	Mean reward: 24.25	 Loss: -0.07580064982175827
Step: 3096576	Mean reward: 26.0	 Loss: -0.07182034105062485
Step: 3104768	Mean reward: 23.53125	 Loss: 0.0472203828394413
Step: 3112960	Mean reward: 24.09375	 Loss: -0.06958363950252533
Step: 3121152	Mean reward: 23.59375	 Loss: 0.00027162767946720123
Step: 3129344	Mean reward: 24.0	 Loss: -0.08090011030435562
Step: 3137536	Mean reward: 24.21875	 Loss: 0.014523590914905071
Step: 3145728	Mean reward: 24.28125	 Loss: -0.003962532617151737
Step: 3153920	Mean reward: 23.65625	 Loss: -0.042974721640348434
Step: 3162112	Mean reward: 24.28125	 Loss: 0.026072721928358078
Step: 3170304	Mean reward: 24.5	 Loss: 0.009674957022070885
Step: 3178496	Mean reward: 22.21875	 Loss: -0.05925656855106354
Step: 3186688	Mean reward: 22.625	 Loss: 0.04336540028452873
Step: 3194880	Mean reward: 22.25	 Loss: 0.03636326268315315
Step: 3203072	Mean reward: 24.6875	 Loss: -0.03719223663210869
Step: 3211264	Mean reward: 23.125	 Loss: 0.033248305320739746
Step: 3219456	Mean reward: 24.71875	 Loss: 0.03862886130809784
Step: 3227648	Mean reward: 22.09375	 Loss: 0.0066780876368284225
Step: 3235840	Mean reward: 22.96875	 Loss: -0.012657787650823593
Step: 3244032	Mean reward: 22.28125	 Loss: -0.09362658858299255
Step: 3252224	Mean reward: 23.875	 Loss: -0.01959768682718277
Step: 3260416	Mean reward: 24.3125	 Loss: -0.04823993146419525
Step: 3268608	Mean reward: 24.0625	 Loss: 0.0039899712428450584
Step: 3276800	Mean reward: 22.625	 Loss: 0.006234358064830303
Step: 3284992	Mean reward: 23.90625	 Loss: 0.006424441002309322
Step: 3293184	Mean reward: 24.6875	 Loss: 0.0401650071144104
Step: 3301376	Mean reward: 22.25	 Loss: 0.05155628174543381
Step: 3309568	Mean reward: 24.78125	 Loss: -0.0723084807395935
Step: 3317760	Mean reward: 24.96875	 Loss: 0.09904421865940094
Step: 3325952	Mean reward: 24.5625	 Loss: -0.001329377293586731
Step: 3334144	Mean reward: 23.5625	 Loss: -0.05629632622003555
Step: 3342336	Mean reward: 24.5625	 Loss: 0.003068525344133377
Step: 3350528	Mean reward: 23.40625	 Loss: 0.12574592232704163
Step: 3358720	Mean reward: 23.46875	 Loss: 0.000410974957048893
Step: 3366912	Mean reward: 21.59375	 Loss: -0.028127223253250122
Step: 3375104	Mean reward: 24.03125	 Loss: 0.014123616740107536
Step: 3383296	Mean reward: 24.8125	 Loss: -0.01581127569079399
Step: 3391488	Mean reward: 22.6875	 Loss: -0.04142507538199425
Step: 3399680	Mean reward: 23.53125	 Loss: 0.05129574239253998
Step: 3407872	Mean reward: 22.71875	 Loss: -0.0008301651105284691
Step: 3416064	Mean reward: 23.4375	 Loss: -0.03278322145342827
Step: 3424256	Mean reward: 22.5625	 Loss: 0.03376474976539612
Step: 3432448	Mean reward: 22.5	 Loss: -0.008421249687671661
Step: 3440640	Mean reward: 23.25	 Loss: -0.011353653855621815
Step: 3448832	Mean reward: 23.15625	 Loss: -0.007207129150629044
Step: 3457024	Mean reward: 22.84375	 Loss: -0.03016960434615612
Step: 3465216	Mean reward: 24.71875	 Loss: -0.0644197016954422
Step: 3473408	Mean reward: 24.1875	 Loss: -0.04343971237540245
Step: 3481600	Mean reward: 22.8125	 Loss: 0.0072615258395671844
Step: 3489792	Mean reward: 24.0625	 Loss: 0.04827538877725601
Step: 3497984	Mean reward: 23.1875	 Loss: 0.09356606751680374
Step: 3506176	Mean reward: 23.9375	 Loss: 0.051719099283218384
Step: 3514368	Mean reward: 23.5	 Loss: -0.018117763102054596
Step: 3522560	Mean reward: 24.25	 Loss: 0.06102289631962776
Step: 3530752	Mean reward: 24.15625	 Loss: 0.015089962631464005
Step: 3538944	Mean reward: 26.1875	 Loss: 0.016276642680168152
Step: 3547136	Mean reward: 24.03125	 Loss: 0.0029714712873101234
Step: 3555328	Mean reward: 23.3125	 Loss: -0.0675959661602974
Step: 3563520	Mean reward: 23.25	 Loss: -0.14049968123435974
Step: 3571712	Mean reward: 25.6875	 Loss: -0.0024601900950074196
Step: 3579904	Mean reward: 23.9375	 Loss: -0.023193852975964546
Step: 3588096	Mean reward: 23.96875	 Loss: -0.035864319652318954
Step: 3596288	Mean reward: 25.375	 Loss: -0.07417687773704529
Step: 3604480	Mean reward: 24.34375	 Loss: -0.08491330593824387
Step: 3612672	Mean reward: 23.21875	 Loss: -0.011976487934589386
Step: 3620864	Mean reward: 23.125	 Loss: -0.014406558126211166
Step: 3629056	Mean reward: 24.53125	 Loss: -0.006513841450214386
Step: 3637248	Mean reward: 24.0	 Loss: -0.06484632194042206
Step: 3645440	Mean reward: 24.15625	 Loss: -0.045032136142253876
Step: 3653632	Mean reward: 24.5	 Loss: -4.408136010169983e-05
Step: 3661824	Mean reward: 23.5625	 Loss: 0.014145835302770138
Step: 3670016	Mean reward: 23.53125	 Loss: 0.038254279643297195
Step: 3678208	Mean reward: 24.59375	 Loss: -0.06389577686786652
Step: 3686400	Mean reward: 24.53125	 Loss: -5.7367607951164246e-05
Step: 3694592	Mean reward: 24.0	 Loss: -0.006018884479999542
Step: 3702784	Mean reward: 25.5	 Loss: -0.008827928453683853
Step: 3710976	Mean reward: 23.03125	 Loss: -0.019389694556593895
Step: 3719168	Mean reward: 23.0625	 Loss: -0.052362117916345596
Step: 3727360	Mean reward: 23.65625	 Loss: 0.04483891278505325
Step: 3735552	Mean reward: 24.375	 Loss: 0.025952428579330444
Step: 3743744	Mean reward: 23.75	 Loss: -0.029698213562369347
Step: 3751936	Mean reward: 23.8125	 Loss: 0.011687999591231346
Step: 3760128	Mean reward: 23.625	 Loss: 0.016169589012861252
Step: 3768320	Mean reward: 23.3125	 Loss: 0.02904362976551056
Step: 3776512	Mean reward: 22.71875	 Loss: 0.010166183114051819
Step: 3784704	Mean reward: 21.65625	 Loss: -0.051439784467220306
Step: 3792896	Mean reward: 23.75	 Loss: 0.006568870507180691
Step: 3801088	Mean reward: 23.9375	 Loss: -0.034281522035598755
Step: 3809280	Mean reward: 23.4375	 Loss: -0.012408663518726826
Step: 3817472	Mean reward: 25.28125	 Loss: 0.05221334099769592
Step: 3825664	Mean reward: 23.75	 Loss: -0.08360160887241364
Step: 3833856	Mean reward: 25.6875	 Loss: -0.006449802778661251
Step: 3842048	Mean reward: 23.1875	 Loss: -0.009890497662127018
Step: 3850240	Mean reward: 23.34375	 Loss: -0.0882272869348526
Step: 3858432	Mean reward: 21.6875	 Loss: -0.03571163862943649
Step: 3866624	Mean reward: 22.3125	 Loss: -0.008213255554437637
Step: 3874816	Mean reward: 23.21875	 Loss: -0.07939602434635162
Step: 3883008	Mean reward: 20.8125	 Loss: -0.029562929645180702
Step: 3891200	Mean reward: 23.40625	 Loss: -0.04118041694164276
Step: 3899392	Mean reward: 22.96875	 Loss: 0.0021946504712104797
Step: 3907584	Mean reward: 23.5625	 Loss: -0.03419751673936844
Step: 3915776	Mean reward: 24.65625	 Loss: 0.022404957562685013
Step: 3923968	Mean reward: 24.4375	 Loss: -0.07258272916078568
Step: 3932160	Mean reward: 25.59375	 Loss: -0.04123988002538681
Step: 3940352	Mean reward: 24.1875	 Loss: -0.048533886671066284
Step: 3948544	Mean reward: 26.0625	 Loss: -0.04180998355150223
Step: 3956736	Mean reward: 25.375	 Loss: 0.007659589871764183
Step: 3964928	Mean reward: 26.0625	 Loss: 0.0004732739180326462
Step: 3973120	Mean reward: 23.59375	 Loss: -0.03385240212082863
Step: 3981312	Mean reward: 24.0625	 Loss: -0.06768888980150223
Step: 3989504	Mean reward: 24.375	 Loss: -0.021873168647289276
Step: 3997696	Mean reward: 23.34375	 Loss: 0.04282049462199211
Step: 4005888	Mean reward: 24.375	 Loss: -0.03840842843055725
Completed training at 2021-12-06 00:48:59
