Observation space: Box([[[0. 0. 0. ... 0. 0. 0.]
  [0. 0. 0. ... 0. 0. 0.]
  [0. 0. 0. ... 0. 0. 0.]
  ...
  [0. 0. 0. ... 0. 0. 0.]
  [0. 0. 0. ... 0. 0. 0.]
  [0. 0. 0. ... 0. 0. 0.]]

 [[0. 0. 0. ... 0. 0. 0.]
  [0. 0. 0. ... 0. 0. 0.]
  [0. 0. 0. ... 0. 0. 0.]
  ...
  [0. 0. 0. ... 0. 0. 0.]
  [0. 0. 0. ... 0. 0. 0.]
  [0. 0. 0. ... 0. 0. 0.]]

 [[0. 0. 0. ... 0. 0. 0.]
  [0. 0. 0. ... 0. 0. 0.]
  [0. 0. 0. ... 0. 0. 0.]
  ...
  [0. 0. 0. ... 0. 0. 0.]
  [0. 0. 0. ... 0. 0. 0.]
  [0. 0. 0. ... 0. 0. 0.]]], [[[1. 1. 1. ... 1. 1. 1.]
  [1. 1. 1. ... 1. 1. 1.]
  [1. 1. 1. ... 1. 1. 1.]
  ...
  [1. 1. 1. ... 1. 1. 1.]
  [1. 1. 1. ... 1. 1. 1.]
  [1. 1. 1. ... 1. 1. 1.]]

 [[1. 1. 1. ... 1. 1. 1.]
  [1. 1. 1. ... 1. 1. 1.]
  [1. 1. 1. ... 1. 1. 1.]
  ...
  [1. 1. 1. ... 1. 1. 1.]
  [1. 1. 1. ... 1. 1. 1.]
  [1. 1. 1. ... 1. 1. 1.]]

 [[1. 1. 1. ... 1. 1. 1.]
  [1. 1. 1. ... 1. 1. 1.]
  [1. 1. 1. ... 1. 1. 1.]
  ...
  [1. 1. 1. ... 1. 1. 1.]
  [1. 1. 1. ... 1. 1. 1.]
  [1. 1. 1. ... 1. 1. 1.]]], (3, 64, 64), float32)
Action space: 15
Step: 8192	Mean reward: 3.125
Step: 16384	Mean reward: 3.75
Step: 24576	Mean reward: 2.8125
Step: 32768	Mean reward: 4.0625
Step: 40960	Mean reward: 4.0625
Step: 49152	Mean reward: 4.375
Step: 57344	Mean reward: 4.6875
Step: 65536	Mean reward: 1.25
Step: 73728	Mean reward: 4.6875
Step: 81920	Mean reward: 3.4375
Step: 90112	Mean reward: 6.25
Step: 98304	Mean reward: 4.0625
Step: 106496	Mean reward: 3.4375
Step: 114688	Mean reward: 4.0625
Step: 122880	Mean reward: 3.4375
Step: 131072	Mean reward: 1.875
Step: 139264	Mean reward: 1.25
Step: 147456	Mean reward: 5.3125
Step: 155648	Mean reward: 2.8125
Step: 163840	Mean reward: 3.4375
Step: 172032	Mean reward: 3.4375
Step: 180224	Mean reward: 5.0
Step: 188416	Mean reward: 2.8125
Step: 196608	Mean reward: 4.6875
Step: 204800	Mean reward: 3.4375
Step: 212992	Mean reward: 3.4375
Step: 221184	Mean reward: 2.5
Step: 229376	Mean reward: 2.1875
Step: 237568	Mean reward: 1.5625
Step: 245760	Mean reward: 4.0625
Step: 253952	Mean reward: 3.125
Step: 262144	Mean reward: 6.5625
Step: 270336	Mean reward: 3.125
Step: 278528	Mean reward: 3.125
Step: 286720	Mean reward: 3.4375
Step: 294912	Mean reward: 4.6875
Step: 303104	Mean reward: 3.125
Step: 311296	Mean reward: 5.0
Step: 319488	Mean reward: 3.75
Step: 327680	Mean reward: 4.6875
Step: 335872	Mean reward: 2.5
Step: 344064	Mean reward: 5.625
Step: 352256	Mean reward: 3.125
Step: 360448	Mean reward: 2.1875
Step: 368640	Mean reward: 1.5625
Step: 376832	Mean reward: 3.125
Step: 385024	Mean reward: 2.8125
Step: 393216	Mean reward: 5.9375
Step: 401408	Mean reward: 3.125
Step: 409600	Mean reward: 2.8125
Step: 417792	Mean reward: 4.6875
Step: 425984	Mean reward: 5.0
Step: 434176	Mean reward: 2.8125
Step: 442368	Mean reward: 5.3125
Step: 450560	Mean reward: 5.625
Step: 458752	Mean reward: 3.125
Step: 466944	Mean reward: 4.375
Step: 475136	Mean reward: 2.5
Step: 483328	Mean reward: 3.4375
Step: 491520	Mean reward: 2.5
Step: 499712	Mean reward: 4.6875
Step: 507904	Mean reward: 4.6875
Step: 516096	Mean reward: 2.5
Step: 524288	Mean reward: 2.1875
Step: 532480	Mean reward: 2.5
Step: 540672	Mean reward: 4.375
Step: 548864	Mean reward: 4.0625
Step: 557056	Mean reward: 5.0
Step: 565248	Mean reward: 2.1875
Step: 573440	Mean reward: 2.1875
Step: 581632	Mean reward: 3.75
Step: 589824	Mean reward: 3.75
Step: 598016	Mean reward: 3.4375
Step: 606208	Mean reward: 3.4375
Step: 614400	Mean reward: 4.375
Step: 622592	Mean reward: 4.0625
Step: 630784	Mean reward: 5.3125
Step: 638976	Mean reward: 4.6875
Step: 647168	Mean reward: 5.9375
Step: 655360	Mean reward: 3.75
Step: 663552	Mean reward: 3.4375
Step: 671744	Mean reward: 6.875
Step: 679936	Mean reward: 1.875
Step: 688128	Mean reward: 3.125
Step: 696320	Mean reward: 3.4375
Step: 704512	Mean reward: 2.8125
Step: 712704	Mean reward: 2.5
Step: 720896	Mean reward: 7.1875
Step: 729088	Mean reward: 3.4375
Step: 737280	Mean reward: 2.1875
Step: 745472	Mean reward: 2.8125
Step: 753664	Mean reward: 4.0625
Step: 761856	Mean reward: 3.75
Step: 770048	Mean reward: 3.4375
Step: 778240	Mean reward: 5.0
Step: 786432	Mean reward: 3.4375
Step: 794624	Mean reward: 2.1875
Step: 802816	Mean reward: 2.5
Step: 811008	Mean reward: 3.125
Step: 819200	Mean reward: 5.9375
Step: 827392	Mean reward: 3.75
Step: 835584	Mean reward: 2.5
Step: 843776	Mean reward: 5.3125
Step: 851968	Mean reward: 5.3125
Step: 860160	Mean reward: 6.5625
Step: 868352	Mean reward: 1.25
Step: 876544	Mean reward: 3.75
Step: 884736	Mean reward: 2.8125
Step: 892928	Mean reward: 3.125
Step: 901120	Mean reward: 5.3125
Step: 909312	Mean reward: 3.125
Step: 917504	Mean reward: 2.1875
Step: 925696	Mean reward: 2.8125
Step: 933888	Mean reward: 3.125
Step: 942080	Mean reward: 1.875
Step: 950272	Mean reward: 5.625
Step: 958464	Mean reward: 2.1875
Step: 966656	Mean reward: 1.875
Step: 974848	Mean reward: 3.4375
Step: 983040	Mean reward: 3.75
Step: 991232	Mean reward: 3.4375
Step: 999424	Mean reward: 4.6875
Step: 1007616	Mean reward: 5.625
Step: 1015808	Mean reward: 2.5
Step: 1024000	Mean reward: 1.25
Step: 1032192	Mean reward: 3.75
Step: 1040384	Mean reward: 2.8125
Step: 1048576	Mean reward: 2.1875
Step: 1056768	Mean reward: 3.4375
Step: 1064960	Mean reward: 2.5
Step: 1073152	Mean reward: 1.5625
Step: 1081344	Mean reward: 2.1875
Step: 1089536	Mean reward: 4.0625
Step: 1097728	Mean reward: 3.125
Step: 1105920	Mean reward: 3.4375
Step: 1114112	Mean reward: 2.1875
Step: 1122304	Mean reward: 4.375
Step: 1130496	Mean reward: 2.8125
Step: 1138688	Mean reward: 4.6875
Step: 1146880	Mean reward: 3.75
Step: 1155072	Mean reward: 1.875
Step: 1163264	Mean reward: 2.8125
Step: 1171456	Mean reward: 4.375
Step: 1179648	Mean reward: 4.0625
Step: 1187840	Mean reward: 2.8125
Step: 1196032	Mean reward: 3.4375
Step: 1204224	Mean reward: 4.375
Step: 1212416	Mean reward: 5.9375
Step: 1220608	Mean reward: 4.6875
Step: 1228800	Mean reward: 5.625
Step: 1236992	Mean reward: 2.8125
Step: 1245184	Mean reward: 3.125
Step: 1253376	Mean reward: 5.0
Step: 1261568	Mean reward: 3.75
Step: 1269760	Mean reward: 4.375
Step: 1277952	Mean reward: 3.75
Step: 1286144	Mean reward: 2.8125
Step: 1294336	Mean reward: 4.0625
Step: 1302528	Mean reward: 1.875
Step: 1310720	Mean reward: 5.0
Step: 1318912	Mean reward: 1.875
Step: 1327104	Mean reward: 2.8125
Step: 1335296	Mean reward: 2.5
Step: 1343488	Mean reward: 5.625
Step: 1351680	Mean reward: 3.4375
Step: 1359872	Mean reward: 3.75
Step: 1368064	Mean reward: 4.375
Step: 1376256	Mean reward: 2.5
Step: 1384448	Mean reward: 4.0625
Step: 1392640	Mean reward: 2.5
Step: 1400832	Mean reward: 5.3125
Step: 1409024	Mean reward: 4.375
Step: 1417216	Mean reward: 3.125
Step: 1425408	Mean reward: 2.1875
Step: 1433600	Mean reward: 1.5625
Step: 1441792	Mean reward: 4.6875
Step: 1449984	Mean reward: 4.6875
Step: 1458176	Mean reward: 4.6875
Step: 1466368	Mean reward: 3.75
Step: 1474560	Mean reward: 4.375
Step: 1482752	Mean reward: 3.75
Step: 1490944	Mean reward: 4.375
Step: 1499136	Mean reward: 2.1875
Step: 1507328	Mean reward: 5.625
Step: 1515520	Mean reward: 0.9375
Step: 1523712	Mean reward: 1.875
Step: 1531904	Mean reward: 6.875
Step: 1540096	Mean reward: 4.0625
Step: 1548288	Mean reward: 0.625
Step: 1556480	Mean reward: 3.4375
Step: 1564672	Mean reward: 5.625
Step: 1572864	Mean reward: 2.5
Step: 1581056	Mean reward: 2.5
Step: 1589248	Mean reward: 3.125
Step: 1597440	Mean reward: 3.4375
Step: 1605632	Mean reward: 3.75
Step: 1613824	Mean reward: 3.4375
Step: 1622016	Mean reward: 5.625
Step: 1630208	Mean reward: 1.875
Step: 1638400	Mean reward: 4.6875
Step: 1646592	Mean reward: 1.875
Step: 1654784	Mean reward: 3.125
Step: 1662976	Mean reward: 4.375
Step: 1671168	Mean reward: 3.125
Step: 1679360	Mean reward: 2.8125
Step: 1687552	Mean reward: 2.5
Step: 1695744	Mean reward: 4.375
Step: 1703936	Mean reward: 2.5
Step: 1712128	Mean reward: 5.9375
Step: 1720320	Mean reward: 3.125
Step: 1728512	Mean reward: 3.125
Step: 1736704	Mean reward: 4.375
Step: 1744896	Mean reward: 3.125
Step: 1753088	Mean reward: 3.4375
Step: 1761280	Mean reward: 3.4375
Step: 1769472	Mean reward: 3.4375
Step: 1777664	Mean reward: 2.5
Step: 1785856	Mean reward: 4.375
Step: 1794048	Mean reward: 3.75
Step: 1802240	Mean reward: 2.1875
Step: 1810432	Mean reward: 2.5
Step: 1818624	Mean reward: 2.1875
Step: 1826816	Mean reward: 3.125
Step: 1835008	Mean reward: 4.375
Step: 1843200	Mean reward: 3.4375
Step: 1851392	Mean reward: 5.0
Step: 1859584	Mean reward: 3.4375
Step: 1867776	Mean reward: 2.1875
Step: 1875968	Mean reward: 4.6875
Step: 1884160	Mean reward: 3.125
Step: 1892352	Mean reward: 1.875
Step: 1900544	Mean reward: 0.9375
Step: 1908736	Mean reward: 4.375
Step: 1916928	Mean reward: 1.875
Step: 1925120	Mean reward: 3.75
Step: 1933312	Mean reward: 1.25
Step: 1941504	Mean reward: 2.8125
Step: 1949696	Mean reward: 3.125
Step: 1957888	Mean reward: 3.4375
Step: 1966080	Mean reward: 4.6875
Step: 1974272	Mean reward: 3.4375
Step: 1982464	Mean reward: 4.0625
Step: 1990656	Mean reward: 3.75
Step: 1998848	Mean reward: 1.25
Step: 2007040	Mean reward: 3.125
Step: 2015232	Mean reward: 5.3125
Step: 2023424	Mean reward: 3.125
Step: 2031616	Mean reward: 4.375
Step: 2039808	Mean reward: 4.6875
Step: 2048000	Mean reward: 3.125
Step: 2056192	Mean reward: 4.0625
Step: 2064384	Mean reward: 7.1875
Step: 2072576	Mean reward: 4.0625
Step: 2080768	Mean reward: 3.75
Step: 2088960	Mean reward: 2.8125
Step: 2097152	Mean reward: 3.125
Step: 2105344	Mean reward: 1.875
Step: 2113536	Mean reward: 4.0625
Step: 2121728	Mean reward: 1.5625
Step: 2129920	Mean reward: 3.4375
Step: 2138112	Mean reward: 3.75
Step: 2146304	Mean reward: 5.0
Step: 2154496	Mean reward: 5.625
Step: 2162688	Mean reward: 2.8125
Step: 2170880	Mean reward: 1.5625
Step: 2179072	Mean reward: 5.625
Step: 2187264	Mean reward: 5.0
Step: 2195456	Mean reward: 3.75
Step: 2203648	Mean reward: 2.8125
Step: 2211840	Mean reward: 3.4375
Step: 2220032	Mean reward: 2.1875
Step: 2228224	Mean reward: 5.9375
Step: 2236416	Mean reward: 6.5625
Step: 2244608	Mean reward: 3.4375
Step: 2252800	Mean reward: 4.0625
Step: 2260992	Mean reward: 5.0
Step: 2269184	Mean reward: 2.8125
Step: 2277376	Mean reward: 3.125
Step: 2285568	Mean reward: 6.5625
Step: 2293760	Mean reward: 3.4375
Step: 2301952	Mean reward: 5.3125
Step: 2310144	Mean reward: 3.75
Step: 2318336	Mean reward: 4.375
Step: 2326528	Mean reward: 2.5
Step: 2334720	Mean reward: 3.4375
Step: 2342912	Mean reward: 5.0
Step: 2351104	Mean reward: 1.875
Step: 2359296	Mean reward: 4.375
Step: 2367488	Mean reward: 2.5
Step: 2375680	Mean reward: 6.25
Step: 2383872	Mean reward: 2.5
Step: 2392064	Mean reward: 3.4375
Step: 2400256	Mean reward: 2.1875
Step: 2408448	Mean reward: 2.5
Step: 2416640	Mean reward: 4.375
Step: 2424832	Mean reward: 3.75
Step: 2433024	Mean reward: 3.75
Step: 2441216	Mean reward: 3.4375
Step: 2449408	Mean reward: 2.5
Step: 2457600	Mean reward: 2.8125
Step: 2465792	Mean reward: 4.6875
Step: 2473984	Mean reward: 2.1875
Step: 2482176	Mean reward: 4.0625
Step: 2490368	Mean reward: 4.375
Step: 2498560	Mean reward: 3.75
Step: 2506752	Mean reward: 3.125
Step: 2514944	Mean reward: 0.9375
Step: 2523136	Mean reward: 2.5
Step: 2531328	Mean reward: 4.0625
Step: 2539520	Mean reward: 5.9375
Step: 2547712	Mean reward: 2.8125
Step: 2555904	Mean reward: 3.75
Step: 2564096	Mean reward: 2.1875
Step: 2572288	Mean reward: 3.125
Step: 2580480	Mean reward: 3.75
Step: 2588672	Mean reward: 5.9375
Step: 2596864	Mean reward: 4.0625
Step: 2605056	Mean reward: 2.8125
Step: 2613248	Mean reward: 3.4375
Step: 2621440	Mean reward: 5.9375
Step: 2629632	Mean reward: 7.5
Step: 2637824	Mean reward: 3.75
Step: 2646016	Mean reward: 3.125
Step: 2654208	Mean reward: 4.0625
Step: 2662400	Mean reward: 4.6875
Step: 2670592	Mean reward: 4.6875
Step: 2678784	Mean reward: 5.625
Step: 2686976	Mean reward: 5.0
Step: 2695168	Mean reward: 1.5625
Step: 2703360	Mean reward: 1.875
Step: 2711552	Mean reward: 2.5
Step: 2719744	Mean reward: 3.75
Step: 2727936	Mean reward: 3.4375
Step: 2736128	Mean reward: 3.75
Step: 2744320	Mean reward: 2.1875
Step: 2752512	Mean reward: 3.75
Step: 2760704	Mean reward: 3.75
Step: 2768896	Mean reward: 4.6875
Step: 2777088	Mean reward: 2.5
Step: 2785280	Mean reward: 2.8125
Step: 2793472	Mean reward: 2.8125
Step: 2801664	Mean reward: 0.9375
Step: 2809856	Mean reward: 5.625
Step: 2818048	Mean reward: 3.75
Step: 2826240	Mean reward: 3.4375
Step: 2834432	Mean reward: 2.8125
Step: 2842624	Mean reward: 5.3125
Step: 2850816	Mean reward: 1.25
Step: 2859008	Mean reward: 5.0
Step: 2867200	Mean reward: 4.375
Step: 2875392	Mean reward: 4.375
Step: 2883584	Mean reward: 4.375
Step: 2891776	Mean reward: 2.1875
Step: 2899968	Mean reward: 4.375
Step: 2908160	Mean reward: 3.125
Step: 2916352	Mean reward: 2.8125
Step: 2924544	Mean reward: 2.5
Step: 2932736	Mean reward: 3.125
Step: 2940928	Mean reward: 3.4375
Step: 2949120	Mean reward: 3.75
Step: 2957312	Mean reward: 4.6875
Step: 2965504	Mean reward: 4.0625
Step: 2973696	Mean reward: 3.75
Step: 2981888	Mean reward: 3.75
Step: 2990080	Mean reward: 4.375
Step: 2998272	Mean reward: 3.125
Step: 3006464	Mean reward: 3.125
Step: 3014656	Mean reward: 7.1875
Step: 3022848	Mean reward: 4.0625
Step: 3031040	Mean reward: 4.0625
Step: 3039232	Mean reward: 1.5625
Step: 3047424	Mean reward: 5.0
Step: 3055616	Mean reward: 4.375
Step: 3063808	Mean reward: 4.375
Step: 3072000	Mean reward: 5.9375
Step: 3080192	Mean reward: 5.0
Step: 3088384	Mean reward: 3.125
Step: 3096576	Mean reward: 4.375
Step: 3104768	Mean reward: 3.125
Step: 3112960	Mean reward: 4.375
Step: 3121152	Mean reward: 5.625
Step: 3129344	Mean reward: 2.8125
Step: 3137536	Mean reward: 2.1875
Step: 3145728	Mean reward: 2.5
Step: 3153920	Mean reward: 3.125
Step: 3162112	Mean reward: 3.4375
Step: 3170304	Mean reward: 4.375
Step: 3178496	Mean reward: 2.1875
Step: 3186688	Mean reward: 2.1875
Step: 3194880	Mean reward: 1.875
Step: 3203072	Mean reward: 2.5
Step: 3211264	Mean reward: 2.8125
Step: 3219456	Mean reward: 3.125
Step: 3227648	Mean reward: 2.1875
Step: 3235840	Mean reward: 5.3125
Step: 3244032	Mean reward: 2.1875
Step: 3252224	Mean reward: 4.6875
Step: 3260416	Mean reward: 3.4375
Step: 3268608	Mean reward: 2.5
Step: 3276800	Mean reward: 3.75
Step: 3284992	Mean reward: 5.9375
Step: 3293184	Mean reward: 2.5
Step: 3301376	Mean reward: 5.0
Step: 3309568	Mean reward: 3.125
Step: 3317760	Mean reward: 4.0625
Step: 3325952	Mean reward: 4.0625
Step: 3334144	Mean reward: 2.8125
Step: 3342336	Mean reward: 2.5
Step: 3350528	Mean reward: 3.125
Step: 3358720	Mean reward: 4.6875
Step: 3366912	Mean reward: 5.625
Step: 3375104	Mean reward: 3.4375
Step: 3383296	Mean reward: 4.0625
Step: 3391488	Mean reward: 2.8125
Step: 3399680	Mean reward: 4.0625
Step: 3407872	Mean reward: 3.125
Step: 3416064	Mean reward: 3.125
Step: 3424256	Mean reward: 3.75
Step: 3432448	Mean reward: 4.6875
Step: 3440640	Mean reward: 3.125
Step: 3448832	Mean reward: 4.6875
Step: 3457024	Mean reward: 3.4375
Step: 3465216	Mean reward: 3.75
Step: 3473408	Mean reward: 4.6875
Step: 3481600	Mean reward: 2.1875
Step: 3489792	Mean reward: 6.875
Step: 3497984	Mean reward: 2.1875
Step: 3506176	Mean reward: 5.9375
Step: 3514368	Mean reward: 4.0625
Step: 3522560	Mean reward: 3.4375
Step: 3530752	Mean reward: 5.3125
Step: 3538944	Mean reward: 6.25
Step: 3547136	Mean reward: 1.5625
Step: 3555328	Mean reward: 4.6875
Step: 3563520	Mean reward: 3.75
Step: 3571712	Mean reward: 4.0625
Step: 3579904	Mean reward: 2.5
Step: 3588096	Mean reward: 4.0625
Step: 3596288	Mean reward: 5.0
Step: 3604480	Mean reward: 3.4375
Step: 3612672	Mean reward: 4.0625
Step: 3620864	Mean reward: 5.625
Step: 3629056	Mean reward: 4.6875
Step: 3637248	Mean reward: 4.0625
Step: 3645440	Mean reward: 3.4375
Step: 3653632	Mean reward: 4.375
Step: 3661824	Mean reward: 3.4375
Step: 3670016	Mean reward: 3.125
Step: 3678208	Mean reward: 3.125
Step: 3686400	Mean reward: 2.5
Step: 3694592	Mean reward: 0.625
Step: 3702784	Mean reward: 3.125
Step: 3710976	Mean reward: 2.5
Step: 3719168	Mean reward: 4.0625
Step: 3727360	Mean reward: 3.4375
Step: 3735552	Mean reward: 1.875
Step: 3743744	Mean reward: 2.5
Step: 3751936	Mean reward: 2.1875
Step: 3760128	Mean reward: 2.1875
Step: 3768320	Mean reward: 1.5625
Step: 3776512	Mean reward: 2.5
Step: 3784704	Mean reward: 2.1875
Step: 3792896	Mean reward: 3.125
Step: 3801088	Mean reward: 5.9375
Step: 3809280	Mean reward: 4.375
Step: 3817472	Mean reward: 2.5
Step: 3825664	Mean reward: 4.6875
Step: 3833856	Mean reward: 3.125
Step: 3842048	Mean reward: 3.125
Step: 3850240	Mean reward: 1.875
Step: 3858432	Mean reward: 5.9375
Step: 3866624	Mean reward: 4.0625
Step: 3874816	Mean reward: 3.75
Step: 3883008	Mean reward: 3.125
Step: 3891200	Mean reward: 3.4375
Step: 3899392	Mean reward: 5.0
Step: 3907584	Mean reward: 2.5
Step: 3915776	Mean reward: 1.875
Step: 3923968	Mean reward: 4.375
Step: 3932160	Mean reward: 3.75
Step: 3940352	Mean reward: 2.5
Step: 3948544	Mean reward: 5.3125
Step: 3956736	Mean reward: 4.0625
Step: 3964928	Mean reward: 3.4375
Step: 3973120	Mean reward: 2.1875
Step: 3981312	Mean reward: 3.125
Step: 3989504	Mean reward: 5.0
Step: 3997696	Mean reward: 2.8125
Step: 4005888	Mean reward: 3.125
Step: 4014080	Mean reward: 3.75
Step: 4022272	Mean reward: 2.1875
Step: 4030464	Mean reward: 4.375
Step: 4038656	Mean reward: 5.0
Step: 4046848	Mean reward: 4.0625
Step: 4055040	Mean reward: 2.8125
Step: 4063232	Mean reward: 1.875
Step: 4071424	Mean reward: 3.125
Step: 4079616	Mean reward: 3.4375
Step: 4087808	Mean reward: 5.9375
Step: 4096000	Mean reward: 2.8125
Step: 4104192	Mean reward: 2.8125
Step: 4112384	Mean reward: 2.8125
Step: 4120576	Mean reward: 3.4375
Step: 4128768	Mean reward: 2.8125
Step: 4136960	Mean reward: 4.0625
Step: 4145152	Mean reward: 2.8125
Step: 4153344	Mean reward: 3.4375
Step: 4161536	Mean reward: 2.1875
Step: 4169728	Mean reward: 5.0
Step: 4177920	Mean reward: 4.375
Step: 4186112	Mean reward: 2.1875
Step: 4194304	Mean reward: 3.4375
Step: 4202496	Mean reward: 3.125
Step: 4210688	Mean reward: 4.0625
Step: 4218880	Mean reward: 2.5
Step: 4227072	Mean reward: 5.0
Step: 4235264	Mean reward: 1.25
Step: 4243456	Mean reward: 4.0625
Step: 4251648	Mean reward: 1.5625
Step: 4259840	Mean reward: 3.75
Step: 4268032	Mean reward: 5.625
Step: 4276224	Mean reward: 3.75
Step: 4284416	Mean reward: 0.3125
Step: 4292608	Mean reward: 2.8125
Step: 4300800	Mean reward: 5.625
Step: 4308992	Mean reward: 4.0625
Step: 4317184	Mean reward: 3.125
Step: 4325376	Mean reward: 2.8125
Step: 4333568	Mean reward: 4.6875
Step: 4341760	Mean reward: 3.75
Step: 4349952	Mean reward: 3.4375
Step: 4358144	Mean reward: 6.25
Step: 4366336	Mean reward: 3.4375
Step: 4374528	Mean reward: 2.5
Step: 4382720	Mean reward: 5.0
Step: 4390912	Mean reward: 1.5625
Step: 4399104	Mean reward: 3.4375
Step: 4407296	Mean reward: 5.3125
Step: 4415488	Mean reward: 4.375
Step: 4423680	Mean reward: 4.0625
Step: 4431872	Mean reward: 0.9375
Step: 4440064	Mean reward: 3.125
Step: 4448256	Mean reward: 5.625
Step: 4456448	Mean reward: 2.8125
Step: 4464640	Mean reward: 3.125
Step: 4472832	Mean reward: 3.75
Step: 4481024	Mean reward: 3.75
Step: 4489216	Mean reward: 3.4375
Step: 4497408	Mean reward: 1.875
Step: 4505600	Mean reward: 4.0625
Step: 4513792	Mean reward: 4.375
Step: 4521984	Mean reward: 2.5
Step: 4530176	Mean reward: 2.8125
Step: 4538368	Mean reward: 1.5625
Step: 4546560	Mean reward: 4.375
Step: 4554752	Mean reward: 2.1875
Step: 4562944	Mean reward: 3.125
Step: 4571136	Mean reward: 3.125
Step: 4579328	Mean reward: 1.5625
Step: 4587520	Mean reward: 3.4375
Step: 4595712	Mean reward: 2.1875
Step: 4603904	Mean reward: 5.0
Step: 4612096	Mean reward: 3.75
Step: 4620288	Mean reward: 3.125
Step: 4628480	Mean reward: 2.1875
Step: 4636672	Mean reward: 3.75
Step: 4644864	Mean reward: 4.0625
Step: 4653056	Mean reward: 2.8125
Step: 4661248	Mean reward: 5.9375
Step: 4669440	Mean reward: 3.125
Step: 4677632	Mean reward: 2.8125
Step: 4685824	Mean reward: 3.4375
Step: 4694016	Mean reward: 3.75
Step: 4702208	Mean reward: 2.1875
Step: 4710400	Mean reward: 3.75
Step: 4718592	Mean reward: 2.5
Step: 4726784	Mean reward: 3.125
Step: 4734976	Mean reward: 3.4375
Step: 4743168	Mean reward: 1.25
Step: 4751360	Mean reward: 4.6875
Step: 4759552	Mean reward: 3.75
Step: 4767744	Mean reward: 2.1875
Step: 4775936	Mean reward: 2.8125
Step: 4784128	Mean reward: 3.125
Step: 4792320	Mean reward: 1.25
Step: 4800512	Mean reward: 2.5
Step: 4808704	Mean reward: 3.75
Step: 4816896	Mean reward: 2.5
Step: 4825088	Mean reward: 2.5
Step: 4833280	Mean reward: 2.5
Step: 4841472	Mean reward: 0.9375
Step: 4849664	Mean reward: 2.8125
Step: 4857856	Mean reward: 3.125
Step: 4866048	Mean reward: 2.1875
Step: 4874240	Mean reward: 3.4375
Step: 4882432	Mean reward: 2.8125
Step: 4890624	Mean reward: 4.0625
Step: 4898816	Mean reward: 2.1875
Step: 4907008	Mean reward: 4.0625
Step: 4915200	Mean reward: 2.1875
Step: 4923392	Mean reward: 2.5
Step: 4931584	Mean reward: 3.4375
Step: 4939776	Mean reward: 2.1875
Step: 4947968	Mean reward: 4.0625
Step: 4956160	Mean reward: 2.8125
Step: 4964352	Mean reward: 5.3125
Step: 4972544	Mean reward: 4.6875
Step: 4980736	Mean reward: 3.125
Step: 4988928	Mean reward: 3.4375
Step: 4997120	Mean reward: 3.75
Step: 5005312	Mean reward: 3.75
Step: 5013504	Mean reward: 3.4375
Step: 5021696	Mean reward: 3.4375
Step: 5029888	Mean reward: 3.125
Step: 5038080	Mean reward: 1.25
Step: 5046272	Mean reward: 3.125
Step: 5054464	Mean reward: 1.5625
Step: 5062656	Mean reward: 3.125
Step: 5070848	Mean reward: 3.75
Step: 5079040	Mean reward: 4.0625
Step: 5087232	Mean reward: 4.0625
Step: 5095424	Mean reward: 1.5625
Step: 5103616	Mean reward: 5.3125
Step: 5111808	Mean reward: 2.5
Step: 5120000	Mean reward: 3.75
Step: 5128192	Mean reward: 2.5
Step: 5136384	Mean reward: 3.125
Step: 5144576	Mean reward: 2.8125
Step: 5152768	Mean reward: 4.375
Step: 5160960	Mean reward: 5.9375
Step: 5169152	Mean reward: 3.125
Step: 5177344	Mean reward: 4.0625
Step: 5185536	Mean reward: 6.25
Step: 5193728	Mean reward: 3.125
Step: 5201920	Mean reward: 2.8125
Step: 5210112	Mean reward: 2.8125
Step: 5218304	Mean reward: 5.0
Step: 5226496	Mean reward: 2.5
Step: 5234688	Mean reward: 4.6875
Step: 5242880	Mean reward: 3.75
Step: 5251072	Mean reward: 3.4375
Step: 5259264	Mean reward: 3.75
Step: 5267456	Mean reward: 3.125
Step: 5275648	Mean reward: 5.9375
Step: 5283840	Mean reward: 4.375
Step: 5292032	Mean reward: 3.125
Step: 5300224	Mean reward: 3.75
Step: 5308416	Mean reward: 2.1875
Step: 5316608	Mean reward: 1.5625
Step: 5324800	Mean reward: 2.8125
Step: 5332992	Mean reward: 5.9375
Step: 5341184	Mean reward: 2.5
Step: 5349376	Mean reward: 2.8125
Step: 5357568	Mean reward: 2.8125
Step: 5365760	Mean reward: 3.75
Step: 5373952	Mean reward: 4.6875
Step: 5382144	Mean reward: 2.8125
Step: 5390336	Mean reward: 1.25
Step: 5398528	Mean reward: 1.25
Step: 5406720	Mean reward: 4.375
Step: 5414912	Mean reward: 2.1875
Step: 5423104	Mean reward: 3.125
Step: 5431296	Mean reward: 3.4375
Step: 5439488	Mean reward: 2.8125
Step: 5447680	Mean reward: 5.9375
Step: 5455872	Mean reward: 3.125
Step: 5464064	Mean reward: 2.8125
Step: 5472256	Mean reward: 0.9375
Step: 5480448	Mean reward: 3.4375
Step: 5488640	Mean reward: 2.1875
Step: 5496832	Mean reward: 3.125
Step: 5505024	Mean reward: 4.0625
Step: 5513216	Mean reward: 7.1875
Step: 5521408	Mean reward: 3.75
Step: 5529600	Mean reward: 4.0625
Step: 5537792	Mean reward: 4.6875
Step: 5545984	Mean reward: 2.8125
Step: 5554176	Mean reward: 5.0
Step: 5562368	Mean reward: 3.75
Step: 5570560	Mean reward: 2.5
Step: 5578752	Mean reward: 3.75
Step: 5586944	Mean reward: 4.375
Step: 5595136	Mean reward: 4.0625
Step: 5603328	Mean reward: 6.5625
Step: 5611520	Mean reward: 3.125
Step: 5619712	Mean reward: 1.875
Step: 5627904	Mean reward: 5.0
Step: 5636096	Mean reward: 3.4375
Step: 5644288	Mean reward: 3.4375
Step: 5652480	Mean reward: 2.8125
Step: 5660672	Mean reward: 2.1875
Step: 5668864	Mean reward: 2.1875
Step: 5677056	Mean reward: 4.375
Step: 5685248	Mean reward: 2.5
Step: 5693440	Mean reward: 2.1875
Step: 5701632	Mean reward: 2.8125
Step: 5709824	Mean reward: 5.9375
Step: 5718016	Mean reward: 1.875
Step: 5726208	Mean reward: 2.1875
Step: 5734400	Mean reward: 4.0625
Step: 5742592	Mean reward: 3.4375
Step: 5750784	Mean reward: 3.75
Step: 5758976	Mean reward: 1.5625
Step: 5767168	Mean reward: 2.5
Step: 5775360	Mean reward: 2.1875
Step: 5783552	Mean reward: 4.6875
Step: 5791744	Mean reward: 3.125
Step: 5799936	Mean reward: 3.4375
Step: 5808128	Mean reward: 2.8125
Step: 5816320	Mean reward: 2.5
Step: 5824512	Mean reward: 3.4375
Step: 5832704	Mean reward: 3.125
Step: 5840896	Mean reward: 1.875
Step: 5849088	Mean reward: 3.125
Step: 5857280	Mean reward: 5.625
Step: 5865472	Mean reward: 2.5
Step: 5873664	Mean reward: 4.375
Step: 5881856	Mean reward: 3.4375
Step: 5890048	Mean reward: 3.4375
Step: 5898240	Mean reward: 5.3125
Step: 5906432	Mean reward: 5.3125
Step: 5914624	Mean reward: 3.75
Step: 5922816	Mean reward: 3.4375
Step: 5931008	Mean reward: 2.1875
Step: 5939200	Mean reward: 5.625
Step: 5947392	Mean reward: 1.875
Step: 5955584	Mean reward: 3.4375
Step: 5963776	Mean reward: 3.75
Step: 5971968	Mean reward: 2.8125
Step: 5980160	Mean reward: 2.8125
Step: 5988352	Mean reward: 4.0625
Step: 5996544	Mean reward: 3.125
Step: 6004736	Mean reward: 4.0625
Step: 6012928	Mean reward: 2.8125
Step: 6021120	Mean reward: 5.9375
Step: 6029312	Mean reward: 2.5
Step: 6037504	Mean reward: 6.25
Step: 6045696	Mean reward: 2.1875
Step: 6053888	Mean reward: 2.8125
Step: 6062080	Mean reward: 3.75
Step: 6070272	Mean reward: 1.5625
Step: 6078464	Mean reward: 4.6875
Step: 6086656	Mean reward: 5.9375
Step: 6094848	Mean reward: 3.75
Step: 6103040	Mean reward: 5.0
Step: 6111232	Mean reward: 1.25
Step: 6119424	Mean reward: 4.0625
Step: 6127616	Mean reward: 3.4375
Step: 6135808	Mean reward: 4.0625
Step: 6144000	Mean reward: 1.875
Step: 6152192	Mean reward: 4.6875
Step: 6160384	Mean reward: 2.8125
Step: 6168576	Mean reward: 4.0625
Step: 6176768	Mean reward: 2.1875
Step: 6184960	Mean reward: 4.0625
Step: 6193152	Mean reward: 4.0625
Step: 6201344	Mean reward: 7.1875
Step: 6209536	Mean reward: 2.8125
Step: 6217728	Mean reward: 5.3125
Step: 6225920	Mean reward: 1.25
Step: 6234112	Mean reward: 3.4375
Step: 6242304	Mean reward: 3.4375
Step: 6250496	Mean reward: 1.5625
Step: 6258688	Mean reward: 4.0625
Step: 6266880	Mean reward: 1.25
Step: 6275072	Mean reward: 4.375
Step: 6283264	Mean reward: 4.0625
Step: 6291456	Mean reward: 4.375
Step: 6299648	Mean reward: 4.0625
Step: 6307840	Mean reward: 3.4375
Step: 6316032	Mean reward: 2.8125
Step: 6324224	Mean reward: 4.0625
Step: 6332416	Mean reward: 3.125
Step: 6340608	Mean reward: 2.5
Step: 6348800	Mean reward: 3.75
Step: 6356992	Mean reward: 3.125
Step: 6365184	Mean reward: 3.125
Step: 6373376	Mean reward: 3.4375
Step: 6381568	Mean reward: 2.8125
Step: 6389760	Mean reward: 3.4375
Step: 6397952	Mean reward: 3.75
Step: 6406144	Mean reward: 2.8125
Step: 6414336	Mean reward: 4.375
Step: 6422528	Mean reward: 2.5
Step: 6430720	Mean reward: 1.875
Step: 6438912	Mean reward: 4.6875
Step: 6447104	Mean reward: 2.8125
Step: 6455296	Mean reward: 3.125
Step: 6463488	Mean reward: 3.4375
Step: 6471680	Mean reward: 6.25
Step: 6479872	Mean reward: 1.5625
Step: 6488064	Mean reward: 3.4375
Step: 6496256	Mean reward: 1.875
Step: 6504448	Mean reward: 3.125
Step: 6512640	Mean reward: 3.75
Step: 6520832	Mean reward: 3.4375
Step: 6529024	Mean reward: 2.8125
Step: 6537216	Mean reward: 4.6875
Step: 6545408	Mean reward: 3.125
Step: 6553600	Mean reward: 4.0625
Step: 6561792	Mean reward: 4.0625
Step: 6569984	Mean reward: 4.0625
Step: 6578176	Mean reward: 3.4375
Step: 6586368	Mean reward: 6.5625
Step: 6594560	Mean reward: 1.5625
Step: 6602752	Mean reward: 4.0625
Step: 6610944	Mean reward: 4.0625
Step: 6619136	Mean reward: 4.6875
Step: 6627328	Mean reward: 3.125
Step: 6635520	Mean reward: 2.1875
Step: 6643712	Mean reward: 2.8125
Step: 6651904	Mean reward: 4.6875
Step: 6660096	Mean reward: 2.5
Step: 6668288	Mean reward: 3.125
Step: 6676480	Mean reward: 2.1875
Step: 6684672	Mean reward: 2.5
Step: 6692864	Mean reward: 3.125
Step: 6701056	Mean reward: 3.4375
Step: 6709248	Mean reward: 1.5625
Step: 6717440	Mean reward: 2.1875
Step: 6725632	Mean reward: 3.75
Step: 6733824	Mean reward: 3.4375
Step: 6742016	Mean reward: 3.125
Step: 6750208	Mean reward: 4.6875
Step: 6758400	Mean reward: 4.6875
Step: 6766592	Mean reward: 1.875
Step: 6774784	Mean reward: 6.5625
Step: 6782976	Mean reward: 1.875
Step: 6791168	Mean reward: 5.0
Step: 6799360	Mean reward: 2.8125
Step: 6807552	Mean reward: 4.6875
Step: 6815744	Mean reward: 2.1875
Step: 6823936	Mean reward: 3.125
Step: 6832128	Mean reward: 1.5625
Step: 6840320	Mean reward: 3.75
Step: 6848512	Mean reward: 3.75
Step: 6856704	Mean reward: 3.125
Step: 6864896	Mean reward: 4.375
Step: 6873088	Mean reward: 2.5
Step: 6881280	Mean reward: 4.375
Step: 6889472	Mean reward: 4.0625
Step: 6897664	Mean reward: 2.8125
Step: 6905856	Mean reward: 4.6875
Step: 6914048	Mean reward: 6.5625
Step: 6922240	Mean reward: 2.8125
Step: 6930432	Mean reward: 6.5625
Step: 6938624	Mean reward: 4.0625
Step: 6946816	Mean reward: 1.25
Step: 6955008	Mean reward: 1.5625
Step: 6963200	Mean reward: 3.4375
Step: 6971392	Mean reward: 4.375
Step: 6979584	Mean reward: 4.0625
Step: 6987776	Mean reward: 3.4375
Step: 6995968	Mean reward: 3.125
Step: 7004160	Mean reward: 5.3125
Step: 7012352	Mean reward: 3.125
Step: 7020544	Mean reward: 3.125
Step: 7028736	Mean reward: 2.8125
Step: 7036928	Mean reward: 4.375
Step: 7045120	Mean reward: 1.875
Step: 7053312	Mean reward: 5.0
Step: 7061504	Mean reward: 6.25
Step: 7069696	Mean reward: 3.75
Step: 7077888	Mean reward: 2.8125
Step: 7086080	Mean reward: 4.0625
Step: 7094272	Mean reward: 3.75
Step: 7102464	Mean reward: 2.1875
Step: 7110656	Mean reward: 4.375
Step: 7118848	Mean reward: 3.75
Step: 7127040	Mean reward: 2.8125
Step: 7135232	Mean reward: 6.25
Step: 7143424	Mean reward: 1.5625
Step: 7151616	Mean reward: 2.5
Step: 7159808	Mean reward: 5.3125
Step: 7168000	Mean reward: 4.6875
Step: 7176192	Mean reward: 3.4375
Step: 7184384	Mean reward: 2.8125
Step: 7192576	Mean reward: 5.0
Step: 7200768	Mean reward: 5.0
Step: 7208960	Mean reward: 3.4375
Step: 7217152	Mean reward: 2.8125
Step: 7225344	Mean reward: 5.0
Step: 7233536	Mean reward: 2.8125
Step: 7241728	Mean reward: 2.1875
Step: 7249920	Mean reward: 1.875
Step: 7258112	Mean reward: 5.3125
Step: 7266304	Mean reward: 4.6875
Step: 7274496	Mean reward: 4.6875
Step: 7282688	Mean reward: 2.5
Step: 7290880	Mean reward: 3.75
Step: 7299072	Mean reward: 4.6875
Step: 7307264	Mean reward: 3.4375
Step: 7315456	Mean reward: 4.0625
Step: 7323648	Mean reward: 1.875
Step: 7331840	Mean reward: 3.4375
Step: 7340032	Mean reward: 3.75
Step: 7348224	Mean reward: 3.125
Step: 7356416	Mean reward: 4.0625
Step: 7364608	Mean reward: 3.125
Step: 7372800	Mean reward: 3.4375
Step: 7380992	Mean reward: 4.6875
Step: 7389184	Mean reward: 5.0
Step: 7397376	Mean reward: 6.5625
Step: 7405568	Mean reward: 6.5625
Step: 7413760	Mean reward: 2.1875
Step: 7421952	Mean reward: 4.6875
Step: 7430144	Mean reward: 3.4375
Step: 7438336	Mean reward: 2.1875
Step: 7446528	Mean reward: 2.5
Step: 7454720	Mean reward: 4.0625
Step: 7462912	Mean reward: 2.1875
Step: 7471104	Mean reward: 2.5
Step: 7479296	Mean reward: 4.6875
Step: 7487488	Mean reward: 2.1875
Step: 7495680	Mean reward: 3.4375
Step: 7503872	Mean reward: 2.1875
Step: 7512064	Mean reward: 3.4375
Step: 7520256	Mean reward: 2.5
Step: 7528448	Mean reward: 3.4375
Step: 7536640	Mean reward: 4.0625
Step: 7544832	Mean reward: 3.125
Step: 7553024	Mean reward: 4.0625
Step: 7561216	Mean reward: 4.375
Step: 7569408	Mean reward: 2.1875
Step: 7577600	Mean reward: 5.0
Step: 7585792	Mean reward: 4.0625
Step: 7593984	Mean reward: 3.75
Step: 7602176	Mean reward: 0.625
Step: 7610368	Mean reward: 2.5
Step: 7618560	Mean reward: 2.8125
Step: 7626752	Mean reward: 4.0625
Step: 7634944	Mean reward: 1.875
Step: 7643136	Mean reward: 5.0
Step: 7651328	Mean reward: 3.4375
Step: 7659520	Mean reward: 3.75
Step: 7667712	Mean reward: 4.375
Step: 7675904	Mean reward: 4.375
Step: 7684096	Mean reward: 2.8125
Step: 7692288	Mean reward: 3.4375
Step: 7700480	Mean reward: 1.25
Step: 7708672	Mean reward: 3.75
Step: 7716864	Mean reward: 3.4375
Step: 7725056	Mean reward: 4.0625
Step: 7733248	Mean reward: 1.875
Step: 7741440	Mean reward: 3.4375
Step: 7749632	Mean reward: 3.75
Step: 7757824	Mean reward: 3.125
Step: 7766016	Mean reward: 2.1875
Step: 7774208	Mean reward: 4.0625
Step: 7782400	Mean reward: 5.9375
Step: 7790592	Mean reward: 1.25
Step: 7798784	Mean reward: 2.5
Step: 7806976	Mean reward: 4.0625
Step: 7815168	Mean reward: 3.4375
Step: 7823360	Mean reward: 3.4375
Step: 7831552	Mean reward: 2.5
Step: 7839744	Mean reward: 5.0
Step: 7847936	Mean reward: 3.75
Step: 7856128	Mean reward: 5.625
Step: 7864320	Mean reward: 3.4375
Step: 7872512	Mean reward: 2.8125
Step: 7880704	Mean reward: 2.8125
Step: 7888896	Mean reward: 4.0625
Step: 7897088	Mean reward: 0.625
Step: 7905280	Mean reward: 2.1875
Step: 7913472	Mean reward: 5.0
Step: 7921664	Mean reward: 3.75
Step: 7929856	Mean reward: 5.0
Step: 7938048	Mean reward: 6.5625
Step: 7946240	Mean reward: 3.75
Step: 7954432	Mean reward: 1.25
Step: 7962624	Mean reward: 3.75
Step: 7970816	Mean reward: 2.1875
Step: 7979008	Mean reward: 4.375
Step: 7987200	Mean reward: 3.125
Step: 7995392	Mean reward: 4.375
Step: 8003584	Mean reward: 4.0625
Completed training!
2021-11-25 20:52:33
