{'total_steps': 8000000.0, 'num_envs': 32, 'num_steps': 256, 'num_levels': 200, 'num_epochs': 3, 'batch_size': 512, 'eps': 0.2, 'grad_eps': 0.5, 'value_coef': 0.5, 'entropy_coef': 0.01, 'c1': 0.5, 'c2': 0.01, 'num_actions': 15, 'in_channels': 3, 'feature_dim': 64, 'env_name': 'starpilot', 'use_background': False}
Observation space: Box([[[0. 0. 0. ... 0. 0. 0.]
  [0. 0. 0. ... 0. 0. 0.]
  [0. 0. 0. ... 0. 0. 0.]
  ...
  [0. 0. 0. ... 0. 0. 0.]
  [0. 0. 0. ... 0. 0. 0.]
  [0. 0. 0. ... 0. 0. 0.]]

 [[0. 0. 0. ... 0. 0. 0.]
  [0. 0. 0. ... 0. 0. 0.]
  [0. 0. 0. ... 0. 0. 0.]
  ...
  [0. 0. 0. ... 0. 0. 0.]
  [0. 0. 0. ... 0. 0. 0.]
  [0. 0. 0. ... 0. 0. 0.]]

 [[0. 0. 0. ... 0. 0. 0.]
  [0. 0. 0. ... 0. 0. 0.]
  [0. 0. 0. ... 0. 0. 0.]
  ...
  [0. 0. 0. ... 0. 0. 0.]
  [0. 0. 0. ... 0. 0. 0.]
  [0. 0. 0. ... 0. 0. 0.]]], [[[1. 1. 1. ... 1. 1. 1.]
  [1. 1. 1. ... 1. 1. 1.]
  [1. 1. 1. ... 1. 1. 1.]
  ...
  [1. 1. 1. ... 1. 1. 1.]
  [1. 1. 1. ... 1. 1. 1.]
  [1. 1. 1. ... 1. 1. 1.]]

 [[1. 1. 1. ... 1. 1. 1.]
  [1. 1. 1. ... 1. 1. 1.]
  [1. 1. 1. ... 1. 1. 1.]
  ...
  [1. 1. 1. ... 1. 1. 1.]
  [1. 1. 1. ... 1. 1. 1.]
  [1. 1. 1. ... 1. 1. 1.]]

 [[1. 1. 1. ... 1. 1. 1.]
  [1. 1. 1. ... 1. 1. 1.]
  [1. 1. 1. ... 1. 1. 1.]
  ...
  [1. 1. 1. ... 1. 1. 1.]
  [1. 1. 1. ... 1. 1. 1.]
  [1. 1. 1. ... 1. 1. 1.]]], (3, 64, 64), float32)
Action space: 15
Step: 8192	Mean reward: 4.34375	 Loss: 0.23394662141799927
Step: 16384	Mean reward: 4.4375	 Loss: 128.4462127685547
Step: 24576	Mean reward: 5.625	 Loss: 1.9984099864959717
Step: 32768	Mean reward: 5.3125	 Loss: 0.8647376298904419
Step: 40960	Mean reward: 5.78125	 Loss: 0.43852004408836365
Step: 49152	Mean reward: 4.21875	 Loss: 0.14659643173217773
Step: 57344	Mean reward: 4.5	 Loss: 0.1998511403799057
Step: 65536	Mean reward: 4.6875	 Loss: 0.12726053595542908
Step: 73728	Mean reward: 4.5625	 Loss: 0.13069438934326172
Step: 81920	Mean reward: 5.75	 Loss: 0.09560324251651764
Step: 90112	Mean reward: 4.21875	 Loss: 0.13424339890480042
Step: 98304	Mean reward: 5.03125	 Loss: 0.10759356617927551
Step: 106496	Mean reward: 5.375	 Loss: 0.10113368928432465
Step: 114688	Mean reward: 5.4375	 Loss: 0.014768410474061966
Step: 122880	Mean reward: 4.90625	 Loss: 0.08474265038967133
Step: 131072	Mean reward: 4.6875	 Loss: 0.05040288344025612
Step: 139264	Mean reward: 5.4375	 Loss: 0.0583968348801136
Step: 147456	Mean reward: 4.84375	 Loss: 0.07558722794055939
Step: 155648	Mean reward: 5.375	 Loss: 0.12572729587554932
Step: 163840	Mean reward: 5.71875	 Loss: 0.061526570469141006
Step: 172032	Mean reward: 4.625	 Loss: 0.0431784950196743
Step: 180224	Mean reward: 4.59375	 Loss: -0.014403652399778366
Step: 188416	Mean reward: 5.34375	 Loss: 0.019419588148593903
Step: 196608	Mean reward: 4.71875	 Loss: 0.011003997176885605
Step: 204800	Mean reward: 4.34375	 Loss: 0.06660929322242737
Step: 212992	Mean reward: 5.4375	 Loss: 0.074825718998909
Step: 221184	Mean reward: 4.53125	 Loss: 0.07091644406318665
Step: 229376	Mean reward: 4.125	 Loss: -0.023702118545770645
Step: 237568	Mean reward: 4.8125	 Loss: 0.07165877521038055
Step: 245760	Mean reward: 5.0625	 Loss: 0.08212257921695709
Step: 253952	Mean reward: 5.0	 Loss: 0.011085029691457748
Step: 262144	Mean reward: 4.375	 Loss: 0.03943260386586189
Step: 270336	Mean reward: 4.5625	 Loss: 0.06337203085422516
Step: 278528	Mean reward: 4.6875	 Loss: 0.02496577799320221
Step: 286720	Mean reward: 5.53125	 Loss: 0.04271727427840233
Step: 294912	Mean reward: 4.78125	 Loss: 0.05327759310603142
Step: 303104	Mean reward: 4.65625	 Loss: 0.07086417078971863
Step: 311296	Mean reward: 4.84375	 Loss: 0.07252027094364166
Step: 319488	Mean reward: 4.875	 Loss: -0.005085531622171402
Step: 327680	Mean reward: 5.15625	 Loss: 0.000817377120256424
Step: 335872	Mean reward: 5.28125	 Loss: 0.09605588018894196
Step: 344064	Mean reward: 4.0	 Loss: 0.0953483134508133
Step: 352256	Mean reward: 5.09375	 Loss: 0.09189225733280182
Step: 360448	Mean reward: 5.5	 Loss: -0.01125819981098175
Step: 368640	Mean reward: 4.0625	 Loss: 0.11289533972740173
Step: 376832	Mean reward: 5.75	 Loss: 0.13823921978473663
Step: 385024	Mean reward: 5.46875	 Loss: 0.029114823788404465
Step: 393216	Mean reward: 4.5625	 Loss: 0.03597252443432808
Step: 401408	Mean reward: 5.5625	 Loss: -0.014795485883951187
Step: 409600	Mean reward: 4.46875	 Loss: 0.006379354745149612
Step: 417792	Mean reward: 5.15625	 Loss: -0.015272580087184906
Step: 425984	Mean reward: 5.03125	 Loss: 0.11133357882499695
Step: 434176	Mean reward: 5.125	 Loss: 0.06050710752606392
Step: 442368	Mean reward: 4.15625	 Loss: 0.07295013964176178
Step: 450560	Mean reward: 5.40625	 Loss: 0.049095507711172104
Step: 458752	Mean reward: 4.5	 Loss: 0.06516346335411072
Step: 466944	Mean reward: 5.53125	 Loss: 0.011799618601799011
Step: 475136	Mean reward: 5.53125	 Loss: 0.0864255428314209
Step: 483328	Mean reward: 4.15625	 Loss: -1.4115124940872192e-05
Step: 491520	Mean reward: 4.03125	 Loss: -0.04563773050904274
Step: 499712	Mean reward: 5.25	 Loss: 0.08547401428222656
Step: 507904	Mean reward: 4.59375	 Loss: 0.08378240466117859
Step: 516096	Mean reward: 4.3125	 Loss: 0.0010716095566749573
Step: 524288	Mean reward: 5.09375	 Loss: -0.012786757200956345
Step: 532480	Mean reward: 5.34375	 Loss: 0.03656046465039253
Step: 540672	Mean reward: 5.53125	 Loss: 0.04161893203854561
Step: 548864	Mean reward: 4.78125	 Loss: 0.03982703760266304
Step: 557056	Mean reward: 4.34375	 Loss: 0.005513492971658707
Step: 565248	Mean reward: 5.1875	 Loss: 0.037091586738824844
Step: 573440	Mean reward: 5.1875	 Loss: 0.009701315313577652
Step: 581632	Mean reward: 6.0	 Loss: 0.08408446609973907
Step: 589824	Mean reward: 5.0625	 Loss: 0.04855409637093544
Step: 598016	Mean reward: 5.09375	 Loss: 0.05615541711449623
Step: 606208	Mean reward: 5.0	 Loss: 0.0939483791589737
Step: 614400	Mean reward: 4.75	 Loss: 0.03945193812251091
Step: 622592	Mean reward: 4.15625	 Loss: -0.06185593083500862
Step: 630784	Mean reward: 5.5625	 Loss: 0.04565731808543205
Step: 638976	Mean reward: 4.78125	 Loss: 0.08188553154468536
Step: 647168	Mean reward: 4.84375	 Loss: 0.03548155352473259
Step: 655360	Mean reward: 3.8125	 Loss: 0.023180488497018814
Step: 663552	Mean reward: 4.78125	 Loss: 0.008827831596136093
Step: 671744	Mean reward: 4.84375	 Loss: 0.018150657415390015
Step: 679936	Mean reward: 5.375	 Loss: 0.0243721641600132
Step: 688128	Mean reward: 4.90625	 Loss: 0.03017459809780121
Step: 696320	Mean reward: 4.9375	 Loss: -0.004983969032764435
Step: 704512	Mean reward: 4.71875	 Loss: 0.009308282285928726
Step: 712704	Mean reward: 5.0625	 Loss: 0.05310073867440224
Step: 720896	Mean reward: 4.6875	 Loss: 0.02152717486023903
Step: 729088	Mean reward: 6.3125	 Loss: 0.058654334396123886
Step: 737280	Mean reward: 4.71875	 Loss: 0.007212307304143906
Step: 745472	Mean reward: 5.15625	 Loss: 0.04398419335484505
Step: 753664	Mean reward: 5.03125	 Loss: 0.07247361540794373
Step: 761856	Mean reward: 6.0625	 Loss: -0.031059999018907547
Step: 770048	Mean reward: 4.84375	 Loss: 0.06935803592205048
Step: 778240	Mean reward: 5.71875	 Loss: 0.04079717770218849
Step: 786432	Mean reward: 4.25	 Loss: 0.011585552245378494
Step: 794624	Mean reward: 3.1875	 Loss: -0.03498884662985802
Step: 802816	Mean reward: 5.53125	 Loss: -0.025645766407251358
Step: 811008	Mean reward: 4.90625	 Loss: 0.059586722403764725
Step: 819200	Mean reward: 4.9375	 Loss: -0.019510861486196518
Step: 827392	Mean reward: 4.125	 Loss: -0.02207573875784874
Step: 835584	Mean reward: 4.4375	 Loss: 0.0058257095515728
Step: 843776	Mean reward: 5.59375	 Loss: 0.032593656331300735
Step: 851968	Mean reward: 3.96875	 Loss: 0.01012462005019188
Step: 860160	Mean reward: 3.71875	 Loss: -0.00044898316264152527
Step: 868352	Mean reward: 4.34375	 Loss: 0.037496451288461685
Step: 876544	Mean reward: 4.71875	 Loss: 0.035260528326034546
Step: 884736	Mean reward: 5.21875	 Loss: 0.024260051548480988
Step: 892928	Mean reward: 4.15625	 Loss: -0.005476254969835281
Step: 901120	Mean reward: 4.53125	 Loss: 0.06352297961711884
Step: 909312	Mean reward: 4.96875	 Loss: -0.062133561819791794
Step: 917504	Mean reward: 5.21875	 Loss: 0.04360068216919899
Step: 925696	Mean reward: 4.90625	 Loss: 0.022337283939123154
Step: 933888	Mean reward: 5.5625	 Loss: 0.04861307516694069
Step: 942080	Mean reward: 5.0625	 Loss: 0.02215089276432991
Step: 950272	Mean reward: 4.875	 Loss: -0.018073957413434982
Step: 958464	Mean reward: 5.46875	 Loss: 0.03436513990163803
Step: 966656	Mean reward: 4.15625	 Loss: -0.025671396404504776
Step: 974848	Mean reward: 4.96875	 Loss: 0.05166115239262581
Step: 983040	Mean reward: 5.40625	 Loss: 0.032745543867349625
Step: 991232	Mean reward: 5.625	 Loss: 0.0058531127870082855
Step: 999424	Mean reward: 5.1875	 Loss: 0.03968297317624092
Step: 1007616	Mean reward: 4.875	 Loss: 0.009643323719501495
Step: 1015808	Mean reward: 5.25	 Loss: 0.04732809588313103
Step: 1024000	Mean reward: 4.4375	 Loss: -0.049279097467660904
Step: 1032192	Mean reward: 5.03125	 Loss: 0.08455641567707062
Step: 1040384	Mean reward: 5.90625	 Loss: 0.0670333057641983
Step: 1048576	Mean reward: 4.5	 Loss: 0.00660322979092598
Step: 1056768	Mean reward: 5.40625	 Loss: 0.023061778396368027
Step: 1064960	Mean reward: 5.75	 Loss: 0.04335583373904228
Step: 1073152	Mean reward: 5.3125	 Loss: -0.008998550474643707
Step: 1081344	Mean reward: 5.8125	 Loss: 0.05308568850159645
Step: 1089536	Mean reward: 4.25	 Loss: 0.04171956703066826
Step: 1097728	Mean reward: 5.625	 Loss: 0.0026929043233394623
Step: 1105920	Mean reward: 4.8125	 Loss: 0.0033776983618736267
Step: 1114112	Mean reward: 5.71875	 Loss: 0.041042882949113846
Step: 1122304	Mean reward: 5.46875	 Loss: 0.005266033113002777
Step: 1130496	Mean reward: 4.40625	 Loss: 0.017334844917058945
Step: 1138688	Mean reward: 5.25	 Loss: 0.05565929785370827
Step: 1146880	Mean reward: 5.65625	 Loss: 0.013182532042264938
Step: 1155072	Mean reward: 5.0625	 Loss: -0.029261481016874313
Step: 1163264	Mean reward: 4.96875	 Loss: 0.03857908025383949
Step: 1171456	Mean reward: 5.46875	 Loss: 0.0766867846250534
Step: 1179648	Mean reward: 4.71875	 Loss: -0.004602950066328049
Step: 1187840	Mean reward: 4.59375	 Loss: 0.0628935843706131
Step: 1196032	Mean reward: 5.25	 Loss: -0.054560478776693344
Step: 1204224	Mean reward: 3.9375	 Loss: -0.03045792505145073
Step: 1212416	Mean reward: 5.0625	 Loss: 0.04064962640404701
Step: 1220608	Mean reward: 4.5625	 Loss: 0.0491073913872242
Step: 1228800	Mean reward: 5.25	 Loss: 0.1330188363790512
Step: 1236992	Mean reward: 4.34375	 Loss: 0.04319534823298454
Step: 1245184	Mean reward: 4.90625	 Loss: 0.008694000542163849
Step: 1253376	Mean reward: 4.84375	 Loss: 0.042739126831293106
Step: 1261568	Mean reward: 5.8125	 Loss: 0.033785443753004074
Step: 1269760	Mean reward: 5.03125	 Loss: 0.025602903217077255
Step: 1277952	Mean reward: 4.71875	 Loss: 0.004606254398822784
Step: 1286144	Mean reward: 5.03125	 Loss: 0.08214603364467621
Step: 1294336	Mean reward: 5.1875	 Loss: 0.028752248734235764
Step: 1302528	Mean reward: 4.78125	 Loss: -0.08156754076480865
Step: 1310720	Mean reward: 3.90625	 Loss: -0.037998441606760025
Step: 1318912	Mean reward: 4.71875	 Loss: 0.030582446604967117
Step: 1327104	Mean reward: 4.96875	 Loss: 0.09571106731891632
Step: 1335296	Mean reward: 5.5625	 Loss: -0.006893277168273926
Step: 1343488	Mean reward: 5.40625	 Loss: 0.03209046646952629
Step: 1351680	Mean reward: 5.5	 Loss: -0.021185923367738724
Step: 1359872	Mean reward: 4.875	 Loss: 0.0024558529257774353
Step: 1368064	Mean reward: 4.625	 Loss: 0.005545955151319504
Step: 1376256	Mean reward: 4.71875	 Loss: 0.032071471214294434
Step: 1384448	Mean reward: 5.15625	 Loss: 0.07036416232585907
Step: 1392640	Mean reward: 5.59375	 Loss: 0.0796663910150528
Step: 1400832	Mean reward: 5.09375	 Loss: 0.02290327474474907
Step: 1409024	Mean reward: 5.3125	 Loss: -0.010995510965585709
Step: 1417216	Mean reward: 4.21875	 Loss: -0.057960011065006256
Step: 1425408	Mean reward: 4.59375	 Loss: 0.04957279935479164
Step: 1433600	Mean reward: 4.15625	 Loss: 0.06686955690383911
Step: 1441792	Mean reward: 4.96875	 Loss: 0.04688665643334389
Step: 1449984	Mean reward: 4.5625	 Loss: 0.02661222219467163
Step: 1458176	Mean reward: 4.46875	 Loss: -0.06400071084499359
Step: 1466368	Mean reward: 4.90625	 Loss: -0.02290577068924904
Step: 1474560	Mean reward: 4.8125	 Loss: 0.044734325259923935
Step: 1482752	Mean reward: 5.78125	 Loss: 0.0734933465719223
Step: 1490944	Mean reward: 5.1875	 Loss: 0.10553379356861115
Step: 1499136	Mean reward: 4.4375	 Loss: -0.028675634413957596
Step: 1507328	Mean reward: 4.625	 Loss: 0.12033438682556152
Step: 1515520	Mean reward: 5.09375	 Loss: 0.054450590163469315
Step: 1523712	Mean reward: 5.375	 Loss: 0.07030965387821198
Step: 1531904	Mean reward: 5.25	 Loss: 0.10827228426933289
Step: 1540096	Mean reward: 3.65625	 Loss: 0.025970686227083206
Step: 1548288	Mean reward: 5.15625	 Loss: -0.035045232623815536
Step: 1556480	Mean reward: 4.5625	 Loss: 0.05757724866271019
Step: 1564672	Mean reward: 5.03125	 Loss: 0.008902791887521744
Step: 1572864	Mean reward: 4.625	 Loss: 0.013113979250192642
Step: 1581056	Mean reward: 4.59375	 Loss: 0.04023370519280434
Step: 1589248	Mean reward: 5.5625	 Loss: -0.0034218616783618927
Step: 1597440	Mean reward: 5.25	 Loss: 0.05898948386311531
Step: 1605632	Mean reward: 6.53125	 Loss: 0.08776621520519257
Step: 1613824	Mean reward: 5.21875	 Loss: -0.0006172172725200653
Step: 1622016	Mean reward: 5.53125	 Loss: 0.02685433253645897
Step: 1630208	Mean reward: 4.0625	 Loss: 0.002126552164554596
Step: 1638400	Mean reward: 4.5	 Loss: 0.14991161227226257
Step: 1646592	Mean reward: 5.21875	 Loss: -0.003162141889333725
Step: 1654784	Mean reward: 5.25	 Loss: 0.04215044900774956
Step: 1662976	Mean reward: 4.6875	 Loss: -0.053455453366041183
Step: 1671168	Mean reward: 4.75	 Loss: -0.029036015272140503
Step: 1679360	Mean reward: 5.8125	 Loss: 0.05975748226046562
Step: 1687552	Mean reward: 4.03125	 Loss: -0.028634652495384216
Step: 1695744	Mean reward: 4.25	 Loss: 0.060723621398210526
Step: 1703936	Mean reward: 4.59375	 Loss: 0.05860207602381706
Step: 1712128	Mean reward: 4.65625	 Loss: 0.030733074992895126
Step: 1720320	Mean reward: 5.3125	 Loss: 0.0008141510188579559
Step: 1728512	Mean reward: 5.4375	 Loss: 0.05429127439856529
Step: 1736704	Mean reward: 4.84375	 Loss: 0.011173143982887268
Step: 1744896	Mean reward: 4.78125	 Loss: 0.09084877371788025
Step: 1753088	Mean reward: 5.0625	 Loss: -0.007342897355556488
Step: 1761280	Mean reward: 5.75	 Loss: -0.009051982313394547
Step: 1769472	Mean reward: 4.71875	 Loss: 0.05553846433758736
Step: 1777664	Mean reward: 4.46875	 Loss: 0.05245596542954445
Step: 1785856	Mean reward: 4.59375	 Loss: 0.06358473002910614
Step: 1794048	Mean reward: 4.78125	 Loss: 0.04018893465399742
Step: 1802240	Mean reward: 4.4375	 Loss: 0.04654039815068245
Step: 1810432	Mean reward: 4.65625	 Loss: -0.03098784014582634
Step: 1818624	Mean reward: 4.78125	 Loss: 0.008153367787599564
Step: 1826816	Mean reward: 4.59375	 Loss: -0.02359975129365921
Step: 1835008	Mean reward: 4.59375	 Loss: 0.010974947363138199
Step: 1843200	Mean reward: 5.40625	 Loss: -0.003673084080219269
Step: 1851392	Mean reward: 4.84375	 Loss: -0.011471886187791824
Step: 1859584	Mean reward: 5.15625	 Loss: -0.023151777684688568
Step: 1867776	Mean reward: 5.25	 Loss: -0.0005083885043859482
Step: 1875968	Mean reward: 5.53125	 Loss: 0.06553718447685242
Step: 1884160	Mean reward: 5.65625	 Loss: -0.023918066173791885
Step: 1892352	Mean reward: 5.34375	 Loss: 0.09683540463447571
Step: 1900544	Mean reward: 5.6875	 Loss: 0.09129294753074646
Step: 1908736	Mean reward: 4.6875	 Loss: 0.049966853111982346
Step: 1916928	Mean reward: 5.34375	 Loss: 0.033782195299863815
Step: 1925120	Mean reward: 5.625	 Loss: -0.02867685630917549
Step: 1933312	Mean reward: 5.25	 Loss: 0.06126635894179344
Step: 1941504	Mean reward: 4.5625	 Loss: 0.09735158085823059
Step: 1949696	Mean reward: 4.0625	 Loss: 0.017253100872039795
Step: 1957888	Mean reward: 4.65625	 Loss: -0.0276731438934803
Step: 1966080	Mean reward: 5.1875	 Loss: 0.006203357130289078
Step: 1974272	Mean reward: 5.34375	 Loss: 0.04452500119805336
Step: 1982464	Mean reward: 4.125	 Loss: 0.0034363940358161926
Step: 1990656	Mean reward: 4.8125	 Loss: 0.04246308282017708
Step: 1998848	Mean reward: 4.09375	 Loss: 0.002964366227388382
Step: 2007040	Mean reward: 5.25	 Loss: 0.12006667256355286
Step: 2015232	Mean reward: 5.25	 Loss: 0.008397962898015976
Step: 2023424	Mean reward: 4.59375	 Loss: 0.028354566544294357
Step: 2031616	Mean reward: 5.40625	 Loss: 0.09405320882797241
Step: 2039808	Mean reward: 4.25	 Loss: 0.0822439044713974
Step: 2048000	Mean reward: 5.125	 Loss: 0.03870219364762306
Step: 2056192	Mean reward: 5.9375	 Loss: 0.025377053767442703
Step: 2064384	Mean reward: 5.0625	 Loss: -0.02381126955151558
Step: 2072576	Mean reward: 4.90625	 Loss: 0.009354721754789352
Step: 2080768	Mean reward: 5.3125	 Loss: 0.03496970981359482
Step: 2088960	Mean reward: 5.0625	 Loss: 0.040113795548677444
Step: 2097152	Mean reward: 4.65625	 Loss: 0.07436548173427582
Step: 2105344	Mean reward: 5.4375	 Loss: 0.022168897092342377
Step: 2113536	Mean reward: 4.21875	 Loss: 0.05260322615504265
Step: 2121728	Mean reward: 4.59375	 Loss: -0.0032774414867162704
Step: 2129920	Mean reward: 4.625	 Loss: 0.031953614205121994
Step: 2138112	Mean reward: 4.65625	 Loss: 0.012783370912075043
Step: 2146304	Mean reward: 4.78125	 Loss: -0.01954776793718338
Step: 2154496	Mean reward: 4.53125	 Loss: 0.005504157394170761
Step: 2162688	Mean reward: 4.6875	 Loss: 0.0618964321911335
Step: 2170880	Mean reward: 5.15625	 Loss: 0.03810589388012886
Step: 2179072	Mean reward: 5.3125	 Loss: 0.03421017527580261
Step: 2187264	Mean reward: 5.625	 Loss: 0.09712505340576172
Step: 2195456	Mean reward: 4.96875	 Loss: -0.03036508336663246
Step: 2203648	Mean reward: 5.0625	 Loss: 0.05984460189938545
Step: 2211840	Mean reward: 5.1875	 Loss: 0.03167567029595375
Step: 2220032	Mean reward: 4.75	 Loss: 0.01713164523243904
Step: 2228224	Mean reward: 4.75	 Loss: 0.045670341700315475
Step: 2236416	Mean reward: 4.65625	 Loss: 0.04720213636755943
Step: 2244608	Mean reward: 4.75	 Loss: 0.0970609039068222
Step: 2252800	Mean reward: 5.28125	 Loss: 0.026145443320274353
Step: 2260992	Mean reward: 5.1875	 Loss: 0.0815858542919159
Step: 2269184	Mean reward: 4.15625	 Loss: 0.007049590349197388
Step: 2277376	Mean reward: 4.46875	 Loss: 0.011064734309911728
Step: 2285568	Mean reward: 5.78125	 Loss: 0.024153191596269608
Step: 2293760	Mean reward: 4.125	 Loss: -0.059438351541757584
Step: 2301952	Mean reward: 4.75	 Loss: 0.07035203278064728
Step: 2310144	Mean reward: 5.3125	 Loss: 0.08004887402057648
Step: 2318336	Mean reward: 5.625	 Loss: 0.010212022811174393
Step: 2326528	Mean reward: 4.4375	 Loss: -0.01591021567583084
Step: 2334720	Mean reward: 4.6875	 Loss: -0.028003383427858353
Step: 2342912	Mean reward: 5.5	 Loss: -0.006021793931722641
Step: 2351104	Mean reward: 5.53125	 Loss: 0.05491478368639946
Step: 2359296	Mean reward: 4.375	 Loss: 0.027477454394102097
Step: 2367488	Mean reward: 5.75	 Loss: -0.003418300300836563
Step: 2375680	Mean reward: 4.4375	 Loss: 0.003268001601099968
Step: 2383872	Mean reward: 4.4375	 Loss: -0.025386054068803787
Step: 2392064	Mean reward: 4.65625	 Loss: 0.042480628937482834
Step: 2400256	Mean reward: 5.03125	 Loss: -0.026326071470975876
Step: 2408448	Mean reward: 4.9375	 Loss: 0.038676220923662186
Step: 2416640	Mean reward: 4.96875	 Loss: -0.004730116575956345
Step: 2424832	Mean reward: 4.6875	 Loss: 0.035314951092004776
Step: 2433024	Mean reward: 4.34375	 Loss: 0.0413331501185894
Step: 2441216	Mean reward: 5.09375	 Loss: 0.12325572967529297
Step: 2449408	Mean reward: 6.4375	 Loss: 0.035926636308431625
Step: 2457600	Mean reward: 5.09375	 Loss: 0.014627397060394287
Step: 2465792	Mean reward: 4.5	 Loss: 0.003908226266503334
Step: 2473984	Mean reward: 5.3125	 Loss: -0.03725958988070488
Step: 2482176	Mean reward: 4.5	 Loss: 0.02905208244919777
Step: 2490368	Mean reward: 3.28125	 Loss: -0.04284662380814552
Step: 2498560	Mean reward: 4.8125	 Loss: 0.01892252266407013
Step: 2506752	Mean reward: 5.125	 Loss: -0.04372699186205864
Step: 2514944	Mean reward: 5.125	 Loss: 0.05789612606167793
Step: 2523136	Mean reward: 3.90625	 Loss: -0.07638669013977051
Step: 2531328	Mean reward: 4.90625	 Loss: 0.017062053084373474
Step: 2539520	Mean reward: 5.375	 Loss: 0.015220917761325836
Step: 2547712	Mean reward: 5.71875	 Loss: 0.015884865075349808
Step: 2555904	Mean reward: 5.03125	 Loss: 0.05357333645224571
Step: 2564096	Mean reward: 5.4375	 Loss: 0.08829548954963684
Step: 2572288	Mean reward: 4.3125	 Loss: -0.012726671993732452
Step: 2580480	Mean reward: 5.9375	 Loss: -0.0308736152946949
Step: 2588672	Mean reward: 5.40625	 Loss: -0.012979034334421158
Step: 2596864	Mean reward: 4.78125	 Loss: -0.02402075007557869
Step: 2605056	Mean reward: 4.03125	 Loss: 0.09112295508384705
Step: 2613248	Mean reward: 4.25	 Loss: 0.0872541069984436
Step: 2621440	Mean reward: 4.4375	 Loss: 0.0945952832698822
Step: 2629632	Mean reward: 4.75	 Loss: 0.041894178837537766
Step: 2637824	Mean reward: 4.4375	 Loss: -0.026954788714647293
Step: 2646016	Mean reward: 4.90625	 Loss: -0.0003912001848220825
Step: 2654208	Mean reward: 5.53125	 Loss: -0.05150406435132027
Step: 2662400	Mean reward: 4.5	 Loss: 0.060877878218889236
Step: 2670592	Mean reward: 5.5	 Loss: 0.018036771565675735
Step: 2678784	Mean reward: 4.59375	 Loss: 0.06509241461753845
Step: 2686976	Mean reward: 4.40625	 Loss: -0.028443999588489532
Step: 2695168	Mean reward: 4.8125	 Loss: -0.005012206733226776
Step: 2703360	Mean reward: 4.875	 Loss: -0.014436356723308563
Step: 2711552	Mean reward: 4.78125	 Loss: 0.018115174025297165
Step: 2719744	Mean reward: 4.84375	 Loss: 0.0784497857093811
Step: 2727936	Mean reward: 5.09375	 Loss: 0.027293045073747635
Step: 2736128	Mean reward: 5.125	 Loss: 0.03183749318122864
Step: 2744320	Mean reward: 4.90625	 Loss: 0.0018073245882987976
Step: 2752512	Mean reward: 5.6875	 Loss: 0.03043306991457939
Step: 2760704	Mean reward: 5.3125	 Loss: 0.06822974979877472
Step: 2768896	Mean reward: 5.09375	 Loss: 0.0697331577539444
Step: 2777088	Mean reward: 4.5	 Loss: 0.06735876202583313
Step: 2785280	Mean reward: 4.875	 Loss: 0.009994912892580032
Step: 2793472	Mean reward: 4.875	 Loss: 0.05244612321257591
Step: 2801664	Mean reward: 4.40625	 Loss: 0.06766994297504425
Step: 2809856	Mean reward: 5.5	 Loss: 0.07524499297142029
Step: 2818048	Mean reward: 4.3125	 Loss: 0.04328657314181328
Step: 2826240	Mean reward: 5.9375	 Loss: 0.00887439027428627
Step: 2834432	Mean reward: 4.875	 Loss: 0.060893360525369644
Step: 2842624	Mean reward: 4.71875	 Loss: -0.016792818903923035
Step: 2850816	Mean reward: 5.59375	 Loss: -0.024382729083299637
Step: 2859008	Mean reward: 4.40625	 Loss: -0.014264833182096481
Step: 2867200	Mean reward: 5.25	 Loss: 0.00674666091799736
Step: 2875392	Mean reward: 4.53125	 Loss: 0.025150660425424576
Step: 2883584	Mean reward: 4.3125	 Loss: -0.05946183577179909
Step: 2891776	Mean reward: 5.25	 Loss: 0.08272853493690491
Step: 2899968	Mean reward: 4.53125	 Loss: 0.07004307210445404
Step: 2908160	Mean reward: 5.25	 Loss: -0.008481193333864212
Step: 2916352	Mean reward: 4.6875	 Loss: -0.05614810064435005
Step: 2924544	Mean reward: 4.15625	 Loss: 0.03604469820857048
Step: 2932736	Mean reward: 5.1875	 Loss: 0.04798399284482002
Step: 2940928	Mean reward: 5.09375	 Loss: 0.05172180011868477
Step: 2949120	Mean reward: 4.96875	 Loss: -0.0003772825002670288
Step: 2957312	Mean reward: 5.09375	 Loss: -0.01483091339468956
Step: 2965504	Mean reward: 5.1875	 Loss: 0.012569840997457504
Step: 2973696	Mean reward: 4.09375	 Loss: -0.02902611717581749
Step: 2981888	Mean reward: 5.40625	 Loss: 0.056135598570108414
Step: 2990080	Mean reward: 5.5	 Loss: 0.01428598165512085
Step: 2998272	Mean reward: 5.1875	 Loss: 0.027952443808317184
Step: 3006464	Mean reward: 4.96875	 Loss: 0.10072141885757446
Step: 3014656	Mean reward: 6.125	 Loss: -0.015294048935174942
Step: 3022848	Mean reward: 4.875	 Loss: 0.02973369136452675
Step: 3031040	Mean reward: 5.375	 Loss: 0.03763631358742714
Step: 3039232	Mean reward: 4.71875	 Loss: 0.02149050310254097
Step: 3047424	Mean reward: 4.375	 Loss: 0.015168964862823486
Step: 3055616	Mean reward: 4.75	 Loss: -0.0164567269384861
Step: 3063808	Mean reward: 4.6875	 Loss: 0.09205901622772217
Step: 3072000	Mean reward: 5.15625	 Loss: 0.09015874564647675
Step: 3080192	Mean reward: 5.15625	 Loss: 0.07381433248519897
Step: 3088384	Mean reward: 4.53125	 Loss: 0.027378205209970474
Step: 3096576	Mean reward: 5.15625	 Loss: 0.04938727989792824
Step: 3104768	Mean reward: 5.1875	 Loss: 0.01797398552298546
Step: 3112960	Mean reward: 5.09375	 Loss: 0.04506071284413338
Step: 3121152	Mean reward: 4.53125	 Loss: 0.02677707001566887
Step: 3129344	Mean reward: 5.1875	 Loss: -0.05928536877036095
Step: 3137536	Mean reward: 4.4375	 Loss: 0.024848684668540955
Step: 3145728	Mean reward: 4.65625	 Loss: 0.008879732340574265
Step: 3153920	Mean reward: 5.0	 Loss: 0.08540280163288116
Step: 3162112	Mean reward: 4.71875	 Loss: 0.07794518768787384
Step: 3170304	Mean reward: 4.5625	 Loss: 0.023950841277837753
Step: 3178496	Mean reward: 4.9375	 Loss: 0.06832444667816162
Step: 3186688	Mean reward: 4.65625	 Loss: 0.07506100833415985
Step: 3194880	Mean reward: 4.1875	 Loss: 0.032713670283555984
Step: 3203072	Mean reward: 4.09375	 Loss: 0.0382467545568943
Step: 3211264	Mean reward: 5.46875	 Loss: 0.06418019533157349
Step: 3219456	Mean reward: 5.21875	 Loss: 0.04784431681036949
Step: 3227648	Mean reward: 4.90625	 Loss: 0.05845804885029793
Step: 3235840	Mean reward: 5.21875	 Loss: 0.07977357506752014
Step: 3244032	Mean reward: 4.90625	 Loss: -0.043099723756313324
Step: 3252224	Mean reward: 4.8125	 Loss: 0.0870475322008133
Step: 3260416	Mean reward: 4.46875	 Loss: 0.0005273725837469101
Step: 3268608	Mean reward: 5.125	 Loss: 0.12955757975578308
Step: 3276800	Mean reward: 5.09375	 Loss: 0.07396647334098816
Step: 3284992	Mean reward: 4.03125	 Loss: -0.0887008011341095
Step: 3293184	Mean reward: 5.34375	 Loss: 0.0791509598493576
Step: 3301376	Mean reward: 5.1875	 Loss: 0.03380211070179939
Step: 3309568	Mean reward: 4.25	 Loss: 0.02970200777053833
Step: 3317760	Mean reward: 4.6875	 Loss: 0.0007042065262794495
Step: 3325952	Mean reward: 5.5625	 Loss: 0.05612284317612648
Step: 3334144	Mean reward: 4.78125	 Loss: 0.03487655892968178
Step: 3342336	Mean reward: 4.3125	 Loss: 0.03461349382996559
Step: 3350528	Mean reward: 5.25	 Loss: 0.09094832837581635
Step: 3358720	Mean reward: 5.5625	 Loss: 0.0348961316049099
Step: 3366912	Mean reward: 4.84375	 Loss: 0.004365868866443634
Step: 3375104	Mean reward: 4.34375	 Loss: 0.03848494961857796
Step: 3383296	Mean reward: 4.4375	 Loss: 0.009529609233140945
Step: 3391488	Mean reward: 5.15625	 Loss: 0.09725059568881989
Step: 3399680	Mean reward: 4.6875	 Loss: 0.08513738214969635
Step: 3407872	Mean reward: 4.59375	 Loss: 0.003572111949324608
Step: 3416064	Mean reward: 4.6875	 Loss: 0.0021830759942531586
Step: 3424256	Mean reward: 4.03125	 Loss: 0.05015483871102333
Step: 3432448	Mean reward: 4.46875	 Loss: -0.0523148737847805
Step: 3440640	Mean reward: 4.21875	 Loss: 0.02402014657855034
Step: 3448832	Mean reward: 4.71875	 Loss: 0.043001461774110794
Step: 3457024	Mean reward: 4.3125	 Loss: 0.08817750215530396
Step: 3465216	Mean reward: 4.96875	 Loss: 0.04809938743710518
Step: 3473408	Mean reward: 4.53125	 Loss: 0.010427616536617279
Step: 3481600	Mean reward: 5.59375	 Loss: 0.041076015681028366
Step: 3489792	Mean reward: 5.5	 Loss: 0.015604004263877869
Step: 3497984	Mean reward: 4.5625	 Loss: 0.09152959287166595
Step: 3506176	Mean reward: 4.8125	 Loss: 0.05160496011376381
Step: 3514368	Mean reward: 5.03125	 Loss: 0.023418407887220383
Step: 3522560	Mean reward: 6.03125	 Loss: 0.06436648964881897
Step: 3530752	Mean reward: 5.0	 Loss: -0.02735772356390953
Step: 3538944	Mean reward: 3.71875	 Loss: -0.0032031163573265076
Step: 3547136	Mean reward: 3.71875	 Loss: 0.015913646668195724
Step: 3555328	Mean reward: 4.34375	 Loss: -0.02977348491549492
Step: 3563520	Mean reward: 5.34375	 Loss: -0.004200059920549393
Step: 3571712	Mean reward: 4.90625	 Loss: 0.10531890392303467
Step: 3579904	Mean reward: 4.03125	 Loss: -0.07240265607833862
Step: 3588096	Mean reward: 4.625	 Loss: -0.040573250502347946
Step: 3596288	Mean reward: 4.5	 Loss: 0.011654093861579895
Step: 3604480	Mean reward: 4.59375	 Loss: -0.03425085172057152
Step: 3612672	Mean reward: 3.90625	 Loss: 0.028155121952295303
Step: 3620864	Mean reward: 5.875	 Loss: 0.049715373665094376
Step: 3629056	Mean reward: 5.875	 Loss: 0.11281703412532806
Step: 3637248	Mean reward: 4.40625	 Loss: 0.0548093356192112
Step: 3645440	Mean reward: 5.09375	 Loss: 0.015276383608579636
Step: 3653632	Mean reward: 5.09375	 Loss: 0.01562536135315895
Step: 3661824	Mean reward: 5.09375	 Loss: 0.07878154516220093
Step: 3670016	Mean reward: 4.96875	 Loss: -0.03150409087538719
Step: 3678208	Mean reward: 5.0	 Loss: 0.015184614807367325
Step: 3686400	Mean reward: 4.6875	 Loss: 0.08342130482196808
Step: 3694592	Mean reward: 4.71875	 Loss: 0.07238230109214783
Step: 3702784	Mean reward: 4.5	 Loss: -0.00855226069688797
Step: 3710976	Mean reward: 4.5	 Loss: 0.046551648527383804
Step: 3719168	Mean reward: 4.3125	 Loss: 0.024834420531988144
Step: 3727360	Mean reward: 4.40625	 Loss: -0.028361346572637558
Step: 3735552	Mean reward: 4.875	 Loss: -0.030755627900362015
Step: 3743744	Mean reward: 5.375	 Loss: 0.025464139878749847
Step: 3751936	Mean reward: 4.5	 Loss: 0.08903537690639496
Step: 3760128	Mean reward: 5.15625	 Loss: 0.049358200281858444
Step: 3768320	Mean reward: 5.78125	 Loss: 0.034720491617918015
Step: 3776512	Mean reward: 4.9375	 Loss: 0.060003314167261124
Step: 3784704	Mean reward: 5.21875	 Loss: 0.029335062950849533
Step: 3792896	Mean reward: 5.15625	 Loss: 0.007109284400939941
Step: 3801088	Mean reward: 4.125	 Loss: 0.025532536208629608
Step: 3809280	Mean reward: 4.5	 Loss: 0.031252991408109665
Step: 3817472	Mean reward: 4.75	 Loss: -0.007721457630395889
Step: 3825664	Mean reward: 4.25	 Loss: 0.03314520791172981
Step: 3833856	Mean reward: 4.3125	 Loss: -0.06798934936523438
Step: 3842048	Mean reward: 4.71875	 Loss: -0.04291992262005806
Step: 3850240	Mean reward: 4.59375	 Loss: 0.0008501745760440826
Step: 3858432	Mean reward: 5.125	 Loss: 0.010485466569662094
Step: 3866624	Mean reward: 5.25	 Loss: 0.04618224874138832
Step: 3874816	Mean reward: 4.875	 Loss: -0.04331529513001442
Step: 3883008	Mean reward: 4.96875	 Loss: 0.057556089013814926
Step: 3891200	Mean reward: 4.53125	 Loss: -0.017546802759170532
Step: 3899392	Mean reward: 5.625	 Loss: 0.020303521305322647
Step: 3907584	Mean reward: 4.90625	 Loss: 0.08979742228984833
Step: 3915776	Mean reward: 5.96875	 Loss: 0.0065603964030742645
Step: 3923968	Mean reward: 4.78125	 Loss: 0.05102028325200081
Step: 3932160	Mean reward: 4.21875	 Loss: 0.04187479987740517
Step: 3940352	Mean reward: 4.03125	 Loss: 0.00971701368689537
Step: 3948544	Mean reward: 4.71875	 Loss: 0.10774807631969452
Step: 3956736	Mean reward: 4.84375	 Loss: -0.022480636835098267
Step: 3964928	Mean reward: 5.0	 Loss: 0.00705438107252121
Step: 3973120	Mean reward: 4.5625	 Loss: 0.008311819285154343
Step: 3981312	Mean reward: 4.40625	 Loss: -0.047290537506341934
Step: 3989504	Mean reward: 4.90625	 Loss: 0.029680848121643066
Step: 3997696	Mean reward: 5.25	 Loss: -0.02137833461165428
Step: 4005888	Mean reward: 4.625	 Loss: -0.03860260918736458
Step: 4014080	Mean reward: 3.375	 Loss: 0.03032887727022171
Step: 4022272	Mean reward: 4.3125	 Loss: -0.029559727758169174
Step: 4030464	Mean reward: 5.0	 Loss: 0.07502026855945587
Step: 4038656	Mean reward: 4.6875	 Loss: -0.011771220713853836
Step: 4046848	Mean reward: 4.78125	 Loss: 0.05245831981301308
Step: 4055040	Mean reward: 4.4375	 Loss: 0.053913917392492294
Step: 4063232	Mean reward: 5.53125	 Loss: 0.05210389569401741
Step: 4071424	Mean reward: 4.0	 Loss: -0.026120472699403763
Step: 4079616	Mean reward: 5.34375	 Loss: 0.012038994580507278
Step: 4087808	Mean reward: 4.78125	 Loss: 0.10180553793907166
Step: 4096000	Mean reward: 4.78125	 Loss: 0.03945380821824074
Step: 4104192	Mean reward: 4.71875	 Loss: 0.08496429026126862
Step: 4112384	Mean reward: 3.9375	 Loss: 0.09154132008552551
Step: 4120576	Mean reward: 4.21875	 Loss: 0.013719402253627777
Step: 4128768	Mean reward: 6.25	 Loss: 0.011208169162273407
Step: 4136960	Mean reward: 5.28125	 Loss: -0.0026062466204166412
Step: 4145152	Mean reward: 4.5	 Loss: 0.018128763884305954
Step: 4153344	Mean reward: 4.46875	 Loss: 0.08651639521121979
Step: 4161536	Mean reward: 5.3125	 Loss: 0.02603762596845627
Step: 4169728	Mean reward: 4.125	 Loss: 0.022609908133745193
Step: 4177920	Mean reward: 5.0	 Loss: 0.05483460798859596
Step: 4186112	Mean reward: 6.59375	 Loss: 0.07888360321521759
Step: 4194304	Mean reward: 4.78125	 Loss: -0.018321629613637924
Step: 4202496	Mean reward: 3.78125	 Loss: 0.028560731559991837
Step: 4210688	Mean reward: 4.625	 Loss: 0.04258590564131737
Step: 4218880	Mean reward: 4.875	 Loss: -0.005694787949323654
Step: 4227072	Mean reward: 4.625	 Loss: 0.04181160405278206
Step: 4235264	Mean reward: 4.40625	 Loss: -0.002481963485479355
Step: 4243456	Mean reward: 4.09375	 Loss: 0.05794370546936989
Step: 4251648	Mean reward: 5.625	 Loss: -0.08086483180522919
Step: 4259840	Mean reward: 4.09375	 Loss: -0.027110088616609573
Step: 4268032	Mean reward: 6.28125	 Loss: 0.03093772381544113
Step: 4276224	Mean reward: 4.09375	 Loss: -0.0003654398024082184
Step: 4284416	Mean reward: 5.59375	 Loss: 0.05648421868681908
Step: 4292608	Mean reward: 5.25	 Loss: 0.003245670348405838
Step: 4300800	Mean reward: 5.46875	 Loss: 0.059447597712278366
Step: 4308992	Mean reward: 5.03125	 Loss: -0.033781424164772034
Step: 4317184	Mean reward: 5.1875	 Loss: 0.09088568389415741
Step: 4325376	Mean reward: 4.15625	 Loss: 0.053922999650239944
Step: 4333568	Mean reward: 5.53125	 Loss: 0.03633826598525047
Step: 4341760	Mean reward: 5.0	 Loss: 0.05762312188744545
Step: 4349952	Mean reward: 5.15625	 Loss: 0.03883594647049904
Step: 4358144	Mean reward: 5.09375	 Loss: 0.054829809814691544
Step: 4366336	Mean reward: 5.0	 Loss: 0.04106265679001808
Step: 4374528	Mean reward: 4.46875	 Loss: 0.020506594330072403
Step: 4382720	Mean reward: 5.34375	 Loss: 0.009246256202459335
Step: 4390912	Mean reward: 5.1875	 Loss: 0.0501607321202755
Step: 4399104	Mean reward: 5.59375	 Loss: 0.11499907076358795
Step: 4407296	Mean reward: 4.6875	 Loss: 0.05334388092160225
Step: 4415488	Mean reward: 4.78125	 Loss: -0.004354950040578842
Step: 4423680	Mean reward: 5.5	 Loss: 0.018188443034887314
Step: 4431872	Mean reward: 4.65625	 Loss: 0.03871934488415718
Step: 4440064	Mean reward: 3.75	 Loss: 0.014040354639291763
Step: 4448256	Mean reward: 4.09375	 Loss: 0.04577568545937538
Step: 4456448	Mean reward: 5.5625	 Loss: 0.053095828741788864
Step: 4464640	Mean reward: 4.90625	 Loss: -0.003040418028831482
Step: 4472832	Mean reward: 3.9375	 Loss: -0.029064815491437912
Step: 4481024	Mean reward: 3.90625	 Loss: 0.0018421467393636703
Step: 4489216	Mean reward: 4.96875	 Loss: -0.05276063457131386
Step: 4497408	Mean reward: 4.40625	 Loss: 0.054187942296266556
Step: 4505600	Mean reward: 5.1875	 Loss: -0.04175401106476784
Step: 4513792	Mean reward: 6.15625	 Loss: 0.02811480686068535
Step: 4521984	Mean reward: 5.4375	 Loss: 0.008454687893390656
Step: 4530176	Mean reward: 5.0	 Loss: 0.08054974675178528
Step: 4538368	Mean reward: 4.96875	 Loss: 0.06369704008102417
Step: 4546560	Mean reward: 5.8125	 Loss: -0.01498451828956604
Step: 4554752	Mean reward: 5.5625	 Loss: 0.09423181414604187
Step: 4562944	Mean reward: 3.96875	 Loss: -0.02180078625679016
Step: 4571136	Mean reward: 4.1875	 Loss: -0.04712262004613876
Step: 4579328	Mean reward: 4.65625	 Loss: -0.02377505972981453
Step: 4587520	Mean reward: 4.65625	 Loss: 0.0017459522932767868
Step: 4595712	Mean reward: 4.53125	 Loss: 0.10453908145427704
Step: 4603904	Mean reward: 4.96875	 Loss: 0.047347430139780045
Step: 4612096	Mean reward: 4.53125	 Loss: -0.0514853373169899
Step: 4620288	Mean reward: 3.65625	 Loss: 0.050399038940668106
Step: 4628480	Mean reward: 5.0	 Loss: 0.060014162212610245
Step: 4636672	Mean reward: 4.46875	 Loss: 0.03768138960003853
Step: 4644864	Mean reward: 4.84375	 Loss: -0.05004191771149635
Step: 4653056	Mean reward: 5.15625	 Loss: 0.05177375301718712
Step: 4661248	Mean reward: 5.28125	 Loss: 0.09374105930328369
Step: 4669440	Mean reward: 4.625	 Loss: 0.014835532754659653
Step: 4677632	Mean reward: 5.3125	 Loss: -0.025744467973709106
Step: 4685824	Mean reward: 5.6875	 Loss: 0.030554886907339096
Step: 4694016	Mean reward: 4.78125	 Loss: 0.03515070304274559
Step: 4702208	Mean reward: 4.5625	 Loss: 0.04688462242484093
Step: 4710400	Mean reward: 4.8125	 Loss: -0.020726218819618225
Step: 4718592	Mean reward: 4.4375	 Loss: 0.0022579655051231384
Step: 4726784	Mean reward: 4.9375	 Loss: -0.03154832497239113
Step: 4734976	Mean reward: 5.875	 Loss: 0.023456502705812454
Step: 4743168	Mean reward: 5.375	 Loss: 0.05408130958676338
Step: 4751360	Mean reward: 5.1875	 Loss: 0.00734330341219902
Step: 4759552	Mean reward: 4.65625	 Loss: -0.008364962413907051
Step: 4767744	Mean reward: 4.34375	 Loss: 0.002523094415664673
Step: 4775936	Mean reward: 5.625	 Loss: 0.08206133544445038
Step: 4784128	Mean reward: 4.25	 Loss: 0.03254833072423935
Step: 4792320	Mean reward: 5.875	 Loss: -0.011677756905555725
Step: 4800512	Mean reward: 4.5625	 Loss: 0.004550501704216003
Step: 4808704	Mean reward: 5.4375	 Loss: -0.003928177058696747
Step: 4816896	Mean reward: 5.25	 Loss: 0.02983277663588524
Step: 4825088	Mean reward: 4.15625	 Loss: -0.009344344958662987
Step: 4833280	Mean reward: 5.375	 Loss: -0.0004842132329940796
Step: 4841472	Mean reward: 4.34375	 Loss: 0.055212873965501785
Step: 4849664	Mean reward: 4.21875	 Loss: 0.05303581431508064
Step: 4857856	Mean reward: 5.0	 Loss: 0.03703989461064339
Step: 4866048	Mean reward: 6.03125	 Loss: 0.087297722697258
Step: 4874240	Mean reward: 4.65625	 Loss: 0.02366521954536438
Step: 4882432	Mean reward: 5.0	 Loss: 0.06285001337528229
Step: 4890624	Mean reward: 4.4375	 Loss: 0.08079473674297333
Step: 4898816	Mean reward: 4.875	 Loss: -0.015563342720270157
Step: 4907008	Mean reward: 4.8125	 Loss: 0.044839609414339066
Step: 4915200	Mean reward: 4.96875	 Loss: 0.034885577857494354
Step: 4923392	Mean reward: 4.875	 Loss: -0.011823151260614395
Step: 4931584	Mean reward: 5.0625	 Loss: 0.1309269666671753
Step: 4939776	Mean reward: 6.53125	 Loss: 0.09637361764907837
Step: 4947968	Mean reward: 5.0625	 Loss: -0.012516580522060394
Step: 4956160	Mean reward: 5.3125	 Loss: -0.026116270571947098
Step: 4964352	Mean reward: 4.9375	 Loss: -0.00015941821038722992
Step: 4972544	Mean reward: 5.25	 Loss: -0.0045958012342453
Step: 4980736	Mean reward: 4.28125	 Loss: -0.010925784707069397
Step: 4988928	Mean reward: 4.5625	 Loss: 0.06749171018600464
Step: 4997120	Mean reward: 4.34375	 Loss: -0.037403132766485214
Step: 5005312	Mean reward: 4.59375	 Loss: 0.04084454104304314
Step: 5013504	Mean reward: 4.5	 Loss: -0.047651808708906174
Step: 5021696	Mean reward: 5.8125	 Loss: 0.008995190262794495
Step: 5029888	Mean reward: 4.53125	 Loss: -0.038902971893548965
Step: 5038080	Mean reward: 4.53125	 Loss: -0.029350552707910538
Step: 5046272	Mean reward: 4.75	 Loss: -0.05060580000281334
Step: 5054464	Mean reward: 5.09375	 Loss: -0.03347130864858627
Step: 5062656	Mean reward: 4.8125	 Loss: 0.03033425286412239
Step: 5070848	Mean reward: 5.25	 Loss: 0.007922995835542679
Step: 5079040	Mean reward: 5.09375	 Loss: -0.053837258368730545
Step: 5087232	Mean reward: 5.03125	 Loss: 0.060351718217134476
Step: 5095424	Mean reward: 5.25	 Loss: 0.0842212587594986
Step: 5103616	Mean reward: 5.03125	 Loss: 0.037629593163728714
Step: 5111808	Mean reward: 4.3125	 Loss: -0.017323486506938934
Step: 5120000	Mean reward: 5.34375	 Loss: 0.0036160908639431
Step: 5128192	Mean reward: 4.46875	 Loss: -0.0075027309358119965
Step: 5136384	Mean reward: 4.90625	 Loss: -0.006371103227138519
Step: 5144576	Mean reward: 4.25	 Loss: 0.07110671699047089
Step: 5152768	Mean reward: 4.65625	 Loss: 0.011773549020290375
Step: 5160960	Mean reward: 4.375	 Loss: 0.053236979991197586
Step: 5169152	Mean reward: 5.125	 Loss: -0.0009075496345758438
Step: 5177344	Mean reward: 5.5625	 Loss: 0.10911700129508972
Step: 5185536	Mean reward: 4.5625	 Loss: 0.04809163883328438
Step: 5193728	Mean reward: 5.375	 Loss: 0.0503656305372715
Step: 5201920	Mean reward: 5.25	 Loss: 0.01793203130364418
Step: 5210112	Mean reward: 5.53125	 Loss: 0.061512675136327744
Step: 5218304	Mean reward: 4.8125	 Loss: 0.0028783902525901794
Step: 5226496	Mean reward: 5.375	 Loss: 0.12140786647796631
Step: 5234688	Mean reward: 5.125	 Loss: 0.008081801235675812
Step: 5242880	Mean reward: 4.25	 Loss: 0.06787049770355225
Step: 5251072	Mean reward: 5.03125	 Loss: 0.06285935640335083
Step: 5259264	Mean reward: 4.625	 Loss: -0.0009612180292606354
Step: 5267456	Mean reward: 5.125	 Loss: 0.04603468254208565
Step: 5275648	Mean reward: 4.59375	 Loss: 0.07383987307548523
Step: 5283840	Mean reward: 5.1875	 Loss: 0.010434161871671677
Step: 5292032	Mean reward: 4.0	 Loss: 0.05596470460295677
Step: 5300224	Mean reward: 4.9375	 Loss: 0.045962702482938766
Step: 5308416	Mean reward: 4.46875	 Loss: 0.06832210719585419
Step: 5316608	Mean reward: 5.1875	 Loss: 0.025911632925271988
Step: 5324800	Mean reward: 5.28125	 Loss: 0.02823057398200035
Step: 5332992	Mean reward: 4.34375	 Loss: -0.006304638460278511
Step: 5341184	Mean reward: 6.21875	 Loss: -0.018806349486112595
Step: 5349376	Mean reward: 5.03125	 Loss: 0.020147796720266342
Step: 5357568	Mean reward: 3.3125	 Loss: 0.06407077610492706
Step: 5365760	Mean reward: 4.6875	 Loss: 0.006556939333677292
Step: 5373952	Mean reward: 5.09375	 Loss: 0.00495254248380661
Step: 5382144	Mean reward: 4.1875	 Loss: 0.021327655762434006
Step: 5390336	Mean reward: 4.53125	 Loss: -0.0012458935379981995
Step: 5398528	Mean reward: 4.125	 Loss: -0.02877301350235939
Step: 5406720	Mean reward: 5.5	 Loss: 0.10924893617630005
Step: 5414912	Mean reward: 4.125	 Loss: 0.02813638001680374
Step: 5423104	Mean reward: 4.96875	 Loss: 0.035373929888010025
Step: 5431296	Mean reward: 5.71875	 Loss: 0.04221609607338905
Step: 5439488	Mean reward: 4.75	 Loss: 0.017698869109153748
Step: 5447680	Mean reward: 4.75	 Loss: -0.04541592672467232
Step: 5455872	Mean reward: 5.375	 Loss: 0.04229458048939705
Step: 5464064	Mean reward: 5.65625	 Loss: 0.04177407547831535
Step: 5472256	Mean reward: 4.40625	 Loss: 0.07118424773216248
Step: 5480448	Mean reward: 5.28125	 Loss: 0.08264198899269104
Step: 5488640	Mean reward: 4.625	 Loss: 0.028523623943328857
Step: 5496832	Mean reward: 4.875	 Loss: 0.05909829959273338
Step: 5505024	Mean reward: 5.875	 Loss: 0.09504051506519318
Step: 5513216	Mean reward: 5.6875	 Loss: 0.04890285059809685
Step: 5521408	Mean reward: 5.09375	 Loss: 0.042208705097436905
Step: 5529600	Mean reward: 4.25	 Loss: 0.05490860715508461
Step: 5537792	Mean reward: 5.46875	 Loss: 0.06371381878852844
Step: 5545984	Mean reward: 5.0625	 Loss: 0.06707192957401276
Step: 5554176	Mean reward: 3.90625	 Loss: -0.021722327917814255
Step: 5562368	Mean reward: 5.09375	 Loss: 0.06279677152633667
Step: 5570560	Mean reward: 4.53125	 Loss: -0.017431288957595825
Step: 5578752	Mean reward: 5.75	 Loss: 0.036728907376527786
Step: 5586944	Mean reward: 5.0	 Loss: 0.0512038953602314
Step: 5595136	Mean reward: 5.0	 Loss: -0.0890258252620697
Step: 5603328	Mean reward: 4.5625	 Loss: -0.012507840991020203
Step: 5611520	Mean reward: 5.40625	 Loss: 0.056530918926000595
Step: 5619712	Mean reward: 4.65625	 Loss: 0.00010976940393447876
Step: 5627904	Mean reward: 5.0625	 Loss: 0.04233688488602638
Step: 5636096	Mean reward: 4.40625	 Loss: -0.004877109080553055
Step: 5644288	Mean reward: 5.65625	 Loss: 0.03019171953201294
Step: 5652480	Mean reward: 4.1875	 Loss: 0.011086609214544296
Step: 5660672	Mean reward: 4.25	 Loss: 0.01397029310464859
Step: 5668864	Mean reward: 4.5	 Loss: -0.003984443843364716
Step: 5677056	Mean reward: 4.6875	 Loss: 0.04649733379483223
Step: 5685248	Mean reward: 4.0	 Loss: 0.005545683205127716
Step: 5693440	Mean reward: 4.125	 Loss: 0.01358700916171074
Step: 5701632	Mean reward: 4.75	 Loss: -0.06512720882892609
Step: 5709824	Mean reward: 4.90625	 Loss: 0.05295116826891899
Step: 5718016	Mean reward: 5.4375	 Loss: 0.001842636615037918
Step: 5726208	Mean reward: 3.75	 Loss: 0.03539848327636719
Step: 5734400	Mean reward: 4.5625	 Loss: 0.020489759743213654
Step: 5742592	Mean reward: 5.46875	 Loss: 0.004564754664897919
Step: 5750784	Mean reward: 4.34375	 Loss: -0.027451232075691223
Step: 5758976	Mean reward: 4.1875	 Loss: -0.013531826436519623
Step: 5767168	Mean reward: 3.90625	 Loss: 0.03347966447472572
Step: 5775360	Mean reward: 5.46875	 Loss: 0.07862278819084167
Step: 5783552	Mean reward: 5.25	 Loss: 0.06934502720832825
Step: 5791744	Mean reward: 5.53125	 Loss: -0.03643418475985527
Step: 5799936	Mean reward: 4.46875	 Loss: 0.050334032624959946
Step: 5808128	Mean reward: 5.03125	 Loss: 0.0668335109949112
Step: 5816320	Mean reward: 4.84375	 Loss: 0.03412584587931633
Step: 5824512	Mean reward: 4.9375	 Loss: -0.03363967314362526
Step: 5832704	Mean reward: 5.09375	 Loss: 0.03529280424118042
Step: 5840896	Mean reward: 5.125	 Loss: 0.06883667409420013
Step: 5849088	Mean reward: 6.1875	 Loss: 0.06422777473926544
Step: 5857280	Mean reward: 5.875	 Loss: -0.0012187175452709198
Step: 5865472	Mean reward: 5.15625	 Loss: 0.0245044082403183
Step: 5873664	Mean reward: 4.125	 Loss: -0.012392304837703705
Step: 5881856	Mean reward: 5.9375	 Loss: -0.003758050501346588
Step: 5890048	Mean reward: 4.0625	 Loss: 0.0625697523355484
Step: 5898240	Mean reward: 5.25	 Loss: 0.11457863450050354
Step: 5906432	Mean reward: 4.71875	 Loss: -0.00263894721865654
Step: 5914624	Mean reward: 5.3125	 Loss: -0.00565725564956665
Step: 5922816	Mean reward: 4.96875	 Loss: -0.011611897498369217
Step: 5931008	Mean reward: 5.40625	 Loss: 0.05619922652840614
Step: 5939200	Mean reward: 4.40625	 Loss: -0.04980558156967163
Step: 5947392	Mean reward: 4.75	 Loss: 0.012708734720945358
Step: 5955584	Mean reward: 4.90625	 Loss: 0.0061364807188510895
Step: 5963776	Mean reward: 4.90625	 Loss: 0.008373145014047623
Step: 5971968	Mean reward: 4.03125	 Loss: -0.006106197834014893
Step: 5980160	Mean reward: 4.25	 Loss: 0.027162324637174606
Step: 5988352	Mean reward: 4.90625	 Loss: 0.026594575494527817
Step: 5996544	Mean reward: 4.78125	 Loss: 0.05811654403805733
Step: 6004736	Mean reward: 5.09375	 Loss: -0.03874655440449715
Step: 6012928	Mean reward: 4.9375	 Loss: 0.006668649613857269
Step: 6021120	Mean reward: 4.6875	 Loss: -0.010275248438119888
Step: 6029312	Mean reward: 5.96875	 Loss: 0.07191979885101318
Step: 6037504	Mean reward: 5.5	 Loss: 0.04262128099799156
Step: 6045696	Mean reward: 5.0625	 Loss: 0.06793433427810669
Step: 6053888	Mean reward: 4.1875	 Loss: 0.08576329052448273
Step: 6062080	Mean reward: 4.71875	 Loss: 0.005390569567680359
Step: 6070272	Mean reward: 5.59375	 Loss: -0.016507770866155624
Step: 6078464	Mean reward: 5.5625	 Loss: 0.02552914246916771
Step: 6086656	Mean reward: 5.0	 Loss: 0.04399148002266884
Step: 6094848	Mean reward: 5.71875	 Loss: 0.01710580661892891
Step: 6103040	Mean reward: 5.4375	 Loss: 0.02768329158425331
Step: 6111232	Mean reward: 4.5625	 Loss: 0.041184116154909134
Step: 6119424	Mean reward: 5.09375	 Loss: 0.06438261270523071
Step: 6127616	Mean reward: 4.84375	 Loss: 0.03542012348771095
Step: 6135808	Mean reward: 6.0	 Loss: 0.06965479254722595
Step: 6144000	Mean reward: 4.625	 Loss: 0.042086709290742874
Step: 6152192	Mean reward: 4.125	 Loss: 0.02771041914820671
Step: 6160384	Mean reward: 4.75	 Loss: 0.020667236298322678
Step: 6168576	Mean reward: 4.78125	 Loss: 0.05181977525353432
Step: 6176768	Mean reward: 4.53125	 Loss: 0.04513170197606087
Step: 6184960	Mean reward: 4.78125	 Loss: 0.04002520814538002
Step: 6193152	Mean reward: 5.3125	 Loss: 0.06347790360450745
Step: 6201344	Mean reward: 4.9375	 Loss: -0.0633864775300026
Step: 6209536	Mean reward: 5.59375	 Loss: 0.0032428503036499023
Step: 6217728	Mean reward: 4.78125	 Loss: 0.033991146832704544
Step: 6225920	Mean reward: 4.5625	 Loss: -0.029097959399223328
Step: 6234112	Mean reward: 5.0	 Loss: -0.01645020768046379
Step: 6242304	Mean reward: 4.5	 Loss: 0.08691735565662384
Step: 6250496	Mean reward: 6.125	 Loss: -0.012116361409425735
Step: 6258688	Mean reward: 4.5625	 Loss: -0.02734699472784996
Step: 6266880	Mean reward: 4.5	 Loss: 0.001209605485200882
Step: 6275072	Mean reward: 5.0625	 Loss: 0.06389391422271729
Step: 6283264	Mean reward: 4.15625	 Loss: -0.010551096871495247
Step: 6291456	Mean reward: 4.84375	 Loss: 0.0896918773651123
Step: 6299648	Mean reward: 4.96875	 Loss: 0.060753341764211655
Step: 6307840	Mean reward: 4.78125	 Loss: -0.061694834381341934
Step: 6316032	Mean reward: 4.78125	 Loss: -0.03170347586274147
Step: 6324224	Mean reward: 5.21875	 Loss: 0.03111569955945015
Step: 6332416	Mean reward: 5.21875	 Loss: 0.09859360754489899
Step: 6340608	Mean reward: 5.625	 Loss: 0.02679450437426567
Step: 6348800	Mean reward: 4.4375	 Loss: 0.0803469717502594
Step: 6356992	Mean reward: 4.78125	 Loss: -0.02587459236383438
Step: 6365184	Mean reward: 4.65625	 Loss: 0.025946874171495438
Step: 6373376	Mean reward: 4.71875	 Loss: 0.026743490248918533
Step: 6381568	Mean reward: 4.6875	 Loss: 0.030280880630016327
Step: 6389760	Mean reward: 4.6875	 Loss: 0.025590766221284866
Step: 6397952	Mean reward: 5.15625	 Loss: 0.00021427124738693237
Step: 6406144	Mean reward: 4.59375	 Loss: 0.015766162425279617
Step: 6414336	Mean reward: 4.875	 Loss: 0.06913867592811584
Step: 6422528	Mean reward: 5.53125	 Loss: 0.07106594741344452
Step: 6430720	Mean reward: 4.90625	 Loss: 0.017554614692926407
Step: 6438912	Mean reward: 5.75	 Loss: 0.061882007867097855
Step: 6447104	Mean reward: 4.34375	 Loss: 0.027742940932512283
Step: 6455296	Mean reward: 6.03125	 Loss: 0.08316166698932648
Step: 6463488	Mean reward: 4.71875	 Loss: -0.011715594679117203
Step: 6471680	Mean reward: 4.875	 Loss: 0.06474938988685608
Step: 6479872	Mean reward: 5.53125	 Loss: 0.010345015674829483
Step: 6488064	Mean reward: 4.75	 Loss: -0.004767255857586861
Step: 6496256	Mean reward: 4.625	 Loss: 0.024381790310144424
Step: 6504448	Mean reward: 4.8125	 Loss: 0.04121993109583855
Step: 6512640	Mean reward: 4.03125	 Loss: 0.06709863245487213
Step: 6520832	Mean reward: 4.6875	 Loss: 0.03911607339978218
Step: 6529024	Mean reward: 5.0	 Loss: 0.10428906977176666
Step: 6537216	Mean reward: 4.1875	 Loss: -0.07557201385498047
Step: 6545408	Mean reward: 4.15625	 Loss: 0.04011237993836403
Step: 6553600	Mean reward: 4.90625	 Loss: 0.024518240243196487
Step: 6561792	Mean reward: 4.21875	 Loss: 0.04284797981381416
Step: 6569984	Mean reward: 3.65625	 Loss: 0.014894958585500717
Step: 6578176	Mean reward: 5.25	 Loss: 0.0015349984169006348
Step: 6586368	Mean reward: 5.46875	 Loss: 0.04206520691514015
Step: 6594560	Mean reward: 4.71875	 Loss: 0.03889951482415199
Step: 6602752	Mean reward: 3.75	 Loss: -0.04908480867743492
Step: 6610944	Mean reward: 4.65625	 Loss: -0.040583498775959015
Step: 6619136	Mean reward: 5.40625	 Loss: 0.030010100454092026
Step: 6627328	Mean reward: 4.53125	 Loss: 0.006504390388727188
Step: 6635520	Mean reward: 5.0	 Loss: -0.04671422764658928
Step: 6643712	Mean reward: 4.90625	 Loss: -0.0005216039717197418
Step: 6651904	Mean reward: 3.90625	 Loss: 0.0017539747059345245
Step: 6660096	Mean reward: 5.40625	 Loss: 0.028242886066436768
Step: 6668288	Mean reward: 5.84375	 Loss: 0.003143707290291786
Step: 6676480	Mean reward: 5.1875	 Loss: 0.04334978386759758
Step: 6684672	Mean reward: 4.125	 Loss: 0.0021523572504520416
Step: 6692864	Mean reward: 4.84375	 Loss: 0.04333057627081871
Step: 6701056	Mean reward: 3.875	 Loss: 0.005874235183000565
Step: 6709248	Mean reward: 5.90625	 Loss: 0.046400632709264755
Step: 6717440	Mean reward: 4.46875	 Loss: 0.04394802823662758
Step: 6725632	Mean reward: 4.96875	 Loss: 0.05779527500271797
Step: 6733824	Mean reward: 4.15625	 Loss: 0.04144356772303581
Step: 6742016	Mean reward: 4.25	 Loss: -0.03219377249479294
Step: 6750208	Mean reward: 4.90625	 Loss: -0.015035610646009445
Step: 6758400	Mean reward: 5.03125	 Loss: 0.06210660561919212
Step: 6766592	Mean reward: 5.375	 Loss: 0.06926797330379486
Step: 6774784	Mean reward: 5.21875	 Loss: 0.020168479532003403
Step: 6782976	Mean reward: 5.65625	 Loss: 0.04124278947710991
Step: 6791168	Mean reward: 4.78125	 Loss: 0.019275348633527756
Step: 6799360	Mean reward: 4.625	 Loss: 0.006238345056772232
Step: 6807552	Mean reward: 5.4375	 Loss: -0.02790137007832527
Step: 6815744	Mean reward: 5.8125	 Loss: 0.016493599861860275
Step: 6823936	Mean reward: 5.0	 Loss: 0.05527593567967415
Step: 6832128	Mean reward: 4.40625	 Loss: 0.06300376355648041
Step: 6840320	Mean reward: 5.6875	 Loss: 0.04967905953526497
Step: 6848512	Mean reward: 4.6875	 Loss: -0.03614961728453636
Step: 6856704	Mean reward: 4.84375	 Loss: 0.05653228983283043
Step: 6864896	Mean reward: 4.8125	 Loss: 0.02417408674955368
Step: 6873088	Mean reward: 4.78125	 Loss: 0.05491866543889046
Step: 6881280	Mean reward: 4.5625	 Loss: 0.01891757920384407
Step: 6889472	Mean reward: 5.90625	 Loss: 0.0971372127532959
Step: 6897664	Mean reward: 6.0	 Loss: -0.022921863943338394
Step: 6905856	Mean reward: 4.5	 Loss: -0.015394460409879684
Step: 6914048	Mean reward: 6.15625	 Loss: 0.018396712839603424
Step: 6922240	Mean reward: 4.96875	 Loss: 0.07445578277111053
Step: 6930432	Mean reward: 4.75	 Loss: -0.02653484046459198
Step: 6938624	Mean reward: 4.75	 Loss: 0.03162061795592308
Step: 6946816	Mean reward: 4.625	 Loss: 0.03397855535149574
Step: 6955008	Mean reward: 5.53125	 Loss: 0.07914002239704132
Step: 6963200	Mean reward: 5.40625	 Loss: 0.04555728659033775
Step: 6971392	Mean reward: 5.53125	 Loss: 0.01980745419859886
Step: 6979584	Mean reward: 4.84375	 Loss: -0.03298725187778473
Step: 6987776	Mean reward: 4.5625	 Loss: -0.019410889595746994
Step: 6995968	Mean reward: 5.625	 Loss: 0.03612975403666496
Step: 7004160	Mean reward: 4.6875	 Loss: 0.10253411531448364
Step: 7012352	Mean reward: 4.125	 Loss: 0.0065334029495716095
Step: 7020544	Mean reward: 5.125	 Loss: 0.10003823041915894
Step: 7028736	Mean reward: 4.375	 Loss: -0.030701573938131332
Step: 7036928	Mean reward: 4.21875	 Loss: 0.0063058845698833466
Step: 7045120	Mean reward: 4.34375	 Loss: 0.06609803438186646
Step: 7053312	Mean reward: 5.15625	 Loss: 0.05144209787249565
Step: 7061504	Mean reward: 5.21875	 Loss: 0.03403328359127045
Step: 7069696	Mean reward: 4.4375	 Loss: 0.03326971456408501
Step: 7077888	Mean reward: 5.15625	 Loss: 0.023261085152626038
Step: 7086080	Mean reward: 4.65625	 Loss: -0.02444920688867569
Step: 7094272	Mean reward: 3.8125	 Loss: -0.025659698992967606
Step: 7102464	Mean reward: 5.78125	 Loss: 0.021012667566537857
Step: 7110656	Mean reward: 3.65625	 Loss: 0.02088170126080513
Step: 7118848	Mean reward: 4.5	 Loss: 0.030792564153671265
Step: 7127040	Mean reward: 5.125	 Loss: 0.03212330862879753
Step: 7135232	Mean reward: 4.25	 Loss: 0.07302369177341461
Step: 7143424	Mean reward: 4.65625	 Loss: 0.06187339499592781
Step: 7151616	Mean reward: 4.375	 Loss: 0.05837954953312874
Step: 7159808	Mean reward: 4.6875	 Loss: -0.021628819406032562
Step: 7168000	Mean reward: 4.5625	 Loss: 0.02196647599339485
Step: 7176192	Mean reward: 3.625	 Loss: 0.03537576273083687
Step: 7184384	Mean reward: 4.15625	 Loss: -0.006210692226886749
Step: 7192576	Mean reward: 5.15625	 Loss: 0.05324813351035118
Step: 7200768	Mean reward: 5.03125	 Loss: 0.03517089784145355
Step: 7208960	Mean reward: 5.5	 Loss: 0.02543516829609871
Step: 7217152	Mean reward: 5.84375	 Loss: 0.07865726947784424
Step: 7225344	Mean reward: 5.53125	 Loss: 0.07519702613353729
Step: 7233536	Mean reward: 3.9375	 Loss: 0.02386486902832985
Step: 7241728	Mean reward: 5.78125	 Loss: -0.04177466407418251
Step: 7249920	Mean reward: 4.40625	 Loss: 0.015476245433092117
Step: 7258112	Mean reward: 5.4375	 Loss: 0.013467084616422653
Step: 7266304	Mean reward: 5.40625	 Loss: -0.04366987198591232
Step: 7274496	Mean reward: 6.1875	 Loss: 0.0634305477142334
Step: 7282688	Mean reward: 5.25	 Loss: 0.03360436484217644
Step: 7290880	Mean reward: 3.9375	 Loss: -0.037179749459028244
Step: 7299072	Mean reward: 4.71875	 Loss: 0.026089318096637726
Step: 7307264	Mean reward: 5.53125	 Loss: 0.04448485001921654
Step: 7315456	Mean reward: 4.375	 Loss: -0.038268182426691055
Step: 7323648	Mean reward: 6.0625	 Loss: 0.09311339259147644
Step: 7331840	Mean reward: 5.0	 Loss: -0.013622462749481201
Step: 7340032	Mean reward: 4.46875	 Loss: 0.022572606801986694
Step: 7348224	Mean reward: 5.40625	 Loss: 0.03957356885075569
Step: 7356416	Mean reward: 5.03125	 Loss: 0.008485805243253708
Step: 7364608	Mean reward: 5.53125	 Loss: 0.06241615489125252
Step: 7372800	Mean reward: 4.46875	 Loss: 0.01072760671377182
Step: 7380992	Mean reward: 4.375	 Loss: 0.03943977132439613
Step: 7389184	Mean reward: 5.1875	 Loss: 0.06124601140618324
Step: 7397376	Mean reward: 5.40625	 Loss: 0.03771951422095299
Step: 7405568	Mean reward: 4.90625	 Loss: 0.09674197435379028
Step: 7413760	Mean reward: 5.0625	 Loss: 0.005840927362442017
Step: 7421952	Mean reward: 4.53125	 Loss: 0.02183179184794426
Step: 7430144	Mean reward: 5.1875	 Loss: 0.007578741759061813
Step: 7438336	Mean reward: 4.78125	 Loss: -0.008386585861444473
Step: 7446528	Mean reward: 5.96875	 Loss: 0.018907703459262848
Step: 7454720	Mean reward: 6.09375	 Loss: -0.006903603672981262
Step: 7462912	Mean reward: 5.21875	 Loss: 0.04455387964844704
Step: 7471104	Mean reward: 4.9375	 Loss: 0.03168144449591637
Step: 7479296	Mean reward: 4.46875	 Loss: 0.06628642976284027
Step: 7487488	Mean reward: 4.9375	 Loss: -0.03808019310235977
Step: 7495680	Mean reward: 4.84375	 Loss: 0.04751329496502876
Step: 7503872	Mean reward: 5.40625	 Loss: -0.03790177032351494
Step: 7512064	Mean reward: 5.25	 Loss: 0.03976558521389961
Step: 7520256	Mean reward: 5.6875	 Loss: -0.01683003082871437
Step: 7528448	Mean reward: 4.96875	 Loss: 0.0650087296962738
Step: 7536640	Mean reward: 4.53125	 Loss: 0.026006877422332764
Step: 7544832	Mean reward: 3.875	 Loss: 0.0703759640455246
Step: 7553024	Mean reward: 4.5625	 Loss: 0.0009785033762454987
Step: 7561216	Mean reward: 4.6875	 Loss: -0.026913344860076904
Step: 7569408	Mean reward: 4.3125	 Loss: 0.05048436298966408
Step: 7577600	Mean reward: 5.4375	 Loss: -0.010010574012994766
Step: 7585792	Mean reward: 4.125	 Loss: 0.05331513658165932
Step: 7593984	Mean reward: 4.65625	 Loss: 0.06467689573764801
Step: 7602176	Mean reward: 4.90625	 Loss: -0.03889035806059837
Step: 7610368	Mean reward: 5.25	 Loss: 0.06450106203556061
Step: 7618560	Mean reward: 5.125	 Loss: 0.03352755680680275
Step: 7626752	Mean reward: 4.96875	 Loss: 0.08560718595981598
Step: 7634944	Mean reward: 5.09375	 Loss: 0.10323663055896759
Step: 7643136	Mean reward: 4.90625	 Loss: -0.01680808886885643
Step: 7651328	Mean reward: 4.28125	 Loss: 0.06149015203118324
Step: 7659520	Mean reward: 4.5	 Loss: 0.011683035641908646
Step: 7667712	Mean reward: 5.90625	 Loss: 0.07884541153907776
Step: 7675904	Mean reward: 5.03125	 Loss: 0.05903429165482521
Step: 7684096	Mean reward: 6.3125	 Loss: 0.06734280288219452
Step: 7692288	Mean reward: 4.34375	 Loss: 0.045551810413599014
Step: 7700480	Mean reward: 4.40625	 Loss: 0.018675394356250763
Step: 7708672	Mean reward: 4.71875	 Loss: 0.04394090548157692
Step: 7716864	Mean reward: 4.65625	 Loss: -0.012002240866422653
Step: 7725056	Mean reward: 4.28125	 Loss: 0.04572293534874916
Step: 7733248	Mean reward: 4.40625	 Loss: 0.06299483776092529
Step: 7741440	Mean reward: 4.8125	 Loss: 0.02848288044333458
Step: 7749632	Mean reward: 5.09375	 Loss: 0.10506962239742279
Step: 7757824	Mean reward: 5.34375	 Loss: 0.03775501623749733
Step: 7766016	Mean reward: 4.9375	 Loss: 0.03592269495129585
Step: 7774208	Mean reward: 5.9375	 Loss: -0.014358419924974442
Step: 7782400	Mean reward: 4.8125	 Loss: 0.07296277582645416
Step: 7790592	Mean reward: 4.875	 Loss: -0.011524062603712082
Step: 7798784	Mean reward: 5.53125	 Loss: 0.014641579240560532
Step: 7806976	Mean reward: 4.53125	 Loss: 0.005091127008199692
Step: 7815168	Mean reward: 6.1875	 Loss: 0.05360109731554985
Step: 7823360	Mean reward: 5.34375	 Loss: 0.03135143592953682
Step: 7831552	Mean reward: 4.84375	 Loss: 0.007899224758148193
Step: 7839744	Mean reward: 5.34375	 Loss: 0.01452135294675827
Step: 7847936	Mean reward: 5.78125	 Loss: 0.06935986876487732
Step: 7856128	Mean reward: 5.53125	 Loss: 0.0613628514111042
Step: 7864320	Mean reward: 5.875	 Loss: 0.03650480881333351
Step: 7872512	Mean reward: 4.625	 Loss: -0.05496407672762871
Step: 7880704	Mean reward: 5.53125	 Loss: 0.029545534402132034
Step: 7888896	Mean reward: 5.71875	 Loss: 0.02655884250998497
Step: 7897088	Mean reward: 4.75	 Loss: 0.009470075368881226
Step: 7905280	Mean reward: 4.65625	 Loss: -0.03773399814963341
Step: 7913472	Mean reward: 4.625	 Loss: 0.05182771757245064
Step: 7921664	Mean reward: 4.96875	 Loss: 0.05260976031422615
Step: 7929856	Mean reward: 4.65625	 Loss: -0.006228294223546982
Step: 7938048	Mean reward: 5.375	 Loss: -0.022089175879955292
Step: 7946240	Mean reward: 4.46875	 Loss: 0.03457551822066307
Step: 7954432	Mean reward: 5.40625	 Loss: 0.010963302105665207
Step: 7962624	Mean reward: 5.5	 Loss: -0.028474461287260056
Step: 7970816	Mean reward: 5.84375	 Loss: 0.012807466089725494
Step: 7979008	Mean reward: 4.3125	 Loss: -0.012056365609169006
Step: 7987200	Mean reward: 4.9375	 Loss: 0.007657431066036224
Step: 7995392	Mean reward: 4.59375	 Loss: 0.03302008658647537
Step: 8003584	Mean reward: 5.15625	 Loss: 0.04342808201909065
Completed training!
2021-11-29 21:09:05
