{'total_steps': 8000000.0, 'num_envs': 32, 'num_steps': 256, 'num_levels': 200, 'num_epochs': 3, 'batch_size': 512, 'eps': 0.2, 'grad_eps': 0.5, 'value_coef': 0.5, 'entropy_coef': 0.01, 'c1': 0.5, 'c2': 0.1, 'num_actions': 15, 'in_channels': 3, 'feature_dim': 64, 'env_name': 'starpilot', 'use_background': False}
Observation space: Box([[[0. 0. 0. ... 0. 0. 0.]
  [0. 0. 0. ... 0. 0. 0.]
  [0. 0. 0. ... 0. 0. 0.]
  ...
  [0. 0. 0. ... 0. 0. 0.]
  [0. 0. 0. ... 0. 0. 0.]
  [0. 0. 0. ... 0. 0. 0.]]

 [[0. 0. 0. ... 0. 0. 0.]
  [0. 0. 0. ... 0. 0. 0.]
  [0. 0. 0. ... 0. 0. 0.]
  ...
  [0. 0. 0. ... 0. 0. 0.]
  [0. 0. 0. ... 0. 0. 0.]
  [0. 0. 0. ... 0. 0. 0.]]

 [[0. 0. 0. ... 0. 0. 0.]
  [0. 0. 0. ... 0. 0. 0.]
  [0. 0. 0. ... 0. 0. 0.]
  ...
  [0. 0. 0. ... 0. 0. 0.]
  [0. 0. 0. ... 0. 0. 0.]
  [0. 0. 0. ... 0. 0. 0.]]], [[[1. 1. 1. ... 1. 1. 1.]
  [1. 1. 1. ... 1. 1. 1.]
  [1. 1. 1. ... 1. 1. 1.]
  ...
  [1. 1. 1. ... 1. 1. 1.]
  [1. 1. 1. ... 1. 1. 1.]
  [1. 1. 1. ... 1. 1. 1.]]

 [[1. 1. 1. ... 1. 1. 1.]
  [1. 1. 1. ... 1. 1. 1.]
  [1. 1. 1. ... 1. 1. 1.]
  ...
  [1. 1. 1. ... 1. 1. 1.]
  [1. 1. 1. ... 1. 1. 1.]
  [1. 1. 1. ... 1. 1. 1.]]

 [[1. 1. 1. ... 1. 1. 1.]
  [1. 1. 1. ... 1. 1. 1.]
  [1. 1. 1. ... 1. 1. 1.]
  ...
  [1. 1. 1. ... 1. 1. 1.]
  [1. 1. 1. ... 1. 1. 1.]
  [1. 1. 1. ... 1. 1. 1.]]], (3, 64, 64), float32)
Action space: 15
Step: 8192	Mean reward: 4.21875	 Loss: 0.12973055243492126
Step: 16384	Mean reward: 4.125	 Loss: -0.1549140214920044
Step: 24576	Mean reward: 5.5	 Loss: -0.2332991361618042
Step: 32768	Mean reward: 4.9375	 Loss: -0.19331218302249908
Step: 40960	Mean reward: 5.59375	 Loss: -0.19492778182029724
Step: 49152	Mean reward: 4.1875	 Loss: -0.17172890901565552
Step: 57344	Mean reward: 4.84375	 Loss: -0.21003368496894836
Step: 65536	Mean reward: 4.875	 Loss: -0.20451045036315918
Step: 73728	Mean reward: 5.1875	 Loss: -0.18319399654865265
Step: 81920	Mean reward: 5.21875	 Loss: -0.1524723321199417
Step: 90112	Mean reward: 3.9375	 Loss: -0.19456031918525696
Step: 98304	Mean reward: 5.03125	 Loss: -0.17640486359596252
Step: 106496	Mean reward: 4.875	 Loss: -0.19533857703208923
Step: 114688	Mean reward: 5.0625	 Loss: -0.19263282418251038
Step: 122880	Mean reward: 4.78125	 Loss: -0.2140955924987793
Step: 131072	Mean reward: 4.3125	 Loss: -0.21985018253326416
Step: 139264	Mean reward: 5.75	 Loss: -0.20720022916793823
Step: 147456	Mean reward: 6.34375	 Loss: -0.11590616405010223
Step: 155648	Mean reward: 4.5625	 Loss: -0.24496370553970337
Step: 163840	Mean reward: 5.8125	 Loss: -0.17191950976848602
Step: 172032	Mean reward: 5.4375	 Loss: -0.1730090081691742
Step: 180224	Mean reward: 5.03125	 Loss: -0.16892404854297638
Step: 188416	Mean reward: 5.46875	 Loss: -0.1690567135810852
Step: 196608	Mean reward: 5.1875	 Loss: -0.24085932970046997
Step: 204800	Mean reward: 4.21875	 Loss: -0.24441102147102356
Step: 212992	Mean reward: 6.0	 Loss: -0.10009275376796722
Step: 221184	Mean reward: 4.15625	 Loss: -0.17619416117668152
Step: 229376	Mean reward: 3.90625	 Loss: -0.26095980405807495
Step: 237568	Mean reward: 5.125	 Loss: -0.11707177758216858
Step: 245760	Mean reward: 6.0	 Loss: -0.12905310094356537
Step: 253952	Mean reward: 4.5	 Loss: -0.22612503170967102
Step: 262144	Mean reward: 3.78125	 Loss: -0.1816331446170807
Step: 270336	Mean reward: 4.90625	 Loss: -0.18833674490451813
Step: 278528	Mean reward: 5.0625	 Loss: -0.18373335897922516
Step: 286720	Mean reward: 5.0625	 Loss: -0.18584032356739044
Step: 294912	Mean reward: 5.1875	 Loss: -0.2814961075782776
Step: 303104	Mean reward: 5.28125	 Loss: -0.17854762077331543
Step: 311296	Mean reward: 5.15625	 Loss: -0.19189172983169556
Step: 319488	Mean reward: 5.28125	 Loss: -0.2206692099571228
Step: 327680	Mean reward: 4.53125	 Loss: -0.23240897059440613
Step: 335872	Mean reward: 5.78125	 Loss: -0.151635080575943
Step: 344064	Mean reward: 4.84375	 Loss: -0.16471946239471436
Step: 352256	Mean reward: 4.9375	 Loss: -0.20403048396110535
Step: 360448	Mean reward: 4.5	 Loss: -0.23950546979904175
Step: 368640	Mean reward: 4.8125	 Loss: -0.23361580073833466
Step: 376832	Mean reward: 5.1875	 Loss: -0.16641341149806976
Step: 385024	Mean reward: 5.625	 Loss: -0.2528938353061676
Step: 393216	Mean reward: 4.9375	 Loss: -0.1393185555934906
Step: 401408	Mean reward: 4.5	 Loss: -0.20181995630264282
Step: 409600	Mean reward: 5.21875	 Loss: -0.1791737973690033
Step: 417792	Mean reward: 5.09375	 Loss: -0.19332396984100342
Step: 425984	Mean reward: 4.90625	 Loss: -0.17581777274608612
Step: 434176	Mean reward: 5.28125	 Loss: -0.19133511185646057
Step: 442368	Mean reward: 4.5625	 Loss: -0.23705628514289856
Step: 450560	Mean reward: 5.09375	 Loss: -0.1862432062625885
Step: 458752	Mean reward: 4.5	 Loss: -0.2244476079940796
Step: 466944	Mean reward: 5.15625	 Loss: -0.25339141488075256
Step: 475136	Mean reward: 5.71875	 Loss: -0.21215203404426575
Step: 483328	Mean reward: 4.375	 Loss: -0.2601293921470642
Step: 491520	Mean reward: 5.09375	 Loss: -0.1630212664604187
Step: 499712	Mean reward: 5.09375	 Loss: -0.1906379908323288
Step: 507904	Mean reward: 4.25	 Loss: -0.2893438935279846
Step: 516096	Mean reward: 4.21875	 Loss: -0.24624723196029663
Step: 524288	Mean reward: 5.09375	 Loss: -0.25263118743896484
Step: 532480	Mean reward: 4.21875	 Loss: -0.16606324911117554
Step: 540672	Mean reward: 5.3125	 Loss: -0.21872958540916443
Step: 548864	Mean reward: 4.21875	 Loss: -0.2974720001220703
Step: 557056	Mean reward: 5.5	 Loss: -0.15180963277816772
Step: 565248	Mean reward: 5.09375	 Loss: -0.21278166770935059
Step: 573440	Mean reward: 4.625	 Loss: -0.16761934757232666
Step: 581632	Mean reward: 5.5625	 Loss: -0.2133057713508606
Step: 589824	Mean reward: 5.1875	 Loss: -0.2450532615184784
Step: 598016	Mean reward: 4.3125	 Loss: -0.222486674785614
Step: 606208	Mean reward: 5.84375	 Loss: -0.19817762076854706
Step: 614400	Mean reward: 5.03125	 Loss: -0.17693328857421875
Step: 622592	Mean reward: 5.03125	 Loss: -0.23009178042411804
Step: 630784	Mean reward: 5.125	 Loss: -0.20065569877624512
Step: 638976	Mean reward: 4.25	 Loss: -0.2310968041419983
Step: 647168	Mean reward: 5.625	 Loss: -0.24787725508213043
Step: 655360	Mean reward: 4.28125	 Loss: -0.22565720975399017
Step: 663552	Mean reward: 5.4375	 Loss: -0.22649386525154114
Step: 671744	Mean reward: 5.625	 Loss: -0.17676450312137604
Step: 679936	Mean reward: 5.03125	 Loss: -0.21469564735889435
Step: 688128	Mean reward: 4.8125	 Loss: -0.15818427503108978
Step: 696320	Mean reward: 6.125	 Loss: -0.1680341362953186
Step: 704512	Mean reward: 4.78125	 Loss: -0.16137105226516724
Step: 712704	Mean reward: 5.0625	 Loss: -0.19660040736198425
Step: 720896	Mean reward: 5.09375	 Loss: -0.17057383060455322
Step: 729088	Mean reward: 5.4375	 Loss: -0.2413964569568634
Step: 737280	Mean reward: 4.40625	 Loss: -0.23890408873558044
Step: 745472	Mean reward: 5.09375	 Loss: -0.21279595792293549
Step: 753664	Mean reward: 5.6875	 Loss: -0.16849228739738464
Step: 761856	Mean reward: 5.78125	 Loss: -0.18672756850719452
Step: 770048	Mean reward: 5.0	 Loss: -0.26379668712615967
Step: 778240	Mean reward: 4.78125	 Loss: -0.22147774696350098
Step: 786432	Mean reward: 4.5	 Loss: -0.17472957074642181
Step: 794624	Mean reward: 3.34375	 Loss: -0.2453770488500595
Step: 802816	Mean reward: 5.6875	 Loss: -0.27241501212120056
Step: 811008	Mean reward: 4.90625	 Loss: -0.24122166633605957
Step: 819200	Mean reward: 4.1875	 Loss: -0.27362504601478577
Step: 827392	Mean reward: 3.6875	 Loss: -0.255760133266449
Step: 835584	Mean reward: 5.0625	 Loss: -0.21113482117652893
Step: 843776	Mean reward: 4.625	 Loss: -0.26511767506599426
Step: 851968	Mean reward: 5.84375	 Loss: -0.2409181445837021
Step: 860160	Mean reward: 4.15625	 Loss: -0.1409899741411209
Step: 868352	Mean reward: 4.625	 Loss: -0.20200064778327942
Step: 876544	Mean reward: 5.34375	 Loss: -0.26879796385765076
Step: 884736	Mean reward: 4.9375	 Loss: -0.22068330645561218
Step: 892928	Mean reward: 5.125	 Loss: -0.158491313457489
Step: 901120	Mean reward: 5.46875	 Loss: -0.18648488819599152
Step: 909312	Mean reward: 5.28125	 Loss: -0.1585679054260254
Step: 917504	Mean reward: 4.96875	 Loss: -0.1708175241947174
Step: 925696	Mean reward: 4.4375	 Loss: -0.2210269272327423
Step: 933888	Mean reward: 4.78125	 Loss: -0.16475063562393188
Step: 942080	Mean reward: 4.78125	 Loss: -0.25397545099258423
Step: 950272	Mean reward: 5.78125	 Loss: -0.18367469310760498
Step: 958464	Mean reward: 4.65625	 Loss: -0.22827039659023285
Step: 966656	Mean reward: 3.9375	 Loss: -0.2385738044977188
Step: 974848	Mean reward: 4.4375	 Loss: -0.23043334484100342
Step: 983040	Mean reward: 5.6875	 Loss: -0.165694460272789
Step: 991232	Mean reward: 5.03125	 Loss: -0.13788136839866638
Step: 999424	Mean reward: 4.8125	 Loss: -0.2653241455554962
Step: 1007616	Mean reward: 4.84375	 Loss: -0.15727263689041138
Step: 1015808	Mean reward: 5.03125	 Loss: -0.2542171776294708
Step: 1024000	Mean reward: 5.0	 Loss: -0.23413661122322083
Step: 1032192	Mean reward: 3.5625	 Loss: -0.196446031332016
Step: 1040384	Mean reward: 4.46875	 Loss: -0.2233349084854126
Step: 1048576	Mean reward: 4.96875	 Loss: -0.2715551257133484
Step: 1056768	Mean reward: 4.40625	 Loss: -0.2205284833908081
Step: 1064960	Mean reward: 5.59375	 Loss: -0.237578347325325
Step: 1073152	Mean reward: 5.4375	 Loss: -0.19498339295387268
Step: 1081344	Mean reward: 6.4375	 Loss: -0.18129585683345795
Step: 1089536	Mean reward: 5.25	 Loss: -0.2147093415260315
Step: 1097728	Mean reward: 5.09375	 Loss: -0.22878286242485046
Step: 1105920	Mean reward: 4.96875	 Loss: -0.22021615505218506
Step: 1114112	Mean reward: 4.59375	 Loss: -0.24027785658836365
Step: 1122304	Mean reward: 4.8125	 Loss: -0.20771843194961548
Step: 1130496	Mean reward: 5.875	 Loss: -0.15485772490501404
Step: 1138688	Mean reward: 6.03125	 Loss: -0.17695221304893494
Step: 1146880	Mean reward: 5.71875	 Loss: -0.21802380681037903
Step: 1155072	Mean reward: 5.28125	 Loss: -0.24451108276844025
Step: 1163264	Mean reward: 5.09375	 Loss: -0.20347291231155396
Step: 1171456	Mean reward: 4.84375	 Loss: -0.15095527470111847
Step: 1179648	Mean reward: 5.53125	 Loss: -0.17339327931404114
Step: 1187840	Mean reward: 4.9375	 Loss: -0.17905452847480774
Step: 1196032	Mean reward: 5.1875	 Loss: -0.2021706998348236
Step: 1204224	Mean reward: 4.34375	 Loss: -0.19562064111232758
Step: 1212416	Mean reward: 4.65625	 Loss: -0.23855149745941162
Step: 1220608	Mean reward: 4.9375	 Loss: -0.23022359609603882
Step: 1228800	Mean reward: 6.15625	 Loss: -0.22355873882770538
Step: 1236992	Mean reward: 4.625	 Loss: -0.18288442492485046
Step: 1245184	Mean reward: 4.6875	 Loss: -0.28464198112487793
Step: 1253376	Mean reward: 5.1875	 Loss: -0.19122722744941711
Step: 1261568	Mean reward: 4.5625	 Loss: -0.18927761912345886
Step: 1269760	Mean reward: 4.40625	 Loss: -0.23694127798080444
Step: 1277952	Mean reward: 4.71875	 Loss: -0.2145954966545105
Step: 1286144	Mean reward: 4.5625	 Loss: -0.22609196603298187
Step: 1294336	Mean reward: 3.625	 Loss: -0.16286946833133698
Step: 1302528	Mean reward: 4.71875	 Loss: -0.1965094804763794
Step: 1310720	Mean reward: 4.03125	 Loss: -0.19975675642490387
Step: 1318912	Mean reward: 5.96875	 Loss: -0.1758885532617569
Step: 1327104	Mean reward: 3.6875	 Loss: -0.23418477177619934
Step: 1335296	Mean reward: 4.125	 Loss: -0.2346891164779663
Step: 1343488	Mean reward: 4.3125	 Loss: -0.22656594216823578
Step: 1351680	Mean reward: 4.75	 Loss: -0.2826056480407715
Step: 1359872	Mean reward: 5.65625	 Loss: -0.24356752634048462
Step: 1368064	Mean reward: 4.9375	 Loss: -0.1571909785270691
Step: 1376256	Mean reward: 5.46875	 Loss: -0.22231586277484894
Step: 1384448	Mean reward: 6.09375	 Loss: -0.26908668875694275
Step: 1392640	Mean reward: 5.15625	 Loss: -0.2593666911125183
Step: 1400832	Mean reward: 4.5	 Loss: -0.2401868999004364
Step: 1409024	Mean reward: 4.5625	 Loss: -0.19947092235088348
Step: 1417216	Mean reward: 3.75	 Loss: -0.23064857721328735
Step: 1425408	Mean reward: 4.84375	 Loss: -0.15736429393291473
Step: 1433600	Mean reward: 4.78125	 Loss: -0.1982676088809967
Step: 1441792	Mean reward: 5.0	 Loss: -0.19395986199378967
Step: 1449984	Mean reward: 4.53125	 Loss: -0.2711094617843628
Step: 1458176	Mean reward: 5.15625	 Loss: -0.2223501354455948
Step: 1466368	Mean reward: 4.53125	 Loss: -0.22674599289894104
Step: 1474560	Mean reward: 4.96875	 Loss: -0.21783536672592163
Step: 1482752	Mean reward: 3.8125	 Loss: -0.23641256988048553
Step: 1490944	Mean reward: 5.15625	 Loss: -0.14125755429267883
Step: 1499136	Mean reward: 4.1875	 Loss: -0.2558116018772125
Step: 1507328	Mean reward: 4.96875	 Loss: -0.19538725912570953
Step: 1515520	Mean reward: 4.5	 Loss: -0.196232408285141
Step: 1523712	Mean reward: 5.25	 Loss: -0.18700473010540009
Step: 1531904	Mean reward: 4.90625	 Loss: -0.2232884168624878
Step: 1540096	Mean reward: 4.40625	 Loss: -0.19648988544940948
Step: 1548288	Mean reward: 5.09375	 Loss: -0.24461136758327484
Step: 1556480	Mean reward: 5.5	 Loss: -0.25951361656188965
Step: 1564672	Mean reward: 4.875	 Loss: -0.17270009219646454
Step: 1572864	Mean reward: 5.34375	 Loss: -0.20263879001140594
Step: 1581056	Mean reward: 4.375	 Loss: -0.2544788718223572
Step: 1589248	Mean reward: 4.15625	 Loss: -0.26215487718582153
Step: 1597440	Mean reward: 4.84375	 Loss: -0.17814718186855316
Step: 1605632	Mean reward: 5.0625	 Loss: -0.1659785509109497
Step: 1613824	Mean reward: 4.90625	 Loss: -0.163791686296463
Step: 1622016	Mean reward: 5.03125	 Loss: -0.20853690803050995
Step: 1630208	Mean reward: 5.40625	 Loss: -0.21409055590629578
Step: 1638400	Mean reward: 4.59375	 Loss: -0.21174263954162598
Step: 1646592	Mean reward: 4.34375	 Loss: -0.32741495966911316
Step: 1654784	Mean reward: 5.15625	 Loss: -0.20907562971115112
Step: 1662976	Mean reward: 5.0	 Loss: -0.23151598870754242
Step: 1671168	Mean reward: 4.3125	 Loss: -0.2974400818347931
Step: 1679360	Mean reward: 5.5625	 Loss: -0.22833368182182312
Step: 1687552	Mean reward: 4.84375	 Loss: -0.23922765254974365
Step: 1695744	Mean reward: 5.125	 Loss: -0.21468903124332428
Step: 1703936	Mean reward: 4.84375	 Loss: -0.26619797945022583
Step: 1712128	Mean reward: 4.59375	 Loss: -0.2787199318408966
Step: 1720320	Mean reward: 5.5	 Loss: -0.18493250012397766
Step: 1728512	Mean reward: 5.28125	 Loss: -0.209860697388649
Step: 1736704	Mean reward: 4.5	 Loss: -0.2135537713766098
Step: 1744896	Mean reward: 5.09375	 Loss: -0.2262871116399765
Step: 1753088	Mean reward: 5.9375	 Loss: -0.2611507773399353
Step: 1761280	Mean reward: 5.96875	 Loss: -0.15125344693660736
Step: 1769472	Mean reward: 5.15625	 Loss: -0.19529101252555847
Step: 1777664	Mean reward: 4.875	 Loss: -0.16594699025154114
Step: 1785856	Mean reward: 4.75	 Loss: -0.29112643003463745
Step: 1794048	Mean reward: 4.875	 Loss: -0.20137347280979156
Step: 1802240	Mean reward: 5.75	 Loss: -0.26064684987068176
Step: 1810432	Mean reward: 5.125	 Loss: -0.2512626647949219
Step: 1818624	Mean reward: 5.34375	 Loss: -0.23301824927330017
Step: 1826816	Mean reward: 4.5625	 Loss: -0.233843594789505
Step: 1835008	Mean reward: 5.375	 Loss: -0.20269173383712769
Step: 1843200	Mean reward: 4.6875	 Loss: -0.19494891166687012
Step: 1851392	Mean reward: 4.5	 Loss: -0.267814040184021
Step: 1859584	Mean reward: 5.25	 Loss: -0.18024398386478424
Step: 1867776	Mean reward: 5.4375	 Loss: -0.2505967915058136
Step: 1875968	Mean reward: 5.6875	 Loss: -0.23155778646469116
Step: 1884160	Mean reward: 5.46875	 Loss: -0.17882303893566132
Step: 1892352	Mean reward: 4.34375	 Loss: -0.21394066512584686
Step: 1900544	Mean reward: 4.65625	 Loss: -0.20839029550552368
Step: 1908736	Mean reward: 4.78125	 Loss: -0.1996254026889801
Step: 1916928	Mean reward: 4.9375	 Loss: -0.24655187129974365
Step: 1925120	Mean reward: 4.9375	 Loss: -0.244774729013443
Step: 1933312	Mean reward: 4.71875	 Loss: -0.20353209972381592
Step: 1941504	Mean reward: 4.78125	 Loss: -0.20904335379600525
Step: 1949696	Mean reward: 5.625	 Loss: -0.1868017464876175
Step: 1957888	Mean reward: 4.6875	 Loss: -0.19391076266765594
Step: 1966080	Mean reward: 4.3125	 Loss: -0.19926996529102325
Step: 1974272	Mean reward: 4.71875	 Loss: -0.26927533745765686
Step: 1982464	Mean reward: 4.625	 Loss: -0.24158693850040436
Step: 1990656	Mean reward: 5.84375	 Loss: -0.1567593216896057
Step: 1998848	Mean reward: 4.6875	 Loss: -0.26256319880485535
Step: 2007040	Mean reward: 5.28125	 Loss: -0.2074795365333557
Step: 2015232	Mean reward: 5.09375	 Loss: -0.21607546508312225
Step: 2023424	Mean reward: 5.75	 Loss: -0.20531189441680908
Step: 2031616	Mean reward: 4.03125	 Loss: -0.22140949964523315
Step: 2039808	Mean reward: 4.90625	 Loss: -0.2298208773136139
Step: 2048000	Mean reward: 5.78125	 Loss: -0.22780242562294006
Step: 2056192	Mean reward: 4.5625	 Loss: -0.22573696076869965
Step: 2064384	Mean reward: 4.90625	 Loss: -0.28258609771728516
Step: 2072576	Mean reward: 4.53125	 Loss: -0.18480761349201202
Step: 2080768	Mean reward: 5.15625	 Loss: -0.2559833526611328
Step: 2088960	Mean reward: 5.0625	 Loss: -0.16285660862922668
Step: 2097152	Mean reward: 5.5	 Loss: -0.170040100812912
Step: 2105344	Mean reward: 5.0	 Loss: -0.19732408225536346
Step: 2113536	Mean reward: 5.28125	 Loss: -0.23090587556362152
Step: 2121728	Mean reward: 4.625	 Loss: -0.21669501066207886
Step: 2129920	Mean reward: 4.40625	 Loss: -0.1572987139225006
Step: 2138112	Mean reward: 5.375	 Loss: -0.18519769608974457
Step: 2146304	Mean reward: 4.71875	 Loss: -0.18250316381454468
Step: 2154496	Mean reward: 4.5625	 Loss: -0.2287464290857315
Step: 2162688	Mean reward: 6.15625	 Loss: -0.21869781613349915
Step: 2170880	Mean reward: 4.59375	 Loss: -0.2695227861404419
Step: 2179072	Mean reward: 5.6875	 Loss: -0.18013933300971985
Step: 2187264	Mean reward: 4.4375	 Loss: -0.2543221712112427
Step: 2195456	Mean reward: 4.5625	 Loss: -0.20157316327095032
Step: 2203648	Mean reward: 5.3125	 Loss: -0.19063642621040344
Step: 2211840	Mean reward: 5.5625	 Loss: -0.22890853881835938
Step: 2220032	Mean reward: 5.15625	 Loss: -0.24083548784255981
Step: 2228224	Mean reward: 5.4375	 Loss: -0.2532673180103302
Step: 2236416	Mean reward: 4.4375	 Loss: -0.2614632844924927
Step: 2244608	Mean reward: 5.0625	 Loss: -0.10462550818920135
Step: 2252800	Mean reward: 5.0	 Loss: -0.18512944877147675
Step: 2260992	Mean reward: 5.40625	 Loss: -0.19051668047904968
Step: 2269184	Mean reward: 5.34375	 Loss: -0.22798404097557068
Step: 2277376	Mean reward: 4.375	 Loss: -0.24757087230682373
Step: 2285568	Mean reward: 5.21875	 Loss: -0.20604214072227478
Step: 2293760	Mean reward: 4.84375	 Loss: -0.24307645857334137
Step: 2301952	Mean reward: 5.09375	 Loss: -0.20656630396842957
Step: 2310144	Mean reward: 4.5	 Loss: -0.23609384894371033
Step: 2318336	Mean reward: 5.09375	 Loss: -0.24016711115837097
Step: 2326528	Mean reward: 5.15625	 Loss: -0.20641247928142548
Step: 2334720	Mean reward: 4.65625	 Loss: -0.214020773768425
Step: 2342912	Mean reward: 5.09375	 Loss: -0.2020125687122345
Step: 2351104	Mean reward: 5.4375	 Loss: -0.24694959819316864
Step: 2359296	Mean reward: 5.09375	 Loss: -0.1905815452337265
Step: 2367488	Mean reward: 4.625	 Loss: -0.17873436212539673
Step: 2375680	Mean reward: 5.03125	 Loss: -0.2389664649963379
Step: 2383872	Mean reward: 4.25	 Loss: -0.2639252245426178
Step: 2392064	Mean reward: 4.875	 Loss: -0.2692089378833771
Step: 2400256	Mean reward: 4.75	 Loss: -0.16173431277275085
Step: 2408448	Mean reward: 5.0	 Loss: -0.22385981678962708
Step: 2416640	Mean reward: 5.34375	 Loss: -0.2645530700683594
Step: 2424832	Mean reward: 5.125	 Loss: -0.20855791866779327
Step: 2433024	Mean reward: 4.84375	 Loss: -0.17650902271270752
Step: 2441216	Mean reward: 4.9375	 Loss: -0.18952001631259918
Step: 2449408	Mean reward: 4.96875	 Loss: -0.28045418858528137
Step: 2457600	Mean reward: 5.59375	 Loss: -0.1892055720090866
Step: 2465792	Mean reward: 4.65625	 Loss: -0.19902744889259338
Step: 2473984	Mean reward: 5.65625	 Loss: -0.15966226160526276
Step: 2482176	Mean reward: 4.3125	 Loss: -0.19451013207435608
Step: 2490368	Mean reward: 4.40625	 Loss: -0.1386031061410904
Step: 2498560	Mean reward: 5.0625	 Loss: -0.2523631453514099
Step: 2506752	Mean reward: 5.71875	 Loss: -0.20205338299274445
Step: 2514944	Mean reward: 4.34375	 Loss: -0.15580078959465027
Step: 2523136	Mean reward: 4.59375	 Loss: -0.18245549499988556
Step: 2531328	Mean reward: 4.1875	 Loss: -0.23229488730430603
Step: 2539520	Mean reward: 4.4375	 Loss: -0.2009425312280655
Step: 2547712	Mean reward: 5.8125	 Loss: -0.14832693338394165
Step: 2555904	Mean reward: 5.6875	 Loss: -0.266356498003006
Step: 2564096	Mean reward: 5.375	 Loss: -0.24758237600326538
Step: 2572288	Mean reward: 4.65625	 Loss: -0.1923522651195526
Step: 2580480	Mean reward: 5.15625	 Loss: -0.26692068576812744
Step: 2588672	Mean reward: 5.8125	 Loss: -0.22293958067893982
Step: 2596864	Mean reward: 5.78125	 Loss: -0.2286165952682495
Step: 2605056	Mean reward: 3.6875	 Loss: -0.24364984035491943
Step: 2613248	Mean reward: 4.78125	 Loss: -0.24912065267562866
Step: 2621440	Mean reward: 4.28125	 Loss: -0.2500005066394806
Step: 2629632	Mean reward: 4.4375	 Loss: -0.22971844673156738
Step: 2637824	Mean reward: 3.9375	 Loss: -0.11687779426574707
Step: 2646016	Mean reward: 5.96875	 Loss: -0.16967931389808655
Step: 2654208	Mean reward: 4.78125	 Loss: -0.267519474029541
Step: 2662400	Mean reward: 5.25	 Loss: -0.18498536944389343
Step: 2670592	Mean reward: 4.25	 Loss: -0.1910916119813919
Step: 2678784	Mean reward: 4.5625	 Loss: -0.21638356149196625
Step: 2686976	Mean reward: 4.5	 Loss: -0.23246288299560547
Step: 2695168	Mean reward: 4.5	 Loss: -0.24339766800403595
Step: 2703360	Mean reward: 4.9375	 Loss: -0.2639266550540924
Step: 2711552	Mean reward: 3.90625	 Loss: -0.25934481620788574
Step: 2719744	Mean reward: 4.625	 Loss: -0.2628585994243622
Step: 2727936	Mean reward: 5.0	 Loss: -0.20782464742660522
Step: 2736128	Mean reward: 4.8125	 Loss: -0.2858783006668091
Step: 2744320	Mean reward: 5.125	 Loss: -0.23493142426013947
Step: 2752512	Mean reward: 4.4375	 Loss: -0.1569640338420868
Step: 2760704	Mean reward: 5.21875	 Loss: -0.1982913315296173
Step: 2768896	Mean reward: 5.875	 Loss: -0.23944337666034698
Step: 2777088	Mean reward: 4.84375	 Loss: -0.21948271989822388
Step: 2785280	Mean reward: 5.5625	 Loss: -0.19280974566936493
Step: 2793472	Mean reward: 4.65625	 Loss: -0.2267962098121643
Step: 2801664	Mean reward: 4.46875	 Loss: -0.2750576138496399
Step: 2809856	Mean reward: 5.0	 Loss: -0.23246563971042633
Step: 2818048	Mean reward: 5.25	 Loss: -0.2303735464811325
Step: 2826240	Mean reward: 5.46875	 Loss: -0.16001693904399872
Step: 2834432	Mean reward: 4.03125	 Loss: -0.2297094762325287
Step: 2842624	Mean reward: 5.9375	 Loss: -0.2431841790676117
Step: 2850816	Mean reward: 4.78125	 Loss: -0.1795518696308136
Step: 2859008	Mean reward: 4.375	 Loss: -0.2434040755033493
Step: 2867200	Mean reward: 4.65625	 Loss: -0.2128884345293045
Step: 2875392	Mean reward: 3.78125	 Loss: -0.25062936544418335
Step: 2883584	Mean reward: 5.71875	 Loss: -0.22691679000854492
Step: 2891776	Mean reward: 5.0625	 Loss: -0.14315283298492432
Step: 2899968	Mean reward: 5.375	 Loss: -0.13617584109306335
Step: 2908160	Mean reward: 4.125	 Loss: -0.19119605422019958
Step: 2916352	Mean reward: 3.90625	 Loss: -0.14326457679271698
Step: 2924544	Mean reward: 5.5625	 Loss: -0.19813159108161926
Step: 2932736	Mean reward: 4.96875	 Loss: -0.21310119330883026
Step: 2940928	Mean reward: 5.3125	 Loss: -0.1767961084842682
Step: 2949120	Mean reward: 4.9375	 Loss: -0.21837066113948822
Step: 2957312	Mean reward: 4.5625	 Loss: -0.26123467087745667
Step: 2965504	Mean reward: 5.3125	 Loss: -0.20821282267570496
Step: 2973696	Mean reward: 6.53125	 Loss: -0.17482686042785645
Step: 2981888	Mean reward: 4.625	 Loss: -0.14958783984184265
Step: 2990080	Mean reward: 4.09375	 Loss: -0.10942739248275757
Step: 2998272	Mean reward: 5.0	 Loss: -0.2067837119102478
Step: 3006464	Mean reward: 5.15625	 Loss: -0.24404866993427277
Step: 3014656	Mean reward: 4.53125	 Loss: -0.23623156547546387
Step: 3022848	Mean reward: 5.6875	 Loss: -0.16799694299697876
Step: 3031040	Mean reward: 4.53125	 Loss: -0.22656622529029846
Step: 3039232	Mean reward: 4.75	 Loss: -0.20273736119270325
Step: 3047424	Mean reward: 5.4375	 Loss: -0.17050039768218994
Step: 3055616	Mean reward: 4.96875	 Loss: -0.2602406442165375
Step: 3063808	Mean reward: 4.84375	 Loss: -0.16974830627441406
Step: 3072000	Mean reward: 4.75	 Loss: -0.2793295383453369
Step: 3080192	Mean reward: 5.53125	 Loss: -0.25245606899261475
Step: 3088384	Mean reward: 4.8125	 Loss: -0.2368895411491394
Step: 3096576	Mean reward: 4.90625	 Loss: -0.28930309414863586
Step: 3104768	Mean reward: 5.34375	 Loss: -0.23329277336597443
Step: 3112960	Mean reward: 5.125	 Loss: -0.243321031332016
Step: 3121152	Mean reward: 5.09375	 Loss: -0.2164359986782074
Step: 3129344	Mean reward: 5.5625	 Loss: -0.06614917516708374
Step: 3137536	Mean reward: 5.40625	 Loss: -0.2307780236005783
Step: 3145728	Mean reward: 4.34375	 Loss: -0.197378009557724
Step: 3153920	Mean reward: 4.90625	 Loss: -0.14550165832042694
Step: 3162112	Mean reward: 5.3125	 Loss: -0.24813181161880493
Step: 3170304	Mean reward: 4.78125	 Loss: -0.29026472568511963
Step: 3178496	Mean reward: 5.15625	 Loss: -0.2220156490802765
Step: 3186688	Mean reward: 5.6875	 Loss: -0.15165653824806213
Step: 3194880	Mean reward: 4.71875	 Loss: -0.32037678360939026
Step: 3203072	Mean reward: 3.96875	 Loss: -0.21486344933509827
Step: 3211264	Mean reward: 5.3125	 Loss: -0.2199840396642685
Step: 3219456	Mean reward: 5.46875	 Loss: -0.22181206941604614
Step: 3227648	Mean reward: 5.4375	 Loss: -0.145551860332489
Step: 3235840	Mean reward: 4.5625	 Loss: -0.2007359266281128
Step: 3244032	Mean reward: 5.15625	 Loss: -0.1323988437652588
Step: 3252224	Mean reward: 4.0	 Loss: -0.2709231674671173
Step: 3260416	Mean reward: 5.1875	 Loss: -0.1610010266304016
Step: 3268608	Mean reward: 4.46875	 Loss: -0.21883618831634521
Step: 3276800	Mean reward: 4.21875	 Loss: -0.210621640086174
Step: 3284992	Mean reward: 4.96875	 Loss: -0.1877179592847824
Step: 3293184	Mean reward: 5.65625	 Loss: -0.20435163378715515
Step: 3301376	Mean reward: 4.9375	 Loss: -0.25916045904159546
Step: 3309568	Mean reward: 4.375	 Loss: -0.24606014788150787
Step: 3317760	Mean reward: 3.90625	 Loss: -0.22243480384349823
Step: 3325952	Mean reward: 5.0	 Loss: -0.16081038117408752
Step: 3334144	Mean reward: 5.5625	 Loss: -0.20996472239494324
Step: 3342336	Mean reward: 4.25	 Loss: -0.2334989309310913
Step: 3350528	Mean reward: 5.34375	 Loss: -0.19839805364608765
Step: 3358720	Mean reward: 5.34375	 Loss: -0.2551950216293335
Step: 3366912	Mean reward: 4.78125	 Loss: -0.2170148640871048
Step: 3375104	Mean reward: 5.53125	 Loss: -0.22201892733573914
Step: 3383296	Mean reward: 4.71875	 Loss: -0.2690463960170746
Step: 3391488	Mean reward: 4.96875	 Loss: -0.2579759657382965
Step: 3399680	Mean reward: 5.71875	 Loss: -0.1616838574409485
Step: 3407872	Mean reward: 5.375	 Loss: -0.25034821033477783
Step: 3416064	Mean reward: 4.71875	 Loss: -0.2499779462814331
Step: 3424256	Mean reward: 4.71875	 Loss: -0.22046151757240295
Step: 3432448	Mean reward: 5.09375	 Loss: -0.23447835445404053
Step: 3440640	Mean reward: 4.71875	 Loss: -0.1539054811000824
Step: 3448832	Mean reward: 4.96875	 Loss: -0.2263677418231964
Step: 3457024	Mean reward: 5.09375	 Loss: -0.16394850611686707
Step: 3465216	Mean reward: 4.90625	 Loss: -0.20079228281974792
Step: 3473408	Mean reward: 4.96875	 Loss: -0.20027948915958405
Step: 3481600	Mean reward: 5.40625	 Loss: -0.15431253612041473
Step: 3489792	Mean reward: 3.75	 Loss: -0.1611497402191162
Step: 3497984	Mean reward: 4.3125	 Loss: -0.1813771277666092
Step: 3506176	Mean reward: 5.15625	 Loss: -0.3057551681995392
Step: 3514368	Mean reward: 4.34375	 Loss: -0.10123634338378906
Step: 3522560	Mean reward: 5.4375	 Loss: -0.17880666255950928
Step: 3530752	Mean reward: 5.15625	 Loss: -0.27135008573532104
Step: 3538944	Mean reward: 5.65625	 Loss: -0.20699599385261536
Step: 3547136	Mean reward: 4.78125	 Loss: -0.23306193947792053
Step: 3555328	Mean reward: 5.03125	 Loss: -0.21658241748809814
Step: 3563520	Mean reward: 5.5	 Loss: -0.25585606694221497
Step: 3571712	Mean reward: 4.875	 Loss: -0.23494915664196014
Step: 3579904	Mean reward: 4.8125	 Loss: -0.21970990300178528
Step: 3588096	Mean reward: 4.09375	 Loss: -0.2734779715538025
Step: 3596288	Mean reward: 4.96875	 Loss: -0.23180682957172394
Step: 3604480	Mean reward: 4.8125	 Loss: -0.22547855973243713
Step: 3612672	Mean reward: 5.09375	 Loss: -0.2782614827156067
Step: 3620864	Mean reward: 6.65625	 Loss: -0.22767052054405212
Step: 3629056	Mean reward: 4.21875	 Loss: -0.29634445905685425
Step: 3637248	Mean reward: 4.46875	 Loss: -0.16245248913764954
Step: 3645440	Mean reward: 4.71875	 Loss: -0.235318124294281
Step: 3653632	Mean reward: 5.46875	 Loss: -0.22997894883155823
Step: 3661824	Mean reward: 5.59375	 Loss: -0.24388043582439423
Step: 3670016	Mean reward: 4.6875	 Loss: -0.30507808923721313
Step: 3678208	Mean reward: 4.84375	 Loss: -0.15430296957492828
Step: 3686400	Mean reward: 5.09375	 Loss: -0.2093874216079712
Step: 3694592	Mean reward: 4.9375	 Loss: -0.21739032864570618
Step: 3702784	Mean reward: 4.9375	 Loss: -0.22494542598724365
Step: 3710976	Mean reward: 4.96875	 Loss: -0.10975036025047302
Step: 3719168	Mean reward: 5.03125	 Loss: -0.19342604279518127
Step: 3727360	Mean reward: 5.8125	 Loss: -0.1527508944272995
Step: 3735552	Mean reward: 5.0625	 Loss: -0.20787650346755981
Step: 3743744	Mean reward: 4.8125	 Loss: -0.17351752519607544
Step: 3751936	Mean reward: 4.3125	 Loss: -0.18913117051124573
Step: 3760128	Mean reward: 4.8125	 Loss: -0.17943096160888672
Step: 3768320	Mean reward: 5.5	 Loss: -0.23060868680477142
Step: 3776512	Mean reward: 5.21875	 Loss: -0.16122369468212128
Step: 3784704	Mean reward: 4.53125	 Loss: -0.26878446340560913
Step: 3792896	Mean reward: 4.5625	 Loss: -0.2145683616399765
Step: 3801088	Mean reward: 4.75	 Loss: -0.26798638701438904
Step: 3809280	Mean reward: 4.65625	 Loss: -0.193659245967865
Step: 3817472	Mean reward: 4.65625	 Loss: -0.2125944197177887
Step: 3825664	Mean reward: 3.625	 Loss: -0.21915404498577118
Step: 3833856	Mean reward: 4.65625	 Loss: -0.18577253818511963
Step: 3842048	Mean reward: 4.8125	 Loss: -0.232854425907135
Step: 3850240	Mean reward: 4.71875	 Loss: -0.20413663983345032
Step: 3858432	Mean reward: 4.8125	 Loss: -0.20435795187950134
Step: 3866624	Mean reward: 4.625	 Loss: -0.2304961234331131
Step: 3874816	Mean reward: 4.21875	 Loss: -0.21450239419937134
Step: 3883008	Mean reward: 5.40625	 Loss: -0.22687077522277832
Step: 3891200	Mean reward: 4.59375	 Loss: -0.28777629137039185
Step: 3899392	Mean reward: 5.9375	 Loss: -0.18885275721549988
Step: 3907584	Mean reward: 4.8125	 Loss: -0.23934653401374817
Step: 3915776	Mean reward: 5.46875	 Loss: -0.19917941093444824
Step: 3923968	Mean reward: 4.96875	 Loss: -0.25561684370040894
Step: 3932160	Mean reward: 4.375	 Loss: -0.24827013909816742
Step: 3940352	Mean reward: 4.4375	 Loss: -0.2344120442867279
Step: 3948544	Mean reward: 5.5	 Loss: -0.12717846035957336
Step: 3956736	Mean reward: 5.6875	 Loss: -0.1917334347963333
Step: 3964928	Mean reward: 5.28125	 Loss: -0.189981609582901
Step: 3973120	Mean reward: 5.09375	 Loss: -0.21662500500679016
Step: 3981312	Mean reward: 5.0625	 Loss: -0.20744025707244873
Step: 3989504	Mean reward: 4.8125	 Loss: -0.19653280079364777
Step: 3997696	Mean reward: 4.28125	 Loss: -0.2135268747806549
Step: 4005888	Mean reward: 5.4375	 Loss: -0.2143784463405609
Step: 4014080	Mean reward: 4.9375	 Loss: -0.24658887088298798
Step: 4022272	Mean reward: 4.625	 Loss: -0.2545984387397766
Step: 4030464	Mean reward: 5.3125	 Loss: -0.22074070572853088
Step: 4038656	Mean reward: 4.6875	 Loss: -0.21801486611366272
Step: 4046848	Mean reward: 4.71875	 Loss: -0.3259235918521881
Step: 4055040	Mean reward: 4.90625	 Loss: -0.20491860806941986
Step: 4063232	Mean reward: 4.71875	 Loss: -0.2660994231700897
Step: 4071424	Mean reward: 4.09375	 Loss: -0.17294050753116608
Step: 4079616	Mean reward: 5.34375	 Loss: -0.235999196767807
Step: 4087808	Mean reward: 4.28125	 Loss: -0.2045040726661682
Step: 4096000	Mean reward: 4.84375	 Loss: -0.19779184460639954
Step: 4104192	Mean reward: 5.4375	 Loss: -0.18981698155403137
Step: 4112384	Mean reward: 4.75	 Loss: -0.22713741660118103
Step: 4120576	Mean reward: 3.78125	 Loss: -0.25825661420822144
Step: 4128768	Mean reward: 4.96875	 Loss: -0.27988487482070923
Step: 4136960	Mean reward: 4.46875	 Loss: -0.2797003984451294
Step: 4145152	Mean reward: 5.09375	 Loss: -0.28765586018562317
Step: 4153344	Mean reward: 4.875	 Loss: -0.2138749212026596
Step: 4161536	Mean reward: 4.875	 Loss: -0.2513978183269501
Step: 4169728	Mean reward: 5.53125	 Loss: -0.1674073040485382
Step: 4177920	Mean reward: 4.6875	 Loss: -0.23590333759784698
Step: 4186112	Mean reward: 4.71875	 Loss: -0.186183363199234
Step: 4194304	Mean reward: 5.0625	 Loss: -0.18046236038208008
Step: 4202496	Mean reward: 4.65625	 Loss: -0.2529662251472473
Step: 4210688	Mean reward: 5.34375	 Loss: -0.24435539543628693
Step: 4218880	Mean reward: 4.125	 Loss: -0.23499636352062225
Step: 4227072	Mean reward: 4.3125	 Loss: -0.23337064683437347
Step: 4235264	Mean reward: 4.4375	 Loss: -0.15738928318023682
Step: 4243456	Mean reward: 5.75	 Loss: -0.23051199316978455
Step: 4251648	Mean reward: 5.09375	 Loss: -0.24293574690818787
Step: 4259840	Mean reward: 5.625	 Loss: -0.22085273265838623
Step: 4268032	Mean reward: 5.0625	 Loss: -0.2240048348903656
Step: 4276224	Mean reward: 4.84375	 Loss: -0.23205403983592987
Step: 4284416	Mean reward: 5.65625	 Loss: -0.1842215359210968
Step: 4292608	Mean reward: 5.5	 Loss: -0.17340561747550964
Step: 4300800	Mean reward: 5.03125	 Loss: -0.21868464350700378
Step: 4308992	Mean reward: 4.78125	 Loss: -0.1885514259338379
Step: 4317184	Mean reward: 5.875	 Loss: -0.22322580218315125
Step: 4325376	Mean reward: 4.78125	 Loss: -0.22332045435905457
Step: 4333568	Mean reward: 5.625	 Loss: -0.23357455432415009
Step: 4341760	Mean reward: 4.5	 Loss: -0.30127668380737305
Step: 4349952	Mean reward: 4.65625	 Loss: -0.21116775274276733
Step: 4358144	Mean reward: 4.1875	 Loss: -0.23395361006259918
Step: 4366336	Mean reward: 4.96875	 Loss: -0.2267637848854065
Step: 4374528	Mean reward: 4.84375	 Loss: -0.1461787074804306
Step: 4382720	Mean reward: 4.71875	 Loss: -0.20783120393753052
Step: 4390912	Mean reward: 4.5625	 Loss: -0.19141922891139984
Step: 4399104	Mean reward: 4.71875	 Loss: -0.16071465611457825
Step: 4407296	Mean reward: 5.4375	 Loss: -0.21947014331817627
Step: 4415488	Mean reward: 4.75	 Loss: -0.18493084609508514
Step: 4423680	Mean reward: 4.3125	 Loss: -0.21659983694553375
Step: 4431872	Mean reward: 5.09375	 Loss: -0.23104232549667358
Step: 4440064	Mean reward: 4.6875	 Loss: -0.2580834627151489
Step: 4448256	Mean reward: 3.5	 Loss: -0.22262197732925415
Step: 4456448	Mean reward: 5.5	 Loss: -0.1777130514383316
Step: 4464640	Mean reward: 5.125	 Loss: -0.2664893865585327
Step: 4472832	Mean reward: 4.90625	 Loss: -0.24089226126670837
Step: 4481024	Mean reward: 4.46875	 Loss: -0.21216526627540588
Step: 4489216	Mean reward: 4.625	 Loss: -0.19397462904453278
Step: 4497408	Mean reward: 4.53125	 Loss: -0.24900208413600922
Step: 4505600	Mean reward: 5.34375	 Loss: -0.15283553302288055
Step: 4513792	Mean reward: 4.71875	 Loss: -0.19949868321418762
Step: 4521984	Mean reward: 4.78125	 Loss: -0.1973717212677002
Step: 4530176	Mean reward: 5.3125	 Loss: -0.20103758573532104
Step: 4538368	Mean reward: 4.53125	 Loss: -0.21299174427986145
Step: 4546560	Mean reward: 4.09375	 Loss: -0.1821424514055252
Step: 4554752	Mean reward: 5.0	 Loss: -0.2359669804573059
Step: 4562944	Mean reward: 5.3125	 Loss: -0.25080135464668274
Step: 4571136	Mean reward: 4.40625	 Loss: -0.30197739601135254
Step: 4579328	Mean reward: 4.125	 Loss: -0.24001982808113098
Step: 4587520	Mean reward: 4.53125	 Loss: -0.22610466182231903
Step: 4595712	Mean reward: 4.71875	 Loss: -0.19706322252750397
Step: 4603904	Mean reward: 5.65625	 Loss: -0.19961877167224884
Step: 4612096	Mean reward: 4.71875	 Loss: -0.19543859362602234
Step: 4620288	Mean reward: 4.03125	 Loss: -0.16646358370780945
Step: 4628480	Mean reward: 4.28125	 Loss: -0.2573513388633728
Step: 4636672	Mean reward: 4.53125	 Loss: -0.1951735019683838
Step: 4644864	Mean reward: 4.53125	 Loss: -0.21644696593284607
Step: 4653056	Mean reward: 4.8125	 Loss: -0.2171413153409958
Step: 4661248	Mean reward: 4.90625	 Loss: -0.1426159292459488
Step: 4669440	Mean reward: 4.1875	 Loss: -0.22132202982902527
Step: 4677632	Mean reward: 4.875	 Loss: -0.22820612788200378
Step: 4685824	Mean reward: 5.46875	 Loss: -0.2203308492898941
Step: 4694016	Mean reward: 4.6875	 Loss: -0.22778606414794922
Step: 4702208	Mean reward: 5.375	 Loss: -0.2898312211036682
Step: 4710400	Mean reward: 4.375	 Loss: -0.19798940420150757
Step: 4718592	Mean reward: 6.1875	 Loss: -0.16964879631996155
Step: 4726784	Mean reward: 5.125	 Loss: -0.2082572877407074
Step: 4734976	Mean reward: 4.46875	 Loss: -0.219981849193573
Step: 4743168	Mean reward: 5.0625	 Loss: -0.18023093044757843
Step: 4751360	Mean reward: 5.1875	 Loss: -0.13818809390068054
Step: 4759552	Mean reward: 5.1875	 Loss: -0.17056730389595032
Step: 4767744	Mean reward: 4.78125	 Loss: -0.18770529329776764
Step: 4775936	Mean reward: 4.3125	 Loss: -0.32130447030067444
Step: 4784128	Mean reward: 4.78125	 Loss: -0.18705607950687408
Step: 4792320	Mean reward: 5.4375	 Loss: -0.25173914432525635
Step: 4800512	Mean reward: 4.84375	 Loss: -0.19963274896144867
Step: 4808704	Mean reward: 4.9375	 Loss: -0.17789489030838013
Step: 4816896	Mean reward: 5.6875	 Loss: -0.27842628955841064
Step: 4825088	Mean reward: 4.15625	 Loss: -0.20869439840316772
Step: 4833280	Mean reward: 4.84375	 Loss: -0.2444189190864563
Step: 4841472	Mean reward: 4.9375	 Loss: -0.24580131471157074
Step: 4849664	Mean reward: 4.34375	 Loss: -0.25216394662857056
Step: 4857856	Mean reward: 4.1875	 Loss: -0.22394396364688873
Step: 4866048	Mean reward: 4.71875	 Loss: -0.1717039942741394
Step: 4874240	Mean reward: 4.03125	 Loss: -0.2731916010379791
Step: 4882432	Mean reward: 4.21875	 Loss: -0.23617558181285858
Step: 4890624	Mean reward: 4.84375	 Loss: -0.25606927275657654
Step: 4898816	Mean reward: 5.46875	 Loss: -0.1918020248413086
Step: 4907008	Mean reward: 4.625	 Loss: -0.13607989251613617
Step: 4915200	Mean reward: 4.71875	 Loss: -0.18560466170310974
Step: 4923392	Mean reward: 5.125	 Loss: -0.21711090207099915
Step: 4931584	Mean reward: 5.65625	 Loss: -0.22248077392578125
Step: 4939776	Mean reward: 5.125	 Loss: -0.2466726154088974
Step: 4947968	Mean reward: 4.09375	 Loss: -0.22923901677131653
Step: 4956160	Mean reward: 5.53125	 Loss: -0.2674979567527771
Step: 4964352	Mean reward: 5.6875	 Loss: -0.24128523468971252
Step: 4972544	Mean reward: 5.125	 Loss: -0.17534054815769196
Step: 4980736	Mean reward: 4.40625	 Loss: -0.21757972240447998
Step: 4988928	Mean reward: 5.4375	 Loss: -0.2770039439201355
Step: 4997120	Mean reward: 4.21875	 Loss: -0.2207174301147461
Step: 5005312	Mean reward: 4.71875	 Loss: -0.12861515581607819
Step: 5013504	Mean reward: 3.9375	 Loss: -0.17316816747188568
Step: 5021696	Mean reward: 4.78125	 Loss: -0.1683664619922638
Step: 5029888	Mean reward: 5.28125	 Loss: -0.22024694085121155
Step: 5038080	Mean reward: 4.0625	 Loss: -0.13940592110157013
Step: 5046272	Mean reward: 4.8125	 Loss: -0.25409120321273804
Step: 5054464	Mean reward: 5.84375	 Loss: -0.19555991888046265
Step: 5062656	Mean reward: 4.9375	 Loss: -0.24792400002479553
Step: 5070848	Mean reward: 6.0625	 Loss: -0.13616828620433807
Step: 5079040	Mean reward: 4.71875	 Loss: -0.15533369779586792
Step: 5087232	Mean reward: 6.0625	 Loss: -0.1301065981388092
Step: 5095424	Mean reward: 4.1875	 Loss: -0.30403047800064087
Step: 5103616	Mean reward: 4.875	 Loss: -0.17840950191020966
Step: 5111808	Mean reward: 4.78125	 Loss: -0.18824076652526855
Step: 5120000	Mean reward: 5.9375	 Loss: -0.1545439511537552
Step: 5128192	Mean reward: 4.9375	 Loss: -0.23592734336853027
Step: 5136384	Mean reward: 5.03125	 Loss: -0.23897668719291687
Step: 5144576	Mean reward: 5.34375	 Loss: -0.15251582860946655
Step: 5152768	Mean reward: 4.40625	 Loss: -0.25733885169029236
Step: 5160960	Mean reward: 4.65625	 Loss: -0.25818315148353577
Step: 5169152	Mean reward: 5.34375	 Loss: -0.30925124883651733
Step: 5177344	Mean reward: 6.28125	 Loss: -0.21723464131355286
Step: 5185536	Mean reward: 5.21875	 Loss: -0.2704220116138458
Step: 5193728	Mean reward: 5.4375	 Loss: -0.19701215624809265
Step: 5201920	Mean reward: 4.4375	 Loss: -0.20571666955947876
Step: 5210112	Mean reward: 4.8125	 Loss: -0.25461509823799133
Step: 5218304	Mean reward: 4.875	 Loss: -0.1908683031797409
Step: 5226496	Mean reward: 5.59375	 Loss: -0.1770354062318802
Step: 5234688	Mean reward: 5.1875	 Loss: -0.16448400914669037
Step: 5242880	Mean reward: 5.5	 Loss: -0.22114624083042145
Step: 5251072	Mean reward: 5.1875	 Loss: -0.24784094095230103
Step: 5259264	Mean reward: 6.0625	 Loss: -0.23291125893592834
Step: 5267456	Mean reward: 5.4375	 Loss: -0.22683434188365936
Step: 5275648	Mean reward: 5.09375	 Loss: -0.22574162483215332
Step: 5283840	Mean reward: 4.875	 Loss: -0.1836724728345871
Step: 5292032	Mean reward: 3.5625	 Loss: -0.2278333157300949
Step: 5300224	Mean reward: 4.65625	 Loss: -0.24308958649635315
Step: 5308416	Mean reward: 4.90625	 Loss: -0.2386372983455658
Step: 5316608	Mean reward: 5.15625	 Loss: -0.26873600482940674
Step: 5324800	Mean reward: 4.5625	 Loss: -0.22673200070858002
Step: 5332992	Mean reward: 5.84375	 Loss: -0.17892365157604218
Step: 5341184	Mean reward: 4.5625	 Loss: -0.2446213662624359
Step: 5349376	Mean reward: 6.1875	 Loss: -0.1887287199497223
Step: 5357568	Mean reward: 4.75	 Loss: -0.21308168768882751
Step: 5365760	Mean reward: 3.90625	 Loss: -0.2023959457874298
Step: 5373952	Mean reward: 4.21875	 Loss: -0.22382979094982147
Step: 5382144	Mean reward: 4.28125	 Loss: -0.26162755489349365
Step: 5390336	Mean reward: 5.375	 Loss: -0.1531805396080017
Step: 5398528	Mean reward: 4.4375	 Loss: -0.21768665313720703
Step: 5406720	Mean reward: 4.1875	 Loss: -0.26443445682525635
Step: 5414912	Mean reward: 5.0625	 Loss: -0.2046460509300232
Step: 5423104	Mean reward: 5.6875	 Loss: -0.19838039577007294
Step: 5431296	Mean reward: 5.46875	 Loss: -0.24903003871440887
Step: 5439488	Mean reward: 5.125	 Loss: -0.28362125158309937
Step: 5447680	Mean reward: 5.4375	 Loss: -0.23644813895225525
Step: 5455872	Mean reward: 4.28125	 Loss: -0.2614964544773102
Step: 5464064	Mean reward: 5.125	 Loss: -0.29232341051101685
Step: 5472256	Mean reward: 5.3125	 Loss: -0.2237756848335266
Step: 5480448	Mean reward: 5.25	 Loss: -0.24675005674362183
Step: 5488640	Mean reward: 4.71875	 Loss: -0.24021393060684204
Step: 5496832	Mean reward: 4.6875	 Loss: -0.18125717341899872
Step: 5505024	Mean reward: 5.21875	 Loss: -0.2634589672088623
Step: 5513216	Mean reward: 5.0625	 Loss: -0.28381288051605225
Step: 5521408	Mean reward: 5.59375	 Loss: -0.1645100712776184
Step: 5529600	Mean reward: 4.03125	 Loss: -0.18401041626930237
Step: 5537792	Mean reward: 4.90625	 Loss: -0.20307578146457672
Step: 5545984	Mean reward: 5.0625	 Loss: -0.19455105066299438
Step: 5554176	Mean reward: 5.03125	 Loss: -0.19337081909179688
Step: 5562368	Mean reward: 4.46875	 Loss: -0.21773315966129303
Step: 5570560	Mean reward: 3.90625	 Loss: -0.18050622940063477
Step: 5578752	Mean reward: 5.28125	 Loss: -0.24585653841495514
Step: 5586944	Mean reward: 4.875	 Loss: -0.16212524473667145
Step: 5595136	Mean reward: 4.78125	 Loss: -0.2379830777645111
Step: 5603328	Mean reward: 4.59375	 Loss: -0.22789466381072998
Step: 5611520	Mean reward: 5.15625	 Loss: -0.21092477440834045
Step: 5619712	Mean reward: 4.84375	 Loss: -0.20124685764312744
Step: 5627904	Mean reward: 5.53125	 Loss: -0.18458464741706848
Step: 5636096	Mean reward: 4.53125	 Loss: -0.2535370886325836
Step: 5644288	Mean reward: 5.15625	 Loss: -0.23139576613903046
Step: 5652480	Mean reward: 4.53125	 Loss: -0.26701977849006653
Step: 5660672	Mean reward: 5.125	 Loss: -0.26097115874290466
Step: 5668864	Mean reward: 4.9375	 Loss: -0.22417837381362915
Step: 5677056	Mean reward: 4.9375	 Loss: -0.2721461057662964
Step: 5685248	Mean reward: 4.75	 Loss: -0.1843665987253189
Step: 5693440	Mean reward: 5.09375	 Loss: -0.14461815357208252
Step: 5701632	Mean reward: 4.4375	 Loss: -0.22387078404426575
Step: 5709824	Mean reward: 4.09375	 Loss: -0.22811247408390045
Step: 5718016	Mean reward: 4.5625	 Loss: -0.20200981199741364
Step: 5726208	Mean reward: 5.34375	 Loss: -0.21851509809494019
Step: 5734400	Mean reward: 4.71875	 Loss: -0.23114359378814697
Step: 5742592	Mean reward: 4.21875	 Loss: -0.24859853088855743
Step: 5750784	Mean reward: 4.0625	 Loss: -0.2519175410270691
Step: 5758976	Mean reward: 4.8125	 Loss: -0.21402204036712646
Step: 5767168	Mean reward: 5.09375	 Loss: -0.19183635711669922
Step: 5775360	Mean reward: 4.53125	 Loss: -0.2649988830089569
Step: 5783552	Mean reward: 4.875	 Loss: -0.24503517150878906
Step: 5791744	Mean reward: 4.6875	 Loss: -0.19452330470085144
Step: 5799936	Mean reward: 4.96875	 Loss: -0.2872854769229889
Step: 5808128	Mean reward: 4.84375	 Loss: -0.20717626810073853
Step: 5816320	Mean reward: 5.59375	 Loss: -0.19208762049674988
Step: 5824512	Mean reward: 4.71875	 Loss: -0.1787463128566742
Step: 5832704	Mean reward: 5.0	 Loss: -0.13732418417930603
Step: 5840896	Mean reward: 6.03125	 Loss: -0.18202634155750275
Step: 5849088	Mean reward: 5.5625	 Loss: -0.17580202221870422
Step: 5857280	Mean reward: 4.59375	 Loss: -0.2450268566608429
Step: 5865472	Mean reward: 4.40625	 Loss: -0.1870952546596527
Step: 5873664	Mean reward: 5.46875	 Loss: -0.2152043879032135
Step: 5881856	Mean reward: 5.53125	 Loss: -0.16770127415657043
Step: 5890048	Mean reward: 4.5625	 Loss: -0.08717048168182373
Step: 5898240	Mean reward: 5.125	 Loss: -0.18449659645557404
Step: 5906432	Mean reward: 4.9375	 Loss: -0.16477036476135254
Step: 5914624	Mean reward: 5.3125	 Loss: -0.25595954060554504
Step: 5922816	Mean reward: 5.8125	 Loss: -0.18826013803482056
Step: 5931008	Mean reward: 4.5	 Loss: -0.20029792189598083
Step: 5939200	Mean reward: 4.5	 Loss: -0.26079338788986206
Step: 5947392	Mean reward: 5.5625	 Loss: -0.25306859612464905
Step: 5955584	Mean reward: 5.46875	 Loss: -0.18149232864379883
Step: 5963776	Mean reward: 5.03125	 Loss: -0.20597432553768158
Step: 5971968	Mean reward: 4.46875	 Loss: -0.1490165889263153
Step: 5980160	Mean reward: 3.75	 Loss: -0.16877120733261108
Step: 5988352	Mean reward: 6.34375	 Loss: -0.19629187881946564
Step: 5996544	Mean reward: 5.40625	 Loss: -0.19491980969905853
Step: 6004736	Mean reward: 5.9375	 Loss: -0.16995689272880554
Step: 6012928	Mean reward: 4.09375	 Loss: -0.2368583083152771
Step: 6021120	Mean reward: 4.375	 Loss: -0.26396358013153076
Step: 6029312	Mean reward: 4.875	 Loss: -0.13395348191261292
Step: 6037504	Mean reward: 4.90625	 Loss: -0.2153024971485138
Step: 6045696	Mean reward: 5.0625	 Loss: -0.19755473732948303
Step: 6053888	Mean reward: 3.59375	 Loss: -0.18809503316879272
Step: 6062080	Mean reward: 4.21875	 Loss: -0.15143895149230957
Step: 6070272	Mean reward: 6.0625	 Loss: -0.2437254786491394
Step: 6078464	Mean reward: 5.71875	 Loss: -0.16351063549518585
Step: 6086656	Mean reward: 5.03125	 Loss: -0.14805971086025238
Step: 6094848	Mean reward: 4.4375	 Loss: -0.2735280692577362
Step: 6103040	Mean reward: 5.1875	 Loss: -0.24294060468673706
Step: 6111232	Mean reward: 4.84375	 Loss: -0.21642452478408813
Step: 6119424	Mean reward: 4.46875	 Loss: -0.21664312481880188
Step: 6127616	Mean reward: 5.84375	 Loss: -0.21383719146251678
Step: 6135808	Mean reward: 6.125	 Loss: -0.1852605640888214
Step: 6144000	Mean reward: 3.9375	 Loss: -0.15072983503341675
Step: 6152192	Mean reward: 5.03125	 Loss: -0.2745506465435028
Step: 6160384	Mean reward: 5.0	 Loss: -0.17499159276485443
Step: 6168576	Mean reward: 4.34375	 Loss: -0.21984519064426422
Step: 6176768	Mean reward: 4.40625	 Loss: -0.2407841831445694
Step: 6184960	Mean reward: 4.3125	 Loss: -0.1484699547290802
Step: 6193152	Mean reward: 4.6875	 Loss: -0.2958577275276184
Step: 6201344	Mean reward: 5.125	 Loss: -0.21852503716945648
Step: 6209536	Mean reward: 5.5	 Loss: -0.23328199982643127
Step: 6217728	Mean reward: 5.5	 Loss: -0.20198164880275726
Step: 6225920	Mean reward: 4.40625	 Loss: -0.22368428111076355
Step: 6234112	Mean reward: 4.46875	 Loss: -0.23036345839500427
Step: 6242304	Mean reward: 4.90625	 Loss: -0.21501445770263672
Step: 6250496	Mean reward: 6.0	 Loss: -0.19123290479183197
Step: 6258688	Mean reward: 5.15625	 Loss: -0.19630271196365356
Step: 6266880	Mean reward: 4.5	 Loss: -0.2531299591064453
Step: 6275072	Mean reward: 4.0	 Loss: -0.23964759707450867
Step: 6283264	Mean reward: 4.46875	 Loss: -0.25460585951805115
Step: 6291456	Mean reward: 3.78125	 Loss: -0.1638573557138443
Step: 6299648	Mean reward: 4.28125	 Loss: -0.22525539994239807
Step: 6307840	Mean reward: 5.1875	 Loss: -0.19624082744121552
Step: 6316032	Mean reward: 5.25	 Loss: -0.2109685093164444
Step: 6324224	Mean reward: 5.0625	 Loss: -0.2613382935523987
Step: 6332416	Mean reward: 4.5625	 Loss: -0.1571834832429886
Step: 6340608	Mean reward: 4.4375	 Loss: -0.24124841392040253
Step: 6348800	Mean reward: 5.40625	 Loss: -0.1898544877767563
Step: 6356992	Mean reward: 5.65625	 Loss: -0.23607486486434937
Step: 6365184	Mean reward: 5.09375	 Loss: -0.19686254858970642
Step: 6373376	Mean reward: 5.0625	 Loss: -0.18537789583206177
Step: 6381568	Mean reward: 4.5625	 Loss: -0.19789817929267883
Step: 6389760	Mean reward: 5.3125	 Loss: -0.19870689511299133
Step: 6397952	Mean reward: 4.59375	 Loss: -0.17169538140296936
Step: 6406144	Mean reward: 5.375	 Loss: -0.21882182359695435
Step: 6414336	Mean reward: 5.03125	 Loss: -0.2353682816028595
Step: 6422528	Mean reward: 3.9375	 Loss: -0.2831825017929077
Step: 6430720	Mean reward: 5.375	 Loss: -0.2626747786998749
Step: 6438912	Mean reward: 4.375	 Loss: -0.2011425793170929
Step: 6447104	Mean reward: 4.125	 Loss: -0.2483597695827484
Step: 6455296	Mean reward: 5.21875	 Loss: -0.2470265030860901
Step: 6463488	Mean reward: 4.5	 Loss: -0.25717777013778687
Step: 6471680	Mean reward: 4.6875	 Loss: -0.23499473929405212
Step: 6479872	Mean reward: 4.875	 Loss: -0.20257723331451416
Step: 6488064	Mean reward: 4.65625	 Loss: -0.19574953615665436
Step: 6496256	Mean reward: 3.90625	 Loss: -0.1612958461046219
Step: 6504448	Mean reward: 5.15625	 Loss: -0.20545694231987
Step: 6512640	Mean reward: 4.34375	 Loss: -0.26850852370262146
Step: 6520832	Mean reward: 5.21875	 Loss: -0.2661541700363159
Step: 6529024	Mean reward: 4.84375	 Loss: -0.18498796224594116
Step: 6537216	Mean reward: 4.28125	 Loss: -0.1866384595632553
Step: 6545408	Mean reward: 4.625	 Loss: -0.25615859031677246
Step: 6553600	Mean reward: 5.09375	 Loss: -0.24817326664924622
Step: 6561792	Mean reward: 4.625	 Loss: -0.23417861759662628
Step: 6569984	Mean reward: 5.0625	 Loss: -0.21699874103069305
Step: 6578176	Mean reward: 5.34375	 Loss: -0.19989831745624542
Step: 6586368	Mean reward: 4.65625	 Loss: -0.218845397233963
Step: 6594560	Mean reward: 4.21875	 Loss: -0.3287910521030426
Step: 6602752	Mean reward: 4.15625	 Loss: -0.26383206248283386
Step: 6610944	Mean reward: 4.40625	 Loss: -0.17545117437839508
Step: 6619136	Mean reward: 4.4375	 Loss: -0.24455799162387848
Step: 6627328	Mean reward: 4.8125	 Loss: -0.1614983081817627
Step: 6635520	Mean reward: 5.375	 Loss: -0.23255208134651184
Step: 6643712	Mean reward: 5.25	 Loss: -0.21042166650295258
Step: 6651904	Mean reward: 4.59375	 Loss: -0.28009089827537537
Step: 6660096	Mean reward: 5.1875	 Loss: -0.14658215641975403
Step: 6668288	Mean reward: 4.84375	 Loss: -0.16606253385543823
Step: 6676480	Mean reward: 5.0625	 Loss: -0.2556573450565338
Step: 6684672	Mean reward: 4.53125	 Loss: -0.22012042999267578
Step: 6692864	Mean reward: 4.34375	 Loss: -0.17440539598464966
Step: 6701056	Mean reward: 4.78125	 Loss: -0.13108664751052856
Step: 6709248	Mean reward: 4.40625	 Loss: -0.2401810884475708
Step: 6717440	Mean reward: 3.96875	 Loss: -0.265804648399353
Step: 6725632	Mean reward: 5.53125	 Loss: -0.2445126473903656
Step: 6733824	Mean reward: 5.03125	 Loss: -0.18192031979560852
Step: 6742016	Mean reward: 4.4375	 Loss: -0.1914173662662506
Step: 6750208	Mean reward: 4.53125	 Loss: -0.18405449390411377
Step: 6758400	Mean reward: 4.6875	 Loss: -0.2543838322162628
Step: 6766592	Mean reward: 5.28125	 Loss: -0.2540930509567261
Step: 6774784	Mean reward: 5.9375	 Loss: -0.20205490291118622
Step: 6782976	Mean reward: 5.75	 Loss: -0.2556144595146179
Step: 6791168	Mean reward: 4.21875	 Loss: -0.23301413655281067
Step: 6799360	Mean reward: 5.15625	 Loss: -0.210454523563385
Step: 6807552	Mean reward: 5.0625	 Loss: -0.15575838088989258
Step: 6815744	Mean reward: 5.75	 Loss: -0.21588391065597534
Step: 6823936	Mean reward: 6.0625	 Loss: -0.24822960793972015
Step: 6832128	Mean reward: 4.21875	 Loss: -0.19853562116622925
Step: 6840320	Mean reward: 5.3125	 Loss: -0.26581594347953796
Step: 6848512	Mean reward: 5.09375	 Loss: -0.25236672163009644
Step: 6856704	Mean reward: 5.125	 Loss: -0.26899251341819763
Step: 6864896	Mean reward: 5.40625	 Loss: -0.19143326580524445
Step: 6873088	Mean reward: 4.78125	 Loss: -0.2030075639486313
Step: 6881280	Mean reward: 4.75	 Loss: -0.21265941858291626
Step: 6889472	Mean reward: 4.875	 Loss: -0.3019461929798126
Step: 6897664	Mean reward: 5.1875	 Loss: -0.121256023645401
Step: 6905856	Mean reward: 4.59375	 Loss: -0.218440443277359
Step: 6914048	Mean reward: 4.5	 Loss: -0.2530171871185303
Step: 6922240	Mean reward: 4.5	 Loss: -0.28853684663772583
Step: 6930432	Mean reward: 5.4375	 Loss: -0.20808151364326477
Step: 6938624	Mean reward: 4.03125	 Loss: -0.1899907886981964
Step: 6946816	Mean reward: 5.5	 Loss: -0.159956157207489
Step: 6955008	Mean reward: 5.3125	 Loss: -0.13705158233642578
Step: 6963200	Mean reward: 4.875	 Loss: -0.22068843245506287
Step: 6971392	Mean reward: 5.6875	 Loss: -0.15427589416503906
Step: 6979584	Mean reward: 5.09375	 Loss: -0.22793123126029968
Step: 6987776	Mean reward: 5.25	 Loss: -0.22760328650474548
Step: 6995968	Mean reward: 4.9375	 Loss: -0.21092256903648376
Step: 7004160	Mean reward: 5.46875	 Loss: -0.21976839005947113
Step: 7012352	Mean reward: 5.125	 Loss: -0.22029522061347961
Step: 7020544	Mean reward: 4.875	 Loss: -0.25058403611183167
Step: 7028736	Mean reward: 5.09375	 Loss: -0.23148700594902039
Step: 7036928	Mean reward: 5.34375	 Loss: -0.21174660325050354
Step: 7045120	Mean reward: 4.34375	 Loss: -0.24073049426078796
Step: 7053312	Mean reward: 5.15625	 Loss: -0.21765264868736267
Step: 7061504	Mean reward: 4.46875	 Loss: -0.17022928595542908
Step: 7069696	Mean reward: 4.5	 Loss: -0.29502367973327637
Step: 7077888	Mean reward: 4.9375	 Loss: -0.200078547000885
Step: 7086080	Mean reward: 5.46875	 Loss: -0.24643005430698395
Step: 7094272	Mean reward: 4.09375	 Loss: -0.2380325198173523
Step: 7102464	Mean reward: 4.84375	 Loss: -0.256066232919693
Step: 7110656	Mean reward: 4.875	 Loss: -0.28274470567703247
Step: 7118848	Mean reward: 4.40625	 Loss: -0.28899499773979187
Step: 7127040	Mean reward: 4.9375	 Loss: -0.15812309086322784
Step: 7135232	Mean reward: 4.53125	 Loss: -0.22794340550899506
Step: 7143424	Mean reward: 4.625	 Loss: -0.173054039478302
Step: 7151616	Mean reward: 4.40625	 Loss: -0.27204716205596924
Step: 7159808	Mean reward: 4.1875	 Loss: -0.2156825214624405
Step: 7168000	Mean reward: 4.9375	 Loss: -0.17379027605056763
Step: 7176192	Mean reward: 4.03125	 Loss: -0.199011892080307
Step: 7184384	Mean reward: 4.375	 Loss: -0.21336928009986877
Step: 7192576	Mean reward: 4.875	 Loss: -0.2731212079524994
Step: 7200768	Mean reward: 5.0625	 Loss: -0.19431447982788086
Step: 7208960	Mean reward: 4.71875	 Loss: -0.22176344692707062
Step: 7217152	Mean reward: 5.96875	 Loss: -0.17538395524024963
Step: 7225344	Mean reward: 5.09375	 Loss: -0.18786278367042542
Step: 7233536	Mean reward: 4.125	 Loss: -0.17809371650218964
Step: 7241728	Mean reward: 5.1875	 Loss: -0.17920096218585968
Step: 7249920	Mean reward: 4.875	 Loss: -0.21865159273147583
Step: 7258112	Mean reward: 4.96875	 Loss: -0.2562825381755829
Step: 7266304	Mean reward: 5.59375	 Loss: -0.1503964066505432
Step: 7274496	Mean reward: 6.25	 Loss: -0.10807552933692932
Step: 7282688	Mean reward: 5.0625	 Loss: -0.2504231631755829
Step: 7290880	Mean reward: 4.96875	 Loss: -0.2502322793006897
Step: 7299072	Mean reward: 4.71875	 Loss: -0.19236141443252563
Step: 7307264	Mean reward: 4.78125	 Loss: -0.1527816206216812
Step: 7315456	Mean reward: 4.65625	 Loss: -0.2326204776763916
Step: 7323648	Mean reward: 5.5	 Loss: -0.23083947598934174
Step: 7331840	Mean reward: 5.0625	 Loss: -0.15978273749351501
Step: 7340032	Mean reward: 5.0625	 Loss: -0.2523861527442932
Step: 7348224	Mean reward: 4.4375	 Loss: -0.23557832837104797
Step: 7356416	Mean reward: 5.0625	 Loss: -0.19890321791172028
Step: 7364608	Mean reward: 5.3125	 Loss: -0.21398064494132996
Step: 7372800	Mean reward: 4.875	 Loss: -0.22437302768230438
Step: 7380992	Mean reward: 4.21875	 Loss: -0.2728986442089081
Step: 7389184	Mean reward: 5.375	 Loss: -0.16674895584583282
Step: 7397376	Mean reward: 5.8125	 Loss: -0.234155535697937
Step: 7405568	Mean reward: 4.5	 Loss: -0.2282002717256546
Step: 7413760	Mean reward: 4.25	 Loss: -0.27469170093536377
Step: 7421952	Mean reward: 4.6875	 Loss: -0.26532259583473206
Step: 7430144	Mean reward: 5.15625	 Loss: -0.2222452014684677
Step: 7438336	Mean reward: 5.15625	 Loss: -0.23554153740406036
Step: 7446528	Mean reward: 5.5625	 Loss: -0.2837923467159271
Step: 7454720	Mean reward: 5.4375	 Loss: -0.226764976978302
Step: 7462912	Mean reward: 4.6875	 Loss: -0.2818843424320221
Step: 7471104	Mean reward: 5.84375	 Loss: -0.21969139575958252
Step: 7479296	Mean reward: 4.28125	 Loss: -0.17592979967594147
Step: 7487488	Mean reward: 4.25	 Loss: -0.22432786226272583
Step: 7495680	Mean reward: 5.3125	 Loss: -0.18825006484985352
Step: 7503872	Mean reward: 4.40625	 Loss: -0.2453094720840454
Step: 7512064	Mean reward: 5.21875	 Loss: -0.19340097904205322
Step: 7520256	Mean reward: 5.53125	 Loss: -0.2226938009262085
Step: 7528448	Mean reward: 5.125	 Loss: -0.2915302515029907
Step: 7536640	Mean reward: 4.59375	 Loss: -0.16467946767807007
Step: 7544832	Mean reward: 4.625	 Loss: -0.18667224049568176
Step: 7553024	Mean reward: 4.4375	 Loss: -0.2332175374031067
Step: 7561216	Mean reward: 4.25	 Loss: -0.1618693470954895
Step: 7569408	Mean reward: 4.0	 Loss: -0.2662995457649231
Step: 7577600	Mean reward: 4.4375	 Loss: -0.13902851939201355
Step: 7585792	Mean reward: 4.84375	 Loss: -0.23354288935661316
Step: 7593984	Mean reward: 5.5625	 Loss: -0.1636480689048767
Step: 7602176	Mean reward: 5.59375	 Loss: -0.2557528018951416
Step: 7610368	Mean reward: 4.75	 Loss: -0.26739421486854553
Step: 7618560	Mean reward: 4.875	 Loss: -0.24733906984329224
Step: 7626752	Mean reward: 4.875	 Loss: -0.241640105843544
Step: 7634944	Mean reward: 4.96875	 Loss: -0.16398991644382477
Step: 7643136	Mean reward: 5.65625	 Loss: -0.22778217494487762
Step: 7651328	Mean reward: 4.3125	 Loss: -0.12003836035728455
Step: 7659520	Mean reward: 3.9375	 Loss: -0.21771106123924255
Step: 7667712	Mean reward: 4.9375	 Loss: -0.18463467061519623
Step: 7675904	Mean reward: 5.78125	 Loss: -0.34081828594207764
Step: 7684096	Mean reward: 6.34375	 Loss: -0.21371889114379883
Step: 7692288	Mean reward: 4.46875	 Loss: -0.23973330855369568
Step: 7700480	Mean reward: 4.9375	 Loss: -0.29183220863342285
Step: 7708672	Mean reward: 5.25	 Loss: -0.21646463871002197
Step: 7716864	Mean reward: 4.9375	 Loss: -0.18484053015708923
Step: 7725056	Mean reward: 5.125	 Loss: -0.2532852590084076
Step: 7733248	Mean reward: 4.625	 Loss: -0.17310255765914917
Step: 7741440	Mean reward: 6.03125	 Loss: -0.23341485857963562
Step: 7749632	Mean reward: 4.65625	 Loss: -0.16493183374404907
Step: 7757824	Mean reward: 5.25	 Loss: -0.2198563814163208
Step: 7766016	Mean reward: 4.375	 Loss: -0.26003319025039673
Step: 7774208	Mean reward: 5.28125	 Loss: -0.22736391425132751
Step: 7782400	Mean reward: 3.96875	 Loss: -0.2685889005661011
Step: 7790592	Mean reward: 5.40625	 Loss: -0.16167664527893066
Step: 7798784	Mean reward: 5.09375	 Loss: -0.2352694869041443
Step: 7806976	Mean reward: 4.34375	 Loss: -0.14635708928108215
Step: 7815168	Mean reward: 5.34375	 Loss: -0.19418995082378387
Step: 7823360	Mean reward: 5.5625	 Loss: -0.18794642388820648
Step: 7831552	Mean reward: 5.15625	 Loss: -0.19389113783836365
Step: 7839744	Mean reward: 5.8125	 Loss: -0.1699734777212143
Step: 7847936	Mean reward: 5.40625	 Loss: -0.11761492490768433
Step: 7856128	Mean reward: 5.34375	 Loss: -0.2510540783405304
Step: 7864320	Mean reward: 5.65625	 Loss: -0.22006987035274506
Step: 7872512	Mean reward: 4.5	 Loss: -0.26668718457221985
Step: 7880704	Mean reward: 5.03125	 Loss: -0.15427502989768982
Step: 7888896	Mean reward: 5.15625	 Loss: -0.2709150016307831
Step: 7897088	Mean reward: 4.3125	 Loss: -0.22938841581344604
Step: 7905280	Mean reward: 4.53125	 Loss: -0.25203391909599304
Step: 7913472	Mean reward: 4.0625	 Loss: -0.2578304409980774
Step: 7921664	Mean reward: 4.71875	 Loss: -0.27044233679771423
Step: 7929856	Mean reward: 5.71875	 Loss: -0.25881698727607727
Step: 7938048	Mean reward: 4.71875	 Loss: -0.3242241144180298
Step: 7946240	Mean reward: 4.65625	 Loss: -0.2798156142234802
Step: 7954432	Mean reward: 5.625	 Loss: -0.22093607485294342
Step: 7962624	Mean reward: 4.46875	 Loss: -0.22250401973724365
Step: 7970816	Mean reward: 5.21875	 Loss: -0.28955262899398804
Step: 7979008	Mean reward: 5.21875	 Loss: -0.19445326924324036
Step: 7987200	Mean reward: 4.46875	 Loss: -0.2723489999771118
Step: 7995392	Mean reward: 4.65625	 Loss: -0.2817465662956238
Step: 8003584	Mean reward: 4.40625	 Loss: -0.21852341294288635
Completed training!
2021-11-29 17:23:16
