Training IMPALA 1 with the following parameter dict:
{'total_steps': 9000000.0, 'num_envs': 32, 'num_steps': 256, 'num_levels': 200, 'num_epochs': 3, 'batch_size': 512, 'eps': 0.2, 'grad_eps': 0.5, 'value_coef': 0.5, 'entropy_coef': 0.01, 'c1': 0.5, 'c2': 0.01, 'num_actions': 15, 'in_channels': 3, 'feature_dim': 64, 'env_name': 'starpilot', 'use_background': False}
non stabilized impala
Observation space: Box([[[0. 0. 0. ... 0. 0. 0.]
  [0. 0. 0. ... 0. 0. 0.]
  [0. 0. 0. ... 0. 0. 0.]
  ...
  [0. 0. 0. ... 0. 0. 0.]
  [0. 0. 0. ... 0. 0. 0.]
  [0. 0. 0. ... 0. 0. 0.]]

 [[0. 0. 0. ... 0. 0. 0.]
  [0. 0. 0. ... 0. 0. 0.]
  [0. 0. 0. ... 0. 0. 0.]
  ...
  [0. 0. 0. ... 0. 0. 0.]
  [0. 0. 0. ... 0. 0. 0.]
  [0. 0. 0. ... 0. 0. 0.]]

 [[0. 0. 0. ... 0. 0. 0.]
  [0. 0. 0. ... 0. 0. 0.]
  [0. 0. 0. ... 0. 0. 0.]
  ...
  [0. 0. 0. ... 0. 0. 0.]
  [0. 0. 0. ... 0. 0. 0.]
  [0. 0. 0. ... 0. 0. 0.]]], [[[1. 1. 1. ... 1. 1. 1.]
  [1. 1. 1. ... 1. 1. 1.]
  [1. 1. 1. ... 1. 1. 1.]
  ...
  [1. 1. 1. ... 1. 1. 1.]
  [1. 1. 1. ... 1. 1. 1.]
  [1. 1. 1. ... 1. 1. 1.]]

 [[1. 1. 1. ... 1. 1. 1.]
  [1. 1. 1. ... 1. 1. 1.]
  [1. 1. 1. ... 1. 1. 1.]
  ...
  [1. 1. 1. ... 1. 1. 1.]
  [1. 1. 1. ... 1. 1. 1.]
  [1. 1. 1. ... 1. 1. 1.]]

 [[1. 1. 1. ... 1. 1. 1.]
  [1. 1. 1. ... 1. 1. 1.]
  [1. 1. 1. ... 1. 1. 1.]
  ...
  [1. 1. 1. ... 1. 1. 1.]
  [1. 1. 1. ... 1. 1. 1.]
  [1. 1. 1. ... 1. 1. 1.]]], (3, 64, 64), float32)
Action space: 15
Step: 8192	Mean reward: 4.78125	 Loss: 0.30865126848220825
Step: 16384	Mean reward: 5.03125	 Loss: 0.04267723113298416
Step: 24576	Mean reward: 4.375	 Loss: 0.015356363728642464
Step: 32768	Mean reward: 6.25	 Loss: 0.03731096535921097
Step: 40960	Mean reward: 5.3125	 Loss: 0.07872681319713593
Step: 49152	Mean reward: 6.375	 Loss: -0.02119593881070614
Step: 57344	Mean reward: 6.5	 Loss: 0.04253075271844864
Step: 65536	Mean reward: 7.15625	 Loss: -0.010541930794715881
Step: 73728	Mean reward: 8.75	 Loss: 0.024030905216932297
Step: 81920	Mean reward: 7.8125	 Loss: -0.03817148506641388
Step: 90112	Mean reward: 8.3125	 Loss: -0.006075777113437653
Step: 98304	Mean reward: 8.125	 Loss: -0.01673324592411518
Step: 106496	Mean reward: 9.1875	 Loss: 0.009174738079309464
Step: 114688	Mean reward: 8.65625	 Loss: 0.024976253509521484
Step: 122880	Mean reward: 8.90625	 Loss: 0.02084176056087017
Step: 131072	Mean reward: 8.875	 Loss: 0.02996710129082203
Step: 139264	Mean reward: 9.40625	 Loss: 0.01024017296731472
Step: 147456	Mean reward: 10.21875	 Loss: 0.08860625326633453
Step: 155648	Mean reward: 10.375	 Loss: 0.039687320590019226
Step: 163840	Mean reward: 10.40625	 Loss: -0.033460646867752075
Step: 172032	Mean reward: 9.65625	 Loss: -0.03824404627084732
Step: 180224	Mean reward: 11.1875	 Loss: 0.031963251531124115
Step: 188416	Mean reward: 10.4375	 Loss: 0.03891561180353165
Step: 196608	Mean reward: 10.1875	 Loss: 0.049264095723629
Step: 204800	Mean reward: 11.40625	 Loss: 0.045063942670822144
Step: 212992	Mean reward: 9.875	 Loss: -0.04572437331080437
Step: 221184	Mean reward: 12.03125	 Loss: -0.0021702051162719727
Step: 229376	Mean reward: 11.03125	 Loss: 0.022250989452004433
Step: 237568	Mean reward: 11.4375	 Loss: -0.06036822497844696
Step: 245760	Mean reward: 10.6875	 Loss: -0.04037784785032272
Step: 253952	Mean reward: 11.15625	 Loss: -0.021492864936590195
Step: 262144	Mean reward: 10.1875	 Loss: -0.061487164348363876
Step: 270336	Mean reward: 11.46875	 Loss: -0.052127908915281296
Step: 278528	Mean reward: 9.6875	 Loss: 0.059083759784698486
Step: 286720	Mean reward: 9.59375	 Loss: -0.11683795601129532
Step: 294912	Mean reward: 11.4375	 Loss: -0.04303518682718277
Step: 303104	Mean reward: 12.0625	 Loss: 0.04488958418369293
Step: 311296	Mean reward: 11.59375	 Loss: -0.03856060281395912
Step: 319488	Mean reward: 11.34375	 Loss: -0.09419333934783936
Step: 327680	Mean reward: 11.34375	 Loss: -0.08278937637805939
Step: 335872	Mean reward: 11.15625	 Loss: -0.06964810192584991
Step: 344064	Mean reward: 11.6875	 Loss: 0.010849976912140846
Step: 352256	Mean reward: 11.75	 Loss: -0.04372800886631012
Step: 360448	Mean reward: 11.0	 Loss: 0.008305327966809273
Step: 368640	Mean reward: 11.3125	 Loss: -0.13860641419887543
Step: 376832	Mean reward: 11.6875	 Loss: -0.010446492582559586
Step: 385024	Mean reward: 12.65625	 Loss: -0.06311999261379242
Step: 393216	Mean reward: 12.65625	 Loss: -0.1041734516620636
Step: 401408	Mean reward: 12.0625	 Loss: -0.06233075261116028
Step: 409600	Mean reward: 11.5625	 Loss: -0.11031608283519745
Step: 417792	Mean reward: 12.34375	 Loss: -0.05692074075341225
Step: 425984	Mean reward: 12.9375	 Loss: 0.03785937279462814
Step: 434176	Mean reward: 12.5625	 Loss: -0.02248527854681015
Step: 442368	Mean reward: 11.875	 Loss: -0.1601630449295044
Step: 450560	Mean reward: 13.28125	 Loss: -0.010143278166651726
Step: 458752	Mean reward: 11.375	 Loss: -0.07490668445825577
Step: 466944	Mean reward: 12.71875	 Loss: -0.03387078642845154
Step: 475136	Mean reward: 12.59375	 Loss: 0.02962326444685459
Step: 483328	Mean reward: 13.75	 Loss: -0.04859064519405365
Step: 491520	Mean reward: 13.125	 Loss: -0.06510598212480545
Step: 499712	Mean reward: 12.46875	 Loss: -0.028226226568222046
Step: 507904	Mean reward: 12.09375	 Loss: -0.07397396862506866
Step: 516096	Mean reward: 12.4375	 Loss: -0.10591911524534225
Step: 524288	Mean reward: 12.46875	 Loss: -0.12778794765472412
Step: 532480	Mean reward: 14.3125	 Loss: -0.14878393709659576
Step: 540672	Mean reward: 13.375	 Loss: -0.051869891583919525
Step: 548864	Mean reward: 13.0625	 Loss: -0.016272669658064842
Step: 557056	Mean reward: 10.90625	 Loss: -0.03242284059524536
Step: 565248	Mean reward: 12.09375	 Loss: -0.1361592710018158
Step: 573440	Mean reward: 13.375	 Loss: 0.011712327599525452
Step: 581632	Mean reward: 13.34375	 Loss: -0.05960991606116295
Step: 589824	Mean reward: 11.5	 Loss: -0.050798118114471436
Step: 598016	Mean reward: 13.6875	 Loss: 0.005654036998748779
Step: 606208	Mean reward: 14.28125	 Loss: 0.06245596706867218
Step: 614400	Mean reward: 12.625	 Loss: -0.030365485697984695
Step: 622592	Mean reward: 12.625	 Loss: -0.06596554070711136
Step: 630784	Mean reward: 15.15625	 Loss: -0.10685061663389206
Step: 638976	Mean reward: 14.0	 Loss: -0.07431892305612564
Step: 647168	Mean reward: 13.8125	 Loss: -0.03441307693719864
Step: 655360	Mean reward: 13.5625	 Loss: -0.09523575007915497
Step: 663552	Mean reward: 12.8125	 Loss: -0.06845074146986008
Step: 671744	Mean reward: 13.84375	 Loss: -0.08284509181976318
Step: 679936	Mean reward: 14.0625	 Loss: -0.16120652854442596
Step: 688128	Mean reward: 12.6875	 Loss: -0.018964897841215134
Step: 696320	Mean reward: 12.40625	 Loss: -0.12585462629795074
Step: 704512	Mean reward: 11.59375	 Loss: -0.0479036383330822
Step: 712704	Mean reward: 11.59375	 Loss: -0.11965794116258621
Step: 720896	Mean reward: 13.90625	 Loss: -0.058024920523166656
Step: 729088	Mean reward: 13.65625	 Loss: -0.08231128752231598
Step: 737280	Mean reward: 12.46875	 Loss: -0.09263819456100464
Step: 745472	Mean reward: 12.40625	 Loss: 0.015739792957901955
Step: 753664	Mean reward: 12.46875	 Loss: -0.06676967442035675
Step: 761856	Mean reward: 12.21875	 Loss: -0.030540121719241142
Step: 770048	Mean reward: 13.75	 Loss: -0.08253578096628189
Step: 778240	Mean reward: 13.3125	 Loss: -0.09555597603321075
Step: 786432	Mean reward: 12.78125	 Loss: -0.060502711683511734
Step: 794624	Mean reward: 12.28125	 Loss: -0.10401839762926102
Step: 802816	Mean reward: 14.0	 Loss: -0.08348299562931061
Step: 811008	Mean reward: 14.0625	 Loss: -0.06935089826583862
Step: 819200	Mean reward: 12.34375	 Loss: -0.10074412822723389
Step: 827392	Mean reward: 12.5625	 Loss: -0.07202155888080597
Step: 835584	Mean reward: 12.9375	 Loss: -0.10511501878499985
Step: 843776	Mean reward: 13.21875	 Loss: -0.11866354942321777
Step: 851968	Mean reward: 13.59375	 Loss: -0.05402848869562149
Step: 860160	Mean reward: 13.0	 Loss: -0.011519722640514374
Step: 868352	Mean reward: 14.8125	 Loss: -0.022567592561244965
Step: 876544	Mean reward: 13.34375	 Loss: -0.026043204590678215
Step: 884736	Mean reward: 12.78125	 Loss: -0.021945884451270103
Step: 892928	Mean reward: 12.6875	 Loss: -0.08744020760059357
Step: 901120	Mean reward: 13.25	 Loss: -0.039258021861314774
Step: 909312	Mean reward: 12.28125	 Loss: -0.07173649966716766
Step: 917504	Mean reward: 12.875	 Loss: -0.04358825832605362
Step: 925696	Mean reward: 12.5	 Loss: -0.11410484462976456
Step: 933888	Mean reward: 13.21875	 Loss: -0.04469345510005951
Step: 942080	Mean reward: 13.34375	 Loss: -0.06222495064139366
Step: 950272	Mean reward: 14.21875	 Loss: 0.01029878482222557
Step: 958464	Mean reward: 13.21875	 Loss: -0.06225614249706268
Step: 966656	Mean reward: 13.625	 Loss: -0.11322692036628723
Step: 974848	Mean reward: 15.09375	 Loss: -0.11220201104879379
Step: 983040	Mean reward: 13.53125	 Loss: -0.04617316275835037
Step: 991232	Mean reward: 13.9375	 Loss: 0.021652450785040855
Step: 999424	Mean reward: 12.8125	 Loss: 0.005187248811125755
Step: 1007616	Mean reward: 14.4375	 Loss: 0.010982278734445572
Step: 1015808	Mean reward: 11.96875	 Loss: -0.13822214305400848
Step: 1024000	Mean reward: 14.125	 Loss: -0.10277131199836731
Step: 1032192	Mean reward: 12.4375	 Loss: -0.10134744644165039
Step: 1040384	Mean reward: 13.5625	 Loss: -0.11460450291633606
Step: 1048576	Mean reward: 13.28125	 Loss: -0.062316834926605225
Step: 1056768	Mean reward: 13.03125	 Loss: -0.06870897114276886
Step: 1064960	Mean reward: 12.5625	 Loss: -0.04357248544692993
Step: 1073152	Mean reward: 14.03125	 Loss: -0.11125451326370239
Step: 1081344	Mean reward: 13.5625	 Loss: -0.07604476809501648
Step: 1089536	Mean reward: 12.53125	 Loss: -0.07289792597293854
Step: 1097728	Mean reward: 14.125	 Loss: -0.11670508980751038
Step: 1105920	Mean reward: 13.90625	 Loss: -0.13233551383018494
Step: 1114112	Mean reward: 13.65625	 Loss: -0.0706840232014656
Step: 1122304	Mean reward: 12.0	 Loss: -0.06904487311840057
Step: 1130496	Mean reward: 13.34375	 Loss: -0.10040663927793503
Step: 1138688	Mean reward: 13.78125	 Loss: -0.22402362525463104
Step: 1146880	Mean reward: 12.78125	 Loss: -0.0159474965184927
Step: 1155072	Mean reward: 14.1875	 Loss: -0.08034957200288773
Step: 1163264	Mean reward: 14.40625	 Loss: -0.06624898314476013
Step: 1171456	Mean reward: 12.90625	 Loss: -0.11813269555568695
Step: 1179648	Mean reward: 14.0	 Loss: -0.025298267602920532
Step: 1187840	Mean reward: 14.8125	 Loss: -0.09305360913276672
Step: 1196032	Mean reward: 14.6875	 Loss: -0.028162643313407898
Step: 1204224	Mean reward: 15.34375	 Loss: -0.1496042013168335
Step: 1212416	Mean reward: 14.8125	 Loss: -0.07030382752418518
Step: 1220608	Mean reward: 14.46875	 Loss: -0.059704892337322235
Step: 1228800	Mean reward: 14.3125	 Loss: -0.05962066352367401
Step: 1236992	Mean reward: 15.125	 Loss: -0.03082340583205223
Step: 1245184	Mean reward: 15.875	 Loss: -0.00734191108494997
Step: 1253376	Mean reward: 14.3125	 Loss: -0.04873127117753029
Step: 1261568	Mean reward: 14.34375	 Loss: -0.10542509704828262
Step: 1269760	Mean reward: 14.375	 Loss: -0.05937311053276062
Step: 1277952	Mean reward: 15.59375	 Loss: -0.054685141891241074
Step: 1286144	Mean reward: 15.8125	 Loss: -0.06053267791867256
Step: 1294336	Mean reward: 13.5	 Loss: -0.07235545665025711
Step: 1302528	Mean reward: 15.625	 Loss: -0.0021654898300766945
Step: 1310720	Mean reward: 16.15625	 Loss: -0.014775569550693035
Step: 1318912	Mean reward: 14.09375	 Loss: -0.039976295083761215
Step: 1327104	Mean reward: 16.21875	 Loss: -0.016507519409060478
Step: 1335296	Mean reward: 15.34375	 Loss: -0.00024800654500722885
Step: 1343488	Mean reward: 15.03125	 Loss: -0.05729911848902702
Step: 1351680	Mean reward: 16.15625	 Loss: -0.10406771302223206
Step: 1359872	Mean reward: 16.0625	 Loss: -0.03858053311705589
Step: 1368064	Mean reward: 14.8125	 Loss: -0.0908181294798851
Step: 1376256	Mean reward: 13.65625	 Loss: -0.031245622783899307
Step: 1384448	Mean reward: 15.03125	 Loss: -0.14245010912418365
Step: 1392640	Mean reward: 14.90625	 Loss: -0.12731494009494781
Step: 1400832	Mean reward: 15.25	 Loss: -0.12280270457267761
Step: 1409024	Mean reward: 15.25	 Loss: -0.06088976934552193
Step: 1417216	Mean reward: 15.25	 Loss: -0.09351705014705658
Step: 1425408	Mean reward: 15.3125	 Loss: -0.11886515468358994
Step: 1433600	Mean reward: 16.8125	 Loss: -0.07440739870071411
Step: 1441792	Mean reward: 14.28125	 Loss: -0.042998943477869034
Step: 1449984	Mean reward: 13.84375	 Loss: -0.09433683007955551
Step: 1458176	Mean reward: 14.84375	 Loss: -0.1268874853849411
Step: 1466368	Mean reward: 14.4375	 Loss: -0.04172757267951965
Step: 1474560	Mean reward: 14.75	 Loss: -0.1308908462524414
Step: 1482752	Mean reward: 14.625	 Loss: -0.05287788435816765
Step: 1490944	Mean reward: 14.3125	 Loss: -0.07566732168197632
Step: 1499136	Mean reward: 13.71875	 Loss: -0.07992658019065857
Step: 1507328	Mean reward: 14.625	 Loss: 0.0038917185738682747
Step: 1515520	Mean reward: 14.59375	 Loss: -0.08264543861150742
Step: 1523712	Mean reward: 14.65625	 Loss: -0.15214690566062927
Step: 1531904	Mean reward: 13.34375	 Loss: -0.10357540100812912
Step: 1540096	Mean reward: 16.25	 Loss: -0.04099981114268303
Step: 1548288	Mean reward: 15.15625	 Loss: -0.08701284974813461
Step: 1556480	Mean reward: 14.875	 Loss: -0.12495823204517365
Step: 1564672	Mean reward: 16.34375	 Loss: -0.06129932031035423
Step: 1572864	Mean reward: 15.5625	 Loss: -0.06652641296386719
Step: 1581056	Mean reward: 16.4375	 Loss: -0.07696054130792618
Step: 1589248	Mean reward: 14.78125	 Loss: -0.07456851005554199
Step: 1597440	Mean reward: 17.34375	 Loss: -0.07250066846609116
Step: 1605632	Mean reward: 15.25	 Loss: -0.032505303621292114
Step: 1613824	Mean reward: 14.4375	 Loss: -0.024580717086791992
Step: 1622016	Mean reward: 15.5625	 Loss: -0.07420499622821808
Step: 1630208	Mean reward: 16.125	 Loss: -0.03199523687362671
Step: 1638400	Mean reward: 15.96875	 Loss: -0.09443459659814835
Step: 1646592	Mean reward: 15.09375	 Loss: -0.012096078135073185
Step: 1654784	Mean reward: 16.71875	 Loss: -0.06134277209639549
Step: 1662976	Mean reward: 13.96875	 Loss: -0.033989645540714264
Step: 1671168	Mean reward: 14.59375	 Loss: -0.0165916346013546
Step: 1679360	Mean reward: 15.15625	 Loss: -0.0748707503080368
Step: 1687552	Mean reward: 14.4375	 Loss: -0.08476363867521286
Step: 1695744	Mean reward: 16.375	 Loss: -0.06627529114484787
Step: 1703936	Mean reward: 17.25	 Loss: -0.142367422580719
Step: 1712128	Mean reward: 15.65625	 Loss: -0.06024203076958656
Step: 1720320	Mean reward: 14.75	 Loss: -0.011851944029331207
Step: 1728512	Mean reward: 15.0	 Loss: -0.0769621729850769
Step: 1736704	Mean reward: 16.9375	 Loss: -0.053191691637039185
Step: 1744896	Mean reward: 16.78125	 Loss: -0.1124568060040474
Step: 1753088	Mean reward: 16.75	 Loss: -0.0864783227443695
Step: 1761280	Mean reward: 16.9375	 Loss: -0.06394923478364944
Step: 1769472	Mean reward: 15.28125	 Loss: -0.08966314792633057
Step: 1777664	Mean reward: 16.3125	 Loss: -0.03596098721027374
Step: 1785856	Mean reward: 15.875	 Loss: -0.11589236557483673
Step: 1794048	Mean reward: 15.125	 Loss: -0.05057263374328613
Step: 1802240	Mean reward: 15.78125	 Loss: -0.021039467304944992
Step: 1810432	Mean reward: 15.28125	 Loss: -0.084845170378685
Step: 1818624	Mean reward: 14.78125	 Loss: -0.10546106845140457
Step: 1826816	Mean reward: 15.9375	 Loss: -0.061556585133075714
Step: 1835008	Mean reward: 16.1875	 Loss: -0.045504823327064514
Step: 1843200	Mean reward: 16.1875	 Loss: -0.1095706894993782
Step: 1851392	Mean reward: 16.71875	 Loss: 0.008357943035662174
Step: 1859584	Mean reward: 15.3125	 Loss: -0.04641999676823616
Step: 1867776	Mean reward: 14.71875	 Loss: -0.09868969023227692
Step: 1875968	Mean reward: 16.84375	 Loss: -0.04766726493835449
Step: 1884160	Mean reward: 16.53125	 Loss: -0.020908886566758156
Step: 1892352	Mean reward: 15.8125	 Loss: -0.05893498286604881
Step: 1900544	Mean reward: 15.625	 Loss: -0.05990711227059364
Step: 1908736	Mean reward: 16.96875	 Loss: -0.06110609695315361
Step: 1916928	Mean reward: 17.28125	 Loss: -0.07317660003900528
Step: 1925120	Mean reward: 17.375	 Loss: -0.022593382745981216
Step: 1933312	Mean reward: 16.5	 Loss: -0.02131953462958336
Step: 1941504	Mean reward: 15.25	 Loss: -0.07267794013023376
Step: 1949696	Mean reward: 16.65625	 Loss: -0.11344552040100098
Step: 1957888	Mean reward: 15.4375	 Loss: 0.00715914461761713
Step: 1966080	Mean reward: 16.3125	 Loss: -0.0402752086520195
Step: 1974272	Mean reward: 15.03125	 Loss: -0.11239790916442871
Step: 1982464	Mean reward: 15.5625	 Loss: -0.015109696425497532
Step: 1990656	Mean reward: 16.5	 Loss: -0.018514186143875122
Step: 1998848	Mean reward: 16.34375	 Loss: -0.13005656003952026
Step: 2007040	Mean reward: 16.6875	 Loss: 0.0038264812901616096
Step: 2015232	Mean reward: 16.40625	 Loss: -0.029035799205303192
Step: 2023424	Mean reward: 17.9375	 Loss: -0.15712520480155945
Step: 2031616	Mean reward: 16.15625	 Loss: -0.08938444405794144
Step: 2039808	Mean reward: 15.3125	 Loss: -0.11367253959178925
Step: 2048000	Mean reward: 14.25	 Loss: -0.10083451867103577
Step: 2056192	Mean reward: 15.84375	 Loss: -0.02635538950562477
Step: 2064384	Mean reward: 17.0625	 Loss: -0.04381611943244934
Step: 2072576	Mean reward: 15.84375	 Loss: -0.1363619565963745
Step: 2080768	Mean reward: 17.28125	 Loss: -0.07979748398065567
Step: 2088960	Mean reward: 16.1875	 Loss: -0.017420697957277298
Step: 2097152	Mean reward: 16.46875	 Loss: -0.03241988644003868
Step: 2105344	Mean reward: 16.875	 Loss: -0.040922414511442184
Step: 2113536	Mean reward: 17.5625	 Loss: -0.09085458517074585
Step: 2121728	Mean reward: 15.0	 Loss: -0.10807029902935028
Step: 2129920	Mean reward: 15.28125	 Loss: 0.025342486798763275
Step: 2138112	Mean reward: 16.5	 Loss: -0.038414839655160904
Step: 2146304	Mean reward: 16.5625	 Loss: -0.11175081133842468
Step: 2154496	Mean reward: 17.15625	 Loss: -0.04697982966899872
Step: 2162688	Mean reward: 15.96875	 Loss: -0.08753089606761932
Step: 2170880	Mean reward: 16.03125	 Loss: -0.00279876496642828
Step: 2179072	Mean reward: 15.46875	 Loss: -0.19551372528076172
Step: 2187264	Mean reward: 15.46875	 Loss: -0.08493036031723022
Step: 2195456	Mean reward: 15.8125	 Loss: -0.042221277952194214
Step: 2203648	Mean reward: 15.34375	 Loss: -0.023053089156746864
Step: 2211840	Mean reward: 18.46875	 Loss: -0.06517817080020905
Step: 2220032	Mean reward: 16.90625	 Loss: -0.025520063936710358
Step: 2228224	Mean reward: 16.8125	 Loss: -0.05328688025474548
Step: 2236416	Mean reward: 15.78125	 Loss: -0.05900876596570015
Step: 2244608	Mean reward: 17.53125	 Loss: -0.08201835304498672
Step: 2252800	Mean reward: 17.125	 Loss: 0.010371656157076359
Step: 2260992	Mean reward: 16.0	 Loss: -0.11831790208816528
Step: 2269184	Mean reward: 18.75	 Loss: -0.014503620564937592
Step: 2277376	Mean reward: 17.84375	 Loss: -0.08283056318759918
Step: 2285568	Mean reward: 19.21875	 Loss: -0.009971434250473976
Step: 2293760	Mean reward: 16.1875	 Loss: -0.07076544314622879
Step: 2301952	Mean reward: 18.09375	 Loss: -0.054679226130247116
Step: 2310144	Mean reward: 16.59375	 Loss: -0.04313447326421738
Step: 2318336	Mean reward: 18.625	 Loss: -0.03806079924106598
Step: 2326528	Mean reward: 17.03125	 Loss: -0.09632661938667297
Step: 2334720	Mean reward: 18.4375	 Loss: -0.037893146276474
Step: 2342912	Mean reward: 16.90625	 Loss: 0.015914246439933777
Step: 2351104	Mean reward: 16.8125	 Loss: -0.10617838054895401
Step: 2359296	Mean reward: 18.5625	 Loss: -0.015310769900679588
Step: 2367488	Mean reward: 17.40625	 Loss: -0.05837257206439972
Step: 2375680	Mean reward: 16.78125	 Loss: 0.017805546522140503
Step: 2383872	Mean reward: 17.75	 Loss: -0.006397562101483345
Step: 2392064	Mean reward: 16.84375	 Loss: 0.01971212401986122
Step: 2400256	Mean reward: 18.1875	 Loss: -0.10141482949256897
Step: 2408448	Mean reward: 16.625	 Loss: -0.032361894845962524
Step: 2416640	Mean reward: 17.625	 Loss: -0.0143888546153903
Step: 2424832	Mean reward: 18.375	 Loss: -0.11769866198301315
Step: 2433024	Mean reward: 16.625	 Loss: -0.16970418393611908
Step: 2441216	Mean reward: 17.96875	 Loss: -0.09691476821899414
Step: 2449408	Mean reward: 17.5	 Loss: -0.12588651478290558
Step: 2457600	Mean reward: 18.09375	 Loss: -0.12131058424711227
Step: 2465792	Mean reward: 17.40625	 Loss: -0.007415720261633396
Step: 2473984	Mean reward: 19.53125	 Loss: 0.01837003231048584
Step: 2482176	Mean reward: 17.5625	 Loss: -0.08920267224311829
Step: 2490368	Mean reward: 17.09375	 Loss: -0.16361460089683533
Step: 2498560	Mean reward: 18.03125	 Loss: -0.08450668305158615
Step: 2506752	Mean reward: 16.71875	 Loss: -0.030693072825670242
Step: 2514944	Mean reward: 17.71875	 Loss: -0.010628500021994114
Step: 2523136	Mean reward: 17.53125	 Loss: -0.025551490485668182
Step: 2531328	Mean reward: 17.03125	 Loss: -0.05273117497563362
Step: 2539520	Mean reward: 19.625	 Loss: -0.06883714348077774
Step: 2547712	Mean reward: 17.03125	 Loss: -0.0491982102394104
Step: 2555904	Mean reward: 16.71875	 Loss: -0.10918938368558884
Step: 2564096	Mean reward: 18.875	 Loss: -0.07134461402893066
Step: 2572288	Mean reward: 17.875	 Loss: -0.05920693650841713
Step: 2580480	Mean reward: 18.03125	 Loss: -0.06547454744577408
Step: 2588672	Mean reward: 17.59375	 Loss: -0.08271270990371704
Step: 2596864	Mean reward: 17.96875	 Loss: -0.06145845726132393
Step: 2605056	Mean reward: 18.96875	 Loss: -0.04245803877711296
Step: 2613248	Mean reward: 17.40625	 Loss: -0.051596447825431824
Step: 2621440	Mean reward: 19.21875	 Loss: -0.019626261666417122
Step: 2629632	Mean reward: 17.125	 Loss: -0.05879847705364227
Step: 2637824	Mean reward: 18.09375	 Loss: -0.005742637440562248
Step: 2646016	Mean reward: 16.8125	 Loss: -0.03821386396884918
Step: 2654208	Mean reward: 17.875	 Loss: -0.06693857163190842
Step: 2662400	Mean reward: 17.71875	 Loss: -0.016368040814995766
Step: 2670592	Mean reward: 17.75	 Loss: -0.02984272688627243
Step: 2678784	Mean reward: 18.90625	 Loss: -0.0049330322071909904
Step: 2686976	Mean reward: 19.03125	 Loss: -0.07278167456388474
Step: 2695168	Mean reward: 17.5	 Loss: -0.09931082278490067
Step: 2703360	Mean reward: 18.25	 Loss: -0.06785474717617035
Step: 2711552	Mean reward: 17.28125	 Loss: -0.086590975522995
Step: 2719744	Mean reward: 17.40625	 Loss: -0.023645998910069466
Step: 2727936	Mean reward: 17.34375	 Loss: -0.10724784433841705
Step: 2736128	Mean reward: 18.34375	 Loss: -0.005850851535797119
Step: 2744320	Mean reward: 19.09375	 Loss: -0.09377306699752808
Step: 2752512	Mean reward: 19.3125	 Loss: 0.03401404619216919
Step: 2760704	Mean reward: 18.28125	 Loss: -0.1081651970744133
Step: 2768896	Mean reward: 18.15625	 Loss: -0.05234070122241974
Step: 2777088	Mean reward: 17.71875	 Loss: -0.06049199402332306
Step: 2785280	Mean reward: 19.9375	 Loss: -0.05644771829247475
Step: 2793472	Mean reward: 18.625	 Loss: -0.10740415006875992
Step: 2801664	Mean reward: 18.65625	 Loss: 0.0072315409779548645
Step: 2809856	Mean reward: 18.46875	 Loss: -0.09822724759578705
Step: 2818048	Mean reward: 17.875	 Loss: -0.06286066770553589
Step: 2826240	Mean reward: 17.78125	 Loss: -0.06642024964094162
Step: 2834432	Mean reward: 18.03125	 Loss: 0.04118109494447708
Step: 2842624	Mean reward: 15.96875	 Loss: -0.04677281528711319
Step: 2850816	Mean reward: 19.3125	 Loss: -0.03752230852842331
Step: 2859008	Mean reward: 18.28125	 Loss: -0.07065659761428833
Step: 2867200	Mean reward: 17.65625	 Loss: -0.05663304775953293
Step: 2875392	Mean reward: 19.40625	 Loss: -0.004814865067601204
Step: 2883584	Mean reward: 17.8125	 Loss: 0.016461826860904694
Step: 2891776	Mean reward: 20.28125	 Loss: -0.0848567858338356
Step: 2899968	Mean reward: 20.625	 Loss: -0.0555369034409523
Step: 2908160	Mean reward: 20.28125	 Loss: -0.03521758317947388
Step: 2916352	Mean reward: 17.875	 Loss: -0.08756312727928162
Step: 2924544	Mean reward: 19.28125	 Loss: -0.07596433162689209
Step: 2932736	Mean reward: 19.5	 Loss: -0.06500662863254547
Step: 2940928	Mean reward: 18.09375	 Loss: -0.02779264748096466
Step: 2949120	Mean reward: 17.96875	 Loss: 0.027148867025971413
Step: 2957312	Mean reward: 19.25	 Loss: -0.0019168658182024956
Step: 2965504	Mean reward: 19.34375	 Loss: -0.06398630887269974
Step: 2973696	Mean reward: 19.78125	 Loss: 0.023798400536179543
Step: 2981888	Mean reward: 17.65625	 Loss: -0.0346069410443306
Step: 2990080	Mean reward: 17.5625	 Loss: -0.06344246864318848
Step: 2998272	Mean reward: 17.96875	 Loss: -0.004530119709670544
Step: 3006464	Mean reward: 18.46875	 Loss: -0.035749997943639755
Step: 3014656	Mean reward: 17.875	 Loss: -0.12137814611196518
Step: 3022848	Mean reward: 16.8125	 Loss: -0.09634994715452194
Step: 3031040	Mean reward: 17.875	 Loss: -0.006462620571255684
Step: 3039232	Mean reward: 18.21875	 Loss: -0.014834064058959484
Step: 3047424	Mean reward: 18.625	 Loss: -0.0944962128996849
Step: 3055616	Mean reward: 18.875	 Loss: -0.12671895325183868
Step: 3063808	Mean reward: 19.40625	 Loss: -0.03912676125764847
Step: 3072000	Mean reward: 19.09375	 Loss: -0.06456460058689117
Step: 3080192	Mean reward: 17.5625	 Loss: -0.13356468081474304
Step: 3088384	Mean reward: 18.59375	 Loss: -0.02479090914130211
Step: 3096576	Mean reward: 18.34375	 Loss: -0.06242191791534424
Step: 3104768	Mean reward: 19.21875	 Loss: -0.1530054211616516
Step: 3112960	Mean reward: 18.75	 Loss: -0.058877132833004
Step: 3121152	Mean reward: 19.03125	 Loss: -0.05735738202929497
Step: 3129344	Mean reward: 18.34375	 Loss: -0.08042867481708527
Step: 3137536	Mean reward: 18.78125	 Loss: -0.02686350792646408
Step: 3145728	Mean reward: 18.40625	 Loss: -0.07604534178972244
Step: 3153920	Mean reward: 19.75	 Loss: -0.05758264660835266
Step: 3162112	Mean reward: 18.25	 Loss: -0.06654413789510727
Step: 3170304	Mean reward: 20.59375	 Loss: 0.004653983749449253
Step: 3178496	Mean reward: 19.40625	 Loss: -0.052409350872039795
Step: 3186688	Mean reward: 19.75	 Loss: -0.006680844351649284
Step: 3194880	Mean reward: 19.21875	 Loss: -0.0050516277551651
Step: 3203072	Mean reward: 18.3125	 Loss: -0.10025769472122192
Step: 3211264	Mean reward: 18.8125	 Loss: -0.01736731082201004
Step: 3219456	Mean reward: 20.0	 Loss: -0.12591643631458282
Step: 3227648	Mean reward: 18.78125	 Loss: -0.0500459149479866
Step: 3235840	Mean reward: 19.03125	 Loss: -0.06396321207284927
Step: 3244032	Mean reward: 19.375	 Loss: -0.09504053741693497
Step: 3252224	Mean reward: 19.03125	 Loss: 0.02463582344353199
Step: 3260416	Mean reward: 18.84375	 Loss: -0.03889511525630951
Step: 3268608	Mean reward: 19.65625	 Loss: -0.008021797984838486
Step: 3276800	Mean reward: 19.28125	 Loss: -0.10465064644813538
Step: 3284992	Mean reward: 17.0625	 Loss: -0.05408410727977753
Step: 3293184	Mean reward: 18.65625	 Loss: -0.044173479080200195
Step: 3301376	Mean reward: 16.9375	 Loss: -0.09063643217086792
Step: 3309568	Mean reward: 16.84375	 Loss: -0.07378911226987839
Step: 3317760	Mean reward: 17.90625	 Loss: -0.06401747465133667
Step: 3325952	Mean reward: 17.46875	 Loss: -0.01702018640935421
Step: 3334144	Mean reward: 18.3125	 Loss: -0.1342531144618988
Step: 3342336	Mean reward: 16.84375	 Loss: -0.05690572038292885
Step: 3350528	Mean reward: 17.03125	 Loss: -0.02232205867767334
Step: 3358720	Mean reward: 18.8125	 Loss: -0.1077473908662796
Step: 3366912	Mean reward: 16.75	 Loss: -0.07000183314085007
Step: 3375104	Mean reward: 19.0	 Loss: -0.1271481066942215
Step: 3383296	Mean reward: 18.21875	 Loss: -0.05634785071015358
Step: 3391488	Mean reward: 18.5625	 Loss: -0.07441957294940948
Step: 3399680	Mean reward: 19.71875	 Loss: 0.030063126236200333
Step: 3407872	Mean reward: 18.34375	 Loss: -0.03893294930458069
Step: 3416064	Mean reward: 17.78125	 Loss: -0.08613824844360352
Step: 3424256	Mean reward: 18.0625	 Loss: -0.024946335703134537
Step: 3432448	Mean reward: 18.1875	 Loss: -0.010075787082314491
Step: 3440640	Mean reward: 17.3125	 Loss: -0.10020282864570618
Step: 3448832	Mean reward: 19.65625	 Loss: -0.039878904819488525
Step: 3457024	Mean reward: 19.71875	 Loss: -0.09826347231864929
Step: 3465216	Mean reward: 19.1875	 Loss: -0.11821914464235306
Step: 3473408	Mean reward: 18.0	 Loss: -0.1045544445514679
Step: 3481600	Mean reward: 19.21875	 Loss: -0.08903157711029053
Step: 3489792	Mean reward: 17.96875	 Loss: -0.09132618457078934
Step: 3497984	Mean reward: 18.53125	 Loss: -0.0917934700846672
Step: 3506176	Mean reward: 19.90625	 Loss: -0.09490646421909332
Step: 3514368	Mean reward: 18.53125	 Loss: -0.05410333350300789
Step: 3522560	Mean reward: 19.34375	 Loss: -0.026464540511369705
Step: 3530752	Mean reward: 19.90625	 Loss: -0.09057620167732239
Step: 3538944	Mean reward: 19.34375	 Loss: -0.06345467269420624
Step: 3547136	Mean reward: 18.5625	 Loss: 0.02453845553100109
Step: 3555328	Mean reward: 18.53125	 Loss: -0.04714570194482803
Step: 3563520	Mean reward: 18.21875	 Loss: 0.0641830563545227
Step: 3571712	Mean reward: 18.53125	 Loss: -0.04876672849059105
Step: 3579904	Mean reward: 18.96875	 Loss: -0.10329395532608032
Step: 3588096	Mean reward: 17.1875	 Loss: -0.00401049479842186
Step: 3596288	Mean reward: 18.28125	 Loss: -0.06448476761579514
Step: 3604480	Mean reward: 18.84375	 Loss: -0.1631293147802353
Step: 3612672	Mean reward: 18.5625	 Loss: -0.03827071934938431
Step: 3620864	Mean reward: 17.125	 Loss: -0.04661339521408081
Step: 3629056	Mean reward: 19.25	 Loss: -0.0011079106479883194
Step: 3637248	Mean reward: 19.0	 Loss: -0.010663107968866825
Step: 3645440	Mean reward: 17.65625	 Loss: -0.07482020556926727
Step: 3653632	Mean reward: 18.09375	 Loss: -0.03525726869702339
Step: 3661824	Mean reward: 18.71875	 Loss: -0.055859774351119995
Step: 3670016	Mean reward: 18.15625	 Loss: -0.023223936557769775
Step: 3678208	Mean reward: 17.90625	 Loss: -0.09731465578079224
Step: 3686400	Mean reward: 17.84375	 Loss: -0.012866301462054253
Step: 3694592	Mean reward: 17.71875	 Loss: -0.05453721061348915
Step: 3702784	Mean reward: 16.6875	 Loss: -0.046738773584365845
Step: 3710976	Mean reward: 19.625	 Loss: -0.04416251927614212
Step: 3719168	Mean reward: 18.25	 Loss: -0.08974634855985641
Step: 3727360	Mean reward: 20.9375	 Loss: -0.05225243419408798
Step: 3735552	Mean reward: 18.0	 Loss: 0.01800202950835228
Step: 3743744	Mean reward: 19.09375	 Loss: -0.1030474528670311
Step: 3751936	Mean reward: 19.03125	 Loss: 0.04052719473838806
Step: 3760128	Mean reward: 18.78125	 Loss: -0.05850682407617569
Step: 3768320	Mean reward: 18.90625	 Loss: -0.1309959441423416
Step: 3776512	Mean reward: 19.0	 Loss: -0.05886054039001465
Step: 3784704	Mean reward: 20.375	 Loss: -0.10603165626525879
Step: 3792896	Mean reward: 17.9375	 Loss: -0.08006126433610916
Step: 3801088	Mean reward: 17.625	 Loss: -0.10140468180179596
Step: 3809280	Mean reward: 20.15625	 Loss: -0.12169095128774643
Step: 3817472	Mean reward: 20.03125	 Loss: -0.048217806965112686
Step: 3825664	Mean reward: 19.53125	 Loss: 0.060871340334415436
Step: 3833856	Mean reward: 18.59375	 Loss: -0.054354116320610046
Step: 3842048	Mean reward: 19.0625	 Loss: -0.008218487724661827
Step: 3850240	Mean reward: 19.03125	 Loss: -0.05831117182970047
Step: 3858432	Mean reward: 17.84375	 Loss: -0.1241166889667511
Step: 3866624	Mean reward: 19.0	 Loss: -0.0786224901676178
Step: 3874816	Mean reward: 19.65625	 Loss: -0.03308960795402527
Step: 3883008	Mean reward: 18.3125	 Loss: -0.11083333194255829
Step: 3891200	Mean reward: 17.46875	 Loss: -0.055608902126550674
Step: 3899392	Mean reward: 18.28125	 Loss: 0.05444302409887314
Step: 3907584	Mean reward: 18.59375	 Loss: -0.0090942969545722
Step: 3915776	Mean reward: 19.4375	 Loss: -0.0884382426738739
Step: 3923968	Mean reward: 20.375	 Loss: -0.03318174555897713
Step: 3932160	Mean reward: 18.40625	 Loss: -0.037862710654735565
Step: 3940352	Mean reward: 18.21875	 Loss: -0.03568010404706001
Step: 3948544	Mean reward: 18.75	 Loss: -0.08093065023422241
Step: 3956736	Mean reward: 20.84375	 Loss: -0.04569177329540253
Step: 3964928	Mean reward: 19.0	 Loss: 0.056790247559547424
Step: 3973120	Mean reward: 18.125	 Loss: -0.05800732970237732
Step: 3981312	Mean reward: 19.625	 Loss: -0.07736223936080933
Step: 3989504	Mean reward: 19.34375	 Loss: -0.05281222611665726
Step: 3997696	Mean reward: 18.875	 Loss: -0.09184005856513977
Step: 4005888	Mean reward: 18.625	 Loss: -0.015294613316655159
Step: 4014080	Mean reward: 19.53125	 Loss: -0.037285882979631424
Step: 4022272	Mean reward: 21.03125	 Loss: -0.06409849971532822
Step: 4030464	Mean reward: 18.9375	 Loss: -0.0067759547382593155
Step: 4038656	Mean reward: 19.09375	 Loss: -0.09961722046136856
Step: 4046848	Mean reward: 19.40625	 Loss: -0.03977998346090317
Step: 4055040	Mean reward: 19.84375	 Loss: -0.02826804667711258
Step: 4063232	Mean reward: 20.28125	 Loss: -0.04100443050265312
Step: 4071424	Mean reward: 17.71875	 Loss: -0.011853364296257496
Step: 4079616	Mean reward: 20.15625	 Loss: -0.032837193459272385
Step: 4087808	Mean reward: 16.65625	 Loss: -0.0370311439037323
Step: 4096000	Mean reward: 19.3125	 Loss: -0.10923561453819275
Step: 4104192	Mean reward: 19.96875	 Loss: -0.010184945538640022
Step: 4112384	Mean reward: 20.84375	 Loss: -0.06338535249233246
Step: 4120576	Mean reward: 18.0625	 Loss: -0.07042552530765533
Step: 4128768	Mean reward: 19.875	 Loss: -0.04548736661672592
Step: 4136960	Mean reward: 19.125	 Loss: -0.0971880555152893
Step: 4145152	Mean reward: 19.09375	 Loss: 0.017697405070066452
Step: 4153344	Mean reward: 19.875	 Loss: -0.061829403042793274
Step: 4161536	Mean reward: 18.53125	 Loss: -0.06669212877750397
Step: 4169728	Mean reward: 20.46875	 Loss: -0.019419368356466293
Step: 4177920	Mean reward: 19.46875	 Loss: -0.10697617381811142
Step: 4186112	Mean reward: 20.1875	 Loss: -0.019791269674897194
Step: 4194304	Mean reward: 20.4375	 Loss: -0.010679465718567371
Step: 4202496	Mean reward: 20.0625	 Loss: -0.05601175129413605
Step: 4210688	Mean reward: 20.21875	 Loss: -0.01654067263007164
Step: 4218880	Mean reward: 20.78125	 Loss: -0.05079961568117142
Step: 4227072	Mean reward: 20.0	 Loss: -0.045982830226421356
Step: 4235264	Mean reward: 19.84375	 Loss: -0.046956710517406464
Step: 4243456	Mean reward: 19.6875	 Loss: -0.07194244116544724
Step: 4251648	Mean reward: 20.28125	 Loss: -0.050963789224624634
Step: 4259840	Mean reward: 19.8125	 Loss: -0.028369208797812462
Step: 4268032	Mean reward: 19.875	 Loss: -0.02584046684205532
Step: 4276224	Mean reward: 18.96875	 Loss: -0.11710161715745926
Step: 4284416	Mean reward: 18.1875	 Loss: -0.06804343312978745
Step: 4292608	Mean reward: 19.625	 Loss: -0.06302208453416824
Step: 4300800	Mean reward: 18.28125	 Loss: 0.042530909180641174
Step: 4308992	Mean reward: 18.25	 Loss: -0.06251835823059082
Step: 4317184	Mean reward: 18.8125	 Loss: -0.08694124221801758
Step: 4325376	Mean reward: 18.1875	 Loss: 0.05498325824737549
Step: 4333568	Mean reward: 17.6875	 Loss: -0.16088438034057617
Step: 4341760	Mean reward: 18.71875	 Loss: -0.016151007264852524
Step: 4349952	Mean reward: 18.3125	 Loss: -0.01447947509586811
Step: 4358144	Mean reward: 20.53125	 Loss: -0.02372247725725174
Step: 4366336	Mean reward: 19.46875	 Loss: 0.002088378183543682
Step: 4374528	Mean reward: 19.53125	 Loss: -0.03946927934885025
Step: 4382720	Mean reward: 18.625	 Loss: -0.04716743528842926
Step: 4390912	Mean reward: 19.0625	 Loss: -0.044644832611083984
Step: 4399104	Mean reward: 19.75	 Loss: -0.0024249115958809853
Step: 4407296	Mean reward: 19.625	 Loss: -0.04663759469985962
Step: 4415488	Mean reward: 19.625	 Loss: 0.003412327729165554
Step: 4423680	Mean reward: 18.71875	 Loss: -0.11702527105808258
Step: 4431872	Mean reward: 20.1875	 Loss: -0.062432222068309784
Step: 4440064	Mean reward: 19.25	 Loss: -0.1027199849486351
Step: 4448256	Mean reward: 19.125	 Loss: -0.02069287747144699
Step: 4456448	Mean reward: 20.375	 Loss: -0.10194806009531021
Step: 4464640	Mean reward: 19.4375	 Loss: -0.05684039369225502
Step: 4472832	Mean reward: 19.84375	 Loss: -0.07129055261611938
Step: 4481024	Mean reward: 21.15625	 Loss: -0.012019130401313305
Step: 4489216	Mean reward: 19.65625	 Loss: -0.034401699900627136
Step: 4497408	Mean reward: 20.5625	 Loss: -0.060003429651260376
Step: 4505600	Mean reward: 19.625	 Loss: -0.0760200098156929
Step: 4513792	Mean reward: 19.53125	 Loss: -0.07412195205688477
Step: 4521984	Mean reward: 19.1875	 Loss: -0.06916604191064835
Step: 4530176	Mean reward: 19.34375	 Loss: -0.05984330177307129
Step: 4538368	Mean reward: 19.375	 Loss: 0.0038167499005794525
Step: 4546560	Mean reward: 19.0625	 Loss: -0.027860170230269432
Step: 4554752	Mean reward: 19.46875	 Loss: -0.026962637901306152
Step: 4562944	Mean reward: 19.8125	 Loss: -0.003391982987523079
Step: 4571136	Mean reward: 19.4375	 Loss: -0.025635801255702972
Step: 4579328	Mean reward: 18.65625	 Loss: -0.06742189824581146
Step: 4587520	Mean reward: 20.71875	 Loss: -0.08236217498779297
Step: 4595712	Mean reward: 17.90625	 Loss: -0.1363842636346817
Step: 4603904	Mean reward: 19.75	 Loss: -0.032418347895145416
Step: 4612096	Mean reward: 19.15625	 Loss: -0.08604960143566132
Step: 4620288	Mean reward: 20.28125	 Loss: -0.07963581383228302
Step: 4628480	Mean reward: 20.34375	 Loss: -0.10769174247980118
Step: 4636672	Mean reward: 18.8125	 Loss: -0.05387013033032417
Step: 4644864	Mean reward: 19.96875	 Loss: 0.005107310600578785
Step: 4653056	Mean reward: 18.65625	 Loss: -0.038280509412288666
Step: 4661248	Mean reward: 21.375	 Loss: 0.08092997223138809
Step: 4669440	Mean reward: 18.59375	 Loss: -0.06193981692194939
Step: 4677632	Mean reward: 19.03125	 Loss: -0.055850833654403687
Step: 4685824	Mean reward: 19.28125	 Loss: -0.02443563938140869
Step: 4694016	Mean reward: 19.15625	 Loss: -0.057279665023088455
Step: 4702208	Mean reward: 18.8125	 Loss: -0.0325000137090683
Step: 4710400	Mean reward: 20.65625	 Loss: -0.05286962911486626
Step: 4718592	Mean reward: 18.59375	 Loss: -0.10389216989278793
Step: 4726784	Mean reward: 19.21875	 Loss: -0.07464969158172607
Step: 4734976	Mean reward: 19.75	 Loss: -0.08812623471021652
Step: 4743168	Mean reward: 19.5625	 Loss: 0.0003079967573285103
Step: 4751360	Mean reward: 19.71875	 Loss: -0.03520973399281502
Step: 4759552	Mean reward: 20.90625	 Loss: -0.08897075057029724
Step: 4767744	Mean reward: 19.1875	 Loss: -0.07332056015729904
Step: 4775936	Mean reward: 20.15625	 Loss: -0.03056997060775757
Step: 4784128	Mean reward: 19.71875	 Loss: -0.043504346162080765
Step: 4792320	Mean reward: 22.15625	 Loss: -0.05992467701435089
Step: 4800512	Mean reward: 19.4375	 Loss: -0.06989140063524246
Step: 4808704	Mean reward: 21.875	 Loss: -0.07356256246566772
Step: 4816896	Mean reward: 20.34375	 Loss: -0.11237210035324097
Step: 4825088	Mean reward: 19.5	 Loss: -0.10132569819688797
Step: 4833280	Mean reward: 20.375	 Loss: -0.062378816306591034
Step: 4841472	Mean reward: 18.34375	 Loss: -0.040890589356422424
Step: 4849664	Mean reward: 20.21875	 Loss: -0.008129121735692024
Step: 4857856	Mean reward: 20.4375	 Loss: -0.10751724243164062
Step: 4866048	Mean reward: 19.59375	 Loss: -0.06608246266841888
Step: 4874240	Mean reward: 19.21875	 Loss: -0.048912279307842255
Step: 4882432	Mean reward: 19.375	 Loss: -0.021790888160467148
Step: 4890624	Mean reward: 21.09375	 Loss: 0.005170394666492939
Step: 4898816	Mean reward: 19.84375	 Loss: -0.09072356671094894
Step: 4907008	Mean reward: 20.3125	 Loss: -0.07911266386508942
Step: 4915200	Mean reward: 20.375	 Loss: -0.08922289311885834
Step: 4923392	Mean reward: 20.375	 Loss: 0.040767084807157516
Step: 4931584	Mean reward: 19.125	 Loss: -0.019632350653409958
Step: 4939776	Mean reward: 18.84375	 Loss: -0.058143310248851776
Step: 4947968	Mean reward: 20.15625	 Loss: -0.015206965617835522
Step: 4956160	Mean reward: 21.0625	 Loss: -0.09424854815006256
Step: 4964352	Mean reward: 18.96875	 Loss: -0.06765343248844147
Step: 4972544	Mean reward: 20.375	 Loss: -0.10172467678785324
Step: 4980736	Mean reward: 20.46875	 Loss: -0.02021324820816517
Step: 4988928	Mean reward: 18.46875	 Loss: 0.0002581663429737091
Step: 4997120	Mean reward: 21.125	 Loss: 0.032688386738300323
Step: 5005312	Mean reward: 20.09375	 Loss: -0.052102230489254
Step: 5013504	Mean reward: 19.8125	 Loss: -0.03846956044435501
Step: 5021696	Mean reward: 18.8125	 Loss: -0.03833123669028282
Step: 5029888	Mean reward: 20.96875	 Loss: -0.08608592301607132
Step: 5038080	Mean reward: 19.5625	 Loss: -0.058841198682785034
Step: 5046272	Mean reward: 20.625	 Loss: -0.0322437584400177
Step: 5054464	Mean reward: 19.25	 Loss: -0.07468251883983612
Step: 5062656	Mean reward: 20.4375	 Loss: 0.013431841507554054
Step: 5070848	Mean reward: 20.65625	 Loss: -0.11834969371557236
Step: 5079040	Mean reward: 19.34375	 Loss: 0.026656456291675568
Step: 5087232	Mean reward: 19.78125	 Loss: -0.12889108061790466
Step: 5095424	Mean reward: 21.25	 Loss: 0.006387023255228996
Step: 5103616	Mean reward: 18.34375	 Loss: -0.054148394614458084
Step: 5111808	Mean reward: 19.40625	 Loss: -0.08378865569829941
Step: 5120000	Mean reward: 18.21875	 Loss: 0.01456152182072401
Step: 5128192	Mean reward: 20.0	 Loss: -0.03873852267861366
Step: 5136384	Mean reward: 19.84375	 Loss: -0.03163056820631027
Step: 5144576	Mean reward: 19.3125	 Loss: -0.055592864751815796
Step: 5152768	Mean reward: 18.375	 Loss: -0.027351338416337967
Step: 5160960	Mean reward: 21.0	 Loss: -0.09682884812355042
Step: 5169152	Mean reward: 18.59375	 Loss: -0.005170866847038269
Step: 5177344	Mean reward: 21.375	 Loss: -0.07126149535179138
Step: 5185536	Mean reward: 21.6875	 Loss: 0.012624912895262241
Step: 5193728	Mean reward: 18.84375	 Loss: -0.03657418116927147
Step: 5201920	Mean reward: 20.75	 Loss: -0.025630593299865723
Step: 5210112	Mean reward: 17.96875	 Loss: -0.055356211960315704
Step: 5218304	Mean reward: 20.78125	 Loss: -0.031666189432144165
Step: 5226496	Mean reward: 18.96875	 Loss: -0.022475486621260643
Step: 5234688	Mean reward: 19.1875	 Loss: -0.07254868745803833
Step: 5242880	Mean reward: 19.28125	 Loss: -0.035942863672971725
Step: 5251072	Mean reward: 18.84375	 Loss: -0.020503491163253784
Step: 5259264	Mean reward: 18.625	 Loss: -0.07456944137811661
Step: 5267456	Mean reward: 20.75	 Loss: -0.10594380646944046
Step: 5275648	Mean reward: 20.28125	 Loss: -0.0653393417596817
Step: 5283840	Mean reward: 20.1875	 Loss: -0.08214857429265976
Step: 5292032	Mean reward: 18.09375	 Loss: -0.004779285751283169
Step: 5300224	Mean reward: 21.28125	 Loss: -0.05158080905675888
Step: 5308416	Mean reward: 18.8125	 Loss: -0.13739733397960663
Step: 5316608	Mean reward: 18.53125	 Loss: -0.013502445071935654
Step: 5324800	Mean reward: 19.90625	 Loss: -0.059296559542417526
Step: 5332992	Mean reward: 18.46875	 Loss: -0.044787272810935974
Step: 5341184	Mean reward: 20.71875	 Loss: 0.03609515726566315
Step: 5349376	Mean reward: 20.78125	 Loss: -0.07319911569356918
Step: 5357568	Mean reward: 20.09375	 Loss: -0.07262904196977615
Step: 5365760	Mean reward: 20.375	 Loss: -0.14698612689971924
Step: 5373952	Mean reward: 18.625	 Loss: -0.017636829987168312
Step: 5382144	Mean reward: 19.625	 Loss: -0.11213727295398712
Step: 5390336	Mean reward: 20.09375	 Loss: -0.06257610768079758
Step: 5398528	Mean reward: 19.84375	 Loss: -0.05630265176296234
Step: 5406720	Mean reward: 21.09375	 Loss: -0.09747178852558136
Step: 5414912	Mean reward: 19.40625	 Loss: -0.06940681487321854
Step: 5423104	Mean reward: 18.875	 Loss: -0.15866905450820923
Step: 5431296	Mean reward: 19.4375	 Loss: -0.04724101722240448
Step: 5439488	Mean reward: 18.84375	 Loss: -0.10198613256216049
Step: 5447680	Mean reward: 18.3125	 Loss: -0.06813234090805054
Step: 5455872	Mean reward: 21.21875	 Loss: 0.0003483183681964874
Step: 5464064	Mean reward: 19.53125	 Loss: -0.03206543251872063
Step: 5472256	Mean reward: 18.625	 Loss: -0.06553968042135239
Step: 5480448	Mean reward: 19.03125	 Loss: -0.023174576461315155
Step: 5488640	Mean reward: 18.875	 Loss: -0.05623224750161171
Step: 5496832	Mean reward: 19.65625	 Loss: -0.06553342938423157
Step: 5505024	Mean reward: 19.0	 Loss: -0.03213249146938324
Step: 5513216	Mean reward: 19.28125	 Loss: -0.09546991437673569
Step: 5521408	Mean reward: 18.6875	 Loss: -0.08843714743852615
Step: 5529600	Mean reward: 19.65625	 Loss: -0.018907908350229263
Step: 5537792	Mean reward: 22.0625	 Loss: -0.03878045454621315
Step: 5545984	Mean reward: 19.90625	 Loss: -0.06657786667346954
Step: 5554176	Mean reward: 19.25	 Loss: -0.08486740291118622
Step: 5562368	Mean reward: 19.78125	 Loss: -0.038968224078416824
Step: 5570560	Mean reward: 19.75	 Loss: -0.06069725379347801
Step: 5578752	Mean reward: 19.59375	 Loss: -0.16664394736289978
Step: 5586944	Mean reward: 20.03125	 Loss: -0.07183970510959625
Step: 5595136	Mean reward: 19.6875	 Loss: -0.11164919286966324
Step: 5603328	Mean reward: 20.5	 Loss: -0.03187258914113045
Step: 5611520	Mean reward: 21.125	 Loss: -0.013485861010849476
Step: 5619712	Mean reward: 20.3125	 Loss: -0.09098401665687561
Step: 5627904	Mean reward: 18.875	 Loss: -0.022051649168133736
Step: 5636096	Mean reward: 18.3125	 Loss: -0.09323184192180634
Step: 5644288	Mean reward: 18.625	 Loss: 0.04976113140583038
Step: 5652480	Mean reward: 18.8125	 Loss: -0.13439415395259857
Step: 5660672	Mean reward: 20.5625	 Loss: -0.07511751353740692
Step: 5668864	Mean reward: 20.4375	 Loss: -0.06838522851467133
Step: 5677056	Mean reward: 19.71875	 Loss: -0.05603298172354698
Step: 5685248	Mean reward: 20.21875	 Loss: -0.09342417120933533
Step: 5693440	Mean reward: 18.84375	 Loss: 0.01365180965512991
Step: 5701632	Mean reward: 19.3125	 Loss: -0.09898188710212708
Step: 5709824	Mean reward: 21.03125	 Loss: -0.061575718224048615
Step: 5718016	Mean reward: 20.65625	 Loss: 0.01091747172176838
Step: 5726208	Mean reward: 18.625	 Loss: -0.08661890774965286
Step: 5734400	Mean reward: 19.03125	 Loss: -0.05048415809869766
Step: 5742592	Mean reward: 22.125	 Loss: 0.04599073901772499
Step: 5750784	Mean reward: 20.34375	 Loss: -0.04382956773042679
Step: 5758976	Mean reward: 18.625	 Loss: -0.04174632579088211
Step: 5767168	Mean reward: 21.21875	 Loss: -0.02236242964863777
Step: 5775360	Mean reward: 18.46875	 Loss: -0.020674388855695724
Step: 5783552	Mean reward: 19.59375	 Loss: -0.0881868526339531
Step: 5791744	Mean reward: 19.65625	 Loss: -0.09977453947067261
Step: 5799936	Mean reward: 18.125	 Loss: -0.020740602165460587
Step: 5808128	Mean reward: 20.40625	 Loss: -0.045828431844711304
Step: 5816320	Mean reward: 22.09375	 Loss: -0.10114555060863495
Step: 5824512	Mean reward: 20.46875	 Loss: -0.033868372440338135
Step: 5832704	Mean reward: 19.875	 Loss: -0.04334248602390289
Step: 5840896	Mean reward: 19.8125	 Loss: -0.07320885360240936
Step: 5849088	Mean reward: 21.96875	 Loss: -0.021142438054084778
Step: 5857280	Mean reward: 21.09375	 Loss: 0.013643845915794373
Step: 5865472	Mean reward: 19.375	 Loss: -0.020749084651470184
Step: 5873664	Mean reward: 21.09375	 Loss: -0.06099804490804672
Step: 5881856	Mean reward: 19.625	 Loss: -0.056800298392772675
Step: 5890048	Mean reward: 20.03125	 Loss: -0.03518413007259369
Step: 5898240	Mean reward: 20.09375	 Loss: -0.13085311651229858
Step: 5906432	Mean reward: 19.125	 Loss: -0.031253062188625336
Step: 5914624	Mean reward: 20.5	 Loss: -0.11764322221279144
Step: 5922816	Mean reward: 20.5625	 Loss: -0.0417710617184639
Step: 5931008	Mean reward: 20.34375	 Loss: 0.060722462832927704
Step: 5939200	Mean reward: 19.1875	 Loss: -0.06061723455786705
Step: 5947392	Mean reward: 20.5	 Loss: -0.049261920154094696
Step: 5955584	Mean reward: 20.1875	 Loss: -0.0662836879491806
Step: 5963776	Mean reward: 20.625	 Loss: -0.0350683256983757
Step: 5971968	Mean reward: 20.21875	 Loss: -0.07817990332841873
Step: 5980160	Mean reward: 20.75	 Loss: -0.06403930485248566
Step: 5988352	Mean reward: 21.84375	 Loss: -0.058168936520814896
Step: 5996544	Mean reward: 19.9375	 Loss: 0.02681785635650158
Step: 6004736	Mean reward: 21.0	 Loss: -0.021678205579519272
Step: 6012928	Mean reward: 19.8125	 Loss: -0.045770205557346344
Step: 6021120	Mean reward: 20.71875	 Loss: 0.018629640340805054
Step: 6029312	Mean reward: 21.25	 Loss: -0.14288844168186188
Step: 6037504	Mean reward: 19.03125	 Loss: -0.11426210403442383
Step: 6045696	Mean reward: 19.8125	 Loss: -0.03533606976270676
Step: 6053888	Mean reward: 20.875	 Loss: -0.021107103675603867
Step: 6062080	Mean reward: 20.59375	 Loss: -0.011679792776703835
Step: 6070272	Mean reward: 18.4375	 Loss: 0.03696316480636597
Step: 6078464	Mean reward: 20.5625	 Loss: -0.0547502338886261
Step: 6086656	Mean reward: 20.25	 Loss: -0.021146873012185097
Step: 6094848	Mean reward: 20.34375	 Loss: -0.07755985856056213
Step: 6103040	Mean reward: 22.71875	 Loss: -0.10681069642305374
Step: 6111232	Mean reward: 20.40625	 Loss: 0.021545495837926865
Step: 6119424	Mean reward: 21.21875	 Loss: -0.0889972671866417
Step: 6127616	Mean reward: 21.4375	 Loss: 0.008932848460972309
Step: 6135808	Mean reward: 20.5625	 Loss: -0.02998601645231247
Step: 6144000	Mean reward: 18.3125	 Loss: -0.07218913733959198
Step: 6152192	Mean reward: 21.75	 Loss: 0.016160516068339348
Step: 6160384	Mean reward: 20.9375	 Loss: -0.05086621642112732
Step: 6168576	Mean reward: 19.90625	 Loss: -0.007046806626021862
Step: 6176768	Mean reward: 19.71875	 Loss: -0.1579998880624771
Step: 6184960	Mean reward: 18.65625	 Loss: -0.08543512225151062
Step: 6193152	Mean reward: 20.8125	 Loss: -0.07893630862236023
Step: 6201344	Mean reward: 20.71875	 Loss: 0.002834114246070385
Step: 6209536	Mean reward: 19.6875	 Loss: -0.025519024580717087
Step: 6217728	Mean reward: 19.3125	 Loss: -0.06912829726934433
Step: 6225920	Mean reward: 20.71875	 Loss: 0.05420095846056938
Step: 6234112	Mean reward: 21.75	 Loss: -0.026177063584327698
Step: 6242304	Mean reward: 20.96875	 Loss: -0.0032458780333399773
Step: 6250496	Mean reward: 20.28125	 Loss: 0.0063148196786642075
Step: 6258688	Mean reward: 20.90625	 Loss: -0.018197299912571907
Step: 6266880	Mean reward: 21.78125	 Loss: -0.04993012547492981
Step: 6275072	Mean reward: 19.71875	 Loss: -0.05700386315584183
Step: 6283264	Mean reward: 21.90625	 Loss: -0.09393221884965897
Step: 6291456	Mean reward: 22.03125	 Loss: -0.07601188868284225
Step: 6299648	Mean reward: 20.65625	 Loss: -0.0016623660922050476
Step: 6307840	Mean reward: 22.59375	 Loss: -0.013345611281692982
Step: 6316032	Mean reward: 20.5	 Loss: -0.00218175258487463
Step: 6324224	Mean reward: 18.90625	 Loss: -0.035805199295282364
Step: 6332416	Mean reward: 19.65625	 Loss: -0.08341054618358612
Step: 6340608	Mean reward: 20.78125	 Loss: -0.06809055060148239
Step: 6348800	Mean reward: 20.5625	 Loss: -0.0770949274301529
Step: 6356992	Mean reward: 21.40625	 Loss: -0.08653430640697479
Step: 6365184	Mean reward: 19.8125	 Loss: -0.005822635255753994
Step: 6373376	Mean reward: 21.0	 Loss: -0.0839516744017601
Step: 6381568	Mean reward: 19.90625	 Loss: -0.12024716287851334
Step: 6389760	Mean reward: 20.78125	 Loss: 0.03566262125968933
Step: 6397952	Mean reward: 21.0625	 Loss: -0.060212187469005585
Step: 6406144	Mean reward: 19.59375	 Loss: 0.023847611621022224
Step: 6414336	Mean reward: 20.25	 Loss: -0.09553626924753189
Step: 6422528	Mean reward: 20.6875	 Loss: -0.07517558336257935
Step: 6430720	Mean reward: 20.40625	 Loss: -0.11499496549367905
Step: 6438912	Mean reward: 18.90625	 Loss: -0.08436276018619537
Step: 6447104	Mean reward: 19.96875	 Loss: 0.037443406879901886
Step: 6455296	Mean reward: 19.875	 Loss: -0.042784467339515686
Step: 6463488	Mean reward: 19.75	 Loss: -0.0824701339006424
Step: 6471680	Mean reward: 21.1875	 Loss: -0.0374269112944603
Step: 6479872	Mean reward: 19.875	 Loss: 0.00436983909457922
Step: 6488064	Mean reward: 20.40625	 Loss: -0.017683636397123337
Step: 6496256	Mean reward: 20.28125	 Loss: -0.11609029024839401
Step: 6504448	Mean reward: 21.75	 Loss: -0.013192958198487759
Step: 6512640	Mean reward: 21.40625	 Loss: -0.104706771671772
Step: 6520832	Mean reward: 20.9375	 Loss: -0.04212690889835358
Step: 6529024	Mean reward: 21.25	 Loss: -0.022870440036058426
Step: 6537216	Mean reward: 21.0625	 Loss: 0.00932724867016077
Step: 6545408	Mean reward: 20.65625	 Loss: -0.0822245329618454
Step: 6553600	Mean reward: 20.1875	 Loss: -0.09788744151592255
Step: 6561792	Mean reward: 21.59375	 Loss: 0.011148872785270214
Step: 6569984	Mean reward: 20.625	 Loss: -0.055711179971694946
Step: 6578176	Mean reward: 19.46875	 Loss: -0.02045179158449173
Step: 6586368	Mean reward: 19.09375	 Loss: -0.0007668491452932358
Step: 6594560	Mean reward: 21.65625	 Loss: -0.08846601843833923
Step: 6602752	Mean reward: 21.25	 Loss: -0.0709516778588295
Step: 6610944	Mean reward: 18.65625	 Loss: 0.03973693400621414
Step: 6619136	Mean reward: 21.75	 Loss: -0.0796661525964737
Step: 6627328	Mean reward: 19.28125	 Loss: -0.036547791212797165
Step: 6635520	Mean reward: 20.1875	 Loss: -0.06423065066337585
Step: 6643712	Mean reward: 20.90625	 Loss: -0.09156323224306107
Step: 6651904	Mean reward: 20.3125	 Loss: -0.0003146640956401825
Step: 6660096	Mean reward: 20.875	 Loss: -0.046155937016010284
Step: 6668288	Mean reward: 21.40625	 Loss: -0.10367439687252045
Step: 6676480	Mean reward: 21.28125	 Loss: -0.11709506064653397
Step: 6684672	Mean reward: 20.96875	 Loss: 0.025533102452754974
Step: 6692864	Mean reward: 20.21875	 Loss: -0.039746083319187164
Step: 6701056	Mean reward: 20.90625	 Loss: -0.11580358445644379
Step: 6709248	Mean reward: 20.4375	 Loss: 0.01914854720234871
Step: 6717440	Mean reward: 20.625	 Loss: -0.05126776918768883
Step: 6725632	Mean reward: 20.9375	 Loss: -0.16837744414806366
Step: 6733824	Mean reward: 20.78125	 Loss: -0.046502433717250824
Step: 6742016	Mean reward: 20.84375	 Loss: -0.08365631103515625
Step: 6750208	Mean reward: 20.6875	 Loss: -0.0032781288027763367
Step: 6758400	Mean reward: 21.0625	 Loss: -0.05558233708143234
Step: 6766592	Mean reward: 20.28125	 Loss: 0.0059882160276174545
Step: 6774784	Mean reward: 20.09375	 Loss: -0.08150157332420349
Step: 6782976	Mean reward: 22.96875	 Loss: -0.101189024746418
Step: 6791168	Mean reward: 20.9375	 Loss: -0.06612874567508698
Step: 6799360	Mean reward: 20.9375	 Loss: -0.034722354263067245
Step: 6807552	Mean reward: 21.28125	 Loss: -0.009635117836296558
Step: 6815744	Mean reward: 19.625	 Loss: -0.05191849544644356
Step: 6823936	Mean reward: 20.03125	 Loss: -0.014958030544221401
Step: 6832128	Mean reward: 20.9375	 Loss: -0.06047617271542549
Step: 6840320	Mean reward: 20.375	 Loss: 0.009556761011481285
Step: 6848512	Mean reward: 19.6875	 Loss: -0.02722644805908203
Step: 6856704	Mean reward: 19.78125	 Loss: -0.06094278767704964
Step: 6864896	Mean reward: 20.4375	 Loss: -0.04554014280438423
Step: 6873088	Mean reward: 19.625	 Loss: -0.0031734146177768707
Step: 6881280	Mean reward: 20.125	 Loss: -0.007247118279337883
Step: 6889472	Mean reward: 20.15625	 Loss: -0.04425147920846939
Step: 6897664	Mean reward: 20.6875	 Loss: -0.02579716220498085
Step: 6905856	Mean reward: 21.375	 Loss: 0.0070053329691290855
Step: 6914048	Mean reward: 20.3125	 Loss: -0.06291718780994415
Step: 6922240	Mean reward: 20.46875	 Loss: -0.041100114583969116
Step: 6930432	Mean reward: 20.6875	 Loss: -0.07332532852888107
Step: 6938624	Mean reward: 19.6875	 Loss: -0.024820402264595032
Step: 6946816	Mean reward: 19.84375	 Loss: -0.02522777020931244
Step: 6955008	Mean reward: 21.53125	 Loss: -0.016567938029766083
Step: 6963200	Mean reward: 21.625	 Loss: -0.07558496296405792
Step: 6971392	Mean reward: 20.1875	 Loss: -0.04688733071088791
Step: 6979584	Mean reward: 21.625	 Loss: -0.10692032426595688
Step: 6987776	Mean reward: 21.15625	 Loss: -0.08712232112884521
Step: 6995968	Mean reward: 21.375	 Loss: -0.06686621904373169
Step: 7004160	Mean reward: 20.84375	 Loss: 0.0014436161145567894
Step: 7012352	Mean reward: 21.46875	 Loss: 0.01302790455520153
Step: 7020544	Mean reward: 21.28125	 Loss: 0.026190415024757385
Step: 7028736	Mean reward: 20.125	 Loss: 0.0034688664600253105
Step: 7036928	Mean reward: 20.6875	 Loss: -0.03710292652249336
Step: 7045120	Mean reward: 19.78125	 Loss: -0.011622671037912369
Step: 7053312	Mean reward: 20.8125	 Loss: -0.03939153254032135
Step: 7061504	Mean reward: 20.90625	 Loss: -0.05507894605398178
Step: 7069696	Mean reward: 21.0	 Loss: -0.09617973864078522
Step: 7077888	Mean reward: 18.03125	 Loss: -0.050084251910448074
Step: 7086080	Mean reward: 20.0	 Loss: -0.07602323591709137
Step: 7094272	Mean reward: 20.1875	 Loss: -0.04281431809067726
Step: 7102464	Mean reward: 22.6875	 Loss: -0.07391209900379181
Step: 7110656	Mean reward: 20.0	 Loss: 0.02626599371433258
Step: 7118848	Mean reward: 20.8125	 Loss: -0.017972927540540695
Step: 7127040	Mean reward: 19.625	 Loss: -0.08876640349626541
Step: 7135232	Mean reward: 20.9375	 Loss: 0.033612750470638275
Step: 7143424	Mean reward: 21.25	 Loss: -0.05233946815133095
Step: 7151616	Mean reward: 21.25	 Loss: -0.060640595853328705
Step: 7159808	Mean reward: 22.5	 Loss: -0.06054476276040077
Step: 7168000	Mean reward: 21.21875	 Loss: 0.009965346194803715
Step: 7176192	Mean reward: 19.6875	 Loss: -0.04332425817847252
Step: 7184384	Mean reward: 22.0625	 Loss: -0.030304841697216034
Step: 7192576	Mean reward: 21.21875	 Loss: -0.05845148116350174
Step: 7200768	Mean reward: 20.03125	 Loss: -0.06297698616981506
Step: 7208960	Mean reward: 23.125	 Loss: 0.06149237975478172
Step: 7217152	Mean reward: 21.59375	 Loss: -0.00582816731184721
Step: 7225344	Mean reward: 21.34375	 Loss: -0.049643829464912415
Step: 7233536	Mean reward: 21.1875	 Loss: -0.011076771654188633
Step: 7241728	Mean reward: 19.84375	 Loss: -0.07132267951965332
Step: 7249920	Mean reward: 18.125	 Loss: -0.10603896528482437
Step: 7258112	Mean reward: 21.375	 Loss: -0.033478107303380966
Step: 7266304	Mean reward: 21.03125	 Loss: -0.003933093510568142
Step: 7274496	Mean reward: 19.90625	 Loss: -0.1280854493379593
Step: 7282688	Mean reward: 19.84375	 Loss: -0.0012893155217170715
Step: 7290880	Mean reward: 20.09375	 Loss: -0.06780792027711868
Step: 7299072	Mean reward: 21.96875	 Loss: 0.0034141317009925842
Step: 7307264	Mean reward: 21.46875	 Loss: -0.010919677093625069
Step: 7315456	Mean reward: 20.9375	 Loss: -0.035605449229478836
Step: 7323648	Mean reward: 20.71875	 Loss: -0.09271393716335297
Step: 7331840	Mean reward: 21.5	 Loss: -0.0188092440366745
Step: 7340032	Mean reward: 20.59375	 Loss: 0.0312923789024353
Step: 7348224	Mean reward: 21.21875	 Loss: -0.06596619635820389
Step: 7356416	Mean reward: 20.21875	 Loss: -0.045306071639060974
Step: 7364608	Mean reward: 21.625	 Loss: -0.11302489787340164
Step: 7372800	Mean reward: 21.59375	 Loss: 0.015730179846286774
Step: 7380992	Mean reward: 20.5625	 Loss: -0.023098353296518326
Step: 7389184	Mean reward: 21.46875	 Loss: -0.046433448791503906
Step: 7397376	Mean reward: 21.6875	 Loss: -0.044356994330883026
Step: 7405568	Mean reward: 20.71875	 Loss: -0.0662112683057785
Step: 7413760	Mean reward: 21.71875	 Loss: -0.012495724484324455
Step: 7421952	Mean reward: 21.90625	 Loss: -0.09146551787853241
Step: 7430144	Mean reward: 21.9375	 Loss: -0.022181205451488495
Step: 7438336	Mean reward: 20.34375	 Loss: -0.09326105564832687
Step: 7446528	Mean reward: 20.3125	 Loss: -0.041317302733659744
Step: 7454720	Mean reward: 20.5	 Loss: -0.021174995228648186
Step: 7462912	Mean reward: 19.9375	 Loss: -0.03180459514260292
Step: 7471104	Mean reward: 21.59375	 Loss: 0.001670602709054947
Step: 7479296	Mean reward: 21.25	 Loss: -0.03259630873799324
Step: 7487488	Mean reward: 21.21875	 Loss: -0.004285091534256935
Step: 7495680	Mean reward: 20.21875	 Loss: -0.008378748781979084
Step: 7503872	Mean reward: 21.90625	 Loss: -0.06688601523637772
Step: 7512064	Mean reward: 21.65625	 Loss: -0.07024423778057098
Step: 7520256	Mean reward: 21.03125	 Loss: -0.040163710713386536
Step: 7528448	Mean reward: 23.0625	 Loss: -0.009881412610411644
Step: 7536640	Mean reward: 22.90625	 Loss: -0.058840569108724594
Step: 7544832	Mean reward: 21.5	 Loss: -0.02451595664024353
Step: 7553024	Mean reward: 20.5625	 Loss: -0.11954204738140106
Step: 7561216	Mean reward: 20.9375	 Loss: -0.04554854333400726
Step: 7569408	Mean reward: 21.65625	 Loss: -0.035063572227954865
Step: 7577600	Mean reward: 20.03125	 Loss: 0.04862277954816818
Step: 7585792	Mean reward: 21.5625	 Loss: -0.058022208511829376
Step: 7593984	Mean reward: 22.125	 Loss: 0.004354129545390606
Step: 7602176	Mean reward: 21.875	 Loss: -0.030005883425474167
Step: 7610368	Mean reward: 22.28125	 Loss: -0.09338835626840591
Step: 7618560	Mean reward: 21.15625	 Loss: -0.04807190224528313
Step: 7626752	Mean reward: 21.875	 Loss: -0.15413378179073334
Step: 7634944	Mean reward: 21.15625	 Loss: -0.0020894045010209084
Step: 7643136	Mean reward: 20.71875	 Loss: 0.03581228852272034
Step: 7651328	Mean reward: 21.15625	 Loss: -0.06717526167631149
Step: 7659520	Mean reward: 21.34375	 Loss: -0.02039138227701187
Step: 7667712	Mean reward: 21.59375	 Loss: -0.001368662342429161
Step: 7675904	Mean reward: 23.21875	 Loss: -0.1101704016327858
Step: 7684096	Mean reward: 21.0	 Loss: -0.04323720932006836
Step: 7692288	Mean reward: 20.5	 Loss: 0.0011038854718208313
Step: 7700480	Mean reward: 20.9375	 Loss: -0.06252851337194443
Step: 7708672	Mean reward: 20.78125	 Loss: -0.09186095744371414
Step: 7716864	Mean reward: 21.0625	 Loss: -0.06697859615087509
Step: 7725056	Mean reward: 21.8125	 Loss: 0.013090734370052814
Step: 7733248	Mean reward: 23.28125	 Loss: -0.02694566361606121
Step: 7741440	Mean reward: 21.34375	 Loss: -0.09019334614276886
Step: 7749632	Mean reward: 22.0625	 Loss: -0.06505878269672394
Step: 7757824	Mean reward: 21.40625	 Loss: -0.06920827925205231
Step: 7766016	Mean reward: 20.96875	 Loss: -0.00915845949202776
Step: 7774208	Mean reward: 21.28125	 Loss: 0.013877305202186108
Step: 7782400	Mean reward: 22.5625	 Loss: -0.03080854006111622
Step: 7790592	Mean reward: 21.28125	 Loss: 0.028191449120640755
Step: 7798784	Mean reward: 22.5	 Loss: 0.028946779668331146
Step: 7806976	Mean reward: 20.21875	 Loss: -0.05987667664885521
Step: 7815168	Mean reward: 23.59375	 Loss: 0.004972944501787424
Step: 7823360	Mean reward: 19.9375	 Loss: -0.031008318066596985
Step: 7831552	Mean reward: 20.59375	 Loss: -0.04646268114447594
Step: 7839744	Mean reward: 23.03125	 Loss: -0.08748534321784973
Step: 7847936	Mean reward: 22.0	 Loss: 0.031014617532491684
Step: 7856128	Mean reward: 21.5	 Loss: -0.044397369027137756
Step: 7864320	Mean reward: 20.96875	 Loss: 0.0506943054497242
Step: 7872512	Mean reward: 20.875	 Loss: 0.00870317593216896
Step: 7880704	Mean reward: 20.34375	 Loss: 0.0016630897298455238
Step: 7888896	Mean reward: 21.78125	 Loss: 0.012143591418862343
Step: 7897088	Mean reward: 20.34375	 Loss: -0.030290866270661354
Step: 7905280	Mean reward: 21.3125	 Loss: 0.03660129755735397
Step: 7913472	Mean reward: 20.53125	 Loss: -0.05148240923881531
Step: 7921664	Mean reward: 20.3125	 Loss: -0.027445055544376373
Step: 7929856	Mean reward: 22.125	 Loss: -0.05335085093975067
Step: 7938048	Mean reward: 22.4375	 Loss: 0.07189275324344635
Step: 7946240	Mean reward: 21.65625	 Loss: -0.08156107366085052
Step: 7954432	Mean reward: 21.46875	 Loss: -0.0929529070854187
Step: 7962624	Mean reward: 20.0625	 Loss: 0.05173522233963013
Step: 7970816	Mean reward: 20.15625	 Loss: -0.023389305919408798
Step: 7979008	Mean reward: 21.46875	 Loss: -0.08188774436712265
Step: 7987200	Mean reward: 20.5	 Loss: -0.06967316567897797
Step: 7995392	Mean reward: 20.40625	 Loss: -0.028882497921586037
Step: 8003584	Mean reward: 20.96875	 Loss: -0.027656584978103638
Step: 8011776	Mean reward: 22.5625	 Loss: -0.07965543866157532
Step: 8019968	Mean reward: 21.8125	 Loss: -0.0013163303956389427
Step: 8028160	Mean reward: 20.0625	 Loss: -0.19320856034755707
Step: 8036352	Mean reward: 21.0	 Loss: -0.03295029327273369
Step: 8044544	Mean reward: 21.75	 Loss: -0.11930187046527863
Step: 8052736	Mean reward: 20.1875	 Loss: -0.007505781948566437
Step: 8060928	Mean reward: 22.625	 Loss: 0.01948009803891182
Step: 8069120	Mean reward: 22.03125	 Loss: -0.0707772970199585
Step: 8077312	Mean reward: 22.40625	 Loss: 0.016658689826726913
Step: 8085504	Mean reward: 21.625	 Loss: 0.009670288302004337
Step: 8093696	Mean reward: 21.25	 Loss: -0.005444525741040707
Step: 8101888	Mean reward: 22.25	 Loss: -0.02176038920879364
Step: 8110080	Mean reward: 19.8125	 Loss: -0.004754257388412952
Step: 8118272	Mean reward: 21.9375	 Loss: -0.14915066957473755
Step: 8126464	Mean reward: 23.625	 Loss: 0.006868898868560791
Step: 8134656	Mean reward: 20.21875	 Loss: -0.02802819013595581
Step: 8142848	Mean reward: 22.375	 Loss: -0.048571690917015076
Step: 8151040	Mean reward: 22.0	 Loss: 0.012314330786466599
Step: 8159232	Mean reward: 19.53125	 Loss: -0.016678262501955032
Step: 8167424	Mean reward: 23.28125	 Loss: -0.02857654169201851
Step: 8175616	Mean reward: 20.53125	 Loss: -0.011547964066267014
Step: 8183808	Mean reward: 22.15625	 Loss: -0.02521386742591858
Step: 8192000	Mean reward: 21.28125	 Loss: -0.0026600565761327744
Step: 8200192	Mean reward: 21.625	 Loss: -0.1201818436384201
Step: 8208384	Mean reward: 22.5	 Loss: 0.010837565176188946
Step: 8216576	Mean reward: 21.28125	 Loss: -0.048423126339912415
Step: 8224768	Mean reward: 22.15625	 Loss: -0.03326172009110451
Step: 8232960	Mean reward: 20.46875	 Loss: -0.027102582156658173
Step: 8241152	Mean reward: 21.375	 Loss: -0.12176412343978882
Step: 8249344	Mean reward: 20.8125	 Loss: -0.09897182136774063
Step: 8257536	Mean reward: 22.96875	 Loss: 0.01562309730798006
Step: 8265728	Mean reward: 21.0	 Loss: -0.12495027482509613
Step: 8273920	Mean reward: 22.46875	 Loss: 0.024988381192088127
Step: 8282112	Mean reward: 22.125	 Loss: -0.06517970561981201
Step: 8290304	Mean reward: 20.71875	 Loss: 0.0683722198009491
Step: 8298496	Mean reward: 20.71875	 Loss: -0.055868905037641525
Step: 8306688	Mean reward: 22.34375	 Loss: 0.013224457390606403
Step: 8314880	Mean reward: 21.5	 Loss: -0.0932014137506485
Step: 8323072	Mean reward: 19.84375	 Loss: -0.00696465652436018
Step: 8331264	Mean reward: 21.875	 Loss: -0.03203192353248596
Step: 8339456	Mean reward: 20.34375	 Loss: -0.09203711152076721
Step: 8347648	Mean reward: 22.59375	 Loss: -0.044850196689367294
Step: 8355840	Mean reward: 20.6875	 Loss: -0.027284525334835052
Step: 8364032	Mean reward: 20.875	 Loss: -0.03550221398472786
Step: 8372224	Mean reward: 22.375	 Loss: -0.01815013773739338
Step: 8380416	Mean reward: 19.4375	 Loss: -0.10944654792547226
Step: 8388608	Mean reward: 21.375	 Loss: -0.049198802560567856
Step: 8396800	Mean reward: 22.34375	 Loss: -0.05041714385151863
Step: 8404992	Mean reward: 21.5625	 Loss: -0.057334162294864655
Step: 8413184	Mean reward: 20.21875	 Loss: 0.0031564366072416306
Step: 8421376	Mean reward: 20.78125	 Loss: 0.02736317366361618
Step: 8429568	Mean reward: 22.03125	 Loss: -0.08830966800451279
Step: 8437760	Mean reward: 21.0	 Loss: -0.013199279084801674
Step: 8445952	Mean reward: 21.625	 Loss: -0.006280918605625629
Step: 8454144	Mean reward: 21.4375	 Loss: -0.03593696653842926
Step: 8462336	Mean reward: 21.21875	 Loss: -0.024263896048069
Step: 8470528	Mean reward: 22.03125	 Loss: -0.031885795295238495
Step: 8478720	Mean reward: 22.4375	 Loss: -0.07866881787776947
Step: 8486912	Mean reward: 20.8125	 Loss: -0.09888675808906555
Step: 8495104	Mean reward: 20.6875	 Loss: 0.07203405350446701
Step: 8503296	Mean reward: 22.78125	 Loss: -0.007093745283782482
Step: 8511488	Mean reward: 21.71875	 Loss: -0.1422223150730133
Step: 8519680	Mean reward: 21.84375	 Loss: 0.026798803359270096
Step: 8527872	Mean reward: 21.28125	 Loss: 0.009383508004248142
Step: 8536064	Mean reward: 20.03125	 Loss: 0.007227967493236065
Step: 8544256	Mean reward: 21.15625	 Loss: 0.03521310165524483
Step: 8552448	Mean reward: 21.71875	 Loss: -0.1088261753320694
Step: 8560640	Mean reward: 20.3125	 Loss: -0.043564166873693466
Step: 8568832	Mean reward: 21.25	 Loss: -0.0531882718205452
Step: 8577024	Mean reward: 20.5625	 Loss: -0.07534041255712509
Step: 8585216	Mean reward: 22.125	 Loss: 0.0040659974329173565
Step: 8593408	Mean reward: 23.28125	 Loss: -0.03795100748538971
Step: 8601600	Mean reward: 20.40625	 Loss: -0.027633361518383026
Step: 8609792	Mean reward: 21.5625	 Loss: -0.04241509735584259
Step: 8617984	Mean reward: 22.0	 Loss: -0.011401863768696785
Step: 8626176	Mean reward: 20.90625	 Loss: 0.006665387190878391
Step: 8634368	Mean reward: 22.25	 Loss: 0.004033149220049381
Step: 8642560	Mean reward: 22.34375	 Loss: -0.03376203775405884
Step: 8650752	Mean reward: 22.875	 Loss: -0.09918515384197235
Step: 8658944	Mean reward: 20.96875	 Loss: -0.05843694135546684
Step: 8667136	Mean reward: 21.75	 Loss: -0.1186399757862091
Step: 8675328	Mean reward: 22.96875	 Loss: -0.02634931355714798
Step: 8683520	Mean reward: 21.34375	 Loss: -0.07878711074590683
Step: 8691712	Mean reward: 20.65625	 Loss: 0.02522929385304451
Step: 8699904	Mean reward: 21.5625	 Loss: -0.014937975443899632
Step: 8708096	Mean reward: 21.6875	 Loss: -0.013263443484902382
Step: 8716288	Mean reward: 22.4375	 Loss: 0.0019314354285597801
Step: 8724480	Mean reward: 21.375	 Loss: -0.03618670254945755
Step: 8732672	Mean reward: 20.34375	 Loss: -0.05515730753540993
Step: 8740864	Mean reward: 21.28125	 Loss: -0.055286820977926254
Step: 8749056	Mean reward: 20.5625	 Loss: -0.07967589795589447
Step: 8757248	Mean reward: 21.34375	 Loss: -0.007874906994402409
Step: 8765440	Mean reward: 21.53125	 Loss: -0.047726862132549286
Step: 8773632	Mean reward: 23.28125	 Loss: -0.01051577739417553
Step: 8781824	Mean reward: 21.46875	 Loss: -0.09394664317369461
Step: 8790016	Mean reward: 21.8125	 Loss: -0.03829912096261978
Step: 8798208	Mean reward: 21.0	 Loss: -0.03846262767910957
Step: 8806400	Mean reward: 22.90625	 Loss: -0.01593971997499466
Step: 8814592	Mean reward: 22.21875	 Loss: -0.02581102028489113
Step: 8822784	Mean reward: 21.75	 Loss: -0.03879726305603981
Step: 8830976	Mean reward: 23.59375	 Loss: -0.03106014057993889
Step: 8839168	Mean reward: 21.40625	 Loss: -0.07845650613307953
Step: 8847360	Mean reward: 22.375	 Loss: -0.06979455798864365
Step: 8855552	Mean reward: 22.3125	 Loss: 0.03538040071725845
Step: 8863744	Mean reward: 20.34375	 Loss: -0.015104584395885468
Step: 8871936	Mean reward: 21.8125	 Loss: -0.07335253059864044
Step: 8880128	Mean reward: 21.875	 Loss: -0.04898490011692047
Step: 8888320	Mean reward: 22.5625	 Loss: 0.04741968214511871
Step: 8896512	Mean reward: 20.5625	 Loss: -0.07166989147663116
Step: 8904704	Mean reward: 20.5625	 Loss: -0.057647954672575
Step: 8912896	Mean reward: 21.34375	 Loss: -0.03385176509618759
Step: 8921088	Mean reward: 21.25	 Loss: 0.014136197976768017
Step: 8929280	Mean reward: 21.65625	 Loss: -0.08214379101991653
Step: 8937472	Mean reward: 24.09375	 Loss: 0.007166509982198477
Step: 8945664	Mean reward: 21.40625	 Loss: -0.03467858210206032
Step: 8953856	Mean reward: 21.875	 Loss: 0.01665099337697029
Step: 8962048	Mean reward: 22.625	 Loss: -0.0062302895821630955
Step: 8970240	Mean reward: 20.8125	 Loss: -0.03253425657749176
Step: 8978432	Mean reward: 22.28125	 Loss: -0.021148264408111572
Step: 8986624	Mean reward: 21.15625	 Loss: -0.02987663261592388
Step: 8994816	Mean reward: 23.71875	 Loss: -0.036662083119153976
Step: 9003008	Mean reward: 23.21875	 Loss: -0.11342092603445053
Completed training at 2021-12-06 20:52:04