Training IMPALA 2 with the following parameter dict:
{'total_steps': 3000000.0, 'num_envs': 32, 'num_steps': 256, 'num_levels': 200, 'num_epochs': 3, 'batch_size': 512, 'eps': 0.2, 'grad_eps': 0.5, 'value_coef': 0.5, 'entropy_coef': 0.01, 'c1': 0.5, 'c2': 0.01, 'num_actions': 15, 'in_channels': 3, 'feature_dim': 64, 'env_name': 'starpilot', 'use_background': False}
non stabilized impala with resets
500 levels
Observation space: Box([[[0. 0. 0. ... 0. 0. 0.]
  [0. 0. 0. ... 0. 0. 0.]
  [0. 0. 0. ... 0. 0. 0.]
  ...
  [0. 0. 0. ... 0. 0. 0.]
  [0. 0. 0. ... 0. 0. 0.]
  [0. 0. 0. ... 0. 0. 0.]]

 [[0. 0. 0. ... 0. 0. 0.]
  [0. 0. 0. ... 0. 0. 0.]
  [0. 0. 0. ... 0. 0. 0.]
  ...
  [0. 0. 0. ... 0. 0. 0.]
  [0. 0. 0. ... 0. 0. 0.]
  [0. 0. 0. ... 0. 0. 0.]]

 [[0. 0. 0. ... 0. 0. 0.]
  [0. 0. 0. ... 0. 0. 0.]
  [0. 0. 0. ... 0. 0. 0.]
  ...
  [0. 0. 0. ... 0. 0. 0.]
  [0. 0. 0. ... 0. 0. 0.]
  [0. 0. 0. ... 0. 0. 0.]]], [[[1. 1. 1. ... 1. 1. 1.]
  [1. 1. 1. ... 1. 1. 1.]
  [1. 1. 1. ... 1. 1. 1.]
  ...
  [1. 1. 1. ... 1. 1. 1.]
  [1. 1. 1. ... 1. 1. 1.]
  [1. 1. 1. ... 1. 1. 1.]]

 [[1. 1. 1. ... 1. 1. 1.]
  [1. 1. 1. ... 1. 1. 1.]
  [1. 1. 1. ... 1. 1. 1.]
  ...
  [1. 1. 1. ... 1. 1. 1.]
  [1. 1. 1. ... 1. 1. 1.]
  [1. 1. 1. ... 1. 1. 1.]]

 [[1. 1. 1. ... 1. 1. 1.]
  [1. 1. 1. ... 1. 1. 1.]
  [1. 1. 1. ... 1. 1. 1.]
  ...
  [1. 1. 1. ... 1. 1. 1.]
  [1. 1. 1. ... 1. 1. 1.]
  [1. 1. 1. ... 1. 1. 1.]]], (3, 64, 64), float32)
Action space: 15
Step: 8192	Mean reward: 4.9375	 Loss: 0.28334084153175354
Step: 16384	Mean reward: 4.15625	 Loss: 0.033275097608566284
Step: 24576	Mean reward: 4.875	 Loss: -0.009298386052250862
Step: 32768	Mean reward: 5.25	 Loss: 0.014958575367927551
Step: 40960	Mean reward: 5.3125	 Loss: -0.025362428277730942
Step: 49152	Mean reward: 5.03125	 Loss: 0.01668405905365944
Step: 57344	Mean reward: 5.0	 Loss: 0.06722070276737213
Step: 65536	Mean reward: 5.3125	 Loss: 0.001534193754196167
Step: 73728	Mean reward: 5.90625	 Loss: -0.010463081300258636
Step: 81920	Mean reward: 5.8125	 Loss: 0.03060653619468212
Step: 90112	Mean reward: 4.78125	 Loss: 0.019219690933823586
Step: 98304	Mean reward: 6.375	 Loss: 0.01864471472799778
Step: 106496	Mean reward: 6.9375	 Loss: 0.03513944149017334
Step: 114688	Mean reward: 6.0625	 Loss: 0.06401035189628601
Step: 122880	Mean reward: 5.625	 Loss: 0.028162337839603424
Step: 131072	Mean reward: 6.34375	 Loss: 0.0612008273601532
Step: 139264	Mean reward: 7.15625	 Loss: -0.024838054552674294
Step: 147456	Mean reward: 7.25	 Loss: -0.034497328102588654
Step: 155648	Mean reward: 6.96875	 Loss: -0.00934857688844204
Step: 163840	Mean reward: 6.25	 Loss: -0.07982910424470901
Step: 172032	Mean reward: 6.21875	 Loss: 0.020934754982590675
Step: 180224	Mean reward: 6.125	 Loss: -0.011032430455088615
Step: 188416	Mean reward: 6.375	 Loss: -0.02808639034628868
Step: 196608	Mean reward: 6.875	 Loss: -0.016537750139832497
Step: 204800	Mean reward: 7.1875	 Loss: 0.025505775585770607
Step: 212992	Mean reward: 7.5	 Loss: -0.0008854903280735016
Step: 221184	Mean reward: 7.96875	 Loss: -0.05448102205991745
Step: 229376	Mean reward: 6.625	 Loss: 0.031995754688978195
Step: 237568	Mean reward: 7.28125	 Loss: 0.0488831102848053
Step: 245760	Mean reward: 7.75	 Loss: 0.006495680660009384
Step: 253952	Mean reward: 7.90625	 Loss: 0.03041648119688034
Step: 262144	Mean reward: 6.625	 Loss: -0.013645211234688759
Step: 270336	Mean reward: 8.9375	 Loss: 0.03607340157032013
Step: 278528	Mean reward: 7.46875	 Loss: -0.02984820492565632
Step: 286720	Mean reward: 8.03125	 Loss: -0.019111404195427895
Step: 294912	Mean reward: 8.25	 Loss: -0.023259509354829788
Step: 303104	Mean reward: 7.90625	 Loss: -0.035657767206430435
Step: 311296	Mean reward: 8.9375	 Loss: 0.007794199511408806
Step: 319488	Mean reward: 7.96875	 Loss: 0.03911219537258148
Step: 327680	Mean reward: 8.75	 Loss: -0.058371901512145996
Step: 335872	Mean reward: 8.9375	 Loss: -0.01239154115319252
Step: 344064	Mean reward: 9.09375	 Loss: -0.016146181151270866
Step: 352256	Mean reward: 9.90625	 Loss: 0.00014909543097019196
Step: 360448	Mean reward: 8.65625	 Loss: -0.05813944339752197
Step: 368640	Mean reward: 10.125	 Loss: -0.03338675945997238
Step: 376832	Mean reward: 8.96875	 Loss: -0.023900531232357025
Step: 385024	Mean reward: 8.4375	 Loss: -0.0899733155965805
Step: 393216	Mean reward: 8.1875	 Loss: 0.017838189378380775
Step: 401408	Mean reward: 8.5	 Loss: -0.04283081740140915
Step: 409600	Mean reward: 9.0	 Loss: -0.04560398682951927
Step: 417792	Mean reward: 8.8125	 Loss: -0.02523709461092949
Step: 425984	Mean reward: 9.25	 Loss: -0.01484670303761959
Step: 434176	Mean reward: 9.125	 Loss: -0.06663261353969574
Step: 442368	Mean reward: 9.78125	 Loss: 0.0007831491529941559
Step: 450560	Mean reward: 8.875	 Loss: -0.05945952236652374
Step: 458752	Mean reward: 9.0625	 Loss: 0.0745071992278099
Step: 466944	Mean reward: 8.96875	 Loss: -0.12433034181594849
Step: 475136	Mean reward: 9.84375	 Loss: -0.04417746141552925
Step: 483328	Mean reward: 10.3125	 Loss: -0.04338422417640686
Step: 491520	Mean reward: 9.0	 Loss: -0.001334693282842636
Step: 499712	Mean reward: 10.8125	 Loss: -0.053227197378873825
Step: 507904	Mean reward: 9.09375	 Loss: -0.019493132829666138
Step: 516096	Mean reward: 9.15625	 Loss: 0.006824955344200134
Step: 524288	Mean reward: 11.0625	 Loss: -0.02017749845981598
Step: 532480	Mean reward: 10.875	 Loss: -0.00782020203769207
Step: 540672	Mean reward: 11.09375	 Loss: -0.07317466288805008
Step: 548864	Mean reward: 10.6875	 Loss: -0.02002672106027603
Step: 557056	Mean reward: 10.5	 Loss: 0.05015207827091217
Step: 565248	Mean reward: 9.5	 Loss: -0.04505891725420952
Step: 573440	Mean reward: 11.125	 Loss: 0.011264720931649208
Step: 581632	Mean reward: 11.15625	 Loss: -0.00660296157002449
Step: 589824	Mean reward: 11.4375	 Loss: -0.027011537924408913
Step: 598016	Mean reward: 10.9375	 Loss: 0.036404047161340714
Step: 606208	Mean reward: 11.96875	 Loss: -0.007225072011351585
Step: 614400	Mean reward: 10.84375	 Loss: -0.00925510935485363
Step: 622592	Mean reward: 11.1875	 Loss: -0.03411529213190079
Step: 630784	Mean reward: 11.875	 Loss: -0.011628998443484306
Step: 638976	Mean reward: 12.1875	 Loss: -0.04753301292657852
Step: 647168	Mean reward: 11.40625	 Loss: -0.06699676811695099
Step: 655360	Mean reward: 12.125	 Loss: -3.0180439352989197e-05
Step: 663552	Mean reward: 11.15625	 Loss: -0.13399460911750793
Step: 671744	Mean reward: 11.125	 Loss: 0.0006344467401504517
Step: 679936	Mean reward: 11.71875	 Loss: -0.08141038566827774
Step: 688128	Mean reward: 11.75	 Loss: -0.04090144857764244
Step: 696320	Mean reward: 12.09375	 Loss: -0.0434463694691658
Step: 704512	Mean reward: 10.59375	 Loss: -0.05093325674533844
Step: 712704	Mean reward: 10.78125	 Loss: -0.023058731108903885
Step: 720896	Mean reward: 11.25	 Loss: -0.04232019558548927
Step: 729088	Mean reward: 11.0	 Loss: -0.0042601656168699265
Step: 737280	Mean reward: 11.78125	 Loss: -0.08622168004512787
Step: 745472	Mean reward: 13.0625	 Loss: -0.06126398593187332
Step: 753664	Mean reward: 13.84375	 Loss: 0.01138039119541645
Step: 761856	Mean reward: 13.625	 Loss: -0.06718791276216507
Step: 770048	Mean reward: 12.53125	 Loss: 0.012643476948142052
Step: 778240	Mean reward: 13.75	 Loss: -0.07402575016021729
Step: 786432	Mean reward: 12.15625	 Loss: -0.00046196021139621735
Step: 794624	Mean reward: 14.3125	 Loss: 0.027457892894744873
Step: 802816	Mean reward: 14.3125	 Loss: -0.015079911798238754
Step: 811008	Mean reward: 13.125	 Loss: -0.06732562184333801
Step: 819200	Mean reward: 12.09375	 Loss: -0.03673962876200676
Step: 827392	Mean reward: 12.125	 Loss: -0.11074308305978775
Step: 835584	Mean reward: 14.21875	 Loss: -0.029363403096795082
Step: 843776	Mean reward: 11.75	 Loss: 0.014335829764604568
Step: 851968	Mean reward: 13.4375	 Loss: 0.09342565387487411
Step: 860160	Mean reward: 13.46875	 Loss: -0.04692450538277626
Step: 868352	Mean reward: 12.15625	 Loss: 0.0009268913418054581
Step: 876544	Mean reward: 13.09375	 Loss: -0.08902864158153534
Step: 884736	Mean reward: 13.25	 Loss: -0.10765542089939117
Step: 892928	Mean reward: 12.40625	 Loss: -0.07632599771022797
Step: 901120	Mean reward: 13.21875	 Loss: -0.04487781226634979
Step: 909312	Mean reward: 13.46875	 Loss: -0.06857463717460632
Step: 917504	Mean reward: 12.40625	 Loss: -0.015481328591704369
Step: 925696	Mean reward: 13.125	 Loss: -0.02202315255999565
Step: 933888	Mean reward: 13.84375	 Loss: 0.004039347171783447
Step: 942080	Mean reward: 13.53125	 Loss: -0.014738557860255241
Step: 950272	Mean reward: 12.96875	 Loss: -0.03275606036186218
Step: 958464	Mean reward: 14.1875	 Loss: -0.06762255728244781
Step: 966656	Mean reward: 12.28125	 Loss: -0.012484245002269745
Step: 974848	Mean reward: 11.71875	 Loss: 0.009961346164345741
Step: 983040	Mean reward: 15.1875	 Loss: 0.05894099175930023
Step: 991232	Mean reward: 12.84375	 Loss: -0.03480339050292969
Step: 999424	Mean reward: 13.3125	 Loss: -0.03167683631181717
Step: 1007616	Mean reward: 14.34375	 Loss: 0.024752415716648102
Step: 1015808	Mean reward: 13.5625	 Loss: -0.14342989027500153
Step: 1024000	Mean reward: 13.0625	 Loss: -0.03654932975769043
Step: 1032192	Mean reward: 13.96875	 Loss: 0.0037985965609550476
Step: 1040384	Mean reward: 14.90625	 Loss: -0.0036185383796691895
Step: 1048576	Mean reward: 14.03125	 Loss: -0.017656400799751282
Step: 1056768	Mean reward: 12.875	 Loss: -0.04766279086470604
Step: 1064960	Mean reward: 14.5625	 Loss: -0.0319194570183754
Step: 1073152	Mean reward: 14.5625	 Loss: -0.0678153932094574
Step: 1081344	Mean reward: 14.71875	 Loss: -0.019626997411251068
Step: 1089536	Mean reward: 14.0	 Loss: -0.05235806107521057
Step: 1097728	Mean reward: 13.5625	 Loss: -0.10041679441928864
Step: 1105920	Mean reward: 13.53125	 Loss: -0.1675594598054886
Step: 1114112	Mean reward: 14.8125	 Loss: -0.028149865567684174
Step: 1122304	Mean reward: 15.5	 Loss: 0.003759896382689476
Step: 1130496	Mean reward: 16.0	 Loss: -0.040963076055049896
Step: 1138688	Mean reward: 16.09375	 Loss: 0.0028124209493398666
Step: 1146880	Mean reward: 14.59375	 Loss: -0.05497530847787857
Step: 1155072	Mean reward: 14.6875	 Loss: -0.011911487206816673
Step: 1163264	Mean reward: 15.75	 Loss: -0.08343324065208435
Step: 1171456	Mean reward: 15.28125	 Loss: -0.06895074248313904
Step: 1179648	Mean reward: 13.40625	 Loss: -0.06312787532806396
Step: 1187840	Mean reward: 15.5625	 Loss: -0.02741510234773159
Step: 1196032	Mean reward: 14.03125	 Loss: -0.08804818987846375
Step: 1204224	Mean reward: 15.25	 Loss: -0.05788865312933922
Step: 1212416	Mean reward: 15.40625	 Loss: -0.02385781891644001
Step: 1220608	Mean reward: 13.5625	 Loss: -0.01076257973909378
Step: 1228800	Mean reward: 14.75	 Loss: -0.0944577306509018
Step: 1236992	Mean reward: 13.46875	 Loss: -0.13603486120700836
Step: 1245184	Mean reward: 14.71875	 Loss: 0.03833523392677307
Step: 1253376	Mean reward: 14.625	 Loss: -0.062203504145145416
Step: 1261568	Mean reward: 14.375	 Loss: -0.04106993228197098
Step: 1269760	Mean reward: 13.78125	 Loss: -0.10321628302335739
Step: 1277952	Mean reward: 14.96875	 Loss: -0.06593315303325653
Step: 1286144	Mean reward: 14.34375	 Loss: -0.032609231770038605
Step: 1294336	Mean reward: 16.40625	 Loss: -0.022103579714894295
Step: 1302528	Mean reward: 16.0625	 Loss: -0.06279944628477097
Step: 1310720	Mean reward: 14.28125	 Loss: -0.05707254633307457
Step: 1318912	Mean reward: 13.4375	 Loss: -0.06729532033205032
Step: 1327104	Mean reward: 12.3125	 Loss: -0.08588909357786179
Step: 1335296	Mean reward: 14.59375	 Loss: -0.04896918311715126
Step: 1343488	Mean reward: 13.71875	 Loss: -0.0680316910147667
Step: 1351680	Mean reward: 14.375	 Loss: -0.038169555366039276
Step: 1359872	Mean reward: 15.21875	 Loss: -0.018876444548368454
Step: 1368064	Mean reward: 14.75	 Loss: 0.021293839439749718
Step: 1376256	Mean reward: 13.75	 Loss: -0.05892153084278107
Step: 1384448	Mean reward: 14.25	 Loss: 0.00929892435669899
Step: 1392640	Mean reward: 15.15625	 Loss: 0.007767023518681526
Step: 1400832	Mean reward: 15.03125	 Loss: -0.000968296080827713
Step: 1409024	Mean reward: 15.03125	 Loss: -0.03154267370700836
Step: 1417216	Mean reward: 15.5	 Loss: 0.012637418694794178
Step: 1425408	Mean reward: 15.1875	 Loss: -0.0372755192220211
Step: 1433600	Mean reward: 15.53125	 Loss: -0.030372507870197296
Step: 1441792	Mean reward: 14.28125	 Loss: -0.07660587131977081
Step: 1449984	Mean reward: 17.0	 Loss: -0.008087344467639923
Step: 1458176	Mean reward: 14.90625	 Loss: -0.06540091335773468
Step: 1466368	Mean reward: 14.09375	 Loss: -0.07255429029464722
Step: 1474560	Mean reward: 13.375	 Loss: -0.11682689934968948
Step: 1482752	Mean reward: 15.125	 Loss: -0.07585372775793076
Step: 1490944	Mean reward: 15.4375	 Loss: -0.05065201595425606
Step: 1499136	Mean reward: 16.40625	 Loss: -0.04137473180890083
Step: 1507328	Mean reward: 14.5625	 Loss: -0.030419420450925827
Step: 1515520	Mean reward: 17.0625	 Loss: -0.027217259630560875
Step: 1523712	Mean reward: 15.8125	 Loss: -0.07139701396226883
Step: 1531904	Mean reward: 15.78125	 Loss: 0.007136811502277851
Step: 1540096	Mean reward: 16.46875	 Loss: -0.01980891451239586
Step: 1548288	Mean reward: 16.5	 Loss: -0.015240968205034733
Step: 1556480	Mean reward: 17.6875	 Loss: -0.10694758594036102
Step: 1564672	Mean reward: 15.4375	 Loss: 0.06096982583403587
Step: 1572864	Mean reward: 16.6875	 Loss: -0.02875671163201332
Step: 1581056	Mean reward: 16.34375	 Loss: -0.02081070840358734
Step: 1589248	Mean reward: 16.46875	 Loss: -0.08177550137042999
Step: 1597440	Mean reward: 16.21875	 Loss: -0.1454840898513794
Step: 1605632	Mean reward: 16.375	 Loss: -0.020736051723361015
Step: 1613824	Mean reward: 15.96875	 Loss: -0.06618879735469818
Step: 1622016	Mean reward: 16.40625	 Loss: -0.008310798555612564
Step: 1630208	Mean reward: 14.8125	 Loss: 0.025288574397563934
Step: 1638400	Mean reward: 15.3125	 Loss: -0.04270985722541809
Step: 1646592	Mean reward: 15.71875	 Loss: -0.0896170437335968
Step: 1654784	Mean reward: 16.8125	 Loss: -0.03746248781681061
Step: 1662976	Mean reward: 15.90625	 Loss: 0.015159920789301395
Step: 1671168	Mean reward: 16.40625	 Loss: -0.057634685188531876
Step: 1679360	Mean reward: 15.84375	 Loss: -0.027255406603217125
Step: 1687552	Mean reward: 16.71875	 Loss: -0.03577927500009537
Step: 1695744	Mean reward: 16.21875	 Loss: 0.01550307311117649
Step: 1703936	Mean reward: 15.875	 Loss: -0.055855412036180496
Step: 1712128	Mean reward: 16.375	 Loss: -0.03721343353390694
Step: 1720320	Mean reward: 16.375	 Loss: -0.08909836411476135
Step: 1728512	Mean reward: 16.125	 Loss: -0.06609195470809937
Step: 1736704	Mean reward: 15.0	 Loss: -0.09187351167201996
Step: 1744896	Mean reward: 16.3125	 Loss: -0.022405944764614105
Step: 1753088	Mean reward: 15.65625	 Loss: -0.14843136072158813
Step: 1761280	Mean reward: 15.0625	 Loss: -0.05465204268693924
Step: 1769472	Mean reward: 15.46875	 Loss: -0.10671750456094742
Step: 1777664	Mean reward: 16.90625	 Loss: 0.000577523373067379
Step: 1785856	Mean reward: 14.59375	 Loss: 0.036115750670433044
Step: 1794048	Mean reward: 16.75	 Loss: 0.003239002078771591
Step: 1802240	Mean reward: 16.4375	 Loss: -0.02465205267071724
Step: 1810432	Mean reward: 16.3125	 Loss: -0.04098553583025932
Step: 1818624	Mean reward: 15.84375	 Loss: -0.01107102446258068
Step: 1826816	Mean reward: 16.46875	 Loss: -0.08462633937597275
Step: 1835008	Mean reward: 15.0625	 Loss: 0.11019857972860336
Step: 1843200	Mean reward: 16.0	 Loss: -0.017037758603692055
Step: 1851392	Mean reward: 16.65625	 Loss: -0.00980520248413086
Step: 1859584	Mean reward: 16.75	 Loss: -0.09049955755472183
Step: 1867776	Mean reward: 16.90625	 Loss: 0.06564954668283463
Step: 1875968	Mean reward: 17.25	 Loss: -0.007334460504353046
Step: 1884160	Mean reward: 15.0625	 Loss: -0.07782414555549622
Step: 1892352	Mean reward: 17.03125	 Loss: 0.0010896334424614906
Step: 1900544	Mean reward: 16.6875	 Loss: -0.04316193237900734
Step: 1908736	Mean reward: 17.46875	 Loss: -0.011604304425418377
Step: 1916928	Mean reward: 16.40625	 Loss: -0.09949377179145813
Step: 1925120	Mean reward: 15.21875	 Loss: -0.07463949173688889
Step: 1933312	Mean reward: 16.65625	 Loss: 0.05772826075553894
Step: 1941504	Mean reward: 16.34375	 Loss: -0.0533423013985157
Step: 1949696	Mean reward: 15.875	 Loss: 0.0115350978448987
Step: 1957888	Mean reward: 16.8125	 Loss: 0.011518941260874271
Step: 1966080	Mean reward: 14.5625	 Loss: -0.0333029069006443
Step: 1974272	Mean reward: 15.5	 Loss: -0.09148494899272919
Step: 1982464	Mean reward: 15.4375	 Loss: -0.12867513298988342
Step: 1990656	Mean reward: 14.21875	 Loss: -0.08547793328762054
Step: 1998848	Mean reward: 15.53125	 Loss: 0.024588920176029205
Step: 2007040	Mean reward: 15.5	 Loss: -0.03323214873671532
Step: 2015232	Mean reward: 16.03125	 Loss: -0.1818588376045227
Step: 2023424	Mean reward: 16.1875	 Loss: -0.07776281237602234
Step: 2031616	Mean reward: 15.8125	 Loss: -0.02884925715625286
Step: 2039808	Mean reward: 15.46875	 Loss: -0.05849443003535271
Step: 2048000	Mean reward: 16.9375	 Loss: 0.05498350039124489
Step: 2056192	Mean reward: 16.8125	 Loss: -0.031618181616067886
Step: 2064384	Mean reward: 17.15625	 Loss: -0.045416805893182755
Step: 2072576	Mean reward: 16.625	 Loss: -0.045932430773973465
Step: 2080768	Mean reward: 17.0625	 Loss: -0.11853302270174026
Step: 2088960	Mean reward: 16.0	 Loss: -0.019223511219024658
Step: 2097152	Mean reward: 18.28125	 Loss: -0.0785176008939743
Step: 2105344	Mean reward: 16.21875	 Loss: -0.058191969990730286
Step: 2113536	Mean reward: 17.25	 Loss: 0.014369616284966469
Step: 2121728	Mean reward: 15.59375	 Loss: -0.033420972526073456
Step: 2129920	Mean reward: 18.21875	 Loss: -0.1146375834941864
Step: 2138112	Mean reward: 16.125	 Loss: -0.06443193554878235
Step: 2146304	Mean reward: 17.625	 Loss: -0.1383242905139923
Step: 2154496	Mean reward: 17.8125	 Loss: -0.06499641388654709
Step: 2162688	Mean reward: 16.90625	 Loss: -0.031673889607191086
Step: 2170880	Mean reward: 16.875	 Loss: -0.057081397622823715
Step: 2179072	Mean reward: 17.78125	 Loss: -0.10333967208862305
Step: 2187264	Mean reward: 16.75	 Loss: -0.07677462697029114
Step: 2195456	Mean reward: 16.1875	 Loss: -0.007917013950645924
Step: 2203648	Mean reward: 14.75	 Loss: -0.011667751707136631
Step: 2211840	Mean reward: 17.0625	 Loss: -0.07725220173597336
Step: 2220032	Mean reward: 15.40625	 Loss: -0.07200716435909271
Step: 2228224	Mean reward: 17.625	 Loss: -0.0938536748290062
Step: 2236416	Mean reward: 16.9375	 Loss: -0.06413443386554718
Step: 2244608	Mean reward: 17.8125	 Loss: -0.025307735428214073
Step: 2252800	Mean reward: 15.46875	 Loss: -0.13112518191337585
Step: 2260992	Mean reward: 17.46875	 Loss: -0.04194419085979462
Step: 2269184	Mean reward: 17.0625	 Loss: -0.005416399799287319
Step: 2277376	Mean reward: 17.125	 Loss: -0.04066460207104683
Step: 2285568	Mean reward: 14.875	 Loss: 0.007648422382771969
Step: 2293760	Mean reward: 14.96875	 Loss: -0.07870371639728546
Step: 2301952	Mean reward: 15.03125	 Loss: -0.02352800965309143
Step: 2310144	Mean reward: 18.53125	 Loss: -0.039563585072755814
Step: 2318336	Mean reward: 17.125	 Loss: -0.05976703390479088
Step: 2326528	Mean reward: 15.71875	 Loss: -0.04200472682714462
Step: 2334720	Mean reward: 16.875	 Loss: 0.014986520633101463
Step: 2342912	Mean reward: 17.125	 Loss: -0.005878327414393425
Step: 2351104	Mean reward: 16.0625	 Loss: -0.016598083078861237
Step: 2359296	Mean reward: 18.0625	 Loss: -0.04860536754131317
Step: 2367488	Mean reward: 17.34375	 Loss: -0.050653502345085144
Step: 2375680	Mean reward: 17.59375	 Loss: -0.01935703307390213
Step: 2383872	Mean reward: 16.5	 Loss: -0.01783493533730507
Step: 2392064	Mean reward: 16.71875	 Loss: -0.08941495418548584
Step: 2400256	Mean reward: 15.625	 Loss: -0.012468283995985985
Step: 2408448	Mean reward: 16.40625	 Loss: -0.06174849718809128
Step: 2416640	Mean reward: 17.3125	 Loss: -0.029286252334713936
Step: 2424832	Mean reward: 16.1875	 Loss: -0.03810031712055206
Step: 2433024	Mean reward: 16.5625	 Loss: -0.028731802478432655
Step: 2441216	Mean reward: 18.875	 Loss: -0.13160569965839386
Step: 2449408	Mean reward: 15.09375	 Loss: -0.09004076570272446
Step: 2457600	Mean reward: 15.65625	 Loss: -0.07567228376865387
Step: 2465792	Mean reward: 17.09375	 Loss: -0.021408936008810997
Step: 2473984	Mean reward: 17.90625	 Loss: -0.05260217934846878
Step: 2482176	Mean reward: 17.8125	 Loss: 0.01954934373497963
Step: 2490368	Mean reward: 16.9375	 Loss: -0.01770070753991604
Step: 2498560	Mean reward: 16.96875	 Loss: -0.049072232097387314
Step: 2506752	Mean reward: 17.71875	 Loss: -0.004972025752067566
Step: 2514944	Mean reward: 16.75	 Loss: -0.024439817294478416
Step: 2523136	Mean reward: 18.21875	 Loss: -0.12302540987730026
Step: 2531328	Mean reward: 16.375	 Loss: -0.0717136412858963
Step: 2539520	Mean reward: 16.5625	 Loss: 0.02782008796930313
Step: 2547712	Mean reward: 16.875	 Loss: -0.051048003137111664
Step: 2555904	Mean reward: 17.625	 Loss: -0.04944945126771927
Step: 2564096	Mean reward: 18.75	 Loss: 0.005447067320346832
Step: 2572288	Mean reward: 17.15625	 Loss: -0.07877229899168015
Step: 2580480	Mean reward: 20.21875	 Loss: 0.03772605583071709
Step: 2588672	Mean reward: 19.09375	 Loss: -0.06713856011629105
Step: 2596864	Mean reward: 18.65625	 Loss: 0.04806044325232506
Step: 2605056	Mean reward: 16.9375	 Loss: -0.07480710744857788
Step: 2613248	Mean reward: 18.46875	 Loss: 0.018589839339256287
Step: 2621440	Mean reward: 18.78125	 Loss: -0.00013224035501480103
Step: 2629632	Mean reward: 19.15625	 Loss: -0.0369960255920887
Step: 2637824	Mean reward: 18.375	 Loss: -0.0562959760427475
Step: 2646016	Mean reward: 18.5	 Loss: -0.027249205857515335
Step: 2654208	Mean reward: 17.34375	 Loss: -0.05821708217263222
Step: 2662400	Mean reward: 17.8125	 Loss: -0.005250538699328899
Step: 2670592	Mean reward: 18.34375	 Loss: -0.02325490489602089
Step: 2678784	Mean reward: 17.9375	 Loss: 0.03630997985601425
Step: 2686976	Mean reward: 18.75	 Loss: -0.05574236437678337
Step: 2695168	Mean reward: 18.4375	 Loss: -0.06791263073682785
Step: 2703360	Mean reward: 19.03125	 Loss: -0.047709256410598755
Step: 2711552	Mean reward: 18.5	 Loss: -0.054794665426015854
Step: 2719744	Mean reward: 18.125	 Loss: 0.02905554138123989
Step: 2727936	Mean reward: 17.09375	 Loss: -0.06053130328655243
Step: 2736128	Mean reward: 16.78125	 Loss: -0.076023168861866
Step: 2744320	Mean reward: 18.15625	 Loss: -0.017513804137706757
Step: 2752512	Mean reward: 18.125	 Loss: -0.07564999908208847
Step: 2760704	Mean reward: 17.875	 Loss: 0.0049245310947299
Step: 2768896	Mean reward: 17.21875	 Loss: 0.025824613869190216
Step: 2777088	Mean reward: 17.9375	 Loss: -0.055115707218647
Step: 2785280	Mean reward: 17.1875	 Loss: -0.03641115128993988
Step: 2793472	Mean reward: 20.53125	 Loss: -0.10548825562000275
Step: 2801664	Mean reward: 17.9375	 Loss: -0.0759744644165039
Step: 2809856	Mean reward: 17.84375	 Loss: 0.07322420179843903
Step: 2818048	Mean reward: 19.59375	 Loss: -0.06492678821086884
Step: 2826240	Mean reward: 20.1875	 Loss: -0.030164817348122597
Step: 2834432	Mean reward: 18.375	 Loss: 0.013120507821440697
Step: 2842624	Mean reward: 16.40625	 Loss: -0.09704730659723282
Step: 2850816	Mean reward: 18.46875	 Loss: -0.015176018700003624
Step: 2859008	Mean reward: 18.65625	 Loss: -0.04749540984630585
Step: 2867200	Mean reward: 18.9375	 Loss: -0.012203102931380272
Step: 2875392	Mean reward: 18.875	 Loss: -0.05432184040546417
Step: 2883584	Mean reward: 18.28125	 Loss: -0.10762178897857666
Step: 2891776	Mean reward: 19.25	 Loss: 0.0033313874155282974
Step: 2899968	Mean reward: 20.40625	 Loss: 0.008137893863022327
Step: 2908160	Mean reward: 17.84375	 Loss: -0.11602669209241867
Step: 2916352	Mean reward: 19.5	 Loss: 0.018825426697731018
Step: 2924544	Mean reward: 19.1875	 Loss: 0.028564348816871643
Step: 2932736	Mean reward: 17.9375	 Loss: 0.018004246056079865
Step: 2940928	Mean reward: 18.34375	 Loss: 0.036154378205537796
Step: 2949120	Mean reward: 18.5625	 Loss: 0.02407892420887947
Step: 2957312	Mean reward: 17.84375	 Loss: -0.024915842339396477
Step: 2965504	Mean reward: 18.28125	 Loss: -0.05928843468427658
Step: 2973696	Mean reward: 19.09375	 Loss: -0.06472035497426987
Step: 2981888	Mean reward: 16.8125	 Loss: 0.004549914039671421
Step: 2990080	Mean reward: 18.8125	 Loss: -0.0076433951035141945
Step: 2998272	Mean reward: 19.125	 Loss: -0.07649212330579758
Step: 3006464	Mean reward: 18.15625	 Loss: -0.07558432221412659
Completed training at 2021-12-07 14:18:20
Observation space: Box([[[0. 0. 0. ... 0. 0. 0.]
  [0. 0. 0. ... 0. 0. 0.]
  [0. 0. 0. ... 0. 0. 0.]
  ...
  [0. 0. 0. ... 0. 0. 0.]
  [0. 0. 0. ... 0. 0. 0.]
  [0. 0. 0. ... 0. 0. 0.]]

 [[0. 0. 0. ... 0. 0. 0.]
  [0. 0. 0. ... 0. 0. 0.]
  [0. 0. 0. ... 0. 0. 0.]
  ...
  [0. 0. 0. ... 0. 0. 0.]
  [0. 0. 0. ... 0. 0. 0.]
  [0. 0. 0. ... 0. 0. 0.]]

 [[0. 0. 0. ... 0. 0. 0.]
  [0. 0. 0. ... 0. 0. 0.]
  [0. 0. 0. ... 0. 0. 0.]
  ...
  [0. 0. 0. ... 0. 0. 0.]
  [0. 0. 0. ... 0. 0. 0.]
  [0. 0. 0. ... 0. 0. 0.]]], [[[1. 1. 1. ... 1. 1. 1.]
  [1. 1. 1. ... 1. 1. 1.]
  [1. 1. 1. ... 1. 1. 1.]
  ...
  [1. 1. 1. ... 1. 1. 1.]
  [1. 1. 1. ... 1. 1. 1.]
  [1. 1. 1. ... 1. 1. 1.]]

 [[1. 1. 1. ... 1. 1. 1.]
  [1. 1. 1. ... 1. 1. 1.]
  [1. 1. 1. ... 1. 1. 1.]
  ...
  [1. 1. 1. ... 1. 1. 1.]
  [1. 1. 1. ... 1. 1. 1.]
  [1. 1. 1. ... 1. 1. 1.]]

 [[1. 1. 1. ... 1. 1. 1.]
  [1. 1. 1. ... 1. 1. 1.]
  [1. 1. 1. ... 1. 1. 1.]
  ...
  [1. 1. 1. ... 1. 1. 1.]
  [1. 1. 1. ... 1. 1. 1.]
  [1. 1. 1. ... 1. 1. 1.]]], (3, 64, 64), float32)
Action space: 15
Step: 8192	Mean reward: 4.9375	 Loss: 0.4970512092113495
Step: 16384	Mean reward: 4.4375	 Loss: 0.14093908667564392
Step: 24576	Mean reward: 5.21875	 Loss: 0.06709454953670502
Step: 32768	Mean reward: 6.375	 Loss: 0.024878043681383133
Step: 40960	Mean reward: 7.875	 Loss: 0.0485292486846447
Step: 49152	Mean reward: 7.9375	 Loss: 0.041273556649684906
Step: 57344	Mean reward: 7.34375	 Loss: 0.02876930497586727
Step: 65536	Mean reward: 8.46875	 Loss: -0.024286076426506042
Step: 73728	Mean reward: 8.8125	 Loss: 0.01245778426527977
Step: 81920	Mean reward: 8.03125	 Loss: 0.013571493327617645
Step: 90112	Mean reward: 8.75	 Loss: 0.020992811769247055
Step: 98304	Mean reward: 10.53125	 Loss: 0.053884413093328476
Step: 106496	Mean reward: 10.40625	 Loss: -0.012309931218624115
Step: 114688	Mean reward: 10.5	 Loss: 0.04261457547545433
Step: 122880	Mean reward: 13.21875	 Loss: 0.08875672519207001
Step: 131072	Mean reward: 11.5	 Loss: -0.045028142631053925
Step: 139264	Mean reward: 12.1875	 Loss: 0.013684099540114403
Step: 147456	Mean reward: 13.40625	 Loss: 0.011668059974908829
Step: 155648	Mean reward: 12.0	 Loss: 0.0058690886944532394
Step: 163840	Mean reward: 13.125	 Loss: 0.028416503220796585
Step: 172032	Mean reward: 13.5625	 Loss: -0.04829046130180359
Step: 180224	Mean reward: 14.0	 Loss: -0.0064325593411922455
Step: 188416	Mean reward: 14.25	 Loss: -0.04248621314764023
Step: 196608	Mean reward: 14.0625	 Loss: -0.07195677608251572
Step: 204800	Mean reward: 14.21875	 Loss: -0.03575870394706726
Step: 212992	Mean reward: 13.9375	 Loss: 0.0037081949412822723
Step: 221184	Mean reward: 14.34375	 Loss: -0.04043502360582352
Step: 229376	Mean reward: 14.28125	 Loss: -0.10486332327127457
Step: 237568	Mean reward: 13.84375	 Loss: -0.048262909054756165
Step: 245760	Mean reward: 14.25	 Loss: -0.0151287280023098
Step: 253952	Mean reward: 14.6875	 Loss: -0.0007702205330133438
Step: 262144	Mean reward: 14.96875	 Loss: -0.04774698615074158
Step: 270336	Mean reward: 14.65625	 Loss: 0.002222226932644844
Step: 278528	Mean reward: 14.125	 Loss: -0.08663436770439148
Step: 286720	Mean reward: 12.84375	 Loss: -0.02367335371673107
Step: 294912	Mean reward: 14.4375	 Loss: -0.007783127948641777
Step: 303104	Mean reward: 15.03125	 Loss: -0.021433424204587936
Step: 311296	Mean reward: 14.5	 Loss: -0.01898299902677536
Step: 319488	Mean reward: 15.1875	 Loss: -0.07610951364040375
Step: 327680	Mean reward: 17.0625	 Loss: -0.060294680297374725
Step: 335872	Mean reward: 16.5625	 Loss: -0.025778304785490036
Step: 344064	Mean reward: 16.34375	 Loss: -0.046258293092250824
Step: 352256	Mean reward: 14.75	 Loss: -0.046651631593704224
Step: 360448	Mean reward: 17.375	 Loss: -0.049338728189468384
Step: 368640	Mean reward: 16.0625	 Loss: -0.081513412296772
Step: 376832	Mean reward: 17.875	 Loss: -0.07051150500774384
Step: 385024	Mean reward: 17.40625	 Loss: -0.01670778915286064
Step: 393216	Mean reward: 17.4375	 Loss: -0.15536820888519287
Step: 401408	Mean reward: 16.8125	 Loss: -0.0741400271654129
Step: 409600	Mean reward: 17.5	 Loss: -0.05478563532233238
Step: 417792	Mean reward: 16.375	 Loss: -0.0417281910777092
Step: 425984	Mean reward: 17.8125	 Loss: -0.07271894812583923
Step: 434176	Mean reward: 15.875	 Loss: -0.04975727200508118
Step: 442368	Mean reward: 17.65625	 Loss: 0.0051137525588274
Step: 450560	Mean reward: 17.8125	 Loss: -0.054374948143959045
Step: 458752	Mean reward: 14.75	 Loss: -0.051092877984046936
Step: 466944	Mean reward: 18.53125	 Loss: 0.023387819528579712
Step: 475136	Mean reward: 20.3125	 Loss: -0.07461458444595337
Step: 483328	Mean reward: 17.6875	 Loss: -0.048476219177246094
Step: 491520	Mean reward: 17.34375	 Loss: -0.14249636232852936
Step: 499712	Mean reward: 18.5625	 Loss: -0.05986684560775757
Step: 507904	Mean reward: 18.875	 Loss: -0.028283245861530304
Step: 516096	Mean reward: 16.28125	 Loss: -0.042468756437301636
Step: 524288	Mean reward: 16.25	 Loss: 0.035611510276794434
Step: 532480	Mean reward: 16.53125	 Loss: -0.048296969383955
Step: 540672	Mean reward: 18.59375	 Loss: -0.0628800019621849
Step: 548864	Mean reward: 17.125	 Loss: -0.14237140119075775
Step: 557056	Mean reward: 17.46875	 Loss: -0.057495877146720886
Step: 565248	Mean reward: 15.875	 Loss: -0.033700600266456604
Step: 573440	Mean reward: 16.65625	 Loss: -0.10508739948272705
Step: 581632	Mean reward: 16.90625	 Loss: -0.05885911360383034
Step: 589824	Mean reward: 16.84375	 Loss: -0.05371326208114624
Step: 598016	Mean reward: 17.9375	 Loss: -0.03192296251654625
Step: 606208	Mean reward: 17.875	 Loss: -0.02653387188911438
Step: 614400	Mean reward: 17.8125	 Loss: -0.01891258731484413
Step: 622592	Mean reward: 17.65625	 Loss: -0.11992976814508438
Step: 630784	Mean reward: 17.34375	 Loss: -0.052920568734407425
Step: 638976	Mean reward: 18.21875	 Loss: -0.07138025760650635
Step: 647168	Mean reward: 18.78125	 Loss: -0.06565383076667786
Step: 655360	Mean reward: 18.0	 Loss: 0.019347073510289192
Step: 663552	Mean reward: 16.78125	 Loss: 0.00159416813403368
Step: 671744	Mean reward: 16.40625	 Loss: -0.00299774669110775
Step: 679936	Mean reward: 17.75	 Loss: -0.01103570032864809
Step: 688128	Mean reward: 18.40625	 Loss: -0.03939744457602501
Step: 696320	Mean reward: 16.03125	 Loss: -0.0016869204118847847
Step: 704512	Mean reward: 16.21875	 Loss: -0.044809985905885696
Step: 712704	Mean reward: 18.53125	 Loss: -0.04514897242188454
Step: 720896	Mean reward: 18.03125	 Loss: -0.07109038531780243
Step: 729088	Mean reward: 18.4375	 Loss: -0.024619463831186295
Step: 737280	Mean reward: 18.8125	 Loss: -0.09211105108261108
Step: 745472	Mean reward: 16.78125	 Loss: -0.11332974582910538
Step: 753664	Mean reward: 18.25	 Loss: -0.04520028084516525
Step: 761856	Mean reward: 19.0625	 Loss: -0.10581950843334198
Step: 770048	Mean reward: 17.65625	 Loss: -0.1022237241268158
Step: 778240	Mean reward: 17.65625	 Loss: -0.11966101080179214
Step: 786432	Mean reward: 19.75	 Loss: -0.0950014665722847
Step: 794624	Mean reward: 16.625	 Loss: -0.1305243968963623
Step: 802816	Mean reward: 17.1875	 Loss: -0.06890945136547089
Step: 811008	Mean reward: 18.28125	 Loss: -0.09674516320228577
Step: 819200	Mean reward: 17.8125	 Loss: 0.06234883517026901
Step: 827392	Mean reward: 17.59375	 Loss: -0.14235635101795197
Step: 835584	Mean reward: 16.6875	 Loss: -0.02345759980380535
Step: 843776	Mean reward: 17.125	 Loss: -0.02366536110639572
Step: 851968	Mean reward: 17.65625	 Loss: 0.07134297490119934
Step: 860160	Mean reward: 16.5625	 Loss: -0.0350973978638649
Step: 868352	Mean reward: 17.46875	 Loss: -0.09534232318401337
Step: 876544	Mean reward: 17.375	 Loss: -0.042989686131477356
Step: 884736	Mean reward: 17.15625	 Loss: -0.107992023229599
Step: 892928	Mean reward: 17.6875	 Loss: -0.07479795068502426
Step: 901120	Mean reward: 18.34375	 Loss: -0.01898142695426941
Step: 909312	Mean reward: 16.90625	 Loss: -0.11127305775880814
Step: 917504	Mean reward: 18.09375	 Loss: -0.07802680879831314
Step: 925696	Mean reward: 17.3125	 Loss: 0.011255103163421154
Step: 933888	Mean reward: 19.40625	 Loss: -0.027608508244156837
Step: 942080	Mean reward: 17.3125	 Loss: -0.11183132231235504
Step: 950272	Mean reward: 16.0625	 Loss: -0.057486724108457565
Step: 958464	Mean reward: 18.4375	 Loss: 0.016483044251799583
Step: 966656	Mean reward: 17.59375	 Loss: -0.028935227543115616
Step: 974848	Mean reward: 17.71875	 Loss: -0.03201252594590187
Step: 983040	Mean reward: 17.65625	 Loss: 0.005511324852705002
Step: 991232	Mean reward: 18.1875	 Loss: -0.053583092987537384
Step: 999424	Mean reward: 16.9375	 Loss: -0.09296919405460358
Step: 1007616	Mean reward: 16.875	 Loss: -0.047536689788103104
Step: 1015808	Mean reward: 18.34375	 Loss: -0.13910600543022156
Step: 1024000	Mean reward: 19.125	 Loss: -0.03652386739850044
Step: 1032192	Mean reward: 17.46875	 Loss: -0.07016678899526596
Step: 1040384	Mean reward: 17.96875	 Loss: -0.15668310225009918
Step: 1048576	Mean reward: 19.96875	 Loss: -0.0032189907506108284
Step: 1056768	Mean reward: 19.3125	 Loss: -0.08340159803628922
Step: 1064960	Mean reward: 19.28125	 Loss: -0.06796123087406158
Step: 1073152	Mean reward: 19.03125	 Loss: 0.012893063947558403
Step: 1081344	Mean reward: 17.0625	 Loss: -0.08869429677724838
Step: 1089536	Mean reward: 18.5625	 Loss: -0.04777895659208298
Step: 1097728	Mean reward: 16.59375	 Loss: -0.03953055664896965
Step: 1105920	Mean reward: 17.78125	 Loss: 0.005369085818529129
Step: 1114112	Mean reward: 18.09375	 Loss: -0.05564066022634506
Step: 1122304	Mean reward: 19.09375	 Loss: -0.05258984863758087
Step: 1130496	Mean reward: 17.6875	 Loss: -0.10589613020420074
Step: 1138688	Mean reward: 19.40625	 Loss: -0.005858760327100754
Step: 1146880	Mean reward: 17.625	 Loss: 0.012741116806864738
Step: 1155072	Mean reward: 19.1875	 Loss: -0.0022983523085713387
Step: 1163264	Mean reward: 19.125	 Loss: -0.06997717171907425
Step: 1171456	Mean reward: 18.59375	 Loss: -0.12374772131443024
Step: 1179648	Mean reward: 19.375	 Loss: -0.06427694857120514
Step: 1187840	Mean reward: 19.09375	 Loss: -0.07262995839118958
Step: 1196032	Mean reward: 18.78125	 Loss: -0.09312036633491516
Step: 1204224	Mean reward: 19.125	 Loss: -0.011755501851439476
Step: 1212416	Mean reward: 18.78125	 Loss: -0.01808905228972435
Step: 1220608	Mean reward: 19.03125	 Loss: -0.03620195761322975
Step: 1228800	Mean reward: 19.84375	 Loss: -0.0471680611371994
Step: 1236992	Mean reward: 18.28125	 Loss: 0.013396387919783592
Step: 1245184	Mean reward: 17.09375	 Loss: -0.061930492520332336
Step: 1253376	Mean reward: 19.5625	 Loss: -0.03733276203274727
Step: 1261568	Mean reward: 18.15625	 Loss: -0.050044670701026917
Step: 1269760	Mean reward: 19.0	 Loss: -0.07722355425357819
Step: 1277952	Mean reward: 19.40625	 Loss: -0.060481566935777664
Step: 1286144	Mean reward: 19.03125	 Loss: -0.02497827634215355
Step: 1294336	Mean reward: 17.75	 Loss: -0.008685226552188396
Step: 1302528	Mean reward: 17.8125	 Loss: 0.022028759121894836
Step: 1310720	Mean reward: 18.0625	 Loss: -0.03254857659339905
Step: 1318912	Mean reward: 20.09375	 Loss: -0.00999622792005539
Step: 1327104	Mean reward: 18.34375	 Loss: -0.03528950735926628
Step: 1335296	Mean reward: 18.34375	 Loss: 0.005741899833083153
Step: 1343488	Mean reward: 17.15625	 Loss: 0.05224885419011116
Step: 1351680	Mean reward: 19.5625	 Loss: -0.07504195719957352
Step: 1359872	Mean reward: 19.5625	 Loss: -0.06269954144954681
Step: 1368064	Mean reward: 19.4375	 Loss: -0.11545614153146744
Step: 1376256	Mean reward: 19.84375	 Loss: -0.016938496381044388
Step: 1384448	Mean reward: 17.625	 Loss: -0.05215124785900116
Step: 1392640	Mean reward: 18.625	 Loss: 0.07545784115791321
Step: 1400832	Mean reward: 18.84375	 Loss: -0.01411372609436512
Step: 1409024	Mean reward: 18.09375	 Loss: -0.0585145503282547
Step: 1417216	Mean reward: 17.28125	 Loss: -0.040614910423755646
Step: 1425408	Mean reward: 19.71875	 Loss: -0.11458390206098557
Step: 1433600	Mean reward: 19.09375	 Loss: -0.0717916190624237
Step: 1441792	Mean reward: 18.78125	 Loss: -0.07458944618701935
Step: 1449984	Mean reward: 18.875	 Loss: -0.036345526576042175
Step: 1458176	Mean reward: 16.625	 Loss: -0.07351318746805191
Step: 1466368	Mean reward: 19.1875	 Loss: -0.09442605078220367
Step: 1474560	Mean reward: 17.0	 Loss: -0.08530163019895554
Step: 1482752	Mean reward: 18.84375	 Loss: -0.02719360589981079
Step: 1490944	Mean reward: 17.875	 Loss: -0.08054781705141068
Step: 1499136	Mean reward: 17.84375	 Loss: -0.046548984944820404
Step: 1507328	Mean reward: 16.8125	 Loss: 1.8008984625339508e-05
Step: 1515520	Mean reward: 19.5625	 Loss: -0.07801449298858643
Step: 1523712	Mean reward: 17.53125	 Loss: -0.03678809106349945
Step: 1531904	Mean reward: 19.75	 Loss: -0.04386337101459503
Step: 1540096	Mean reward: 18.8125	 Loss: -0.026820145547389984
Step: 1548288	Mean reward: 20.3125	 Loss: -0.02161429077386856
Step: 1556480	Mean reward: 19.5	 Loss: -0.06576287001371384
Step: 1564672	Mean reward: 18.0	 Loss: 0.04477287083864212
Step: 1572864	Mean reward: 19.4375	 Loss: -0.0628352016210556
Step: 1581056	Mean reward: 18.0625	 Loss: 0.013453199528157711
Step: 1589248	Mean reward: 19.4375	 Loss: 0.018930528312921524
Step: 1597440	Mean reward: 18.78125	 Loss: -0.06815637648105621
Step: 1605632	Mean reward: 19.0625	 Loss: -0.011060248129069805
Step: 1613824	Mean reward: 18.4375	 Loss: -0.11334405094385147
Step: 1622016	Mean reward: 20.1875	 Loss: -0.05740942060947418
Step: 1630208	Mean reward: 17.625	 Loss: -0.009584576822817326
Step: 1638400	Mean reward: 20.25	 Loss: -0.054959144443273544
Step: 1646592	Mean reward: 20.0	 Loss: -0.0012276023626327515
Step: 1654784	Mean reward: 19.59375	 Loss: -0.058576952666044235
Step: 1662976	Mean reward: 19.46875	 Loss: -0.12217742204666138
Step: 1671168	Mean reward: 19.34375	 Loss: -0.07741596549749374
Step: 1679360	Mean reward: 19.59375	 Loss: -0.09044339507818222
Step: 1687552	Mean reward: 19.09375	 Loss: -0.055202417075634
Step: 1695744	Mean reward: 19.59375	 Loss: 0.026576541364192963
Step: 1703936	Mean reward: 19.5625	 Loss: 0.0012348778545856476
Step: 1712128	Mean reward: 20.875	 Loss: -0.023348800837993622
Step: 1720320	Mean reward: 19.84375	 Loss: 0.03286176919937134
Step: 1728512	Mean reward: 19.46875	 Loss: 0.01884390041232109
Step: 1736704	Mean reward: 20.375	 Loss: -0.06271260976791382
Step: 1744896	Mean reward: 19.21875	 Loss: -0.007684343494474888
Step: 1753088	Mean reward: 19.75	 Loss: -0.028351984918117523
Step: 1761280	Mean reward: 19.65625	 Loss: -0.01677391491830349
Step: 1769472	Mean reward: 20.34375	 Loss: -0.08275594562292099
Step: 1777664	Mean reward: 19.8125	 Loss: -0.00803094170987606
Step: 1785856	Mean reward: 18.5	 Loss: -0.0912303552031517
Step: 1794048	Mean reward: 19.0625	 Loss: -0.04277042672038078
Step: 1802240	Mean reward: 20.75	 Loss: -0.09615950286388397
Step: 1810432	Mean reward: 20.6875	 Loss: -0.06281458586454391
Step: 1818624	Mean reward: 18.96875	 Loss: -0.01835988648235798
Step: 1826816	Mean reward: 19.375	 Loss: 0.013227337040007114
Step: 1835008	Mean reward: 19.4375	 Loss: 0.014037626795470715
Step: 1843200	Mean reward: 19.15625	 Loss: -0.08182551711797714
Step: 1851392	Mean reward: 19.53125	 Loss: -0.015309724025428295
Step: 1859584	Mean reward: 20.53125	 Loss: -0.038163922727108
Step: 1867776	Mean reward: 19.875	 Loss: -0.01580296829342842
Step: 1875968	Mean reward: 20.28125	 Loss: -0.01295198779553175
Step: 1884160	Mean reward: 20.84375	 Loss: -0.05599190294742584
Step: 1892352	Mean reward: 19.71875	 Loss: -0.07219213247299194
Step: 1900544	Mean reward: 18.15625	 Loss: -0.011527620255947113
Step: 1908736	Mean reward: 19.125	 Loss: -0.010400412604212761
Step: 1916928	Mean reward: 20.9375	 Loss: -0.04543403536081314
Step: 1925120	Mean reward: 21.4375	 Loss: -0.05778329819440842
Step: 1933312	Mean reward: 19.6875	 Loss: -0.052996926009655
Step: 1941504	Mean reward: 18.21875	 Loss: -0.04571860656142235
Step: 1949696	Mean reward: 20.0	 Loss: -0.039061538875103
Step: 1957888	Mean reward: 18.875	 Loss: -0.06008172407746315
Step: 1966080	Mean reward: 21.59375	 Loss: -0.1079057976603508
Step: 1974272	Mean reward: 19.96875	 Loss: 0.025226175785064697
Step: 1982464	Mean reward: 20.09375	 Loss: -0.0048555415123701096
Step: 1990656	Mean reward: 20.34375	 Loss: -0.06509389728307724
Step: 1998848	Mean reward: 18.84375	 Loss: -0.08658550679683685
Step: 2007040	Mean reward: 20.40625	 Loss: -0.06593011319637299
Step: 2015232	Mean reward: 20.0625	 Loss: -0.058831825852394104
Step: 2023424	Mean reward: 18.84375	 Loss: -0.0034334836527705193
Step: 2031616	Mean reward: 18.59375	 Loss: -0.024630138650536537
Step: 2039808	Mean reward: 18.65625	 Loss: -0.07344548404216766
Step: 2048000	Mean reward: 20.15625	 Loss: -0.04208991676568985
Step: 2056192	Mean reward: 21.84375	 Loss: -0.016177885234355927
Step: 2064384	Mean reward: 20.53125	 Loss: 0.002086241729557514
Step: 2072576	Mean reward: 19.78125	 Loss: -0.019931679591536522
Step: 2080768	Mean reward: 20.34375	 Loss: 0.04206068068742752
Step: 2088960	Mean reward: 19.5	 Loss: -0.11399881541728973
Step: 2097152	Mean reward: 21.5	 Loss: -0.0859404057264328
Step: 2105344	Mean reward: 19.4375	 Loss: -0.02023656666278839
Step: 2113536	Mean reward: 20.0	 Loss: -0.023315690457820892
Step: 2121728	Mean reward: 19.40625	 Loss: -0.056667510420084
Step: 2129920	Mean reward: 20.28125	 Loss: -0.013861030340194702
Step: 2138112	Mean reward: 20.34375	 Loss: -0.026498939841985703
Step: 2146304	Mean reward: 19.0625	 Loss: -0.04457467049360275
Step: 2154496	Mean reward: 18.4375	 Loss: -0.03943236917257309
Step: 2162688	Mean reward: 19.9375	 Loss: -0.05946427956223488
Step: 2170880	Mean reward: 18.0625	 Loss: -0.05208039656281471
Step: 2179072	Mean reward: 19.125	 Loss: -0.02266157977283001
Step: 2187264	Mean reward: 18.6875	 Loss: -0.10253608226776123
Step: 2195456	Mean reward: 19.90625	 Loss: -0.13485954701900482
Step: 2203648	Mean reward: 20.5625	 Loss: -0.1309659481048584
Step: 2211840	Mean reward: 21.21875	 Loss: -0.0022740764543414116
Step: 2220032	Mean reward: 21.46875	 Loss: -0.04541337490081787
Step: 2228224	Mean reward: 20.90625	 Loss: -0.046264491975307465
Step: 2236416	Mean reward: 21.3125	 Loss: -0.07666942477226257
Step: 2244608	Mean reward: 19.09375	 Loss: -0.11462154239416122
Step: 2252800	Mean reward: 20.03125	 Loss: -0.04334992915391922
Step: 2260992	Mean reward: 19.34375	 Loss: -0.05811896175146103
Step: 2269184	Mean reward: 19.96875	 Loss: 0.028905745595693588
Step: 2277376	Mean reward: 20.5625	 Loss: -0.0444692000746727
Step: 2285568	Mean reward: 19.46875	 Loss: -0.10533441603183746
Step: 2293760	Mean reward: 19.875	 Loss: 0.04626234620809555
Step: 2301952	Mean reward: 21.875	 Loss: -0.10882999747991562
Step: 2310144	Mean reward: 20.1875	 Loss: -0.01912558451294899
Step: 2318336	Mean reward: 21.875	 Loss: -0.0017220163717865944
Step: 2326528	Mean reward: 20.46875	 Loss: -0.03712540119886398
Step: 2334720	Mean reward: 19.90625	 Loss: -0.07400228083133698
Step: 2342912	Mean reward: 20.03125	 Loss: -0.03805231302976608
Step: 2351104	Mean reward: 19.6875	 Loss: -0.005581185221672058
Step: 2359296	Mean reward: 18.4375	 Loss: -0.06239193305373192
Step: 2367488	Mean reward: 20.875	 Loss: 0.018249325454235077
Step: 2375680	Mean reward: 20.9375	 Loss: -0.010107289999723434
Step: 2383872	Mean reward: 21.34375	 Loss: 0.023401254788041115
Step: 2392064	Mean reward: 19.5625	 Loss: -0.01099997479468584
Step: 2400256	Mean reward: 18.34375	 Loss: -0.09828990697860718
Step: 2408448	Mean reward: 17.59375	 Loss: -0.05662425979971886
Step: 2416640	Mean reward: 20.59375	 Loss: -0.05026914179325104
Step: 2424832	Mean reward: 19.9375	 Loss: -0.03550364077091217
Step: 2433024	Mean reward: 20.9375	 Loss: 0.034948937594890594
Step: 2441216	Mean reward: 20.6875	 Loss: -0.06744730472564697
Step: 2449408	Mean reward: 21.59375	 Loss: -0.15277507901191711
Step: 2457600	Mean reward: 21.375	 Loss: -0.020243877544999123
Step: 2465792	Mean reward: 21.3125	 Loss: 0.010196764953434467
Step: 2473984	Mean reward: 21.5	 Loss: -0.08662126958370209
Step: 2482176	Mean reward: 21.875	 Loss: -0.08147948235273361
Step: 2490368	Mean reward: 21.1875	 Loss: 0.010722773149609566
Step: 2498560	Mean reward: 21.28125	 Loss: -0.023448769003152847
Step: 2506752	Mean reward: 20.65625	 Loss: 0.0008425544947385788
Step: 2514944	Mean reward: 20.5625	 Loss: -0.03648865595459938
Step: 2523136	Mean reward: 20.15625	 Loss: -0.05175754055380821
Step: 2531328	Mean reward: 20.96875	 Loss: -0.16252721846103668
Step: 2539520	Mean reward: 21.21875	 Loss: 0.01148148626089096
Step: 2547712	Mean reward: 20.5625	 Loss: -0.014332295395433903
Step: 2555904	Mean reward: 20.9375	 Loss: 0.0046371882781386375
Step: 2564096	Mean reward: 20.96875	 Loss: 0.0011293226853013039
Step: 2572288	Mean reward: 21.375	 Loss: -0.04279688745737076
Step: 2580480	Mean reward: 20.375	 Loss: -0.06758059561252594
Step: 2588672	Mean reward: 21.1875	 Loss: -0.012840747833251953
Step: 2596864	Mean reward: 22.28125	 Loss: -0.040226779878139496
Step: 2605056	Mean reward: 20.90625	 Loss: -0.03111383505165577
Step: 2613248	Mean reward: 21.90625	 Loss: -0.07257445901632309
Step: 2621440	Mean reward: 21.15625	 Loss: -0.07595668733119965
Step: 2629632	Mean reward: 21.15625	 Loss: -0.07848554104566574
Step: 2637824	Mean reward: 19.21875	 Loss: -0.105951689183712
Step: 2646016	Mean reward: 20.4375	 Loss: 0.03757484629750252
Step: 2654208	Mean reward: 19.75	 Loss: -0.0684165507555008
Step: 2662400	Mean reward: 20.3125	 Loss: -0.027847643941640854
Step: 2670592	Mean reward: 21.125	 Loss: -0.09982101619243622
Step: 2678784	Mean reward: 20.65625	 Loss: -0.02327871508896351
Step: 2686976	Mean reward: 19.28125	 Loss: -0.09423263370990753
Step: 2695168	Mean reward: 19.90625	 Loss: -0.04684462025761604
Step: 2703360	Mean reward: 19.78125	 Loss: -0.047848548740148544
Step: 2711552	Mean reward: 19.65625	 Loss: -0.042586084455251694
Step: 2719744	Mean reward: 19.15625	 Loss: -0.059894680976867676
Step: 2727936	Mean reward: 20.625	 Loss: -0.10605831444263458
Step: 2736128	Mean reward: 19.09375	 Loss: -0.05832652375102043
Step: 2744320	Mean reward: 19.78125	 Loss: -0.01097516342997551
Step: 2752512	Mean reward: 19.21875	 Loss: -0.027502523735165596
Step: 2760704	Mean reward: 21.21875	 Loss: -0.02958957478404045
Step: 2768896	Mean reward: 18.9375	 Loss: 0.023547451943159103
Step: 2777088	Mean reward: 20.375	 Loss: -0.0530531220138073
Step: 2785280	Mean reward: 23.0	 Loss: -0.11373122781515121
Step: 2793472	Mean reward: 19.46875	 Loss: -0.010721540078520775
Step: 2801664	Mean reward: 21.09375	 Loss: -0.05642153322696686
Step: 2809856	Mean reward: 18.75	 Loss: -0.07999337464570999
Step: 2818048	Mean reward: 20.65625	 Loss: 0.041839536279439926
Step: 2826240	Mean reward: 19.78125	 Loss: -0.027849387377500534
Step: 2834432	Mean reward: 20.0	 Loss: 0.033496029675006866
Step: 2842624	Mean reward: 19.53125	 Loss: -0.06661132723093033
Step: 2850816	Mean reward: 19.65625	 Loss: -0.03909468650817871
Step: 2859008	Mean reward: 20.09375	 Loss: -0.04849934205412865
Step: 2867200	Mean reward: 21.25	 Loss: -0.02669396996498108
Step: 2875392	Mean reward: 21.15625	 Loss: -0.056717805564403534
Step: 2883584	Mean reward: 19.84375	 Loss: 0.020033106207847595
Step: 2891776	Mean reward: 20.9375	 Loss: 0.00712170172482729
Step: 2899968	Mean reward: 21.09375	 Loss: -0.01800171472132206
Step: 2908160	Mean reward: 20.78125	 Loss: 0.004597945138812065
Step: 2916352	Mean reward: 20.21875	 Loss: -0.043945349752902985
Step: 2924544	Mean reward: 19.46875	 Loss: -0.11902037262916565
Step: 2932736	Mean reward: 20.84375	 Loss: -0.16567979753017426
Step: 2940928	Mean reward: 20.8125	 Loss: -0.1114281713962555
Step: 2949120	Mean reward: 20.1875	 Loss: 0.01312061958014965
Step: 2957312	Mean reward: 19.59375	 Loss: -0.031330715864896774
Step: 2965504	Mean reward: 19.90625	 Loss: -0.09411020576953888
Step: 2973696	Mean reward: 20.90625	 Loss: -0.09718792885541916
Step: 2981888	Mean reward: 21.4375	 Loss: -0.03366928547620773
Step: 2990080	Mean reward: 20.15625	 Loss: -0.033074118196964264
Step: 2998272	Mean reward: 20.875	 Loss: -0.02251582220196724
Step: 3006464	Mean reward: 20.4375	 Loss: -0.06303472816944122
Completed training at 2021-12-07 16:35:29
Observation space: Box([[[0. 0. 0. ... 0. 0. 0.]
  [0. 0. 0. ... 0. 0. 0.]
  [0. 0. 0. ... 0. 0. 0.]
  ...
  [0. 0. 0. ... 0. 0. 0.]
  [0. 0. 0. ... 0. 0. 0.]
  [0. 0. 0. ... 0. 0. 0.]]

 [[0. 0. 0. ... 0. 0. 0.]
  [0. 0. 0. ... 0. 0. 0.]
  [0. 0. 0. ... 0. 0. 0.]
  ...
  [0. 0. 0. ... 0. 0. 0.]
  [0. 0. 0. ... 0. 0. 0.]
  [0. 0. 0. ... 0. 0. 0.]]

 [[0. 0. 0. ... 0. 0. 0.]
  [0. 0. 0. ... 0. 0. 0.]
  [0. 0. 0. ... 0. 0. 0.]
  ...
  [0. 0. 0. ... 0. 0. 0.]
  [0. 0. 0. ... 0. 0. 0.]
  [0. 0. 0. ... 0. 0. 0.]]], [[[1. 1. 1. ... 1. 1. 1.]
  [1. 1. 1. ... 1. 1. 1.]
  [1. 1. 1. ... 1. 1. 1.]
  ...
  [1. 1. 1. ... 1. 1. 1.]
  [1. 1. 1. ... 1. 1. 1.]
  [1. 1. 1. ... 1. 1. 1.]]

 [[1. 1. 1. ... 1. 1. 1.]
  [1. 1. 1. ... 1. 1. 1.]
  [1. 1. 1. ... 1. 1. 1.]
  ...
  [1. 1. 1. ... 1. 1. 1.]
  [1. 1. 1. ... 1. 1. 1.]
  [1. 1. 1. ... 1. 1. 1.]]

 [[1. 1. 1. ... 1. 1. 1.]
  [1. 1. 1. ... 1. 1. 1.]
  [1. 1. 1. ... 1. 1. 1.]
  ...
  [1. 1. 1. ... 1. 1. 1.]
  [1. 1. 1. ... 1. 1. 1.]
  [1. 1. 1. ... 1. 1. 1.]]], (3, 64, 64), float32)
Action space: 15
Step: 8192	Mean reward: 4.59375	 Loss: 0.8524891138076782
Step: 16384	Mean reward: 4.96875	 Loss: 0.1523713767528534
Step: 24576	Mean reward: 4.0625	 Loss: 0.056529559195041656
Step: 32768	Mean reward: 6.75	 Loss: 0.089393749833107
Step: 40960	Mean reward: 5.5625	 Loss: 0.07718612253665924
Step: 49152	Mean reward: 7.84375	 Loss: 0.08344872295856476
Step: 57344	Mean reward: 7.75	 Loss: 0.08317336440086365
Step: 65536	Mean reward: 8.875	 Loss: 0.16710036993026733
Step: 73728	Mean reward: 9.71875	 Loss: 0.14544087648391724
Step: 81920	Mean reward: 9.84375	 Loss: 0.12158317863941193
Step: 90112	Mean reward: 10.3125	 Loss: 0.08004818856716156
Step: 98304	Mean reward: 10.09375	 Loss: -0.03080582059919834
Step: 106496	Mean reward: 11.3125	 Loss: 0.09534067660570145
Step: 114688	Mean reward: 12.125	 Loss: 0.03476479649543762
Step: 122880	Mean reward: 13.78125	 Loss: -0.02790764905512333
Step: 131072	Mean reward: 11.0625	 Loss: 0.0777321308851242
Step: 139264	Mean reward: 13.28125	 Loss: 0.07562421262264252
Step: 147456	Mean reward: 13.71875	 Loss: 0.006393957883119583
Step: 155648	Mean reward: 13.78125	 Loss: -0.09196661412715912
Step: 163840	Mean reward: 14.1875	 Loss: -0.010497860610485077
Step: 172032	Mean reward: 13.625	 Loss: -0.02339753694832325
Step: 180224	Mean reward: 13.09375	 Loss: -0.02051849663257599
Step: 188416	Mean reward: 14.84375	 Loss: 0.011700760573148727
Step: 196608	Mean reward: 15.4375	 Loss: -0.09385997802019119
Step: 204800	Mean reward: 16.15625	 Loss: -0.04762344807386398
Step: 212992	Mean reward: 17.1875	 Loss: -0.09716971963644028
Step: 221184	Mean reward: 17.21875	 Loss: -0.03960145637392998
Step: 229376	Mean reward: 16.5	 Loss: -0.03334921970963478
Step: 237568	Mean reward: 16.46875	 Loss: -0.05835377424955368
Step: 245760	Mean reward: 15.3125	 Loss: -0.032716695219278336
Step: 253952	Mean reward: 15.625	 Loss: 0.021561428904533386
Step: 262144	Mean reward: 17.28125	 Loss: 0.037496574223041534
Step: 270336	Mean reward: 15.8125	 Loss: -0.0665571540594101
Step: 278528	Mean reward: 18.15625	 Loss: -0.08341715484857559
Step: 286720	Mean reward: 15.6875	 Loss: -0.042933471500873566
Step: 294912	Mean reward: 17.84375	 Loss: -0.019516706466674805
Step: 303104	Mean reward: 16.46875	 Loss: -0.04275868833065033
Step: 311296	Mean reward: 17.21875	 Loss: -0.07369095087051392
Step: 319488	Mean reward: 17.5	 Loss: -0.02957877144217491
Step: 327680	Mean reward: 18.28125	 Loss: -0.0627424567937851
Step: 335872	Mean reward: 17.3125	 Loss: -0.03981655463576317
Step: 344064	Mean reward: 18.125	 Loss: -0.04918938875198364
Step: 352256	Mean reward: 16.9375	 Loss: -0.028182964771986008
Step: 360448	Mean reward: 18.6875	 Loss: -0.02110220491886139
Step: 368640	Mean reward: 17.5625	 Loss: -0.017247425392270088
Step: 376832	Mean reward: 18.4375	 Loss: -0.05745212733745575
Step: 385024	Mean reward: 19.15625	 Loss: 0.006936203688383102
Step: 393216	Mean reward: 19.90625	 Loss: -0.00360875204205513
Step: 401408	Mean reward: 19.28125	 Loss: -0.09145020693540573
Step: 409600	Mean reward: 18.1875	 Loss: -0.06506970524787903
Step: 417792	Mean reward: 17.1875	 Loss: -0.049646735191345215
Step: 425984	Mean reward: 17.28125	 Loss: -0.01930229179561138
Step: 434176	Mean reward: 17.15625	 Loss: -0.06631980836391449
Step: 442368	Mean reward: 18.0	 Loss: -0.05991806462407112
Step: 450560	Mean reward: 18.28125	 Loss: 0.00022738799452781677
Step: 458752	Mean reward: 20.03125	 Loss: -0.04369135946035385
Step: 466944	Mean reward: 17.1875	 Loss: -0.0680260881781578
Step: 475136	Mean reward: 18.3125	 Loss: -0.030700374394655228
Step: 483328	Mean reward: 19.25	 Loss: -0.07183020561933517
Step: 491520	Mean reward: 18.0625	 Loss: 0.064577117562294
Step: 499712	Mean reward: 17.5625	 Loss: -0.07397820800542831
Step: 507904	Mean reward: 20.34375	 Loss: -0.011908791959285736
Step: 516096	Mean reward: 19.5	 Loss: -0.018647532910108566
Step: 524288	Mean reward: 18.34375	 Loss: -0.06543417274951935
Step: 532480	Mean reward: 18.71875	 Loss: -0.08786331117153168
Step: 540672	Mean reward: 19.0625	 Loss: -0.059350814670324326
Step: 548864	Mean reward: 20.71875	 Loss: -0.0771208330988884
Step: 557056	Mean reward: 18.9375	 Loss: -0.05507953092455864
Step: 565248	Mean reward: 18.375	 Loss: -0.05284658819437027
Step: 573440	Mean reward: 18.71875	 Loss: -0.029471443966031075
Step: 581632	Mean reward: 17.65625	 Loss: -0.08643126487731934
Step: 589824	Mean reward: 19.8125	 Loss: -0.02291228249669075
Step: 598016	Mean reward: 17.84375	 Loss: -0.020520281046628952
Step: 606208	Mean reward: 17.65625	 Loss: -0.07892540842294693
Step: 614400	Mean reward: 18.125	 Loss: -0.056680720299482346
Step: 622592	Mean reward: 16.96875	 Loss: -0.04746905714273453
Step: 630784	Mean reward: 17.0625	 Loss: -0.1005922481417656
Step: 638976	Mean reward: 19.40625	 Loss: -0.057760048657655716
Step: 647168	Mean reward: 18.875	 Loss: -0.08563527464866638
Step: 655360	Mean reward: 17.96875	 Loss: -0.12043353915214539
Step: 663552	Mean reward: 20.3125	 Loss: -0.03238772600889206
Step: 671744	Mean reward: 18.6875	 Loss: -0.020896419882774353
Step: 679936	Mean reward: 21.03125	 Loss: 0.010011774487793446
Step: 688128	Mean reward: 18.8125	 Loss: 0.02323221042752266
Step: 696320	Mean reward: 20.59375	 Loss: -0.06309367716312408
Step: 704512	Mean reward: 20.6875	 Loss: -0.0340891107916832
Step: 712704	Mean reward: 20.28125	 Loss: -0.08023983985185623
Step: 720896	Mean reward: 17.84375	 Loss: -0.030322933569550514
Step: 729088	Mean reward: 18.3125	 Loss: -0.0860774889588356
Step: 737280	Mean reward: 19.75	 Loss: -0.06976523250341415
Step: 745472	Mean reward: 19.125	 Loss: 0.0026989681646227837
Step: 753664	Mean reward: 19.84375	 Loss: -0.008089007809758186
Step: 761856	Mean reward: 23.1875	 Loss: -0.011952823027968407
Step: 770048	Mean reward: 19.875	 Loss: -0.13177892565727234
Step: 778240	Mean reward: 19.5625	 Loss: -0.0020567402243614197
Step: 786432	Mean reward: 19.84375	 Loss: -0.05624517425894737
Step: 794624	Mean reward: 19.59375	 Loss: -0.015689082443714142
Step: 802816	Mean reward: 18.625	 Loss: -0.03368701785802841
Step: 811008	Mean reward: 22.125	 Loss: -0.015264795161783695
Step: 819200	Mean reward: 19.40625	 Loss: -0.02740928903222084
Step: 827392	Mean reward: 20.125	 Loss: -0.08354663103818893
Step: 835584	Mean reward: 20.75	 Loss: -0.06563597917556763
Step: 843776	Mean reward: 20.375	 Loss: -0.029697854071855545
Step: 851968	Mean reward: 23.125	 Loss: -0.0937618762254715
Step: 860160	Mean reward: 20.03125	 Loss: -0.00029844697564840317
Step: 868352	Mean reward: 20.0	 Loss: -0.07845991104841232
Step: 876544	Mean reward: 19.8125	 Loss: 0.023811403661966324
Step: 884736	Mean reward: 21.90625	 Loss: -0.04448147863149643
Step: 892928	Mean reward: 19.59375	 Loss: -0.10068239271640778
Step: 901120	Mean reward: 20.78125	 Loss: -0.06509888917207718
Step: 909312	Mean reward: 19.8125	 Loss: -0.08334743231534958
Step: 917504	Mean reward: 20.6875	 Loss: -0.04300987347960472
Step: 925696	Mean reward: 19.90625	 Loss: -0.16003935039043427
Step: 933888	Mean reward: 20.59375	 Loss: -0.06309768557548523
Step: 942080	Mean reward: 20.0625	 Loss: -0.06927608698606491
Step: 950272	Mean reward: 20.78125	 Loss: -0.0485110804438591
Step: 958464	Mean reward: 20.875	 Loss: -0.07068246603012085
Step: 966656	Mean reward: 20.0625	 Loss: -0.054171644151210785
Step: 974848	Mean reward: 20.875	 Loss: -0.09142459183931351
Step: 983040	Mean reward: 20.8125	 Loss: -0.05311541259288788
Step: 991232	Mean reward: 19.09375	 Loss: 0.02863103710114956
Step: 999424	Mean reward: 20.40625	 Loss: 0.018424147740006447
Step: 1007616	Mean reward: 21.0625	 Loss: 0.011258596554398537
Step: 1015808	Mean reward: 21.1875	 Loss: -0.06725382804870605
Step: 1024000	Mean reward: 19.65625	 Loss: -0.06528164446353912
Step: 1032192	Mean reward: 20.53125	 Loss: -0.03844163566827774
Step: 1040384	Mean reward: 21.90625	 Loss: -0.07312273234128952
Step: 1048576	Mean reward: 19.90625	 Loss: -0.05201411247253418
Step: 1056768	Mean reward: 21.78125	 Loss: -0.022871434688568115
Step: 1064960	Mean reward: 19.78125	 Loss: -0.09712879359722137
Step: 1073152	Mean reward: 20.15625	 Loss: -0.011327673681080341
Step: 1081344	Mean reward: 19.96875	 Loss: -0.14371009171009064
Step: 1089536	Mean reward: 20.5	 Loss: -0.07676153630018234
Step: 1097728	Mean reward: 20.09375	 Loss: -0.08609634637832642
Step: 1105920	Mean reward: 19.90625	 Loss: -0.043336059898138046
Step: 1114112	Mean reward: 20.75	 Loss: -0.06183765083551407
Step: 1122304	Mean reward: 19.6875	 Loss: -0.05006993189454079
Step: 1130496	Mean reward: 20.40625	 Loss: -0.018617616966366768
Step: 1138688	Mean reward: 20.5625	 Loss: 0.009984785690903664
Step: 1146880	Mean reward: 21.0	 Loss: -0.0870533213019371
Step: 1155072	Mean reward: 20.84375	 Loss: -0.04323703050613403
Step: 1163264	Mean reward: 18.875	 Loss: -0.09338899701833725
Step: 1171456	Mean reward: 19.59375	 Loss: 0.027486838400363922
Step: 1179648	Mean reward: 20.03125	 Loss: -0.05705653876066208
Step: 1187840	Mean reward: 20.71875	 Loss: -0.09010251611471176
Step: 1196032	Mean reward: 21.34375	 Loss: -0.028727877885103226
Step: 1204224	Mean reward: 20.0625	 Loss: -0.05702438950538635
Step: 1212416	Mean reward: 20.84375	 Loss: -0.08972358703613281
Step: 1220608	Mean reward: 21.3125	 Loss: -0.07099990546703339
Step: 1228800	Mean reward: 20.625	 Loss: -0.03446169197559357
Step: 1236992	Mean reward: 20.15625	 Loss: -0.07109712809324265
Step: 1245184	Mean reward: 19.21875	 Loss: -0.06946159899234772
Step: 1253376	Mean reward: 20.71875	 Loss: -0.005945580080151558
Step: 1261568	Mean reward: 19.75	 Loss: -0.019837433472275734
Step: 1269760	Mean reward: 22.125	 Loss: -0.006993447430431843
Step: 1277952	Mean reward: 21.34375	 Loss: -0.034751832485198975
Step: 1286144	Mean reward: 22.125	 Loss: -0.04297305643558502
Step: 1294336	Mean reward: 20.40625	 Loss: -0.10987953841686249
Step: 1302528	Mean reward: 20.4375	 Loss: 0.07019734382629395
Step: 1310720	Mean reward: 21.53125	 Loss: -0.04000495374202728
Step: 1318912	Mean reward: 20.6875	 Loss: -0.0628918930888176
Step: 1327104	Mean reward: 20.65625	 Loss: -0.08351694792509079
Step: 1335296	Mean reward: 20.71875	 Loss: -0.061886996030807495
Step: 1343488	Mean reward: 21.78125	 Loss: -0.05945102497935295
Step: 1351680	Mean reward: 21.84375	 Loss: 0.053045447915792465
Step: 1359872	Mean reward: 21.0625	 Loss: -0.1288631707429886
Step: 1368064	Mean reward: 21.625	 Loss: -0.09173401445150375
Step: 1376256	Mean reward: 22.6875	 Loss: -0.12770016491413116
Step: 1384448	Mean reward: 19.71875	 Loss: 0.030198249965906143
Step: 1392640	Mean reward: 21.125	 Loss: -0.05311168357729912
Step: 1400832	Mean reward: 21.4375	 Loss: -0.025482483208179474
Step: 1409024	Mean reward: 20.8125	 Loss: -0.030812503769993782
Step: 1417216	Mean reward: 19.0625	 Loss: -0.081118643283844
Step: 1425408	Mean reward: 21.3125	 Loss: -0.02106674388051033
Step: 1433600	Mean reward: 21.0625	 Loss: -0.059824950993061066
Step: 1441792	Mean reward: 23.75	 Loss: -0.0404890775680542
Step: 1449984	Mean reward: 20.90625	 Loss: 0.01791914738714695
Step: 1458176	Mean reward: 23.09375	 Loss: 0.017659872770309448
Step: 1466368	Mean reward: 20.1875	 Loss: -0.07968003302812576
Step: 1474560	Mean reward: 20.1875	 Loss: -0.056436825543642044
Step: 1482752	Mean reward: 22.125	 Loss: -0.03829056769609451
Step: 1490944	Mean reward: 21.25	 Loss: -0.05736244469881058
Step: 1499136	Mean reward: 21.65625	 Loss: -0.022779341787099838
Step: 1507328	Mean reward: 22.90625	 Loss: -0.024330995976924896
Step: 1515520	Mean reward: 20.21875	 Loss: -0.010664938017725945
Step: 1523712	Mean reward: 21.84375	 Loss: -0.09681791812181473
Step: 1531904	Mean reward: 21.40625	 Loss: 0.04634883254766464
Step: 1540096	Mean reward: 20.875	 Loss: 0.0014642002061009407
Step: 1548288	Mean reward: 19.9375	 Loss: -0.04883594065904617
Step: 1556480	Mean reward: 20.625	 Loss: -0.018634997308254242
Step: 1564672	Mean reward: 21.53125	 Loss: -0.016544312238693237
Step: 1572864	Mean reward: 23.34375	 Loss: -0.05598131939768791
Step: 1581056	Mean reward: 22.0625	 Loss: -0.08827675133943558
Step: 1589248	Mean reward: 19.625	 Loss: -0.06398435682058334
Step: 1597440	Mean reward: 20.03125	 Loss: -0.03843272104859352
Step: 1605632	Mean reward: 21.09375	 Loss: -0.055601585656404495
Step: 1613824	Mean reward: 20.09375	 Loss: -0.10194820165634155
Step: 1622016	Mean reward: 21.5	 Loss: -0.017910372465848923
Step: 1630208	Mean reward: 19.71875	 Loss: -0.10165809839963913
Step: 1638400	Mean reward: 21.25	 Loss: 0.0038733845576643944
Step: 1646592	Mean reward: 20.65625	 Loss: 0.02444673515856266
Step: 1654784	Mean reward: 18.78125	 Loss: -0.054500553756952286
Step: 1662976	Mean reward: 20.8125	 Loss: -0.02360776625573635
Step: 1671168	Mean reward: 21.1875	 Loss: -0.056498996913433075
Step: 1679360	Mean reward: 21.0625	 Loss: -0.02975441701710224
Step: 1687552	Mean reward: 20.09375	 Loss: -0.03032754734158516
Step: 1695744	Mean reward: 20.1875	 Loss: -0.05906730145215988
Step: 1703936	Mean reward: 21.09375	 Loss: -0.06840299814939499
Step: 1712128	Mean reward: 22.375	 Loss: 0.008058210834860802
Step: 1720320	Mean reward: 20.1875	 Loss: -0.005717086605727673
Step: 1728512	Mean reward: 19.9375	 Loss: -0.044376254081726074
Step: 1736704	Mean reward: 22.96875	 Loss: -0.11516688764095306
Step: 1744896	Mean reward: 21.53125	 Loss: -0.07911408692598343
Step: 1753088	Mean reward: 21.0625	 Loss: 0.028523243963718414
Step: 1761280	Mean reward: 21.46875	 Loss: 0.023677127435803413
Step: 1769472	Mean reward: 17.9375	 Loss: -0.028789326548576355
Step: 1777664	Mean reward: 20.59375	 Loss: -0.024204764515161514
Step: 1785856	Mean reward: 22.125	 Loss: -0.028712021186947823
Step: 1794048	Mean reward: 21.90625	 Loss: -0.04443259537220001
Step: 1802240	Mean reward: 23.125	 Loss: -0.03359600901603699
Step: 1810432	Mean reward: 21.5625	 Loss: -0.04595818370580673
Step: 1818624	Mean reward: 22.53125	 Loss: 0.0824929028749466
Step: 1826816	Mean reward: 20.53125	 Loss: -0.1070234552025795
Step: 1835008	Mean reward: 23.03125	 Loss: 0.02954140305519104
Step: 1843200	Mean reward: 21.3125	 Loss: -0.030747495591640472
Step: 1851392	Mean reward: 21.4375	 Loss: -0.01836669258773327
Step: 1859584	Mean reward: 23.03125	 Loss: -0.03294013440608978
Step: 1867776	Mean reward: 20.96875	 Loss: 0.010535817593336105
Step: 1875968	Mean reward: 20.3125	 Loss: -0.11261949688196182
Step: 1884160	Mean reward: 22.75	 Loss: -0.02041061408817768
Step: 1892352	Mean reward: 22.40625	 Loss: -0.04977216199040413
Step: 1900544	Mean reward: 21.4375	 Loss: -0.019631050527095795
Step: 1908736	Mean reward: 21.3125	 Loss: 0.03379692882299423
Step: 1916928	Mean reward: 22.28125	 Loss: 0.01719324290752411
Step: 1925120	Mean reward: 21.25	 Loss: -0.019778575748205185
Step: 1933312	Mean reward: 21.59375	 Loss: -0.03238682448863983
Step: 1941504	Mean reward: 21.78125	 Loss: -0.06454864144325256
Step: 1949696	Mean reward: 22.78125	 Loss: -0.08495155721902847
Step: 1957888	Mean reward: 21.40625	 Loss: -0.014082137495279312
Step: 1966080	Mean reward: 23.15625	 Loss: -0.03068944439291954
Step: 1974272	Mean reward: 22.78125	 Loss: 0.00779964542016387
Step: 1982464	Mean reward: 21.4375	 Loss: 0.018209127709269524
Step: 1990656	Mean reward: 22.75	 Loss: -0.0223471000790596
Step: 1998848	Mean reward: 22.96875	 Loss: -0.08630198985338211
Step: 2007040	Mean reward: 21.40625	 Loss: 0.052324987947940826
Step: 2015232	Mean reward: 23.25	 Loss: 0.025607053190469742
Step: 2023424	Mean reward: 21.5	 Loss: -0.014408741146326065
Step: 2031616	Mean reward: 20.8125	 Loss: -0.012365994043648243
Step: 2039808	Mean reward: 22.75	 Loss: 0.01080140471458435
Step: 2048000	Mean reward: 21.8125	 Loss: 0.0034504360519349575
Step: 2056192	Mean reward: 23.09375	 Loss: -0.16209395229816437
Step: 2064384	Mean reward: 23.0	 Loss: -0.0012652035802602768
Step: 2072576	Mean reward: 21.78125	 Loss: -0.016099348664283752
Step: 2080768	Mean reward: 20.78125	 Loss: -0.04922933131456375
Step: 2088960	Mean reward: 20.875	 Loss: -0.023397836834192276
Step: 2097152	Mean reward: 22.40625	 Loss: -0.03012562356889248
Step: 2105344	Mean reward: 23.46875	 Loss: 0.011505894362926483
Step: 2113536	Mean reward: 22.25	 Loss: -0.013383891433477402
Step: 2121728	Mean reward: 21.5625	 Loss: -0.007194771431386471
Step: 2129920	Mean reward: 21.21875	 Loss: -0.04971083998680115
Step: 2138112	Mean reward: 22.21875	 Loss: -0.02920445054769516
Step: 2146304	Mean reward: 20.9375	 Loss: 0.025917600840330124
Step: 2154496	Mean reward: 21.5	 Loss: -0.0613182857632637
Step: 2162688	Mean reward: 21.21875	 Loss: -0.03537750244140625
Step: 2170880	Mean reward: 21.96875	 Loss: -0.09974191337823868
Step: 2179072	Mean reward: 21.34375	 Loss: 0.007526569068431854
Step: 2187264	Mean reward: 23.28125	 Loss: -0.017745139077305794
Step: 2195456	Mean reward: 22.125	 Loss: -0.047277480363845825
Step: 2203648	Mean reward: 21.34375	 Loss: -0.02673519216477871
Step: 2211840	Mean reward: 22.90625	 Loss: -0.05201452597975731
Step: 2220032	Mean reward: 20.5	 Loss: -0.0009107990190386772
Step: 2228224	Mean reward: 23.46875	 Loss: -0.05834406614303589
Step: 2236416	Mean reward: 21.34375	 Loss: 4.186946898698807e-05
Step: 2244608	Mean reward: 21.625	 Loss: -0.04202628880739212
Step: 2252800	Mean reward: 20.71875	 Loss: -0.009599138051271439
Step: 2260992	Mean reward: 22.4375	 Loss: 0.008291231468319893
Step: 2269184	Mean reward: 22.34375	 Loss: 0.003953348845243454
Step: 2277376	Mean reward: 22.5625	 Loss: -0.033180952072143555
Step: 2285568	Mean reward: 23.53125	 Loss: -0.08916239440441132
Step: 2293760	Mean reward: 21.5625	 Loss: -0.054381951689720154
Step: 2301952	Mean reward: 20.78125	 Loss: -0.0669105276465416
Step: 2310144	Mean reward: 21.875	 Loss: -0.024628013372421265
Step: 2318336	Mean reward: 22.09375	 Loss: -0.072389155626297
Step: 2326528	Mean reward: 22.125	 Loss: 0.020503580570220947
Step: 2334720	Mean reward: 20.6875	 Loss: -0.07786005735397339
Step: 2342912	Mean reward: 21.53125	 Loss: -0.02439696528017521
Step: 2351104	Mean reward: 22.53125	 Loss: -0.03941863030195236
Step: 2359296	Mean reward: 21.15625	 Loss: -0.05563146248459816
Step: 2367488	Mean reward: 21.46875	 Loss: -0.07432787120342255
Step: 2375680	Mean reward: 22.25	 Loss: -0.024274660274386406
Step: 2383872	Mean reward: 21.46875	 Loss: -0.051513828337192535
Step: 2392064	Mean reward: 22.25	 Loss: -0.04198664426803589
Step: 2400256	Mean reward: 22.0625	 Loss: -0.06774625182151794
Step: 2408448	Mean reward: 21.21875	 Loss: 0.021328607574105263
Step: 2416640	Mean reward: 21.34375	 Loss: -0.11211436986923218
Step: 2424832	Mean reward: 20.90625	 Loss: -0.00683387229219079
Step: 2433024	Mean reward: 21.96875	 Loss: 0.04527263715863228
Step: 2441216	Mean reward: 22.125	 Loss: -0.021587662398815155
Step: 2449408	Mean reward: 24.96875	 Loss: -0.0541023388504982
Step: 2457600	Mean reward: 21.71875	 Loss: 0.02807585708796978
Step: 2465792	Mean reward: 22.78125	 Loss: -0.08100448548793793
Step: 2473984	Mean reward: 21.96875	 Loss: -0.02936975657939911
Step: 2482176	Mean reward: 22.90625	 Loss: -0.08720225095748901
Step: 2490368	Mean reward: 21.6875	 Loss: 0.0158003568649292
Step: 2498560	Mean reward: 21.84375	 Loss: -0.07842868566513062
Step: 2506752	Mean reward: 21.0625	 Loss: 0.017972344532608986
Step: 2514944	Mean reward: 25.09375	 Loss: -0.05251859873533249
Step: 2523136	Mean reward: 23.78125	 Loss: 0.04681932553648949
Step: 2531328	Mean reward: 23.28125	 Loss: -0.05059409141540527
Step: 2539520	Mean reward: 21.40625	 Loss: -0.02809794247150421
Step: 2547712	Mean reward: 22.21875	 Loss: -0.03947886452078819
Step: 2555904	Mean reward: 21.5625	 Loss: -0.0025084642693400383
Step: 2564096	Mean reward: 22.5625	 Loss: -0.011784577742218971
Step: 2572288	Mean reward: 21.125	 Loss: -0.01617976278066635
Step: 2580480	Mean reward: 22.0625	 Loss: -0.011723654344677925
Step: 2588672	Mean reward: 21.59375	 Loss: -0.034457892179489136
Step: 2596864	Mean reward: 22.84375	 Loss: 0.0004271082580089569
Step: 2605056	Mean reward: 22.0	 Loss: -0.09040404111146927
Step: 2613248	Mean reward: 21.71875	 Loss: -0.1011599525809288
Step: 2621440	Mean reward: 21.90625	 Loss: -0.06412478536367416
Step: 2629632	Mean reward: 23.40625	 Loss: 0.010041141882538795
Step: 2637824	Mean reward: 21.125	 Loss: -0.03263707458972931
Step: 2646016	Mean reward: 21.875	 Loss: -0.02216181345283985
Step: 2654208	Mean reward: 22.96875	 Loss: -0.081906758248806
Step: 2662400	Mean reward: 19.9375	 Loss: -0.035897351801395416
Step: 2670592	Mean reward: 22.0625	 Loss: -0.06960372626781464
Step: 2678784	Mean reward: 21.34375	 Loss: -0.0650816410779953
Step: 2686976	Mean reward: 23.03125	 Loss: 0.012539692223072052
Step: 2695168	Mean reward: 21.9375	 Loss: -0.09899405390024185
Step: 2703360	Mean reward: 21.34375	 Loss: -0.08024981617927551
Step: 2711552	Mean reward: 22.34375	 Loss: 0.04630023241043091
Step: 2719744	Mean reward: 21.46875	 Loss: -0.017150351777672768
Step: 2727936	Mean reward: 20.40625	 Loss: -0.06021923944354057
Step: 2736128	Mean reward: 22.25	 Loss: -0.017583288252353668
Step: 2744320	Mean reward: 20.90625	 Loss: 0.0391840897500515
Step: 2752512	Mean reward: 20.53125	 Loss: -0.032111525535583496
Step: 2760704	Mean reward: 20.5	 Loss: -0.0481879748404026
Step: 2768896	Mean reward: 22.5625	 Loss: -0.03509233891963959
Step: 2777088	Mean reward: 22.15625	 Loss: -0.0903484970331192
Step: 2785280	Mean reward: 22.15625	 Loss: -5.5516138672828674e-05
Step: 2793472	Mean reward: 22.375	 Loss: -0.00838380865752697
Step: 2801664	Mean reward: 23.125	 Loss: -0.01471743918955326
Step: 2809856	Mean reward: 22.78125	 Loss: -0.05936037749052048
Step: 2818048	Mean reward: 22.5	 Loss: -0.06086384505033493
Step: 2826240	Mean reward: 21.75	 Loss: -0.04150114208459854
Step: 2834432	Mean reward: 21.53125	 Loss: -0.03445853292942047
Step: 2842624	Mean reward: 21.4375	 Loss: -0.06741689890623093
Step: 2850816	Mean reward: 22.4375	 Loss: -0.08670644462108612
Step: 2859008	Mean reward: 21.5	 Loss: 0.0011768611147999763
Step: 2867200	Mean reward: 20.65625	 Loss: -0.0030161673203110695
Step: 2875392	Mean reward: 22.8125	 Loss: -0.09338826686143875
Step: 2883584	Mean reward: 22.0625	 Loss: -0.04786650091409683
Step: 2891776	Mean reward: 21.53125	 Loss: -0.02613794058561325
Step: 2899968	Mean reward: 23.15625	 Loss: -0.0668463334441185
Step: 2908160	Mean reward: 21.375	 Loss: -0.041841719299554825
Step: 2916352	Mean reward: 21.03125	 Loss: -0.0386534258723259
Step: 2924544	Mean reward: 20.8125	 Loss: -0.10611981153488159
Step: 2932736	Mean reward: 20.40625	 Loss: 0.0032390598207712173
Step: 2940928	Mean reward: 22.25	 Loss: -0.12852077186107635
Step: 2949120	Mean reward: 22.65625	 Loss: 0.0009139338508248329
Step: 2957312	Mean reward: 21.375	 Loss: 0.022216275334358215
Step: 2965504	Mean reward: 21.65625	 Loss: -0.041970279067754745
Step: 2973696	Mean reward: 22.03125	 Loss: -0.008685994893312454
Step: 2981888	Mean reward: 23.9375	 Loss: -0.00522555410861969
Step: 2990080	Mean reward: 19.53125	 Loss: -0.014746787026524544
Step: 2998272	Mean reward: 20.96875	 Loss: 0.017479058355093002
Step: 3006464	Mean reward: 21.5	 Loss: -0.07714802771806717
Completed training at 2021-12-07 18:54:22