Training IMPALA 1 with the following parameter dict:
{'total_steps': 3000000.0, 'num_envs': 32, 'num_steps': 256, 'num_levels': 200, 'num_epochs': 3, 'batch_size': 512, 'eps': 0.2, 'grad_eps': 0.5, 'value_coef': 0.5, 'entropy_coef': 0.01, 'c1': 0.5, 'c2': 0.01, 'num_actions': 15, 'in_channels': 3, 'feature_dim': 64, 'env_name': 'starpilot', 'use_background': False}
non stabilized impala with resets
200 levels
Observation space: Box([[[0. 0. 0. ... 0. 0. 0.]
  [0. 0. 0. ... 0. 0. 0.]
  [0. 0. 0. ... 0. 0. 0.]
  ...
  [0. 0. 0. ... 0. 0. 0.]
  [0. 0. 0. ... 0. 0. 0.]
  [0. 0. 0. ... 0. 0. 0.]]

 [[0. 0. 0. ... 0. 0. 0.]
  [0. 0. 0. ... 0. 0. 0.]
  [0. 0. 0. ... 0. 0. 0.]
  ...
  [0. 0. 0. ... 0. 0. 0.]
  [0. 0. 0. ... 0. 0. 0.]
  [0. 0. 0. ... 0. 0. 0.]]

 [[0. 0. 0. ... 0. 0. 0.]
  [0. 0. 0. ... 0. 0. 0.]
  [0. 0. 0. ... 0. 0. 0.]
  ...
  [0. 0. 0. ... 0. 0. 0.]
  [0. 0. 0. ... 0. 0. 0.]
  [0. 0. 0. ... 0. 0. 0.]]], [[[1. 1. 1. ... 1. 1. 1.]
  [1. 1. 1. ... 1. 1. 1.]
  [1. 1. 1. ... 1. 1. 1.]
  ...
  [1. 1. 1. ... 1. 1. 1.]
  [1. 1. 1. ... 1. 1. 1.]
  [1. 1. 1. ... 1. 1. 1.]]

 [[1. 1. 1. ... 1. 1. 1.]
  [1. 1. 1. ... 1. 1. 1.]
  [1. 1. 1. ... 1. 1. 1.]
  ...
  [1. 1. 1. ... 1. 1. 1.]
  [1. 1. 1. ... 1. 1. 1.]
  [1. 1. 1. ... 1. 1. 1.]]

 [[1. 1. 1. ... 1. 1. 1.]
  [1. 1. 1. ... 1. 1. 1.]
  [1. 1. 1. ... 1. 1. 1.]
  ...
  [1. 1. 1. ... 1. 1. 1.]
  [1. 1. 1. ... 1. 1. 1.]
  [1. 1. 1. ... 1. 1. 1.]]], (3, 64, 64), float32)
Action space: 15
Step: 8192	Mean reward: 4.03125	 Loss: 0.20342236757278442
Step: 16384	Mean reward: 4.1875	 Loss: 0.05674628168344498
Step: 24576	Mean reward: 6.1875	 Loss: 0.055468350648880005
Step: 32768	Mean reward: 5.46875	 Loss: 0.03154774755239487
Step: 40960	Mean reward: 5.84375	 Loss: -0.008883507922291756
Step: 49152	Mean reward: 6.5	 Loss: -0.0430632084608078
Step: 57344	Mean reward: 6.3125	 Loss: 0.0061764102429151535
Step: 65536	Mean reward: 6.9375	 Loss: 0.08997905999422073
Step: 73728	Mean reward: 5.8125	 Loss: 0.045946985483169556
Step: 81920	Mean reward: 8.03125	 Loss: 0.028604280203580856
Step: 90112	Mean reward: 8.09375	 Loss: -0.009251682087779045
Step: 98304	Mean reward: 7.3125	 Loss: 0.008523404598236084
Step: 106496	Mean reward: 7.96875	 Loss: -0.020957618951797485
Step: 114688	Mean reward: 7.5	 Loss: 0.0065986961126327515
Step: 122880	Mean reward: 7.0	 Loss: 0.00952373631298542
Step: 131072	Mean reward: 8.1875	 Loss: 0.10968350619077682
Step: 139264	Mean reward: 9.0	 Loss: -0.03510574996471405
Step: 147456	Mean reward: 10.25	 Loss: 0.011466963216662407
Step: 155648	Mean reward: 9.0	 Loss: 0.0607670322060585
Step: 163840	Mean reward: 7.375	 Loss: -0.017700806260108948
Step: 172032	Mean reward: 8.875	 Loss: -0.07000540941953659
Step: 180224	Mean reward: 8.8125	 Loss: -0.01369444839656353
Step: 188416	Mean reward: 9.21875	 Loss: -0.0027633439749479294
Step: 196608	Mean reward: 9.71875	 Loss: 0.08122184127569199
Step: 204800	Mean reward: 8.5	 Loss: -0.00215156190097332
Step: 212992	Mean reward: 9.25	 Loss: -0.07501880079507828
Step: 221184	Mean reward: 8.1875	 Loss: -0.07105821371078491
Step: 229376	Mean reward: 8.46875	 Loss: -0.05502405762672424
Step: 237568	Mean reward: 9.3125	 Loss: 0.027163734659552574
Step: 245760	Mean reward: 10.375	 Loss: -0.052657343447208405
Step: 253952	Mean reward: 9.40625	 Loss: -0.03274432569742203
Step: 262144	Mean reward: 8.125	 Loss: -0.023372292518615723
Step: 270336	Mean reward: 9.375	 Loss: 0.036022648215293884
Step: 278528	Mean reward: 11.03125	 Loss: 0.06688355654478073
Step: 286720	Mean reward: 9.84375	 Loss: -0.026935918256640434
Step: 294912	Mean reward: 9.84375	 Loss: 0.08237389475107193
Step: 303104	Mean reward: 8.5625	 Loss: 0.0486011877655983
Step: 311296	Mean reward: 11.34375	 Loss: 0.00956728681921959
Step: 319488	Mean reward: 9.75	 Loss: 0.02946014329791069
Step: 327680	Mean reward: 10.125	 Loss: -0.03473004698753357
Step: 335872	Mean reward: 9.53125	 Loss: -0.01792002096772194
Step: 344064	Mean reward: 11.3125	 Loss: -0.03558634966611862
Step: 352256	Mean reward: 10.15625	 Loss: 0.011292686685919762
Step: 360448	Mean reward: 9.15625	 Loss: -0.036103010177612305
Step: 368640	Mean reward: 10.34375	 Loss: -0.04926280677318573
Step: 376832	Mean reward: 10.28125	 Loss: -0.0482340045273304
Step: 385024	Mean reward: 10.0	 Loss: -0.06699053943157196
Step: 393216	Mean reward: 10.0	 Loss: 0.017598990350961685
Step: 401408	Mean reward: 10.65625	 Loss: -0.030692318454384804
Step: 409600	Mean reward: 10.28125	 Loss: -0.018144380301237106
Step: 417792	Mean reward: 9.78125	 Loss: -0.027003034949302673
Step: 425984	Mean reward: 9.65625	 Loss: 0.011996889486908913
Step: 434176	Mean reward: 10.5625	 Loss: -0.037047721445560455
Step: 442368	Mean reward: 10.3125	 Loss: -0.019715115427970886
Step: 450560	Mean reward: 10.625	 Loss: 0.0713202953338623
Step: 458752	Mean reward: 10.125	 Loss: -0.08636385202407837
Step: 466944	Mean reward: 10.40625	 Loss: -0.030085688456892967
Step: 475136	Mean reward: 10.5	 Loss: -0.08077223598957062
Step: 483328	Mean reward: 10.0625	 Loss: -0.001957746222615242
Step: 491520	Mean reward: 10.65625	 Loss: -0.03701756149530411
Step: 499712	Mean reward: 11.09375	 Loss: -0.10831276327371597
Step: 507904	Mean reward: 10.15625	 Loss: -0.05727311223745346
Step: 516096	Mean reward: 10.625	 Loss: -0.08259592950344086
Step: 524288	Mean reward: 9.5625	 Loss: -0.14118602871894836
Step: 532480	Mean reward: 9.09375	 Loss: -0.05397850275039673
Step: 540672	Mean reward: 9.8125	 Loss: -0.06375449895858765
Step: 548864	Mean reward: 10.1875	 Loss: -0.03540906310081482
Step: 557056	Mean reward: 11.53125	 Loss: -0.14509420096874237
Step: 565248	Mean reward: 11.0625	 Loss: -0.004219437018036842
Step: 573440	Mean reward: 11.15625	 Loss: -0.021469824016094208
Step: 581632	Mean reward: 10.5625	 Loss: -0.05820200592279434
Step: 589824	Mean reward: 10.28125	 Loss: -0.06458984315395355
Step: 598016	Mean reward: 9.96875	 Loss: 0.007954411208629608
Step: 606208	Mean reward: 12.1875	 Loss: -0.03223372995853424
Step: 614400	Mean reward: 10.75	 Loss: -0.07822995632886887
Step: 622592	Mean reward: 10.6875	 Loss: 0.0014467611908912659
Step: 630784	Mean reward: 10.90625	 Loss: -0.034642722457647324
Step: 638976	Mean reward: 10.4375	 Loss: -0.04130152612924576
Step: 647168	Mean reward: 10.28125	 Loss: -0.04048355668783188
Step: 655360	Mean reward: 11.71875	 Loss: -0.0782209187746048
Step: 663552	Mean reward: 10.25	 Loss: -0.0945696085691452
Step: 671744	Mean reward: 11.8125	 Loss: -0.06698235124349594
Step: 679936	Mean reward: 12.6875	 Loss: -0.033699799329042435
Step: 688128	Mean reward: 10.5625	 Loss: -0.12686249613761902
Step: 696320	Mean reward: 11.8125	 Loss: -0.040068015456199646
Step: 704512	Mean reward: 10.53125	 Loss: -0.004444010555744171
Step: 712704	Mean reward: 12.25	 Loss: -0.054574962705373764
Step: 720896	Mean reward: 11.125	 Loss: -0.060699399560689926
Step: 729088	Mean reward: 11.5	 Loss: -0.10533272475004196
Step: 737280	Mean reward: 13.65625	 Loss: -0.08336067199707031
Step: 745472	Mean reward: 11.71875	 Loss: 0.011557083576917648
Step: 753664	Mean reward: 11.875	 Loss: -0.08644010126590729
Step: 761856	Mean reward: 12.84375	 Loss: -0.11825922876596451
Step: 770048	Mean reward: 11.71875	 Loss: -0.08038893342018127
Step: 778240	Mean reward: 11.96875	 Loss: -0.06888876855373383
Step: 786432	Mean reward: 11.125	 Loss: -0.025459149852395058
Step: 794624	Mean reward: 11.34375	 Loss: -0.005961470305919647
Step: 802816	Mean reward: 12.21875	 Loss: 0.009468065574765205
Step: 811008	Mean reward: 12.4375	 Loss: -0.0579448938369751
Step: 819200	Mean reward: 10.78125	 Loss: -0.07093658298254013
Step: 827392	Mean reward: 12.25	 Loss: -0.022924264892935753
Step: 835584	Mean reward: 12.59375	 Loss: -0.05507411062717438
Step: 843776	Mean reward: 11.3125	 Loss: -0.057422488927841187
Step: 851968	Mean reward: 12.875	 Loss: -0.040626563131809235
Step: 860160	Mean reward: 13.65625	 Loss: -0.04938153177499771
Step: 868352	Mean reward: 11.90625	 Loss: -0.046918708831071854
Step: 876544	Mean reward: 13.0625	 Loss: -0.05354200303554535
Step: 884736	Mean reward: 12.125	 Loss: -0.0012544486671686172
Step: 892928	Mean reward: 10.75	 Loss: 0.034092552959918976
Step: 901120	Mean reward: 11.75	 Loss: -0.024046704173088074
Step: 909312	Mean reward: 13.40625	 Loss: -0.07832832634449005
Step: 917504	Mean reward: 11.21875	 Loss: -0.054541267454624176
Step: 925696	Mean reward: 12.40625	 Loss: -0.03174073249101639
Step: 933888	Mean reward: 11.9375	 Loss: -0.08642669022083282
Step: 942080	Mean reward: 12.53125	 Loss: -0.12429376691579819
Step: 950272	Mean reward: 12.5625	 Loss: -0.038088999688625336
Step: 958464	Mean reward: 12.53125	 Loss: -0.09249228239059448
Step: 966656	Mean reward: 12.53125	 Loss: -0.0921652689576149
Step: 974848	Mean reward: 12.1875	 Loss: -0.04773949086666107
Step: 983040	Mean reward: 12.125	 Loss: -0.0993339940905571
Step: 991232	Mean reward: 12.625	 Loss: 0.009755348786711693
Step: 999424	Mean reward: 12.78125	 Loss: -0.04362744092941284
Step: 1007616	Mean reward: 13.03125	 Loss: -0.01917516253888607
Step: 1015808	Mean reward: 13.125	 Loss: -0.08633828163146973
Step: 1024000	Mean reward: 13.15625	 Loss: -0.0821564644575119
Step: 1032192	Mean reward: 12.84375	 Loss: -0.07007644325494766
Step: 1040384	Mean reward: 12.0625	 Loss: -0.06865160167217255
Step: 1048576	Mean reward: 12.6875	 Loss: -0.1680872142314911
Step: 1056768	Mean reward: 14.3125	 Loss: -0.045872099697589874
Step: 1064960	Mean reward: 11.84375	 Loss: -0.010923577472567558
Step: 1073152	Mean reward: 13.53125	 Loss: -0.09898659586906433
Step: 1081344	Mean reward: 14.03125	 Loss: -0.027957729995250702
Step: 1089536	Mean reward: 12.5	 Loss: -0.02834778092801571
Step: 1097728	Mean reward: 12.8125	 Loss: -0.10346373170614243
Step: 1105920	Mean reward: 12.8125	 Loss: -0.02629612572491169
Step: 1114112	Mean reward: 12.71875	 Loss: -0.06407448649406433
Step: 1122304	Mean reward: 12.15625	 Loss: -0.10415107011795044
Step: 1130496	Mean reward: 12.75	 Loss: -0.054591625928878784
Step: 1138688	Mean reward: 13.4375	 Loss: -0.10699424147605896
Step: 1146880	Mean reward: 13.28125	 Loss: -0.08797470480203629
Step: 1155072	Mean reward: 14.09375	 Loss: -0.057510361075401306
Step: 1163264	Mean reward: 13.0	 Loss: -0.025310484692454338
Step: 1171456	Mean reward: 13.8125	 Loss: -0.023278692737221718
Step: 1179648	Mean reward: 12.53125	 Loss: -0.08720032125711441
Step: 1187840	Mean reward: 14.25	 Loss: -0.05566902458667755
Step: 1196032	Mean reward: 12.78125	 Loss: -0.046299003064632416
Step: 1204224	Mean reward: 13.40625	 Loss: -0.0061322953552007675
Step: 1212416	Mean reward: 14.15625	 Loss: -0.04276825115084648
Step: 1220608	Mean reward: 12.84375	 Loss: -0.032864294946193695
Step: 1228800	Mean reward: 13.65625	 Loss: -0.03935212641954422
Step: 1236992	Mean reward: 13.46875	 Loss: -0.06180381029844284
Step: 1245184	Mean reward: 12.1875	 Loss: 0.004872141405940056
Step: 1253376	Mean reward: 13.5	 Loss: -0.028355911374092102
Step: 1261568	Mean reward: 14.15625	 Loss: -0.01821574568748474
Step: 1269760	Mean reward: 15.15625	 Loss: 0.008857513777911663
Step: 1277952	Mean reward: 13.40625	 Loss: 0.025236153975129128
Step: 1286144	Mean reward: 13.78125	 Loss: -0.01057915948331356
Step: 1294336	Mean reward: 13.3125	 Loss: -0.15754522383213043
Step: 1302528	Mean reward: 14.21875	 Loss: -0.05461181327700615
Step: 1310720	Mean reward: 12.5625	 Loss: -0.06777675449848175
Step: 1318912	Mean reward: 14.25	 Loss: -0.044995468109846115
Step: 1327104	Mean reward: 13.8125	 Loss: -0.02679881639778614
Step: 1335296	Mean reward: 14.9375	 Loss: -0.07291185855865479
Step: 1343488	Mean reward: 13.6875	 Loss: -0.0019243815913796425
Step: 1351680	Mean reward: 14.34375	 Loss: -0.052759282290935516
Step: 1359872	Mean reward: 15.09375	 Loss: -0.049990613013505936
Step: 1368064	Mean reward: 12.71875	 Loss: -0.029548274353146553
Step: 1376256	Mean reward: 14.4375	 Loss: -0.056668274104595184
Step: 1384448	Mean reward: 12.46875	 Loss: -0.09493130445480347
Step: 1392640	Mean reward: 14.09375	 Loss: -0.13264356553554535
Step: 1400832	Mean reward: 15.90625	 Loss: -0.0028838207945227623
Step: 1409024	Mean reward: 14.09375	 Loss: -0.05675389617681503
Step: 1417216	Mean reward: 15.4375	 Loss: -0.004103353247046471
Step: 1425408	Mean reward: 14.0625	 Loss: 0.01233438029885292
Step: 1433600	Mean reward: 15.625	 Loss: -0.03768158704042435
Step: 1441792	Mean reward: 13.125	 Loss: -0.0468301847577095
Step: 1449984	Mean reward: 14.25	 Loss: -0.05640091747045517
Step: 1458176	Mean reward: 13.75	 Loss: -0.06014961749315262
Step: 1466368	Mean reward: 14.0625	 Loss: -0.16740842163562775
Step: 1474560	Mean reward: 15.15625	 Loss: -0.020180709660053253
Step: 1482752	Mean reward: 14.59375	 Loss: -0.10296886414289474
Step: 1490944	Mean reward: 12.78125	 Loss: -0.045274678617715836
Step: 1499136	Mean reward: 14.0	 Loss: -0.14867277443408966
Step: 1507328	Mean reward: 13.25	 Loss: -0.02466360479593277
Step: 1515520	Mean reward: 13.375	 Loss: -0.07850228250026703
Step: 1523712	Mean reward: 13.125	 Loss: -0.1085817962884903
Step: 1531904	Mean reward: 13.78125	 Loss: -0.027075599879026413
Step: 1540096	Mean reward: 14.8125	 Loss: -0.08912257850170135
Step: 1548288	Mean reward: 13.75	 Loss: -0.0802680253982544
Step: 1556480	Mean reward: 13.78125	 Loss: -0.022194623947143555
Step: 1564672	Mean reward: 15.09375	 Loss: -0.011313599534332752
Step: 1572864	Mean reward: 15.53125	 Loss: -0.03231178969144821
Step: 1581056	Mean reward: 13.65625	 Loss: -0.156539648771286
Step: 1589248	Mean reward: 14.53125	 Loss: 0.0013667875900864601
Step: 1597440	Mean reward: 14.0	 Loss: -0.10391632467508316
Step: 1605632	Mean reward: 15.03125	 Loss: -0.06076688691973686
Step: 1613824	Mean reward: 13.25	 Loss: -0.08262500166893005
Step: 1622016	Mean reward: 15.46875	 Loss: -0.06743258237838745
Step: 1630208	Mean reward: 15.59375	 Loss: -0.09215015918016434
Step: 1638400	Mean reward: 14.90625	 Loss: -0.05210571736097336
Step: 1646592	Mean reward: 12.8125	 Loss: -0.06495756655931473
Step: 1654784	Mean reward: 13.03125	 Loss: -0.05769389495253563
Step: 1662976	Mean reward: 13.4375	 Loss: -0.0523037351667881
Step: 1671168	Mean reward: 14.78125	 Loss: -0.0692785307765007
Step: 1679360	Mean reward: 13.6875	 Loss: -0.022409383207559586
Step: 1687552	Mean reward: 13.25	 Loss: -0.024614915251731873
Step: 1695744	Mean reward: 14.84375	 Loss: -0.03171282634139061
Step: 1703936	Mean reward: 14.15625	 Loss: -0.0547112300992012
Step: 1712128	Mean reward: 15.1875	 Loss: 0.026942607015371323
Step: 1720320	Mean reward: 12.71875	 Loss: -0.15945135056972504
Step: 1728512	Mean reward: 13.25	 Loss: -0.07799336314201355
Step: 1736704	Mean reward: 15.34375	 Loss: -0.1072479709982872
Step: 1744896	Mean reward: 14.5625	 Loss: 0.015062202699482441
Step: 1753088	Mean reward: 15.875	 Loss: -0.07498227804899216
Step: 1761280	Mean reward: 14.6875	 Loss: -0.12266503274440765
Step: 1769472	Mean reward: 14.8125	 Loss: -0.09018303453922272
Step: 1777664	Mean reward: 14.1875	 Loss: -0.03201717138290405
Step: 1785856	Mean reward: 13.96875	 Loss: -0.14948511123657227
Step: 1794048	Mean reward: 14.5	 Loss: 0.007069287821650505
Step: 1802240	Mean reward: 12.875	 Loss: -0.120046466588974
Step: 1810432	Mean reward: 15.5	 Loss: -0.1059155985713005
Step: 1818624	Mean reward: 14.5625	 Loss: -0.03766636922955513
Step: 1826816	Mean reward: 13.5625	 Loss: -0.08963634073734283
Step: 1835008	Mean reward: 13.65625	 Loss: -0.10117939859628677
Step: 1843200	Mean reward: 12.875	 Loss: -0.07632407546043396
Step: 1851392	Mean reward: 15.78125	 Loss: -0.10943910479545593
Step: 1859584	Mean reward: 14.5	 Loss: -0.09383799135684967
Step: 1867776	Mean reward: 12.71875	 Loss: -0.10941161960363388
Step: 1875968	Mean reward: 14.625	 Loss: -0.07412061095237732
Step: 1884160	Mean reward: 15.15625	 Loss: 0.00829232856631279
Step: 1892352	Mean reward: 14.625	 Loss: -0.15352937579154968
Step: 1900544	Mean reward: 12.96875	 Loss: -0.05572906881570816
Step: 1908736	Mean reward: 13.375	 Loss: -0.042290374636650085
Step: 1916928	Mean reward: 15.0	 Loss: -0.015427600592374802
Step: 1925120	Mean reward: 14.0	 Loss: -0.08860857784748077
Step: 1933312	Mean reward: 15.71875	 Loss: -0.11739567667245865
Step: 1941504	Mean reward: 14.0625	 Loss: -0.1042155995965004
Step: 1949696	Mean reward: 15.5	 Loss: 0.007215400226414204
Step: 1957888	Mean reward: 15.28125	 Loss: -0.14486122131347656
Step: 1966080	Mean reward: 14.21875	 Loss: -0.11384961754083633
Step: 1974272	Mean reward: 13.4375	 Loss: -0.026394275948405266
Step: 1982464	Mean reward: 14.46875	 Loss: -0.09776464104652405
Step: 1990656	Mean reward: 14.65625	 Loss: -0.04518573731184006
Step: 1998848	Mean reward: 14.53125	 Loss: -0.017866527661681175
Step: 2007040	Mean reward: 15.65625	 Loss: -0.057693928480148315
Step: 2015232	Mean reward: 14.25	 Loss: -0.11107432842254639
Step: 2023424	Mean reward: 13.125	 Loss: -0.11750561743974686
Step: 2031616	Mean reward: 13.90625	 Loss: -0.01586361601948738
Step: 2039808	Mean reward: 15.53125	 Loss: -0.05229129269719124
Step: 2048000	Mean reward: 14.0625	 Loss: -0.0869421660900116
Step: 2056192	Mean reward: 15.9375	 Loss: -0.05525330826640129
Step: 2064384	Mean reward: 16.03125	 Loss: 0.05765357241034508
Step: 2072576	Mean reward: 14.6875	 Loss: -0.05334671586751938
Step: 2080768	Mean reward: 14.84375	 Loss: -0.1122378557920456
Step: 2088960	Mean reward: 14.40625	 Loss: -0.06719375401735306
Step: 2097152	Mean reward: 13.625	 Loss: 0.007609764114022255
Step: 2105344	Mean reward: 15.59375	 Loss: -0.06296743452548981
Step: 2113536	Mean reward: 14.375	 Loss: -0.03593062981963158
Step: 2121728	Mean reward: 15.0625	 Loss: -0.11931651085615158
Step: 2129920	Mean reward: 15.625	 Loss: -0.11963075399398804
Step: 2138112	Mean reward: 16.59375	 Loss: -0.034909121692180634
Step: 2146304	Mean reward: 14.71875	 Loss: -0.10622788965702057
Step: 2154496	Mean reward: 14.375	 Loss: -0.09709488600492477
Step: 2162688	Mean reward: 14.625	 Loss: -0.056913845241069794
Step: 2170880	Mean reward: 14.5625	 Loss: -0.15391144156455994
Step: 2179072	Mean reward: 15.15625	 Loss: -0.04168576002120972
Step: 2187264	Mean reward: 16.5625	 Loss: -0.04229612275958061
Step: 2195456	Mean reward: 16.21875	 Loss: -0.13768082857131958
Step: 2203648	Mean reward: 16.28125	 Loss: -0.03069387748837471
Step: 2211840	Mean reward: 15.53125	 Loss: -0.017674459144473076
Step: 2220032	Mean reward: 15.4375	 Loss: -0.1405339241027832
Step: 2228224	Mean reward: 15.75	 Loss: 0.003950321115553379
Step: 2236416	Mean reward: 15.59375	 Loss: -0.05424710735678673
Step: 2244608	Mean reward: 15.84375	 Loss: -0.006413010880351067
Step: 2252800	Mean reward: 15.5625	 Loss: -0.09722112119197845
Step: 2260992	Mean reward: 14.53125	 Loss: -0.010887951590120792
Step: 2269184	Mean reward: 15.125	 Loss: -0.10063298791646957
Step: 2277376	Mean reward: 14.90625	 Loss: -0.021351709961891174
Step: 2285568	Mean reward: 14.75	 Loss: -0.015580384060740471
Step: 2293760	Mean reward: 14.0	 Loss: -0.08005651831626892
Step: 2301952	Mean reward: 17.375	 Loss: 0.019771115854382515
Step: 2310144	Mean reward: 16.875	 Loss: 0.03983331099152565
Step: 2318336	Mean reward: 15.78125	 Loss: -0.09336294233798981
Step: 2326528	Mean reward: 17.375	 Loss: -0.09131836891174316
Step: 2334720	Mean reward: 16.25	 Loss: -0.09195449203252792
Step: 2342912	Mean reward: 15.75	 Loss: 0.014284955337643623
Step: 2351104	Mean reward: 16.875	 Loss: -0.09229464083909988
Step: 2359296	Mean reward: 15.9375	 Loss: -0.01476113498210907
Step: 2367488	Mean reward: 16.0625	 Loss: -0.10148222744464874
Step: 2375680	Mean reward: 15.46875	 Loss: -0.11589565873146057
Step: 2383872	Mean reward: 14.875	 Loss: -0.01574872061610222
Step: 2392064	Mean reward: 15.375	 Loss: -0.06663894653320312
Step: 2400256	Mean reward: 14.78125	 Loss: -0.0353643000125885
Step: 2408448	Mean reward: 15.53125	 Loss: -0.07884805649518967
Step: 2416640	Mean reward: 15.625	 Loss: -0.06820261478424072
Step: 2424832	Mean reward: 16.03125	 Loss: -0.020662538707256317
Step: 2433024	Mean reward: 16.40625	 Loss: -0.035276561975479126
Step: 2441216	Mean reward: 17.4375	 Loss: -0.07848504930734634
Step: 2449408	Mean reward: 15.8125	 Loss: -0.022479988634586334
Step: 2457600	Mean reward: 16.9375	 Loss: -0.02197483740746975
Step: 2465792	Mean reward: 15.21875	 Loss: -0.06435559689998627
Step: 2473984	Mean reward: 15.6875	 Loss: 0.011956409551203251
Step: 2482176	Mean reward: 17.3125	 Loss: -0.06250913441181183
Step: 2490368	Mean reward: 16.0625	 Loss: -0.10238216072320938
Step: 2498560	Mean reward: 15.875	 Loss: -0.10400097072124481
Step: 2506752	Mean reward: 16.125	 Loss: -0.0537896454334259
Step: 2514944	Mean reward: 16.5	 Loss: -0.03479146212339401
Step: 2523136	Mean reward: 15.875	 Loss: -0.022119097411632538
Step: 2531328	Mean reward: 17.0625	 Loss: -0.03637737035751343
Step: 2539520	Mean reward: 15.96875	 Loss: -0.07667215168476105
Step: 2547712	Mean reward: 15.375	 Loss: -0.1066567674279213
Step: 2555904	Mean reward: 14.5	 Loss: -0.059522680938243866
Step: 2564096	Mean reward: 15.84375	 Loss: 0.04169560968875885
Step: 2572288	Mean reward: 16.65625	 Loss: -0.04920404031872749
Step: 2580480	Mean reward: 14.71875	 Loss: -0.11326899379491806
Step: 2588672	Mean reward: 16.40625	 Loss: -0.09960030764341354
Step: 2596864	Mean reward: 15.8125	 Loss: -0.04503229260444641
Step: 2605056	Mean reward: 17.4375	 Loss: -0.042289625853300095
Step: 2613248	Mean reward: 15.84375	 Loss: -0.14798566699028015
Step: 2621440	Mean reward: 15.5625	 Loss: -0.07445826381444931
Step: 2629632	Mean reward: 16.1875	 Loss: -0.01566641591489315
Step: 2637824	Mean reward: 17.84375	 Loss: -0.034484729170799255
Step: 2646016	Mean reward: 16.3125	 Loss: 0.009523535147309303
Step: 2654208	Mean reward: 17.25	 Loss: -0.03937992826104164
Step: 2662400	Mean reward: 16.3125	 Loss: -0.018737562000751495
Step: 2670592	Mean reward: 15.6875	 Loss: -0.006366214714944363
Step: 2678784	Mean reward: 17.0	 Loss: -0.037442877888679504
Step: 2686976	Mean reward: 16.25	 Loss: -0.08025475591421127
Step: 2695168	Mean reward: 16.8125	 Loss: -0.0906495749950409
Step: 2703360	Mean reward: 15.84375	 Loss: -0.10633741319179535
Step: 2711552	Mean reward: 16.3125	 Loss: -0.07462935894727707
Step: 2719744	Mean reward: 16.34375	 Loss: 0.02274812012910843
Step: 2727936	Mean reward: 16.53125	 Loss: -0.06123768538236618
Step: 2736128	Mean reward: 15.53125	 Loss: -0.056570254266262054
Step: 2744320	Mean reward: 16.65625	 Loss: -0.0028030872344970703
Step: 2752512	Mean reward: 15.46875	 Loss: -0.04507889226078987
Step: 2760704	Mean reward: 14.96875	 Loss: -0.08727993071079254
Step: 2768896	Mean reward: 16.15625	 Loss: -0.0762832760810852
Step: 2777088	Mean reward: 16.1875	 Loss: -0.03961329162120819
Step: 2785280	Mean reward: 16.46875	 Loss: -0.012065228074789047
Step: 2793472	Mean reward: 15.21875	 Loss: -0.027486540377140045
Step: 2801664	Mean reward: 16.1875	 Loss: -0.17078962922096252
Step: 2809856	Mean reward: 16.40625	 Loss: 0.043764643371105194
Step: 2818048	Mean reward: 16.25	 Loss: -0.0805380642414093
Step: 2826240	Mean reward: 17.09375	 Loss: 0.010859671048820019
Step: 2834432	Mean reward: 16.125	 Loss: -0.10624876618385315
Step: 2842624	Mean reward: 16.6875	 Loss: -0.0435536727309227
Step: 2850816	Mean reward: 16.71875	 Loss: 0.016376711428165436
Step: 2859008	Mean reward: 16.90625	 Loss: -0.053070589900016785
Step: 2867200	Mean reward: 15.8125	 Loss: -0.11105647683143616
Step: 2875392	Mean reward: 15.28125	 Loss: -0.10917350649833679
Step: 2883584	Mean reward: 16.40625	 Loss: -0.029104214161634445
Step: 2891776	Mean reward: 15.1875	 Loss: 0.018412699922919273
Step: 2899968	Mean reward: 16.5625	 Loss: -0.05095545947551727
Step: 2908160	Mean reward: 16.8125	 Loss: -0.0506414994597435
Step: 2916352	Mean reward: 15.625	 Loss: -0.003043103963136673
Step: 2924544	Mean reward: 15.0	 Loss: -0.0909881591796875
Step: 2932736	Mean reward: 16.40625	 Loss: -0.08844193071126938
Step: 2940928	Mean reward: 16.0625	 Loss: -0.04914085566997528
Step: 2949120	Mean reward: 17.4375	 Loss: -0.005443892441689968
Step: 2957312	Mean reward: 15.65625	 Loss: -0.08617580682039261
Step: 2965504	Mean reward: 16.4375	 Loss: -0.09426064789295197
Step: 2973696	Mean reward: 17.40625	 Loss: -0.056970708072185516
Step: 2981888	Mean reward: 17.125	 Loss: -0.10229583829641342
Step: 2990080	Mean reward: 18.21875	 Loss: -0.06961289793252945
Step: 2998272	Mean reward: 16.40625	 Loss: -0.08022406697273254
Step: 3006464	Mean reward: 16.96875	 Loss: -0.06510670483112335
Completed training at 2021-12-07 13:48:36
Observation space: Box([[[0. 0. 0. ... 0. 0. 0.]
  [0. 0. 0. ... 0. 0. 0.]
  [0. 0. 0. ... 0. 0. 0.]
  ...
  [0. 0. 0. ... 0. 0. 0.]
  [0. 0. 0. ... 0. 0. 0.]
  [0. 0. 0. ... 0. 0. 0.]]

 [[0. 0. 0. ... 0. 0. 0.]
  [0. 0. 0. ... 0. 0. 0.]
  [0. 0. 0. ... 0. 0. 0.]
  ...
  [0. 0. 0. ... 0. 0. 0.]
  [0. 0. 0. ... 0. 0. 0.]
  [0. 0. 0. ... 0. 0. 0.]]

 [[0. 0. 0. ... 0. 0. 0.]
  [0. 0. 0. ... 0. 0. 0.]
  [0. 0. 0. ... 0. 0. 0.]
  ...
  [0. 0. 0. ... 0. 0. 0.]
  [0. 0. 0. ... 0. 0. 0.]
  [0. 0. 0. ... 0. 0. 0.]]], [[[1. 1. 1. ... 1. 1. 1.]
  [1. 1. 1. ... 1. 1. 1.]
  [1. 1. 1. ... 1. 1. 1.]
  ...
  [1. 1. 1. ... 1. 1. 1.]
  [1. 1. 1. ... 1. 1. 1.]
  [1. 1. 1. ... 1. 1. 1.]]

 [[1. 1. 1. ... 1. 1. 1.]
  [1. 1. 1. ... 1. 1. 1.]
  [1. 1. 1. ... 1. 1. 1.]
  ...
  [1. 1. 1. ... 1. 1. 1.]
  [1. 1. 1. ... 1. 1. 1.]
  [1. 1. 1. ... 1. 1. 1.]]

 [[1. 1. 1. ... 1. 1. 1.]
  [1. 1. 1. ... 1. 1. 1.]
  [1. 1. 1. ... 1. 1. 1.]
  ...
  [1. 1. 1. ... 1. 1. 1.]
  [1. 1. 1. ... 1. 1. 1.]
  [1. 1. 1. ... 1. 1. 1.]]], (3, 64, 64), float32)
Action space: 15
Step: 8192	Mean reward: 4.0625	 Loss: 0.44622719287872314
Step: 16384	Mean reward: 3.90625	 Loss: 0.13974866271018982
Step: 24576	Mean reward: 5.78125	 Loss: 0.1275264471769333
Step: 32768	Mean reward: 6.5625	 Loss: 0.04483093321323395
Step: 40960	Mean reward: 6.65625	 Loss: 0.012870017439126968
Step: 49152	Mean reward: 8.28125	 Loss: 0.07569333910942078
Step: 57344	Mean reward: 8.25	 Loss: 0.04074898362159729
Step: 65536	Mean reward: 7.59375	 Loss: 0.023119540885090828
Step: 73728	Mean reward: 9.15625	 Loss: 0.012236794456839561
Step: 81920	Mean reward: 9.1875	 Loss: 0.0454409122467041
Step: 90112	Mean reward: 10.0625	 Loss: -0.09016353636980057
Step: 98304	Mean reward: 9.9375	 Loss: 0.08114447444677353
Step: 106496	Mean reward: 9.59375	 Loss: -0.040165118873119354
Step: 114688	Mean reward: 10.03125	 Loss: 0.016442909836769104
Step: 122880	Mean reward: 10.84375	 Loss: -0.13075728714466095
Step: 131072	Mean reward: 11.5	 Loss: -0.11865081638097763
Step: 139264	Mean reward: 10.8125	 Loss: -0.03838874772191048
Step: 147456	Mean reward: 11.0	 Loss: -0.024650024250149727
Step: 155648	Mean reward: 12.78125	 Loss: -0.06892631947994232
Step: 163840	Mean reward: 11.53125	 Loss: -0.032209716737270355
Step: 172032	Mean reward: 12.0	 Loss: -0.09826908260583878
Step: 180224	Mean reward: 10.84375	 Loss: -0.04519721865653992
Step: 188416	Mean reward: 12.875	 Loss: -0.02789570763707161
Step: 196608	Mean reward: 12.40625	 Loss: -0.03438297286629677
Step: 204800	Mean reward: 11.125	 Loss: -0.10253144800662994
Step: 212992	Mean reward: 13.09375	 Loss: -0.03287728503346443
Step: 221184	Mean reward: 13.96875	 Loss: -0.11762499809265137
Step: 229376	Mean reward: 14.0625	 Loss: -0.07329768687486649
Step: 237568	Mean reward: 12.9375	 Loss: -0.06827028095722198
Step: 245760	Mean reward: 12.5	 Loss: -0.023144546896219254
Step: 253952	Mean reward: 11.71875	 Loss: -0.06498602032661438
Step: 262144	Mean reward: 12.21875	 Loss: -0.10413030534982681
Step: 270336	Mean reward: 13.125	 Loss: -0.012531133368611336
Step: 278528	Mean reward: 13.40625	 Loss: -0.07440198957920074
Step: 286720	Mean reward: 11.96875	 Loss: -0.09206440299749374
Step: 294912	Mean reward: 13.15625	 Loss: -0.04456494003534317
Step: 303104	Mean reward: 13.875	 Loss: -0.025988928973674774
Step: 311296	Mean reward: 11.59375	 Loss: -0.1245463490486145
Step: 319488	Mean reward: 13.34375	 Loss: -0.11242976039648056
Step: 327680	Mean reward: 14.9375	 Loss: -0.015499614179134369
Step: 335872	Mean reward: 14.21875	 Loss: -0.027689442038536072
Step: 344064	Mean reward: 15.5	 Loss: -0.0620175339281559
Step: 352256	Mean reward: 13.46875	 Loss: 0.04258977621793747
Step: 360448	Mean reward: 12.9375	 Loss: -0.12051087617874146
Step: 368640	Mean reward: 14.28125	 Loss: -0.06943899393081665
Step: 376832	Mean reward: 12.96875	 Loss: -0.07619637250900269
Step: 385024	Mean reward: 15.625	 Loss: -0.13167957961559296
Step: 393216	Mean reward: 13.59375	 Loss: -0.08117834478616714
Step: 401408	Mean reward: 14.78125	 Loss: -0.03316901996731758
Step: 409600	Mean reward: 15.0625	 Loss: -0.040162473917007446
Step: 417792	Mean reward: 13.28125	 Loss: -0.11779893934726715
Step: 425984	Mean reward: 16.125	 Loss: -0.01652306132018566
Step: 434176	Mean reward: 13.84375	 Loss: -0.030765872448682785
Step: 442368	Mean reward: 15.78125	 Loss: -0.08127274364233017
Step: 450560	Mean reward: 14.25	 Loss: -0.08813083916902542
Step: 458752	Mean reward: 13.8125	 Loss: -0.09900940209627151
Step: 466944	Mean reward: 16.21875	 Loss: 0.027990033850073814
Step: 475136	Mean reward: 14.75	 Loss: -0.07276836782693863
Step: 483328	Mean reward: 14.6875	 Loss: -0.08666960895061493
Step: 491520	Mean reward: 16.5625	 Loss: -0.11584678292274475
Step: 499712	Mean reward: 14.46875	 Loss: -0.040970463305711746
Step: 507904	Mean reward: 15.71875	 Loss: -0.019054200500249863
Step: 516096	Mean reward: 15.0	 Loss: -0.11354785412549973
Step: 524288	Mean reward: 17.4375	 Loss: -0.06115204840898514
Step: 532480	Mean reward: 16.3125	 Loss: -0.05027250945568085
Step: 540672	Mean reward: 16.5	 Loss: -0.017966337502002716
Step: 548864	Mean reward: 17.40625	 Loss: -0.03310268372297287
Step: 557056	Mean reward: 16.4375	 Loss: -0.08034615218639374
Step: 565248	Mean reward: 15.78125	 Loss: -0.12131018936634064
Step: 573440	Mean reward: 15.84375	 Loss: -0.11935559660196304
Step: 581632	Mean reward: 16.5	 Loss: -0.10764845460653305
Step: 589824	Mean reward: 15.6875	 Loss: -0.06483171880245209
Step: 598016	Mean reward: 15.5	 Loss: -0.15181629359722137
Step: 606208	Mean reward: 16.5	 Loss: 0.02415851131081581
Step: 614400	Mean reward: 17.09375	 Loss: -0.08947445452213287
Step: 622592	Mean reward: 15.875	 Loss: -0.08400705456733704
Step: 630784	Mean reward: 16.34375	 Loss: -0.050592709332704544
Step: 638976	Mean reward: 14.625	 Loss: -0.12875515222549438
Step: 647168	Mean reward: 15.375	 Loss: -0.11956664174795151
Step: 655360	Mean reward: 16.59375	 Loss: -0.07387297600507736
Step: 663552	Mean reward: 14.53125	 Loss: -0.09231643378734589
Step: 671744	Mean reward: 15.8125	 Loss: -0.11659978330135345
Step: 679936	Mean reward: 15.15625	 Loss: -0.0494513101875782
Step: 688128	Mean reward: 15.25	 Loss: -0.010355916805565357
Step: 696320	Mean reward: 14.09375	 Loss: -0.05776546895503998
Step: 704512	Mean reward: 15.9375	 Loss: -0.14643922448158264
Step: 712704	Mean reward: 16.625	 Loss: -0.05998895317316055
Step: 720896	Mean reward: 15.71875	 Loss: -0.06709936261177063
Step: 729088	Mean reward: 17.46875	 Loss: -0.11615101248025894
Step: 737280	Mean reward: 15.46875	 Loss: -0.10304591059684753
Step: 745472	Mean reward: 15.84375	 Loss: -0.08602935820817947
Step: 753664	Mean reward: 16.15625	 Loss: -0.12447193264961243
Step: 761856	Mean reward: 16.09375	 Loss: -0.030498599633574486
Step: 770048	Mean reward: 15.78125	 Loss: -0.07145489007234573
Step: 778240	Mean reward: 16.71875	 Loss: -0.015495914034545422
Step: 786432	Mean reward: 14.875	 Loss: -0.0368163101375103
Step: 794624	Mean reward: 16.0625	 Loss: -0.10636535286903381
Step: 802816	Mean reward: 15.75	 Loss: -0.029313568025827408
Step: 811008	Mean reward: 16.84375	 Loss: -0.005799969658255577
Step: 819200	Mean reward: 16.53125	 Loss: -0.07367826253175735
Step: 827392	Mean reward: 13.78125	 Loss: -0.09041833877563477
Step: 835584	Mean reward: 16.96875	 Loss: -0.07592836767435074
Step: 843776	Mean reward: 16.46875	 Loss: -0.03235996514558792
Step: 851968	Mean reward: 16.1875	 Loss: -0.12824997305870056
Step: 860160	Mean reward: 17.21875	 Loss: -0.08300822228193283
Step: 868352	Mean reward: 15.4375	 Loss: -0.014972629956901073
Step: 876544	Mean reward: 16.125	 Loss: -0.1259196400642395
Step: 884736	Mean reward: 16.28125	 Loss: -0.04579697549343109
Step: 892928	Mean reward: 17.53125	 Loss: -0.03063872642815113
Step: 901120	Mean reward: 16.125	 Loss: -0.07935274392366409
Step: 909312	Mean reward: 15.96875	 Loss: 0.0002066008746623993
Step: 917504	Mean reward: 15.71875	 Loss: -0.05194158852100372
Step: 925696	Mean reward: 16.84375	 Loss: -0.06429329514503479
Step: 933888	Mean reward: 16.875	 Loss: -0.10699009895324707
Step: 942080	Mean reward: 16.90625	 Loss: -0.09173716604709625
Step: 950272	Mean reward: 17.09375	 Loss: -0.0016782544553279877
Step: 958464	Mean reward: 15.84375	 Loss: -0.019622283056378365
Step: 966656	Mean reward: 15.53125	 Loss: -0.047594983130693436
Step: 974848	Mean reward: 17.125	 Loss: -0.08954136073589325
Step: 983040	Mean reward: 17.28125	 Loss: -0.0006603449583053589
Step: 991232	Mean reward: 15.25	 Loss: -0.09018537402153015
Step: 999424	Mean reward: 16.5625	 Loss: -0.04495183378458023
Step: 1007616	Mean reward: 16.15625	 Loss: -0.08138075470924377
Step: 1015808	Mean reward: 17.0	 Loss: -0.022488459944725037
Step: 1024000	Mean reward: 16.875	 Loss: 0.05272533744573593
Step: 1032192	Mean reward: 16.5625	 Loss: -0.0708015039563179
Step: 1040384	Mean reward: 15.65625	 Loss: -0.016181232407689095
Step: 1048576	Mean reward: 17.0	 Loss: -0.10948598384857178
Step: 1056768	Mean reward: 17.25	 Loss: -0.1151382178068161
Step: 1064960	Mean reward: 17.8125	 Loss: -0.051226936280727386
Step: 1073152	Mean reward: 17.03125	 Loss: -0.052721790969371796
Step: 1081344	Mean reward: 18.25	 Loss: -0.02699863165616989
Step: 1089536	Mean reward: 16.9375	 Loss: 0.02136923186480999
Step: 1097728	Mean reward: 16.28125	 Loss: -0.04506658762693405
Step: 1105920	Mean reward: 17.46875	 Loss: -0.04161345586180687
Step: 1114112	Mean reward: 15.625	 Loss: -0.0586153045296669
Step: 1122304	Mean reward: 15.90625	 Loss: -0.15443894267082214
Step: 1130496	Mean reward: 16.28125	 Loss: -0.14023849368095398
Step: 1138688	Mean reward: 15.96875	 Loss: -0.07495929300785065
Step: 1146880	Mean reward: 17.53125	 Loss: -0.10380052030086517
Step: 1155072	Mean reward: 15.75	 Loss: -0.036522768437862396
Step: 1163264	Mean reward: 17.1875	 Loss: -0.11781400442123413
Step: 1171456	Mean reward: 16.875	 Loss: -0.07511033117771149
Step: 1179648	Mean reward: 16.90625	 Loss: -0.07233811169862747
Step: 1187840	Mean reward: 16.625	 Loss: -0.01590925082564354
Step: 1196032	Mean reward: 15.4375	 Loss: -0.05511358380317688
Step: 1204224	Mean reward: 17.65625	 Loss: -0.015055336058139801
Step: 1212416	Mean reward: 17.625	 Loss: -0.02236524596810341
Step: 1220608	Mean reward: 18.3125	 Loss: -0.07210353761911392
Step: 1228800	Mean reward: 16.1875	 Loss: -0.12805795669555664
Step: 1236992	Mean reward: 17.21875	 Loss: 0.00027471594512462616
Step: 1245184	Mean reward: 15.4375	 Loss: -0.03850190341472626
Step: 1253376	Mean reward: 15.78125	 Loss: -0.023210538551211357
Step: 1261568	Mean reward: 18.75	 Loss: -0.07180288434028625
Step: 1269760	Mean reward: 17.71875	 Loss: -0.07739368081092834
Step: 1277952	Mean reward: 18.46875	 Loss: -0.08168628066778183
Step: 1286144	Mean reward: 17.03125	 Loss: -0.06831225752830505
Step: 1294336	Mean reward: 17.6875	 Loss: 0.04076714068651199
Step: 1302528	Mean reward: 17.71875	 Loss: -0.04238767921924591
Step: 1310720	Mean reward: 19.0	 Loss: -0.0665123239159584
Step: 1318912	Mean reward: 16.5625	 Loss: -0.032055336982011795
Step: 1327104	Mean reward: 18.125	 Loss: -0.01573888026177883
Step: 1335296	Mean reward: 16.96875	 Loss: -0.06794233620166779
Step: 1343488	Mean reward: 17.28125	 Loss: -0.05968177691102028
Step: 1351680	Mean reward: 17.90625	 Loss: -0.07552006840705872
Step: 1359872	Mean reward: 18.40625	 Loss: -0.06926888972520828
Step: 1368064	Mean reward: 19.625	 Loss: -0.0521402582526207
Step: 1376256	Mean reward: 17.53125	 Loss: -0.11506512761116028
Step: 1384448	Mean reward: 19.09375	 Loss: 0.05010986328125
Step: 1392640	Mean reward: 16.8125	 Loss: -0.0755683034658432
Step: 1400832	Mean reward: 17.59375	 Loss: -0.17875196039676666
Step: 1409024	Mean reward: 18.78125	 Loss: 0.013519467785954475
Step: 1417216	Mean reward: 19.3125	 Loss: -0.02424420230090618
Step: 1425408	Mean reward: 19.15625	 Loss: -0.03375020623207092
Step: 1433600	Mean reward: 17.375	 Loss: -0.10992667824029922
Step: 1441792	Mean reward: 18.21875	 Loss: -0.12045406550168991
Step: 1449984	Mean reward: 19.125	 Loss: -0.10736368596553802
Step: 1458176	Mean reward: 18.59375	 Loss: -0.10282793641090393
Step: 1466368	Mean reward: 19.34375	 Loss: -0.017392650246620178
Step: 1474560	Mean reward: 16.75	 Loss: 0.0032789604738354683
Step: 1482752	Mean reward: 19.0	 Loss: -0.040399305522441864
Step: 1490944	Mean reward: 18.59375	 Loss: -0.04932591691613197
Step: 1499136	Mean reward: 16.6875	 Loss: -0.05849800631403923
Step: 1507328	Mean reward: 17.96875	 Loss: -0.08455844223499298
Step: 1515520	Mean reward: 18.6875	 Loss: -0.06930163502693176
Step: 1523712	Mean reward: 18.90625	 Loss: -0.06598825752735138
Step: 1531904	Mean reward: 17.875	 Loss: -0.03392466902732849
Step: 1540096	Mean reward: 17.40625	 Loss: -0.065756656229496
Step: 1548288	Mean reward: 17.3125	 Loss: -0.03491341322660446
Step: 1556480	Mean reward: 19.21875	 Loss: -0.026166949421167374
Step: 1564672	Mean reward: 17.40625	 Loss: -0.031197436153888702
Step: 1572864	Mean reward: 17.21875	 Loss: -0.054975781589746475
Step: 1581056	Mean reward: 18.71875	 Loss: 0.018126681447029114
Step: 1589248	Mean reward: 17.125	 Loss: 0.008362465538084507
Step: 1597440	Mean reward: 17.875	 Loss: -0.08383520692586899
Step: 1605632	Mean reward: 17.0625	 Loss: -0.05214142054319382
Step: 1613824	Mean reward: 17.25	 Loss: -0.029744815081357956
Step: 1622016	Mean reward: 17.9375	 Loss: -0.1268516331911087
Step: 1630208	Mean reward: 18.96875	 Loss: -0.05426101014018059
Step: 1638400	Mean reward: 17.28125	 Loss: -0.06666307896375656
Step: 1646592	Mean reward: 16.6875	 Loss: -0.03588784486055374
Step: 1654784	Mean reward: 17.625	 Loss: -0.12466542422771454
Step: 1662976	Mean reward: 17.25	 Loss: -0.024454521015286446
Step: 1671168	Mean reward: 19.1875	 Loss: -0.09629566967487335
Step: 1679360	Mean reward: 18.0	 Loss: -0.03065956011414528
Step: 1687552	Mean reward: 18.4375	 Loss: -0.08244835585355759
Step: 1695744	Mean reward: 19.375	 Loss: -0.0028611943125724792
Step: 1703936	Mean reward: 19.21875	 Loss: 0.023076463490724564
Step: 1712128	Mean reward: 19.0	 Loss: -0.04149904102087021
Step: 1720320	Mean reward: 17.15625	 Loss: -0.030657418072223663
Step: 1728512	Mean reward: 17.78125	 Loss: -0.06732454895973206
Step: 1736704	Mean reward: 18.125	 Loss: -0.10202018916606903
Step: 1744896	Mean reward: 18.65625	 Loss: -0.05616483464837074
Step: 1753088	Mean reward: 17.59375	 Loss: -0.05576189234852791
Step: 1761280	Mean reward: 18.5	 Loss: -0.07918128371238708
Step: 1769472	Mean reward: 18.21875	 Loss: -0.08219821006059647
Step: 1777664	Mean reward: 18.09375	 Loss: -0.012008963152766228
Step: 1785856	Mean reward: 17.96875	 Loss: -0.042143285274505615
Step: 1794048	Mean reward: 19.28125	 Loss: -0.056349016726017
Step: 1802240	Mean reward: 16.53125	 Loss: -0.0038835564628243446
Step: 1810432	Mean reward: 18.875	 Loss: -0.08693252503871918
Step: 1818624	Mean reward: 17.90625	 Loss: -0.04082966595888138
Step: 1826816	Mean reward: 16.65625	 Loss: -0.07601498067378998
Step: 1835008	Mean reward: 17.96875	 Loss: -0.06543514877557755
Step: 1843200	Mean reward: 18.5625	 Loss: -0.034318409860134125
Step: 1851392	Mean reward: 18.96875	 Loss: -0.13653460144996643
Step: 1859584	Mean reward: 18.625	 Loss: 0.01512291468679905
Step: 1867776	Mean reward: 18.1875	 Loss: -0.1189756691455841
Step: 1875968	Mean reward: 17.78125	 Loss: -0.044840291142463684
Step: 1884160	Mean reward: 18.03125	 Loss: -0.13733842968940735
Step: 1892352	Mean reward: 16.96875	 Loss: -0.03375786542892456
Step: 1900544	Mean reward: 18.03125	 Loss: -0.08084788918495178
Step: 1908736	Mean reward: 18.34375	 Loss: 0.004600167274475098
Step: 1916928	Mean reward: 18.59375	 Loss: -0.058880750089883804
Step: 1925120	Mean reward: 17.3125	 Loss: -0.08663804829120636
Step: 1933312	Mean reward: 19.1875	 Loss: -0.06530189514160156
Step: 1941504	Mean reward: 17.40625	 Loss: -0.10066601634025574
Step: 1949696	Mean reward: 16.96875	 Loss: -0.061548784375190735
Step: 1957888	Mean reward: 17.5	 Loss: -0.08524222671985626
Step: 1966080	Mean reward: 18.375	 Loss: -0.07442924380302429
Step: 1974272	Mean reward: 18.8125	 Loss: -0.09234555065631866
Step: 1982464	Mean reward: 19.46875	 Loss: -0.07052211463451385
Step: 1990656	Mean reward: 19.78125	 Loss: -0.01083969697356224
Step: 1998848	Mean reward: 19.40625	 Loss: 0.05443285405635834
Step: 2007040	Mean reward: 18.1875	 Loss: -0.004150363616645336
Step: 2015232	Mean reward: 19.25	 Loss: -0.06071625277400017
Step: 2023424	Mean reward: 17.90625	 Loss: -0.03692880645394325
Step: 2031616	Mean reward: 18.875	 Loss: -0.10063071548938751
Step: 2039808	Mean reward: 18.875	 Loss: -0.0350479818880558
Step: 2048000	Mean reward: 19.15625	 Loss: -0.016377020627260208
Step: 2056192	Mean reward: 19.1875	 Loss: -0.09747593104839325
Step: 2064384	Mean reward: 18.625	 Loss: 0.028636638075113297
Step: 2072576	Mean reward: 20.875	 Loss: -0.030859079211950302
Step: 2080768	Mean reward: 19.625	 Loss: -0.025591880083084106
Step: 2088960	Mean reward: 18.625	 Loss: 0.0027872128412127495
Step: 2097152	Mean reward: 19.46875	 Loss: 0.008557385765016079
Step: 2105344	Mean reward: 18.8125	 Loss: -0.01800837554037571
Step: 2113536	Mean reward: 20.0	 Loss: 0.03839351236820221
Step: 2121728	Mean reward: 20.53125	 Loss: -0.048886969685554504
Step: 2129920	Mean reward: 20.5625	 Loss: 0.026985235512256622
Step: 2138112	Mean reward: 21.21875	 Loss: 0.0010099280625581741
Step: 2146304	Mean reward: 19.4375	 Loss: -0.01032969169318676
Step: 2154496	Mean reward: 18.375	 Loss: 0.06234585866332054
Step: 2162688	Mean reward: 18.40625	 Loss: -0.011617119424045086
Step: 2170880	Mean reward: 20.53125	 Loss: 0.011236196383833885
Step: 2179072	Mean reward: 19.78125	 Loss: -0.011419321410357952
Step: 2187264	Mean reward: 20.71875	 Loss: 0.03209403157234192
Step: 2195456	Mean reward: 18.84375	 Loss: -0.03971729800105095
Step: 2203648	Mean reward: 16.9375	 Loss: -0.05244934931397438
Step: 2211840	Mean reward: 19.8125	 Loss: -0.07517567276954651
Step: 2220032	Mean reward: 18.34375	 Loss: -0.033632442355155945
Step: 2228224	Mean reward: 19.5625	 Loss: -0.026673568412661552
Step: 2236416	Mean reward: 19.15625	 Loss: -0.10117969661951065
Step: 2244608	Mean reward: 18.5	 Loss: -0.06532539427280426
Step: 2252800	Mean reward: 19.03125	 Loss: -0.06755787879228592
Step: 2260992	Mean reward: 19.625	 Loss: -0.04763413220643997
Step: 2269184	Mean reward: 18.34375	 Loss: -0.11418579518795013
Step: 2277376	Mean reward: 19.71875	 Loss: -0.14436455070972443
Step: 2285568	Mean reward: 17.8125	 Loss: 0.02696799486875534
Step: 2293760	Mean reward: 17.28125	 Loss: -0.06453252583742142
Step: 2301952	Mean reward: 21.21875	 Loss: -0.0498187392950058
Step: 2310144	Mean reward: 20.59375	 Loss: -0.03688051551580429
Step: 2318336	Mean reward: 20.5625	 Loss: -0.10209926962852478
Step: 2326528	Mean reward: 19.1875	 Loss: -0.0546233244240284
Step: 2334720	Mean reward: 20.6875	 Loss: 0.06987554579973221
Step: 2342912	Mean reward: 18.96875	 Loss: -0.036297935992479324
Step: 2351104	Mean reward: 18.40625	 Loss: -0.012219030410051346
Step: 2359296	Mean reward: 19.78125	 Loss: -0.03450339287519455
Step: 2367488	Mean reward: 19.09375	 Loss: -0.052329130470752716
Step: 2375680	Mean reward: 18.125	 Loss: -0.030858293175697327
Step: 2383872	Mean reward: 17.9375	 Loss: -0.09820272773504257
Step: 2392064	Mean reward: 18.90625	 Loss: -0.024438150227069855
Step: 2400256	Mean reward: 19.03125	 Loss: -0.007912424392998219
Step: 2408448	Mean reward: 19.6875	 Loss: -0.09687343239784241
Step: 2416640	Mean reward: 19.0625	 Loss: -0.06318361312150955
Step: 2424832	Mean reward: 19.5625	 Loss: -0.0477808378636837
Step: 2433024	Mean reward: 19.25	 Loss: -0.008302779868245125
Step: 2441216	Mean reward: 19.4375	 Loss: -0.05173728987574577
Step: 2449408	Mean reward: 20.46875	 Loss: -0.10095632821321487
Step: 2457600	Mean reward: 18.84375	 Loss: -0.08029190450906754
Step: 2465792	Mean reward: 19.21875	 Loss: -0.08817295730113983
Step: 2473984	Mean reward: 19.71875	 Loss: -0.012781010009348392
Step: 2482176	Mean reward: 17.40625	 Loss: -0.04682271182537079
Step: 2490368	Mean reward: 18.3125	 Loss: -0.015841754153370857
Step: 2498560	Mean reward: 19.375	 Loss: -0.055699046701192856
Step: 2506752	Mean reward: 20.4375	 Loss: -0.014498848468065262
Step: 2514944	Mean reward: 19.25	 Loss: -0.07347182929515839
Step: 2523136	Mean reward: 19.9375	 Loss: 0.03908004239201546
Step: 2531328	Mean reward: 20.0	 Loss: -0.02263973280787468
Step: 2539520	Mean reward: 18.8125	 Loss: 0.0014060484245419502
Step: 2547712	Mean reward: 19.65625	 Loss: -0.04914432018995285
Step: 2555904	Mean reward: 17.8125	 Loss: -0.11286376416683197
Step: 2564096	Mean reward: 19.1875	 Loss: -0.08070871233940125
Step: 2572288	Mean reward: 19.78125	 Loss: 0.053014904260635376
Step: 2580480	Mean reward: 19.125	 Loss: -0.06023474410176277
Step: 2588672	Mean reward: 18.0	 Loss: -0.08233436942100525
Step: 2596864	Mean reward: 19.25	 Loss: -0.06155586242675781
Step: 2605056	Mean reward: 20.125	 Loss: -0.0016429247334599495
Step: 2613248	Mean reward: 20.0	 Loss: -0.04019812494516373
Step: 2621440	Mean reward: 19.6875	 Loss: -0.05538191273808479
Step: 2629632	Mean reward: 20.8125	 Loss: -0.04936320334672928
Step: 2637824	Mean reward: 18.09375	 Loss: -0.010498851537704468
Step: 2646016	Mean reward: 18.46875	 Loss: -0.07064828276634216
Step: 2654208	Mean reward: 19.625	 Loss: -0.05922918766736984
Step: 2662400	Mean reward: 18.15625	 Loss: -0.07352399080991745
Step: 2670592	Mean reward: 19.3125	 Loss: -0.047181662172079086
Step: 2678784	Mean reward: 20.34375	 Loss: -0.03907902538776398
Step: 2686976	Mean reward: 18.3125	 Loss: -0.028136085718870163
Step: 2695168	Mean reward: 19.0625	 Loss: -0.07100068032741547
Step: 2703360	Mean reward: 18.09375	 Loss: -0.047807276248931885
Step: 2711552	Mean reward: 18.5	 Loss: -0.08140866458415985
Step: 2719744	Mean reward: 18.78125	 Loss: -0.02144571766257286
Step: 2727936	Mean reward: 18.65625	 Loss: -0.08211323618888855
Step: 2736128	Mean reward: 18.78125	 Loss: -0.10602699965238571
Step: 2744320	Mean reward: 19.25	 Loss: -0.03871530666947365
Step: 2752512	Mean reward: 18.53125	 Loss: -0.02845604345202446
Step: 2760704	Mean reward: 18.78125	 Loss: -0.1591007560491562
Step: 2768896	Mean reward: 19.28125	 Loss: 0.0037299450486898422
Step: 2777088	Mean reward: 20.375	 Loss: -0.09001710265874863
Step: 2785280	Mean reward: 18.90625	 Loss: -0.005209457129240036
Step: 2793472	Mean reward: 19.0625	 Loss: -0.08715108782052994
Step: 2801664	Mean reward: 18.46875	 Loss: -0.12326571345329285
Step: 2809856	Mean reward: 18.875	 Loss: -0.1165623664855957
Step: 2818048	Mean reward: 19.875	 Loss: -0.010024512186646461
Step: 2826240	Mean reward: 19.90625	 Loss: -0.06112545728683472
Step: 2834432	Mean reward: 18.53125	 Loss: -0.063993901014328
Step: 2842624	Mean reward: 17.15625	 Loss: -0.0558466762304306
Step: 2850816	Mean reward: 20.5	 Loss: -0.010140697471797466
Step: 2859008	Mean reward: 19.9375	 Loss: -0.013399289920926094
Step: 2867200	Mean reward: 19.34375	 Loss: 0.03516668453812599
Step: 2875392	Mean reward: 17.78125	 Loss: -0.08170899003744125
Step: 2883584	Mean reward: 19.75	 Loss: 0.07214757800102234
Step: 2891776	Mean reward: 17.71875	 Loss: -0.09531141817569733
Step: 2899968	Mean reward: 19.375	 Loss: -0.035812318325042725
Step: 2908160	Mean reward: 19.3125	 Loss: -0.03232061490416527
Step: 2916352	Mean reward: 18.84375	 Loss: -0.09372903406620026
Step: 2924544	Mean reward: 19.34375	 Loss: 0.06763774156570435
Step: 2932736	Mean reward: 20.71875	 Loss: -0.01776871085166931
Step: 2940928	Mean reward: 19.625	 Loss: -0.0990724116563797
Step: 2949120	Mean reward: 20.375	 Loss: -0.1521628201007843
Step: 2957312	Mean reward: 20.15625	 Loss: -0.021328605711460114
Step: 2965504	Mean reward: 19.96875	 Loss: -0.04827021062374115
Step: 2973696	Mean reward: 18.5	 Loss: -0.11417459696531296
Step: 2981888	Mean reward: 21.09375	 Loss: -0.03750144690275192
Step: 2990080	Mean reward: 18.8125	 Loss: -0.054827481508255005
Step: 2998272	Mean reward: 18.90625	 Loss: -0.04169701412320137
Step: 3006464	Mean reward: 18.1875	 Loss: 0.0006794091314077377
Completed training at 2021-12-07 15:48:50
Observation space: Box([[[0. 0. 0. ... 0. 0. 0.]
  [0. 0. 0. ... 0. 0. 0.]
  [0. 0. 0. ... 0. 0. 0.]
  ...
  [0. 0. 0. ... 0. 0. 0.]
  [0. 0. 0. ... 0. 0. 0.]
  [0. 0. 0. ... 0. 0. 0.]]

 [[0. 0. 0. ... 0. 0. 0.]
  [0. 0. 0. ... 0. 0. 0.]
  [0. 0. 0. ... 0. 0. 0.]
  ...
  [0. 0. 0. ... 0. 0. 0.]
  [0. 0. 0. ... 0. 0. 0.]
  [0. 0. 0. ... 0. 0. 0.]]

 [[0. 0. 0. ... 0. 0. 0.]
  [0. 0. 0. ... 0. 0. 0.]
  [0. 0. 0. ... 0. 0. 0.]
  ...
  [0. 0. 0. ... 0. 0. 0.]
  [0. 0. 0. ... 0. 0. 0.]
  [0. 0. 0. ... 0. 0. 0.]]], [[[1. 1. 1. ... 1. 1. 1.]
  [1. 1. 1. ... 1. 1. 1.]
  [1. 1. 1. ... 1. 1. 1.]
  ...
  [1. 1. 1. ... 1. 1. 1.]
  [1. 1. 1. ... 1. 1. 1.]
  [1. 1. 1. ... 1. 1. 1.]]

 [[1. 1. 1. ... 1. 1. 1.]
  [1. 1. 1. ... 1. 1. 1.]
  [1. 1. 1. ... 1. 1. 1.]
  ...
  [1. 1. 1. ... 1. 1. 1.]
  [1. 1. 1. ... 1. 1. 1.]
  [1. 1. 1. ... 1. 1. 1.]]

 [[1. 1. 1. ... 1. 1. 1.]
  [1. 1. 1. ... 1. 1. 1.]
  [1. 1. 1. ... 1. 1. 1.]
  ...
  [1. 1. 1. ... 1. 1. 1.]
  [1. 1. 1. ... 1. 1. 1.]
  [1. 1. 1. ... 1. 1. 1.]]], (3, 64, 64), float32)
Action space: 15
Step: 8192	Mean reward: 4.125	 Loss: 0.6216742396354675
Step: 16384	Mean reward: 4.1875	 Loss: 0.2968354821205139
Step: 24576	Mean reward: 4.90625	 Loss: 0.09741520136594772
Step: 32768	Mean reward: 6.3125	 Loss: 0.14308804273605347
Step: 40960	Mean reward: 5.96875	 Loss: 0.17932991683483124
Step: 49152	Mean reward: 6.375	 Loss: 0.07857170701026917
Step: 57344	Mean reward: 7.78125	 Loss: 0.07910023629665375
Step: 65536	Mean reward: 7.9375	 Loss: 0.06369704008102417
Step: 73728	Mean reward: 9.09375	 Loss: 0.0013039745390415192
Step: 81920	Mean reward: 8.84375	 Loss: 0.09517649561166763
Step: 90112	Mean reward: 10.65625	 Loss: -0.0007700789719820023
Step: 98304	Mean reward: 9.3125	 Loss: -0.02047734148800373
Step: 106496	Mean reward: 11.0	 Loss: 0.01171606034040451
Step: 114688	Mean reward: 11.0	 Loss: 0.021903719753026962
Step: 122880	Mean reward: 11.34375	 Loss: 0.056060321629047394
Step: 131072	Mean reward: 11.21875	 Loss: 0.03239644691348076
Step: 139264	Mean reward: 12.21875	 Loss: -0.06885881721973419
Step: 147456	Mean reward: 12.75	 Loss: -0.04524838924407959
Step: 155648	Mean reward: 13.4375	 Loss: -0.03625263273715973
Step: 163840	Mean reward: 11.90625	 Loss: -0.015004869550466537
Step: 172032	Mean reward: 13.0	 Loss: -0.017094211652874947
Step: 180224	Mean reward: 12.8125	 Loss: -0.01279105432331562
Step: 188416	Mean reward: 13.0625	 Loss: -0.03867170959711075
Step: 196608	Mean reward: 12.75	 Loss: -0.058826372027397156
Step: 204800	Mean reward: 13.40625	 Loss: -0.004077175632119179
Step: 212992	Mean reward: 12.4375	 Loss: -0.09416685253381729
Step: 221184	Mean reward: 13.71875	 Loss: -0.0638626366853714
Step: 229376	Mean reward: 14.09375	 Loss: -0.08161908388137817
Step: 237568	Mean reward: 12.84375	 Loss: -0.06896011531352997
Step: 245760	Mean reward: 13.3125	 Loss: -0.08283885568380356
Step: 253952	Mean reward: 14.34375	 Loss: -0.07529526948928833
Step: 262144	Mean reward: 14.28125	 Loss: -0.10123341530561447
Step: 270336	Mean reward: 13.53125	 Loss: 0.002506112679839134
Step: 278528	Mean reward: 13.25	 Loss: -0.12776386737823486
Step: 286720	Mean reward: 13.3125	 Loss: -0.018339749425649643
Step: 294912	Mean reward: 14.53125	 Loss: -0.09753476083278656
Step: 303104	Mean reward: 14.3125	 Loss: -0.1268835961818695
Step: 311296	Mean reward: 15.0	 Loss: -0.06924247741699219
Step: 319488	Mean reward: 15.03125	 Loss: -0.09808807820081711
Step: 327680	Mean reward: 14.96875	 Loss: -0.010037438943982124
Step: 335872	Mean reward: 14.625	 Loss: -0.08001330494880676
Step: 344064	Mean reward: 14.59375	 Loss: -0.1041945070028305
Step: 352256	Mean reward: 16.5	 Loss: 0.026284605264663696
Step: 360448	Mean reward: 16.3125	 Loss: -0.028893938288092613
Step: 368640	Mean reward: 16.21875	 Loss: -0.10075187683105469
Step: 376832	Mean reward: 15.5	 Loss: -0.08308781683444977
Step: 385024	Mean reward: 16.90625	 Loss: -0.03916710615158081
Step: 393216	Mean reward: 17.40625	 Loss: -0.10976527631282806
Step: 401408	Mean reward: 16.28125	 Loss: -0.046441204845905304
Step: 409600	Mean reward: 15.5625	 Loss: -0.03343883156776428
Step: 417792	Mean reward: 16.34375	 Loss: -0.04557046294212341
Step: 425984	Mean reward: 16.1875	 Loss: -0.06790123879909515
Step: 434176	Mean reward: 16.5625	 Loss: -0.09830748289823532
Step: 442368	Mean reward: 16.21875	 Loss: -0.10226324945688248
Step: 450560	Mean reward: 17.84375	 Loss: -0.1318618208169937
Step: 458752	Mean reward: 17.6875	 Loss: -0.001330789178609848
Step: 466944	Mean reward: 16.59375	 Loss: -0.05207737535238266
Step: 475136	Mean reward: 17.8125	 Loss: -0.01598989963531494
Step: 483328	Mean reward: 15.5	 Loss: -0.062178321182727814
Step: 491520	Mean reward: 16.9375	 Loss: -0.06203790754079819
Step: 499712	Mean reward: 16.4375	 Loss: -0.018579969182610512
Step: 507904	Mean reward: 17.65625	 Loss: -0.07991743832826614
Step: 516096	Mean reward: 17.84375	 Loss: -0.0479988232254982
Step: 524288	Mean reward: 16.59375	 Loss: -0.01790865696966648
Step: 532480	Mean reward: 17.6875	 Loss: -0.06231233477592468
Step: 540672	Mean reward: 18.9375	 Loss: -0.08557377755641937
Step: 548864	Mean reward: 19.03125	 Loss: -0.09831488132476807
Step: 557056	Mean reward: 17.21875	 Loss: -0.02135699987411499
Step: 565248	Mean reward: 17.25	 Loss: -0.09256083518266678
Step: 573440	Mean reward: 17.96875	 Loss: -0.13324302434921265
Step: 581632	Mean reward: 17.40625	 Loss: -0.03733021020889282
Step: 589824	Mean reward: 17.15625	 Loss: -0.04985537379980087
Step: 598016	Mean reward: 18.65625	 Loss: -0.10203665494918823
Step: 606208	Mean reward: 17.6875	 Loss: 0.0036500850692391396
Step: 614400	Mean reward: 17.875	 Loss: -0.0711439847946167
Step: 622592	Mean reward: 17.34375	 Loss: -0.04804616421461105
Step: 630784	Mean reward: 17.65625	 Loss: -0.008216172456741333
Step: 638976	Mean reward: 19.15625	 Loss: -0.016033858060836792
Step: 647168	Mean reward: 16.3125	 Loss: -0.12568557262420654
Step: 655360	Mean reward: 16.90625	 Loss: -0.07467803359031677
Step: 663552	Mean reward: 17.375	 Loss: -0.10699779540300369
Step: 671744	Mean reward: 17.90625	 Loss: -0.05293136462569237
Step: 679936	Mean reward: 17.34375	 Loss: 0.01974596083164215
Step: 688128	Mean reward: 17.375	 Loss: -0.10620632767677307
Step: 696320	Mean reward: 17.40625	 Loss: -0.04318474233150482
Step: 704512	Mean reward: 18.40625	 Loss: -0.029192928224802017
Step: 712704	Mean reward: 17.875	 Loss: -0.022088784724473953
Step: 720896	Mean reward: 17.125	 Loss: -0.12614399194717407
Step: 729088	Mean reward: 17.9375	 Loss: -0.08925394713878632
Step: 737280	Mean reward: 17.21875	 Loss: -0.05346130579710007
Step: 745472	Mean reward: 16.375	 Loss: 0.02688082680106163
Step: 753664	Mean reward: 19.0	 Loss: -0.030818339437246323
Step: 761856	Mean reward: 18.5	 Loss: -0.040422819554805756
Step: 770048	Mean reward: 19.3125	 Loss: -0.0977189689874649
Step: 778240	Mean reward: 18.21875	 Loss: -0.04297174513339996
Step: 786432	Mean reward: 18.375	 Loss: -0.00878659263253212
Step: 794624	Mean reward: 16.625	 Loss: -0.08767674118280411
Step: 802816	Mean reward: 17.40625	 Loss: -0.11102283746004105
Step: 811008	Mean reward: 17.1875	 Loss: -0.10982295870780945
Step: 819200	Mean reward: 18.90625	 Loss: -0.07678420841693878
Step: 827392	Mean reward: 17.59375	 Loss: -0.02449112758040428
Step: 835584	Mean reward: 17.15625	 Loss: -0.031124748289585114
Step: 843776	Mean reward: 17.5625	 Loss: 0.017215939238667488
Step: 851968	Mean reward: 18.75	 Loss: -0.039532434195280075
Step: 860160	Mean reward: 18.3125	 Loss: -0.0019368976354599
Step: 868352	Mean reward: 19.375	 Loss: -0.020291145890951157
Step: 876544	Mean reward: 18.28125	 Loss: -0.07996869087219238
Step: 884736	Mean reward: 19.21875	 Loss: -0.04296664521098137
Step: 892928	Mean reward: 18.0625	 Loss: -0.09309418499469757
Step: 901120	Mean reward: 17.84375	 Loss: -0.11699628829956055
Step: 909312	Mean reward: 18.09375	 Loss: -0.03267596662044525
Step: 917504	Mean reward: 18.125	 Loss: -0.017826877534389496
Step: 925696	Mean reward: 17.65625	 Loss: -0.09181085228919983
Step: 933888	Mean reward: 18.4375	 Loss: -0.04187120497226715
Step: 942080	Mean reward: 18.0625	 Loss: -0.01947414129972458
Step: 950272	Mean reward: 19.4375	 Loss: -0.017602499574422836
Step: 958464	Mean reward: 17.5	 Loss: -0.11104408651590347
Step: 966656	Mean reward: 18.15625	 Loss: 0.02544087916612625
Step: 974848	Mean reward: 18.21875	 Loss: -0.05738725885748863
Step: 983040	Mean reward: 19.03125	 Loss: -0.12644562125205994
Step: 991232	Mean reward: 18.0625	 Loss: -0.010543855838477612
Step: 999424	Mean reward: 19.3125	 Loss: -0.01882142387330532
Step: 1007616	Mean reward: 18.65625	 Loss: -0.12008322030305862
Step: 1015808	Mean reward: 19.71875	 Loss: -0.04507724940776825
Step: 1024000	Mean reward: 19.21875	 Loss: -0.010572221130132675
Step: 1032192	Mean reward: 18.8125	 Loss: -0.01429450698196888
Step: 1040384	Mean reward: 18.71875	 Loss: -0.03837127983570099
Step: 1048576	Mean reward: 18.75	 Loss: -0.02645978145301342
Step: 1056768	Mean reward: 19.09375	 Loss: -0.049958735704422
Step: 1064960	Mean reward: 18.4375	 Loss: -0.06340213119983673
Step: 1073152	Mean reward: 19.6875	 Loss: -0.16285870969295502
Step: 1081344	Mean reward: 19.46875	 Loss: -0.11853440850973129
Step: 1089536	Mean reward: 19.53125	 Loss: 0.022507932037115097
Step: 1097728	Mean reward: 19.3125	 Loss: -0.028819851577281952
Step: 1105920	Mean reward: 19.28125	 Loss: -0.0476885586977005
Step: 1114112	Mean reward: 19.34375	 Loss: -0.04608060419559479
Step: 1122304	Mean reward: 17.46875	 Loss: -0.04662778228521347
Step: 1130496	Mean reward: 17.75	 Loss: -0.12097853422164917
Step: 1138688	Mean reward: 19.28125	 Loss: -0.039567042142152786
Step: 1146880	Mean reward: 19.03125	 Loss: -0.027627654373645782
Step: 1155072	Mean reward: 18.71875	 Loss: -0.05189219489693642
Step: 1163264	Mean reward: 17.84375	 Loss: -0.11249622702598572
Step: 1171456	Mean reward: 19.375	 Loss: 0.0642583891749382
Step: 1179648	Mean reward: 18.59375	 Loss: -0.03146491199731827
Step: 1187840	Mean reward: 18.34375	 Loss: -0.04022608697414398
Step: 1196032	Mean reward: 18.71875	 Loss: -0.07090812176465988
Step: 1204224	Mean reward: 18.59375	 Loss: -0.045627411454916
Step: 1212416	Mean reward: 18.8125	 Loss: -0.059411775320768356
Step: 1220608	Mean reward: 18.34375	 Loss: 0.022431641817092896
Step: 1228800	Mean reward: 21.0	 Loss: -0.0129129933193326
Step: 1236992	Mean reward: 19.40625	 Loss: 0.02903420478105545
Step: 1245184	Mean reward: 19.53125	 Loss: -0.0807064101099968
Step: 1253376	Mean reward: 19.34375	 Loss: -0.0680021122097969
Step: 1261568	Mean reward: 21.0	 Loss: -0.0029920395463705063
Step: 1269760	Mean reward: 19.21875	 Loss: -0.06434865295886993
Step: 1277952	Mean reward: 19.5	 Loss: -0.05022440478205681
Step: 1286144	Mean reward: 19.03125	 Loss: -0.08135964721441269
Step: 1294336	Mean reward: 21.0625	 Loss: -0.05587766319513321
Step: 1302528	Mean reward: 18.90625	 Loss: -0.09740783274173737
Step: 1310720	Mean reward: 18.125	 Loss: -0.11185842007398605
Step: 1318912	Mean reward: 19.3125	 Loss: -0.08915580064058304
Step: 1327104	Mean reward: 19.875	 Loss: -0.015954740345478058
Step: 1335296	Mean reward: 19.84375	 Loss: 0.02928907796740532
Step: 1343488	Mean reward: 19.8125	 Loss: -0.1820961982011795
Step: 1351680	Mean reward: 18.5625	 Loss: -0.129878431558609
Step: 1359872	Mean reward: 18.84375	 Loss: -0.05649210140109062
Step: 1368064	Mean reward: 21.15625	 Loss: -0.04175405204296112
Step: 1376256	Mean reward: 19.84375	 Loss: -0.07178725302219391
Step: 1384448	Mean reward: 19.375	 Loss: -0.06450206786394119
Step: 1392640	Mean reward: 19.8125	 Loss: -0.02156808041036129
Step: 1400832	Mean reward: 19.21875	 Loss: -0.11955518275499344
Step: 1409024	Mean reward: 20.0	 Loss: -0.07389506697654724
Step: 1417216	Mean reward: 19.1875	 Loss: -0.07562685012817383
Step: 1425408	Mean reward: 19.34375	 Loss: -0.04872932657599449
Step: 1433600	Mean reward: 18.40625	 Loss: -0.025135492905974388
Step: 1441792	Mean reward: 20.09375	 Loss: -0.015969006344676018
Step: 1449984	Mean reward: 18.15625	 Loss: -0.03405057638883591
Step: 1458176	Mean reward: 19.9375	 Loss: -0.15161414444446564
Step: 1466368	Mean reward: 21.09375	 Loss: -0.0917450487613678
Step: 1474560	Mean reward: 20.59375	 Loss: -0.04266250878572464
Step: 1482752	Mean reward: 20.15625	 Loss: -0.09368208795785904
Step: 1490944	Mean reward: 21.1875	 Loss: -0.0016789119690656662
Step: 1499136	Mean reward: 19.5625	 Loss: -0.03861162066459656
Step: 1507328	Mean reward: 19.0	 Loss: -0.054182931780815125
Step: 1515520	Mean reward: 19.65625	 Loss: -0.0023223794996738434
Step: 1523712	Mean reward: 20.65625	 Loss: 0.00966714508831501
Step: 1531904	Mean reward: 18.5625	 Loss: -0.09898588806390762
Step: 1540096	Mean reward: 18.46875	 Loss: -0.020187117159366608
Step: 1548288	Mean reward: 20.0	 Loss: -0.007542167790234089
Step: 1556480	Mean reward: 19.53125	 Loss: -0.08370047062635422
Step: 1564672	Mean reward: 21.1875	 Loss: -0.01146214921027422
Step: 1572864	Mean reward: 19.3125	 Loss: -0.0034473733976483345
Step: 1581056	Mean reward: 18.59375	 Loss: -0.02129056304693222
Step: 1589248	Mean reward: 21.28125	 Loss: -0.10128690302371979
Step: 1597440	Mean reward: 19.09375	 Loss: -0.03895163536071777
Step: 1605632	Mean reward: 21.5	 Loss: -0.008974234573543072
Step: 1613824	Mean reward: 21.4375	 Loss: -0.0018152063712477684
Step: 1622016	Mean reward: 20.8125	 Loss: -0.07967190444469452
Step: 1630208	Mean reward: 21.09375	 Loss: -0.09389692544937134
Step: 1638400	Mean reward: 20.21875	 Loss: -0.03313113749027252
Step: 1646592	Mean reward: 20.09375	 Loss: -0.050316765904426575
Step: 1654784	Mean reward: 19.1875	 Loss: -0.07343516498804092
Step: 1662976	Mean reward: 21.65625	 Loss: -0.016916193068027496
Step: 1671168	Mean reward: 20.125	 Loss: -0.12119313329458237
Step: 1679360	Mean reward: 21.53125	 Loss: -0.009349099360406399
Step: 1687552	Mean reward: 20.15625	 Loss: -0.02059922181069851
Step: 1695744	Mean reward: 21.90625	 Loss: -0.014351030811667442
Step: 1703936	Mean reward: 19.53125	 Loss: -0.10175967961549759
Step: 1712128	Mean reward: 20.625	 Loss: -0.03313770145177841
Step: 1720320	Mean reward: 20.53125	 Loss: 0.012784326449036598
Step: 1728512	Mean reward: 21.8125	 Loss: -0.1373148411512375
Step: 1736704	Mean reward: 20.28125	 Loss: -0.015646444633603096
Step: 1744896	Mean reward: 20.3125	 Loss: -0.03724038973450661
Step: 1753088	Mean reward: 20.34375	 Loss: 0.01819877326488495
Step: 1761280	Mean reward: 20.46875	 Loss: 0.04279741644859314
Step: 1769472	Mean reward: 18.71875	 Loss: -0.06268806755542755
Step: 1777664	Mean reward: 21.6875	 Loss: -0.014826892875134945
Step: 1785856	Mean reward: 21.15625	 Loss: -0.09480742365121841
Step: 1794048	Mean reward: 20.0625	 Loss: -0.0722249448299408
Step: 1802240	Mean reward: 21.625	 Loss: -0.033990517258644104
Step: 1810432	Mean reward: 19.4375	 Loss: -0.032609909772872925
Step: 1818624	Mean reward: 23.53125	 Loss: -0.041342124342918396
Step: 1826816	Mean reward: 22.3125	 Loss: -0.10123154520988464
Step: 1835008	Mean reward: 19.125	 Loss: -0.01686430349946022
Step: 1843200	Mean reward: 20.5	 Loss: 0.08000799268484116
Step: 1851392	Mean reward: 20.40625	 Loss: -0.03328024968504906
Step: 1859584	Mean reward: 20.75	 Loss: -0.042748820036649704
Step: 1867776	Mean reward: 21.75	 Loss: -0.0903618186712265
Step: 1875968	Mean reward: 20.03125	 Loss: 0.02854005992412567
Step: 1884160	Mean reward: 20.0	 Loss: 0.004427515901625156
Step: 1892352	Mean reward: 20.875	 Loss: -0.15493449568748474
Step: 1900544	Mean reward: 19.21875	 Loss: -0.02028745412826538
Step: 1908736	Mean reward: 18.15625	 Loss: -0.03277439624071121
Step: 1916928	Mean reward: 21.875	 Loss: -0.07798474282026291
Step: 1925120	Mean reward: 19.71875	 Loss: -0.0342872329056263
Step: 1933312	Mean reward: 20.5	 Loss: -0.08697943389415741
Step: 1941504	Mean reward: 20.6875	 Loss: -0.10699921101331711
Step: 1949696	Mean reward: 18.125	 Loss: -0.018159499391913414
Step: 1957888	Mean reward: 20.5625	 Loss: -0.05279654264450073
Step: 1966080	Mean reward: 20.1875	 Loss: -0.0399869829416275
Step: 1974272	Mean reward: 19.25	 Loss: -0.0837785080075264
Step: 1982464	Mean reward: 17.78125	 Loss: -0.06224001199007034
Step: 1990656	Mean reward: 20.96875	 Loss: -0.07583369314670563
Step: 1998848	Mean reward: 21.125	 Loss: -0.028082523494958878
Step: 2007040	Mean reward: 18.875	 Loss: -0.050617367029190063
Step: 2015232	Mean reward: 22.125	 Loss: -0.10472514480352402
Step: 2023424	Mean reward: 20.96875	 Loss: -0.03815643489360809
Step: 2031616	Mean reward: 21.09375	 Loss: -0.13024501502513885
Step: 2039808	Mean reward: 19.3125	 Loss: -0.12563692033290863
Step: 2048000	Mean reward: 19.90625	 Loss: -0.032975610345602036
Step: 2056192	Mean reward: 19.15625	 Loss: -0.015627659857273102
Step: 2064384	Mean reward: 19.84375	 Loss: -0.10796160250902176
Step: 2072576	Mean reward: 20.65625	 Loss: -0.07047700881958008
Step: 2080768	Mean reward: 19.0625	 Loss: -0.07377418875694275
Step: 2088960	Mean reward: 19.21875	 Loss: -0.05885329097509384
Step: 2097152	Mean reward: 19.3125	 Loss: 0.02628229185938835
Step: 2105344	Mean reward: 18.1875	 Loss: -0.05508380010724068
Step: 2113536	Mean reward: 21.03125	 Loss: 0.003919865936040878
Step: 2121728	Mean reward: 20.0	 Loss: -0.06870059669017792
Step: 2129920	Mean reward: 20.53125	 Loss: -0.03164108842611313
Step: 2138112	Mean reward: 18.46875	 Loss: 0.003590882755815983
Step: 2146304	Mean reward: 20.8125	 Loss: -0.034206703305244446
Step: 2154496	Mean reward: 21.34375	 Loss: -0.07144787907600403
Step: 2162688	Mean reward: 20.96875	 Loss: 0.006072137504816055
Step: 2170880	Mean reward: 20.375	 Loss: 0.01729555055499077
Step: 2179072	Mean reward: 19.40625	 Loss: -0.013636135496199131
Step: 2187264	Mean reward: 20.53125	 Loss: 0.08305735886096954
Step: 2195456	Mean reward: 19.40625	 Loss: -0.0789995864033699
Step: 2203648	Mean reward: 18.84375	 Loss: -0.10279335081577301
Step: 2211840	Mean reward: 21.1875	 Loss: -0.041981324553489685
Step: 2220032	Mean reward: 19.5	 Loss: -0.0911078006029129
Step: 2228224	Mean reward: 19.65625	 Loss: -0.06870110332965851
Step: 2236416	Mean reward: 18.90625	 Loss: 0.05407390370965004
Step: 2244608	Mean reward: 20.25	 Loss: -0.02791810780763626
Step: 2252800	Mean reward: 19.84375	 Loss: -0.04314015433192253
Step: 2260992	Mean reward: 19.46875	 Loss: -0.052011437714099884
Step: 2269184	Mean reward: 20.25	 Loss: -0.06897597014904022
Step: 2277376	Mean reward: 20.15625	 Loss: -0.0648517906665802
Step: 2285568	Mean reward: 21.53125	 Loss: -0.11495895683765411
Step: 2293760	Mean reward: 20.84375	 Loss: -0.011718612164258957
Step: 2301952	Mean reward: 19.96875	 Loss: -0.012867582961916924
Step: 2310144	Mean reward: 19.875	 Loss: -0.06626145541667938
Step: 2318336	Mean reward: 19.46875	 Loss: -0.11451426148414612
Step: 2326528	Mean reward: 21.03125	 Loss: -0.04266088455915451
Step: 2334720	Mean reward: 18.5625	 Loss: 0.01835930161178112
Step: 2342912	Mean reward: 21.4375	 Loss: -0.04030147194862366
Step: 2351104	Mean reward: 20.1875	 Loss: -0.04508140683174133
Step: 2359296	Mean reward: 20.5	 Loss: 0.003184865228831768
Step: 2367488	Mean reward: 20.53125	 Loss: -0.04616336151957512
Step: 2375680	Mean reward: 20.59375	 Loss: -0.05497810244560242
Step: 2383872	Mean reward: 19.25	 Loss: 0.007145493291318417
Step: 2392064	Mean reward: 19.375	 Loss: -0.10269175469875336
Step: 2400256	Mean reward: 20.96875	 Loss: -0.07808954268693924
Step: 2408448	Mean reward: 18.84375	 Loss: -0.061294037848711014
Step: 2416640	Mean reward: 21.5625	 Loss: -0.0181424617767334
Step: 2424832	Mean reward: 20.125	 Loss: -0.06913266330957413
Step: 2433024	Mean reward: 20.40625	 Loss: 0.03902512043714523
Step: 2441216	Mean reward: 18.34375	 Loss: -0.0575837716460228
Step: 2449408	Mean reward: 19.65625	 Loss: -0.08524589240550995
Step: 2457600	Mean reward: 18.875	 Loss: 0.008902188390493393
Step: 2465792	Mean reward: 21.34375	 Loss: 0.005602667108178139
Step: 2473984	Mean reward: 20.15625	 Loss: -0.10646841675043106
Step: 2482176	Mean reward: 20.21875	 Loss: -0.06910153478384018
Step: 2490368	Mean reward: 18.9375	 Loss: -0.025248901918530464
Step: 2498560	Mean reward: 20.03125	 Loss: -0.07900868356227875
Step: 2506752	Mean reward: 20.78125	 Loss: -0.04042362421751022
Step: 2514944	Mean reward: 21.1875	 Loss: -0.07711799442768097
Step: 2523136	Mean reward: 19.4375	 Loss: -0.06006387621164322
Step: 2531328	Mean reward: 19.625	 Loss: 0.002373943105340004
Step: 2539520	Mean reward: 21.09375	 Loss: -0.05175493285059929
Step: 2547712	Mean reward: 20.78125	 Loss: -0.09149741381406784
Step: 2555904	Mean reward: 21.65625	 Loss: -0.006665125489234924
Step: 2564096	Mean reward: 20.84375	 Loss: -0.0023947805166244507
Step: 2572288	Mean reward: 19.9375	 Loss: -0.032446056604385376
Step: 2580480	Mean reward: 19.5625	 Loss: -0.04442713037133217
Step: 2588672	Mean reward: 21.0	 Loss: -0.029575537890195847
Step: 2596864	Mean reward: 20.15625	 Loss: -0.055759038776159286
Step: 2605056	Mean reward: 20.125	 Loss: -0.03385680168867111
Step: 2613248	Mean reward: 19.5	 Loss: -0.04917166382074356
Step: 2621440	Mean reward: 22.34375	 Loss: -0.073313869535923
Step: 2629632	Mean reward: 20.65625	 Loss: 0.01723640412092209
Step: 2637824	Mean reward: 20.3125	 Loss: 0.00888854917138815
Step: 2646016	Mean reward: 21.5	 Loss: -0.019389066845178604
Step: 2654208	Mean reward: 20.03125	 Loss: -0.12589970231056213
Step: 2662400	Mean reward: 22.21875	 Loss: 0.013250625692307949
Step: 2670592	Mean reward: 20.625	 Loss: -0.0135719645768404
Step: 2678784	Mean reward: 17.9375	 Loss: -0.07248853892087936
Step: 2686976	Mean reward: 20.28125	 Loss: -0.130991131067276
Step: 2695168	Mean reward: 19.96875	 Loss: -0.012409690767526627
Step: 2703360	Mean reward: 19.84375	 Loss: -0.04798512905836105
Step: 2711552	Mean reward: 19.71875	 Loss: -0.07335776090621948
Step: 2719744	Mean reward: 19.125	 Loss: -0.07479456812143326
Step: 2727936	Mean reward: 20.625	 Loss: -0.05739718675613403
Step: 2736128	Mean reward: 19.6875	 Loss: -0.07068165391683578
Step: 2744320	Mean reward: 20.125	 Loss: -0.0540938526391983
Step: 2752512	Mean reward: 17.78125	 Loss: -0.026360057294368744
Step: 2760704	Mean reward: 18.8125	 Loss: -0.0268557108938694
Step: 2768896	Mean reward: 20.4375	 Loss: -0.09318870306015015
Step: 2777088	Mean reward: 20.9375	 Loss: 0.00658999290317297
Step: 2785280	Mean reward: 20.90625	 Loss: -0.14774557948112488
Step: 2793472	Mean reward: 19.90625	 Loss: -0.05921283736824989
Step: 2801664	Mean reward: 20.5625	 Loss: -0.005656692199409008
Step: 2809856	Mean reward: 19.09375	 Loss: -0.07863609492778778
Step: 2818048	Mean reward: 20.5625	 Loss: -0.03980061784386635
Step: 2826240	Mean reward: 19.15625	 Loss: -0.011772149242460728
Step: 2834432	Mean reward: 20.375	 Loss: -0.10900058597326279
Step: 2842624	Mean reward: 19.53125	 Loss: -0.06369999051094055
Step: 2850816	Mean reward: 20.9375	 Loss: -0.12050122022628784
Step: 2859008	Mean reward: 19.75	 Loss: -0.025630954653024673
Step: 2867200	Mean reward: 20.3125	 Loss: -0.06579562276601791
Step: 2875392	Mean reward: 20.96875	 Loss: -0.04641740769147873
Step: 2883584	Mean reward: 21.875	 Loss: -0.029261954128742218
Step: 2891776	Mean reward: 20.28125	 Loss: -0.08864346891641617
Step: 2899968	Mean reward: 21.84375	 Loss: -0.09402800351381302
Step: 2908160	Mean reward: 18.28125	 Loss: -0.0371968150138855
Step: 2916352	Mean reward: 20.6875	 Loss: -0.06425192952156067
Step: 2924544	Mean reward: 18.6875	 Loss: -0.03328587859869003
Step: 2932736	Mean reward: 20.78125	 Loss: -0.098100446164608
Step: 2940928	Mean reward: 19.125	 Loss: -0.04387611895799637
Step: 2949120	Mean reward: 19.8125	 Loss: -0.061452653259038925
Step: 2957312	Mean reward: 20.875	 Loss: -0.10398080945014954
Step: 2965504	Mean reward: 20.0	 Loss: 0.02510492503643036
Step: 2973696	Mean reward: 19.6875	 Loss: -0.03540090098977089
Step: 2981888	Mean reward: 19.6875	 Loss: -0.04515063762664795
Step: 2990080	Mean reward: 21.6875	 Loss: -0.041298866271972656
Step: 2998272	Mean reward: 20.09375	 Loss: -0.03075534477829933
Step: 3006464	Mean reward: 20.53125	 Loss: 0.00033532455563545227
Completed training at 2021-12-07 17:49:28