Observation space: Box([[[0. 0. 0. ... 0. 0. 0.]
  [0. 0. 0. ... 0. 0. 0.]
  [0. 0. 0. ... 0. 0. 0.]
  ...
  [0. 0. 0. ... 0. 0. 0.]
  [0. 0. 0. ... 0. 0. 0.]
  [0. 0. 0. ... 0. 0. 0.]]

 [[0. 0. 0. ... 0. 0. 0.]
  [0. 0. 0. ... 0. 0. 0.]
  [0. 0. 0. ... 0. 0. 0.]
  ...
  [0. 0. 0. ... 0. 0. 0.]
  [0. 0. 0. ... 0. 0. 0.]
  [0. 0. 0. ... 0. 0. 0.]]

 [[0. 0. 0. ... 0. 0. 0.]
  [0. 0. 0. ... 0. 0. 0.]
  [0. 0. 0. ... 0. 0. 0.]
  ...
  [0. 0. 0. ... 0. 0. 0.]
  [0. 0. 0. ... 0. 0. 0.]
  [0. 0. 0. ... 0. 0. 0.]]], [[[1. 1. 1. ... 1. 1. 1.]
  [1. 1. 1. ... 1. 1. 1.]
  [1. 1. 1. ... 1. 1. 1.]
  ...
  [1. 1. 1. ... 1. 1. 1.]
  [1. 1. 1. ... 1. 1. 1.]
  [1. 1. 1. ... 1. 1. 1.]]

 [[1. 1. 1. ... 1. 1. 1.]
  [1. 1. 1. ... 1. 1. 1.]
  [1. 1. 1. ... 1. 1. 1.]
  ...
  [1. 1. 1. ... 1. 1. 1.]
  [1. 1. 1. ... 1. 1. 1.]
  [1. 1. 1. ... 1. 1. 1.]]

 [[1. 1. 1. ... 1. 1. 1.]
  [1. 1. 1. ... 1. 1. 1.]
  [1. 1. 1. ... 1. 1. 1.]
  ...
  [1. 1. 1. ... 1. 1. 1.]
  [1. 1. 1. ... 1. 1. 1.]
  [1. 1. 1. ... 1. 1. 1.]]], (3, 64, 64), float32)
Action space: 15
Step: 8192	Mean reward: 4.75	 Loss: 0.5003340244293213
Step: 16384	Mean reward: 4.34375	 Loss: 0.04218012094497681
Step: 24576	Mean reward: 5.1875	 Loss: 0.13311073184013367
Step: 32768	Mean reward: 5.9375	 Loss: 0.06034761667251587
Step: 40960	Mean reward: 6.03125	 Loss: 0.09559893608093262
Step: 49152	Mean reward: 6.53125	 Loss: 0.14069752395153046
Step: 57344	Mean reward: 6.3125	 Loss: 0.1155548244714737
Step: 65536	Mean reward: 6.78125	 Loss: 0.08495111763477325
Step: 73728	Mean reward: 5.75	 Loss: 0.11291638016700745
Step: 81920	Mean reward: 6.25	 Loss: 0.06258402019739151
Step: 90112	Mean reward: 6.46875	 Loss: 0.05614127963781357
Step: 98304	Mean reward: 5.59375	 Loss: 0.02204391174018383
Step: 106496	Mean reward: 6.78125	 Loss: 0.035571757704019547
Step: 114688	Mean reward: 7.875	 Loss: 0.0721021369099617
Step: 122880	Mean reward: 8.03125	 Loss: 0.04869241639971733
Step: 131072	Mean reward: 7.4375	 Loss: 0.09618605673313141
Step: 139264	Mean reward: 8.34375	 Loss: 0.1565270870923996
Step: 147456	Mean reward: 7.5625	 Loss: 0.08223789930343628
Step: 155648	Mean reward: 7.03125	 Loss: 0.01184363104403019
Step: 163840	Mean reward: 8.4375	 Loss: 0.036115944385528564
Step: 172032	Mean reward: 8.71875	 Loss: 0.03719668090343475
Step: 180224	Mean reward: 6.5625	 Loss: 0.0810602456331253
Step: 188416	Mean reward: 7.5625	 Loss: 0.03271746262907982
Step: 196608	Mean reward: 7.5625	 Loss: 0.061211295425891876
Step: 204800	Mean reward: 7.625	 Loss: 0.11633278429508209
Step: 212992	Mean reward: 7.71875	 Loss: 0.08380391448736191
Step: 221184	Mean reward: 7.3125	 Loss: 0.05596189200878143
Step: 229376	Mean reward: 7.1875	 Loss: -0.01159052923321724
Step: 237568	Mean reward: 7.0625	 Loss: 0.015060549601912498
Step: 245760	Mean reward: 7.71875	 Loss: 0.04489181190729141
Step: 253952	Mean reward: 9.59375	 Loss: 0.049655985087156296
Step: 262144	Mean reward: 8.71875	 Loss: 0.1001022607088089
Step: 270336	Mean reward: 9.0625	 Loss: 0.09650231897830963
Step: 278528	Mean reward: 9.875	 Loss: 0.02944950945675373
Step: 286720	Mean reward: 8.84375	 Loss: 0.17629535496234894
Step: 294912	Mean reward: 9.40625	 Loss: 0.13501597940921783
Step: 303104	Mean reward: 9.9375	 Loss: -0.010493561625480652
Step: 311296	Mean reward: 9.03125	 Loss: 0.022583989426493645
Step: 319488	Mean reward: 10.21875	 Loss: 0.07283474504947662
Step: 327680	Mean reward: 9.25	 Loss: 0.03598972409963608
Step: 335872	Mean reward: 10.625	 Loss: 0.1299479454755783
Step: 344064	Mean reward: 10.0625	 Loss: 0.10437139868736267
Step: 352256	Mean reward: 9.71875	 Loss: 0.06526686251163483
Step: 360448	Mean reward: 11.96875	 Loss: 0.13636961579322815
Step: 368640	Mean reward: 11.59375	 Loss: 0.12276391685009003
Step: 376832	Mean reward: 11.15625	 Loss: 0.06536437571048737
Step: 385024	Mean reward: 10.40625	 Loss: 0.003767179325222969
Step: 393216	Mean reward: 11.0625	 Loss: 0.0674799457192421
Step: 401408	Mean reward: 11.40625	 Loss: -0.009474815800786018
Step: 409600	Mean reward: 11.84375	 Loss: 0.11177241057157516
Step: 417792	Mean reward: 10.71875	 Loss: 0.06641121208667755
Step: 425984	Mean reward: 10.5625	 Loss: 0.06321586668491364
Step: 434176	Mean reward: 10.15625	 Loss: 0.09721159934997559
Step: 442368	Mean reward: 12.75	 Loss: 0.03228785842657089
Step: 450560	Mean reward: 9.9375	 Loss: 0.009067969396710396
Step: 458752	Mean reward: 11.34375	 Loss: -0.039519038051366806
Step: 466944	Mean reward: 11.96875	 Loss: 0.07868680357933044
Step: 475136	Mean reward: 11.46875	 Loss: 0.12223293632268906
Step: 483328	Mean reward: 12.90625	 Loss: 0.013042960315942764
Step: 491520	Mean reward: 13.0	 Loss: -0.0052446722984313965
Step: 499712	Mean reward: 12.75	 Loss: 0.10865521430969238
Step: 507904	Mean reward: 12.78125	 Loss: 0.14823731780052185
Step: 516096	Mean reward: 14.28125	 Loss: 0.10689238458871841
Step: 524288	Mean reward: 13.09375	 Loss: 0.0687551498413086
Step: 532480	Mean reward: 13.03125	 Loss: 0.05775252357125282
Step: 540672	Mean reward: 14.25	 Loss: 0.0003642085939645767
Step: 548864	Mean reward: 13.78125	 Loss: 0.06689846515655518
Step: 557056	Mean reward: 12.15625	 Loss: 0.009284686297178268
Step: 565248	Mean reward: 14.5625	 Loss: 0.12302429229021072
Step: 573440	Mean reward: 13.25	 Loss: 0.017093749716877937
Step: 581632	Mean reward: 14.3125	 Loss: 0.0709829330444336
Step: 589824	Mean reward: 13.09375	 Loss: 0.12162794172763824
Step: 598016	Mean reward: 15.0625	 Loss: 0.0388420894742012
Step: 606208	Mean reward: 14.78125	 Loss: 0.04755678400397301
Step: 614400	Mean reward: 14.0625	 Loss: 0.04405658692121506
Step: 622592	Mean reward: 13.53125	 Loss: 0.032376840710639954
Step: 630784	Mean reward: 13.8125	 Loss: 0.015719013288617134
Step: 638976	Mean reward: 14.375	 Loss: 0.05713300779461861
Step: 647168	Mean reward: 14.125	 Loss: 0.11088418960571289
Step: 655360	Mean reward: 13.75	 Loss: 0.01943240687251091
Step: 663552	Mean reward: 15.875	 Loss: 0.08458741754293442
Step: 671744	Mean reward: 14.59375	 Loss: 0.058068662881851196
Step: 679936	Mean reward: 15.5	 Loss: 0.02793285623192787
Step: 688128	Mean reward: 14.9375	 Loss: 0.01694328710436821
Step: 696320	Mean reward: 13.1875	 Loss: 0.03455381840467453
Step: 704512	Mean reward: 14.625	 Loss: 0.13594943284988403
Step: 712704	Mean reward: 12.15625	 Loss: 0.04127587378025055
Step: 720896	Mean reward: 14.59375	 Loss: -0.014247113838791847
Step: 729088	Mean reward: 13.875	 Loss: 0.05600164085626602
Step: 737280	Mean reward: 14.5	 Loss: -0.0029733218252658844
Step: 745472	Mean reward: 13.0	 Loss: 0.10511819273233414
Step: 753664	Mean reward: 15.96875	 Loss: 0.00770842470228672
Step: 761856	Mean reward: 15.6875	 Loss: 0.11292026937007904
Step: 770048	Mean reward: 16.75	 Loss: 0.06236803159117699
Step: 778240	Mean reward: 13.8125	 Loss: 0.02109668217599392
Step: 786432	Mean reward: 14.625	 Loss: 0.02441711723804474
Step: 794624	Mean reward: 14.125	 Loss: 0.029258623719215393
Step: 802816	Mean reward: 16.625	 Loss: 0.11287428438663483
Step: 811008	Mean reward: 14.28125	 Loss: 0.025283901020884514
Step: 819200	Mean reward: 13.96875	 Loss: 0.0039187241345644
Step: 827392	Mean reward: 15.25	 Loss: -0.04703730717301369
Step: 835584	Mean reward: 16.1875	 Loss: 0.028416333720088005
Step: 843776	Mean reward: 15.5625	 Loss: 0.10634012520313263
Step: 851968	Mean reward: 15.78125	 Loss: 0.11826378852128983
Step: 860160	Mean reward: 15.6875	 Loss: 0.008938455954194069
Step: 868352	Mean reward: 17.21875	 Loss: 0.08397883921861649
Step: 876544	Mean reward: 17.3125	 Loss: 0.04563640058040619
Step: 884736	Mean reward: 15.125	 Loss: 0.048680439591407776
Step: 892928	Mean reward: 16.21875	 Loss: 0.04421059414744377
Step: 901120	Mean reward: 15.28125	 Loss: 0.12504306435585022
Step: 909312	Mean reward: 15.6875	 Loss: -0.031902410089969635
Step: 917504	Mean reward: 16.125	 Loss: -0.022969374433159828
Step: 925696	Mean reward: 15.8125	 Loss: 0.07006806135177612
Step: 933888	Mean reward: 15.8125	 Loss: 0.13189265131950378
Step: 942080	Mean reward: 14.34375	 Loss: 0.008538667112588882
Step: 950272	Mean reward: 16.4375	 Loss: 0.03121018037199974
Step: 958464	Mean reward: 17.375	 Loss: 0.08453524857759476
Step: 966656	Mean reward: 15.15625	 Loss: 0.010791517794132233
Step: 974848	Mean reward: 15.5	 Loss: 0.043288592249155045
Step: 983040	Mean reward: 16.0	 Loss: 0.021133406087756157
Step: 991232	Mean reward: 16.0625	 Loss: 0.07990672439336777
Step: 999424	Mean reward: 14.28125	 Loss: 0.07788772881031036
Step: 1007616	Mean reward: 16.21875	 Loss: 0.031207693740725517
Step: 1015808	Mean reward: 16.21875	 Loss: 0.10226231813430786
Step: 1024000	Mean reward: 15.65625	 Loss: -0.018424835056066513
Step: 1032192	Mean reward: 16.4375	 Loss: 0.018863065168261528
Step: 1040384	Mean reward: 15.5625	 Loss: -0.012399103492498398
Step: 1048576	Mean reward: 17.0625	 Loss: 0.10208375006914139
Step: 1056768	Mean reward: 17.5	 Loss: 0.025416407734155655
Step: 1064960	Mean reward: 16.21875	 Loss: 0.08390572667121887
Step: 1073152	Mean reward: 17.15625	 Loss: 0.115761898458004
Step: 1081344	Mean reward: 16.125	 Loss: 0.05775994062423706
Step: 1089536	Mean reward: 17.375	 Loss: 0.029056567698717117
Step: 1097728	Mean reward: 15.84375	 Loss: 0.09125949442386627
Step: 1105920	Mean reward: 16.0	 Loss: 0.054598696529865265
Step: 1114112	Mean reward: 15.90625	 Loss: 0.03471537306904793
Step: 1122304	Mean reward: 16.75	 Loss: 0.049817077815532684
Step: 1130496	Mean reward: 15.5625	 Loss: 0.018170209601521492
Step: 1138688	Mean reward: 16.28125	 Loss: 0.01917208544909954
Step: 1146880	Mean reward: 16.28125	 Loss: 0.08726048469543457
Step: 1155072	Mean reward: 16.25	 Loss: 0.04826880991458893
Step: 1163264	Mean reward: 17.8125	 Loss: 0.14898625016212463
Step: 1171456	Mean reward: 17.78125	 Loss: 0.03645411506295204
Step: 1179648	Mean reward: 16.90625	 Loss: 0.035872481763362885
Step: 1187840	Mean reward: 17.125	 Loss: 0.05285424739122391
Step: 1196032	Mean reward: 17.53125	 Loss: 0.0437149703502655
Step: 1204224	Mean reward: 17.25	 Loss: 0.06094057857990265
Step: 1212416	Mean reward: 17.96875	 Loss: 0.07587385922670364
Step: 1220608	Mean reward: 17.03125	 Loss: 0.040749691426754
Step: 1228800	Mean reward: 17.1875	 Loss: 0.00451037660241127
Step: 1236992	Mean reward: 18.5625	 Loss: 0.026408081874251366
Step: 1245184	Mean reward: 17.53125	 Loss: 0.025922076776623726
Step: 1253376	Mean reward: 16.375	 Loss: 0.040576767176389694
Step: 1261568	Mean reward: 15.21875	 Loss: 0.030767519026994705
Step: 1269760	Mean reward: 16.375	 Loss: -0.016814084723591805
Step: 1277952	Mean reward: 15.84375	 Loss: 0.008961914107203484
Step: 1286144	Mean reward: 15.96875	 Loss: 0.01662127487361431
Step: 1294336	Mean reward: 19.0	 Loss: 0.021084068343043327
Step: 1302528	Mean reward: 18.125	 Loss: 0.008115803822875023
Step: 1310720	Mean reward: 18.3125	 Loss: -0.012350959703326225
Step: 1318912	Mean reward: 16.8125	 Loss: 0.008378507569432259
Step: 1327104	Mean reward: 18.875	 Loss: 0.04894591122865677
Step: 1335296	Mean reward: 17.28125	 Loss: 0.07925920188426971
Step: 1343488	Mean reward: 18.09375	 Loss: 0.030741920694708824
Step: 1351680	Mean reward: 18.8125	 Loss: -0.04492439329624176
Step: 1359872	Mean reward: 17.53125	 Loss: 0.05122801661491394
Step: 1368064	Mean reward: 17.28125	 Loss: 0.01965389959514141
Step: 1376256	Mean reward: 17.15625	 Loss: -0.015590926632285118
Step: 1384448	Mean reward: 18.40625	 Loss: 0.014629209414124489
Step: 1392640	Mean reward: 18.84375	 Loss: 0.03502121940255165
Step: 1400832	Mean reward: 18.34375	 Loss: -0.03721980005502701
Step: 1409024	Mean reward: 18.25	 Loss: 0.05800621211528778
Step: 1417216	Mean reward: 19.1875	 Loss: 0.0066628288477659225
Step: 1425408	Mean reward: 17.3125	 Loss: 0.15109987556934357
Step: 1433600	Mean reward: 18.03125	 Loss: 0.0046193040907382965
Step: 1441792	Mean reward: 17.125	 Loss: -0.04221709072589874
Step: 1449984	Mean reward: 17.0625	 Loss: 0.007876232266426086
Step: 1458176	Mean reward: 16.40625	 Loss: -0.012643305584788322
Step: 1466368	Mean reward: 17.4375	 Loss: -0.0640529915690422
Step: 1474560	Mean reward: 16.90625	 Loss: -0.04987791180610657
Step: 1482752	Mean reward: 17.03125	 Loss: 0.06423542648553848
Step: 1490944	Mean reward: 16.5625	 Loss: -0.04843471199274063
Step: 1499136	Mean reward: 17.0	 Loss: 0.036153391003608704
Step: 1507328	Mean reward: 18.09375	 Loss: -0.06194382905960083
Step: 1515520	Mean reward: 17.34375	 Loss: 0.018363991752266884
Step: 1523712	Mean reward: 18.59375	 Loss: 0.07976846396923065
Step: 1531904	Mean reward: 15.78125	 Loss: 0.014260509982705116
Step: 1540096	Mean reward: 17.78125	 Loss: 0.04992863908410072
Step: 1548288	Mean reward: 19.0625	 Loss: -0.0010781604796648026
Step: 1556480	Mean reward: 17.6875	 Loss: 0.035146601498126984
Step: 1564672	Mean reward: 17.8125	 Loss: 0.11523611098527908
Step: 1572864	Mean reward: 17.4375	 Loss: -0.025978516787290573
Step: 1581056	Mean reward: 17.03125	 Loss: 0.038936398923397064
Step: 1589248	Mean reward: 17.0625	 Loss: 0.052841708064079285
Step: 1597440	Mean reward: 17.5	 Loss: 0.02041439153254032
Step: 1605632	Mean reward: 17.53125	 Loss: 0.026680149137973785
Step: 1613824	Mean reward: 18.5	 Loss: -0.00707821361720562
Step: 1622016	Mean reward: 17.40625	 Loss: 0.06433109939098358
Step: 1630208	Mean reward: 19.125	 Loss: -0.001246236264705658
Step: 1638400	Mean reward: 17.84375	 Loss: -0.025956977158784866
Step: 1646592	Mean reward: 20.78125	 Loss: 0.026226043701171875
Step: 1654784	Mean reward: 17.96875	 Loss: 0.02152269333600998
Step: 1662976	Mean reward: 19.375	 Loss: 0.03447336703538895
Step: 1671168	Mean reward: 19.09375	 Loss: 0.031852543354034424
Step: 1679360	Mean reward: 18.59375	 Loss: -0.007046889513731003
Step: 1687552	Mean reward: 19.875	 Loss: 0.031331803649663925
Step: 1695744	Mean reward: 19.3125	 Loss: -0.0757528617978096
Step: 1703936	Mean reward: 16.9375	 Loss: -0.004262777045369148
Step: 1712128	Mean reward: 16.375	 Loss: 0.00998794473707676
Step: 1720320	Mean reward: 17.625	 Loss: -0.02959231473505497
Step: 1728512	Mean reward: 17.5	 Loss: 0.01408696174621582
Step: 1736704	Mean reward: 18.59375	 Loss: 0.039351947605609894
Step: 1744896	Mean reward: 16.9375	 Loss: 0.022077850997447968
Step: 1753088	Mean reward: 18.8125	 Loss: -0.01797972433269024
Step: 1761280	Mean reward: 18.09375	 Loss: 0.017897579818964005
Step: 1769472	Mean reward: 18.1875	 Loss: 0.10781166702508926
Step: 1777664	Mean reward: 18.40625	 Loss: -0.002670504152774811
Step: 1785856	Mean reward: 16.46875	 Loss: -0.04072951525449753
Step: 1794048	Mean reward: 17.53125	 Loss: 0.02249632030725479
Step: 1802240	Mean reward: 19.40625	 Loss: 0.062455058097839355
Step: 1810432	Mean reward: 17.90625	 Loss: 0.005275396630167961
Step: 1818624	Mean reward: 19.8125	 Loss: -0.005985246039927006
Step: 1826816	Mean reward: 19.34375	 Loss: -0.06055288761854172
Step: 1835008	Mean reward: 17.96875	 Loss: -0.00048347003757953644
Step: 1843200	Mean reward: 17.34375	 Loss: 4.9971044063568115e-05
Step: 1851392	Mean reward: 18.53125	 Loss: 0.029222240671515465
Step: 1859584	Mean reward: 19.53125	 Loss: 0.02398800104856491
Step: 1867776	Mean reward: 19.40625	 Loss: -0.008038491010665894
Step: 1875968	Mean reward: 18.25	 Loss: 0.06373916566371918
Step: 1884160	Mean reward: 18.53125	 Loss: 0.010087195783853531
Step: 1892352	Mean reward: 19.0625	 Loss: 0.0387062206864357
Step: 1900544	Mean reward: 18.34375	 Loss: 0.06380274891853333
Step: 1908736	Mean reward: 18.875	 Loss: -0.042890891432762146
Step: 1916928	Mean reward: 18.8125	 Loss: 0.02462417632341385
Step: 1925120	Mean reward: 19.96875	 Loss: -0.043270811438560486
Step: 1933312	Mean reward: 20.40625	 Loss: 0.026225294917821884
Step: 1941504	Mean reward: 18.3125	 Loss: 0.0629551112651825
Step: 1949696	Mean reward: 20.78125	 Loss: 0.030975880101323128
Step: 1957888	Mean reward: 19.625	 Loss: 0.036400917917490005
Step: 1966080	Mean reward: 19.625	 Loss: 0.000725393183529377
Step: 1974272	Mean reward: 18.625	 Loss: -0.03240494430065155
Step: 1982464	Mean reward: 18.78125	 Loss: 0.011356799863278866
Step: 1990656	Mean reward: 19.21875	 Loss: 0.12822706997394562
Step: 1998848	Mean reward: 18.75	 Loss: 0.037692852318286896
Step: 2007040	Mean reward: 20.0625	 Loss: 0.06253144145011902
Step: 2015232	Mean reward: 19.9375	 Loss: 0.0004283040761947632
Step: 2023424	Mean reward: 19.03125	 Loss: 0.0010660383850336075
Step: 2031616	Mean reward: 19.5625	 Loss: 0.04704120755195618
Step: 2039808	Mean reward: 18.53125	 Loss: 0.03453598916530609
Step: 2048000	Mean reward: 18.8125	 Loss: 0.029210982844233513
Step: 2056192	Mean reward: 18.75	 Loss: 0.0015987847000360489
Step: 2064384	Mean reward: 19.4375	 Loss: -0.00606293510645628
Step: 2072576	Mean reward: 20.03125	 Loss: -0.060787707567214966
Step: 2080768	Mean reward: 18.96875	 Loss: 0.019494159147143364
Step: 2088960	Mean reward: 19.59375	 Loss: 0.04689132422208786
Step: 2097152	Mean reward: 19.625	 Loss: 0.003518871031701565
Step: 2105344	Mean reward: 19.75	 Loss: 0.048980336636304855
Step: 2113536	Mean reward: 20.5	 Loss: 0.006192512810230255
Step: 2121728	Mean reward: 17.78125	 Loss: -0.008906910195946693
Step: 2129920	Mean reward: 18.46875	 Loss: 0.004312517121434212
Step: 2138112	Mean reward: 20.03125	 Loss: 0.0397234782576561
Step: 2146304	Mean reward: 20.0	 Loss: -0.031232628971338272
Step: 2154496	Mean reward: 20.5	 Loss: -0.0019351951777935028
Step: 2162688	Mean reward: 19.75	 Loss: 0.03320636972784996
Step: 2170880	Mean reward: 19.59375	 Loss: -0.009274609386920929
Step: 2179072	Mean reward: 19.8125	 Loss: 0.05143020674586296
Step: 2187264	Mean reward: 20.625	 Loss: 0.014812028966844082
Step: 2195456	Mean reward: 18.9375	 Loss: -0.0005814041942358017
Step: 2203648	Mean reward: 19.84375	 Loss: -0.016555823385715485
Step: 2211840	Mean reward: 20.0	 Loss: -0.02812432497739792
Step: 2220032	Mean reward: 20.1875	 Loss: 0.0505005419254303
Step: 2228224	Mean reward: 20.0625	 Loss: 0.07565507292747498
Step: 2236416	Mean reward: 20.125	 Loss: 0.04607426002621651
Step: 2244608	Mean reward: 19.90625	 Loss: -0.046840012073516846
Step: 2252800	Mean reward: 20.03125	 Loss: 0.05920753628015518
Step: 2260992	Mean reward: 19.96875	 Loss: 0.015078653581440449
Step: 2269184	Mean reward: 19.5625	 Loss: -0.03700479865074158
Step: 2277376	Mean reward: 19.34375	 Loss: 0.06671252101659775
Step: 2285568	Mean reward: 19.75	 Loss: -0.05348933860659599
Step: 2293760	Mean reward: 20.0625	 Loss: 0.045825570821762085
Step: 2301952	Mean reward: 19.78125	 Loss: 0.0598226897418499
Step: 2310144	Mean reward: 20.125	 Loss: -0.052712079137563705
Step: 2318336	Mean reward: 20.71875	 Loss: -0.02859402634203434
Step: 2326528	Mean reward: 20.34375	 Loss: 0.053792573511600494
Step: 2334720	Mean reward: 19.3125	 Loss: 0.0037547266110777855
Step: 2342912	Mean reward: 19.96875	 Loss: -0.0038005514070391655
Step: 2351104	Mean reward: 20.625	 Loss: 0.0002961577847599983
Step: 2359296	Mean reward: 19.4375	 Loss: 0.05949905142188072
Step: 2367488	Mean reward: 21.25	 Loss: 0.010898491367697716
Step: 2375680	Mean reward: 19.6875	 Loss: -0.05381675809621811
Step: 2383872	Mean reward: 19.6875	 Loss: -0.020830191671848297
Step: 2392064	Mean reward: 20.53125	 Loss: 0.02442149445414543
Step: 2400256	Mean reward: 20.4375	 Loss: -0.014460310339927673
Step: 2408448	Mean reward: 22.09375	 Loss: 0.055292077362537384
Step: 2416640	Mean reward: 19.59375	 Loss: -0.02274238131940365
Step: 2424832	Mean reward: 19.0	 Loss: -0.016713198274374008
Step: 2433024	Mean reward: 20.84375	 Loss: 0.055954039096832275
Step: 2441216	Mean reward: 20.96875	 Loss: -0.017259569838643074
Step: 2449408	Mean reward: 18.78125	 Loss: 0.014946404844522476
Step: 2457600	Mean reward: 19.03125	 Loss: -0.04385394975543022
Step: 2465792	Mean reward: 19.90625	 Loss: 0.07444149255752563
Step: 2473984	Mean reward: 19.53125	 Loss: -0.001985989511013031
Step: 2482176	Mean reward: 18.375	 Loss: -0.02133268490433693
Step: 2490368	Mean reward: 21.09375	 Loss: 0.004046540707349777
Step: 2498560	Mean reward: 20.78125	 Loss: 0.011944097466766834
Step: 2506752	Mean reward: 19.3125	 Loss: 0.008172417990863323
Step: 2514944	Mean reward: 19.21875	 Loss: -0.01876833289861679
Step: 2523136	Mean reward: 20.46875	 Loss: 0.019567513838410378
Step: 2531328	Mean reward: 19.71875	 Loss: -0.018212279304862022
Step: 2539520	Mean reward: 18.5625	 Loss: 0.009660009294748306
Step: 2547712	Mean reward: 18.0	 Loss: -0.015147676691412926
Step: 2555904	Mean reward: 20.6875	 Loss: -0.009930422529578209
Step: 2564096	Mean reward: 19.46875	 Loss: -0.03446905314922333
Step: 2572288	Mean reward: 19.5	 Loss: 0.02080298587679863
Step: 2580480	Mean reward: 18.59375	 Loss: 0.02171248570084572
Step: 2588672	Mean reward: 20.0625	 Loss: 0.04233410581946373
Step: 2596864	Mean reward: 20.1875	 Loss: 0.012783567421138287
Step: 2605056	Mean reward: 20.96875	 Loss: 0.06524278968572617
Step: 2613248	Mean reward: 20.03125	 Loss: 0.026934977620840073
Step: 2621440	Mean reward: 21.6875	 Loss: 0.07551846653223038
Step: 2629632	Mean reward: 21.875	 Loss: 0.023391537368297577
Step: 2637824	Mean reward: 18.65625	 Loss: 0.050117433071136475
Step: 2646016	Mean reward: 20.40625	 Loss: 0.029754485934972763
Step: 2654208	Mean reward: 21.34375	 Loss: 0.0088945422321558
Step: 2662400	Mean reward: 20.6875	 Loss: -0.09672978520393372
Step: 2670592	Mean reward: 19.78125	 Loss: 0.054258234798908234
Step: 2678784	Mean reward: 19.875	 Loss: -0.027982298284769058
Step: 2686976	Mean reward: 19.9375	 Loss: -0.012938563711941242
Step: 2695168	Mean reward: 18.90625	 Loss: -0.0025979140773415565
Step: 2703360	Mean reward: 21.6875	 Loss: 0.05557294934988022
Step: 2711552	Mean reward: 20.6875	 Loss: -0.006702824495732784
Step: 2719744	Mean reward: 20.75	 Loss: 0.027730971574783325
Step: 2727936	Mean reward: 20.8125	 Loss: -0.023100275546312332
Step: 2736128	Mean reward: 20.5625	 Loss: -0.06113189086318016
Step: 2744320	Mean reward: 20.21875	 Loss: 0.023785125464200974
Step: 2752512	Mean reward: 20.15625	 Loss: -0.05892957001924515
Step: 2760704	Mean reward: 19.03125	 Loss: 0.06068404018878937
Step: 2768896	Mean reward: 19.71875	 Loss: -0.008300858549773693
Step: 2777088	Mean reward: 23.34375	 Loss: 0.04658674821257591
Step: 2785280	Mean reward: 20.15625	 Loss: -0.006712268106639385
Step: 2793472	Mean reward: 21.125	 Loss: -0.05611193925142288
Step: 2801664	Mean reward: 19.96875	 Loss: -0.005395759828388691
Step: 2809856	Mean reward: 22.28125	 Loss: 0.055872999131679535
Step: 2818048	Mean reward: 20.71875	 Loss: -0.034660883247852325
Step: 2826240	Mean reward: 21.8125	 Loss: -0.028345702216029167
Step: 2834432	Mean reward: 20.0625	 Loss: -0.05151756852865219
Step: 2842624	Mean reward: 21.5625	 Loss: 0.03692713379859924
Step: 2850816	Mean reward: 19.6875	 Loss: 0.017609260976314545
Step: 2859008	Mean reward: 20.65625	 Loss: 0.05836514011025429
Step: 2867200	Mean reward: 20.40625	 Loss: 0.013808893039822578
Step: 2875392	Mean reward: 20.4375	 Loss: 0.028273634612560272
Step: 2883584	Mean reward: 19.40625	 Loss: 0.035801514983177185
Step: 2891776	Mean reward: 20.8125	 Loss: 0.061274051666259766
Step: 2899968	Mean reward: 21.375	 Loss: -0.0515139102935791
Step: 2908160	Mean reward: 21.125	 Loss: 0.050512637943029404
Step: 2916352	Mean reward: 20.34375	 Loss: 0.014958018437027931
Step: 2924544	Mean reward: 20.125	 Loss: 0.0798032134771347
Step: 2932736	Mean reward: 21.46875	 Loss: 0.016658537089824677
Step: 2940928	Mean reward: 20.21875	 Loss: -0.020549075677990913
Step: 2949120	Mean reward: 20.90625	 Loss: 0.04380105435848236
Step: 2957312	Mean reward: 21.0625	 Loss: -0.02338198944926262
Step: 2965504	Mean reward: 22.65625	 Loss: 0.01917833834886551
Step: 2973696	Mean reward: 19.0	 Loss: -0.05243896692991257
Step: 2981888	Mean reward: 21.03125	 Loss: 0.03751493990421295
Step: 2990080	Mean reward: 20.65625	 Loss: -0.05908410996198654
Step: 2998272	Mean reward: 20.53125	 Loss: 0.10490547865629196
Step: 3006464	Mean reward: 20.96875	 Loss: 0.008803006261587143
Step: 3014656	Mean reward: 21.1875	 Loss: 0.03489867225289345
Step: 3022848	Mean reward: 19.875	 Loss: 0.054906923323869705
Step: 3031040	Mean reward: 21.875	 Loss: -0.06185685098171234
Step: 3039232	Mean reward: 20.0	 Loss: 0.004846046678721905
Step: 3047424	Mean reward: 20.625	 Loss: -0.03132687881588936
Step: 3055616	Mean reward: 19.84375	 Loss: -0.0066344402730464935
Step: 3063808	Mean reward: 20.0	 Loss: 0.08924490213394165
Step: 3072000	Mean reward: 20.5	 Loss: -0.005395498126745224
Step: 3080192	Mean reward: 21.40625	 Loss: 0.024173706769943237
Step: 3088384	Mean reward: 21.375	 Loss: -0.0008430099114775658
Step: 3096576	Mean reward: 21.46875	 Loss: 0.011635692790150642
Step: 3104768	Mean reward: 20.90625	 Loss: -0.03325776383280754
Step: 3112960	Mean reward: 22.4375	 Loss: 0.0017199879512190819
Step: 3121152	Mean reward: 19.9375	 Loss: 0.07043254375457764
Step: 3129344	Mean reward: 19.21875	 Loss: 0.03378204628825188
Step: 3137536	Mean reward: 21.1875	 Loss: -0.039611123502254486
Step: 3145728	Mean reward: 21.65625	 Loss: 0.003609267994761467
Step: 3153920	Mean reward: 19.3125	 Loss: -0.02933071367442608
Step: 3162112	Mean reward: 19.84375	 Loss: -0.02113773673772812
Step: 3170304	Mean reward: 22.375	 Loss: 0.05937829613685608
Step: 3178496	Mean reward: 20.65625	 Loss: -0.09119386970996857
Step: 3186688	Mean reward: 20.46875	 Loss: 0.007652885280549526
Step: 3194880	Mean reward: 20.84375	 Loss: 0.04551853612065315
Step: 3203072	Mean reward: 19.65625	 Loss: -0.011258605867624283
Step: 3211264	Mean reward: 22.5	 Loss: -0.007730450481176376
Step: 3219456	Mean reward: 21.5625	 Loss: -0.04761083796620369
Step: 3227648	Mean reward: 20.15625	 Loss: -0.013509949669241905
Step: 3235840	Mean reward: 20.0	 Loss: -0.05351966992020607
Step: 3244032	Mean reward: 20.1875	 Loss: -0.009278146550059319
Step: 3252224	Mean reward: 21.9375	 Loss: -0.10692983120679855
Step: 3260416	Mean reward: 21.34375	 Loss: -0.013398156501352787
Step: 3268608	Mean reward: 21.90625	 Loss: 0.108409084379673
Step: 3276800	Mean reward: 22.09375	 Loss: 0.08011148869991302
Step: 3284992	Mean reward: 20.6875	 Loss: -0.08339722454547882
Step: 3293184	Mean reward: 20.625	 Loss: 0.06098557636141777
Step: 3301376	Mean reward: 21.46875	 Loss: 0.03400414437055588
Step: 3309568	Mean reward: 21.0	 Loss: 0.03820597380399704
Step: 3317760	Mean reward: 22.34375	 Loss: 0.024199049919843674
Step: 3325952	Mean reward: 19.90625	 Loss: 0.019316986203193665
Step: 3334144	Mean reward: 20.90625	 Loss: -0.09337053447961807
Step: 3342336	Mean reward: 21.1875	 Loss: -0.004596223123371601
Step: 3350528	Mean reward: 20.65625	 Loss: 0.031127361580729485
Step: 3358720	Mean reward: 21.78125	 Loss: 0.019625719636678696
Step: 3366912	Mean reward: 22.625	 Loss: 0.02500130422413349
Step: 3375104	Mean reward: 22.65625	 Loss: 0.025737496092915535
Step: 3383296	Mean reward: 20.65625	 Loss: -0.012639966793358326
Step: 3391488	Mean reward: 21.09375	 Loss: 0.029241293668746948
Step: 3399680	Mean reward: 19.09375	 Loss: 0.02618126943707466
Step: 3407872	Mean reward: 20.65625	 Loss: -0.012190228328108788
Step: 3416064	Mean reward: 19.96875	 Loss: -0.020314516499638557
Step: 3424256	Mean reward: 22.625	 Loss: -0.09654506295919418
Step: 3432448	Mean reward: 21.84375	 Loss: -0.009468616917729378
Step: 3440640	Mean reward: 20.8125	 Loss: 0.16293172538280487
Step: 3448832	Mean reward: 21.53125	 Loss: -0.01354246586561203
Step: 3457024	Mean reward: 21.09375	 Loss: -0.01031511090695858
Step: 3465216	Mean reward: 21.34375	 Loss: 0.004131652414798737
Step: 3473408	Mean reward: 19.59375	 Loss: -0.015934549272060394
Step: 3481600	Mean reward: 20.875	 Loss: 0.0763070285320282
Step: 3489792	Mean reward: 23.28125	 Loss: -0.04416881501674652
Step: 3497984	Mean reward: 21.875	 Loss: -0.06496240943670273
Step: 3506176	Mean reward: 22.03125	 Loss: 0.009557056240737438
Step: 3514368	Mean reward: 21.59375	 Loss: -0.02690909057855606
Step: 3522560	Mean reward: 21.8125	 Loss: -0.0008653998374938965
Step: 3530752	Mean reward: 22.25	 Loss: -0.01395374909043312
Step: 3538944	Mean reward: 20.96875	 Loss: -0.0017815465107560158
Step: 3547136	Mean reward: 21.40625	 Loss: -0.035217199474573135
Step: 3555328	Mean reward: 22.15625	 Loss: -0.022872518748044968
Step: 3563520	Mean reward: 21.5	 Loss: -0.04248227924108505
Step: 3571712	Mean reward: 20.5625	 Loss: 0.032696183770895004
Step: 3579904	Mean reward: 24.46875	 Loss: 0.017467370256781578
Step: 3588096	Mean reward: 21.3125	 Loss: -0.05517119914293289
Step: 3596288	Mean reward: 19.90625	 Loss: 0.0059800827875733376
Step: 3604480	Mean reward: 20.09375	 Loss: -0.054501358419656754
Step: 3612672	Mean reward: 21.90625	 Loss: -0.011280213482677937
Step: 3620864	Mean reward: 22.25	 Loss: 0.024206507951021194
Step: 3629056	Mean reward: 21.90625	 Loss: 0.03060033731162548
Step: 3637248	Mean reward: 21.46875	 Loss: 0.008397979661822319
Step: 3645440	Mean reward: 22.78125	 Loss: -0.04391267150640488
Step: 3653632	Mean reward: 22.0	 Loss: -0.06055019795894623
Step: 3661824	Mean reward: 21.59375	 Loss: -0.05683419108390808
Step: 3670016	Mean reward: 23.21875	 Loss: 0.08092377334833145
Step: 3678208	Mean reward: 21.875	 Loss: -0.05111606419086456
Step: 3686400	Mean reward: 21.875	 Loss: 0.07517629861831665
Step: 3694592	Mean reward: 23.6875	 Loss: 0.0033693648874759674
Step: 3702784	Mean reward: 22.53125	 Loss: 0.025131992995738983
Step: 3710976	Mean reward: 23.46875	 Loss: 0.03233746811747551
Step: 3719168	Mean reward: 22.03125	 Loss: 0.06523487716913223
Step: 3727360	Mean reward: 22.0	 Loss: -0.0069194091483950615
Step: 3735552	Mean reward: 22.65625	 Loss: -0.04221333935856819
Step: 3743744	Mean reward: 20.59375	 Loss: 0.05980671942234039
Step: 3751936	Mean reward: 21.65625	 Loss: -0.0023718513548374176
Step: 3760128	Mean reward: 20.25	 Loss: 0.007289309054613113
Step: 3768320	Mean reward: 20.25	 Loss: 0.04225251451134682
Step: 3776512	Mean reward: 22.75	 Loss: 0.005049887113273144
Step: 3784704	Mean reward: 22.375	 Loss: 0.06867582350969315
Step: 3792896	Mean reward: 22.96875	 Loss: 0.02633953094482422
Step: 3801088	Mean reward: 22.21875	 Loss: -0.008481101132929325
Step: 3809280	Mean reward: 21.46875	 Loss: 0.010034717619419098
Step: 3817472	Mean reward: 23.21875	 Loss: -0.009365290403366089
Step: 3825664	Mean reward: 21.625	 Loss: -0.00693093053996563
Step: 3833856	Mean reward: 21.625	 Loss: 0.0023358305916190147
Step: 3842048	Mean reward: 22.875	 Loss: 0.03065953403711319
Step: 3850240	Mean reward: 22.875	 Loss: 0.030903231352567673
Step: 3858432	Mean reward: 21.59375	 Loss: 0.028236322104930878
Step: 3866624	Mean reward: 22.71875	 Loss: -0.0017636343836784363
Step: 3874816	Mean reward: 22.625	 Loss: 0.019178126007318497
Step: 3883008	Mean reward: 22.375	 Loss: -0.09874968230724335
Step: 3891200	Mean reward: 21.65625	 Loss: 0.09820887446403503
Step: 3899392	Mean reward: 21.40625	 Loss: 0.00810217671096325
Step: 3907584	Mean reward: 19.34375	 Loss: -0.09052155166864395
Step: 3915776	Mean reward: 22.21875	 Loss: -0.08910319209098816
Step: 3923968	Mean reward: 21.96875	 Loss: 0.008104563690721989
Step: 3932160	Mean reward: 21.71875	 Loss: -0.01643354631960392
Step: 3940352	Mean reward: 21.46875	 Loss: -0.061885278671979904
Step: 3948544	Mean reward: 22.96875	 Loss: -0.005375748500227928
Step: 3956736	Mean reward: 22.125	 Loss: 0.002551017329096794
Step: 3964928	Mean reward: 21.375	 Loss: -0.026842186227440834
Step: 3973120	Mean reward: 22.125	 Loss: -0.08490423113107681
Step: 3981312	Mean reward: 22.875	 Loss: -0.0013258717954158783
Step: 3989504	Mean reward: 22.5	 Loss: -0.0010885605588555336
Step: 3997696	Mean reward: 22.84375	 Loss: -0.008055778220295906
Step: 4005888	Mean reward: 22.46875	 Loss: -0.044879402965307236
Step: 4014080	Mean reward: 22.65625	 Loss: -0.06732985377311707
Step: 4022272	Mean reward: 20.21875	 Loss: 0.011627483181655407
Step: 4030464	Mean reward: 22.875	 Loss: -0.02074146270751953
Step: 4038656	Mean reward: 20.78125	 Loss: 0.0016285767778754234
Step: 4046848	Mean reward: 21.6875	 Loss: -0.021730652078986168
Step: 4055040	Mean reward: 21.53125	 Loss: 0.02614523097872734
Step: 4063232	Mean reward: 22.1875	 Loss: -0.05650286749005318
Step: 4071424	Mean reward: 22.78125	 Loss: 0.0371372289955616
Step: 4079616	Mean reward: 23.21875	 Loss: 0.00405439268797636
Step: 4087808	Mean reward: 21.65625	 Loss: 0.0004899138584733009
Step: 4096000	Mean reward: 21.65625	 Loss: -0.050787247717380524
Step: 4104192	Mean reward: 22.75	 Loss: -0.07080526649951935
Step: 4112384	Mean reward: 20.90625	 Loss: -0.0016799699515104294
Step: 4120576	Mean reward: 21.46875	 Loss: 0.015032559633255005
Step: 4128768	Mean reward: 21.71875	 Loss: 0.016790200024843216
Step: 4136960	Mean reward: 21.625	 Loss: -0.05085396394133568
Step: 4145152	Mean reward: 22.78125	 Loss: 0.01134672574698925
Step: 4153344	Mean reward: 23.25	 Loss: -0.0223231203854084
Step: 4161536	Mean reward: 21.78125	 Loss: 0.037121061235666275
Step: 4169728	Mean reward: 21.40625	 Loss: -0.00074741430580616
Step: 4177920	Mean reward: 21.53125	 Loss: 0.061284326016902924
Step: 4186112	Mean reward: 22.71875	 Loss: 0.0432380810379982
Step: 4194304	Mean reward: 21.125	 Loss: 0.023026715964078903
Step: 4202496	Mean reward: 21.875	 Loss: -0.04701896756887436
Step: 4210688	Mean reward: 22.40625	 Loss: 0.014238727279007435
Step: 4218880	Mean reward: 21.25	 Loss: -0.01448891218751669
Step: 4227072	Mean reward: 21.6875	 Loss: 0.04773004353046417
Step: 4235264	Mean reward: 21.09375	 Loss: 0.07679389417171478
Step: 4243456	Mean reward: 23.1875	 Loss: -0.03615640476346016
Step: 4251648	Mean reward: 22.03125	 Loss: -0.03630656376481056
Step: 4259840	Mean reward: 21.5625	 Loss: 0.015071147121489048
Step: 4268032	Mean reward: 22.875	 Loss: -0.02475483901798725
Step: 4276224	Mean reward: 22.1875	 Loss: -0.021038353443145752
Step: 4284416	Mean reward: 22.71875	 Loss: -0.0028610024601221085
Step: 4292608	Mean reward: 20.8125	 Loss: 0.0568501278758049
Step: 4300800	Mean reward: 21.125	 Loss: -0.11580786854028702
Step: 4308992	Mean reward: 21.375	 Loss: 0.026721689850091934
Step: 4317184	Mean reward: 22.78125	 Loss: 0.03139466047286987
Step: 4325376	Mean reward: 20.9375	 Loss: -0.053613223135471344
Step: 4333568	Mean reward: 23.0	 Loss: -0.0044775111600756645
Step: 4341760	Mean reward: 22.6875	 Loss: 0.04355868697166443
Step: 4349952	Mean reward: 23.625	 Loss: 0.03418358042836189
Step: 4358144	Mean reward: 23.71875	 Loss: -0.05110104754567146
Step: 4366336	Mean reward: 21.78125	 Loss: -0.043562211096286774
Step: 4374528	Mean reward: 22.96875	 Loss: -0.04082314670085907
Step: 4382720	Mean reward: 22.0	 Loss: 0.04654647409915924
Step: 4390912	Mean reward: 21.53125	 Loss: -0.030236082151532173
Step: 4399104	Mean reward: 21.84375	 Loss: 0.05139671266078949
Step: 4407296	Mean reward: 20.75	 Loss: -0.02536657825112343
Step: 4415488	Mean reward: 23.125	 Loss: -0.006751964800059795
Step: 4423680	Mean reward: 22.25	 Loss: -0.06459986418485641
Step: 4431872	Mean reward: 21.25	 Loss: -0.05291932076215744
Step: 4440064	Mean reward: 21.0625	 Loss: 0.02954074740409851
Step: 4448256	Mean reward: 22.78125	 Loss: 0.06409219652414322
Step: 4456448	Mean reward: 23.6875	 Loss: 0.061752721667289734
Step: 4464640	Mean reward: 22.375	 Loss: 0.007021155208349228
Step: 4472832	Mean reward: 23.5625	 Loss: -0.029155965894460678
Step: 4481024	Mean reward: 21.5625	 Loss: -0.002030789852142334
Step: 4489216	Mean reward: 22.4375	 Loss: -0.04234551265835762
Step: 4497408	Mean reward: 22.71875	 Loss: -0.015542494133114815
Step: 4505600	Mean reward: 21.78125	 Loss: 0.015565404668450356
Step: 4513792	Mean reward: 22.53125	 Loss: -0.033853936940431595
Step: 4521984	Mean reward: 21.40625	 Loss: -0.004179437644779682
Step: 4530176	Mean reward: 23.25	 Loss: 0.018070237711071968
Step: 4538368	Mean reward: 20.5	 Loss: 0.00809837318956852
Step: 4546560	Mean reward: 20.6875	 Loss: 0.0030539873987436295
Step: 4554752	Mean reward: 21.0	 Loss: -0.058852940797805786
Step: 4562944	Mean reward: 22.46875	 Loss: -0.03683708608150482
Step: 4571136	Mean reward: 23.5625	 Loss: -0.01542595960199833
Step: 4579328	Mean reward: 22.40625	 Loss: -0.06054946035146713
Step: 4587520	Mean reward: 23.1875	 Loss: 0.14395305514335632
Step: 4595712	Mean reward: 20.6875	 Loss: 0.009480677545070648
Step: 4603904	Mean reward: 23.03125	 Loss: -0.07745283842086792
Step: 4612096	Mean reward: 20.875	 Loss: -0.008841674774885178
Step: 4620288	Mean reward: 22.28125	 Loss: 0.06716804206371307
Step: 4628480	Mean reward: 20.75	 Loss: -0.058538418263196945
Step: 4636672	Mean reward: 22.78125	 Loss: -0.0056854598224163055
Step: 4644864	Mean reward: 21.59375	 Loss: 0.010146630927920341
Step: 4653056	Mean reward: 24.65625	 Loss: -0.04887593537569046
Step: 4661248	Mean reward: 23.21875	 Loss: 0.04231993854045868
Step: 4669440	Mean reward: 21.375	 Loss: 0.005289124324917793
Step: 4677632	Mean reward: 21.84375	 Loss: -0.021364569664001465
Step: 4685824	Mean reward: 21.84375	 Loss: -0.006662060506641865
Step: 4694016	Mean reward: 23.25	 Loss: 0.03688512369990349
Step: 4702208	Mean reward: 23.15625	 Loss: 0.05983254313468933
Step: 4710400	Mean reward: 21.5625	 Loss: -0.03158572316169739
Step: 4718592	Mean reward: 22.65625	 Loss: -0.06748399138450623
Step: 4726784	Mean reward: 22.71875	 Loss: -0.006952999159693718
Step: 4734976	Mean reward: 21.1875	 Loss: -0.02761097438633442
Step: 4743168	Mean reward: 22.46875	 Loss: 0.009596516378223896
Step: 4751360	Mean reward: 22.78125	 Loss: 0.046123653650283813
Step: 4759552	Mean reward: 21.0	 Loss: -0.005253019742667675
Step: 4767744	Mean reward: 23.125	 Loss: 0.002367173321545124
Step: 4775936	Mean reward: 22.59375	 Loss: -0.01066612545400858
Step: 4784128	Mean reward: 21.65625	 Loss: 0.04245879501104355
Step: 4792320	Mean reward: 22.625	 Loss: -0.12606225907802582
Step: 4800512	Mean reward: 21.71875	 Loss: -0.027323080226778984
Step: 4808704	Mean reward: 20.875	 Loss: 0.028649520128965378
Step: 4816896	Mean reward: 21.65625	 Loss: -0.036856070160865784
Step: 4825088	Mean reward: 24.96875	 Loss: -0.002855737693607807
Step: 4833280	Mean reward: 23.15625	 Loss: -0.11085088551044464
Step: 4841472	Mean reward: 21.71875	 Loss: 0.0006528636440634727
Step: 4849664	Mean reward: 23.40625	 Loss: 0.06322155892848969
Step: 4857856	Mean reward: 23.4375	 Loss: 0.032623618841171265
Step: 4866048	Mean reward: 22.25	 Loss: -0.0413210466504097
Step: 4874240	Mean reward: 22.53125	 Loss: -0.006630765274167061
Step: 4882432	Mean reward: 20.5625	 Loss: 0.042833179235458374
Step: 4890624	Mean reward: 23.78125	 Loss: -0.05598268657922745
Step: 4898816	Mean reward: 21.6875	 Loss: -0.04425651580095291
Step: 4907008	Mean reward: 22.28125	 Loss: 0.027201849967241287
Step: 4915200	Mean reward: 23.53125	 Loss: -0.04333796352148056
Step: 4923392	Mean reward: 22.90625	 Loss: 0.045038118958473206
Step: 4931584	Mean reward: 21.375	 Loss: 0.019414125010371208
Step: 4939776	Mean reward: 23.0625	 Loss: -0.00698765367269516
Step: 4947968	Mean reward: 21.875	 Loss: 0.05826758220791817
Step: 4956160	Mean reward: 22.5625	 Loss: 0.06671467423439026
Step: 4964352	Mean reward: 21.75	 Loss: -0.08049046993255615
Step: 4972544	Mean reward: 23.46875	 Loss: 0.01455241721123457
Step: 4980736	Mean reward: 22.09375	 Loss: 0.06197096407413483
Step: 4988928	Mean reward: 22.75	 Loss: -0.09485355019569397
Step: 4997120	Mean reward: 23.875	 Loss: -0.02575153112411499
Step: 5005312	Mean reward: 23.1875	 Loss: 0.014392665587365627
Step: 5013504	Mean reward: 22.125	 Loss: 0.010642190463840961
Step: 5021696	Mean reward: 21.09375	 Loss: -0.04745297506451607
Step: 5029888	Mean reward: 22.78125	 Loss: 0.013405030593276024
Step: 5038080	Mean reward: 21.71875	 Loss: -0.0031636031344532967
Step: 5046272	Mean reward: 23.1875	 Loss: 0.09756920486688614
Step: 5054464	Mean reward: 22.4375	 Loss: -0.06045267730951309
Step: 5062656	Mean reward: 21.3125	 Loss: 0.025608498603105545
Step: 5070848	Mean reward: 22.65625	 Loss: -0.04121606796979904
Step: 5079040	Mean reward: 23.125	 Loss: -0.10200824588537216
Step: 5087232	Mean reward: 22.15625	 Loss: 0.048362620174884796
Step: 5095424	Mean reward: 23.3125	 Loss: 0.004257959313690662
Step: 5103616	Mean reward: 22.78125	 Loss: -0.001942349597811699
Step: 5111808	Mean reward: 22.34375	 Loss: 0.036490216851234436
Step: 5120000	Mean reward: 21.75	 Loss: -0.05906320735812187
Step: 5128192	Mean reward: 24.0625	 Loss: -0.004257745109498501
Step: 5136384	Mean reward: 23.78125	 Loss: 0.037921786308288574
Step: 5144576	Mean reward: 23.0	 Loss: 0.029596075415611267
Step: 5152768	Mean reward: 23.0	 Loss: 0.009638778865337372
Step: 5160960	Mean reward: 22.9375	 Loss: -0.007897593080997467
Step: 5169152	Mean reward: 21.96875	 Loss: -0.01181989349424839
Step: 5177344	Mean reward: 21.46875	 Loss: -0.12494736164808273
Step: 5185536	Mean reward: 21.59375	 Loss: 0.04974893480539322
Step: 5193728	Mean reward: 22.03125	 Loss: -0.023593246936798096
Step: 5201920	Mean reward: 23.34375	 Loss: -0.021377522498369217
Step: 5210112	Mean reward: 22.34375	 Loss: -0.06026124581694603
Step: 5218304	Mean reward: 23.1875	 Loss: -0.05555015802383423
Step: 5226496	Mean reward: 22.6875	 Loss: -0.08726461231708527
Step: 5234688	Mean reward: 22.71875	 Loss: -0.012271064333617687
Step: 5242880	Mean reward: 23.53125	 Loss: -0.015941385179758072
Step: 5251072	Mean reward: 22.3125	 Loss: 0.04200243949890137
Step: 5259264	Mean reward: 21.5	 Loss: -0.03862250968813896
Step: 5267456	Mean reward: 23.375	 Loss: -0.030547933652997017
Step: 5275648	Mean reward: 21.96875	 Loss: -0.08880659192800522
Step: 5283840	Mean reward: 22.84375	 Loss: 0.053303688764572144
Step: 5292032	Mean reward: 22.40625	 Loss: -0.008643461391329765
Step: 5300224	Mean reward: 22.03125	 Loss: -0.0227997787296772
Step: 5308416	Mean reward: 22.0625	 Loss: -0.027590226382017136
Step: 5316608	Mean reward: 23.9375	 Loss: 0.039866574108600616
Step: 5324800	Mean reward: 22.21875	 Loss: -0.011240524239838123
Step: 5332992	Mean reward: 23.28125	 Loss: 0.018263069912791252
Step: 5341184	Mean reward: 23.21875	 Loss: 0.046304576098918915
Step: 5349376	Mean reward: 22.84375	 Loss: -0.0008257012814283371
Step: 5357568	Mean reward: 22.96875	 Loss: 0.0011309301480650902
Step: 5365760	Mean reward: 22.3125	 Loss: 0.012918476015329361
Step: 5373952	Mean reward: 22.3125	 Loss: -0.08225282281637192
Step: 5382144	Mean reward: 23.09375	 Loss: -0.006235415115952492
Step: 5390336	Mean reward: 22.0	 Loss: -0.006622880697250366
Step: 5398528	Mean reward: 23.625	 Loss: 0.029030637815594673
Step: 5406720	Mean reward: 20.46875	 Loss: 0.02545226365327835
Step: 5414912	Mean reward: 22.34375	 Loss: -0.0833643451333046
Step: 5423104	Mean reward: 23.75	 Loss: 0.019267521798610687
Step: 5431296	Mean reward: 22.09375	 Loss: -0.03435525670647621
Step: 5439488	Mean reward: 20.8125	 Loss: 0.0020725950598716736
Step: 5447680	Mean reward: 21.9375	 Loss: -0.003941361792385578
Step: 5455872	Mean reward: 22.125	 Loss: 0.056844405829906464
Step: 5464064	Mean reward: 22.5	 Loss: -0.021377217024564743
Step: 5472256	Mean reward: 22.0	 Loss: 0.023145977407693863
Step: 5480448	Mean reward: 23.84375	 Loss: -0.03558141738176346
Step: 5488640	Mean reward: 22.9375	 Loss: -0.0007394393905997276
Step: 5496832	Mean reward: 24.0625	 Loss: 0.04945429041981697
Step: 5505024	Mean reward: 22.46875	 Loss: 0.006359947845339775
Step: 5513216	Mean reward: 22.78125	 Loss: 0.05321045592427254
Step: 5521408	Mean reward: 22.375	 Loss: 0.02215515822172165
Step: 5529600	Mean reward: 21.84375	 Loss: -0.04504052549600601
Step: 5537792	Mean reward: 23.4375	 Loss: -0.006353071890771389
Step: 5545984	Mean reward: 22.34375	 Loss: -0.07533495873212814
Step: 5554176	Mean reward: 22.59375	 Loss: 0.03175799176096916
Step: 5562368	Mean reward: 21.75	 Loss: 0.01898634247481823
Step: 5570560	Mean reward: 24.0	 Loss: 0.0001411670818924904
Step: 5578752	Mean reward: 22.03125	 Loss: -0.0076323822140693665
Step: 5586944	Mean reward: 23.21875	 Loss: -0.04708394408226013
Step: 5595136	Mean reward: 22.0	 Loss: 0.026308998465538025
Step: 5603328	Mean reward: 21.875	 Loss: 0.04833374544978142
Step: 5611520	Mean reward: 21.09375	 Loss: -0.03927381709218025
Step: 5619712	Mean reward: 23.03125	 Loss: 0.02698059380054474
Step: 5627904	Mean reward: 22.71875	 Loss: -0.02103554457426071
Step: 5636096	Mean reward: 22.28125	 Loss: -0.05273580551147461
Step: 5644288	Mean reward: 22.1875	 Loss: -0.015301099978387356
Step: 5652480	Mean reward: 22.46875	 Loss: -0.011351380497217178
Step: 5660672	Mean reward: 21.75	 Loss: -0.06601171940565109
Step: 5668864	Mean reward: 19.9375	 Loss: -0.07596848160028458
Step: 5677056	Mean reward: 22.0	 Loss: 0.060200806707143784
Step: 5685248	Mean reward: 21.1875	 Loss: 0.034970901906490326
Step: 5693440	Mean reward: 20.9375	 Loss: -0.03848815709352493
Step: 5701632	Mean reward: 22.28125	 Loss: -0.06329064816236496
Step: 5709824	Mean reward: 22.1875	 Loss: 0.06619538366794586
Step: 5718016	Mean reward: 22.34375	 Loss: 0.05603110417723656
Step: 5726208	Mean reward: 22.5	 Loss: 0.057850904762744904
Step: 5734400	Mean reward: 20.6875	 Loss: 0.005023435689508915
Step: 5742592	Mean reward: 22.875	 Loss: -0.08023587614297867
Step: 5750784	Mean reward: 23.53125	 Loss: -0.06888879090547562
Step: 5758976	Mean reward: 22.03125	 Loss: -0.002999868243932724
Step: 5767168	Mean reward: 23.78125	 Loss: -0.012355049140751362
Step: 5775360	Mean reward: 21.8125	 Loss: -0.010336272418498993
Step: 5783552	Mean reward: 22.8125	 Loss: 0.0015592342242598534
Step: 5791744	Mean reward: 22.0625	 Loss: 0.0038911597803235054
Step: 5799936	Mean reward: 23.78125	 Loss: -0.027131307870149612
Step: 5808128	Mean reward: 22.03125	 Loss: 0.0036707231774926186
Step: 5816320	Mean reward: 22.53125	 Loss: 0.04251094534993172
Step: 5824512	Mean reward: 23.0	 Loss: -0.014049944467842579
Step: 5832704	Mean reward: 21.4375	 Loss: 0.028307657688856125
Step: 5840896	Mean reward: 22.5625	 Loss: 0.006699607707560062
Step: 5849088	Mean reward: 24.1875	 Loss: -0.015122001990675926
Step: 5857280	Mean reward: 24.4375	 Loss: -0.04241596907377243
Step: 5865472	Mean reward: 24.25	 Loss: -0.06519971787929535
Step: 5873664	Mean reward: 22.09375	 Loss: -0.04152706265449524
Step: 5881856	Mean reward: 22.75	 Loss: -0.044498324394226074
Step: 5890048	Mean reward: 23.25	 Loss: 0.005512804724276066
Step: 5898240	Mean reward: 22.375	 Loss: -0.033282674849033356
Step: 5906432	Mean reward: 23.21875	 Loss: -0.02794589474797249
Step: 5914624	Mean reward: 22.0	 Loss: 0.02758777141571045
Step: 5922816	Mean reward: 23.71875	 Loss: -0.003896026872098446
Step: 5931008	Mean reward: 23.96875	 Loss: -0.099917471408844
Step: 5939200	Mean reward: 22.96875	 Loss: -0.05674029141664505
Step: 5947392	Mean reward: 24.21875	 Loss: 0.0016009993851184845
Step: 5955584	Mean reward: 23.0625	 Loss: 0.04123441129922867
Step: 5963776	Mean reward: 23.1875	 Loss: -0.00805271603167057
Step: 5971968	Mean reward: 23.65625	 Loss: 0.012621922418475151
Step: 5980160	Mean reward: 22.875	 Loss: -0.05441778525710106
Step: 5988352	Mean reward: 22.4375	 Loss: -0.012294669635593891
Step: 5996544	Mean reward: 21.34375	 Loss: -0.09705901145935059
Step: 6004736	Mean reward: 23.28125	 Loss: -0.019194796681404114
Step: 6012928	Mean reward: 21.65625	 Loss: 0.01724562793970108
Step: 6021120	Mean reward: 21.53125	 Loss: -0.056177057325839996
Step: 6029312	Mean reward: 21.28125	 Loss: 0.05998997017741203
Step: 6037504	Mean reward: 23.0625	 Loss: -0.07184243947267532
Step: 6045696	Mean reward: 23.5625	 Loss: 0.01816965825855732
Step: 6053888	Mean reward: 23.3125	 Loss: 0.03445390611886978
Step: 6062080	Mean reward: 22.46875	 Loss: -0.002342759631574154
Step: 6070272	Mean reward: 23.40625	 Loss: 0.007999279536306858
Step: 6078464	Mean reward: 22.0625	 Loss: -0.03130437061190605
Step: 6086656	Mean reward: 24.3125	 Loss: 0.06111383065581322
Step: 6094848	Mean reward: 23.3125	 Loss: 0.06943003088235855
Step: 6103040	Mean reward: 21.875	 Loss: 0.026013191789388657
Step: 6111232	Mean reward: 23.0625	 Loss: 0.03722900524735451
Step: 6119424	Mean reward: 22.90625	 Loss: -0.025409601628780365
Step: 6127616	Mean reward: 22.40625	 Loss: 0.027709469199180603
Step: 6135808	Mean reward: 22.84375	 Loss: 0.001743982546031475
Step: 6144000	Mean reward: 23.5	 Loss: 0.0177023746073246
Step: 6152192	Mean reward: 24.28125	 Loss: -0.06902135163545609
Step: 6160384	Mean reward: 23.53125	 Loss: -0.08860024064779282
Step: 6168576	Mean reward: 22.59375	 Loss: 0.04168710112571716
Step: 6176768	Mean reward: 21.5625	 Loss: 0.07077928632497787
Step: 6184960	Mean reward: 23.84375	 Loss: -0.012454760260879993
Step: 6193152	Mean reward: 19.96875	 Loss: 0.018464189022779465
Step: 6201344	Mean reward: 22.4375	 Loss: 0.019153472036123276
Step: 6209536	Mean reward: 23.90625	 Loss: -0.08959545940160751
Step: 6217728	Mean reward: 22.375	 Loss: -0.04550011828541756
Step: 6225920	Mean reward: 24.28125	 Loss: -0.03766408935189247
Step: 6234112	Mean reward: 22.5625	 Loss: -0.04188546538352966
Step: 6242304	Mean reward: 22.3125	 Loss: -0.022876203060150146
Step: 6250496	Mean reward: 22.90625	 Loss: -0.08306179195642471
Step: 6258688	Mean reward: 22.59375	 Loss: 0.02125352993607521
Step: 6266880	Mean reward: 22.75	 Loss: -0.06286614388227463
Step: 6275072	Mean reward: 22.3125	 Loss: -0.0452868677675724
Step: 6283264	Mean reward: 22.84375	 Loss: -0.034235596656799316
Step: 6291456	Mean reward: 22.28125	 Loss: -0.0021653398871421814
Step: 6299648	Mean reward: 22.6875	 Loss: -0.049820203334093094
Step: 6307840	Mean reward: 22.5625	 Loss: -0.06643108278512955
Step: 6316032	Mean reward: 23.5625	 Loss: -0.020549887791275978
Step: 6324224	Mean reward: 23.15625	 Loss: -0.028513571247458458
Step: 6332416	Mean reward: 21.15625	 Loss: -0.019853826612234116
Step: 6340608	Mean reward: 22.25	 Loss: 0.03803752362728119
Step: 6348800	Mean reward: 23.25	 Loss: 0.01039635669440031
Step: 6356992	Mean reward: 22.59375	 Loss: 0.07182256877422333
Step: 6365184	Mean reward: 24.03125	 Loss: -0.07559692859649658
Step: 6373376	Mean reward: 23.40625	 Loss: -0.06499084085226059
Step: 6381568	Mean reward: 23.90625	 Loss: 0.0013438845053315163
Step: 6389760	Mean reward: 22.5	 Loss: 0.023818839341402054
Step: 6397952	Mean reward: 21.71875	 Loss: -0.021948620676994324
Step: 6406144	Mean reward: 22.03125	 Loss: -0.02794322371482849
Step: 6414336	Mean reward: 23.5	 Loss: -0.008528591133654118
Step: 6422528	Mean reward: 23.875	 Loss: -0.02080020122230053
Step: 6430720	Mean reward: 23.25	 Loss: 0.0026092324405908585
Step: 6438912	Mean reward: 21.1875	 Loss: 0.008414999581873417
Step: 6447104	Mean reward: 22.96875	 Loss: 0.057886745780706406
Step: 6455296	Mean reward: 21.84375	 Loss: -0.034125830978155136
Step: 6463488	Mean reward: 22.3125	 Loss: 0.06992833316326141
Step: 6471680	Mean reward: 22.3125	 Loss: 0.055966202169656754
Step: 6479872	Mean reward: 23.40625	 Loss: 0.025223994627594948
Step: 6488064	Mean reward: 22.71875	 Loss: 0.034736525267362595
Step: 6496256	Mean reward: 21.40625	 Loss: -0.013358420692384243
Step: 6504448	Mean reward: 22.875	 Loss: -0.06082214415073395
Step: 6512640	Mean reward: 21.84375	 Loss: -0.019327320158481598
Step: 6520832	Mean reward: 22.4375	 Loss: -0.007558709010481834
Step: 6529024	Mean reward: 21.15625	 Loss: -0.05269328132271767
Step: 6537216	Mean reward: 24.34375	 Loss: -0.04661820828914642
Step: 6545408	Mean reward: 19.8125	 Loss: -0.04923758655786514
Step: 6553600	Mean reward: 22.65625	 Loss: -0.03062729723751545
Step: 6561792	Mean reward: 23.0625	 Loss: -0.0015177493914961815
Step: 6569984	Mean reward: 23.6875	 Loss: 0.009792336262762547
Step: 6578176	Mean reward: 21.4375	 Loss: 0.005594178102910519
Step: 6586368	Mean reward: 24.1875	 Loss: 0.06961949169635773
Step: 6594560	Mean reward: 22.78125	 Loss: -0.08237200975418091
Step: 6602752	Mean reward: 22.5	 Loss: 0.06026139482855797
Step: 6610944	Mean reward: 23.3125	 Loss: 0.007696004584431648
Step: 6619136	Mean reward: 22.71875	 Loss: -0.055608488619327545
Step: 6627328	Mean reward: 22.78125	 Loss: -0.0008989963680505753
Step: 6635520	Mean reward: 22.1875	 Loss: -0.039008352905511856
Step: 6643712	Mean reward: 21.78125	 Loss: -0.04392847418785095
Step: 6651904	Mean reward: 23.0625	 Loss: -0.08944536745548248
Step: 6660096	Mean reward: 23.125	 Loss: 0.04722979664802551
Step: 6668288	Mean reward: 22.9375	 Loss: -0.017665917053818703
Step: 6676480	Mean reward: 22.84375	 Loss: -0.005730097182095051
Step: 6684672	Mean reward: 22.65625	 Loss: -0.009491346776485443
Step: 6692864	Mean reward: 22.34375	 Loss: 0.05112288519740105
Step: 6701056	Mean reward: 23.90625	 Loss: -0.03364399075508118
Step: 6709248	Mean reward: 22.75	 Loss: -0.026340465992689133
Step: 6717440	Mean reward: 20.875	 Loss: -0.05009962245821953
Step: 6725632	Mean reward: 22.3125	 Loss: -0.01590154320001602
Step: 6733824	Mean reward: 21.875	 Loss: 0.021722860634326935
Step: 6742016	Mean reward: 23.84375	 Loss: -0.06365147233009338
Step: 6750208	Mean reward: 25.09375	 Loss: -0.07189784198999405
Step: 6758400	Mean reward: 22.59375	 Loss: 0.02888776734471321
Step: 6766592	Mean reward: 22.875	 Loss: -0.029631011188030243
Step: 6774784	Mean reward: 21.375	 Loss: -0.039837002754211426
Step: 6782976	Mean reward: 21.96875	 Loss: -0.060274191200733185
Step: 6791168	Mean reward: 22.8125	 Loss: -0.09534717351198196
Step: 6799360	Mean reward: 23.15625	 Loss: 0.03590432554483414
Step: 6807552	Mean reward: 21.84375	 Loss: -0.01702161133289337
Step: 6815744	Mean reward: 21.84375	 Loss: -0.0426163412630558
Step: 6823936	Mean reward: 22.4375	 Loss: -0.05818009376525879
Step: 6832128	Mean reward: 23.0625	 Loss: 0.08044160902500153
Step: 6840320	Mean reward: 21.75	 Loss: -0.003251143731176853
Step: 6848512	Mean reward: 22.0625	 Loss: -0.00935623049736023
Step: 6856704	Mean reward: 23.34375	 Loss: 0.024334823712706566
Step: 6864896	Mean reward: 22.1875	 Loss: -0.05738695338368416
Step: 6873088	Mean reward: 24.1875	 Loss: -0.0018586330115795135
Step: 6881280	Mean reward: 24.03125	 Loss: -0.06765005737543106
Step: 6889472	Mean reward: 24.84375	 Loss: -0.04423714429140091
Step: 6897664	Mean reward: 22.6875	 Loss: -0.023864515125751495
Step: 6905856	Mean reward: 21.65625	 Loss: 0.015711870044469833
Step: 6914048	Mean reward: 23.4375	 Loss: 0.00350871030241251
Step: 6922240	Mean reward: 23.84375	 Loss: 0.04581393674015999
Step: 6930432	Mean reward: 23.9375	 Loss: -0.06686641275882721
Step: 6938624	Mean reward: 23.9375	 Loss: -0.025908468291163445
Step: 6946816	Mean reward: 23.125	 Loss: -0.03318879380822182
Step: 6955008	Mean reward: 25.65625	 Loss: -0.05886845663189888
Step: 6963200	Mean reward: 23.09375	 Loss: -0.0303503405302763
Step: 6971392	Mean reward: 24.3125	 Loss: -0.014950764365494251
Step: 6979584	Mean reward: 22.5625	 Loss: -0.0018594972789287567
Step: 6987776	Mean reward: 23.3125	 Loss: 0.015503237023949623
Step: 6995968	Mean reward: 22.3125	 Loss: -0.01902332529425621
Step: 7004160	Mean reward: 23.875	 Loss: -0.0005973801016807556
Step: 7012352	Mean reward: 23.875	 Loss: -0.015603112056851387
Step: 7020544	Mean reward: 23.625	 Loss: -0.07687442749738693
Step: 7028736	Mean reward: 24.75	 Loss: -0.12251359224319458
Step: 7036928	Mean reward: 23.03125	 Loss: 0.0013627763837575912
Step: 7045120	Mean reward: 23.34375	 Loss: -0.060289688408374786
Step: 7053312	Mean reward: 22.28125	 Loss: -0.016387199983000755
Step: 7061504	Mean reward: 25.21875	 Loss: -0.09357237070798874
Step: 7069696	Mean reward: 23.3125	 Loss: 0.048647768795490265
Step: 7077888	Mean reward: 23.3125	 Loss: 0.04802248999476433
Step: 7086080	Mean reward: 23.9375	 Loss: -0.050326570868492126
Step: 7094272	Mean reward: 23.15625	 Loss: -0.009768274612724781
Step: 7102464	Mean reward: 22.3125	 Loss: -0.000333419069647789
Step: 7110656	Mean reward: 23.34375	 Loss: -0.03359643742442131
Step: 7118848	Mean reward: 23.09375	 Loss: 0.0813893973827362
Step: 7127040	Mean reward: 23.8125	 Loss: -0.006841718219220638
Step: 7135232	Mean reward: 23.65625	 Loss: -0.05054314807057381
Step: 7143424	Mean reward: 22.25	 Loss: -0.045634571462869644
Step: 7151616	Mean reward: 24.40625	 Loss: 0.014013758860528469
Step: 7159808	Mean reward: 22.75	 Loss: -0.008432089351117611
Step: 7168000	Mean reward: 22.71875	 Loss: -0.001203850843012333
Step: 7176192	Mean reward: 23.8125	 Loss: -0.035734061151742935
Step: 7184384	Mean reward: 24.0	 Loss: -0.03497658669948578
Step: 7192576	Mean reward: 23.28125	 Loss: -0.013651150278747082
Step: 7200768	Mean reward: 22.6875	 Loss: -0.038186170160770416
Step: 7208960	Mean reward: 24.625	 Loss: 0.047683898359537125
Step: 7217152	Mean reward: 22.65625	 Loss: -0.013406902551651001
Step: 7225344	Mean reward: 23.03125	 Loss: -0.06978239119052887
Step: 7233536	Mean reward: 22.25	 Loss: -0.056087128818035126
Step: 7241728	Mean reward: 23.8125	 Loss: -0.08539556711912155
Step: 7249920	Mean reward: 22.65625	 Loss: -0.057338520884513855
Step: 7258112	Mean reward: 22.96875	 Loss: 0.02027840167284012
Step: 7266304	Mean reward: 23.0	 Loss: -0.057490430772304535
Step: 7274496	Mean reward: 22.34375	 Loss: -0.050895776599645615
Step: 7282688	Mean reward: 23.4375	 Loss: -0.010010295547544956
Step: 7290880	Mean reward: 22.5	 Loss: 0.030875902622938156
Step: 7299072	Mean reward: 22.0625	 Loss: -0.06144315004348755
Step: 7307264	Mean reward: 25.25	 Loss: -0.07335815578699112
Step: 7315456	Mean reward: 23.5625	 Loss: -0.03220707178115845
Step: 7323648	Mean reward: 23.40625	 Loss: -0.011628339067101479
Step: 7331840	Mean reward: 21.40625	 Loss: -0.009129454381763935
Step: 7340032	Mean reward: 23.375	 Loss: -0.00897569302469492
Step: 7348224	Mean reward: 21.25	 Loss: 0.008071799762547016
Step: 7356416	Mean reward: 24.0625	 Loss: -0.03773593157529831
Step: 7364608	Mean reward: 22.4375	 Loss: -0.01976339891552925
Step: 7372800	Mean reward: 22.96875	 Loss: 0.0017610080540180206
Step: 7380992	Mean reward: 22.96875	 Loss: -0.026154976338148117
Step: 7389184	Mean reward: 22.34375	 Loss: -0.06584125012159348
Step: 7397376	Mean reward: 21.28125	 Loss: 0.0022632787004113197
Step: 7405568	Mean reward: 23.125	 Loss: -0.03143496811389923
Step: 7413760	Mean reward: 23.15625	 Loss: -0.06039904057979584
Step: 7421952	Mean reward: 22.65625	 Loss: -0.011226104572415352
Step: 7430144	Mean reward: 21.90625	 Loss: 0.008001762442290783
Step: 7438336	Mean reward: 24.3125	 Loss: -0.05571194738149643
Step: 7446528	Mean reward: 21.9375	 Loss: -0.08222301304340363
Step: 7454720	Mean reward: 22.5625	 Loss: 0.05875378102064133
Step: 7462912	Mean reward: 21.96875	 Loss: -0.03771895170211792
Step: 7471104	Mean reward: 21.46875	 Loss: 0.053156979382038116
Step: 7479296	Mean reward: 23.78125	 Loss: 0.018764525651931763
Step: 7487488	Mean reward: 23.40625	 Loss: 0.022626208141446114
Step: 7495680	Mean reward: 22.75	 Loss: -0.012562752701342106
Step: 7503872	Mean reward: 22.375	 Loss: 0.055825721472501755
Step: 7512064	Mean reward: 22.375	 Loss: 0.03437282517552376
Step: 7520256	Mean reward: 21.96875	 Loss: -0.055469661951065063
Step: 7528448	Mean reward: 22.84375	 Loss: -0.045213885605335236
Step: 7536640	Mean reward: 22.5625	 Loss: -0.09792224317789078
Step: 7544832	Mean reward: 23.5	 Loss: -0.014017312787473202
Step: 7553024	Mean reward: 22.09375	 Loss: -0.017759209498763084
Step: 7561216	Mean reward: 21.9375	 Loss: -0.09147833287715912
Step: 7569408	Mean reward: 23.125	 Loss: -0.031695619225502014
Step: 7577600	Mean reward: 23.90625	 Loss: -0.004621540196239948
Step: 7585792	Mean reward: 21.40625	 Loss: 0.0328386090695858
Step: 7593984	Mean reward: 23.65625	 Loss: 0.03792330622673035
Step: 7602176	Mean reward: 24.125	 Loss: -0.01799711026251316
Step: 7610368	Mean reward: 22.53125	 Loss: 0.02974451705813408
Step: 7618560	Mean reward: 22.96875	 Loss: -0.07551595568656921
Step: 7626752	Mean reward: 23.46875	 Loss: -0.05330933630466461
Step: 7634944	Mean reward: 23.46875	 Loss: -0.03066904842853546
Step: 7643136	Mean reward: 23.78125	 Loss: -0.016865037381649017
Step: 7651328	Mean reward: 22.25	 Loss: -0.057631708681583405
Step: 7659520	Mean reward: 23.9375	 Loss: -0.020938508212566376
Step: 7667712	Mean reward: 22.0625	 Loss: -0.014538124203681946
Step: 7675904	Mean reward: 23.96875	 Loss: 0.015753161162137985
Step: 7684096	Mean reward: 21.625	 Loss: 0.03413648158311844
Step: 7692288	Mean reward: 22.6875	 Loss: -0.03306397795677185
Step: 7700480	Mean reward: 22.65625	 Loss: -0.06756428629159927
Step: 7708672	Mean reward: 23.15625	 Loss: 0.041921231895685196
Step: 7716864	Mean reward: 23.8125	 Loss: -0.0016823969781398773
Step: 7725056	Mean reward: 23.1875	 Loss: -0.013165665790438652
Step: 7733248	Mean reward: 22.5625	 Loss: -0.05327159911394119
Step: 7741440	Mean reward: 21.90625	 Loss: -0.07003458589315414
Step: 7749632	Mean reward: 24.5625	 Loss: 0.08913174271583557
Step: 7757824	Mean reward: 23.90625	 Loss: -0.03938554227352142
Step: 7766016	Mean reward: 23.59375	 Loss: 0.06968347728252411
Step: 7774208	Mean reward: 22.90625	 Loss: -0.014502392150461674
Step: 7782400	Mean reward: 23.3125	 Loss: 0.05072253942489624
Step: 7790592	Mean reward: 23.59375	 Loss: -0.05863930284976959
Step: 7798784	Mean reward: 25.28125	 Loss: -0.014893093146383762
Step: 7806976	Mean reward: 22.5	 Loss: 0.05556699261069298
Step: 7815168	Mean reward: 23.9375	 Loss: -0.06605526804924011
Step: 7823360	Mean reward: 22.6875	 Loss: 0.02255854569375515
Step: 7831552	Mean reward: 22.40625	 Loss: -0.013529432937502861
Step: 7839744	Mean reward: 23.125	 Loss: 0.014879255555570126
Step: 7847936	Mean reward: 24.96875	 Loss: -0.08823242783546448
Step: 7856128	Mean reward: 22.03125	 Loss: -0.06368251889944077
Step: 7864320	Mean reward: 23.5625	 Loss: -0.04111842066049576
Step: 7872512	Mean reward: 24.53125	 Loss: -0.031043825671076775
Step: 7880704	Mean reward: 21.8125	 Loss: -0.03568589687347412
Step: 7888896	Mean reward: 23.1875	 Loss: -0.04489225894212723
Step: 7897088	Mean reward: 22.375	 Loss: -0.10912449657917023
Step: 7905280	Mean reward: 22.84375	 Loss: -0.04998818784952164
Step: 7913472	Mean reward: 24.3125	 Loss: 0.036319926381111145
Step: 7921664	Mean reward: 22.25	 Loss: -0.02437061257660389
Step: 7929856	Mean reward: 24.5	 Loss: -0.05061651021242142
Step: 7938048	Mean reward: 23.8125	 Loss: 0.0012969700619578362
Step: 7946240	Mean reward: 24.46875	 Loss: -0.009204721078276634
Step: 7954432	Mean reward: 22.96875	 Loss: -0.04042328521609306
Step: 7962624	Mean reward: 23.0625	 Loss: -0.07620970159769058
Step: 7970816	Mean reward: 22.3125	 Loss: -0.04845445230603218
Step: 7979008	Mean reward: 21.71875	 Loss: 0.016482671722769737
Step: 7987200	Mean reward: 22.8125	 Loss: 0.0005506202578544617
Step: 7995392	Mean reward: 23.09375	 Loss: 0.02855607494711876
Step: 8003584	Mean reward: 24.5	 Loss: -0.039659805595874786
Step: 8011776	Mean reward: 23.375	 Loss: -0.03462179750204086
Step: 8019968	Mean reward: 24.4375	 Loss: 0.030673429369926453
Step: 8028160	Mean reward: 23.3125	 Loss: -0.013734937645494938
Step: 8036352	Mean reward: 22.78125	 Loss: -0.07858479768037796
Step: 8044544	Mean reward: 23.0625	 Loss: -0.06661812961101532
Step: 8052736	Mean reward: 23.875	 Loss: 0.025847546756267548
Step: 8060928	Mean reward: 22.625	 Loss: 0.008420972153544426
Step: 8069120	Mean reward: 22.5	 Loss: -0.0352780856192112
Step: 8077312	Mean reward: 22.25	 Loss: 0.03838910907506943
Step: 8085504	Mean reward: 21.6875	 Loss: -0.04070085287094116
Step: 8093696	Mean reward: 24.03125	 Loss: 0.03630044683814049
Step: 8101888	Mean reward: 22.65625	 Loss: -0.036999836564064026
Step: 8110080	Mean reward: 24.0625	 Loss: -0.011024771258234978
Step: 8118272	Mean reward: 23.5625	 Loss: -0.06776154041290283
Step: 8126464	Mean reward: 23.5	 Loss: -0.02264665998518467
Step: 8134656	Mean reward: 23.78125	 Loss: -0.029553616419434547
Step: 8142848	Mean reward: 22.0	 Loss: 0.011580893769860268
Step: 8151040	Mean reward: 25.15625	 Loss: -0.07106427103281021
Step: 8159232	Mean reward: 21.9375	 Loss: -0.03590238839387894
Step: 8167424	Mean reward: 22.09375	 Loss: 0.03876268491148949
Step: 8175616	Mean reward: 22.96875	 Loss: -0.07652730494737625
Step: 8183808	Mean reward: 25.03125	 Loss: 0.0029081664979457855
Step: 8192000	Mean reward: 22.90625	 Loss: 0.08507642149925232
Step: 8200192	Mean reward: 22.625	 Loss: -0.0009991107508540154
Step: 8208384	Mean reward: 22.34375	 Loss: 0.016048837453126907
Step: 8216576	Mean reward: 23.5625	 Loss: 0.03904171660542488
Step: 8224768	Mean reward: 24.34375	 Loss: -0.05008920282125473
Step: 8232960	Mean reward: 24.5625	 Loss: 0.01777121052145958
Step: 8241152	Mean reward: 23.71875	 Loss: -0.10276671499013901
Step: 8249344	Mean reward: 24.46875	 Loss: 0.004840675741434097
Step: 8257536	Mean reward: 23.28125	 Loss: -0.05776069313287735
Step: 8265728	Mean reward: 22.59375	 Loss: -0.007308855652809143
Step: 8273920	Mean reward: 23.34375	 Loss: -0.01514497585594654
Step: 8282112	Mean reward: 23.53125	 Loss: 0.021758191287517548
Step: 8290304	Mean reward: 23.65625	 Loss: -0.04503520950675011
Step: 8298496	Mean reward: 22.71875	 Loss: -0.046401213854551315
Step: 8306688	Mean reward: 22.875	 Loss: 0.007235760800540447
Step: 8314880	Mean reward: 22.96875	 Loss: -0.010287647135555744
Step: 8323072	Mean reward: 22.0625	 Loss: 0.007923377677798271
Step: 8331264	Mean reward: 23.28125	 Loss: 0.04970395565032959
Step: 8339456	Mean reward: 22.34375	 Loss: -0.03698201850056648
Step: 8347648	Mean reward: 21.5	 Loss: -0.05377097800374031
Step: 8355840	Mean reward: 22.375	 Loss: 0.05626934394240379
Step: 8364032	Mean reward: 23.125	 Loss: 0.0066480329260230064
Step: 8372224	Mean reward: 25.03125	 Loss: 0.003172643482685089
Step: 8380416	Mean reward: 23.65625	 Loss: -0.01649712398648262
Step: 8388608	Mean reward: 24.28125	 Loss: -0.01674041524529457
Step: 8396800	Mean reward: 24.9375	 Loss: 0.008819162845611572
Step: 8404992	Mean reward: 22.46875	 Loss: 0.012148022651672363
Step: 8413184	Mean reward: 24.46875	 Loss: -0.08518510311841965
Step: 8421376	Mean reward: 21.5	 Loss: -0.012636116705834866
Step: 8429568	Mean reward: 22.90625	 Loss: 0.022062893956899643
Step: 8437760	Mean reward: 23.90625	 Loss: -0.05757129564881325
Step: 8445952	Mean reward: 24.40625	 Loss: 0.023928489536046982
Step: 8454144	Mean reward: 23.34375	 Loss: -0.07952573895454407
Step: 8462336	Mean reward: 24.3125	 Loss: -0.03945818543434143
Step: 8470528	Mean reward: 22.625	 Loss: -0.04878433048725128
Step: 8478720	Mean reward: 23.375	 Loss: 0.03896016255021095
Step: 8486912	Mean reward: 22.625	 Loss: -0.11741112917661667
Step: 8495104	Mean reward: 21.78125	 Loss: 0.005531929433345795
Step: 8503296	Mean reward: 24.6875	 Loss: -0.07433167845010757
Step: 8511488	Mean reward: 22.8125	 Loss: -0.004810006357729435
Step: 8519680	Mean reward: 23.65625	 Loss: -0.12076617032289505
Step: 8527872	Mean reward: 22.65625	 Loss: -0.03463960811495781
Step: 8536064	Mean reward: 23.21875	 Loss: -0.040930867195129395
Step: 8544256	Mean reward: 22.65625	 Loss: 0.07160989940166473
Step: 8552448	Mean reward: 22.625	 Loss: -0.08961742371320724
Step: 8560640	Mean reward: 23.875	 Loss: -0.025170795619487762
Step: 8568832	Mean reward: 23.65625	 Loss: 0.058539845049381256
Step: 8577024	Mean reward: 21.90625	 Loss: -0.0005932888016104698
Step: 8585216	Mean reward: 22.0625	 Loss: 0.012315838597714901
Step: 8593408	Mean reward: 24.40625	 Loss: 0.025507541373372078
Step: 8601600	Mean reward: 23.78125	 Loss: 0.009252856485545635
Step: 8609792	Mean reward: 24.4375	 Loss: 0.0014782948419451714
Step: 8617984	Mean reward: 22.90625	 Loss: -0.09499790519475937
Step: 8626176	Mean reward: 22.90625	 Loss: 0.01875350996851921
Step: 8634368	Mean reward: 23.3125	 Loss: -0.017704978585243225
Step: 8642560	Mean reward: 22.9375	 Loss: -0.030536171048879623
Step: 8650752	Mean reward: 21.53125	 Loss: -0.10841448605060577
Step: 8658944	Mean reward: 22.09375	 Loss: -0.11495931446552277
Step: 8667136	Mean reward: 23.1875	 Loss: 0.0733821764588356
Step: 8675328	Mean reward: 23.09375	 Loss: -0.07117103040218353
Step: 8683520	Mean reward: 23.03125	 Loss: 0.06388913840055466
Step: 8691712	Mean reward: 23.5	 Loss: -0.036088861525058746
Step: 8699904	Mean reward: 23.03125	 Loss: -0.12911267578601837
Step: 8708096	Mean reward: 23.21875	 Loss: -0.06037433072924614
Step: 8716288	Mean reward: 22.40625	 Loss: 0.021029427647590637
Step: 8724480	Mean reward: 22.9375	 Loss: 0.07125984877347946
Step: 8732672	Mean reward: 22.65625	 Loss: 0.01103987731039524
Step: 8740864	Mean reward: 23.875	 Loss: 0.0014588730409741402
Step: 8749056	Mean reward: 22.625	 Loss: -0.053891878575086594
Step: 8757248	Mean reward: 22.375	 Loss: 0.06561782956123352
Step: 8765440	Mean reward: 23.65625	 Loss: 0.08076439052820206
Step: 8773632	Mean reward: 22.625	 Loss: -0.0027230512350797653
Step: 8781824	Mean reward: 20.46875	 Loss: 0.00035943184047937393
Step: 8790016	Mean reward: 22.84375	 Loss: -0.05599873512983322
Step: 8798208	Mean reward: 24.15625	 Loss: 0.024750515818595886
Step: 8806400	Mean reward: 22.46875	 Loss: -0.02577042579650879
Step: 8814592	Mean reward: 22.5	 Loss: -0.018466677516698837
Step: 8822784	Mean reward: 23.46875	 Loss: 0.03328384459018707
Step: 8830976	Mean reward: 22.71875	 Loss: 0.004293084144592285
Step: 8839168	Mean reward: 23.25	 Loss: 0.017215963453054428
Step: 8847360	Mean reward: 23.1875	 Loss: -0.002534283325076103
Step: 8855552	Mean reward: 23.375	 Loss: 0.00046248920261859894
Step: 8863744	Mean reward: 24.40625	 Loss: -0.009879875928163528
Step: 8871936	Mean reward: 23.0	 Loss: -0.0034310705959796906
Step: 8880128	Mean reward: 24.625	 Loss: -0.061939507722854614
Step: 8888320	Mean reward: 26.1875	 Loss: -0.03713653236627579
Step: 8896512	Mean reward: 23.78125	 Loss: -0.018325075507164
Step: 8904704	Mean reward: 23.90625	 Loss: 0.0009150728583335876
Step: 8912896	Mean reward: 23.9375	 Loss: -0.024441752582788467
Step: 8921088	Mean reward: 21.8125	 Loss: -0.017851829528808594
Step: 8929280	Mean reward: 22.75	 Loss: -0.06351135671138763
Step: 8937472	Mean reward: 23.15625	 Loss: 0.05270799994468689
Step: 8945664	Mean reward: 23.46875	 Loss: 0.008894218131899834
Step: 8953856	Mean reward: 23.5	 Loss: -0.07681959867477417
Step: 8962048	Mean reward: 22.875	 Loss: -0.007749926298856735
Step: 8970240	Mean reward: 24.34375	 Loss: 0.009486417286098003
Step: 8978432	Mean reward: 21.8125	 Loss: 0.007546731270849705
Step: 8986624	Mean reward: 22.125	 Loss: -0.021149786189198494
Step: 8994816	Mean reward: 22.25	 Loss: -0.03454267233610153
Step: 9003008	Mean reward: 21.84375	 Loss: -0.07655030488967896
Completed training at 2021-12-07 07:22:32