Training PPO 1 with the following parameter dict:
{'total_steps': 3000000.0, 'num_envs': 32, 'num_steps': 256, 'num_levels': 200, 'num_epochs': 3, 'batch_size': 512, 'eps': 0.2, 'grad_eps': 0.5, 'value_coef': 0.5, 'entropy_coef': 0.01, 'c1': 0.5, 'c2': 0.01, 'num_actions': 15, 'in_channels': 3, 'feature_dim': 64, 'env_name': 'starpilot', 'use_background': False}
non stabilized ppo with resets
Observation space: Box([[[0. 0. 0. ... 0. 0. 0.]
  [0. 0. 0. ... 0. 0. 0.]
  [0. 0. 0. ... 0. 0. 0.]
  ...
  [0. 0. 0. ... 0. 0. 0.]
  [0. 0. 0. ... 0. 0. 0.]
  [0. 0. 0. ... 0. 0. 0.]]

 [[0. 0. 0. ... 0. 0. 0.]
  [0. 0. 0. ... 0. 0. 0.]
  [0. 0. 0. ... 0. 0. 0.]
  ...
  [0. 0. 0. ... 0. 0. 0.]
  [0. 0. 0. ... 0. 0. 0.]
  [0. 0. 0. ... 0. 0. 0.]]

 [[0. 0. 0. ... 0. 0. 0.]
  [0. 0. 0. ... 0. 0. 0.]
  [0. 0. 0. ... 0. 0. 0.]
  ...
  [0. 0. 0. ... 0. 0. 0.]
  [0. 0. 0. ... 0. 0. 0.]
  [0. 0. 0. ... 0. 0. 0.]]], [[[1. 1. 1. ... 1. 1. 1.]
  [1. 1. 1. ... 1. 1. 1.]
  [1. 1. 1. ... 1. 1. 1.]
  ...
  [1. 1. 1. ... 1. 1. 1.]
  [1. 1. 1. ... 1. 1. 1.]
  [1. 1. 1. ... 1. 1. 1.]]

 [[1. 1. 1. ... 1. 1. 1.]
  [1. 1. 1. ... 1. 1. 1.]
  [1. 1. 1. ... 1. 1. 1.]
  ...
  [1. 1. 1. ... 1. 1. 1.]
  [1. 1. 1. ... 1. 1. 1.]
  [1. 1. 1. ... 1. 1. 1.]]

 [[1. 1. 1. ... 1. 1. 1.]
  [1. 1. 1. ... 1. 1. 1.]
  [1. 1. 1. ... 1. 1. 1.]
  ...
  [1. 1. 1. ... 1. 1. 1.]
  [1. 1. 1. ... 1. 1. 1.]
  [1. 1. 1. ... 1. 1. 1.]]], (3, 64, 64), float32)
Action space: 15
Step: 8192	Mean reward: 4.71875	 Loss: 0.5278168320655823
Step: 16384	Mean reward: 4.90625	 Loss: 0.12344583123922348
Step: 24576	Mean reward: 4.65625	 Loss: 0.053092293441295624
Step: 32768	Mean reward: 6.3125	 Loss: 0.09125111252069473
Step: 40960	Mean reward: 5.96875	 Loss: 0.08010037243366241
Step: 49152	Mean reward: 5.96875	 Loss: 0.12412601709365845
Step: 57344	Mean reward: 6.5625	 Loss: 0.04191309213638306
Step: 65536	Mean reward: 6.4375	 Loss: 0.06149224936962128
Step: 73728	Mean reward: 7.4375	 Loss: 0.044560134410858154
Step: 81920	Mean reward: 7.625	 Loss: 0.12600794434547424
Step: 90112	Mean reward: 8.34375	 Loss: 0.0024505946785211563
Step: 98304	Mean reward: 8.0625	 Loss: 0.07422689348459244
Step: 106496	Mean reward: 8.15625	 Loss: 0.07297765463590622
Step: 114688	Mean reward: 7.28125	 Loss: 0.1000211089849472
Step: 122880	Mean reward: 7.90625	 Loss: 0.04487404227256775
Step: 131072	Mean reward: 8.53125	 Loss: 0.046597640961408615
Step: 139264	Mean reward: 6.90625	 Loss: 0.07083293050527573
Step: 147456	Mean reward: 8.59375	 Loss: 0.08027344197034836
Step: 155648	Mean reward: 9.34375	 Loss: 0.026638807728886604
Step: 163840	Mean reward: 8.34375	 Loss: 0.013203125447034836
Step: 172032	Mean reward: 7.6875	 Loss: 0.024128112941980362
Step: 180224	Mean reward: 8.8125	 Loss: 0.06615589559078217
Step: 188416	Mean reward: 10.125	 Loss: -0.012007350102066994
Step: 196608	Mean reward: 9.96875	 Loss: 0.11123930662870407
Step: 204800	Mean reward: 10.5	 Loss: 0.0987970158457756
Step: 212992	Mean reward: 8.78125	 Loss: 0.01991840824484825
Step: 221184	Mean reward: 9.15625	 Loss: 0.06815608590841293
Step: 229376	Mean reward: 10.28125	 Loss: 0.04649268835783005
Step: 237568	Mean reward: 10.21875	 Loss: 0.07432757318019867
Step: 245760	Mean reward: 8.6875	 Loss: 0.06712689250707626
Step: 253952	Mean reward: 10.1875	 Loss: 0.050896499305963516
Step: 262144	Mean reward: 10.28125	 Loss: 0.06365707516670227
Step: 270336	Mean reward: 10.78125	 Loss: -0.029366441071033478
Step: 278528	Mean reward: 10.53125	 Loss: -0.01009506918489933
Step: 286720	Mean reward: 10.625	 Loss: 0.09784679114818573
Step: 294912	Mean reward: 11.59375	 Loss: 0.029407357797026634
Step: 303104	Mean reward: 11.125	 Loss: 0.02131483145058155
Step: 311296	Mean reward: 11.59375	 Loss: -0.005929229781031609
Step: 319488	Mean reward: 9.875	 Loss: 0.05407625064253807
Step: 327680	Mean reward: 11.0	 Loss: -0.0042217206209897995
Step: 335872	Mean reward: 11.0625	 Loss: 0.16500306129455566
Step: 344064	Mean reward: 11.125	 Loss: 0.009075185284018517
Step: 352256	Mean reward: 12.28125	 Loss: 0.051679596304893494
Step: 360448	Mean reward: 13.03125	 Loss: 0.02210225909948349
Step: 368640	Mean reward: 11.6875	 Loss: 0.03804244101047516
Step: 376832	Mean reward: 11.625	 Loss: -0.03800608217716217
Step: 385024	Mean reward: 12.375	 Loss: 0.03410668671131134
Step: 393216	Mean reward: 12.625	 Loss: 0.03357991576194763
Step: 401408	Mean reward: 11.625	 Loss: -0.02201802469789982
Step: 409600	Mean reward: 11.34375	 Loss: 0.021741075441241264
Step: 417792	Mean reward: 11.28125	 Loss: 0.05575990676879883
Step: 425984	Mean reward: 10.71875	 Loss: -0.07411664724349976
Step: 434176	Mean reward: 10.90625	 Loss: -0.018759818747639656
Step: 442368	Mean reward: 13.03125	 Loss: 0.03898388892412186
Step: 450560	Mean reward: 13.59375	 Loss: 0.029043767601251602
Step: 458752	Mean reward: 12.25	 Loss: 0.03170458972454071
Step: 466944	Mean reward: 11.28125	 Loss: 0.009418828412890434
Step: 475136	Mean reward: 11.96875	 Loss: 0.0007917173206806183
Step: 483328	Mean reward: 12.5625	 Loss: 0.0015289243310689926
Step: 491520	Mean reward: 12.53125	 Loss: 0.09039215743541718
Step: 499712	Mean reward: 13.375	 Loss: 0.03823187202215195
Step: 507904	Mean reward: 12.15625	 Loss: -0.08189228177070618
Step: 516096	Mean reward: 10.84375	 Loss: 0.009203862398862839
Step: 524288	Mean reward: 12.78125	 Loss: 0.031240392476320267
Step: 532480	Mean reward: 12.875	 Loss: 0.12333428114652634
Step: 540672	Mean reward: 12.96875	 Loss: 0.07476045191287994
Step: 548864	Mean reward: 13.125	 Loss: 0.02596217393875122
Step: 557056	Mean reward: 12.375	 Loss: 0.05059310421347618
Step: 565248	Mean reward: 13.375	 Loss: 0.05477762222290039
Step: 573440	Mean reward: 12.375	 Loss: 0.08344383537769318
Step: 581632	Mean reward: 15.1875	 Loss: 0.031058114022016525
Step: 589824	Mean reward: 13.9375	 Loss: 0.017076918855309486
Step: 598016	Mean reward: 14.46875	 Loss: 0.045108407735824585
Step: 606208	Mean reward: 14.21875	 Loss: 0.011534979566931725
Step: 614400	Mean reward: 14.53125	 Loss: 0.05781513452529907
Step: 622592	Mean reward: 14.3125	 Loss: 0.016040587797760963
Step: 630784	Mean reward: 13.125	 Loss: 0.058911845088005066
Step: 638976	Mean reward: 13.90625	 Loss: 0.06788961589336395
Step: 647168	Mean reward: 13.53125	 Loss: 0.0005507636815309525
Step: 655360	Mean reward: 14.40625	 Loss: 0.02590838447213173
Step: 663552	Mean reward: 12.21875	 Loss: 0.09093251079320908
Step: 671744	Mean reward: 12.53125	 Loss: -0.05455385893583298
Step: 679936	Mean reward: 13.65625	 Loss: -0.00573333352804184
Step: 688128	Mean reward: 12.4375	 Loss: 0.05996933951973915
Step: 696320	Mean reward: 13.3125	 Loss: 0.04430191591382027
Step: 704512	Mean reward: 13.3125	 Loss: 0.03394082188606262
Step: 712704	Mean reward: 13.46875	 Loss: -0.008689012378454208
Step: 720896	Mean reward: 13.84375	 Loss: 0.013293014839291573
Step: 729088	Mean reward: 13.71875	 Loss: 0.03863367810845375
Step: 737280	Mean reward: 13.34375	 Loss: 0.06370428204536438
Step: 745472	Mean reward: 15.34375	 Loss: -0.022533385083079338
Step: 753664	Mean reward: 13.4375	 Loss: -0.057044535875320435
Step: 761856	Mean reward: 14.65625	 Loss: -0.04755161330103874
Step: 770048	Mean reward: 13.8125	 Loss: -0.0003518369048833847
Step: 778240	Mean reward: 14.09375	 Loss: 0.033162154257297516
Step: 786432	Mean reward: 12.28125	 Loss: -0.005411392077803612
Step: 794624	Mean reward: 14.9375	 Loss: 0.08049218356609344
Step: 802816	Mean reward: 15.03125	 Loss: 0.04602542519569397
Step: 811008	Mean reward: 14.375	 Loss: 0.062454402446746826
Step: 819200	Mean reward: 14.5	 Loss: -0.019682710990309715
Step: 827392	Mean reward: 14.28125	 Loss: -0.059238042682409286
Step: 835584	Mean reward: 15.0	 Loss: 0.034566961228847504
Step: 843776	Mean reward: 15.28125	 Loss: 0.00695294514298439
Step: 851968	Mean reward: 14.96875	 Loss: 0.02388848550617695
Step: 860160	Mean reward: 14.90625	 Loss: 0.07871890068054199
Step: 868352	Mean reward: 15.90625	 Loss: 0.07015388458967209
Step: 876544	Mean reward: 14.75	 Loss: -0.004761464893817902
Step: 884736	Mean reward: 17.0625	 Loss: -0.00019909441471099854
Step: 892928	Mean reward: 15.625	 Loss: 0.07205642759799957
Step: 901120	Mean reward: 15.40625	 Loss: -0.008233817294239998
Step: 909312	Mean reward: 15.40625	 Loss: 0.07312421500682831
Step: 917504	Mean reward: 15.15625	 Loss: 0.0259412731975317
Step: 925696	Mean reward: 15.90625	 Loss: 0.012737471610307693
Step: 933888	Mean reward: 14.40625	 Loss: 0.1131749227643013
Step: 942080	Mean reward: 15.75	 Loss: 0.05175405368208885
Step: 950272	Mean reward: 15.53125	 Loss: 0.003537150099873543
Step: 958464	Mean reward: 15.90625	 Loss: 0.012049384415149689
Step: 966656	Mean reward: 14.5625	 Loss: -0.0025514960289001465
Step: 974848	Mean reward: 13.6875	 Loss: 0.044672831892967224
Step: 983040	Mean reward: 14.9375	 Loss: 0.01262391172349453
Step: 991232	Mean reward: 16.375	 Loss: 0.058011334389448166
Step: 999424	Mean reward: 13.09375	 Loss: -0.03805740922689438
Step: 1007616	Mean reward: 15.1875	 Loss: 0.04120510444045067
Step: 1015808	Mean reward: 15.3125	 Loss: -0.05495113879442215
Step: 1024000	Mean reward: 13.6875	 Loss: -0.1100408285856247
Step: 1032192	Mean reward: 14.28125	 Loss: 0.007119294255971909
Step: 1040384	Mean reward: 15.15625	 Loss: -0.027994796633720398
Step: 1048576	Mean reward: 16.125	 Loss: 0.0755339115858078
Step: 1056768	Mean reward: 14.46875	 Loss: 0.0005798805505037308
Step: 1064960	Mean reward: 14.625	 Loss: -0.05554995685815811
Step: 1073152	Mean reward: 16.3125	 Loss: 0.005261452868580818
Step: 1081344	Mean reward: 14.875	 Loss: 0.01330682821571827
Step: 1089536	Mean reward: 15.15625	 Loss: 0.033343322575092316
Step: 1097728	Mean reward: 15.46875	 Loss: 0.038384128361940384
Step: 1105920	Mean reward: 15.9375	 Loss: 0.03359252214431763
Step: 1114112	Mean reward: 15.75	 Loss: 0.007197463884949684
Step: 1122304	Mean reward: 14.9375	 Loss: -0.05499615892767906
Step: 1130496	Mean reward: 16.96875	 Loss: 0.017179271206259727
Step: 1138688	Mean reward: 15.34375	 Loss: -0.11333249509334564
Step: 1146880	Mean reward: 16.09375	 Loss: -0.0034524258226156235
Step: 1155072	Mean reward: 16.40625	 Loss: 0.08358947932720184
Step: 1163264	Mean reward: 16.46875	 Loss: 0.047795023769140244
Step: 1171456	Mean reward: 16.65625	 Loss: 0.03200537711381912
Step: 1179648	Mean reward: 16.21875	 Loss: 0.04516046866774559
Step: 1187840	Mean reward: 16.53125	 Loss: 0.0535101592540741
Step: 1196032	Mean reward: 15.84375	 Loss: 0.005697028711438179
Step: 1204224	Mean reward: 16.46875	 Loss: 0.10270815342664719
Step: 1212416	Mean reward: 16.6875	 Loss: -0.010755006223917007
Step: 1220608	Mean reward: 16.34375	 Loss: -0.019473444670438766
Step: 1228800	Mean reward: 17.03125	 Loss: 0.04246276617050171
Step: 1236992	Mean reward: 17.5	 Loss: 0.005043596029281616
Step: 1245184	Mean reward: 15.6875	 Loss: 0.006313148885965347
Step: 1253376	Mean reward: 17.875	 Loss: -0.0020306799560785294
Step: 1261568	Mean reward: 17.03125	 Loss: -0.061215244233608246
Step: 1269760	Mean reward: 16.59375	 Loss: -0.05909460037946701
Step: 1277952	Mean reward: 17.84375	 Loss: -0.06376968324184418
Step: 1286144	Mean reward: 19.1875	 Loss: 0.02600533328950405
Step: 1294336	Mean reward: 18.09375	 Loss: 0.06833373010158539
Step: 1302528	Mean reward: 17.3125	 Loss: 0.06030915677547455
Step: 1310720	Mean reward: 16.21875	 Loss: -0.010204821825027466
Step: 1318912	Mean reward: 16.6875	 Loss: -0.0316922590136528
Step: 1327104	Mean reward: 17.875	 Loss: 0.009862363338470459
Step: 1335296	Mean reward: 17.15625	 Loss: 0.032385993748903275
Step: 1343488	Mean reward: 17.5625	 Loss: 0.041426703333854675
Step: 1351680	Mean reward: 16.0	 Loss: 0.06335411965847015
Step: 1359872	Mean reward: 16.625	 Loss: -0.007045937702059746
Step: 1368064	Mean reward: 17.28125	 Loss: 0.09572280198335648
Step: 1376256	Mean reward: 16.53125	 Loss: 0.01380995661020279
Step: 1384448	Mean reward: 17.84375	 Loss: -0.03713306784629822
Step: 1392640	Mean reward: 17.4375	 Loss: -0.04863493889570236
Step: 1400832	Mean reward: 17.0625	 Loss: 0.003974286839365959
Step: 1409024	Mean reward: 17.21875	 Loss: -0.010448595508933067
Step: 1417216	Mean reward: 18.34375	 Loss: 0.025144638493657112
Step: 1425408	Mean reward: 16.90625	 Loss: 0.05369638279080391
Step: 1433600	Mean reward: 18.3125	 Loss: 0.024098839610815048
Step: 1441792	Mean reward: 16.1875	 Loss: 0.06362796574831009
Step: 1449984	Mean reward: 16.6875	 Loss: 0.045652326196432114
Step: 1458176	Mean reward: 18.4375	 Loss: 0.0051539745181798935
Step: 1466368	Mean reward: 17.6875	 Loss: -0.02667834796011448
Step: 1474560	Mean reward: 16.46875	 Loss: -0.005877837538719177
Step: 1482752	Mean reward: 17.4375	 Loss: 0.07443490624427795
Step: 1490944	Mean reward: 16.125	 Loss: -0.06270399689674377
Step: 1499136	Mean reward: 17.4375	 Loss: 0.029771851375699043
Step: 1507328	Mean reward: 16.90625	 Loss: -0.037498705089092255
Step: 1515520	Mean reward: 16.96875	 Loss: 0.09042194485664368
Step: 1523712	Mean reward: 16.96875	 Loss: -0.008187815546989441
Step: 1531904	Mean reward: 17.59375	 Loss: 0.017632780596613884
Step: 1540096	Mean reward: 17.03125	 Loss: 0.025531258434057236
Step: 1548288	Mean reward: 15.65625	 Loss: -0.033507801592350006
Step: 1556480	Mean reward: 17.34375	 Loss: -0.04670237749814987
Step: 1564672	Mean reward: 18.3125	 Loss: -0.02114137075841427
Step: 1572864	Mean reward: 17.5	 Loss: 0.07281001657247543
Step: 1581056	Mean reward: 15.6875	 Loss: -0.017732497304677963
Step: 1589248	Mean reward: 17.71875	 Loss: 0.015178950503468513
Step: 1597440	Mean reward: 16.0625	 Loss: -0.008317327126860619
Step: 1605632	Mean reward: 18.15625	 Loss: 0.10282517969608307
Step: 1613824	Mean reward: 17.4375	 Loss: -0.04574242979288101
Step: 1622016	Mean reward: 17.0	 Loss: 0.018038207665085793
Step: 1630208	Mean reward: 15.84375	 Loss: -0.009065909311175346
Step: 1638400	Mean reward: 16.5625	 Loss: -0.025044884532690048
Step: 1646592	Mean reward: 16.34375	 Loss: -0.059866756200790405
Step: 1654784	Mean reward: 15.65625	 Loss: 0.05242849513888359
Step: 1662976	Mean reward: 18.0	 Loss: -0.03576748073101044
Step: 1671168	Mean reward: 17.375	 Loss: 0.057923343032598495
Step: 1679360	Mean reward: 19.28125	 Loss: -0.005743451416492462
Step: 1687552	Mean reward: 18.0625	 Loss: -0.032213352620601654
Step: 1695744	Mean reward: 18.03125	 Loss: 0.031331975013017654
Step: 1703936	Mean reward: 18.71875	 Loss: 0.035083334892988205
Step: 1712128	Mean reward: 19.0	 Loss: 0.013148438185453415
Step: 1720320	Mean reward: 14.59375	 Loss: 0.040188018232584
Step: 1728512	Mean reward: 17.28125	 Loss: -0.030853522941470146
Step: 1736704	Mean reward: 18.40625	 Loss: 0.009767834097146988
Step: 1744896	Mean reward: 15.78125	 Loss: 0.06439767777919769
Step: 1753088	Mean reward: 17.46875	 Loss: 0.05757714807987213
Step: 1761280	Mean reward: 18.78125	 Loss: 0.014279548078775406
Step: 1769472	Mean reward: 18.25	 Loss: 0.03182642161846161
Step: 1777664	Mean reward: 18.59375	 Loss: 0.026914039626717567
Step: 1785856	Mean reward: 17.09375	 Loss: 0.042389482259750366
Step: 1794048	Mean reward: 16.875	 Loss: -0.03249013051390648
Step: 1802240	Mean reward: 18.28125	 Loss: 0.03965407609939575
Step: 1810432	Mean reward: 16.3125	 Loss: 0.05403229594230652
Step: 1818624	Mean reward: 17.34375	 Loss: 0.06075533851981163
Step: 1826816	Mean reward: 17.75	 Loss: -0.0012252852320671082
Step: 1835008	Mean reward: 18.96875	 Loss: 0.00820411927998066
Step: 1843200	Mean reward: 16.71875	 Loss: -0.03747374191880226
Step: 1851392	Mean reward: 18.65625	 Loss: 0.024366015568375587
Step: 1859584	Mean reward: 18.40625	 Loss: 0.03690940886735916
Step: 1867776	Mean reward: 16.75	 Loss: 0.03003370761871338
Step: 1875968	Mean reward: 18.15625	 Loss: 0.008573232218623161
Step: 1884160	Mean reward: 17.40625	 Loss: 0.037672482430934906
Step: 1892352	Mean reward: 17.03125	 Loss: 0.038820669054985046
Step: 1900544	Mean reward: 17.6875	 Loss: -0.0018001273274421692
Step: 1908736	Mean reward: 16.8125	 Loss: 0.029473910108208656
Step: 1916928	Mean reward: 17.4375	 Loss: 0.0864393338561058
Step: 1925120	Mean reward: 17.1875	 Loss: 0.009311283007264137
Step: 1933312	Mean reward: 17.65625	 Loss: 0.023628201335668564
Step: 1941504	Mean reward: 17.4375	 Loss: 0.0015942566096782684
Step: 1949696	Mean reward: 18.125	 Loss: 0.01400696486234665
Step: 1957888	Mean reward: 17.34375	 Loss: -0.0008895304054021835
Step: 1966080	Mean reward: 18.03125	 Loss: -0.028288278728723526
Step: 1974272	Mean reward: 17.25	 Loss: 0.05372503399848938
Step: 1982464	Mean reward: 17.125	 Loss: 0.02762172743678093
Step: 1990656	Mean reward: 17.125	 Loss: -0.07826391607522964
Step: 1998848	Mean reward: 17.25	 Loss: 0.021700819954276085
Step: 2007040	Mean reward: 18.84375	 Loss: 0.003090478479862213
Step: 2015232	Mean reward: 19.125	 Loss: 0.04343719035387039
Step: 2023424	Mean reward: 18.625	 Loss: 0.0013254005461931229
Step: 2031616	Mean reward: 16.15625	 Loss: 0.03950619325041771
Step: 2039808	Mean reward: 17.125	 Loss: 0.006254887208342552
Step: 2048000	Mean reward: 16.40625	 Loss: -8.6270272731781e-05
Step: 2056192	Mean reward: 17.9375	 Loss: -0.018252050504088402
Step: 2064384	Mean reward: 18.4375	 Loss: -0.04293312132358551
Step: 2072576	Mean reward: 15.65625	 Loss: 0.03252698853611946
Step: 2080768	Mean reward: 17.8125	 Loss: 0.0030553191900253296
Step: 2088960	Mean reward: 17.15625	 Loss: 0.03901059925556183
Step: 2097152	Mean reward: 16.5625	 Loss: -0.0037892870604991913
Step: 2105344	Mean reward: 16.71875	 Loss: 0.10324976593255997
Step: 2113536	Mean reward: 17.8125	 Loss: 0.01272277906537056
Step: 2121728	Mean reward: 17.28125	 Loss: -0.04234231263399124
Step: 2129920	Mean reward: 18.25	 Loss: 0.02604740671813488
Step: 2138112	Mean reward: 17.09375	 Loss: 0.017313560470938683
Step: 2146304	Mean reward: 19.09375	 Loss: -0.004809534177184105
Step: 2154496	Mean reward: 18.125	 Loss: 0.0018170271068811417
Step: 2162688	Mean reward: 17.8125	 Loss: 0.029385069385170937
Step: 2170880	Mean reward: 18.75	 Loss: -0.04283108562231064
Step: 2179072	Mean reward: 18.34375	 Loss: -0.012105932459235191
Step: 2187264	Mean reward: 17.125	 Loss: -0.08124794065952301
Step: 2195456	Mean reward: 18.46875	 Loss: -0.021051373332738876
Step: 2203648	Mean reward: 18.5625	 Loss: 0.000314103439450264
Step: 2211840	Mean reward: 17.15625	 Loss: -0.006919996812939644
Step: 2220032	Mean reward: 18.34375	 Loss: -0.05966228246688843
Step: 2228224	Mean reward: 18.53125	 Loss: 0.02517995983362198
Step: 2236416	Mean reward: 18.09375	 Loss: -0.009952187538146973
Step: 2244608	Mean reward: 17.9375	 Loss: -0.022334836423397064
Step: 2252800	Mean reward: 16.90625	 Loss: 0.025519959628582
Step: 2260992	Mean reward: 18.3125	 Loss: -0.05351570248603821
Step: 2269184	Mean reward: 17.1875	 Loss: 0.009979832917451859
Step: 2277376	Mean reward: 17.53125	 Loss: -0.011226139962673187
Step: 2285568	Mean reward: 17.28125	 Loss: 0.02806430123746395
Step: 2293760	Mean reward: 18.03125	 Loss: 0.07670847326517105
Step: 2301952	Mean reward: 17.34375	 Loss: -0.07669869065284729
Step: 2310144	Mean reward: 17.53125	 Loss: 0.0107928067445755
Step: 2318336	Mean reward: 20.5625	 Loss: -0.027369247749447823
Step: 2326528	Mean reward: 17.5625	 Loss: 0.033580951392650604
Step: 2334720	Mean reward: 17.78125	 Loss: -0.04605203866958618
Step: 2342912	Mean reward: 17.6875	 Loss: -0.0122307687997818
Step: 2351104	Mean reward: 18.15625	 Loss: 0.003039175644516945
Step: 2359296	Mean reward: 19.40625	 Loss: -0.020835943520069122
Step: 2367488	Mean reward: 20.375	 Loss: 0.01150517724454403
Step: 2375680	Mean reward: 19.0	 Loss: -0.05365724861621857
Step: 2383872	Mean reward: 18.0	 Loss: 0.07511977851390839
Step: 2392064	Mean reward: 18.96875	 Loss: -0.12217960506677628
Step: 2400256	Mean reward: 18.5625	 Loss: -0.021552905440330505
Step: 2408448	Mean reward: 17.875	 Loss: 0.05756000429391861
Step: 2416640	Mean reward: 18.71875	 Loss: 0.03206576406955719
Step: 2424832	Mean reward: 16.90625	 Loss: -0.04029883071780205
Step: 2433024	Mean reward: 18.28125	 Loss: -0.03471871465444565
Step: 2441216	Mean reward: 18.9375	 Loss: 0.02334320731461048
Step: 2449408	Mean reward: 18.625	 Loss: -0.038318078964948654
Step: 2457600	Mean reward: 17.3125	 Loss: -0.04503331333398819
Step: 2465792	Mean reward: 17.78125	 Loss: -0.02097376435995102
Step: 2473984	Mean reward: 19.84375	 Loss: -0.04379650950431824
Step: 2482176	Mean reward: 18.8125	 Loss: -0.01187143474817276
Step: 2490368	Mean reward: 19.625	 Loss: -0.020833879709243774
Step: 2498560	Mean reward: 18.6875	 Loss: -0.05673791840672493
Step: 2506752	Mean reward: 19.84375	 Loss: 0.048191167414188385
Step: 2514944	Mean reward: 17.71875	 Loss: 0.0005254931747913361
Step: 2523136	Mean reward: 20.15625	 Loss: -0.02294595167040825
Step: 2531328	Mean reward: 19.3125	 Loss: -0.027896903455257416
Step: 2539520	Mean reward: 18.6875	 Loss: -0.003309810534119606
Step: 2547712	Mean reward: 18.53125	 Loss: -0.011612387374043465
Step: 2555904	Mean reward: 18.75	 Loss: 0.018513495102524757
Step: 2564096	Mean reward: 18.09375	 Loss: 0.045505836606025696
Step: 2572288	Mean reward: 18.40625	 Loss: -0.0268327035009861
Step: 2580480	Mean reward: 19.53125	 Loss: -0.07491990923881531
Step: 2588672	Mean reward: 19.1875	 Loss: -0.047429800033569336
Step: 2596864	Mean reward: 18.90625	 Loss: -0.005531890317797661
Step: 2605056	Mean reward: 17.0625	 Loss: 0.047053463757038116
Step: 2613248	Mean reward: 18.28125	 Loss: -0.018126698210835457
Step: 2621440	Mean reward: 19.03125	 Loss: 0.050870560109615326
Step: 2629632	Mean reward: 19.53125	 Loss: 0.0013005957007408142
Step: 2637824	Mean reward: 19.03125	 Loss: 0.02790430188179016
Step: 2646016	Mean reward: 18.9375	 Loss: -0.03991600126028061
Step: 2654208	Mean reward: 19.4375	 Loss: -0.0024831704795360565
Step: 2662400	Mean reward: 19.5625	 Loss: -0.03784893825650215
Step: 2670592	Mean reward: 21.34375	 Loss: 0.034538671374320984
Step: 2678784	Mean reward: 20.59375	 Loss: 0.03548803925514221
Step: 2686976	Mean reward: 20.96875	 Loss: -0.023612121120095253
Step: 2695168	Mean reward: 20.90625	 Loss: -0.04912209138274193
Step: 2703360	Mean reward: 18.96875	 Loss: 0.012871410697698593
Step: 2711552	Mean reward: 17.6875	 Loss: -0.003807567059993744
Step: 2719744	Mean reward: 19.9375	 Loss: -0.0072660064324736595
Step: 2727936	Mean reward: 18.6875	 Loss: 0.02360677532851696
Step: 2736128	Mean reward: 19.65625	 Loss: 0.041714951395988464
Step: 2744320	Mean reward: 18.6875	 Loss: -0.01719430647790432
Step: 2752512	Mean reward: 20.96875	 Loss: 0.0298701710999012
Step: 2760704	Mean reward: 19.9375	 Loss: 0.005297244526445866
Step: 2768896	Mean reward: 21.09375	 Loss: 0.035017095506191254
Step: 2777088	Mean reward: 19.15625	 Loss: -0.029514845460653305
Step: 2785280	Mean reward: 19.5625	 Loss: 0.07994863390922546
Step: 2793472	Mean reward: 19.5625	 Loss: -0.02027382329106331
Step: 2801664	Mean reward: 19.03125	 Loss: 0.0011177035048604012
Step: 2809856	Mean reward: 19.15625	 Loss: -0.07694363594055176
Step: 2818048	Mean reward: 19.40625	 Loss: 0.07650090754032135
Step: 2826240	Mean reward: 18.40625	 Loss: 0.024142708629369736
Step: 2834432	Mean reward: 18.875	 Loss: 0.06251039355993271
Step: 2842624	Mean reward: 19.875	 Loss: 0.07202766090631485
Step: 2850816	Mean reward: 19.40625	 Loss: -0.0033619683235883713
Step: 2859008	Mean reward: 18.90625	 Loss: 0.013004482723772526
Step: 2867200	Mean reward: 20.59375	 Loss: -0.09793078899383545
Step: 2875392	Mean reward: 18.53125	 Loss: -0.0509285070002079
Step: 2883584	Mean reward: 19.5625	 Loss: -0.012957194820046425
Step: 2891776	Mean reward: 19.71875	 Loss: 0.0027732383459806442
Step: 2899968	Mean reward: 17.46875	 Loss: -0.04344085231423378
Step: 2908160	Mean reward: 18.28125	 Loss: -0.0490449033677578
Step: 2916352	Mean reward: 18.15625	 Loss: -0.025146102532744408
Step: 2924544	Mean reward: 17.46875	 Loss: 0.0403779037296772
Step: 2932736	Mean reward: 18.875	 Loss: -0.016492702066898346
Step: 2940928	Mean reward: 19.90625	 Loss: 0.019488856196403503
Step: 2949120	Mean reward: 19.90625	 Loss: -0.07997292280197144
Step: 2957312	Mean reward: 19.59375	 Loss: 0.03444850072264671
Step: 2965504	Mean reward: 18.78125	 Loss: 0.05132461339235306
Step: 2973696	Mean reward: 18.9375	 Loss: 0.026003491133451462
Step: 2981888	Mean reward: 19.375	 Loss: -0.04820960387587547
Step: 2990080	Mean reward: 20.75	 Loss: -0.10900679230690002
Step: 2998272	Mean reward: 18.0625	 Loss: -0.03924992308020592
Step: 3006464	Mean reward: 20.25	 Loss: 0.025199338793754578
Completed training at 2021-12-06 15:29:13
Observation space: Box([[[0. 0. 0. ... 0. 0. 0.]
  [0. 0. 0. ... 0. 0. 0.]
  [0. 0. 0. ... 0. 0. 0.]
  ...
  [0. 0. 0. ... 0. 0. 0.]
  [0. 0. 0. ... 0. 0. 0.]
  [0. 0. 0. ... 0. 0. 0.]]

 [[0. 0. 0. ... 0. 0. 0.]
  [0. 0. 0. ... 0. 0. 0.]
  [0. 0. 0. ... 0. 0. 0.]
  ...
  [0. 0. 0. ... 0. 0. 0.]
  [0. 0. 0. ... 0. 0. 0.]
  [0. 0. 0. ... 0. 0. 0.]]

 [[0. 0. 0. ... 0. 0. 0.]
  [0. 0. 0. ... 0. 0. 0.]
  [0. 0. 0. ... 0. 0. 0.]
  ...
  [0. 0. 0. ... 0. 0. 0.]
  [0. 0. 0. ... 0. 0. 0.]
  [0. 0. 0. ... 0. 0. 0.]]], [[[1. 1. 1. ... 1. 1. 1.]
  [1. 1. 1. ... 1. 1. 1.]
  [1. 1. 1. ... 1. 1. 1.]
  ...
  [1. 1. 1. ... 1. 1. 1.]
  [1. 1. 1. ... 1. 1. 1.]
  [1. 1. 1. ... 1. 1. 1.]]

 [[1. 1. 1. ... 1. 1. 1.]
  [1. 1. 1. ... 1. 1. 1.]
  [1. 1. 1. ... 1. 1. 1.]
  ...
  [1. 1. 1. ... 1. 1. 1.]
  [1. 1. 1. ... 1. 1. 1.]
  [1. 1. 1. ... 1. 1. 1.]]

 [[1. 1. 1. ... 1. 1. 1.]
  [1. 1. 1. ... 1. 1. 1.]
  [1. 1. 1. ... 1. 1. 1.]
  ...
  [1. 1. 1. ... 1. 1. 1.]
  [1. 1. 1. ... 1. 1. 1.]
  [1. 1. 1. ... 1. 1. 1.]]], (3, 64, 64), float32)
Action space: 15
Step: 8192	Mean reward: 5.03125	 Loss: 0.48735180497169495
Step: 16384	Mean reward: 5.40625	 Loss: 0.1128884106874466
Step: 24576	Mean reward: 5.125	 Loss: 0.10000010579824448
Step: 32768	Mean reward: 4.875	 Loss: 0.010971438139677048
Step: 40960	Mean reward: 6.3125	 Loss: 0.001777462661266327
Step: 49152	Mean reward: 5.6875	 Loss: 0.01030239462852478
Step: 57344	Mean reward: 6.71875	 Loss: 0.03584613651037216
Step: 65536	Mean reward: 7.09375	 Loss: 0.04988481104373932
Step: 73728	Mean reward: 7.3125	 Loss: 0.11588495224714279
Step: 81920	Mean reward: 8.21875	 Loss: 0.10200896859169006
Step: 90112	Mean reward: 7.28125	 Loss: 0.07654045522212982
Step: 98304	Mean reward: 8.78125	 Loss: 0.04030316323041916
Step: 106496	Mean reward: 8.03125	 Loss: -0.019346928223967552
Step: 114688	Mean reward: 9.6875	 Loss: 0.09397508203983307
Step: 122880	Mean reward: 9.875	 Loss: 0.021533237770199776
Step: 131072	Mean reward: 11.53125	 Loss: 0.08963576704263687
Step: 139264	Mean reward: 9.3125	 Loss: 0.03404686599969864
Step: 147456	Mean reward: 11.59375	 Loss: 0.03130778670310974
Step: 155648	Mean reward: 11.625	 Loss: 0.04079072177410126
Step: 163840	Mean reward: 13.34375	 Loss: 0.06430912017822266
Step: 172032	Mean reward: 11.96875	 Loss: 0.010252570733428001
Step: 180224	Mean reward: 12.5625	 Loss: 0.03334151208400726
Step: 188416	Mean reward: 13.65625	 Loss: 0.14449293911457062
Step: 196608	Mean reward: 13.1875	 Loss: -0.031024444848299026
Step: 204800	Mean reward: 13.75	 Loss: 0.08085672557353973
Step: 212992	Mean reward: 13.375	 Loss: -0.013011934235692024
Step: 221184	Mean reward: 13.75	 Loss: 0.12011559307575226
Step: 229376	Mean reward: 14.90625	 Loss: 0.10995198786258698
Step: 237568	Mean reward: 13.875	 Loss: 0.08643569052219391
Step: 245760	Mean reward: 13.28125	 Loss: 0.007671227678656578
Step: 253952	Mean reward: 14.59375	 Loss: -0.005632573738694191
Step: 262144	Mean reward: 14.75	 Loss: 0.08843258023262024
Step: 270336	Mean reward: 15.6875	 Loss: 0.016048887744545937
Step: 278528	Mean reward: 13.96875	 Loss: -0.06493363529443741
Step: 286720	Mean reward: 15.125	 Loss: 0.07975416630506516
Step: 294912	Mean reward: 16.75	 Loss: 0.026266170665621758
Step: 303104	Mean reward: 16.59375	 Loss: 0.01581054925918579
Step: 311296	Mean reward: 16.21875	 Loss: 0.023378461599349976
Step: 319488	Mean reward: 15.875	 Loss: -0.010195417329668999
Step: 327680	Mean reward: 16.875	 Loss: 0.07517680525779724
Step: 335872	Mean reward: 16.25	 Loss: -0.027558233588933945
Step: 344064	Mean reward: 16.4375	 Loss: 0.01232500746846199
Step: 352256	Mean reward: 17.0625	 Loss: 0.0783592164516449
Step: 360448	Mean reward: 15.125	 Loss: -0.0034445151686668396
Step: 368640	Mean reward: 18.375	 Loss: -0.014599541202187538
Step: 376832	Mean reward: 17.625	 Loss: 0.09480813145637512
Step: 385024	Mean reward: 18.0625	 Loss: 0.11570475250482559
Step: 393216	Mean reward: 16.6875	 Loss: -0.0069148726761341095
Step: 401408	Mean reward: 16.96875	 Loss: 0.07289963960647583
Step: 409600	Mean reward: 16.71875	 Loss: -0.025932367891073227
Step: 417792	Mean reward: 17.9375	 Loss: 0.03360487148165703
Step: 425984	Mean reward: 16.90625	 Loss: 0.032278940081596375
Step: 434176	Mean reward: 17.0	 Loss: 0.03886371850967407
Step: 442368	Mean reward: 17.65625	 Loss: 0.033481597900390625
Step: 450560	Mean reward: 18.28125	 Loss: 0.04940395802259445
Step: 458752	Mean reward: 18.46875	 Loss: -0.001983311027288437
Step: 466944	Mean reward: 18.71875	 Loss: 0.02035829983651638
Step: 475136	Mean reward: 18.28125	 Loss: 0.015564801171422005
Step: 483328	Mean reward: 18.03125	 Loss: 0.007907329127192497
Step: 491520	Mean reward: 20.46875	 Loss: 0.0021702516824007034
Step: 499712	Mean reward: 17.5	 Loss: 0.040462616831064224
Step: 507904	Mean reward: 18.28125	 Loss: -0.04952581226825714
Step: 516096	Mean reward: 19.34375	 Loss: 0.040137145668268204
Step: 524288	Mean reward: 19.28125	 Loss: -0.0628436803817749
Step: 532480	Mean reward: 18.3125	 Loss: 0.09268876910209656
Step: 540672	Mean reward: 18.71875	 Loss: 0.08595257997512817
Step: 548864	Mean reward: 19.40625	 Loss: 0.026495104655623436
Step: 557056	Mean reward: 19.34375	 Loss: 0.08953270316123962
Step: 565248	Mean reward: 17.90625	 Loss: -0.043265700340270996
Step: 573440	Mean reward: 18.59375	 Loss: -0.0707608312368393
Step: 581632	Mean reward: 18.875	 Loss: 0.0604865700006485
Step: 589824	Mean reward: 18.0	 Loss: -0.013419223949313164
Step: 598016	Mean reward: 20.5625	 Loss: -0.05346566438674927
Step: 606208	Mean reward: 20.46875	 Loss: 0.0032254401594400406
Step: 614400	Mean reward: 19.9375	 Loss: 0.03513423353433609
Step: 622592	Mean reward: 18.53125	 Loss: 0.0024158190935850143
Step: 630784	Mean reward: 19.90625	 Loss: 0.026057135313749313
Step: 638976	Mean reward: 19.1875	 Loss: -0.02652997337281704
Step: 647168	Mean reward: 19.53125	 Loss: 0.044836606830358505
Step: 655360	Mean reward: 19.8125	 Loss: 0.016280829906463623
Step: 663552	Mean reward: 18.90625	 Loss: -0.06822185218334198
Step: 671744	Mean reward: 17.8125	 Loss: -0.03154414892196655
Step: 679936	Mean reward: 19.75	 Loss: 0.040504083037376404
Step: 688128	Mean reward: 19.15625	 Loss: -0.0032807067036628723
Step: 696320	Mean reward: 18.8125	 Loss: -0.00644117034971714
Step: 704512	Mean reward: 21.03125	 Loss: 0.05449507385492325
Step: 712704	Mean reward: 21.375	 Loss: 0.019743697717785835
Step: 720896	Mean reward: 18.03125	 Loss: 0.034173041582107544
Step: 729088	Mean reward: 20.03125	 Loss: 0.013945765793323517
Step: 737280	Mean reward: 19.46875	 Loss: -0.038547758013010025
Step: 745472	Mean reward: 19.4375	 Loss: 0.007737487554550171
Step: 753664	Mean reward: 20.46875	 Loss: 0.06021150201559067
Step: 761856	Mean reward: 20.125	 Loss: -0.03882644325494766
Step: 770048	Mean reward: 19.09375	 Loss: 0.0111450906842947
Step: 778240	Mean reward: 19.84375	 Loss: -0.05620579421520233
Step: 786432	Mean reward: 19.34375	 Loss: 0.007651951164007187
Step: 794624	Mean reward: 20.34375	 Loss: -0.012362642213702202
Step: 802816	Mean reward: 18.9375	 Loss: 0.0013397186994552612
Step: 811008	Mean reward: 18.78125	 Loss: 0.024424927309155464
Step: 819200	Mean reward: 19.28125	 Loss: -0.008424805477261543
Step: 827392	Mean reward: 20.0625	 Loss: -0.0452897846698761
Step: 835584	Mean reward: 20.15625	 Loss: -0.029034705832600594
Step: 843776	Mean reward: 19.65625	 Loss: -0.04860951751470566
Step: 851968	Mean reward: 20.25	 Loss: 0.02991178259253502
Step: 860160	Mean reward: 20.1875	 Loss: -0.020859843119978905
Step: 868352	Mean reward: 21.46875	 Loss: 0.04301544651389122
Step: 876544	Mean reward: 19.09375	 Loss: -0.030521729961037636
Step: 884736	Mean reward: 20.28125	 Loss: -0.05846383422613144
Step: 892928	Mean reward: 20.6875	 Loss: 0.02308468520641327
Step: 901120	Mean reward: 20.09375	 Loss: 0.01484961062669754
Step: 909312	Mean reward: 19.78125	 Loss: -0.018637357279658318
Step: 917504	Mean reward: 19.71875	 Loss: 0.014464439824223518
Step: 925696	Mean reward: 19.375	 Loss: -0.013775188475847244
Step: 933888	Mean reward: 20.5625	 Loss: 0.007804566994309425
Step: 942080	Mean reward: 21.125	 Loss: -0.10199858248233795
Step: 950272	Mean reward: 18.3125	 Loss: 0.06503156572580338
Step: 958464	Mean reward: 20.5	 Loss: -0.053184621036052704
Step: 966656	Mean reward: 20.9375	 Loss: 0.028734585270285606
Step: 974848	Mean reward: 20.0625	 Loss: 0.027557065710425377
Step: 983040	Mean reward: 19.71875	 Loss: 0.08669435977935791
Step: 991232	Mean reward: 19.8125	 Loss: -0.051599934697151184
Step: 999424	Mean reward: 20.125	 Loss: 0.029556404799222946
Step: 1007616	Mean reward: 19.84375	 Loss: 0.04127846658229828
Step: 1015808	Mean reward: 20.21875	 Loss: -0.08898776769638062
Step: 1024000	Mean reward: 20.3125	 Loss: -0.04896784573793411
Step: 1032192	Mean reward: 20.0	 Loss: 0.010675521567463875
Step: 1040384	Mean reward: 19.5625	 Loss: -0.0209120512008667
Step: 1048576	Mean reward: 19.6875	 Loss: -0.08020804077386856
Step: 1056768	Mean reward: 20.0625	 Loss: -0.014415713027119637
Step: 1064960	Mean reward: 19.3125	 Loss: -0.07061544805765152
Step: 1073152	Mean reward: 21.125	 Loss: 0.027121329680085182
Step: 1081344	Mean reward: 20.5	 Loss: -0.019521579146385193
Step: 1089536	Mean reward: 20.9375	 Loss: 0.1563318371772766
Step: 1097728	Mean reward: 19.625	 Loss: -0.012132395058870316
Step: 1105920	Mean reward: 19.90625	 Loss: -0.021795306354761124
Step: 1114112	Mean reward: 20.8125	 Loss: 0.046589672565460205
Step: 1122304	Mean reward: 20.8125	 Loss: -0.08472694456577301
Step: 1130496	Mean reward: 21.09375	 Loss: 0.04036904126405716
Step: 1138688	Mean reward: 19.28125	 Loss: 0.007390407845377922
Step: 1146880	Mean reward: 18.84375	 Loss: 0.05435344576835632
Step: 1155072	Mean reward: 20.21875	 Loss: -0.015409419313073158
Step: 1163264	Mean reward: 22.53125	 Loss: 0.05028074234724045
Step: 1171456	Mean reward: 21.8125	 Loss: -0.03678144887089729
Step: 1179648	Mean reward: 19.1875	 Loss: -0.02229529432952404
Step: 1187840	Mean reward: 21.0625	 Loss: 0.034282244741916656
Step: 1196032	Mean reward: 20.59375	 Loss: -0.003017054870724678
Step: 1204224	Mean reward: 21.03125	 Loss: -0.042439840734004974
Step: 1212416	Mean reward: 20.9375	 Loss: -0.01967696100473404
Step: 1220608	Mean reward: 20.0	 Loss: -0.00740547850728035
Step: 1228800	Mean reward: 22.4375	 Loss: -0.007756900042295456
Step: 1236992	Mean reward: 20.53125	 Loss: 0.03281588479876518
Step: 1245184	Mean reward: 20.53125	 Loss: -0.024664923548698425
Step: 1253376	Mean reward: 21.28125	 Loss: -0.0062486398965120316
Step: 1261568	Mean reward: 21.15625	 Loss: 0.0014414023607969284
Step: 1269760	Mean reward: 18.8125	 Loss: -0.06599722802639008
Step: 1277952	Mean reward: 21.3125	 Loss: -0.022671133279800415
Step: 1286144	Mean reward: 21.875	 Loss: 0.0166306234896183
Step: 1294336	Mean reward: 21.6875	 Loss: -0.06795015186071396
Step: 1302528	Mean reward: 20.59375	 Loss: -0.03736278414726257
Step: 1310720	Mean reward: 20.125	 Loss: -0.028271589428186417
Step: 1318912	Mean reward: 20.53125	 Loss: -0.05196545273065567
Step: 1327104	Mean reward: 20.84375	 Loss: -0.0012925844639539719
Step: 1335296	Mean reward: 22.4375	 Loss: -0.07349559664726257
Step: 1343488	Mean reward: 21.875	 Loss: 0.039883896708488464
Step: 1351680	Mean reward: 20.375	 Loss: -0.012941759079694748
Step: 1359872	Mean reward: 20.6875	 Loss: 9.945780038833618e-05
Step: 1368064	Mean reward: 20.625	 Loss: -0.005095170810818672
Step: 1376256	Mean reward: 20.65625	 Loss: 0.08635777980089188
Step: 1384448	Mean reward: 20.875	 Loss: 0.008341167122125626
Step: 1392640	Mean reward: 20.875	 Loss: 0.032545335590839386
Step: 1400832	Mean reward: 21.6875	 Loss: 0.031208831816911697
Step: 1409024	Mean reward: 20.59375	 Loss: 0.06114644557237625
Step: 1417216	Mean reward: 20.96875	 Loss: -0.017665818333625793
Step: 1425408	Mean reward: 21.34375	 Loss: 0.025419576093554497
Step: 1433600	Mean reward: 22.1875	 Loss: 0.025610484182834625
Step: 1441792	Mean reward: 21.0	 Loss: -0.06835144758224487
Step: 1449984	Mean reward: 20.59375	 Loss: 0.04058438539505005
Step: 1458176	Mean reward: 20.4375	 Loss: 0.04513506218791008
Step: 1466368	Mean reward: 22.96875	 Loss: -0.055853113532066345
Step: 1474560	Mean reward: 21.40625	 Loss: 0.03130502998828888
Step: 1482752	Mean reward: 23.21875	 Loss: -0.005272361449897289
Step: 1490944	Mean reward: 22.125	 Loss: 0.060688890516757965
Step: 1499136	Mean reward: 21.21875	 Loss: 0.010208735242486
Step: 1507328	Mean reward: 19.65625	 Loss: 0.046666115522384644
Step: 1515520	Mean reward: 21.34375	 Loss: -0.029627803713083267
Step: 1523712	Mean reward: 20.9375	 Loss: 0.01181529276072979
Step: 1531904	Mean reward: 22.09375	 Loss: 0.08528343588113785
Step: 1540096	Mean reward: 21.9375	 Loss: -0.013402576558291912
Step: 1548288	Mean reward: 20.625	 Loss: -0.03762354329228401
Step: 1556480	Mean reward: 21.78125	 Loss: -0.03560788184404373
Step: 1564672	Mean reward: 21.21875	 Loss: -0.04461393505334854
Step: 1572864	Mean reward: 22.75	 Loss: -0.079613097012043
Step: 1581056	Mean reward: 21.0625	 Loss: -0.02610548958182335
Step: 1589248	Mean reward: 21.3125	 Loss: -0.02827899530529976
Step: 1597440	Mean reward: 21.8125	 Loss: 0.008955996483564377
Step: 1605632	Mean reward: 22.84375	 Loss: -0.0553613118827343
Step: 1613824	Mean reward: 19.8125	 Loss: -0.050286270678043365
Step: 1622016	Mean reward: 22.34375	 Loss: 0.02751482091844082
Step: 1630208	Mean reward: 22.75	 Loss: 0.06777323782444
Step: 1638400	Mean reward: 21.59375	 Loss: 0.008135528303682804
Step: 1646592	Mean reward: 21.59375	 Loss: -0.06438421458005905
Step: 1654784	Mean reward: 20.65625	 Loss: -0.00989456009119749
Step: 1662976	Mean reward: 21.34375	 Loss: 0.007413415238261223
Step: 1671168	Mean reward: 21.59375	 Loss: -0.03572337329387665
Step: 1679360	Mean reward: 21.6875	 Loss: 0.009151089936494827
Step: 1687552	Mean reward: 21.90625	 Loss: -0.03282039240002632
Step: 1695744	Mean reward: 22.53125	 Loss: 0.020679906010627747
Step: 1703936	Mean reward: 22.6875	 Loss: -0.027573969215154648
Step: 1712128	Mean reward: 22.15625	 Loss: 0.009687872603535652
Step: 1720320	Mean reward: 21.53125	 Loss: 0.013732939958572388
Step: 1728512	Mean reward: 22.5625	 Loss: -0.06406258046627045
Step: 1736704	Mean reward: 22.625	 Loss: -0.0021682949736714363
Step: 1744896	Mean reward: 23.25	 Loss: -0.013578700833022594
Step: 1753088	Mean reward: 21.6875	 Loss: 0.05511030554771423
Step: 1761280	Mean reward: 20.875	 Loss: -0.07236981391906738
Step: 1769472	Mean reward: 22.65625	 Loss: -0.09831427782773972
Step: 1777664	Mean reward: 22.5	 Loss: 0.024421773850917816
Step: 1785856	Mean reward: 20.46875	 Loss: 0.004208346828818321
Step: 1794048	Mean reward: 22.90625	 Loss: -0.0679149478673935
Step: 1802240	Mean reward: 22.90625	 Loss: 0.0007028812542557716
Step: 1810432	Mean reward: 21.25	 Loss: 0.06576436758041382
Step: 1818624	Mean reward: 23.03125	 Loss: -0.0255372766405344
Step: 1826816	Mean reward: 20.03125	 Loss: -0.08263139426708221
Step: 1835008	Mean reward: 20.78125	 Loss: -0.029608625918626785
Step: 1843200	Mean reward: 21.46875	 Loss: 0.04744154214859009
Step: 1851392	Mean reward: 20.84375	 Loss: -0.03882410004734993
Step: 1859584	Mean reward: 21.0625	 Loss: 0.015216916799545288
Step: 1867776	Mean reward: 21.09375	 Loss: 0.002963446080684662
Step: 1875968	Mean reward: 21.53125	 Loss: -0.049038201570510864
Step: 1884160	Mean reward: 21.46875	 Loss: 0.053341254591941833
Step: 1892352	Mean reward: 21.59375	 Loss: -0.008264739997684956
Step: 1900544	Mean reward: 22.75	 Loss: -0.024313142523169518
Step: 1908736	Mean reward: 21.28125	 Loss: 0.06705717742443085
Step: 1916928	Mean reward: 20.25	 Loss: -0.011067047715187073
Step: 1925120	Mean reward: 22.6875	 Loss: -0.06521216034889221
Step: 1933312	Mean reward: 21.15625	 Loss: -0.06407442688941956
Step: 1941504	Mean reward: 23.3125	 Loss: -0.006654482334852219
Step: 1949696	Mean reward: 20.3125	 Loss: 0.017023585736751556
Step: 1957888	Mean reward: 21.28125	 Loss: -0.010528068989515305
Step: 1966080	Mean reward: 22.46875	 Loss: -0.01208068709820509
Step: 1974272	Mean reward: 21.25	 Loss: -0.005964812822639942
Step: 1982464	Mean reward: 21.3125	 Loss: -0.09398733079433441
Step: 1990656	Mean reward: 22.375	 Loss: -0.007081975229084492
Step: 1998848	Mean reward: 22.71875	 Loss: -0.015951916575431824
Step: 2007040	Mean reward: 21.1875	 Loss: 0.06511934101581573
Step: 2015232	Mean reward: 21.8125	 Loss: 0.023055434226989746
Step: 2023424	Mean reward: 21.78125	 Loss: -0.06423202902078629
Step: 2031616	Mean reward: 21.8125	 Loss: -0.031177040189504623
Step: 2039808	Mean reward: 22.5	 Loss: -0.048601917922496796
Step: 2048000	Mean reward: 21.375	 Loss: 0.026308976113796234
Step: 2056192	Mean reward: 20.625	 Loss: -0.028683271259069443
Step: 2064384	Mean reward: 22.1875	 Loss: -0.048644229769706726
Step: 2072576	Mean reward: 20.28125	 Loss: -0.024664968252182007
Step: 2080768	Mean reward: 22.375	 Loss: 0.016143200919032097
Step: 2088960	Mean reward: 21.71875	 Loss: -0.019659288227558136
Step: 2097152	Mean reward: 22.4375	 Loss: -0.01641393080353737
Step: 2105344	Mean reward: 21.9375	 Loss: -0.03043895587325096
Step: 2113536	Mean reward: 22.75	 Loss: -0.027861462906003
Step: 2121728	Mean reward: 22.34375	 Loss: 0.013687853701412678
Step: 2129920	Mean reward: 21.84375	 Loss: 0.011746902950108051
Step: 2138112	Mean reward: 21.59375	 Loss: 0.010255759581923485
Step: 2146304	Mean reward: 22.65625	 Loss: -0.026803623884916306
Step: 2154496	Mean reward: 21.6875	 Loss: -0.022441264241933823
Step: 2162688	Mean reward: 22.4375	 Loss: -0.027706315740942955
Step: 2170880	Mean reward: 22.3125	 Loss: 0.011720937676727772
Step: 2179072	Mean reward: 22.65625	 Loss: 0.02198329195380211
Step: 2187264	Mean reward: 21.65625	 Loss: -0.005612342618405819
Step: 2195456	Mean reward: 22.8125	 Loss: 0.05738959461450577
Step: 2203648	Mean reward: 21.21875	 Loss: -0.00865098275244236
Step: 2211840	Mean reward: 23.375	 Loss: 0.02636696770787239
Step: 2220032	Mean reward: 22.0625	 Loss: 0.04436899721622467
Step: 2228224	Mean reward: 19.4375	 Loss: -0.036092303693294525
Step: 2236416	Mean reward: 22.0625	 Loss: -0.03508883714675903
Step: 2244608	Mean reward: 20.59375	 Loss: -0.07526447623968124
Step: 2252800	Mean reward: 20.71875	 Loss: -0.06030456721782684
Step: 2260992	Mean reward: 22.28125	 Loss: 0.0646362379193306
Step: 2269184	Mean reward: 20.46875	 Loss: 0.0237425547093153
Step: 2277376	Mean reward: 21.5	 Loss: -0.06622257083654404
Step: 2285568	Mean reward: 21.96875	 Loss: 0.04033426195383072
Step: 2293760	Mean reward: 21.59375	 Loss: 0.015629444271326065
Step: 2301952	Mean reward: 21.0625	 Loss: -0.0630311518907547
Step: 2310144	Mean reward: 23.15625	 Loss: -0.02070145681500435
Step: 2318336	Mean reward: 21.3125	 Loss: -0.06963913142681122
Step: 2326528	Mean reward: 23.125	 Loss: -0.0005608368664979935
Step: 2334720	Mean reward: 22.28125	 Loss: 0.007710009813308716
Step: 2342912	Mean reward: 21.65625	 Loss: -0.06172965466976166
Step: 2351104	Mean reward: 21.375	 Loss: -0.02944812923669815
Step: 2359296	Mean reward: 21.1875	 Loss: -0.08337394148111343
Step: 2367488	Mean reward: 21.4375	 Loss: 0.09477472305297852
Step: 2375680	Mean reward: 22.25	 Loss: -0.07912932336330414
Step: 2383872	Mean reward: 20.0	 Loss: -0.037947531789541245
Step: 2392064	Mean reward: 24.03125	 Loss: 0.0009826309978961945
Step: 2400256	Mean reward: 20.8125	 Loss: -0.005128229968249798
Step: 2408448	Mean reward: 20.90625	 Loss: 0.041639577597379684
Step: 2416640	Mean reward: 23.3125	 Loss: 0.048745639622211456
Step: 2424832	Mean reward: 22.375	 Loss: -0.0034849531948566437
Step: 2433024	Mean reward: 20.90625	 Loss: 0.051301851868629456
Step: 2441216	Mean reward: 20.5	 Loss: -0.04593508690595627
Step: 2449408	Mean reward: 22.09375	 Loss: 0.03039674088358879
Step: 2457600	Mean reward: 22.34375	 Loss: 0.04005228355526924
Step: 2465792	Mean reward: 22.5625	 Loss: 0.043960873037576675
Step: 2473984	Mean reward: 23.34375	 Loss: 0.043012335896492004
Step: 2482176	Mean reward: 21.4375	 Loss: -0.043629828840494156
Step: 2490368	Mean reward: 23.6875	 Loss: -0.03420484811067581
Step: 2498560	Mean reward: 22.40625	 Loss: 0.023601915687322617
Step: 2506752	Mean reward: 22.6875	 Loss: -0.006734393537044525
Step: 2514944	Mean reward: 21.625	 Loss: -0.03011426515877247
Step: 2523136	Mean reward: 21.25	 Loss: -0.009994253516197205
Step: 2531328	Mean reward: 22.40625	 Loss: -0.040164485573768616
Step: 2539520	Mean reward: 23.0	 Loss: -0.022671949118375778
Step: 2547712	Mean reward: 23.21875	 Loss: 0.05711323767900467
Step: 2555904	Mean reward: 22.25	 Loss: 0.031901124864816666
Step: 2564096	Mean reward: 21.875	 Loss: -0.03732529655098915
Step: 2572288	Mean reward: 24.4375	 Loss: 0.032725874334573746
Step: 2580480	Mean reward: 22.6875	 Loss: 0.0036327438428997993
Step: 2588672	Mean reward: 21.28125	 Loss: 0.03486855700612068
Step: 2596864	Mean reward: 21.96875	 Loss: 0.0040442366153001785
Step: 2605056	Mean reward: 22.40625	 Loss: -0.05186665058135986
Step: 2613248	Mean reward: 24.40625	 Loss: 0.001953662373125553
Step: 2621440	Mean reward: 22.125	 Loss: -0.03617887943983078
Step: 2629632	Mean reward: 20.59375	 Loss: -0.055840086191892624
Step: 2637824	Mean reward: 22.90625	 Loss: -0.05816406011581421
Step: 2646016	Mean reward: 22.78125	 Loss: -0.08614504337310791
Step: 2654208	Mean reward: 22.0	 Loss: -0.02060379646718502
Step: 2662400	Mean reward: 22.5625	 Loss: 0.018566526472568512
Step: 2670592	Mean reward: 24.09375	 Loss: 0.09039927273988724
Step: 2678784	Mean reward: 22.75	 Loss: -0.0538448840379715
Step: 2686976	Mean reward: 19.625	 Loss: -0.039031486958265305
Step: 2695168	Mean reward: 22.28125	 Loss: -0.08329547196626663
Step: 2703360	Mean reward: 22.90625	 Loss: -0.039883051067590714
Step: 2711552	Mean reward: 23.1875	 Loss: -0.04037324711680412
Step: 2719744	Mean reward: 22.28125	 Loss: -0.052383918315172195
Step: 2727936	Mean reward: 21.4375	 Loss: 0.06045696139335632
Step: 2736128	Mean reward: 22.71875	 Loss: 0.018970880657434464
Step: 2744320	Mean reward: 22.375	 Loss: -0.0690283253788948
Step: 2752512	Mean reward: 21.6875	 Loss: 0.037258751690387726
Step: 2760704	Mean reward: 23.03125	 Loss: -0.03208400681614876
Step: 2768896	Mean reward: 22.34375	 Loss: 0.010361024178564548
Step: 2777088	Mean reward: 22.5625	 Loss: 0.03169335424900055
Step: 2785280	Mean reward: 21.4375	 Loss: -0.01625286228954792
Step: 2793472	Mean reward: 21.3125	 Loss: 0.06615068018436432
Step: 2801664	Mean reward: 22.84375	 Loss: 0.025618530809879303
Step: 2809856	Mean reward: 22.1875	 Loss: -7.583200931549072e-05
Step: 2818048	Mean reward: 21.28125	 Loss: -0.024970050901174545
Step: 2826240	Mean reward: 22.625	 Loss: -0.08919216692447662
Step: 2834432	Mean reward: 24.3125	 Loss: 0.008691969327628613
Step: 2842624	Mean reward: 23.875	 Loss: -0.02349853329360485
Step: 2850816	Mean reward: 22.625	 Loss: 0.022305507212877274
Step: 2859008	Mean reward: 22.65625	 Loss: -0.006635741330683231
Step: 2867200	Mean reward: 21.1875	 Loss: -0.08693770319223404
Step: 2875392	Mean reward: 24.25	 Loss: 0.03214932978153229
Step: 2883584	Mean reward: 23.84375	 Loss: 0.072797030210495
Step: 2891776	Mean reward: 23.0	 Loss: -0.04145501181483269
Step: 2899968	Mean reward: 23.34375	 Loss: -0.0015631616115570068
Step: 2908160	Mean reward: 21.46875	 Loss: -0.0029070647433400154
Step: 2916352	Mean reward: 21.8125	 Loss: -0.032431505620479584
Step: 2924544	Mean reward: 22.34375	 Loss: -0.052201952785253525
Step: 2932736	Mean reward: 22.1875	 Loss: -0.08011985570192337
Step: 2940928	Mean reward: 21.65625	 Loss: -0.11700122058391571
Step: 2949120	Mean reward: 22.5	 Loss: 0.029255857691168785
Step: 2957312	Mean reward: 22.21875	 Loss: -0.055035896599292755
Step: 2965504	Mean reward: 24.59375	 Loss: -0.027491047978401184
Step: 2973696	Mean reward: 23.03125	 Loss: 0.027088426053524017
Step: 2981888	Mean reward: 22.4375	 Loss: 0.03508877009153366
Step: 2990080	Mean reward: 23.625	 Loss: -0.0755758211016655
Step: 2998272	Mean reward: 23.3125	 Loss: 0.024496253579854965
Step: 3006464	Mean reward: 22.5	 Loss: -0.04135594516992569
Completed training at 2021-12-06 17:22:58
Observation space: Box([[[0. 0. 0. ... 0. 0. 0.]
  [0. 0. 0. ... 0. 0. 0.]
  [0. 0. 0. ... 0. 0. 0.]
  ...
  [0. 0. 0. ... 0. 0. 0.]
  [0. 0. 0. ... 0. 0. 0.]
  [0. 0. 0. ... 0. 0. 0.]]

 [[0. 0. 0. ... 0. 0. 0.]
  [0. 0. 0. ... 0. 0. 0.]
  [0. 0. 0. ... 0. 0. 0.]
  ...
  [0. 0. 0. ... 0. 0. 0.]
  [0. 0. 0. ... 0. 0. 0.]
  [0. 0. 0. ... 0. 0. 0.]]

 [[0. 0. 0. ... 0. 0. 0.]
  [0. 0. 0. ... 0. 0. 0.]
  [0. 0. 0. ... 0. 0. 0.]
  ...
  [0. 0. 0. ... 0. 0. 0.]
  [0. 0. 0. ... 0. 0. 0.]
  [0. 0. 0. ... 0. 0. 0.]]], [[[1. 1. 1. ... 1. 1. 1.]
  [1. 1. 1. ... 1. 1. 1.]
  [1. 1. 1. ... 1. 1. 1.]
  ...
  [1. 1. 1. ... 1. 1. 1.]
  [1. 1. 1. ... 1. 1. 1.]
  [1. 1. 1. ... 1. 1. 1.]]

 [[1. 1. 1. ... 1. 1. 1.]
  [1. 1. 1. ... 1. 1. 1.]
  [1. 1. 1. ... 1. 1. 1.]
  ...
  [1. 1. 1. ... 1. 1. 1.]
  [1. 1. 1. ... 1. 1. 1.]
  [1. 1. 1. ... 1. 1. 1.]]

 [[1. 1. 1. ... 1. 1. 1.]
  [1. 1. 1. ... 1. 1. 1.]
  [1. 1. 1. ... 1. 1. 1.]
  ...
  [1. 1. 1. ... 1. 1. 1.]
  [1. 1. 1. ... 1. 1. 1.]
  [1. 1. 1. ... 1. 1. 1.]]], (3, 64, 64), float32)
Action space: 15
Step: 8192	Mean reward: 5.0	 Loss: 0.6298576593399048
Step: 16384	Mean reward: 6.0	 Loss: 0.16943001747131348
Step: 24576	Mean reward: 4.875	 Loss: 0.038998793810606
Step: 32768	Mean reward: 5.71875	 Loss: 0.03513679653406143
Step: 40960	Mean reward: 7.25	 Loss: 0.09262771904468536
Step: 49152	Mean reward: 6.6875	 Loss: 0.046597275882959366
Step: 57344	Mean reward: 8.03125	 Loss: 0.07919583469629288
Step: 65536	Mean reward: 6.9375	 Loss: 0.08122116327285767
Step: 73728	Mean reward: 9.40625	 Loss: 0.09800155460834503
Step: 81920	Mean reward: 8.875	 Loss: 0.10286592692136765
Step: 90112	Mean reward: 10.78125	 Loss: 0.13551941514015198
Step: 98304	Mean reward: 10.3125	 Loss: 0.0600762814283371
Step: 106496	Mean reward: 10.53125	 Loss: 0.15258701145648956
Step: 114688	Mean reward: 13.25	 Loss: 0.10438890755176544
Step: 122880	Mean reward: 13.03125	 Loss: -0.014601143077015877
Step: 131072	Mean reward: 13.59375	 Loss: 0.09109871834516525
Step: 139264	Mean reward: 14.0	 Loss: 0.014385923743247986
Step: 147456	Mean reward: 14.59375	 Loss: 0.04992954432964325
Step: 155648	Mean reward: 16.4375	 Loss: 0.08278071880340576
Step: 163840	Mean reward: 15.5	 Loss: 0.058133043348789215
Step: 172032	Mean reward: 17.8125	 Loss: 0.1326563060283661
Step: 180224	Mean reward: 17.03125	 Loss: 0.08199875801801682
Step: 188416	Mean reward: 18.0	 Loss: -1.5776604413986206e-05
Step: 196608	Mean reward: 16.90625	 Loss: 0.017880843952298164
Step: 204800	Mean reward: 18.125	 Loss: 0.06000787392258644
Step: 212992	Mean reward: 18.9375	 Loss: 0.067013680934906
Step: 221184	Mean reward: 17.96875	 Loss: 0.06198311224579811
Step: 229376	Mean reward: 18.84375	 Loss: 0.02087986469268799
Step: 237568	Mean reward: 19.03125	 Loss: 0.048895951360464096
Step: 245760	Mean reward: 18.03125	 Loss: 0.049201369285583496
Step: 253952	Mean reward: 18.4375	 Loss: 0.06737010180950165
Step: 262144	Mean reward: 19.28125	 Loss: 0.03886480629444122
Step: 270336	Mean reward: 17.21875	 Loss: 0.011307917535305023
Step: 278528	Mean reward: 17.46875	 Loss: -0.07658250629901886
Step: 286720	Mean reward: 20.125	 Loss: -0.09628777205944061
Step: 294912	Mean reward: 21.5625	 Loss: 0.053237900137901306
Step: 303104	Mean reward: 20.09375	 Loss: -0.02545986697077751
Step: 311296	Mean reward: 18.25	 Loss: 0.0799134150147438
Step: 319488	Mean reward: 19.25	 Loss: 0.004386547952890396
Step: 327680	Mean reward: 19.5625	 Loss: 0.12405424565076828
Step: 335872	Mean reward: 19.3125	 Loss: 0.09262602031230927
Step: 344064	Mean reward: 20.59375	 Loss: -0.01211564801633358
Step: 352256	Mean reward: 19.4375	 Loss: 0.07963257282972336
Step: 360448	Mean reward: 19.15625	 Loss: -0.04647977650165558
Step: 368640	Mean reward: 19.25	 Loss: -0.0513131245970726
Step: 376832	Mean reward: 19.4375	 Loss: -0.058195456862449646
Step: 385024	Mean reward: 19.5625	 Loss: 0.017774399369955063
Step: 393216	Mean reward: 20.15625	 Loss: 0.11114734411239624
Step: 401408	Mean reward: 19.84375	 Loss: 0.007136017084121704
Step: 409600	Mean reward: 19.9375	 Loss: -0.019421424716711044
Step: 417792	Mean reward: 20.21875	 Loss: 0.007286347448825836
Step: 425984	Mean reward: 20.0625	 Loss: 0.018513701856136322
Step: 434176	Mean reward: 20.15625	 Loss: 0.06507188081741333
Step: 442368	Mean reward: 21.5625	 Loss: 0.015520745888352394
Step: 450560	Mean reward: 20.0	 Loss: -0.06868337094783783
Step: 458752	Mean reward: 19.40625	 Loss: -0.01522459089756012
Step: 466944	Mean reward: 20.84375	 Loss: -0.03323281183838844
Step: 475136	Mean reward: 20.5	 Loss: -0.020637543871998787
Step: 483328	Mean reward: 21.1875	 Loss: -0.0504864826798439
Step: 491520	Mean reward: 21.3125	 Loss: 0.0045804306864738464
Step: 499712	Mean reward: 20.25	 Loss: 0.02898396924138069
Step: 507904	Mean reward: 20.40625	 Loss: 0.00662679597735405
Step: 516096	Mean reward: 20.15625	 Loss: 0.06003542244434357
Step: 524288	Mean reward: 21.59375	 Loss: 0.005297554656863213
Step: 532480	Mean reward: 21.3125	 Loss: -0.028338272124528885
Step: 540672	Mean reward: 22.1875	 Loss: 0.03044704720377922
Step: 548864	Mean reward: 21.65625	 Loss: -0.0522005595266819
Step: 557056	Mean reward: 22.59375	 Loss: -0.06906665116548538
Step: 565248	Mean reward: 21.09375	 Loss: -0.014328842982649803
Step: 573440	Mean reward: 20.5	 Loss: -0.08981539309024811
Step: 581632	Mean reward: 21.65625	 Loss: 0.012852516025304794
Step: 589824	Mean reward: 22.1875	 Loss: -0.022924453020095825
Step: 598016	Mean reward: 20.9375	 Loss: -0.002357998862862587
Step: 606208	Mean reward: 21.96875	 Loss: -0.01213938556611538
Step: 614400	Mean reward: 21.25	 Loss: 0.023438775911927223
Step: 622592	Mean reward: 21.6875	 Loss: 0.01553981751203537
Step: 630784	Mean reward: 22.0625	 Loss: -0.04734516516327858
Step: 638976	Mean reward: 20.71875	 Loss: -0.007683161646127701
Step: 647168	Mean reward: 21.71875	 Loss: 0.028828024864196777
Step: 655360	Mean reward: 20.8125	 Loss: -0.00497179850935936
Step: 663552	Mean reward: 22.6875	 Loss: 0.028411252424120903
Step: 671744	Mean reward: 21.53125	 Loss: -0.05838162451982498
Step: 679936	Mean reward: 23.21875	 Loss: -0.020087245851755142
Step: 688128	Mean reward: 21.03125	 Loss: -0.012055400758981705
Step: 696320	Mean reward: 21.40625	 Loss: -0.06105119735002518
Step: 704512	Mean reward: 21.96875	 Loss: -0.0013523828238248825
Step: 712704	Mean reward: 21.5625	 Loss: 0.03492087498307228
Step: 720896	Mean reward: 22.3125	 Loss: 0.017842750996351242
Step: 729088	Mean reward: 24.125	 Loss: -0.0012985188513994217
Step: 737280	Mean reward: 22.375	 Loss: 0.026081977412104607
Step: 745472	Mean reward: 23.21875	 Loss: -0.04570472240447998
Step: 753664	Mean reward: 22.625	 Loss: -0.007791807875037193
Step: 761856	Mean reward: 22.90625	 Loss: -0.0005671922117471695
Step: 770048	Mean reward: 22.78125	 Loss: -0.10967355966567993
Step: 778240	Mean reward: 22.375	 Loss: 0.03991078957915306
Step: 786432	Mean reward: 22.625	 Loss: -0.13193470239639282
Step: 794624	Mean reward: 23.9375	 Loss: 0.06033985689282417
Step: 802816	Mean reward: 21.125	 Loss: 0.057338420301675797
Step: 811008	Mean reward: 23.28125	 Loss: -0.00957130454480648
Step: 819200	Mean reward: 20.25	 Loss: 0.040491197258234024
Step: 827392	Mean reward: 23.1875	 Loss: -0.0010246820747852325
Step: 835584	Mean reward: 22.71875	 Loss: -0.09456493705511093
Step: 843776	Mean reward: 23.0	 Loss: -0.0950319916009903
Step: 851968	Mean reward: 22.34375	 Loss: -0.05744139850139618
Step: 860160	Mean reward: 23.59375	 Loss: -0.0856914073228836
Step: 868352	Mean reward: 22.375	 Loss: -0.03012610413134098
Step: 876544	Mean reward: 23.40625	 Loss: 0.0027675870805978775
Step: 884736	Mean reward: 20.875	 Loss: 0.08682556450366974
Step: 892928	Mean reward: 21.78125	 Loss: 0.00020221807062625885
Step: 901120	Mean reward: 23.25	 Loss: -0.030076466500759125
Step: 909312	Mean reward: 21.84375	 Loss: 0.026428911834955215
Step: 917504	Mean reward: 21.34375	 Loss: 0.001115121878683567
Step: 925696	Mean reward: 22.53125	 Loss: -0.05883919075131416
Step: 933888	Mean reward: 20.90625	 Loss: 0.06618595868349075
Step: 942080	Mean reward: 24.21875	 Loss: -0.00034354161471128464
Step: 950272	Mean reward: 23.4375	 Loss: -0.04456640034914017
Step: 958464	Mean reward: 24.34375	 Loss: -0.040265001356601715
Step: 966656	Mean reward: 22.65625	 Loss: -0.01956935040652752
Step: 974848	Mean reward: 22.15625	 Loss: 0.11724667996168137
Step: 983040	Mean reward: 22.65625	 Loss: -0.061314716935157776
Step: 991232	Mean reward: 23.40625	 Loss: -0.01331927441060543
Step: 999424	Mean reward: 23.75	 Loss: 0.04544603079557419
Step: 1007616	Mean reward: 23.8125	 Loss: 0.025097820907831192
Step: 1015808	Mean reward: 23.8125	 Loss: 0.004949869588017464
Step: 1024000	Mean reward: 23.28125	 Loss: -0.011851266957819462
Step: 1032192	Mean reward: 21.96875	 Loss: -0.016965975984930992
Step: 1040384	Mean reward: 21.375	 Loss: -0.02513219602406025
Step: 1048576	Mean reward: 22.09375	 Loss: 0.00021873414516448975
Step: 1056768	Mean reward: 22.21875	 Loss: 0.03307650238275528
Step: 1064960	Mean reward: 23.1875	 Loss: 0.10349992662668228
Step: 1073152	Mean reward: 21.90625	 Loss: -0.01774701662361622
Step: 1081344	Mean reward: 22.78125	 Loss: -0.0061768414452672005
Step: 1089536	Mean reward: 23.15625	 Loss: -0.04860273748636246
Step: 1097728	Mean reward: 24.125	 Loss: -0.0027019111439585686
Step: 1105920	Mean reward: 24.84375	 Loss: -0.02881622686982155
Step: 1114112	Mean reward: 23.5	 Loss: -0.04755866527557373
Step: 1122304	Mean reward: 22.6875	 Loss: 0.047622110694646835
Step: 1130496	Mean reward: 22.78125	 Loss: -0.04294176027178764
Step: 1138688	Mean reward: 23.84375	 Loss: 0.034180235117673874
Step: 1146880	Mean reward: 24.34375	 Loss: 0.03333960101008415
Step: 1155072	Mean reward: 22.34375	 Loss: 0.09042271971702576
Step: 1163264	Mean reward: 23.5	 Loss: 0.0015398487448692322
Step: 1171456	Mean reward: 23.21875	 Loss: 0.00862324982881546
Step: 1179648	Mean reward: 21.6875	 Loss: 0.009440185502171516
Step: 1187840	Mean reward: 23.625	 Loss: -0.02801278978586197
Step: 1196032	Mean reward: 22.8125	 Loss: -0.06227464973926544
Step: 1204224	Mean reward: 23.59375	 Loss: -0.0422385111451149
Step: 1212416	Mean reward: 22.3125	 Loss: -0.016282089054584503
Step: 1220608	Mean reward: 22.34375	 Loss: -0.031167779117822647
Step: 1228800	Mean reward: 23.03125	 Loss: -0.04416733607649803
Step: 1236992	Mean reward: 22.0	 Loss: -0.03562574088573456
Step: 1245184	Mean reward: 22.5	 Loss: 0.09160003811120987
Step: 1253376	Mean reward: 21.53125	 Loss: 0.013347050175070763
Step: 1261568	Mean reward: 23.625	 Loss: -0.08702714741230011
Step: 1269760	Mean reward: 22.25	 Loss: -0.043140213936567307
Step: 1277952	Mean reward: 23.4375	 Loss: -0.018936967477202415
Step: 1286144	Mean reward: 22.0	 Loss: -0.07599605619907379
Step: 1294336	Mean reward: 23.75	 Loss: 0.011812381446361542
Step: 1302528	Mean reward: 23.3125	 Loss: -0.022539813071489334
Step: 1310720	Mean reward: 22.125	 Loss: -0.05786924064159393
Step: 1318912	Mean reward: 24.875	 Loss: -0.006259606219828129
Step: 1327104	Mean reward: 21.28125	 Loss: 0.003958095796406269
Step: 1335296	Mean reward: 22.75	 Loss: -0.059737008064985275
Step: 1343488	Mean reward: 20.96875	 Loss: -0.016223521903157234
Step: 1351680	Mean reward: 23.40625	 Loss: -0.08188089728355408
Step: 1359872	Mean reward: 22.0625	 Loss: -0.042124733328819275
Step: 1368064	Mean reward: 23.15625	 Loss: 0.028857767581939697
Step: 1376256	Mean reward: 21.90625	 Loss: -0.0027572419494390488
Step: 1384448	Mean reward: 23.9375	 Loss: -0.019275810569524765
Step: 1392640	Mean reward: 22.5	 Loss: 0.0025767581537365913
Step: 1400832	Mean reward: 24.375	 Loss: 0.07499898225069046
Step: 1409024	Mean reward: 22.96875	 Loss: 0.018518488854169846
Step: 1417216	Mean reward: 24.65625	 Loss: -0.002852334640920162
Step: 1425408	Mean reward: 22.875	 Loss: 0.018005220219492912
Step: 1433600	Mean reward: 25.375	 Loss: 0.04075584188103676
Step: 1441792	Mean reward: 23.34375	 Loss: 0.034847475588321686
Step: 1449984	Mean reward: 23.71875	 Loss: 0.020128268748521805
Step: 1458176	Mean reward: 22.5625	 Loss: -0.02050061710178852
Step: 1466368	Mean reward: 23.5625	 Loss: -5.99399209022522e-05
Step: 1474560	Mean reward: 22.71875	 Loss: 0.0018039876595139503
Step: 1482752	Mean reward: 23.03125	 Loss: 0.051858317106962204
Step: 1490944	Mean reward: 21.5	 Loss: -0.017922550439834595
Step: 1499136	Mean reward: 21.5625	 Loss: 0.01568743772804737
Step: 1507328	Mean reward: 23.40625	 Loss: 0.01504958514124155
Step: 1515520	Mean reward: 23.40625	 Loss: 0.025900620967149734
Step: 1523712	Mean reward: 23.875	 Loss: -0.025114480406045914
Step: 1531904	Mean reward: 23.65625	 Loss: -0.0197141170501709
Step: 1540096	Mean reward: 21.9375	 Loss: 0.0017434433102607727
Step: 1548288	Mean reward: 24.6875	 Loss: -0.027929089963436127
Step: 1556480	Mean reward: 22.90625	 Loss: -0.027078283950686455
Step: 1564672	Mean reward: 23.6875	 Loss: 0.08959691226482391
Step: 1572864	Mean reward: 24.90625	 Loss: -0.0003816746175289154
Step: 1581056	Mean reward: 24.09375	 Loss: -0.019749468192458153
Step: 1589248	Mean reward: 22.78125	 Loss: -0.011278976686298847
Step: 1597440	Mean reward: 22.125	 Loss: 0.06573104858398438
Step: 1605632	Mean reward: 24.90625	 Loss: -0.0725666955113411
Step: 1613824	Mean reward: 25.6875	 Loss: -0.08171218633651733
Step: 1622016	Mean reward: 25.375	 Loss: 0.018585197627544403
Step: 1630208	Mean reward: 22.4375	 Loss: 0.017062261700630188
Step: 1638400	Mean reward: 21.84375	 Loss: 0.05349390581250191
Step: 1646592	Mean reward: 22.5625	 Loss: 0.04411405697464943
Step: 1654784	Mean reward: 21.4375	 Loss: -0.006020798347890377
Step: 1662976	Mean reward: 23.1875	 Loss: -0.027096517384052277
Step: 1671168	Mean reward: 24.0	 Loss: -0.018916161730885506
Step: 1679360	Mean reward: 22.21875	 Loss: -0.03065449744462967
Step: 1687552	Mean reward: 22.375	 Loss: -0.036626771092414856
Step: 1695744	Mean reward: 24.0625	 Loss: -0.0485922172665596
Step: 1703936	Mean reward: 22.0625	 Loss: -0.039805006235837936
Step: 1712128	Mean reward: 23.09375	 Loss: -0.02449575811624527
Step: 1720320	Mean reward: 22.90625	 Loss: 0.039312686771154404
Step: 1728512	Mean reward: 22.25	 Loss: 0.06794020533561707
Step: 1736704	Mean reward: 22.4375	 Loss: -0.03056013211607933
Step: 1744896	Mean reward: 23.53125	 Loss: -0.027429085224866867
Step: 1753088	Mean reward: 23.21875	 Loss: -0.01594812050461769
Step: 1761280	Mean reward: 24.15625	 Loss: -0.04789799079298973
Step: 1769472	Mean reward: 23.53125	 Loss: 0.019610967487096786
Step: 1777664	Mean reward: 23.6875	 Loss: -0.0904056653380394
Step: 1785856	Mean reward: 23.21875	 Loss: -0.034329794347286224
Step: 1794048	Mean reward: 25.125	 Loss: -0.029881153255701065
Step: 1802240	Mean reward: 24.4375	 Loss: -0.029819931834936142
Step: 1810432	Mean reward: 22.21875	 Loss: -0.019856851547956467
Step: 1818624	Mean reward: 23.21875	 Loss: 0.007399443536996841
Step: 1826816	Mean reward: 23.5625	 Loss: 0.01952395588159561
Step: 1835008	Mean reward: 23.53125	 Loss: 0.05531473085284233
Step: 1843200	Mean reward: 24.3125	 Loss: -0.05367736890912056
Step: 1851392	Mean reward: 23.78125	 Loss: 0.06593646854162216
Step: 1859584	Mean reward: 23.46875	 Loss: -0.021516947075724602
Step: 1867776	Mean reward: 24.25	 Loss: -2.456456422805786e-05
Step: 1875968	Mean reward: 23.65625	 Loss: 0.05486947298049927
Step: 1884160	Mean reward: 22.84375	 Loss: -0.05522790551185608
Step: 1892352	Mean reward: 22.9375	 Loss: 0.010626097209751606
Step: 1900544	Mean reward: 22.65625	 Loss: -0.01764746382832527
Step: 1908736	Mean reward: 25.65625	 Loss: 0.009605216793715954
Step: 1916928	Mean reward: 22.75	 Loss: -0.007966340519487858
Step: 1925120	Mean reward: 23.53125	 Loss: 0.012189391069114208
Step: 1933312	Mean reward: 21.90625	 Loss: -0.038349442183971405
Step: 1941504	Mean reward: 22.84375	 Loss: -0.04776176065206528
Step: 1949696	Mean reward: 24.84375	 Loss: -0.07079460471868515
Step: 1957888	Mean reward: 22.4375	 Loss: -0.02242880128324032
Step: 1966080	Mean reward: 23.21875	 Loss: 0.02207789197564125
Step: 1974272	Mean reward: 23.96875	 Loss: 0.04462958872318268
Step: 1982464	Mean reward: 24.65625	 Loss: 0.0074208397418260574
Step: 1990656	Mean reward: 23.65625	 Loss: -0.01402820274233818
Step: 1998848	Mean reward: 23.46875	 Loss: -0.016331858932971954
Step: 2007040	Mean reward: 22.78125	 Loss: 0.01533644087612629
Step: 2015232	Mean reward: 22.59375	 Loss: -0.035472940653562546
Step: 2023424	Mean reward: 23.4375	 Loss: -0.018117275089025497
Step: 2031616	Mean reward: 24.28125	 Loss: 0.022538937628269196
Step: 2039808	Mean reward: 22.21875	 Loss: 0.04369306564331055
Step: 2048000	Mean reward: 21.875	 Loss: -0.024211227893829346
Step: 2056192	Mean reward: 23.15625	 Loss: -0.07664629071950912
Step: 2064384	Mean reward: 23.5625	 Loss: 0.011505021713674068
Step: 2072576	Mean reward: 23.90625	 Loss: -0.06956222653388977
Step: 2080768	Mean reward: 22.4375	 Loss: -0.06578713655471802
Step: 2088960	Mean reward: 25.4375	 Loss: -0.06345584988594055
Step: 2097152	Mean reward: 25.53125	 Loss: -0.011281055398285389
Step: 2105344	Mean reward: 23.40625	 Loss: -0.028202328830957413
Step: 2113536	Mean reward: 23.5	 Loss: -0.017424754798412323
Step: 2121728	Mean reward: 23.4375	 Loss: -0.0138760507106781
Step: 2129920	Mean reward: 23.34375	 Loss: -0.037353843450546265
Step: 2138112	Mean reward: 25.15625	 Loss: -0.11312396079301834
Step: 2146304	Mean reward: 23.5	 Loss: -0.03295589238405228
Step: 2154496	Mean reward: 23.78125	 Loss: -0.020463766530156136
Step: 2162688	Mean reward: 22.28125	 Loss: -0.04943027347326279
Step: 2170880	Mean reward: 24.34375	 Loss: -0.05623221397399902
Step: 2179072	Mean reward: 23.90625	 Loss: -0.059376172721385956
Step: 2187264	Mean reward: 25.0	 Loss: -0.003594442270696163
Step: 2195456	Mean reward: 23.09375	 Loss: 0.08857090771198273
Step: 2203648	Mean reward: 22.75	 Loss: 0.040372978895902634
Step: 2211840	Mean reward: 25.1875	 Loss: 0.02101130224764347
Step: 2220032	Mean reward: 25.4375	 Loss: 0.026676686480641365
Step: 2228224	Mean reward: 23.03125	 Loss: -0.04478003457188606
Step: 2236416	Mean reward: 23.53125	 Loss: 0.06265535950660706
Step: 2244608	Mean reward: 22.59375	 Loss: -0.07374253869056702
Step: 2252800	Mean reward: 23.15625	 Loss: -0.05500387027859688
Step: 2260992	Mean reward: 24.3125	 Loss: -0.011921572498977184
Step: 2269184	Mean reward: 22.625	 Loss: 0.06602266430854797
Step: 2277376	Mean reward: 24.9375	 Loss: 0.020496182143688202
Step: 2285568	Mean reward: 24.25	 Loss: -0.04934779554605484
Step: 2293760	Mean reward: 24.03125	 Loss: -0.07891852408647537
Step: 2301952	Mean reward: 23.3125	 Loss: 0.06408344209194183
Step: 2310144	Mean reward: 23.25	 Loss: 0.03725491464138031
Step: 2318336	Mean reward: 22.78125	 Loss: 0.04866769164800644
Step: 2326528	Mean reward: 21.46875	 Loss: -0.06590452790260315
Step: 2334720	Mean reward: 23.34375	 Loss: -0.03578788787126541
Step: 2342912	Mean reward: 24.0	 Loss: -0.022383585572242737
Step: 2351104	Mean reward: 22.96875	 Loss: -0.03047294355928898
Step: 2359296	Mean reward: 24.15625	 Loss: 0.027589090168476105
Step: 2367488	Mean reward: 24.6875	 Loss: -0.029117822647094727
Step: 2375680	Mean reward: 24.5625	 Loss: 0.02347371354699135
Step: 2383872	Mean reward: 25.1875	 Loss: -0.06111832335591316
Step: 2392064	Mean reward: 23.625	 Loss: -0.008383561857044697
Step: 2400256	Mean reward: 23.84375	 Loss: 0.0496063157916069
Step: 2408448	Mean reward: 23.0625	 Loss: -0.03121545910835266
Step: 2416640	Mean reward: 22.5	 Loss: -0.03015689179301262
Step: 2424832	Mean reward: 23.90625	 Loss: -0.048752062022686005
Step: 2433024	Mean reward: 23.0	 Loss: -0.07510585337877274
Step: 2441216	Mean reward: 24.21875	 Loss: -0.014748023822903633
Step: 2449408	Mean reward: 23.6875	 Loss: -0.016158975660800934
Step: 2457600	Mean reward: 25.125	 Loss: -0.040462836623191833
Step: 2465792	Mean reward: 25.09375	 Loss: 0.03402546048164368
Step: 2473984	Mean reward: 24.84375	 Loss: -0.008720384910702705
Step: 2482176	Mean reward: 23.8125	 Loss: 0.015935499221086502
Step: 2490368	Mean reward: 22.28125	 Loss: 0.04154130071401596
Step: 2498560	Mean reward: 23.65625	 Loss: 0.009551884606480598
Step: 2506752	Mean reward: 21.4375	 Loss: -0.025356896221637726
Step: 2514944	Mean reward: 24.09375	 Loss: 0.020520061254501343
Step: 2523136	Mean reward: 23.375	 Loss: -0.07042577862739563
Step: 2531328	Mean reward: 22.53125	 Loss: 0.004452952183783054
Step: 2539520	Mean reward: 25.03125	 Loss: -0.017174119129776955
Step: 2547712	Mean reward: 23.21875	 Loss: -0.04482977092266083
Step: 2555904	Mean reward: 24.4375	 Loss: -0.016126390546560287
Step: 2564096	Mean reward: 23.71875	 Loss: 0.10946573317050934
Step: 2572288	Mean reward: 23.71875	 Loss: -0.045536354184150696
Step: 2580480	Mean reward: 23.90625	 Loss: 0.0403808057308197
Step: 2588672	Mean reward: 22.90625	 Loss: 0.04990725219249725
Step: 2596864	Mean reward: 23.375	 Loss: -0.04327112436294556
Step: 2605056	Mean reward: 23.65625	 Loss: 0.01571640744805336
Step: 2613248	Mean reward: 23.4375	 Loss: -0.030380427837371826
Step: 2621440	Mean reward: 24.46875	 Loss: -0.028384985402226448
Step: 2629632	Mean reward: 23.25	 Loss: -0.01953519694507122
Step: 2637824	Mean reward: 23.78125	 Loss: 0.008308220654726028
Step: 2646016	Mean reward: 22.0625	 Loss: 0.059160973876714706
Step: 2654208	Mean reward: 23.8125	 Loss: -0.058416929095983505
Step: 2662400	Mean reward: 22.9375	 Loss: -0.07936213910579681
Step: 2670592	Mean reward: 23.96875	 Loss: -0.02445027232170105
Step: 2678784	Mean reward: 25.3125	 Loss: 0.023896105587482452
Step: 2686976	Mean reward: 23.875	 Loss: -0.030311377719044685
Step: 2695168	Mean reward: 23.3125	 Loss: -0.02974811941385269
Step: 2703360	Mean reward: 23.6875	 Loss: 0.03906932473182678
Step: 2711552	Mean reward: 24.0625	 Loss: -0.03586854785680771
Step: 2719744	Mean reward: 24.40625	 Loss: 0.0832059383392334
Step: 2727936	Mean reward: 23.0	 Loss: -0.028865933418273926
Step: 2736128	Mean reward: 24.375	 Loss: -0.013557408936321735
Step: 2744320	Mean reward: 22.8125	 Loss: -0.013389461673796177
Step: 2752512	Mean reward: 24.90625	 Loss: -0.020392421633005142
Step: 2760704	Mean reward: 22.96875	 Loss: 0.08818958699703217
Step: 2768896	Mean reward: 22.84375	 Loss: -0.022058019414544106
Step: 2777088	Mean reward: 23.53125	 Loss: 0.004658346064388752
Step: 2785280	Mean reward: 23.8125	 Loss: -0.11901726573705673
Step: 2793472	Mean reward: 25.84375	 Loss: 0.014310705475509167
Step: 2801664	Mean reward: 23.53125	 Loss: -0.03155200928449631
Step: 2809856	Mean reward: 24.46875	 Loss: 0.005332028493285179
Step: 2818048	Mean reward: 23.34375	 Loss: 0.038039907813072205
Step: 2826240	Mean reward: 24.65625	 Loss: 0.01150655560195446
Step: 2834432	Mean reward: 22.6875	 Loss: -0.09238676726818085
Step: 2842624	Mean reward: 23.4375	 Loss: 0.013988196849822998
Step: 2850816	Mean reward: 25.9375	 Loss: -0.02615632861852646
Step: 2859008	Mean reward: 24.78125	 Loss: 0.06659184396266937
Step: 2867200	Mean reward: 24.1875	 Loss: -0.01898905262351036
Step: 2875392	Mean reward: 26.09375	 Loss: -0.009569951333105564
Step: 2883584	Mean reward: 24.71875	 Loss: 0.03660126030445099
Step: 2891776	Mean reward: 23.625	 Loss: 0.04703227058053017
Step: 2899968	Mean reward: 25.21875	 Loss: -0.09582977741956711
Step: 2908160	Mean reward: 24.0625	 Loss: 0.000318894162774086
Step: 2916352	Mean reward: 24.875	 Loss: 0.019652115181088448
Step: 2924544	Mean reward: 24.625	 Loss: 0.0020555155351758003
Step: 2932736	Mean reward: 23.15625	 Loss: -0.06168003007769585
Step: 2940928	Mean reward: 24.0625	 Loss: -0.1366061568260193
Step: 2949120	Mean reward: 24.625	 Loss: -0.051213338971138
Step: 2957312	Mean reward: 23.25	 Loss: -0.05763327330350876
Step: 2965504	Mean reward: 24.9375	 Loss: 0.04497397318482399
Step: 2973696	Mean reward: 22.84375	 Loss: 0.11035202443599701
Step: 2981888	Mean reward: 26.0625	 Loss: -0.020948998630046844
Step: 2990080	Mean reward: 25.28125	 Loss: -0.04102732241153717
Step: 2998272	Mean reward: 24.28125	 Loss: 0.018518300727009773
Step: 3006464	Mean reward: 24.46875	 Loss: -0.01917140930891037
Completed training at 2021-12-06 19:17:51