Training PPO 2 with the following parameter dict:
{'total_steps': 3000000.0, 'num_envs': 32, 'num_steps': 256, 'num_levels': 200, 'num_epochs': 3, 'batch_size': 512, 'eps': 0.2, 'grad_eps': 0.5, 'value_coef': 0.5, 'entropy_coef': 0.01, 'c1': 0.5, 'c2': 0.01, 'num_actions': 15, 'in_channels': 3, 'feature_dim': 64, 'env_name': 'starpilot', 'use_background': False}
non stabilized ppo with resets
500 levels
Observation space: Box([[[0. 0. 0. ... 0. 0. 0.]
  [0. 0. 0. ... 0. 0. 0.]
  [0. 0. 0. ... 0. 0. 0.]
  ...
  [0. 0. 0. ... 0. 0. 0.]
  [0. 0. 0. ... 0. 0. 0.]
  [0. 0. 0. ... 0. 0. 0.]]

 [[0. 0. 0. ... 0. 0. 0.]
  [0. 0. 0. ... 0. 0. 0.]
  [0. 0. 0. ... 0. 0. 0.]
  ...
  [0. 0. 0. ... 0. 0. 0.]
  [0. 0. 0. ... 0. 0. 0.]
  [0. 0. 0. ... 0. 0. 0.]]

 [[0. 0. 0. ... 0. 0. 0.]
  [0. 0. 0. ... 0. 0. 0.]
  [0. 0. 0. ... 0. 0. 0.]
  ...
  [0. 0. 0. ... 0. 0. 0.]
  [0. 0. 0. ... 0. 0. 0.]
  [0. 0. 0. ... 0. 0. 0.]]], [[[1. 1. 1. ... 1. 1. 1.]
  [1. 1. 1. ... 1. 1. 1.]
  [1. 1. 1. ... 1. 1. 1.]
  ...
  [1. 1. 1. ... 1. 1. 1.]
  [1. 1. 1. ... 1. 1. 1.]
  [1. 1. 1. ... 1. 1. 1.]]

 [[1. 1. 1. ... 1. 1. 1.]
  [1. 1. 1. ... 1. 1. 1.]
  [1. 1. 1. ... 1. 1. 1.]
  ...
  [1. 1. 1. ... 1. 1. 1.]
  [1. 1. 1. ... 1. 1. 1.]
  [1. 1. 1. ... 1. 1. 1.]]

 [[1. 1. 1. ... 1. 1. 1.]
  [1. 1. 1. ... 1. 1. 1.]
  [1. 1. 1. ... 1. 1. 1.]
  ...
  [1. 1. 1. ... 1. 1. 1.]
  [1. 1. 1. ... 1. 1. 1.]
  [1. 1. 1. ... 1. 1. 1.]]], (3, 64, 64), float32)
Action space: 15
Step: 8192	Mean reward: 4.78125	 Loss: 0.5030847191810608
Step: 16384	Mean reward: 4.375	 Loss: 0.06269817054271698
Step: 24576	Mean reward: 4.84375	 Loss: 0.10991984605789185
Step: 32768	Mean reward: 4.96875	 Loss: 0.06842058151960373
Step: 40960	Mean reward: 5.625	 Loss: 0.07966095209121704
Step: 49152	Mean reward: 6.90625	 Loss: 0.13928140699863434
Step: 57344	Mean reward: 6.125	 Loss: 0.06854616850614548
Step: 65536	Mean reward: 5.71875	 Loss: 0.00663410872220993
Step: 73728	Mean reward: 6.625	 Loss: 0.09595157206058502
Step: 81920	Mean reward: 6.53125	 Loss: 0.06957603991031647
Step: 90112	Mean reward: 7.1875	 Loss: 0.09891866147518158
Step: 98304	Mean reward: 6.125	 Loss: 0.05696350336074829
Step: 106496	Mean reward: 6.71875	 Loss: 0.017813652753829956
Step: 114688	Mean reward: 6.5	 Loss: 0.02531411685049534
Step: 122880	Mean reward: 8.0625	 Loss: 0.15419870615005493
Step: 131072	Mean reward: 7.0	 Loss: 0.10363786667585373
Step: 139264	Mean reward: 6.9375	 Loss: 0.10252624750137329
Step: 147456	Mean reward: 7.65625	 Loss: 0.05576472729444504
Step: 155648	Mean reward: 7.6875	 Loss: 0.04382923245429993
Step: 163840	Mean reward: 7.875	 Loss: -0.004776265472173691
Step: 172032	Mean reward: 6.875	 Loss: 0.0022015441209077835
Step: 180224	Mean reward: 7.1875	 Loss: 0.07413918524980545
Step: 188416	Mean reward: 8.21875	 Loss: 0.04770347476005554
Step: 196608	Mean reward: 6.40625	 Loss: -0.054231196641922
Step: 204800	Mean reward: 6.28125	 Loss: -7.034838199615479e-05
Step: 212992	Mean reward: 7.90625	 Loss: 0.040478818118572235
Step: 221184	Mean reward: 7.96875	 Loss: 0.09509005397558212
Step: 229376	Mean reward: 8.0	 Loss: 0.0869721993803978
Step: 237568	Mean reward: 8.46875	 Loss: 0.013133600354194641
Step: 245760	Mean reward: 6.5	 Loss: 0.024772677570581436
Step: 253952	Mean reward: 7.78125	 Loss: -0.048729151487350464
Step: 262144	Mean reward: 9.0625	 Loss: 0.06483641266822815
Step: 270336	Mean reward: 7.78125	 Loss: 0.036909572780132294
Step: 278528	Mean reward: 9.15625	 Loss: 0.03164440393447876
Step: 286720	Mean reward: 7.875	 Loss: -0.015887247398495674
Step: 294912	Mean reward: 6.53125	 Loss: 0.02855287864804268
Step: 303104	Mean reward: 8.8125	 Loss: 0.08922567963600159
Step: 311296	Mean reward: 8.03125	 Loss: 0.0482155941426754
Step: 319488	Mean reward: 8.875	 Loss: -0.0023218095302581787
Step: 327680	Mean reward: 8.875	 Loss: 0.0924319326877594
Step: 335872	Mean reward: 7.3125	 Loss: 0.04864069074392319
Step: 344064	Mean reward: 8.5	 Loss: -0.05496625602245331
Step: 352256	Mean reward: 8.90625	 Loss: 0.057067226618528366
Step: 360448	Mean reward: 9.09375	 Loss: 0.06925645470619202
Step: 368640	Mean reward: 8.5625	 Loss: 0.07232873886823654
Step: 376832	Mean reward: 10.4375	 Loss: 0.09023243188858032
Step: 385024	Mean reward: 9.65625	 Loss: -0.00939156860113144
Step: 393216	Mean reward: 8.9375	 Loss: 0.11644358932971954
Step: 401408	Mean reward: 9.78125	 Loss: 0.07303056865930557
Step: 409600	Mean reward: 9.09375	 Loss: 0.03187327831983566
Step: 417792	Mean reward: 9.3125	 Loss: 0.02111373282968998
Step: 425984	Mean reward: 8.46875	 Loss: 0.10120652616024017
Step: 434176	Mean reward: 10.1875	 Loss: 0.08774136006832123
Step: 442368	Mean reward: 9.34375	 Loss: 0.032252274453639984
Step: 450560	Mean reward: 10.8125	 Loss: 0.08907303214073181
Step: 458752	Mean reward: 11.8125	 Loss: 0.1248677670955658
Step: 466944	Mean reward: 10.875	 Loss: 0.060450319200754166
Step: 475136	Mean reward: 10.09375	 Loss: 0.08563194423913956
Step: 483328	Mean reward: 10.84375	 Loss: 0.03984847664833069
Step: 491520	Mean reward: 10.46875	 Loss: 0.10900802910327911
Step: 499712	Mean reward: 10.40625	 Loss: -0.020753631368279457
Step: 507904	Mean reward: 11.125	 Loss: 0.005305225029587746
Step: 516096	Mean reward: 11.3125	 Loss: 0.03629274666309357
Step: 524288	Mean reward: 11.65625	 Loss: 0.07885430008172989
Step: 532480	Mean reward: 12.21875	 Loss: 0.08934043347835541
Step: 540672	Mean reward: 11.625	 Loss: 0.12126344442367554
Step: 548864	Mean reward: 11.71875	 Loss: 0.09837759286165237
Step: 557056	Mean reward: 12.5	 Loss: 0.09017837047576904
Step: 565248	Mean reward: 12.875	 Loss: 0.042461276054382324
Step: 573440	Mean reward: 13.125	 Loss: 0.04377228021621704
Step: 581632	Mean reward: 12.96875	 Loss: 0.04005667567253113
Step: 589824	Mean reward: 13.03125	 Loss: 0.14533811807632446
Step: 598016	Mean reward: 13.0625	 Loss: 0.07979030162096024
Step: 606208	Mean reward: 12.34375	 Loss: 0.030117254704236984
Step: 614400	Mean reward: 13.28125	 Loss: 0.0778820663690567
Step: 622592	Mean reward: 13.15625	 Loss: 0.05561982840299606
Step: 630784	Mean reward: 13.375	 Loss: 0.025559617206454277
Step: 638976	Mean reward: 12.03125	 Loss: 0.04672111198306084
Step: 647168	Mean reward: 14.03125	 Loss: 0.05679655075073242
Step: 655360	Mean reward: 13.75	 Loss: 0.15250763297080994
Step: 663552	Mean reward: 13.5	 Loss: 0.13114462792873383
Step: 671744	Mean reward: 14.28125	 Loss: 0.13623905181884766
Step: 679936	Mean reward: 13.5	 Loss: 0.009708849713206291
Step: 688128	Mean reward: 15.4375	 Loss: 0.06932882964611053
Step: 696320	Mean reward: 13.65625	 Loss: 0.06771233677864075
Step: 704512	Mean reward: 13.125	 Loss: 0.03690420091152191
Step: 712704	Mean reward: 15.25	 Loss: 0.09241172671318054
Step: 720896	Mean reward: 14.65625	 Loss: 0.07041467726230621
Step: 729088	Mean reward: 14.5625	 Loss: 0.04360824078321457
Step: 737280	Mean reward: 14.90625	 Loss: 0.076404869556427
Step: 745472	Mean reward: 13.25	 Loss: 0.07767321914434433
Step: 753664	Mean reward: 14.15625	 Loss: 0.07673685997724533
Step: 761856	Mean reward: 15.125	 Loss: 0.08332088589668274
Step: 770048	Mean reward: 14.375	 Loss: -0.012871744111180305
Step: 778240	Mean reward: 14.1875	 Loss: -0.010074112564325333
Step: 786432	Mean reward: 14.6875	 Loss: 0.03239216282963753
Step: 794624	Mean reward: 14.15625	 Loss: 0.037505656480789185
Step: 802816	Mean reward: 15.21875	 Loss: 0.05449584871530533
Step: 811008	Mean reward: 14.96875	 Loss: 0.033733613789081573
Step: 819200	Mean reward: 16.0	 Loss: 0.023395726457238197
Step: 827392	Mean reward: 14.25	 Loss: 0.06180766224861145
Step: 835584	Mean reward: 14.5625	 Loss: 0.03060593083500862
Step: 843776	Mean reward: 16.0625	 Loss: 0.043501920998096466
Step: 851968	Mean reward: 16.46875	 Loss: 0.05353369563817978
Step: 860160	Mean reward: 15.9375	 Loss: 0.004979310557246208
Step: 868352	Mean reward: 15.09375	 Loss: 0.009737551212310791
Step: 876544	Mean reward: 14.8125	 Loss: 0.030572952702641487
Step: 884736	Mean reward: 14.34375	 Loss: 0.030359681695699692
Step: 892928	Mean reward: 14.875	 Loss: 0.08935210108757019
Step: 901120	Mean reward: 15.46875	 Loss: 0.038064658641815186
Step: 909312	Mean reward: 14.8125	 Loss: 0.10782797634601593
Step: 917504	Mean reward: 14.28125	 Loss: -0.05167331546545029
Step: 925696	Mean reward: 14.65625	 Loss: -0.002649802714586258
Step: 933888	Mean reward: 14.40625	 Loss: -0.045351311564445496
Step: 942080	Mean reward: 15.15625	 Loss: 0.06491313874721527
Step: 950272	Mean reward: 15.84375	 Loss: -0.04859646409749985
Step: 958464	Mean reward: 15.90625	 Loss: -0.028333578258752823
Step: 966656	Mean reward: 16.40625	 Loss: 0.010173482820391655
Step: 974848	Mean reward: 15.5	 Loss: 0.03462564945220947
Step: 983040	Mean reward: 14.90625	 Loss: 0.0405271053314209
Step: 991232	Mean reward: 14.5625	 Loss: 0.08286749571561813
Step: 999424	Mean reward: 14.875	 Loss: 0.04292141646146774
Step: 1007616	Mean reward: 15.53125	 Loss: 0.0507153682410717
Step: 1015808	Mean reward: 15.71875	 Loss: 0.01298043504357338
Step: 1024000	Mean reward: 14.78125	 Loss: 0.023955658078193665
Step: 1032192	Mean reward: 14.4375	 Loss: 0.06989307701587677
Step: 1040384	Mean reward: 14.21875	 Loss: -0.01827426813542843
Step: 1048576	Mean reward: 14.875	 Loss: 0.06577369570732117
Step: 1056768	Mean reward: 15.625	 Loss: 0.018109740689396858
Step: 1064960	Mean reward: 15.5	 Loss: 0.0017812736332416534
Step: 1073152	Mean reward: 15.375	 Loss: -0.020938526839017868
Step: 1081344	Mean reward: 15.78125	 Loss: 0.06391755491495132
Step: 1089536	Mean reward: 14.6875	 Loss: 0.05676804110407829
Step: 1097728	Mean reward: 15.84375	 Loss: 0.01640990749001503
Step: 1105920	Mean reward: 16.0625	 Loss: -0.020743558183312416
Step: 1114112	Mean reward: 15.71875	 Loss: -0.011428812518715858
Step: 1122304	Mean reward: 17.1875	 Loss: 0.04059281572699547
Step: 1130496	Mean reward: 16.9375	 Loss: -0.029912516474723816
Step: 1138688	Mean reward: 17.28125	 Loss: 0.04106089845299721
Step: 1146880	Mean reward: 17.84375	 Loss: 0.047647811472415924
Step: 1155072	Mean reward: 17.21875	 Loss: -0.0347028523683548
Step: 1163264	Mean reward: 16.25	 Loss: 0.040805015712976456
Step: 1171456	Mean reward: 17.28125	 Loss: 0.06737978756427765
Step: 1179648	Mean reward: 16.90625	 Loss: 0.0972956195473671
Step: 1187840	Mean reward: 18.28125	 Loss: 0.09884780645370483
Step: 1196032	Mean reward: 18.4375	 Loss: -0.06976578384637833
Step: 1204224	Mean reward: 18.28125	 Loss: 0.0016489848494529724
Step: 1212416	Mean reward: 16.5	 Loss: 0.06694870442152023
Step: 1220608	Mean reward: 16.21875	 Loss: -0.0128877442330122
Step: 1228800	Mean reward: 18.15625	 Loss: 0.018798984587192535
Step: 1236992	Mean reward: 17.53125	 Loss: -0.06583184003829956
Step: 1245184	Mean reward: 17.53125	 Loss: 0.100974902510643
Step: 1253376	Mean reward: 18.0625	 Loss: 0.05222306773066521
Step: 1261568	Mean reward: 18.34375	 Loss: 0.04648991674184799
Step: 1269760	Mean reward: 18.34375	 Loss: 0.06111771613359451
Step: 1277952	Mean reward: 17.1875	 Loss: 0.07130289077758789
Step: 1286144	Mean reward: 17.625	 Loss: 0.02142990380525589
Step: 1294336	Mean reward: 18.6875	 Loss: 0.04062465578317642
Step: 1302528	Mean reward: 17.375	 Loss: 0.03130365163087845
Step: 1310720	Mean reward: 18.59375	 Loss: 0.04410716891288757
Step: 1318912	Mean reward: 15.96875	 Loss: 0.015650559216737747
Step: 1327104	Mean reward: 16.65625	 Loss: 0.0029731877148151398
Step: 1335296	Mean reward: 17.90625	 Loss: 0.04449331387877464
Step: 1343488	Mean reward: 17.8125	 Loss: -0.003278398886322975
Step: 1351680	Mean reward: 16.78125	 Loss: -0.02425975911319256
Step: 1359872	Mean reward: 17.875	 Loss: 0.11235353350639343
Step: 1368064	Mean reward: 17.875	 Loss: 0.10208087414503098
Step: 1376256	Mean reward: 17.25	 Loss: -0.05929417163133621
Step: 1384448	Mean reward: 18.71875	 Loss: 0.056903619319200516
Step: 1392640	Mean reward: 17.84375	 Loss: 0.050569429993629456
Step: 1400832	Mean reward: 19.59375	 Loss: 0.053924769163131714
Step: 1409024	Mean reward: 16.875	 Loss: 0.07462514936923981
Step: 1417216	Mean reward: 17.65625	 Loss: 0.06422944366931915
Step: 1425408	Mean reward: 17.28125	 Loss: -0.037028368562459946
Step: 1433600	Mean reward: 16.6875	 Loss: 0.05164561793208122
Step: 1441792	Mean reward: 17.5625	 Loss: 0.06901077181100845
Step: 1449984	Mean reward: 18.1875	 Loss: 0.05523873120546341
Step: 1458176	Mean reward: 16.4375	 Loss: 0.02982982061803341
Step: 1466368	Mean reward: 17.875	 Loss: -0.12963926792144775
Step: 1474560	Mean reward: 16.9375	 Loss: 0.06826667487621307
Step: 1482752	Mean reward: 17.84375	 Loss: -0.06298015266656876
Step: 1490944	Mean reward: 18.28125	 Loss: 0.15261852741241455
Step: 1499136	Mean reward: 17.8125	 Loss: -0.006589936092495918
Step: 1507328	Mean reward: 16.875	 Loss: -0.004503726959228516
Step: 1515520	Mean reward: 16.90625	 Loss: 0.06275757402181625
Step: 1523712	Mean reward: 17.21875	 Loss: -0.047227513045072556
Step: 1531904	Mean reward: 16.8125	 Loss: -0.032531436532735825
Step: 1540096	Mean reward: 17.9375	 Loss: 0.025725936517119408
Step: 1548288	Mean reward: 17.40625	 Loss: 0.009168142452836037
Step: 1556480	Mean reward: 17.5	 Loss: 0.005692824721336365
Step: 1564672	Mean reward: 16.96875	 Loss: 0.02227768488228321
Step: 1572864	Mean reward: 16.8125	 Loss: -0.0420340932905674
Step: 1581056	Mean reward: 18.4375	 Loss: 0.029587114229798317
Step: 1589248	Mean reward: 18.96875	 Loss: -0.042086195200681686
Step: 1597440	Mean reward: 19.84375	 Loss: -0.0032078977674245834
Step: 1605632	Mean reward: 18.40625	 Loss: -0.0054998937994241714
Step: 1613824	Mean reward: 18.65625	 Loss: 0.009120559319853783
Step: 1622016	Mean reward: 17.3125	 Loss: 0.03035658970475197
Step: 1630208	Mean reward: 16.96875	 Loss: 0.03035498782992363
Step: 1638400	Mean reward: 18.15625	 Loss: 0.04996156692504883
Step: 1646592	Mean reward: 18.09375	 Loss: -0.09430509060621262
Step: 1654784	Mean reward: 17.84375	 Loss: 0.10027950257062912
Step: 1662976	Mean reward: 17.34375	 Loss: 0.06854145228862762
Step: 1671168	Mean reward: 18.0	 Loss: -0.0026248767971992493
Step: 1679360	Mean reward: 18.40625	 Loss: 0.051910966634750366
Step: 1687552	Mean reward: 19.15625	 Loss: 0.008376246318221092
Step: 1695744	Mean reward: 18.1875	 Loss: 0.02863648533821106
Step: 1703936	Mean reward: 18.90625	 Loss: -0.026140691712498665
Step: 1712128	Mean reward: 18.75	 Loss: 0.09910935163497925
Step: 1720320	Mean reward: 18.34375	 Loss: 0.04172636568546295
Step: 1728512	Mean reward: 16.4375	 Loss: 0.045094434171915054
Step: 1736704	Mean reward: 20.125	 Loss: 0.005748972296714783
Step: 1744896	Mean reward: 18.53125	 Loss: -0.0466671958565712
Step: 1753088	Mean reward: 19.03125	 Loss: 0.01876697689294815
Step: 1761280	Mean reward: 17.4375	 Loss: 0.12231577932834625
Step: 1769472	Mean reward: 18.21875	 Loss: 0.0016702152788639069
Step: 1777664	Mean reward: 18.875	 Loss: 0.04434598609805107
Step: 1785856	Mean reward: 18.28125	 Loss: -0.04784584790468216
Step: 1794048	Mean reward: 18.875	 Loss: -0.06332430243492126
Step: 1802240	Mean reward: 17.96875	 Loss: -0.006859991699457169
Step: 1810432	Mean reward: 19.46875	 Loss: 0.03731389343738556
Step: 1818624	Mean reward: 19.15625	 Loss: 0.0744260847568512
Step: 1826816	Mean reward: 17.125	 Loss: -0.03588518500328064
Step: 1835008	Mean reward: 18.6875	 Loss: 0.011086516082286835
Step: 1843200	Mean reward: 18.78125	 Loss: -0.01909058541059494
Step: 1851392	Mean reward: 18.875	 Loss: -0.04267119616270065
Step: 1859584	Mean reward: 17.8125	 Loss: 0.02714090421795845
Step: 1867776	Mean reward: 19.96875	 Loss: 0.005674669519066811
Step: 1875968	Mean reward: 17.875	 Loss: -0.07285605370998383
Step: 1884160	Mean reward: 18.59375	 Loss: 0.04625450074672699
Step: 1892352	Mean reward: 18.4375	 Loss: 0.002372151240706444
Step: 1900544	Mean reward: 18.125	 Loss: 0.05306180566549301
Step: 1908736	Mean reward: 18.5	 Loss: 0.10953521728515625
Step: 1916928	Mean reward: 19.28125	 Loss: 0.030980577692389488
Step: 1925120	Mean reward: 18.53125	 Loss: 0.08192314207553864
Step: 1933312	Mean reward: 19.46875	 Loss: 0.020750749856233597
Step: 1941504	Mean reward: 19.90625	 Loss: 0.0846509039402008
Step: 1949696	Mean reward: 19.0	 Loss: 0.0577140636742115
Step: 1957888	Mean reward: 19.03125	 Loss: -0.017535310238599777
Step: 1966080	Mean reward: 17.40625	 Loss: -0.014363540336489677
Step: 1974272	Mean reward: 18.5625	 Loss: 0.010444004088640213
Step: 1982464	Mean reward: 18.09375	 Loss: -0.051251839846372604
Step: 1990656	Mean reward: 18.1875	 Loss: -0.02590717002749443
Step: 1998848	Mean reward: 19.96875	 Loss: 0.04000224173069
Step: 2007040	Mean reward: 19.375	 Loss: -0.054886654019355774
Step: 2015232	Mean reward: 18.375	 Loss: 0.03631565719842911
Step: 2023424	Mean reward: 18.875	 Loss: -0.012171133421361446
Step: 2031616	Mean reward: 19.78125	 Loss: -0.016009245067834854
Step: 2039808	Mean reward: 19.90625	 Loss: 0.026325110346078873
Step: 2048000	Mean reward: 19.03125	 Loss: -0.011986462399363518
Step: 2056192	Mean reward: 20.1875	 Loss: -0.025422926992177963
Step: 2064384	Mean reward: 20.0625	 Loss: 0.04046299308538437
Step: 2072576	Mean reward: 20.28125	 Loss: 0.017685551196336746
Step: 2080768	Mean reward: 20.625	 Loss: 0.06047939509153366
Step: 2088960	Mean reward: 18.3125	 Loss: 0.0016954485327005386
Step: 2097152	Mean reward: 20.09375	 Loss: 0.004287388175725937
Step: 2105344	Mean reward: 20.25	 Loss: 0.04591591656208038
Step: 2113536	Mean reward: 19.125	 Loss: -0.07885995507240295
Step: 2121728	Mean reward: 19.71875	 Loss: -0.050043366849422455
Step: 2129920	Mean reward: 20.375	 Loss: -0.002788098528981209
Step: 2138112	Mean reward: 19.78125	 Loss: 0.048453472554683685
Step: 2146304	Mean reward: 18.59375	 Loss: -0.022007526829838753
Step: 2154496	Mean reward: 19.5	 Loss: -0.014562644064426422
Step: 2162688	Mean reward: 20.6875	 Loss: 0.02290465496480465
Step: 2170880	Mean reward: 19.28125	 Loss: 0.03658067807555199
Step: 2179072	Mean reward: 18.875	 Loss: 0.034013159573078156
Step: 2187264	Mean reward: 18.53125	 Loss: 0.06550249457359314
Step: 2195456	Mean reward: 20.53125	 Loss: 0.022032422944903374
Step: 2203648	Mean reward: 19.75	 Loss: -0.07436038553714752
Step: 2211840	Mean reward: 21.5625	 Loss: 0.039257414638996124
Step: 2220032	Mean reward: 22.09375	 Loss: 0.010243281722068787
Step: 2228224	Mean reward: 19.84375	 Loss: 0.03841713070869446
Step: 2236416	Mean reward: 21.0625	 Loss: 0.02603490836918354
Step: 2244608	Mean reward: 19.5	 Loss: 0.041245780885219574
Step: 2252800	Mean reward: 20.40625	 Loss: 0.04745334014296532
Step: 2260992	Mean reward: 19.75	 Loss: 0.10381434112787247
Step: 2269184	Mean reward: 19.59375	 Loss: 0.06819310784339905
Step: 2277376	Mean reward: 19.0	 Loss: -0.07808899879455566
Step: 2285568	Mean reward: 19.625	 Loss: 0.011018065735697746
Step: 2293760	Mean reward: 20.09375	 Loss: 0.023336922749876976
Step: 2301952	Mean reward: 20.625	 Loss: 0.004133712500333786
Step: 2310144	Mean reward: 19.5625	 Loss: -0.039855144917964935
Step: 2318336	Mean reward: 21.1875	 Loss: -0.01272028498351574
Step: 2326528	Mean reward: 19.8125	 Loss: -0.021956386044621468
Step: 2334720	Mean reward: 20.53125	 Loss: -0.028047841042280197
Step: 2342912	Mean reward: 20.625	 Loss: 0.016017340123653412
Step: 2351104	Mean reward: 21.1875	 Loss: 0.014843245968222618
Step: 2359296	Mean reward: 19.09375	 Loss: 0.08633365482091904
Step: 2367488	Mean reward: 20.75	 Loss: 0.009401524439454079
Step: 2375680	Mean reward: 21.4375	 Loss: -0.016242027282714844
Step: 2383872	Mean reward: 20.5	 Loss: 0.03408988192677498
Step: 2392064	Mean reward: 20.03125	 Loss: 0.023998349905014038
Step: 2400256	Mean reward: 20.34375	 Loss: -0.0033495109528303146
Step: 2408448	Mean reward: 21.59375	 Loss: -0.0056280773133039474
Step: 2416640	Mean reward: 18.75	 Loss: 0.01589166186749935
Step: 2424832	Mean reward: 21.15625	 Loss: 0.06299010664224625
Step: 2433024	Mean reward: 21.09375	 Loss: -0.01670009084045887
Step: 2441216	Mean reward: 19.65625	 Loss: -0.024932773783802986
Step: 2449408	Mean reward: 19.375	 Loss: -0.03446626663208008
Step: 2457600	Mean reward: 22.65625	 Loss: 0.07113391906023026
Step: 2465792	Mean reward: 21.15625	 Loss: 0.05221990495920181
Step: 2473984	Mean reward: 21.78125	 Loss: -0.014720669016242027
Step: 2482176	Mean reward: 21.21875	 Loss: 0.040680982172489166
Step: 2490368	Mean reward: 19.71875	 Loss: -0.0291922427713871
Step: 2498560	Mean reward: 17.125	 Loss: -0.06777489185333252
Step: 2506752	Mean reward: 21.8125	 Loss: -0.03592156246304512
Step: 2514944	Mean reward: 20.125	 Loss: 0.06174764409661293
Step: 2523136	Mean reward: 20.15625	 Loss: -0.029305119067430496
Step: 2531328	Mean reward: 19.59375	 Loss: -0.016642143949866295
Step: 2539520	Mean reward: 20.84375	 Loss: -0.0029288846999406815
Step: 2547712	Mean reward: 18.1875	 Loss: -0.07303617149591446
Step: 2555904	Mean reward: 19.875	 Loss: -0.005056934431195259
Step: 2564096	Mean reward: 19.9375	 Loss: 0.029150504618883133
Step: 2572288	Mean reward: 21.03125	 Loss: -0.019053177908062935
Step: 2580480	Mean reward: 20.65625	 Loss: 0.001962818205356598
Step: 2588672	Mean reward: 18.4375	 Loss: 0.0006881989538669586
Step: 2596864	Mean reward: 20.5	 Loss: -0.09819069504737854
Step: 2605056	Mean reward: 20.4375	 Loss: -0.001685410737991333
Step: 2613248	Mean reward: 19.90625	 Loss: -0.05165953189134598
Step: 2621440	Mean reward: 19.125	 Loss: -0.05439681187272072
Step: 2629632	Mean reward: 20.46875	 Loss: -0.0464460588991642
Step: 2637824	Mean reward: 19.21875	 Loss: -0.03179868310689926
Step: 2646016	Mean reward: 21.5	 Loss: -0.04545723646879196
Step: 2654208	Mean reward: 18.59375	 Loss: 0.007833413779735565
Step: 2662400	Mean reward: 19.21875	 Loss: 0.012832652777433395
Step: 2670592	Mean reward: 18.96875	 Loss: -0.06988398730754852
Step: 2678784	Mean reward: 20.75	 Loss: 0.010466676205396652
Step: 2686976	Mean reward: 21.03125	 Loss: 0.037195608019828796
Step: 2695168	Mean reward: 21.0625	 Loss: 0.04067329689860344
Step: 2703360	Mean reward: 19.625	 Loss: 0.00949922390282154
Step: 2711552	Mean reward: 20.375	 Loss: 0.001270100474357605
Step: 2719744	Mean reward: 21.71875	 Loss: 0.033226270228624344
Step: 2727936	Mean reward: 20.5	 Loss: -0.042637113481760025
Step: 2736128	Mean reward: 19.375	 Loss: 0.02763429470360279
Step: 2744320	Mean reward: 19.84375	 Loss: 0.006165728904306889
Step: 2752512	Mean reward: 21.9375	 Loss: -0.08099506795406342
Step: 2760704	Mean reward: 19.6875	 Loss: 0.0393228754401207
Step: 2768896	Mean reward: 20.0625	 Loss: 0.002789863385260105
Step: 2777088	Mean reward: 19.71875	 Loss: -0.01938774064183235
Step: 2785280	Mean reward: 21.21875	 Loss: 0.010458575561642647
Step: 2793472	Mean reward: 20.84375	 Loss: 0.02684759721159935
Step: 2801664	Mean reward: 20.4375	 Loss: 0.07850450277328491
Step: 2809856	Mean reward: 20.4375	 Loss: 0.06003255397081375
Step: 2818048	Mean reward: 20.375	 Loss: -0.02473684772849083
Step: 2826240	Mean reward: 20.0625	 Loss: 0.03595009446144104
Step: 2834432	Mean reward: 20.5	 Loss: -0.010636981576681137
Step: 2842624	Mean reward: 20.25	 Loss: 0.014713259413838387
Step: 2850816	Mean reward: 21.15625	 Loss: -0.014160973951220512
Step: 2859008	Mean reward: 20.78125	 Loss: 0.021529607474803925
Step: 2867200	Mean reward: 22.71875	 Loss: 0.0031831050291657448
Step: 2875392	Mean reward: 19.15625	 Loss: -0.010979491285979748
Step: 2883584	Mean reward: 19.75	 Loss: 0.016652148216962814
Step: 2891776	Mean reward: 19.875	 Loss: -0.01480775885283947
Step: 2899968	Mean reward: 19.84375	 Loss: -0.02009805105626583
Step: 2908160	Mean reward: 21.875	 Loss: 0.02381831221282482
Step: 2916352	Mean reward: 21.375	 Loss: 0.006519012153148651
Step: 2924544	Mean reward: 20.0	 Loss: -0.08788371831178665
Step: 2932736	Mean reward: 20.8125	 Loss: -0.07467053085565567
Step: 2940928	Mean reward: 20.6875	 Loss: 0.0149722034111619
Step: 2949120	Mean reward: 21.65625	 Loss: 0.00919803325086832
Step: 2957312	Mean reward: 21.59375	 Loss: 0.009993772953748703
Step: 2965504	Mean reward: 21.1875	 Loss: 0.03929451107978821
Step: 2973696	Mean reward: 21.0	 Loss: -0.02361994981765747
Step: 2981888	Mean reward: 21.40625	 Loss: -0.02711360901594162
Step: 2990080	Mean reward: 22.375	 Loss: 0.007596266455948353
Step: 2998272	Mean reward: 21.78125	 Loss: 0.08077764511108398
Step: 3006464	Mean reward: 21.78125	 Loss: 0.05831271409988403
Completed training at 2021-12-07 12:55:53
Observation space: Box([[[0. 0. 0. ... 0. 0. 0.]
  [0. 0. 0. ... 0. 0. 0.]
  [0. 0. 0. ... 0. 0. 0.]
  ...
  [0. 0. 0. ... 0. 0. 0.]
  [0. 0. 0. ... 0. 0. 0.]
  [0. 0. 0. ... 0. 0. 0.]]

 [[0. 0. 0. ... 0. 0. 0.]
  [0. 0. 0. ... 0. 0. 0.]
  [0. 0. 0. ... 0. 0. 0.]
  ...
  [0. 0. 0. ... 0. 0. 0.]
  [0. 0. 0. ... 0. 0. 0.]
  [0. 0. 0. ... 0. 0. 0.]]

 [[0. 0. 0. ... 0. 0. 0.]
  [0. 0. 0. ... 0. 0. 0.]
  [0. 0. 0. ... 0. 0. 0.]
  ...
  [0. 0. 0. ... 0. 0. 0.]
  [0. 0. 0. ... 0. 0. 0.]
  [0. 0. 0. ... 0. 0. 0.]]], [[[1. 1. 1. ... 1. 1. 1.]
  [1. 1. 1. ... 1. 1. 1.]
  [1. 1. 1. ... 1. 1. 1.]
  ...
  [1. 1. 1. ... 1. 1. 1.]
  [1. 1. 1. ... 1. 1. 1.]
  [1. 1. 1. ... 1. 1. 1.]]

 [[1. 1. 1. ... 1. 1. 1.]
  [1. 1. 1. ... 1. 1. 1.]
  [1. 1. 1. ... 1. 1. 1.]
  ...
  [1. 1. 1. ... 1. 1. 1.]
  [1. 1. 1. ... 1. 1. 1.]
  [1. 1. 1. ... 1. 1. 1.]]

 [[1. 1. 1. ... 1. 1. 1.]
  [1. 1. 1. ... 1. 1. 1.]
  [1. 1. 1. ... 1. 1. 1.]
  ...
  [1. 1. 1. ... 1. 1. 1.]
  [1. 1. 1. ... 1. 1. 1.]
  [1. 1. 1. ... 1. 1. 1.]]], (3, 64, 64), float32)
Action space: 15
Step: 8192	Mean reward: 5.4375	 Loss: 0.6442448496818542
Step: 16384	Mean reward: 4.1875	 Loss: 0.06790097057819366
Step: 24576	Mean reward: 3.96875	 Loss: 0.06462141871452332
Step: 32768	Mean reward: 5.84375	 Loss: 0.046756990253925323
Step: 40960	Mean reward: 6.21875	 Loss: 0.018207719549536705
Step: 49152	Mean reward: 6.46875	 Loss: 0.06993614137172699
Step: 57344	Mean reward: 7.375	 Loss: 0.07378020882606506
Step: 65536	Mean reward: 6.3125	 Loss: 0.022860324010252953
Step: 73728	Mean reward: 7.34375	 Loss: 0.1037055104970932
Step: 81920	Mean reward: 5.9375	 Loss: 0.0595787838101387
Step: 90112	Mean reward: 7.53125	 Loss: 0.1117027997970581
Step: 98304	Mean reward: 10.375	 Loss: 0.07926104962825775
Step: 106496	Mean reward: 11.625	 Loss: 0.030027540400624275
Step: 114688	Mean reward: 10.0625	 Loss: 0.09900734573602676
Step: 122880	Mean reward: 11.125	 Loss: 0.05815334618091583
Step: 131072	Mean reward: 12.28125	 Loss: 0.10173051804304123
Step: 139264	Mean reward: 12.875	 Loss: -0.00929931364953518
Step: 147456	Mean reward: 14.28125	 Loss: 0.09772200882434845
Step: 155648	Mean reward: 14.5	 Loss: 0.07329128682613373
Step: 163840	Mean reward: 14.375	 Loss: 0.11093894392251968
Step: 172032	Mean reward: 14.625	 Loss: 0.04081684723496437
Step: 180224	Mean reward: 15.53125	 Loss: 0.043182969093322754
Step: 188416	Mean reward: 17.6875	 Loss: 0.06328382343053818
Step: 196608	Mean reward: 15.3125	 Loss: 0.12910011410713196
Step: 204800	Mean reward: 15.28125	 Loss: 0.013117954134941101
Step: 212992	Mean reward: 14.4375	 Loss: 0.055476754903793335
Step: 221184	Mean reward: 16.5625	 Loss: -0.010584590956568718
Step: 229376	Mean reward: 15.125	 Loss: 0.026208162307739258
Step: 237568	Mean reward: 15.0625	 Loss: 0.007874665781855583
Step: 245760	Mean reward: 15.90625	 Loss: 0.002233864739537239
Step: 253952	Mean reward: 15.75	 Loss: 0.014788925647735596
Step: 262144	Mean reward: 15.84375	 Loss: -0.036024607717990875
Step: 270336	Mean reward: 15.6875	 Loss: 0.05822351574897766
Step: 278528	Mean reward: 16.65625	 Loss: -0.011590026319026947
Step: 286720	Mean reward: 16.09375	 Loss: 0.007528508082032204
Step: 294912	Mean reward: 16.40625	 Loss: 0.0186851117759943
Step: 303104	Mean reward: 16.1875	 Loss: 0.006855610758066177
Step: 311296	Mean reward: 16.15625	 Loss: 0.027024708688259125
Step: 319488	Mean reward: 16.59375	 Loss: 0.05850868672132492
Step: 327680	Mean reward: 17.5	 Loss: -0.056394364684820175
Step: 335872	Mean reward: 18.15625	 Loss: 0.04204807057976723
Step: 344064	Mean reward: 18.15625	 Loss: 0.0636911392211914
Step: 352256	Mean reward: 16.96875	 Loss: 0.0011612959206104279
Step: 360448	Mean reward: 18.71875	 Loss: -0.002773502841591835
Step: 368640	Mean reward: 19.90625	 Loss: 0.11172020435333252
Step: 376832	Mean reward: 18.46875	 Loss: -0.007194744423031807
Step: 385024	Mean reward: 19.59375	 Loss: 0.0017346106469631195
Step: 393216	Mean reward: 18.375	 Loss: -0.006352609023451805
Step: 401408	Mean reward: 19.0625	 Loss: -0.09008165448904037
Step: 409600	Mean reward: 19.75	 Loss: -0.0019160863012075424
Step: 417792	Mean reward: 18.46875	 Loss: 0.08331923186779022
Step: 425984	Mean reward: 20.53125	 Loss: -0.039081260561943054
Step: 434176	Mean reward: 18.21875	 Loss: -0.00877935066819191
Step: 442368	Mean reward: 20.03125	 Loss: 0.08531027287244797
Step: 450560	Mean reward: 20.40625	 Loss: -0.0039054565131664276
Step: 458752	Mean reward: 18.0	 Loss: -0.008340958505868912
Step: 466944	Mean reward: 19.84375	 Loss: -0.043081000447273254
Step: 475136	Mean reward: 20.40625	 Loss: 0.004975298419594765
Step: 483328	Mean reward: 19.8125	 Loss: -0.002901533618569374
Step: 491520	Mean reward: 21.15625	 Loss: 0.03977721929550171
Step: 499712	Mean reward: 19.53125	 Loss: -0.0031700152903795242
Step: 507904	Mean reward: 18.9375	 Loss: -0.050197944045066833
Step: 516096	Mean reward: 19.46875	 Loss: -0.04741043224930763
Step: 524288	Mean reward: 20.25	 Loss: 0.05858825147151947
Step: 532480	Mean reward: 19.3125	 Loss: 0.003414655104279518
Step: 540672	Mean reward: 19.46875	 Loss: -0.022011250257492065
Step: 548864	Mean reward: 18.125	 Loss: -0.07070586830377579
Step: 557056	Mean reward: 21.3125	 Loss: 0.06549467891454697
Step: 565248	Mean reward: 19.96875	 Loss: 0.07959895581007004
Step: 573440	Mean reward: 21.3125	 Loss: -0.03732290118932724
Step: 581632	Mean reward: 19.46875	 Loss: -0.03490883857011795
Step: 589824	Mean reward: 20.9375	 Loss: 0.011661354452371597
Step: 598016	Mean reward: 19.0625	 Loss: 0.014014475047588348
Step: 606208	Mean reward: 19.375	 Loss: 0.07375918328762054
Step: 614400	Mean reward: 20.4375	 Loss: 0.053611960262060165
Step: 622592	Mean reward: 20.65625	 Loss: 0.01695191115140915
Step: 630784	Mean reward: 20.25	 Loss: -0.046844419091939926
Step: 638976	Mean reward: 19.25	 Loss: -0.09776506572961807
Step: 647168	Mean reward: 21.5625	 Loss: -0.01875493861734867
Step: 655360	Mean reward: 21.34375	 Loss: -0.057349883019924164
Step: 663552	Mean reward: 19.75	 Loss: 0.009323829784989357
Step: 671744	Mean reward: 20.0625	 Loss: 0.04103558510541916
Step: 679936	Mean reward: 20.0625	 Loss: 0.016121182590723038
Step: 688128	Mean reward: 20.5625	 Loss: 0.03572763875126839
Step: 696320	Mean reward: 20.4375	 Loss: -0.0798075944185257
Step: 704512	Mean reward: 19.90625	 Loss: 0.03628868609666824
Step: 712704	Mean reward: 21.125	 Loss: -0.00495498813688755
Step: 720896	Mean reward: 20.25	 Loss: -0.007554074749350548
Step: 729088	Mean reward: 19.625	 Loss: -0.037226997315883636
Step: 737280	Mean reward: 21.34375	 Loss: 0.006945395842194557
Step: 745472	Mean reward: 22.65625	 Loss: 0.04756101965904236
Step: 753664	Mean reward: 20.09375	 Loss: -0.023117003962397575
Step: 761856	Mean reward: 20.375	 Loss: 0.01832265406847
Step: 770048	Mean reward: 20.625	 Loss: -0.010049315169453621
Step: 778240	Mean reward: 20.25	 Loss: -0.0237800981849432
Step: 786432	Mean reward: 21.34375	 Loss: 0.058794327080249786
Step: 794624	Mean reward: 21.0	 Loss: 0.08289796113967896
Step: 802816	Mean reward: 20.84375	 Loss: -0.017770830541849136
Step: 811008	Mean reward: 19.5625	 Loss: 0.05336718261241913
Step: 819200	Mean reward: 19.46875	 Loss: -0.049283258616924286
Step: 827392	Mean reward: 21.40625	 Loss: 0.07848343998193741
Step: 835584	Mean reward: 20.4375	 Loss: 0.0367598831653595
Step: 843776	Mean reward: 20.71875	 Loss: 0.00354708731174469
Step: 851968	Mean reward: 21.5	 Loss: 0.09322361648082733
Step: 860160	Mean reward: 20.28125	 Loss: -0.03972899168729782
Step: 868352	Mean reward: 21.53125	 Loss: 0.026108790189027786
Step: 876544	Mean reward: 21.90625	 Loss: 0.0014027617871761322
Step: 884736	Mean reward: 20.59375	 Loss: -0.046373091638088226
Step: 892928	Mean reward: 20.3125	 Loss: -0.007033873349428177
Step: 901120	Mean reward: 19.8125	 Loss: 0.05274197459220886
Step: 909312	Mean reward: 20.78125	 Loss: -0.012829430401325226
Step: 917504	Mean reward: 20.90625	 Loss: 0.015197444707155228
Step: 925696	Mean reward: 21.84375	 Loss: -0.009257243946194649
Step: 933888	Mean reward: 19.9375	 Loss: 0.04518912732601166
Step: 942080	Mean reward: 21.34375	 Loss: 0.0025786682963371277
Step: 950272	Mean reward: 21.53125	 Loss: 0.016901882365345955
Step: 958464	Mean reward: 21.625	 Loss: 0.07726061344146729
Step: 966656	Mean reward: 21.125	 Loss: -0.0405263677239418
Step: 974848	Mean reward: 21.03125	 Loss: 0.0705626904964447
Step: 983040	Mean reward: 21.4375	 Loss: 0.02877325378358364
Step: 991232	Mean reward: 21.6875	 Loss: -0.07833733409643173
Step: 999424	Mean reward: 22.9375	 Loss: 0.05793042108416557
Step: 1007616	Mean reward: 23.03125	 Loss: 0.039968088269233704
Step: 1015808	Mean reward: 19.6875	 Loss: 0.051653049886226654
Step: 1024000	Mean reward: 22.15625	 Loss: -0.06742015480995178
Step: 1032192	Mean reward: 23.09375	 Loss: -0.06406784057617188
Step: 1040384	Mean reward: 20.75	 Loss: -0.05121423304080963
Step: 1048576	Mean reward: 21.9375	 Loss: 0.013821229338645935
Step: 1056768	Mean reward: 21.25	 Loss: -0.08489390462636948
Step: 1064960	Mean reward: 22.125	 Loss: -0.03858122229576111
Step: 1073152	Mean reward: 22.40625	 Loss: -0.0522744357585907
Step: 1081344	Mean reward: 20.71875	 Loss: 0.019731750711798668
Step: 1089536	Mean reward: 21.03125	 Loss: -0.009884048253297806
Step: 1097728	Mean reward: 23.125	 Loss: -0.03638588637113571
Step: 1105920	Mean reward: 20.625	 Loss: -0.017724012956023216
Step: 1114112	Mean reward: 21.8125	 Loss: -0.016149329021573067
Step: 1122304	Mean reward: 22.9375	 Loss: -0.012308054603636265
Step: 1130496	Mean reward: 21.25	 Loss: -0.029627744108438492
Step: 1138688	Mean reward: 20.5625	 Loss: -0.022094320505857468
Step: 1146880	Mean reward: 22.1875	 Loss: -0.02437841333448887
Step: 1155072	Mean reward: 21.34375	 Loss: 0.061337910592556
Step: 1163264	Mean reward: 21.125	 Loss: 0.06411692500114441
Step: 1171456	Mean reward: 20.15625	 Loss: -0.0006231088191270828
Step: 1179648	Mean reward: 22.46875	 Loss: -0.08245471119880676
Step: 1187840	Mean reward: 21.8125	 Loss: 0.007168218493461609
Step: 1196032	Mean reward: 21.40625	 Loss: -0.03395896032452583
Step: 1204224	Mean reward: 21.1875	 Loss: -0.036943331360816956
Step: 1212416	Mean reward: 23.71875	 Loss: -0.07591080665588379
Step: 1220608	Mean reward: 21.0625	 Loss: -0.046638697385787964
Step: 1228800	Mean reward: 23.25	 Loss: 0.03282685577869415
Step: 1236992	Mean reward: 23.46875	 Loss: -0.0446249358355999
Step: 1245184	Mean reward: 22.125	 Loss: 0.00521426647901535
Step: 1253376	Mean reward: 21.4375	 Loss: -0.06937727332115173
Step: 1261568	Mean reward: 22.0	 Loss: -0.04448747634887695
Step: 1269760	Mean reward: 23.34375	 Loss: -0.05419080704450607
Step: 1277952	Mean reward: 23.1875	 Loss: -0.03539130836725235
Step: 1286144	Mean reward: 22.34375	 Loss: 0.020155780017375946
Step: 1294336	Mean reward: 22.59375	 Loss: 0.028208710253238678
Step: 1302528	Mean reward: 21.875	 Loss: 0.096493661403656
Step: 1310720	Mean reward: 21.25	 Loss: -0.031288303434848785
Step: 1318912	Mean reward: 21.28125	 Loss: 0.015897903591394424
Step: 1327104	Mean reward: 20.625	 Loss: 0.038199007511138916
Step: 1335296	Mean reward: 23.5	 Loss: 0.0014559440314769745
Step: 1343488	Mean reward: 22.875	 Loss: -0.0010238885879516602
Step: 1351680	Mean reward: 20.5625	 Loss: 0.04973987489938736
Step: 1359872	Mean reward: 23.0	 Loss: 0.04091379791498184
Step: 1368064	Mean reward: 20.78125	 Loss: -0.033334508538246155
Step: 1376256	Mean reward: 21.53125	 Loss: -0.0015232637524604797
Step: 1384448	Mean reward: 20.78125	 Loss: -0.049697160720825195
Step: 1392640	Mean reward: 23.0	 Loss: 0.004913282580673695
Step: 1400832	Mean reward: 22.75	 Loss: 0.010611796751618385
Step: 1409024	Mean reward: 21.875	 Loss: -0.05653603374958038
Step: 1417216	Mean reward: 23.8125	 Loss: -0.07026422023773193
Step: 1425408	Mean reward: 21.34375	 Loss: 0.03027419187128544
Step: 1433600	Mean reward: 22.1875	 Loss: 0.028354069218039513
Step: 1441792	Mean reward: 20.53125	 Loss: 0.0007439721375703812
Step: 1449984	Mean reward: 21.03125	 Loss: -0.024355916306376457
Step: 1458176	Mean reward: 22.09375	 Loss: -0.08093701303005219
Step: 1466368	Mean reward: 21.96875	 Loss: -0.037526726722717285
Step: 1474560	Mean reward: 21.78125	 Loss: -0.0027891267091035843
Step: 1482752	Mean reward: 23.34375	 Loss: -0.060340892523527145
Step: 1490944	Mean reward: 21.84375	 Loss: -0.039657801389694214
Step: 1499136	Mean reward: 22.40625	 Loss: 0.0038744006305933
Step: 1507328	Mean reward: 22.0	 Loss: -0.005448909476399422
Step: 1515520	Mean reward: 20.65625	 Loss: 0.01885458640754223
Step: 1523712	Mean reward: 22.25	 Loss: 0.03108517825603485
Step: 1531904	Mean reward: 21.96875	 Loss: -0.0313926562666893
Step: 1540096	Mean reward: 20.53125	 Loss: -0.020289814099669456
Step: 1548288	Mean reward: 21.8125	 Loss: 0.0627438947558403
Step: 1556480	Mean reward: 22.8125	 Loss: 0.00762392021715641
Step: 1564672	Mean reward: 21.875	 Loss: -0.009430481120944023
Step: 1572864	Mean reward: 22.5625	 Loss: -0.017192739993333817
Step: 1581056	Mean reward: 20.25	 Loss: 0.019158033654093742
Step: 1589248	Mean reward: 20.4375	 Loss: 0.011401393450796604
Step: 1597440	Mean reward: 21.40625	 Loss: -0.04370206221938133
Step: 1605632	Mean reward: 20.90625	 Loss: -0.06631852686405182
Step: 1613824	Mean reward: 21.5	 Loss: -0.07799191027879715
Step: 1622016	Mean reward: 21.5	 Loss: -0.03659605234861374
Step: 1630208	Mean reward: 22.65625	 Loss: 0.023859571665525436
Step: 1638400	Mean reward: 21.65625	 Loss: 0.030117953196167946
Step: 1646592	Mean reward: 22.21875	 Loss: 0.00320344977080822
Step: 1654784	Mean reward: 21.5	 Loss: 0.009838441386818886
Step: 1662976	Mean reward: 21.4375	 Loss: -0.05317456275224686
Step: 1671168	Mean reward: 19.78125	 Loss: 0.012420701794326305
Step: 1679360	Mean reward: 20.53125	 Loss: 0.059608619660139084
Step: 1687552	Mean reward: 22.78125	 Loss: 0.05965471267700195
Step: 1695744	Mean reward: 22.84375	 Loss: -0.06090851128101349
Step: 1703936	Mean reward: 21.28125	 Loss: 0.06850141286849976
Step: 1712128	Mean reward: 18.8125	 Loss: -0.06300152838230133
Step: 1720320	Mean reward: 21.0625	 Loss: -0.02196994610130787
Step: 1728512	Mean reward: 21.15625	 Loss: -0.07712153345346451
Step: 1736704	Mean reward: 20.96875	 Loss: -0.03424525260925293
Step: 1744896	Mean reward: 20.84375	 Loss: -0.04460742324590683
Step: 1753088	Mean reward: 22.5	 Loss: -0.05501054227352142
Step: 1761280	Mean reward: 23.34375	 Loss: 0.05794825777411461
Step: 1769472	Mean reward: 22.875	 Loss: -0.019297264516353607
Step: 1777664	Mean reward: 22.1875	 Loss: -0.025474393740296364
Step: 1785856	Mean reward: 20.84375	 Loss: 0.061318837106227875
Step: 1794048	Mean reward: 23.6875	 Loss: 0.061414964497089386
Step: 1802240	Mean reward: 24.0625	 Loss: -0.027596548199653625
Step: 1810432	Mean reward: 22.65625	 Loss: 0.004581146873533726
Step: 1818624	Mean reward: 21.25	 Loss: -0.0072764381766319275
Step: 1826816	Mean reward: 21.375	 Loss: -0.035362210124731064
Step: 1835008	Mean reward: 23.5625	 Loss: 0.09362076222896576
Step: 1843200	Mean reward: 22.96875	 Loss: 0.0518094003200531
Step: 1851392	Mean reward: 22.0625	 Loss: 0.002034388482570648
Step: 1859584	Mean reward: 22.59375	 Loss: -0.10426552593708038
Step: 1867776	Mean reward: 21.28125	 Loss: -0.054200679063797
Step: 1875968	Mean reward: 22.0625	 Loss: -0.010502953082323074
Step: 1884160	Mean reward: 21.1875	 Loss: -0.0002981545403599739
Step: 1892352	Mean reward: 20.5	 Loss: -0.023232003673911095
Step: 1900544	Mean reward: 21.3125	 Loss: 0.00047936104238033295
Step: 1908736	Mean reward: 22.5625	 Loss: -0.06179855391383171
Step: 1916928	Mean reward: 22.1875	 Loss: 0.0014469744637608528
Step: 1925120	Mean reward: 21.71875	 Loss: 0.018032314255833626
Step: 1933312	Mean reward: 23.4375	 Loss: 0.037172265350818634
Step: 1941504	Mean reward: 24.0625	 Loss: -0.042180705815553665
Step: 1949696	Mean reward: 24.28125	 Loss: 0.07557275146245956
Step: 1957888	Mean reward: 20.0625	 Loss: -0.002545786090195179
Step: 1966080	Mean reward: 22.25	 Loss: 0.03783673793077469
Step: 1974272	Mean reward: 22.65625	 Loss: 0.0006419625133275986
Step: 1982464	Mean reward: 22.8125	 Loss: -0.024779286235570908
Step: 1990656	Mean reward: 22.6875	 Loss: 0.010461433790624142
Step: 1998848	Mean reward: 20.6875	 Loss: 0.06521818041801453
Step: 2007040	Mean reward: 21.4375	 Loss: -0.08176492154598236
Step: 2015232	Mean reward: 21.90625	 Loss: -0.04936429485678673
Step: 2023424	Mean reward: 20.09375	 Loss: 0.0012660538777709007
Step: 2031616	Mean reward: 22.03125	 Loss: -0.0066258348524570465
Step: 2039808	Mean reward: 20.84375	 Loss: 0.05953989923000336
Step: 2048000	Mean reward: 21.6875	 Loss: -0.049931708723306656
Step: 2056192	Mean reward: 19.71875	 Loss: 0.018772345036268234
Step: 2064384	Mean reward: 22.53125	 Loss: 0.07444936782121658
Step: 2072576	Mean reward: 20.5	 Loss: -0.07775568217039108
Step: 2080768	Mean reward: 22.0	 Loss: -0.04887253791093826
Step: 2088960	Mean reward: 21.40625	 Loss: -0.016517866402864456
Step: 2097152	Mean reward: 22.375	 Loss: -0.03161268308758736
Step: 2105344	Mean reward: 20.34375	 Loss: -0.08950565755367279
Step: 2113536	Mean reward: 21.40625	 Loss: -0.007759490981698036
Step: 2121728	Mean reward: 22.4375	 Loss: -0.04257872328162193
Step: 2129920	Mean reward: 21.75	 Loss: -0.02670569345355034
Step: 2138112	Mean reward: 21.1875	 Loss: 0.009610215201973915
Step: 2146304	Mean reward: 22.46875	 Loss: -0.016616255044937134
Step: 2154496	Mean reward: 22.28125	 Loss: -0.03190319985151291
Step: 2162688	Mean reward: 22.375	 Loss: -0.047362785786390305
Step: 2170880	Mean reward: 22.9375	 Loss: -0.008618461899459362
Step: 2179072	Mean reward: 23.5625	 Loss: -0.04081275314092636
Step: 2187264	Mean reward: 21.40625	 Loss: 0.0006232457235455513
Step: 2195456	Mean reward: 23.0	 Loss: 0.0003310544416308403
Step: 2203648	Mean reward: 22.46875	 Loss: 0.020781073719263077
Step: 2211840	Mean reward: 21.375	 Loss: -0.052894361317157745
Step: 2220032	Mean reward: 22.40625	 Loss: -0.05147651210427284
Step: 2228224	Mean reward: 21.75	 Loss: -0.06324922293424606
Step: 2236416	Mean reward: 21.40625	 Loss: 0.014033757150173187
Step: 2244608	Mean reward: 21.25	 Loss: -0.02559758350253105
Step: 2252800	Mean reward: 22.5625	 Loss: -0.06424349546432495
Step: 2260992	Mean reward: 21.5625	 Loss: 0.0396348312497139
Step: 2269184	Mean reward: 23.09375	 Loss: 0.014781121164560318
Step: 2277376	Mean reward: 22.65625	 Loss: -0.04294959828257561
Step: 2285568	Mean reward: 23.15625	 Loss: -0.06208673119544983
Step: 2293760	Mean reward: 23.21875	 Loss: -0.01276572048664093
Step: 2301952	Mean reward: 23.0	 Loss: -0.08080489933490753
Step: 2310144	Mean reward: 22.25	 Loss: -0.005654884502291679
Step: 2318336	Mean reward: 21.875	 Loss: 0.00841616466641426
Step: 2326528	Mean reward: 21.6875	 Loss: -0.01699056103825569
Step: 2334720	Mean reward: 22.28125	 Loss: -0.07209751009941101
Step: 2342912	Mean reward: 20.4375	 Loss: -0.03719688579440117
Step: 2351104	Mean reward: 20.71875	 Loss: -0.010629061609506607
Step: 2359296	Mean reward: 23.0	 Loss: -0.02254921942949295
Step: 2367488	Mean reward: 22.9375	 Loss: 0.021115560084581375
Step: 2375680	Mean reward: 22.40625	 Loss: 0.0423465222120285
Step: 2383872	Mean reward: 22.34375	 Loss: -0.01941794343292713
Step: 2392064	Mean reward: 23.03125	 Loss: 0.05072610080242157
Step: 2400256	Mean reward: 21.65625	 Loss: -0.010707497596740723
Step: 2408448	Mean reward: 22.84375	 Loss: -0.025803297758102417
Step: 2416640	Mean reward: 23.5	 Loss: -0.0008249282836914062
Step: 2424832	Mean reward: 23.65625	 Loss: 0.009846867993474007
Step: 2433024	Mean reward: 23.90625	 Loss: -0.03599561005830765
Step: 2441216	Mean reward: 23.90625	 Loss: -0.02643836848437786
Step: 2449408	Mean reward: 23.78125	 Loss: -0.05266013741493225
Step: 2457600	Mean reward: 22.1875	 Loss: -0.019196156412363052
Step: 2465792	Mean reward: 22.875	 Loss: 0.0443497858941555
Step: 2473984	Mean reward: 22.78125	 Loss: -0.019262123852968216
Step: 2482176	Mean reward: 21.375	 Loss: 0.01915827766060829
Step: 2490368	Mean reward: 21.875	 Loss: 0.03999994695186615
Step: 2498560	Mean reward: 22.3125	 Loss: -0.11643324792385101
Step: 2506752	Mean reward: 20.5	 Loss: 0.032223403453826904
Step: 2514944	Mean reward: 22.375	 Loss: -0.01922018639743328
Step: 2523136	Mean reward: 23.15625	 Loss: 0.04034385457634926
Step: 2531328	Mean reward: 22.34375	 Loss: 0.0006039086729288101
Step: 2539520	Mean reward: 22.78125	 Loss: -0.025724295526742935
Step: 2547712	Mean reward: 22.59375	 Loss: -0.06936458498239517
Step: 2555904	Mean reward: 22.65625	 Loss: 0.05492422729730606
Step: 2564096	Mean reward: 23.9375	 Loss: 0.0025909673422574997
Step: 2572288	Mean reward: 22.1875	 Loss: -0.01053041871637106
Step: 2580480	Mean reward: 22.875	 Loss: 0.042501188814640045
Step: 2588672	Mean reward: 21.90625	 Loss: -0.04097042605280876
Step: 2596864	Mean reward: 23.1875	 Loss: -0.045287854969501495
Step: 2605056	Mean reward: 22.8125	 Loss: -0.07174573838710785
Step: 2613248	Mean reward: 23.6875	 Loss: -0.050958506762981415
Step: 2621440	Mean reward: 22.6875	 Loss: -0.0755065456032753
Step: 2629632	Mean reward: 21.84375	 Loss: 0.016891110688447952
Step: 2637824	Mean reward: 23.59375	 Loss: -0.05497589334845543
Step: 2646016	Mean reward: 23.0625	 Loss: -0.025724712759256363
Step: 2654208	Mean reward: 23.6875	 Loss: -0.01665281131863594
Step: 2662400	Mean reward: 22.96875	 Loss: -0.055204205214977264
Step: 2670592	Mean reward: 21.65625	 Loss: -0.07956375181674957
Step: 2678784	Mean reward: 21.1875	 Loss: 0.04743735119700432
Step: 2686976	Mean reward: 22.1875	 Loss: -0.06933567672967911
Step: 2695168	Mean reward: 21.46875	 Loss: 0.003309827297925949
Step: 2703360	Mean reward: 22.90625	 Loss: 0.02504964917898178
Step: 2711552	Mean reward: 21.8125	 Loss: -0.04585159569978714
Step: 2719744	Mean reward: 23.34375	 Loss: -0.008782017976045609
Step: 2727936	Mean reward: 24.59375	 Loss: -0.07754671573638916
Step: 2736128	Mean reward: 23.90625	 Loss: -0.06506690382957458
Step: 2744320	Mean reward: 23.21875	 Loss: -0.13821370899677277
Step: 2752512	Mean reward: 23.59375	 Loss: -0.026219045743346214
Step: 2760704	Mean reward: 23.21875	 Loss: -0.04941164329648018
Step: 2768896	Mean reward: 21.625	 Loss: -0.03613393008708954
Step: 2777088	Mean reward: 21.53125	 Loss: -0.025403061881661415
Step: 2785280	Mean reward: 23.65625	 Loss: -0.03479453921318054
Step: 2793472	Mean reward: 23.375	 Loss: 0.046098221093416214
Step: 2801664	Mean reward: 23.59375	 Loss: -0.040766727179288864
Step: 2809856	Mean reward: 22.90625	 Loss: -0.03182899206876755
Step: 2818048	Mean reward: 21.75	 Loss: -0.013749412260949612
Step: 2826240	Mean reward: 22.96875	 Loss: 0.039995741099119186
Step: 2834432	Mean reward: 22.9375	 Loss: 0.04051034525036812
Step: 2842624	Mean reward: 23.25	 Loss: -0.012626953423023224
Step: 2850816	Mean reward: 23.84375	 Loss: -0.011466354131698608
Step: 2859008	Mean reward: 22.5625	 Loss: -0.03508485108613968
Step: 2867200	Mean reward: 21.78125	 Loss: 0.03128810226917267
Step: 2875392	Mean reward: 22.59375	 Loss: -0.06743347644805908
Step: 2883584	Mean reward: 24.59375	 Loss: 0.05135943368077278
Step: 2891776	Mean reward: 22.15625	 Loss: 0.0003128219395875931
Step: 2899968	Mean reward: 23.09375	 Loss: -0.027796540409326553
Step: 2908160	Mean reward: 23.03125	 Loss: -0.008329413831233978
Step: 2916352	Mean reward: 23.3125	 Loss: -0.010495519265532494
Step: 2924544	Mean reward: 21.5	 Loss: 0.0058657508343458176
Step: 2932736	Mean reward: 22.4375	 Loss: 0.05541932210326195
Step: 2940928	Mean reward: 22.28125	 Loss: -0.03971031308174133
Step: 2949120	Mean reward: 24.65625	 Loss: -0.009180051274597645
Step: 2957312	Mean reward: 23.15625	 Loss: 0.03320537135004997
Step: 2965504	Mean reward: 22.5625	 Loss: -0.038521312177181244
Step: 2973696	Mean reward: 24.4375	 Loss: 0.017246825620532036
Step: 2981888	Mean reward: 22.5625	 Loss: -0.07800360769033432
Step: 2990080	Mean reward: 24.3125	 Loss: 0.008707823231816292
Step: 2998272	Mean reward: 25.03125	 Loss: -0.04596070572733879
Step: 3006464	Mean reward: 22.75	 Loss: -0.0065274471417069435
Completed training at 2021-12-07 13:58:00
Observation space: Box([[[0. 0. 0. ... 0. 0. 0.]
  [0. 0. 0. ... 0. 0. 0.]
  [0. 0. 0. ... 0. 0. 0.]
  ...
  [0. 0. 0. ... 0. 0. 0.]
  [0. 0. 0. ... 0. 0. 0.]
  [0. 0. 0. ... 0. 0. 0.]]

 [[0. 0. 0. ... 0. 0. 0.]
  [0. 0. 0. ... 0. 0. 0.]
  [0. 0. 0. ... 0. 0. 0.]
  ...
  [0. 0. 0. ... 0. 0. 0.]
  [0. 0. 0. ... 0. 0. 0.]
  [0. 0. 0. ... 0. 0. 0.]]

 [[0. 0. 0. ... 0. 0. 0.]
  [0. 0. 0. ... 0. 0. 0.]
  [0. 0. 0. ... 0. 0. 0.]
  ...
  [0. 0. 0. ... 0. 0. 0.]
  [0. 0. 0. ... 0. 0. 0.]
  [0. 0. 0. ... 0. 0. 0.]]], [[[1. 1. 1. ... 1. 1. 1.]
  [1. 1. 1. ... 1. 1. 1.]
  [1. 1. 1. ... 1. 1. 1.]
  ...
  [1. 1. 1. ... 1. 1. 1.]
  [1. 1. 1. ... 1. 1. 1.]
  [1. 1. 1. ... 1. 1. 1.]]

 [[1. 1. 1. ... 1. 1. 1.]
  [1. 1. 1. ... 1. 1. 1.]
  [1. 1. 1. ... 1. 1. 1.]
  ...
  [1. 1. 1. ... 1. 1. 1.]
  [1. 1. 1. ... 1. 1. 1.]
  [1. 1. 1. ... 1. 1. 1.]]

 [[1. 1. 1. ... 1. 1. 1.]
  [1. 1. 1. ... 1. 1. 1.]
  [1. 1. 1. ... 1. 1. 1.]
  ...
  [1. 1. 1. ... 1. 1. 1.]
  [1. 1. 1. ... 1. 1. 1.]
  [1. 1. 1. ... 1. 1. 1.]]], (3, 64, 64), float32)
Action space: 15
Step: 8192	Mean reward: 5.53125	 Loss: 0.8821269273757935
Step: 16384	Mean reward: 4.78125	 Loss: 0.24768993258476257
Step: 24576	Mean reward: 5.25	 Loss: 0.07634739577770233
Step: 32768	Mean reward: 5.84375	 Loss: 0.06969768553972244
Step: 40960	Mean reward: 5.3125	 Loss: 0.06285156309604645
Step: 49152	Mean reward: 6.53125	 Loss: 0.10559782385826111
Step: 57344	Mean reward: 6.96875	 Loss: 0.0959470272064209
Step: 65536	Mean reward: 7.8125	 Loss: 0.11278800666332245
Step: 73728	Mean reward: 7.375	 Loss: 0.029785824939608574
Step: 81920	Mean reward: 8.40625	 Loss: 0.13336247205734253
Step: 90112	Mean reward: 8.875	 Loss: 0.10187134891748428
Step: 98304	Mean reward: 9.3125	 Loss: 0.0915980264544487
Step: 106496	Mean reward: 11.75	 Loss: 0.15528103709220886
Step: 114688	Mean reward: 12.09375	 Loss: 0.14961715042591095
Step: 122880	Mean reward: 12.59375	 Loss: 0.08821449428796768
Step: 131072	Mean reward: 15.25	 Loss: 0.13026438653469086
Step: 139264	Mean reward: 12.78125	 Loss: 0.01623295620083809
Step: 147456	Mean reward: 15.90625	 Loss: 0.0014230776578187943
Step: 155648	Mean reward: 15.5	 Loss: 0.021972041577100754
Step: 163840	Mean reward: 17.8125	 Loss: 0.037943996489048004
Step: 172032	Mean reward: 15.71875	 Loss: 0.05241820216178894
Step: 180224	Mean reward: 15.6875	 Loss: 0.07762406021356583
Step: 188416	Mean reward: 17.09375	 Loss: 0.027227776125073433
Step: 196608	Mean reward: 15.75	 Loss: -0.0030843280255794525
Step: 204800	Mean reward: 14.65625	 Loss: 0.07842777669429779
Step: 212992	Mean reward: 17.9375	 Loss: -0.06432385742664337
Step: 221184	Mean reward: 18.46875	 Loss: 0.04324646666646004
Step: 229376	Mean reward: 18.21875	 Loss: 0.040836483240127563
Step: 237568	Mean reward: 17.71875	 Loss: 0.06817657500505447
Step: 245760	Mean reward: 17.75	 Loss: 0.005682248622179031
Step: 253952	Mean reward: 16.34375	 Loss: 0.012647412717342377
Step: 262144	Mean reward: 17.84375	 Loss: 0.007669925689697266
Step: 270336	Mean reward: 18.75	 Loss: 0.014191662892699242
Step: 278528	Mean reward: 17.4375	 Loss: -0.03539087995886803
Step: 286720	Mean reward: 18.1875	 Loss: 0.00799732655286789
Step: 294912	Mean reward: 19.25	 Loss: 0.004293154925107956
Step: 303104	Mean reward: 19.21875	 Loss: 0.06394149363040924
Step: 311296	Mean reward: 17.75	 Loss: -0.01079527661204338
Step: 319488	Mean reward: 20.21875	 Loss: 0.03635800629854202
Step: 327680	Mean reward: 17.1875	 Loss: -0.004960652440786362
Step: 335872	Mean reward: 18.4375	 Loss: -0.06243915483355522
Step: 344064	Mean reward: 18.28125	 Loss: -0.019311903044581413
Step: 352256	Mean reward: 22.21875	 Loss: -0.03462627902626991
Step: 360448	Mean reward: 22.25	 Loss: 0.11465707421302795
Step: 368640	Mean reward: 19.0	 Loss: -0.03516688942909241
Step: 376832	Mean reward: 21.875	 Loss: 0.06416729092597961
Step: 385024	Mean reward: 20.375	 Loss: -0.01765257678925991
Step: 393216	Mean reward: 20.6875	 Loss: -0.004269557073712349
Step: 401408	Mean reward: 21.03125	 Loss: -0.04340474680066109
Step: 409600	Mean reward: 21.40625	 Loss: 0.025964632630348206
Step: 417792	Mean reward: 22.0	 Loss: 0.029302075505256653
Step: 425984	Mean reward: 19.90625	 Loss: -0.0026339292526245117
Step: 434176	Mean reward: 21.34375	 Loss: 0.010676650330424309
Step: 442368	Mean reward: 20.9375	 Loss: -0.03857235610485077
Step: 450560	Mean reward: 19.875	 Loss: -0.046449095010757446
Step: 458752	Mean reward: 21.46875	 Loss: -0.002134229987859726
Step: 466944	Mean reward: 21.0625	 Loss: 0.022451777011156082
Step: 475136	Mean reward: 20.21875	 Loss: -0.03383943438529968
Step: 483328	Mean reward: 20.75	 Loss: 0.0047918763011693954
Step: 491520	Mean reward: 20.34375	 Loss: 0.019569305703043938
Step: 499712	Mean reward: 20.5625	 Loss: -0.017752567306160927
Step: 507904	Mean reward: 22.0	 Loss: 0.02481810189783573
Step: 516096	Mean reward: 21.21875	 Loss: -0.04926009476184845
Step: 524288	Mean reward: 21.09375	 Loss: -0.016627591103315353
Step: 532480	Mean reward: 20.375	 Loss: -0.07053330540657043
Step: 540672	Mean reward: 20.9375	 Loss: 0.05025380849838257
Step: 548864	Mean reward: 19.28125	 Loss: -0.0407547727227211
Step: 557056	Mean reward: 19.4375	 Loss: 0.03611452877521515
Step: 565248	Mean reward: 20.71875	 Loss: -0.012921050190925598
Step: 573440	Mean reward: 22.03125	 Loss: -0.006314881145954132
Step: 581632	Mean reward: 22.4375	 Loss: -0.0438217967748642
Step: 589824	Mean reward: 21.0625	 Loss: 0.006517644971609116
Step: 598016	Mean reward: 20.65625	 Loss: -0.023306770250201225
Step: 606208	Mean reward: 21.0	 Loss: 0.04323660582304001
Step: 614400	Mean reward: 21.5	 Loss: 0.043739646673202515
Step: 622592	Mean reward: 20.875	 Loss: -0.004808308556675911
Step: 630784	Mean reward: 20.5625	 Loss: 0.05828802287578583
Step: 638976	Mean reward: 20.375	 Loss: -0.04590506851673126
Step: 647168	Mean reward: 20.71875	 Loss: 0.027313116937875748
Step: 655360	Mean reward: 22.6875	 Loss: 0.007771831005811691
Step: 663552	Mean reward: 21.71875	 Loss: -0.014960499480366707
Step: 671744	Mean reward: 21.625	 Loss: -0.08960045874118805
Step: 679936	Mean reward: 21.96875	 Loss: 0.019892346113920212
Step: 688128	Mean reward: 22.78125	 Loss: 0.012724252417683601
Step: 696320	Mean reward: 20.96875	 Loss: -0.013214919716119766
Step: 704512	Mean reward: 22.4375	 Loss: -0.04216819256544113
Step: 712704	Mean reward: 21.9375	 Loss: 0.02953035943210125
Step: 720896	Mean reward: 21.96875	 Loss: -0.060539230704307556
Step: 729088	Mean reward: 24.0625	 Loss: -0.02905244007706642
Step: 737280	Mean reward: 21.5625	 Loss: 0.07891017198562622
Step: 745472	Mean reward: 21.625	 Loss: -0.0065749697387218475
Step: 753664	Mean reward: 21.46875	 Loss: 0.002957690507173538
Step: 761856	Mean reward: 21.71875	 Loss: -0.013244442641735077
Step: 770048	Mean reward: 19.28125	 Loss: -0.017874659970402718
Step: 778240	Mean reward: 20.40625	 Loss: -0.05473800376057625
Step: 786432	Mean reward: 21.875	 Loss: -0.0869303047657013
Step: 794624	Mean reward: 22.15625	 Loss: 0.009684573858976364
Step: 802816	Mean reward: 23.5625	 Loss: -0.030528834089636803
Step: 811008	Mean reward: 22.5625	 Loss: -0.03699219599366188
Step: 819200	Mean reward: 23.6875	 Loss: -0.03653627634048462
Step: 827392	Mean reward: 20.625	 Loss: -0.022084910422563553
Step: 835584	Mean reward: 21.03125	 Loss: -0.03921300917863846
Step: 843776	Mean reward: 21.9375	 Loss: -0.04955695569515228
Step: 851968	Mean reward: 21.9375	 Loss: 0.016814934089779854
Step: 860160	Mean reward: 22.375	 Loss: -0.08342786133289337
Step: 868352	Mean reward: 21.0625	 Loss: 0.07417513430118561
Step: 876544	Mean reward: 22.75	 Loss: -0.08358971029520035
Step: 884736	Mean reward: 20.75	 Loss: -0.00874200277030468
Step: 892928	Mean reward: 22.625	 Loss: 0.010926591232419014
Step: 901120	Mean reward: 23.40625	 Loss: -0.0011101588606834412
Step: 909312	Mean reward: 22.0	 Loss: -0.002591010183095932
Step: 917504	Mean reward: 23.4375	 Loss: -0.0008648503571748734
Step: 925696	Mean reward: 21.5625	 Loss: -0.01989450305700302
Step: 933888	Mean reward: 21.5625	 Loss: -0.006423812359571457
Step: 942080	Mean reward: 21.21875	 Loss: 0.05934939533472061
Step: 950272	Mean reward: 23.5	 Loss: 0.020572246983647346
Step: 958464	Mean reward: 23.5625	 Loss: 0.136429563164711
Step: 966656	Mean reward: 22.4375	 Loss: 0.02307574637234211
Step: 974848	Mean reward: 23.3125	 Loss: -0.030996080487966537
Step: 983040	Mean reward: 23.40625	 Loss: -0.033731088042259216
Step: 991232	Mean reward: 22.78125	 Loss: -0.06831766664981842
Step: 999424	Mean reward: 20.28125	 Loss: -0.034087471663951874
Step: 1007616	Mean reward: 22.59375	 Loss: -0.0669320672750473
Step: 1015808	Mean reward: 22.4375	 Loss: -0.016321497038006783
Step: 1024000	Mean reward: 23.40625	 Loss: -0.03834225609898567
Step: 1032192	Mean reward: 23.375	 Loss: 0.0013941917568445206
Step: 1040384	Mean reward: 22.15625	 Loss: -0.03154762461781502
Step: 1048576	Mean reward: 21.625	 Loss: -0.0077581824734807014
Step: 1056768	Mean reward: 22.21875	 Loss: 0.027141429483890533
Step: 1064960	Mean reward: 21.84375	 Loss: 0.059591975063085556
Step: 1073152	Mean reward: 21.78125	 Loss: -0.00731999333947897
Step: 1081344	Mean reward: 22.53125	 Loss: 0.05061803758144379
Step: 1089536	Mean reward: 22.125	 Loss: -0.02893403172492981
Step: 1097728	Mean reward: 23.78125	 Loss: -0.08112078905105591
Step: 1105920	Mean reward: 21.8125	 Loss: -0.025440800935029984
Step: 1114112	Mean reward: 21.0	 Loss: 0.011823068372905254
Step: 1122304	Mean reward: 21.6875	 Loss: 0.008032483048737049
Step: 1130496	Mean reward: 21.875	 Loss: -0.06570872664451599
Step: 1138688	Mean reward: 22.09375	 Loss: -0.0418282151222229
Step: 1146880	Mean reward: 22.90625	 Loss: 0.0024123508483171463
Step: 1155072	Mean reward: 23.71875	 Loss: -0.04641108959913254
Step: 1163264	Mean reward: 24.3125	 Loss: 0.0011257771402597427
Step: 1171456	Mean reward: 23.3125	 Loss: -0.0042345719411969185
Step: 1179648	Mean reward: 23.125	 Loss: 0.05443868786096573
Step: 1187840	Mean reward: 20.90625	 Loss: -0.021452393382787704
Step: 1196032	Mean reward: 22.71875	 Loss: 0.048209358006715775
Step: 1204224	Mean reward: 22.25	 Loss: -0.06593115627765656
Step: 1212416	Mean reward: 23.875	 Loss: -0.14696982502937317
Step: 1220608	Mean reward: 22.09375	 Loss: -0.0690997838973999
Step: 1228800	Mean reward: 21.3125	 Loss: -0.08630277216434479
Step: 1236992	Mean reward: 23.34375	 Loss: -0.08001800626516342
Step: 1245184	Mean reward: 22.28125	 Loss: 0.04588128626346588
Step: 1253376	Mean reward: 23.03125	 Loss: -0.058256737887859344
Step: 1261568	Mean reward: 23.0	 Loss: -0.042588263750076294
Step: 1269760	Mean reward: 22.5625	 Loss: -0.06614325195550919
Step: 1277952	Mean reward: 22.0625	 Loss: -0.013312200084328651
Step: 1286144	Mean reward: 22.1875	 Loss: 0.014686094596982002
Step: 1294336	Mean reward: 23.25	 Loss: 0.041553299874067307
Step: 1302528	Mean reward: 21.65625	 Loss: -0.09232723712921143
Step: 1310720	Mean reward: 23.59375	 Loss: -0.05043160915374756
Step: 1318912	Mean reward: 23.3125	 Loss: 0.003514970652759075
Step: 1327104	Mean reward: 22.375	 Loss: -0.0017131436616182327
Step: 1335296	Mean reward: 20.96875	 Loss: -0.010376278311014175
Step: 1343488	Mean reward: 22.5	 Loss: -0.10001498460769653
Step: 1351680	Mean reward: 24.125	 Loss: -0.0650261715054512
Step: 1359872	Mean reward: 24.375	 Loss: -0.02492377534508705
Step: 1368064	Mean reward: 24.15625	 Loss: -0.04242565110325813
Step: 1376256	Mean reward: 21.90625	 Loss: -0.0661349669098854
Step: 1384448	Mean reward: 24.59375	 Loss: -0.04459653049707413
Step: 1392640	Mean reward: 22.84375	 Loss: -0.016107937321066856
Step: 1400832	Mean reward: 23.34375	 Loss: -0.05399464815855026
Step: 1409024	Mean reward: 24.25	 Loss: 0.0650065690279007
Step: 1417216	Mean reward: 23.84375	 Loss: 0.05501571297645569
Step: 1425408	Mean reward: 22.0625	 Loss: -0.012789822183549404
Step: 1433600	Mean reward: 22.28125	 Loss: -0.0199408121407032
Step: 1441792	Mean reward: 21.1875	 Loss: -0.05063481256365776
Step: 1449984	Mean reward: 24.375	 Loss: 0.010348972864449024
Step: 1458176	Mean reward: 23.1875	 Loss: 0.04196815937757492
Step: 1466368	Mean reward: 22.5	 Loss: -0.02147125080227852
Step: 1474560	Mean reward: 23.8125	 Loss: -0.022924890741705894
Step: 1482752	Mean reward: 22.3125	 Loss: 0.020664013922214508
Step: 1490944	Mean reward: 23.15625	 Loss: -0.05948718637228012
Step: 1499136	Mean reward: 22.25	 Loss: 0.06620093435049057
Step: 1507328	Mean reward: 23.03125	 Loss: -0.038967203348875046
Step: 1515520	Mean reward: 21.96875	 Loss: 0.0013368474319577217
Step: 1523712	Mean reward: 21.84375	 Loss: -0.03601532056927681
Step: 1531904	Mean reward: 24.96875	 Loss: -0.058342576026916504
Step: 1540096	Mean reward: 23.375	 Loss: 0.018184611573815346
Step: 1548288	Mean reward: 22.8125	 Loss: -0.060917928814888
Step: 1556480	Mean reward: 21.78125	 Loss: 0.010821879841387272
Step: 1564672	Mean reward: 22.78125	 Loss: -0.010449003428220749
Step: 1572864	Mean reward: 24.03125	 Loss: -0.05671018734574318
Step: 1581056	Mean reward: 22.71875	 Loss: -0.004721400327980518
Step: 1589248	Mean reward: 23.1875	 Loss: 0.01866728439927101
Step: 1597440	Mean reward: 22.1875	 Loss: -0.039162829518318176
Step: 1605632	Mean reward: 22.5625	 Loss: -0.00878954492509365
Step: 1613824	Mean reward: 24.46875	 Loss: 0.03659975528717041
Step: 1622016	Mean reward: 23.90625	 Loss: 0.006557385437190533
Step: 1630208	Mean reward: 23.40625	 Loss: -0.0058411238715052605
Step: 1638400	Mean reward: 21.53125	 Loss: 0.007908335886895657
Step: 1646592	Mean reward: 22.0	 Loss: -0.04907573387026787
Step: 1654784	Mean reward: 24.5625	 Loss: -0.11447705328464508
Step: 1662976	Mean reward: 24.59375	 Loss: 0.0044942935928702354
Step: 1671168	Mean reward: 23.15625	 Loss: 0.026508698239922523
Step: 1679360	Mean reward: 22.59375	 Loss: -0.07105002552270889
Step: 1687552	Mean reward: 22.75	 Loss: 0.0475514680147171
Step: 1695744	Mean reward: 23.21875	 Loss: -0.0851411521434784
Step: 1703936	Mean reward: 22.96875	 Loss: 0.012842690572142601
Step: 1712128	Mean reward: 23.15625	 Loss: 0.052483007311820984
Step: 1720320	Mean reward: 23.53125	 Loss: 0.009280151687562466
Step: 1728512	Mean reward: 23.15625	 Loss: 0.01257616002112627
Step: 1736704	Mean reward: 21.8125	 Loss: -0.07635772228240967
Step: 1744896	Mean reward: 23.53125	 Loss: -0.07698021829128265
Step: 1753088	Mean reward: 22.53125	 Loss: 0.015118904411792755
Step: 1761280	Mean reward: 23.84375	 Loss: 0.009099223650991917
Step: 1769472	Mean reward: 22.5	 Loss: -0.07160697877407074
Step: 1777664	Mean reward: 23.84375	 Loss: -0.02903500758111477
Step: 1785856	Mean reward: 23.4375	 Loss: -0.006795896217226982
Step: 1794048	Mean reward: 22.9375	 Loss: 0.03431088849902153
Step: 1802240	Mean reward: 22.15625	 Loss: -0.07327048480510712
Step: 1810432	Mean reward: 21.875	 Loss: -0.03205189108848572
Step: 1818624	Mean reward: 22.09375	 Loss: 0.0057571688666939735
Step: 1826816	Mean reward: 24.15625	 Loss: -0.0387427881360054
Step: 1835008	Mean reward: 23.1875	 Loss: -0.0018902067095041275
Step: 1843200	Mean reward: 22.3125	 Loss: 0.005835971795022488
Step: 1851392	Mean reward: 21.15625	 Loss: -0.020626399666070938
Step: 1859584	Mean reward: 24.71875	 Loss: -0.02033110335469246
Step: 1867776	Mean reward: 24.28125	 Loss: -0.0777268260717392
Step: 1875968	Mean reward: 23.40625	 Loss: 0.04033247381448746
Step: 1884160	Mean reward: 24.03125	 Loss: -0.07187449932098389
Step: 1892352	Mean reward: 23.46875	 Loss: -0.04157858341932297
Step: 1900544	Mean reward: 23.375	 Loss: -0.1050865650177002
Step: 1908736	Mean reward: 23.3125	 Loss: 0.005931200459599495
Step: 1916928	Mean reward: 22.71875	 Loss: -0.024279199540615082
Step: 1925120	Mean reward: 22.78125	 Loss: -0.06128079444169998
Step: 1933312	Mean reward: 23.125	 Loss: -0.03816889226436615
Step: 1941504	Mean reward: 22.28125	 Loss: -0.03396601229906082
Step: 1949696	Mean reward: 22.9375	 Loss: -0.05136321485042572
Step: 1957888	Mean reward: 22.90625	 Loss: -0.04201725497841835
Step: 1966080	Mean reward: 23.5625	 Loss: -0.03548702597618103
Step: 1974272	Mean reward: 23.1875	 Loss: 0.007347101345658302
Step: 1982464	Mean reward: 22.96875	 Loss: 0.04546252638101578
Step: 1990656	Mean reward: 23.5	 Loss: -0.12708818912506104
Step: 1998848	Mean reward: 22.46875	 Loss: -0.023506371304392815
Step: 2007040	Mean reward: 24.625	 Loss: -0.028606640174984932
Step: 2015232	Mean reward: 25.34375	 Loss: -0.04365749657154083
Step: 2023424	Mean reward: 23.6875	 Loss: -0.012517532333731651
Step: 2031616	Mean reward: 23.5	 Loss: 0.0390668585896492
Step: 2039808	Mean reward: 24.0	 Loss: 0.022205594927072525
Step: 2048000	Mean reward: 22.53125	 Loss: 0.07304739207029343
Step: 2056192	Mean reward: 25.3125	 Loss: 0.04806649684906006
Step: 2064384	Mean reward: 23.3125	 Loss: -0.007656721398234367
Step: 2072576	Mean reward: 25.53125	 Loss: -0.018345842137932777
Step: 2080768	Mean reward: 24.90625	 Loss: 0.04136953875422478
Step: 2088960	Mean reward: 22.84375	 Loss: -0.05307287722826004
Step: 2097152	Mean reward: 23.0625	 Loss: 0.021563418209552765
Step: 2105344	Mean reward: 24.09375	 Loss: -0.019179845228791237
Step: 2113536	Mean reward: 23.5625	 Loss: 0.05540338158607483
Step: 2121728	Mean reward: 23.625	 Loss: -0.001210973598062992
Step: 2129920	Mean reward: 23.71875	 Loss: 0.03471408039331436
Step: 2138112	Mean reward: 22.5625	 Loss: -0.012565549463033676
Step: 2146304	Mean reward: 23.84375	 Loss: -0.04922660440206528
Step: 2154496	Mean reward: 23.84375	 Loss: -0.025611525401473045
Step: 2162688	Mean reward: 23.0	 Loss: 0.028262034058570862
Step: 2170880	Mean reward: 24.8125	 Loss: -0.021657250821590424
Step: 2179072	Mean reward: 24.125	 Loss: 0.035948704928159714
Step: 2187264	Mean reward: 24.34375	 Loss: -0.053310077637434006
Step: 2195456	Mean reward: 23.34375	 Loss: -0.02708856761455536
Step: 2203648	Mean reward: 22.5625	 Loss: -0.05130995437502861
Step: 2211840	Mean reward: 23.5625	 Loss: -0.023640388622879982
Step: 2220032	Mean reward: 23.875	 Loss: -0.07351509481668472
Step: 2228224	Mean reward: 24.125	 Loss: 0.0017357664182782173
Step: 2236416	Mean reward: 24.71875	 Loss: 0.05490227788686752
Step: 2244608	Mean reward: 25.1875	 Loss: 0.04490146413445473
Step: 2252800	Mean reward: 21.75	 Loss: -0.04810579866170883
Step: 2260992	Mean reward: 22.5	 Loss: 0.021149832755327225
Step: 2269184	Mean reward: 23.9375	 Loss: 0.05345548689365387
Step: 2277376	Mean reward: 23.625	 Loss: -0.12321696430444717
Step: 2285568	Mean reward: 23.21875	 Loss: -0.09149700403213501
Step: 2293760	Mean reward: 22.8125	 Loss: -0.05840262025594711
Step: 2301952	Mean reward: 24.875	 Loss: -0.05895856022834778
Step: 2310144	Mean reward: 23.9375	 Loss: -0.007176266051828861
Step: 2318336	Mean reward: 24.0625	 Loss: 0.016364630311727524
Step: 2326528	Mean reward: 23.3125	 Loss: -0.08074478060007095
Step: 2334720	Mean reward: 25.09375	 Loss: 0.10737484693527222
Step: 2342912	Mean reward: 21.90625	 Loss: -0.04000919312238693
Step: 2351104	Mean reward: 24.15625	 Loss: -0.030966198071837425
Step: 2359296	Mean reward: 23.25	 Loss: -0.06953394412994385
Step: 2367488	Mean reward: 22.78125	 Loss: -0.06627348065376282
Step: 2375680	Mean reward: 24.75	 Loss: 0.027675457298755646
Step: 2383872	Mean reward: 23.5625	 Loss: -0.028818439692258835
Step: 2392064	Mean reward: 21.0625	 Loss: 0.029130317270755768
Step: 2400256	Mean reward: 24.5	 Loss: 0.04745003208518028
Step: 2408448	Mean reward: 24.65625	 Loss: -0.03413553535938263
Step: 2416640	Mean reward: 24.53125	 Loss: 0.0050715673714876175
Step: 2424832	Mean reward: 23.59375	 Loss: -0.06255008280277252
Step: 2433024	Mean reward: 24.125	 Loss: -0.05706736445426941
Step: 2441216	Mean reward: 24.15625	 Loss: -0.043655917048454285
Step: 2449408	Mean reward: 24.15625	 Loss: -0.032353244721889496
Step: 2457600	Mean reward: 22.875	 Loss: -0.01627902314066887
Step: 2465792	Mean reward: 23.34375	 Loss: -0.025208979845046997
Step: 2473984	Mean reward: 23.28125	 Loss: -0.059541989117860794
Step: 2482176	Mean reward: 24.9375	 Loss: -0.0657191053032875
Step: 2490368	Mean reward: 23.625	 Loss: -0.05172505974769592
Step: 2498560	Mean reward: 22.5	 Loss: -0.040533870458602905
Step: 2506752	Mean reward: 24.34375	 Loss: 0.02203809842467308
Step: 2514944	Mean reward: 23.25	 Loss: -0.03551562875509262
Step: 2523136	Mean reward: 24.59375	 Loss: -0.02633035182952881
Step: 2531328	Mean reward: 22.9375	 Loss: 0.03193352743983269
Step: 2539520	Mean reward: 23.21875	 Loss: -0.011310825124382973
Step: 2547712	Mean reward: 23.71875	 Loss: -0.048636164516210556
Step: 2555904	Mean reward: 24.28125	 Loss: -0.06821992993354797
Step: 2564096	Mean reward: 22.5	 Loss: 0.04446449503302574
Step: 2572288	Mean reward: 22.40625	 Loss: 0.022831181064248085
Step: 2580480	Mean reward: 24.34375	 Loss: 0.04099955037236214
Step: 2588672	Mean reward: 23.1875	 Loss: -0.01633000746369362
Step: 2596864	Mean reward: 24.9375	 Loss: -0.04664934054017067
Step: 2605056	Mean reward: 22.6875	 Loss: -0.067322738468647
Step: 2613248	Mean reward: 23.625	 Loss: 0.04032774269580841
Step: 2621440	Mean reward: 22.9375	 Loss: -0.023567654192447662
Step: 2629632	Mean reward: 23.875	 Loss: -0.03994099795818329
Step: 2637824	Mean reward: 22.28125	 Loss: 0.005359841510653496
Step: 2646016	Mean reward: 23.28125	 Loss: 0.006919769570231438
Step: 2654208	Mean reward: 24.3125	 Loss: -0.05226891115307808
Step: 2662400	Mean reward: 22.9375	 Loss: 0.00986143946647644
Step: 2670592	Mean reward: 23.5625	 Loss: -0.028785213828086853
Step: 2678784	Mean reward: 25.125	 Loss: -0.04908255487680435
Step: 2686976	Mean reward: 22.5	 Loss: -0.03896559774875641
Step: 2695168	Mean reward: 25.28125	 Loss: -0.06027068942785263
Step: 2703360	Mean reward: 23.40625	 Loss: -0.08389957249164581
Step: 2711552	Mean reward: 22.6875	 Loss: -0.06846709549427032
Step: 2719744	Mean reward: 24.375	 Loss: -0.006441580131649971
Step: 2727936	Mean reward: 23.375	 Loss: 0.01306913048028946
Step: 2736128	Mean reward: 25.125	 Loss: -0.1456281542778015
Step: 2744320	Mean reward: 22.78125	 Loss: -0.03630160540342331
Step: 2752512	Mean reward: 23.875	 Loss: -0.017458762973546982
Step: 2760704	Mean reward: 22.5625	 Loss: 0.04873335734009743
Step: 2768896	Mean reward: 23.1875	 Loss: 0.02647707238793373
Step: 2777088	Mean reward: 23.65625	 Loss: -0.013098491355776787
Step: 2785280	Mean reward: 23.1875	 Loss: 0.042818181216716766
Step: 2793472	Mean reward: 23.8125	 Loss: 0.016228247433900833
Step: 2801664	Mean reward: 23.28125	 Loss: -0.03127535060048103
Step: 2809856	Mean reward: 22.0	 Loss: -0.06560038030147552
Step: 2818048	Mean reward: 22.46875	 Loss: -0.011342818848788738
Step: 2826240	Mean reward: 23.4375	 Loss: 0.01475299522280693
Step: 2834432	Mean reward: 23.9375	 Loss: 0.017340030521154404
Step: 2842624	Mean reward: 24.3125	 Loss: -0.04040355980396271
Step: 2850816	Mean reward: 23.28125	 Loss: 0.07024089246988297
Step: 2859008	Mean reward: 22.59375	 Loss: 0.045395925641059875
Step: 2867200	Mean reward: 22.28125	 Loss: -0.053970783948898315
Step: 2875392	Mean reward: 21.5625	 Loss: -0.013273146003484726
Step: 2883584	Mean reward: 23.625	 Loss: -0.017718810588121414
Step: 2891776	Mean reward: 22.8125	 Loss: -0.02475418895483017
Step: 2899968	Mean reward: 22.625	 Loss: -0.005529174581170082
Step: 2908160	Mean reward: 22.5625	 Loss: -0.011366325430572033
Step: 2916352	Mean reward: 24.34375	 Loss: -0.027785029262304306
Step: 2924544	Mean reward: 23.40625	 Loss: 0.0869397446513176
Step: 2932736	Mean reward: 23.75	 Loss: -0.05752601474523544
Step: 2940928	Mean reward: 23.875	 Loss: -0.07862226665019989
Step: 2949120	Mean reward: 24.375	 Loss: -0.07323510944843292
Step: 2957312	Mean reward: 23.21875	 Loss: -0.05280579254031181
Step: 2965504	Mean reward: 22.34375	 Loss: -0.1081831231713295
Step: 2973696	Mean reward: 23.0625	 Loss: -0.022236701101064682
Step: 2981888	Mean reward: 23.875	 Loss: -0.005281068384647369
Step: 2990080	Mean reward: 22.625	 Loss: 0.004484409466385841
Step: 2998272	Mean reward: 24.78125	 Loss: -0.00669340044260025
Step: 3006464	Mean reward: 23.0	 Loss: 0.040737997740507126
Completed training at 2021-12-07 15:00:22