Training IMPALA 1 with the following parameter dict:
{'total_steps': 3000000.0, 'num_envs': 32, 'num_steps': 256, 'num_levels': 200, 'num_epochs': 3, 'batch_size': 512, 'eps': 0.2, 'grad_eps': 0.5, 'value_coef': 0.5, 'entropy_coef': 0.01, 'c1': 0.5, 'c2': 0.01, 'num_actions': 15, 'in_channels': 3, 'feature_dim': 64, 'env_name': 'starpilot', 'use_background': False}
non stabilized impala with resets
Observation space: Box([[[0. 0. 0. ... 0. 0. 0.]
  [0. 0. 0. ... 0. 0. 0.]
  [0. 0. 0. ... 0. 0. 0.]
  ...
  [0. 0. 0. ... 0. 0. 0.]
  [0. 0. 0. ... 0. 0. 0.]
  [0. 0. 0. ... 0. 0. 0.]]

 [[0. 0. 0. ... 0. 0. 0.]
  [0. 0. 0. ... 0. 0. 0.]
  [0. 0. 0. ... 0. 0. 0.]
  ...
  [0. 0. 0. ... 0. 0. 0.]
  [0. 0. 0. ... 0. 0. 0.]
  [0. 0. 0. ... 0. 0. 0.]]

 [[0. 0. 0. ... 0. 0. 0.]
  [0. 0. 0. ... 0. 0. 0.]
  [0. 0. 0. ... 0. 0. 0.]
  ...
  [0. 0. 0. ... 0. 0. 0.]
  [0. 0. 0. ... 0. 0. 0.]
  [0. 0. 0. ... 0. 0. 0.]]], [[[1. 1. 1. ... 1. 1. 1.]
  [1. 1. 1. ... 1. 1. 1.]
  [1. 1. 1. ... 1. 1. 1.]
  ...
  [1. 1. 1. ... 1. 1. 1.]
  [1. 1. 1. ... 1. 1. 1.]
  [1. 1. 1. ... 1. 1. 1.]]

 [[1. 1. 1. ... 1. 1. 1.]
  [1. 1. 1. ... 1. 1. 1.]
  [1. 1. 1. ... 1. 1. 1.]
  ...
  [1. 1. 1. ... 1. 1. 1.]
  [1. 1. 1. ... 1. 1. 1.]
  [1. 1. 1. ... 1. 1. 1.]]

 [[1. 1. 1. ... 1. 1. 1.]
  [1. 1. 1. ... 1. 1. 1.]
  [1. 1. 1. ... 1. 1. 1.]
  ...
  [1. 1. 1. ... 1. 1. 1.]
  [1. 1. 1. ... 1. 1. 1.]
  [1. 1. 1. ... 1. 1. 1.]]], (3, 64, 64), float32)
Action space: 15
Step: 8192	Mean reward: 4.875	 Loss: 0.288455992937088
Step: 16384	Mean reward: 5.09375	 Loss: 0.03878476470708847
Step: 24576	Mean reward: 5.09375	 Loss: 0.05013849586248398
Step: 32768	Mean reward: 4.84375	 Loss: -0.040087029337882996
Step: 40960	Mean reward: 6.5	 Loss: 0.025590447708964348
Step: 49152	Mean reward: 5.9375	 Loss: -0.021197348833084106
Step: 57344	Mean reward: 6.1875	 Loss: -0.010326189920306206
Step: 65536	Mean reward: 7.15625	 Loss: 0.013012593612074852
Step: 73728	Mean reward: 6.5625	 Loss: 0.06394580751657486
Step: 81920	Mean reward: 7.75	 Loss: -0.012480393052101135
Step: 90112	Mean reward: 8.71875	 Loss: 0.005981463938951492
Step: 98304	Mean reward: 6.5	 Loss: -0.024940647184848785
Step: 106496	Mean reward: 9.0	 Loss: 0.01243165135383606
Step: 114688	Mean reward: 7.84375	 Loss: 0.03944779932498932
Step: 122880	Mean reward: 7.21875	 Loss: 0.03391680866479874
Step: 131072	Mean reward: 7.75	 Loss: 0.036410678178071976
Step: 139264	Mean reward: 8.375	 Loss: -0.07668406516313553
Step: 147456	Mean reward: 8.78125	 Loss: -0.05908941477537155
Step: 155648	Mean reward: 9.5625	 Loss: -0.09426093846559525
Step: 163840	Mean reward: 9.09375	 Loss: -0.1040804460644722
Step: 172032	Mean reward: 9.125	 Loss: -0.11247152090072632
Step: 180224	Mean reward: 9.65625	 Loss: -0.09031016379594803
Step: 188416	Mean reward: 9.65625	 Loss: -0.024921899661421776
Step: 196608	Mean reward: 9.15625	 Loss: -0.025495581328868866
Step: 204800	Mean reward: 8.5625	 Loss: -0.03008451871573925
Step: 212992	Mean reward: 9.25	 Loss: -0.08322076499462128
Step: 221184	Mean reward: 10.15625	 Loss: -0.1566234976053238
Step: 229376	Mean reward: 9.125	 Loss: -0.09317485988140106
Step: 237568	Mean reward: 10.4375	 Loss: -0.05974607914686203
Step: 245760	Mean reward: 9.59375	 Loss: -0.15300647914409637
Step: 253952	Mean reward: 11.34375	 Loss: -0.01571248285472393
Step: 262144	Mean reward: 9.8125	 Loss: -0.11145473271608353
Step: 270336	Mean reward: 10.375	 Loss: -0.1025448739528656
Step: 278528	Mean reward: 10.125	 Loss: -0.1307966113090515
Step: 286720	Mean reward: 10.875	 Loss: -0.09773862361907959
Step: 294912	Mean reward: 9.9375	 Loss: -0.003425970673561096
Step: 303104	Mean reward: 10.625	 Loss: -0.1590326577425003
Step: 311296	Mean reward: 10.875	 Loss: -0.05411110818386078
Step: 319488	Mean reward: 10.53125	 Loss: -0.12077376246452332
Step: 327680	Mean reward: 10.25	 Loss: -0.05986238270998001
Step: 335872	Mean reward: 9.65625	 Loss: -0.10895784199237823
Step: 344064	Mean reward: 9.0625	 Loss: -0.08963464200496674
Step: 352256	Mean reward: 9.4375	 Loss: -0.14961613714694977
Step: 360448	Mean reward: 10.8125	 Loss: -0.06142265349626541
Step: 368640	Mean reward: 10.90625	 Loss: -0.03964964300394058
Step: 376832	Mean reward: 10.5625	 Loss: -0.08753403276205063
Step: 385024	Mean reward: 11.09375	 Loss: -0.08078069984912872
Step: 393216	Mean reward: 11.59375	 Loss: -0.07500752806663513
Step: 401408	Mean reward: 11.0	 Loss: -0.11898979544639587
Step: 409600	Mean reward: 12.625	 Loss: -0.1245608925819397
Step: 417792	Mean reward: 11.625	 Loss: -0.10315200686454773
Step: 425984	Mean reward: 10.625	 Loss: -0.09499970078468323
Step: 434176	Mean reward: 10.875	 Loss: -0.1477501094341278
Step: 442368	Mean reward: 11.0	 Loss: -0.11383610218763351
Step: 450560	Mean reward: 11.6875	 Loss: -0.08643514662981033
Step: 458752	Mean reward: 12.4375	 Loss: -0.08218157291412354
Step: 466944	Mean reward: 13.4375	 Loss: -0.0551280602812767
Step: 475136	Mean reward: 10.3125	 Loss: -0.07420702278614044
Step: 483328	Mean reward: 12.09375	 Loss: -0.0783567726612091
Step: 491520	Mean reward: 11.65625	 Loss: -0.057561442255973816
Step: 499712	Mean reward: 11.28125	 Loss: -0.08571399003267288
Step: 507904	Mean reward: 11.0	 Loss: -0.04514322429895401
Step: 516096	Mean reward: 10.65625	 Loss: -0.1346663534641266
Step: 524288	Mean reward: 12.5625	 Loss: 0.01650085672736168
Step: 532480	Mean reward: 12.875	 Loss: -0.07702465355396271
Step: 540672	Mean reward: 12.1875	 Loss: -0.03829500451683998
Step: 548864	Mean reward: 11.96875	 Loss: -0.059405483305454254
Step: 557056	Mean reward: 13.15625	 Loss: -0.09323863685131073
Step: 565248	Mean reward: 11.0625	 Loss: -0.09236929565668106
Step: 573440	Mean reward: 12.34375	 Loss: -0.11938692629337311
Step: 581632	Mean reward: 12.375	 Loss: -0.10937701910734177
Step: 589824	Mean reward: 12.6875	 Loss: -0.16522002220153809
Step: 598016	Mean reward: 13.96875	 Loss: -0.11888480931520462
Step: 606208	Mean reward: 13.21875	 Loss: -0.08172448724508286
Step: 614400	Mean reward: 11.875	 Loss: -0.06493691354990005
Step: 622592	Mean reward: 12.625	 Loss: -0.16629758477210999
Step: 630784	Mean reward: 12.46875	 Loss: -0.07697388529777527
Step: 638976	Mean reward: 13.125	 Loss: -0.06968937069177628
Step: 647168	Mean reward: 13.21875	 Loss: -0.0035194717347621918
Step: 655360	Mean reward: 13.5	 Loss: -0.03576899692416191
Step: 663552	Mean reward: 14.5	 Loss: -0.017288025468587875
Step: 671744	Mean reward: 11.625	 Loss: -0.05531610548496246
Step: 679936	Mean reward: 13.21875	 Loss: -0.05262349545955658
Step: 688128	Mean reward: 13.40625	 Loss: -0.10651569068431854
Step: 696320	Mean reward: 12.40625	 Loss: -0.046426475048065186
Step: 704512	Mean reward: 13.21875	 Loss: -0.05691096931695938
Step: 712704	Mean reward: 12.875	 Loss: -0.11277934163808823
Step: 720896	Mean reward: 12.8125	 Loss: -0.13487538695335388
Step: 729088	Mean reward: 13.1875	 Loss: -0.078488789498806
Step: 737280	Mean reward: 13.34375	 Loss: -0.20709532499313354
Step: 745472	Mean reward: 13.03125	 Loss: -0.03880290314555168
Step: 753664	Mean reward: 14.0625	 Loss: -0.09196853637695312
Step: 761856	Mean reward: 14.96875	 Loss: -0.05501879006624222
Step: 770048	Mean reward: 14.21875	 Loss: -0.04446117579936981
Step: 778240	Mean reward: 13.5625	 Loss: -0.10373957455158234
Step: 786432	Mean reward: 12.59375	 Loss: -0.026858968660235405
Step: 794624	Mean reward: 12.28125	 Loss: -0.026147881522774696
Step: 802816	Mean reward: 15.03125	 Loss: -0.0165402889251709
Step: 811008	Mean reward: 13.96875	 Loss: -0.09110239148139954
Step: 819200	Mean reward: 13.40625	 Loss: -0.043668944388628006
Step: 827392	Mean reward: 13.21875	 Loss: -0.11909711360931396
Step: 835584	Mean reward: 13.21875	 Loss: -0.13549843430519104
Step: 843776	Mean reward: 13.25	 Loss: -0.1355244517326355
Step: 851968	Mean reward: 13.6875	 Loss: -0.0914333164691925
Step: 860160	Mean reward: 14.84375	 Loss: -0.1316765397787094
Step: 868352	Mean reward: 14.3125	 Loss: -0.07631886750459671
Step: 876544	Mean reward: 13.21875	 Loss: -0.10856170952320099
Step: 884736	Mean reward: 13.46875	 Loss: -0.1363150030374527
Step: 892928	Mean reward: 12.5625	 Loss: -0.1393396258354187
Step: 901120	Mean reward: 14.28125	 Loss: -0.13027043640613556
Step: 909312	Mean reward: 13.28125	 Loss: -0.09489848464727402
Step: 917504	Mean reward: 13.28125	 Loss: -0.11328839510679245
Step: 925696	Mean reward: 12.90625	 Loss: -0.15825344622135162
Step: 933888	Mean reward: 13.65625	 Loss: -0.06558255851268768
Step: 942080	Mean reward: 13.6875	 Loss: -0.09652484953403473
Step: 950272	Mean reward: 13.375	 Loss: -0.0807836651802063
Step: 958464	Mean reward: 14.28125	 Loss: -0.1413833498954773
Step: 966656	Mean reward: 12.6875	 Loss: -0.009941300377249718
Step: 974848	Mean reward: 15.375	 Loss: -0.137124702334404
Step: 983040	Mean reward: 14.40625	 Loss: -0.02500876970589161
Step: 991232	Mean reward: 13.78125	 Loss: -0.03746669739484787
Step: 999424	Mean reward: 13.0625	 Loss: -0.0807192325592041
Step: 1007616	Mean reward: 14.40625	 Loss: -0.15086640417575836
Step: 1015808	Mean reward: 12.25	 Loss: -0.0737561285495758
Step: 1024000	Mean reward: 13.03125	 Loss: -0.09412238001823425
Step: 1032192	Mean reward: 13.15625	 Loss: -0.09359213709831238
Step: 1040384	Mean reward: 13.3125	 Loss: 0.013406900689005852
Step: 1048576	Mean reward: 11.21875	 Loss: -0.09847904741764069
Step: 1056768	Mean reward: 13.84375	 Loss: -0.11788468062877655
Step: 1064960	Mean reward: 13.46875	 Loss: -0.09901345521211624
Step: 1073152	Mean reward: 15.03125	 Loss: -0.07458899915218353
Step: 1081344	Mean reward: 13.0	 Loss: -0.12062671780586243
Step: 1089536	Mean reward: 14.5	 Loss: -0.05991489440202713
Step: 1097728	Mean reward: 14.0625	 Loss: -0.0711255893111229
Step: 1105920	Mean reward: 14.71875	 Loss: -0.0006256308406591415
Step: 1114112	Mean reward: 14.90625	 Loss: -0.08081308007240295
Step: 1122304	Mean reward: 15.21875	 Loss: -0.07065664976835251
Step: 1130496	Mean reward: 13.40625	 Loss: -0.1362629234790802
Step: 1138688	Mean reward: 13.78125	 Loss: -0.0629398375749588
Step: 1146880	Mean reward: 13.75	 Loss: -0.050160713493824005
Step: 1155072	Mean reward: 14.84375	 Loss: -0.043800756335258484
Step: 1163264	Mean reward: 14.40625	 Loss: -0.056588925421237946
Step: 1171456	Mean reward: 15.21875	 Loss: -0.10267272591590881
Step: 1179648	Mean reward: 15.0625	 Loss: -0.11619710922241211
Step: 1187840	Mean reward: 15.0625	 Loss: -0.11909665912389755
Step: 1196032	Mean reward: 12.5625	 Loss: -0.021801607683300972
Step: 1204224	Mean reward: 13.9375	 Loss: -0.097965769469738
Step: 1212416	Mean reward: 16.46875	 Loss: -0.1612759679555893
Step: 1220608	Mean reward: 14.4375	 Loss: -0.12424512952566147
Step: 1228800	Mean reward: 12.46875	 Loss: -0.009945961646735668
Step: 1236992	Mean reward: 15.34375	 Loss: -0.06509087979793549
Step: 1245184	Mean reward: 14.90625	 Loss: -0.04842700436711311
Step: 1253376	Mean reward: 14.15625	 Loss: -0.027728639543056488
Step: 1261568	Mean reward: 14.0	 Loss: 0.030379680916666985
Step: 1269760	Mean reward: 14.75	 Loss: -0.030546363443136215
Step: 1277952	Mean reward: 15.25	 Loss: -0.058945998549461365
Step: 1286144	Mean reward: 14.8125	 Loss: -0.03871353715658188
Step: 1294336	Mean reward: 14.625	 Loss: -0.09739735722541809
Step: 1302528	Mean reward: 15.28125	 Loss: -0.14117226004600525
Step: 1310720	Mean reward: 16.15625	 Loss: -0.08285772800445557
Step: 1318912	Mean reward: 16.0	 Loss: -0.04139162600040436
Step: 1327104	Mean reward: 15.96875	 Loss: -0.10871188342571259
Step: 1335296	Mean reward: 14.46875	 Loss: -0.149926096200943
Step: 1343488	Mean reward: 15.59375	 Loss: -0.10525013506412506
Step: 1351680	Mean reward: 14.25	 Loss: -0.03690072149038315
Step: 1359872	Mean reward: 15.28125	 Loss: -0.052282579243183136
Step: 1368064	Mean reward: 14.1875	 Loss: -0.006045646034181118
Step: 1376256	Mean reward: 14.375	 Loss: -0.1223076730966568
Step: 1384448	Mean reward: 14.28125	 Loss: -0.12660342454910278
Step: 1392640	Mean reward: 14.59375	 Loss: -0.09289494156837463
Step: 1400832	Mean reward: 16.375	 Loss: -0.0928390771150589
Step: 1409024	Mean reward: 15.96875	 Loss: -0.10775236040353775
Step: 1417216	Mean reward: 16.375	 Loss: 0.001336858607828617
Step: 1425408	Mean reward: 15.40625	 Loss: -0.06982618570327759
Step: 1433600	Mean reward: 15.46875	 Loss: -0.038807522505521774
Step: 1441792	Mean reward: 17.03125	 Loss: -0.1025087907910347
Step: 1449984	Mean reward: 14.71875	 Loss: -0.06807409226894379
Step: 1458176	Mean reward: 15.96875	 Loss: -0.07704450190067291
Step: 1466368	Mean reward: 16.4375	 Loss: -0.13235929608345032
Step: 1474560	Mean reward: 15.4375	 Loss: -0.11042763292789459
Step: 1482752	Mean reward: 15.59375	 Loss: -0.1311720758676529
Step: 1490944	Mean reward: 16.6875	 Loss: -0.05147005245089531
Step: 1499136	Mean reward: 17.78125	 Loss: -0.09722670167684555
Step: 1507328	Mean reward: 15.6875	 Loss: -0.10158716887235641
Step: 1515520	Mean reward: 15.9375	 Loss: -0.02690599486231804
Step: 1523712	Mean reward: 16.9375	 Loss: -0.14317545294761658
Step: 1531904	Mean reward: 16.21875	 Loss: -0.0993041843175888
Step: 1540096	Mean reward: 16.25	 Loss: -0.0750722736120224
Step: 1548288	Mean reward: 14.96875	 Loss: -0.09572435170412064
Step: 1556480	Mean reward: 15.84375	 Loss: -0.015821434557437897
Step: 1564672	Mean reward: 16.25	 Loss: -0.05003552511334419
Step: 1572864	Mean reward: 16.125	 Loss: -0.03527984395623207
Step: 1581056	Mean reward: 15.875	 Loss: -0.11439383774995804
Step: 1589248	Mean reward: 17.09375	 Loss: -0.13682280480861664
Step: 1597440	Mean reward: 15.0625	 Loss: 0.0039002681151032448
Step: 1605632	Mean reward: 15.90625	 Loss: -0.1197611540555954
Step: 1613824	Mean reward: 15.40625	 Loss: 0.0012510810047388077
Step: 1622016	Mean reward: 15.78125	 Loss: -0.06563956290483475
Step: 1630208	Mean reward: 15.96875	 Loss: 0.016156023368239403
Step: 1638400	Mean reward: 16.625	 Loss: -0.05933760479092598
Step: 1646592	Mean reward: 17.0625	 Loss: -0.06922794878482819
Step: 1654784	Mean reward: 16.8125	 Loss: -0.015149621292948723
Step: 1662976	Mean reward: 17.5	 Loss: -0.04527921974658966
Step: 1671168	Mean reward: 15.875	 Loss: -0.07266387343406677
Step: 1679360	Mean reward: 14.5625	 Loss: -0.07541140913963318
Step: 1687552	Mean reward: 16.0625	 Loss: 0.018635571002960205
Step: 1695744	Mean reward: 16.75	 Loss: -0.1036776453256607
Step: 1703936	Mean reward: 14.34375	 Loss: -0.0036474261432886124
Step: 1712128	Mean reward: 16.5625	 Loss: -0.043669894337654114
Step: 1720320	Mean reward: 15.375	 Loss: -0.0482533723115921
Step: 1728512	Mean reward: 16.09375	 Loss: -0.09477192908525467
Step: 1736704	Mean reward: 15.625	 Loss: -0.11368247121572495
Step: 1744896	Mean reward: 16.375	 Loss: -0.03184233233332634
Step: 1753088	Mean reward: 16.65625	 Loss: -0.08225831389427185
Step: 1761280	Mean reward: 16.8125	 Loss: -0.053413551300764084
Step: 1769472	Mean reward: 15.6875	 Loss: -0.06250839680433273
Step: 1777664	Mean reward: 16.84375	 Loss: -0.07269708812236786
Step: 1785856	Mean reward: 15.71875	 Loss: -0.057191792875528336
Step: 1794048	Mean reward: 16.875	 Loss: -0.029701393097639084
Step: 1802240	Mean reward: 16.3125	 Loss: -0.0659414678812027
Step: 1810432	Mean reward: 16.34375	 Loss: -0.1667313426733017
Step: 1818624	Mean reward: 17.15625	 Loss: -0.08740783482789993
Step: 1826816	Mean reward: 16.84375	 Loss: -0.06689155101776123
Step: 1835008	Mean reward: 16.40625	 Loss: -0.055791936814785004
Step: 1843200	Mean reward: 16.6875	 Loss: -0.12738192081451416
Step: 1851392	Mean reward: 16.21875	 Loss: 0.027326032519340515
Step: 1859584	Mean reward: 16.84375	 Loss: -0.016383610665798187
Step: 1867776	Mean reward: 16.625	 Loss: -0.08490552008152008
Step: 1875968	Mean reward: 15.71875	 Loss: -0.05307292193174362
Step: 1884160	Mean reward: 17.125	 Loss: -0.031127672642469406
Step: 1892352	Mean reward: 17.09375	 Loss: -0.08442312479019165
Step: 1900544	Mean reward: 17.03125	 Loss: -0.06361804157495499
Step: 1908736	Mean reward: 17.375	 Loss: -0.02240869589149952
Step: 1916928	Mean reward: 16.09375	 Loss: -0.11110466718673706
Step: 1925120	Mean reward: 16.15625	 Loss: -0.09504708647727966
Step: 1933312	Mean reward: 17.21875	 Loss: -0.05094282329082489
Step: 1941504	Mean reward: 16.4375	 Loss: -0.07376830279827118
Step: 1949696	Mean reward: 15.84375	 Loss: -0.10040392726659775
Step: 1957888	Mean reward: 17.15625	 Loss: -0.09823330491781235
Step: 1966080	Mean reward: 16.375	 Loss: -0.10027825832366943
Step: 1974272	Mean reward: 15.84375	 Loss: -0.09195557236671448
Step: 1982464	Mean reward: 16.6875	 Loss: -0.10377339273691177
Step: 1990656	Mean reward: 17.96875	 Loss: -0.11245229840278625
Step: 1998848	Mean reward: 18.46875	 Loss: -0.006301662884652615
Step: 2007040	Mean reward: 17.65625	 Loss: -0.11868078261613846
Step: 2015232	Mean reward: 19.28125	 Loss: -0.06147479638457298
Step: 2023424	Mean reward: 17.0625	 Loss: -0.057284653186798096
Step: 2031616	Mean reward: 16.9375	 Loss: -0.06799516081809998
Step: 2039808	Mean reward: 17.3125	 Loss: -0.1263774186372757
Step: 2048000	Mean reward: 16.84375	 Loss: -0.04659872129559517
Step: 2056192	Mean reward: 19.1875	 Loss: -0.09948686510324478
Step: 2064384	Mean reward: 17.34375	 Loss: -0.1132405549287796
Step: 2072576	Mean reward: 17.0625	 Loss: -0.09094147384166718
Step: 2080768	Mean reward: 17.25	 Loss: -0.008558765985071659
Step: 2088960	Mean reward: 17.15625	 Loss: -0.11725350469350815
Step: 2097152	Mean reward: 16.90625	 Loss: -0.07170911878347397
Step: 2105344	Mean reward: 15.25	 Loss: -0.03062891587615013
Step: 2113536	Mean reward: 16.46875	 Loss: -0.009112094528973103
Step: 2121728	Mean reward: 16.46875	 Loss: -0.05518481135368347
Step: 2129920	Mean reward: 16.5625	 Loss: -0.09270904213190079
Step: 2138112	Mean reward: 17.375	 Loss: -0.11137021332979202
Step: 2146304	Mean reward: 17.0625	 Loss: -0.09056008607149124
Step: 2154496	Mean reward: 16.90625	 Loss: -0.05415087193250656
Step: 2162688	Mean reward: 16.34375	 Loss: -0.018977511674165726
Step: 2170880	Mean reward: 17.6875	 Loss: -0.04356776177883148
Step: 2179072	Mean reward: 18.8125	 Loss: 0.03247721493244171
Step: 2187264	Mean reward: 18.21875	 Loss: -0.10935135930776596
Step: 2195456	Mean reward: 17.46875	 Loss: 0.03716491162776947
Step: 2203648	Mean reward: 17.75	 Loss: 0.007162953726947308
Step: 2211840	Mean reward: 17.65625	 Loss: -0.07692141085863113
Step: 2220032	Mean reward: 17.03125	 Loss: -0.03923758491873741
Step: 2228224	Mean reward: 16.875	 Loss: -0.07815171778202057
Step: 2236416	Mean reward: 16.375	 Loss: -0.05082939192652702
Step: 2244608	Mean reward: 16.6875	 Loss: -0.12366008758544922
Step: 2252800	Mean reward: 17.59375	 Loss: -0.06018447130918503
Step: 2260992	Mean reward: 16.5	 Loss: -0.17091308534145355
Step: 2269184	Mean reward: 16.90625	 Loss: 0.00597370695322752
Step: 2277376	Mean reward: 17.8125	 Loss: -0.003896762616932392
Step: 2285568	Mean reward: 16.78125	 Loss: -0.028053034096956253
Step: 2293760	Mean reward: 15.1875	 Loss: -0.09740043431520462
Step: 2301952	Mean reward: 17.46875	 Loss: -0.1258106678724289
Step: 2310144	Mean reward: 15.71875	 Loss: -0.05880061537027359
Step: 2318336	Mean reward: 18.75	 Loss: -0.061509571969509125
Step: 2326528	Mean reward: 16.5625	 Loss: -0.07161858677864075
Step: 2334720	Mean reward: 17.46875	 Loss: -0.06424759328365326
Step: 2342912	Mean reward: 17.5	 Loss: -0.0017192717641592026
Step: 2351104	Mean reward: 16.53125	 Loss: -0.15044014155864716
Step: 2359296	Mean reward: 17.0	 Loss: -0.16655781865119934
Step: 2367488	Mean reward: 15.71875	 Loss: -0.057023484259843826
Step: 2375680	Mean reward: 15.78125	 Loss: -0.12864147126674652
Step: 2383872	Mean reward: 17.90625	 Loss: -0.09430393576622009
Step: 2392064	Mean reward: 19.03125	 Loss: -0.03223530203104019
Step: 2400256	Mean reward: 17.375	 Loss: -0.05364343151450157
Step: 2408448	Mean reward: 18.09375	 Loss: -0.004241295158863068
Step: 2416640	Mean reward: 17.21875	 Loss: -0.040031302720308304
Step: 2424832	Mean reward: 18.03125	 Loss: -0.08905243128538132
Step: 2433024	Mean reward: 17.65625	 Loss: -0.050910383462905884
Step: 2441216	Mean reward: 17.3125	 Loss: -0.10792222619056702
Step: 2449408	Mean reward: 17.21875	 Loss: -0.05894811823964119
Step: 2457600	Mean reward: 16.9375	 Loss: -0.04355919733643532
Step: 2465792	Mean reward: 17.1875	 Loss: -0.08884454518556595
Step: 2473984	Mean reward: 18.34375	 Loss: -0.061985697597265244
Step: 2482176	Mean reward: 18.46875	 Loss: -0.07504656165838242
Step: 2490368	Mean reward: 18.25	 Loss: -0.03933873400092125
Step: 2498560	Mean reward: 16.5625	 Loss: -0.10688702762126923
Step: 2506752	Mean reward: 17.53125	 Loss: -0.035812824964523315
Step: 2514944	Mean reward: 17.84375	 Loss: -0.07640411704778671
Step: 2523136	Mean reward: 16.125	 Loss: -0.0833311602473259
Step: 2531328	Mean reward: 17.90625	 Loss: -0.06811530888080597
Step: 2539520	Mean reward: 17.71875	 Loss: -0.06027338653802872
Step: 2547712	Mean reward: 18.03125	 Loss: -0.055454447865486145
Step: 2555904	Mean reward: 18.15625	 Loss: -0.058836888521909714
Step: 2564096	Mean reward: 17.25	 Loss: 0.0017361920326948166
Step: 2572288	Mean reward: 18.03125	 Loss: 0.021484006196260452
Step: 2580480	Mean reward: 17.375	 Loss: -0.03789437189698219
Step: 2588672	Mean reward: 19.0625	 Loss: -0.0763351172208786
Step: 2596864	Mean reward: 16.875	 Loss: -0.13588884472846985
Step: 2605056	Mean reward: 18.625	 Loss: -0.05940226465463638
Step: 2613248	Mean reward: 17.125	 Loss: -0.13171806931495667
Step: 2621440	Mean reward: 18.90625	 Loss: -0.03934592381119728
Step: 2629632	Mean reward: 17.71875	 Loss: -0.11130961030721664
Step: 2637824	Mean reward: 18.21875	 Loss: -0.03177986294031143
Step: 2646016	Mean reward: 17.65625	 Loss: -0.05117975175380707
Step: 2654208	Mean reward: 17.59375	 Loss: -0.03546612709760666
Step: 2662400	Mean reward: 17.84375	 Loss: -0.06209047883749008
Step: 2670592	Mean reward: 16.90625	 Loss: -0.04711657389998436
Step: 2678784	Mean reward: 18.34375	 Loss: -0.06860519200563431
Step: 2686976	Mean reward: 17.5	 Loss: -0.1558406949043274
Step: 2695168	Mean reward: 17.4375	 Loss: -0.10355737060308456
Step: 2703360	Mean reward: 17.0625	 Loss: -0.09364104270935059
Step: 2711552	Mean reward: 16.375	 Loss: -0.049863070249557495
Step: 2719744	Mean reward: 17.5625	 Loss: -0.07681181281805038
Step: 2727936	Mean reward: 17.84375	 Loss: -0.0906490683555603
Step: 2736128	Mean reward: 18.28125	 Loss: -0.07275846600532532
Step: 2744320	Mean reward: 17.6875	 Loss: -0.06606447696685791
Step: 2752512	Mean reward: 17.09375	 Loss: -0.04843786731362343
Step: 2760704	Mean reward: 17.65625	 Loss: -0.054356396198272705
Step: 2768896	Mean reward: 17.75	 Loss: -0.048425253480672836
Step: 2777088	Mean reward: 16.59375	 Loss: -0.07503669708967209
Step: 2785280	Mean reward: 18.34375	 Loss: -0.08135859668254852
Step: 2793472	Mean reward: 18.84375	 Loss: -0.10010801255702972
Step: 2801664	Mean reward: 17.9375	 Loss: -0.02423795498907566
Step: 2809856	Mean reward: 18.9375	 Loss: -0.038456905633211136
Step: 2818048	Mean reward: 17.75	 Loss: -0.11419013887643814
Step: 2826240	Mean reward: 16.9375	 Loss: -0.11129790544509888
Step: 2834432	Mean reward: 18.8125	 Loss: -0.07173334807157516
Step: 2842624	Mean reward: 18.0	 Loss: -0.03596688061952591
Step: 2850816	Mean reward: 18.375	 Loss: -0.13753920793533325
Step: 2859008	Mean reward: 18.5625	 Loss: -0.07379372417926788
Step: 2867200	Mean reward: 18.0	 Loss: -0.07574618607759476
Step: 2875392	Mean reward: 17.75	 Loss: -0.0481577068567276
Step: 2883584	Mean reward: 18.125	 Loss: -0.03747769817709923
Step: 2891776	Mean reward: 17.875	 Loss: -0.08476423472166061
Step: 2899968	Mean reward: 17.53125	 Loss: -0.07600925862789154
Step: 2908160	Mean reward: 17.15625	 Loss: 0.0007426589727401733
Step: 2916352	Mean reward: 17.46875	 Loss: -0.055767811834812164
Step: 2924544	Mean reward: 18.3125	 Loss: -0.056174136698246
Step: 2932736	Mean reward: 17.875	 Loss: -0.0387454628944397
Step: 2940928	Mean reward: 18.59375	 Loss: -0.06583808362483978
Step: 2949120	Mean reward: 18.46875	 Loss: -0.09090911597013474
Step: 2957312	Mean reward: 17.25	 Loss: -0.01606985554099083
Step: 2965504	Mean reward: 18.1875	 Loss: -0.1059391126036644
Step: 2973696	Mean reward: 19.0625	 Loss: -0.007673371583223343
Step: 2981888	Mean reward: 18.3125	 Loss: -0.11497388035058975
Step: 2990080	Mean reward: 19.03125	 Loss: -0.08377354592084885
Step: 2998272	Mean reward: 17.25	 Loss: -0.07869439572095871
Step: 3006464	Mean reward: 18.8125	 Loss: -0.0847395732998848
Completed training at 2021-12-06 15:25:55
Observation space: Box([[[0. 0. 0. ... 0. 0. 0.]
  [0. 0. 0. ... 0. 0. 0.]
  [0. 0. 0. ... 0. 0. 0.]
  ...
  [0. 0. 0. ... 0. 0. 0.]
  [0. 0. 0. ... 0. 0. 0.]
  [0. 0. 0. ... 0. 0. 0.]]

 [[0. 0. 0. ... 0. 0. 0.]
  [0. 0. 0. ... 0. 0. 0.]
  [0. 0. 0. ... 0. 0. 0.]
  ...
  [0. 0. 0. ... 0. 0. 0.]
  [0. 0. 0. ... 0. 0. 0.]
  [0. 0. 0. ... 0. 0. 0.]]

 [[0. 0. 0. ... 0. 0. 0.]
  [0. 0. 0. ... 0. 0. 0.]
  [0. 0. 0. ... 0. 0. 0.]
  ...
  [0. 0. 0. ... 0. 0. 0.]
  [0. 0. 0. ... 0. 0. 0.]
  [0. 0. 0. ... 0. 0. 0.]]], [[[1. 1. 1. ... 1. 1. 1.]
  [1. 1. 1. ... 1. 1. 1.]
  [1. 1. 1. ... 1. 1. 1.]
  ...
  [1. 1. 1. ... 1. 1. 1.]
  [1. 1. 1. ... 1. 1. 1.]
  [1. 1. 1. ... 1. 1. 1.]]

 [[1. 1. 1. ... 1. 1. 1.]
  [1. 1. 1. ... 1. 1. 1.]
  [1. 1. 1. ... 1. 1. 1.]
  ...
  [1. 1. 1. ... 1. 1. 1.]
  [1. 1. 1. ... 1. 1. 1.]
  [1. 1. 1. ... 1. 1. 1.]]

 [[1. 1. 1. ... 1. 1. 1.]
  [1. 1. 1. ... 1. 1. 1.]
  [1. 1. 1. ... 1. 1. 1.]
  ...
  [1. 1. 1. ... 1. 1. 1.]
  [1. 1. 1. ... 1. 1. 1.]
  [1. 1. 1. ... 1. 1. 1.]]], (3, 64, 64), float32)
Action space: 15
Step: 8192	Mean reward: 4.09375	 Loss: 0.4999646842479706
Step: 16384	Mean reward: 4.9375	 Loss: 0.0899982824921608
Step: 24576	Mean reward: 5.5625	 Loss: 0.16785551607608795
Step: 32768	Mean reward: 5.1875	 Loss: 0.11783632636070251
Step: 40960	Mean reward: 6.875	 Loss: -0.015895389020442963
Step: 49152	Mean reward: 7.5625	 Loss: 0.09289620071649551
Step: 57344	Mean reward: 7.28125	 Loss: 0.04060518741607666
Step: 65536	Mean reward: 8.28125	 Loss: 0.09639538824558258
Step: 73728	Mean reward: 9.625	 Loss: -0.04391159489750862
Step: 81920	Mean reward: 9.1875	 Loss: -0.015503790229558945
Step: 90112	Mean reward: 10.4375	 Loss: 0.03624171391129494
Step: 98304	Mean reward: 10.875	 Loss: -0.0840352326631546
Step: 106496	Mean reward: 10.875	 Loss: 0.010518636554479599
Step: 114688	Mean reward: 11.3125	 Loss: -0.04832843318581581
Step: 122880	Mean reward: 11.03125	 Loss: 0.025420058518648148
Step: 131072	Mean reward: 11.75	 Loss: -0.10817238688468933
Step: 139264	Mean reward: 11.75	 Loss: -0.10320618003606796
Step: 147456	Mean reward: 13.375	 Loss: 0.0036006011068820953
Step: 155648	Mean reward: 14.34375	 Loss: -0.058889441192150116
Step: 163840	Mean reward: 14.09375	 Loss: -0.09711533784866333
Step: 172032	Mean reward: 14.84375	 Loss: -0.04776284843683243
Step: 180224	Mean reward: 13.15625	 Loss: -0.0316559299826622
Step: 188416	Mean reward: 14.0625	 Loss: -0.006254609674215317
Step: 196608	Mean reward: 13.65625	 Loss: -0.00790264829993248
Step: 204800	Mean reward: 15.3125	 Loss: -0.05018240958452225
Step: 212992	Mean reward: 16.875	 Loss: -0.05680597573518753
Step: 221184	Mean reward: 16.40625	 Loss: -0.0768587738275528
Step: 229376	Mean reward: 14.4375	 Loss: -0.028286894783377647
Step: 237568	Mean reward: 17.0	 Loss: -0.06016513705253601
Step: 245760	Mean reward: 15.0	 Loss: -0.004472052678465843
Step: 253952	Mean reward: 15.9375	 Loss: -0.05208945274353027
Step: 262144	Mean reward: 15.84375	 Loss: -0.0984494611620903
Step: 270336	Mean reward: 14.46875	 Loss: -0.04423411190509796
Step: 278528	Mean reward: 15.34375	 Loss: -0.07045912742614746
Step: 286720	Mean reward: 15.71875	 Loss: -0.05759265273809433
Step: 294912	Mean reward: 14.9375	 Loss: -0.04378485307097435
Step: 303104	Mean reward: 16.4375	 Loss: -0.11615327000617981
Step: 311296	Mean reward: 14.75	 Loss: -0.030539313331246376
Step: 319488	Mean reward: 15.375	 Loss: -0.06465085595846176
Step: 327680	Mean reward: 14.09375	 Loss: -0.08148150146007538
Step: 335872	Mean reward: 17.09375	 Loss: -0.0451226681470871
Step: 344064	Mean reward: 15.8125	 Loss: -0.057619012892246246
Step: 352256	Mean reward: 14.875	 Loss: -0.04134703427553177
Step: 360448	Mean reward: 16.5625	 Loss: -0.0824393779039383
Step: 368640	Mean reward: 16.8125	 Loss: -0.038403481245040894
Step: 376832	Mean reward: 16.28125	 Loss: -0.03922174125909805
Step: 385024	Mean reward: 16.90625	 Loss: -0.12616275250911713
Step: 393216	Mean reward: 17.65625	 Loss: -0.058224357664585114
Step: 401408	Mean reward: 16.03125	 Loss: 0.0005970094352960587
Step: 409600	Mean reward: 15.71875	 Loss: -0.12664180994033813
Step: 417792	Mean reward: 15.8125	 Loss: -0.05672398954629898
Step: 425984	Mean reward: 17.3125	 Loss: -0.10765670984983444
Step: 434176	Mean reward: 16.28125	 Loss: -0.18194778263568878
Step: 442368	Mean reward: 17.21875	 Loss: -0.02635795995593071
Step: 450560	Mean reward: 17.84375	 Loss: -0.12911386787891388
Step: 458752	Mean reward: 16.09375	 Loss: -0.015277108177542686
Step: 466944	Mean reward: 16.625	 Loss: -0.08943650871515274
Step: 475136	Mean reward: 16.84375	 Loss: -0.07109975814819336
Step: 483328	Mean reward: 17.9375	 Loss: -0.021163051947951317
Step: 491520	Mean reward: 18.03125	 Loss: -0.08293768018484116
Step: 499712	Mean reward: 17.9375	 Loss: -0.15589375793933868
Step: 507904	Mean reward: 17.25	 Loss: -0.10893068462610245
Step: 516096	Mean reward: 18.375	 Loss: -0.09992092847824097
Step: 524288	Mean reward: 17.15625	 Loss: -0.10817856341600418
Step: 532480	Mean reward: 17.5	 Loss: -0.12859292328357697
Step: 540672	Mean reward: 17.84375	 Loss: -0.11637821793556213
Step: 548864	Mean reward: 15.90625	 Loss: -0.08661039173603058
Step: 557056	Mean reward: 17.5625	 Loss: -0.12620022892951965
Step: 565248	Mean reward: 18.40625	 Loss: -0.16603972017765045
Step: 573440	Mean reward: 18.8125	 Loss: -0.10149028897285461
Step: 581632	Mean reward: 16.90625	 Loss: -0.04857859015464783
Step: 589824	Mean reward: 16.875	 Loss: -0.10060005635023117
Step: 598016	Mean reward: 16.65625	 Loss: -0.07654549181461334
Step: 606208	Mean reward: 17.53125	 Loss: -0.04686182364821434
Step: 614400	Mean reward: 17.1875	 Loss: -0.07617053389549255
Step: 622592	Mean reward: 18.8125	 Loss: -0.019666437059640884
Step: 630784	Mean reward: 17.75	 Loss: -0.025917526334524155
Step: 638976	Mean reward: 18.0	 Loss: -0.05197994410991669
Step: 647168	Mean reward: 18.21875	 Loss: -0.09214582294225693
Step: 655360	Mean reward: 18.59375	 Loss: -0.030918488278985023
Step: 663552	Mean reward: 17.78125	 Loss: -0.043233878910541534
Step: 671744	Mean reward: 15.84375	 Loss: -0.05940442532300949
Step: 679936	Mean reward: 18.53125	 Loss: -0.06104399263858795
Step: 688128	Mean reward: 18.625	 Loss: -0.06788311898708344
Step: 696320	Mean reward: 18.28125	 Loss: -0.12713511288166046
Step: 704512	Mean reward: 17.90625	 Loss: -0.12134663015604019
Step: 712704	Mean reward: 17.46875	 Loss: -0.0652959942817688
Step: 720896	Mean reward: 17.625	 Loss: -0.0448351725935936
Step: 729088	Mean reward: 18.96875	 Loss: -0.08949343860149384
Step: 737280	Mean reward: 17.71875	 Loss: -0.11668151617050171
Step: 745472	Mean reward: 19.03125	 Loss: -0.048803266137838364
Step: 753664	Mean reward: 17.0625	 Loss: -0.06622835993766785
Step: 761856	Mean reward: 18.34375	 Loss: -0.11717285215854645
Step: 770048	Mean reward: 18.5	 Loss: -0.0217734444886446
Step: 778240	Mean reward: 18.84375	 Loss: 0.021816447377204895
Step: 786432	Mean reward: 18.375	 Loss: -0.08942215889692307
Step: 794624	Mean reward: 20.03125	 Loss: -0.10417767614126205
Step: 802816	Mean reward: 18.34375	 Loss: -0.07509937137365341
Step: 811008	Mean reward: 17.3125	 Loss: -0.08078612387180328
Step: 819200	Mean reward: 19.78125	 Loss: -0.06657879054546356
Step: 827392	Mean reward: 19.5	 Loss: -0.11333756148815155
Step: 835584	Mean reward: 19.5	 Loss: -0.0474172905087471
Step: 843776	Mean reward: 19.125	 Loss: 0.06860613822937012
Step: 851968	Mean reward: 19.25	 Loss: -0.06551400572061539
Step: 860160	Mean reward: 19.34375	 Loss: -0.07000817358493805
Step: 868352	Mean reward: 20.1875	 Loss: -0.16717037558555603
Step: 876544	Mean reward: 18.84375	 Loss: -0.004805701784789562
Step: 884736	Mean reward: 17.0625	 Loss: -0.0665353387594223
Step: 892928	Mean reward: 18.25	 Loss: -0.08927778154611588
Step: 901120	Mean reward: 18.46875	 Loss: 0.008206341415643692
Step: 909312	Mean reward: 21.3125	 Loss: -0.09493322670459747
Step: 917504	Mean reward: 19.25	 Loss: -0.08471471816301346
Step: 925696	Mean reward: 17.6875	 Loss: -0.08377500623464584
Step: 933888	Mean reward: 18.625	 Loss: -0.10266944766044617
Step: 942080	Mean reward: 18.84375	 Loss: -0.08191173523664474
Step: 950272	Mean reward: 20.125	 Loss: 0.001046832650899887
Step: 958464	Mean reward: 18.125	 Loss: -0.14145207405090332
Step: 966656	Mean reward: 19.0	 Loss: -0.01956949196755886
Step: 974848	Mean reward: 19.25	 Loss: -0.07012339681386948
Step: 983040	Mean reward: 18.84375	 Loss: -0.09047050029039383
Step: 991232	Mean reward: 19.625	 Loss: -0.0062178960070014
Step: 999424	Mean reward: 18.40625	 Loss: -0.009562109597027302
Step: 1007616	Mean reward: 20.09375	 Loss: -0.08173112571239471
Step: 1015808	Mean reward: 17.75	 Loss: -0.1586528718471527
Step: 1024000	Mean reward: 20.28125	 Loss: -0.09465448558330536
Step: 1032192	Mean reward: 18.34375	 Loss: -0.08703166991472244
Step: 1040384	Mean reward: 19.75	 Loss: -0.09605899453163147
Step: 1048576	Mean reward: 19.15625	 Loss: -0.017026212066411972
Step: 1056768	Mean reward: 19.96875	 Loss: 0.009990688413381577
Step: 1064960	Mean reward: 18.8125	 Loss: -0.13812637329101562
Step: 1073152	Mean reward: 19.09375	 Loss: -0.04525725170969963
Step: 1081344	Mean reward: 19.71875	 Loss: -0.02497161366045475
Step: 1089536	Mean reward: 18.90625	 Loss: -0.08680357784032822
Step: 1097728	Mean reward: 20.59375	 Loss: -0.10897509008646011
Step: 1105920	Mean reward: 19.0625	 Loss: -0.10186085850000381
Step: 1114112	Mean reward: 21.15625	 Loss: -0.040274955332279205
Step: 1122304	Mean reward: 18.875	 Loss: -0.16396912932395935
Step: 1130496	Mean reward: 18.5	 Loss: -0.08702478557825089
Step: 1138688	Mean reward: 19.34375	 Loss: -0.13500486314296722
Step: 1146880	Mean reward: 16.71875	 Loss: 0.021504202857613564
Step: 1155072	Mean reward: 19.6875	 Loss: -0.07537835091352463
Step: 1163264	Mean reward: 19.8125	 Loss: -0.07207595556974411
Step: 1171456	Mean reward: 21.21875	 Loss: -0.0068144965916872025
Step: 1179648	Mean reward: 19.96875	 Loss: 0.005447061732411385
Step: 1187840	Mean reward: 20.5	 Loss: -0.0623139813542366
Step: 1196032	Mean reward: 21.6875	 Loss: -0.09441173076629639
Step: 1204224	Mean reward: 19.625	 Loss: -0.12979263067245483
Step: 1212416	Mean reward: 19.875	 Loss: -0.05775858834385872
Step: 1220608	Mean reward: 18.34375	 Loss: -0.13082300126552582
Step: 1228800	Mean reward: 18.5625	 Loss: -0.08093924075365067
Step: 1236992	Mean reward: 19.65625	 Loss: -0.0038448264822363853
Step: 1245184	Mean reward: 19.28125	 Loss: -0.10756037384271622
Step: 1253376	Mean reward: 20.40625	 Loss: -0.0551680251955986
Step: 1261568	Mean reward: 20.8125	 Loss: -0.09372439235448837
Step: 1269760	Mean reward: 19.25	 Loss: -0.13398531079292297
Step: 1277952	Mean reward: 19.96875	 Loss: -0.03480175882577896
Step: 1286144	Mean reward: 18.65625	 Loss: -0.03471219912171364
Step: 1294336	Mean reward: 20.78125	 Loss: -0.03030441701412201
Step: 1302528	Mean reward: 18.9375	 Loss: -0.10142353922128677
Step: 1310720	Mean reward: 19.53125	 Loss: 0.012194464914500713
Step: 1318912	Mean reward: 19.84375	 Loss: 0.02707063779234886
Step: 1327104	Mean reward: 19.21875	 Loss: -0.08939313888549805
Step: 1335296	Mean reward: 18.4375	 Loss: -0.08911781758069992
Step: 1343488	Mean reward: 18.90625	 Loss: 0.0213002972304821
Step: 1351680	Mean reward: 19.65625	 Loss: -0.03857976570725441
Step: 1359872	Mean reward: 19.46875	 Loss: -0.09040636569261551
Step: 1368064	Mean reward: 19.65625	 Loss: -0.022471364587545395
Step: 1376256	Mean reward: 17.5	 Loss: -0.13247577846050262
Step: 1384448	Mean reward: 18.34375	 Loss: -0.10749964416027069
Step: 1392640	Mean reward: 18.65625	 Loss: -0.09520671516656876
Step: 1400832	Mean reward: 18.46875	 Loss: -0.06995372474193573
Step: 1409024	Mean reward: 19.25	 Loss: -0.05049430578947067
Step: 1417216	Mean reward: 18.40625	 Loss: -0.11607025563716888
Step: 1425408	Mean reward: 18.5625	 Loss: -0.0890340656042099
Step: 1433600	Mean reward: 19.375	 Loss: -0.05476406216621399
Step: 1441792	Mean reward: 20.15625	 Loss: 0.03842783719301224
Step: 1449984	Mean reward: 19.15625	 Loss: -0.021120108664035797
Step: 1458176	Mean reward: 19.34375	 Loss: 0.04029142111539841
Step: 1466368	Mean reward: 18.71875	 Loss: -0.12215042114257812
Step: 1474560	Mean reward: 20.90625	 Loss: -0.059216924011707306
Step: 1482752	Mean reward: 18.65625	 Loss: -0.009343144483864307
Step: 1490944	Mean reward: 19.21875	 Loss: -0.0990179106593132
Step: 1499136	Mean reward: 18.21875	 Loss: -0.16616953909397125
Step: 1507328	Mean reward: 20.25	 Loss: -0.11836215853691101
Step: 1515520	Mean reward: 19.625	 Loss: -0.11198214441537857
Step: 1523712	Mean reward: 18.21875	 Loss: -0.029869915917515755
Step: 1531904	Mean reward: 18.71875	 Loss: -0.047641023993492126
Step: 1540096	Mean reward: 18.9375	 Loss: -0.07751801609992981
Step: 1548288	Mean reward: 19.59375	 Loss: -0.06341821700334549
Step: 1556480	Mean reward: 19.75	 Loss: -0.001526564359664917
Step: 1564672	Mean reward: 18.6875	 Loss: -0.0251239575445652
Step: 1572864	Mean reward: 19.28125	 Loss: -0.11530198156833649
Step: 1581056	Mean reward: 18.28125	 Loss: 0.02670387551188469
Step: 1589248	Mean reward: 18.28125	 Loss: -0.00517327431589365
Step: 1597440	Mean reward: 19.21875	 Loss: -0.08729418367147446
Step: 1605632	Mean reward: 20.875	 Loss: -0.07421740889549255
Step: 1613824	Mean reward: 18.90625	 Loss: 0.00327303446829319
Step: 1622016	Mean reward: 18.84375	 Loss: -0.08592859655618668
Step: 1630208	Mean reward: 19.65625	 Loss: -0.02934548817574978
Step: 1638400	Mean reward: 19.5	 Loss: -0.03706395626068115
Step: 1646592	Mean reward: 20.15625	 Loss: -0.021818919107317924
Step: 1654784	Mean reward: 21.4375	 Loss: 0.027908600866794586
Step: 1662976	Mean reward: 19.28125	 Loss: -0.08645983040332794
Step: 1671168	Mean reward: 18.65625	 Loss: 0.015984920784831047
Step: 1679360	Mean reward: 19.40625	 Loss: -0.04455798119306564
Step: 1687552	Mean reward: 18.9375	 Loss: -0.021775778383016586
Step: 1695744	Mean reward: 20.4375	 Loss: -0.02408047951757908
Step: 1703936	Mean reward: 18.78125	 Loss: -0.06188954785466194
Step: 1712128	Mean reward: 18.9375	 Loss: -0.031458090990781784
Step: 1720320	Mean reward: 18.1875	 Loss: -0.04993821680545807
Step: 1728512	Mean reward: 20.21875	 Loss: -0.001366080716252327
Step: 1736704	Mean reward: 18.1875	 Loss: -0.07855070382356644
Step: 1744896	Mean reward: 19.40625	 Loss: 0.005999810062348843
Step: 1753088	Mean reward: 19.53125	 Loss: -0.04425806179642677
Step: 1761280	Mean reward: 19.53125	 Loss: -0.002102692611515522
Step: 1769472	Mean reward: 19.09375	 Loss: -0.054746322333812714
Step: 1777664	Mean reward: 19.96875	 Loss: -0.08093594014644623
Step: 1785856	Mean reward: 19.4375	 Loss: -0.01830197125673294
Step: 1794048	Mean reward: 19.5	 Loss: -0.09440886229276657
Step: 1802240	Mean reward: 19.625	 Loss: -0.055613793432712555
Step: 1810432	Mean reward: 19.59375	 Loss: -0.05111298710107803
Step: 1818624	Mean reward: 19.625	 Loss: -0.03569041192531586
Step: 1826816	Mean reward: 19.375	 Loss: -0.04915551468729973
Step: 1835008	Mean reward: 20.71875	 Loss: -0.10583651065826416
Step: 1843200	Mean reward: 19.5625	 Loss: -0.024461273103952408
Step: 1851392	Mean reward: 19.6875	 Loss: -0.030292998999357224
Step: 1859584	Mean reward: 20.3125	 Loss: -0.004577071405947208
Step: 1867776	Mean reward: 20.1875	 Loss: 0.016394492238759995
Step: 1875968	Mean reward: 20.6875	 Loss: -0.01597910374403
Step: 1884160	Mean reward: 19.8125	 Loss: -0.07892864942550659
Step: 1892352	Mean reward: 18.75	 Loss: -0.04773294925689697
Step: 1900544	Mean reward: 21.0625	 Loss: -0.06684666872024536
Step: 1908736	Mean reward: 19.8125	 Loss: -0.0174412839114666
Step: 1916928	Mean reward: 20.15625	 Loss: -0.10247235000133514
Step: 1925120	Mean reward: 19.875	 Loss: -0.0968143418431282
Step: 1933312	Mean reward: 19.65625	 Loss: -0.06912416219711304
Step: 1941504	Mean reward: 22.15625	 Loss: -0.05872492492198944
Step: 1949696	Mean reward: 18.78125	 Loss: -0.0729881227016449
Step: 1957888	Mean reward: 18.96875	 Loss: -0.03433559089899063
Step: 1966080	Mean reward: 20.09375	 Loss: 0.04843080788850784
Step: 1974272	Mean reward: 20.53125	 Loss: -0.09360214322805405
Step: 1982464	Mean reward: 19.625	 Loss: 0.0016310270875692368
Step: 1990656	Mean reward: 20.28125	 Loss: -0.0919773206114769
Step: 1998848	Mean reward: 20.40625	 Loss: -0.003770371899008751
Step: 2007040	Mean reward: 20.53125	 Loss: 0.005743716843426228
Step: 2015232	Mean reward: 20.1875	 Loss: -0.05029210075736046
Step: 2023424	Mean reward: 20.90625	 Loss: -0.05489553511142731
Step: 2031616	Mean reward: 20.1875	 Loss: 0.011962619610130787
Step: 2039808	Mean reward: 20.21875	 Loss: -0.10218533873558044
Step: 2048000	Mean reward: 18.78125	 Loss: -0.005692747421562672
Step: 2056192	Mean reward: 19.59375	 Loss: 0.04071331024169922
Step: 2064384	Mean reward: 20.65625	 Loss: -0.08558167517185211
Step: 2072576	Mean reward: 19.40625	 Loss: -0.05403941869735718
Step: 2080768	Mean reward: 20.65625	 Loss: -0.030428720638155937
Step: 2088960	Mean reward: 20.96875	 Loss: -0.1675969660282135
Step: 2097152	Mean reward: 19.5	 Loss: -0.050675563514232635
Step: 2105344	Mean reward: 19.65625	 Loss: -0.12705378234386444
Step: 2113536	Mean reward: 19.78125	 Loss: -0.05583694204688072
Step: 2121728	Mean reward: 20.375	 Loss: -0.1127680242061615
Step: 2129920	Mean reward: 20.90625	 Loss: 0.04987093806266785
Step: 2138112	Mean reward: 21.09375	 Loss: -0.09399506449699402
Step: 2146304	Mean reward: 19.78125	 Loss: -0.04775499552488327
Step: 2154496	Mean reward: 20.875	 Loss: -0.05939570069313049
Step: 2162688	Mean reward: 20.1875	 Loss: -0.0620243065059185
Step: 2170880	Mean reward: 21.21875	 Loss: 0.0030729928985238075
Step: 2179072	Mean reward: 20.875	 Loss: -0.030025482177734375
Step: 2187264	Mean reward: 20.03125	 Loss: -0.08146408200263977
Step: 2195456	Mean reward: 20.9375	 Loss: -0.058047328144311905
Step: 2203648	Mean reward: 21.59375	 Loss: 0.0007745092734694481
Step: 2211840	Mean reward: 20.09375	 Loss: -0.09621249884366989
Step: 2220032	Mean reward: 19.59375	 Loss: 0.019187483936548233
Step: 2228224	Mean reward: 20.78125	 Loss: 0.017987344413995743
Step: 2236416	Mean reward: 21.625	 Loss: -0.02219780720770359
Step: 2244608	Mean reward: 19.96875	 Loss: -0.030977297574281693
Step: 2252800	Mean reward: 19.59375	 Loss: -0.031804367899894714
Step: 2260992	Mean reward: 21.53125	 Loss: -0.04888450726866722
Step: 2269184	Mean reward: 20.75	 Loss: -0.047536805272102356
Step: 2277376	Mean reward: 21.28125	 Loss: -0.09154830873012543
Step: 2285568	Mean reward: 19.3125	 Loss: -0.0421353280544281
Step: 2293760	Mean reward: 21.125	 Loss: -0.12094590067863464
Step: 2301952	Mean reward: 20.5	 Loss: -0.04477815330028534
Step: 2310144	Mean reward: 19.5	 Loss: -0.05177370086312294
Step: 2318336	Mean reward: 20.9375	 Loss: -0.06722714006900787
Step: 2326528	Mean reward: 23.4375	 Loss: -0.11606460809707642
Step: 2334720	Mean reward: 19.5625	 Loss: -0.10238468647003174
Step: 2342912	Mean reward: 20.25	 Loss: -0.013422725722193718
Step: 2351104	Mean reward: 18.96875	 Loss: -0.11986123770475388
Step: 2359296	Mean reward: 21.28125	 Loss: -0.013545248657464981
Step: 2367488	Mean reward: 22.375	 Loss: -0.035406094044446945
Step: 2375680	Mean reward: 19.28125	 Loss: -0.021546877920627594
Step: 2383872	Mean reward: 20.78125	 Loss: -0.02053818851709366
Step: 2392064	Mean reward: 20.96875	 Loss: -0.046903595328330994
Step: 2400256	Mean reward: 20.59375	 Loss: -0.05456327274441719
Step: 2408448	Mean reward: 18.5625	 Loss: -0.0372752919793129
Step: 2416640	Mean reward: 20.03125	 Loss: -0.10719112306833267
Step: 2424832	Mean reward: 20.9375	 Loss: -0.06891896575689316
Step: 2433024	Mean reward: 18.5	 Loss: 0.01571842096745968
Step: 2441216	Mean reward: 20.125	 Loss: -0.037093836814165115
Step: 2449408	Mean reward: 21.1875	 Loss: -0.058010414242744446
Step: 2457600	Mean reward: 19.6875	 Loss: -0.07160299271345139
Step: 2465792	Mean reward: 19.40625	 Loss: -0.07773713022470474
Step: 2473984	Mean reward: 21.5	 Loss: 0.03369825333356857
Step: 2482176	Mean reward: 20.34375	 Loss: -0.07747652381658554
Step: 2490368	Mean reward: 20.84375	 Loss: -0.004352100193500519
Step: 2498560	Mean reward: 20.8125	 Loss: -0.05185895040631294
Step: 2506752	Mean reward: 21.40625	 Loss: -0.041900329291820526
Step: 2514944	Mean reward: 19.96875	 Loss: -0.04197429120540619
Step: 2523136	Mean reward: 19.78125	 Loss: -0.08639388531446457
Step: 2531328	Mean reward: 20.9375	 Loss: -0.12797100841999054
Step: 2539520	Mean reward: 20.5625	 Loss: -0.03326794505119324
Step: 2547712	Mean reward: 19.9375	 Loss: -0.03262936696410179
Step: 2555904	Mean reward: 19.1875	 Loss: -0.11952568590641022
Step: 2564096	Mean reward: 18.6875	 Loss: -0.0966465100646019
Step: 2572288	Mean reward: 20.84375	 Loss: -0.009723766706883907
Step: 2580480	Mean reward: 21.03125	 Loss: -0.05824213847517967
Step: 2588672	Mean reward: 19.15625	 Loss: -0.1316460371017456
Step: 2596864	Mean reward: 21.8125	 Loss: -0.08192379772663116
Step: 2605056	Mean reward: 20.09375	 Loss: -0.023510832339525223
Step: 2613248	Mean reward: 21.5	 Loss: -0.0722423568367958
Step: 2621440	Mean reward: 20.53125	 Loss: -0.011365910992026329
Step: 2629632	Mean reward: 21.375	 Loss: -0.08147820830345154
Step: 2637824	Mean reward: 20.0625	 Loss: -0.06618592888116837
Step: 2646016	Mean reward: 21.21875	 Loss: -0.0728202685713768
Step: 2654208	Mean reward: 20.875	 Loss: -0.11954620480537415
Step: 2662400	Mean reward: 20.46875	 Loss: -0.019484035670757294
Step: 2670592	Mean reward: 22.5	 Loss: -0.13094738125801086
Step: 2678784	Mean reward: 22.21875	 Loss: -0.04367779940366745
Step: 2686976	Mean reward: 21.1875	 Loss: -0.09752558916807175
Step: 2695168	Mean reward: 21.96875	 Loss: 0.0488385334610939
Step: 2703360	Mean reward: 20.6875	 Loss: -0.06558986753225327
Step: 2711552	Mean reward: 19.65625	 Loss: -0.02490239217877388
Step: 2719744	Mean reward: 19.59375	 Loss: -0.04079020023345947
Step: 2727936	Mean reward: 20.03125	 Loss: -0.09798352420330048
Step: 2736128	Mean reward: 19.59375	 Loss: -0.04752727597951889
Step: 2744320	Mean reward: 20.8125	 Loss: -0.006721322424709797
Step: 2752512	Mean reward: 21.6875	 Loss: -0.09149053692817688
Step: 2760704	Mean reward: 20.40625	 Loss: -0.07309267669916153
Step: 2768896	Mean reward: 21.40625	 Loss: -0.011394478380680084
Step: 2777088	Mean reward: 21.59375	 Loss: -0.03996257856488228
Step: 2785280	Mean reward: 20.84375	 Loss: -0.08038762211799622
Step: 2793472	Mean reward: 20.125	 Loss: -0.04372900724411011
Step: 2801664	Mean reward: 20.21875	 Loss: -0.10692320019006729
Step: 2809856	Mean reward: 21.21875	 Loss: -0.019306998699903488
Step: 2818048	Mean reward: 21.5625	 Loss: 0.00867537409067154
Step: 2826240	Mean reward: 20.4375	 Loss: -0.03924969211220741
Step: 2834432	Mean reward: 20.40625	 Loss: -0.021498700603842735
Step: 2842624	Mean reward: 21.1875	 Loss: -0.007115245796740055
Step: 2850816	Mean reward: 20.1875	 Loss: -0.015515279024839401
Step: 2859008	Mean reward: 21.46875	 Loss: -0.044644795358181
Step: 2867200	Mean reward: 20.5625	 Loss: -0.13153009116649628
Step: 2875392	Mean reward: 22.4375	 Loss: -0.07002540677785873
Step: 2883584	Mean reward: 21.75	 Loss: 0.0992165058851242
Step: 2891776	Mean reward: 21.0625	 Loss: -0.052341971546411514
Step: 2899968	Mean reward: 20.96875	 Loss: 0.04219457134604454
Step: 2908160	Mean reward: 21.0625	 Loss: -0.03457780182361603
Step: 2916352	Mean reward: 21.40625	 Loss: -0.07235739380121231
Step: 2924544	Mean reward: 22.625	 Loss: -0.03945693373680115
Step: 2932736	Mean reward: 21.6875	 Loss: -0.06881823390722275
Step: 2940928	Mean reward: 20.625	 Loss: 0.0038329707458615303
Step: 2949120	Mean reward: 20.4375	 Loss: -0.04032355174422264
Step: 2957312	Mean reward: 22.28125	 Loss: -0.017046863213181496
Step: 2965504	Mean reward: 21.0	 Loss: -0.10488639026880264
Step: 2973696	Mean reward: 20.3125	 Loss: -0.06290515512228012
Step: 2981888	Mean reward: 20.3125	 Loss: -0.08121877908706665
Step: 2990080	Mean reward: 20.96875	 Loss: -0.12984178960323334
Step: 2998272	Mean reward: 21.65625	 Loss: -0.058773525059223175
Step: 3006464	Mean reward: 19.75	 Loss: -0.0738699659705162
Completed training at 2021-12-06 17:26:09
Observation space: Box([[[0. 0. 0. ... 0. 0. 0.]
  [0. 0. 0. ... 0. 0. 0.]
  [0. 0. 0. ... 0. 0. 0.]
  ...
  [0. 0. 0. ... 0. 0. 0.]
  [0. 0. 0. ... 0. 0. 0.]
  [0. 0. 0. ... 0. 0. 0.]]

 [[0. 0. 0. ... 0. 0. 0.]
  [0. 0. 0. ... 0. 0. 0.]
  [0. 0. 0. ... 0. 0. 0.]
  ...
  [0. 0. 0. ... 0. 0. 0.]
  [0. 0. 0. ... 0. 0. 0.]
  [0. 0. 0. ... 0. 0. 0.]]

 [[0. 0. 0. ... 0. 0. 0.]
  [0. 0. 0. ... 0. 0. 0.]
  [0. 0. 0. ... 0. 0. 0.]
  ...
  [0. 0. 0. ... 0. 0. 0.]
  [0. 0. 0. ... 0. 0. 0.]
  [0. 0. 0. ... 0. 0. 0.]]], [[[1. 1. 1. ... 1. 1. 1.]
  [1. 1. 1. ... 1. 1. 1.]
  [1. 1. 1. ... 1. 1. 1.]
  ...
  [1. 1. 1. ... 1. 1. 1.]
  [1. 1. 1. ... 1. 1. 1.]
  [1. 1. 1. ... 1. 1. 1.]]

 [[1. 1. 1. ... 1. 1. 1.]
  [1. 1. 1. ... 1. 1. 1.]
  [1. 1. 1. ... 1. 1. 1.]
  ...
  [1. 1. 1. ... 1. 1. 1.]
  [1. 1. 1. ... 1. 1. 1.]
  [1. 1. 1. ... 1. 1. 1.]]

 [[1. 1. 1. ... 1. 1. 1.]
  [1. 1. 1. ... 1. 1. 1.]
  [1. 1. 1. ... 1. 1. 1.]
  ...
  [1. 1. 1. ... 1. 1. 1.]
  [1. 1. 1. ... 1. 1. 1.]
  [1. 1. 1. ... 1. 1. 1.]]], (3, 64, 64), float32)
Action space: 15
Step: 8192	Mean reward: 3.84375	 Loss: 0.6675235629081726
Step: 16384	Mean reward: 5.0625	 Loss: 0.18187910318374634
Step: 24576	Mean reward: 5.40625	 Loss: 0.09514925628900528
Step: 32768	Mean reward: 6.375	 Loss: 0.013901501893997192
Step: 40960	Mean reward: 7.28125	 Loss: 0.039749208837747574
Step: 49152	Mean reward: 8.75	 Loss: 0.05661855265498161
Step: 57344	Mean reward: 8.15625	 Loss: 0.036662325263023376
Step: 65536	Mean reward: 9.125	 Loss: 0.008268851786851883
Step: 73728	Mean reward: 10.59375	 Loss: 0.002306286245584488
Step: 81920	Mean reward: 11.34375	 Loss: 0.05039440840482712
Step: 90112	Mean reward: 11.96875	 Loss: 0.06460636854171753
Step: 98304	Mean reward: 13.90625	 Loss: 0.0840391218662262
Step: 106496	Mean reward: 12.34375	 Loss: 0.035975150763988495
Step: 114688	Mean reward: 12.40625	 Loss: -0.013622444123029709
Step: 122880	Mean reward: 13.59375	 Loss: -0.05025346949696541
Step: 131072	Mean reward: 14.5625	 Loss: 0.005637099966406822
Step: 139264	Mean reward: 13.84375	 Loss: 0.022765284404158592
Step: 147456	Mean reward: 15.6875	 Loss: -0.0219216737896204
Step: 155648	Mean reward: 15.4375	 Loss: -0.05145253241062164
Step: 163840	Mean reward: 16.5625	 Loss: -0.05760248750448227
Step: 172032	Mean reward: 17.625	 Loss: 0.0040868110954761505
Step: 180224	Mean reward: 17.34375	 Loss: 0.025046445429325104
Step: 188416	Mean reward: 18.8125	 Loss: -0.008830126374959946
Step: 196608	Mean reward: 16.5625	 Loss: -0.04140544310212135
Step: 204800	Mean reward: 16.71875	 Loss: 0.015031775459647179
Step: 212992	Mean reward: 16.4375	 Loss: -0.06925281137228012
Step: 221184	Mean reward: 18.25	 Loss: -0.012567022815346718
Step: 229376	Mean reward: 17.3125	 Loss: -0.03844767063856125
Step: 237568	Mean reward: 19.28125	 Loss: -0.08672098815441132
Step: 245760	Mean reward: 18.9375	 Loss: -0.062304720282554626
Step: 253952	Mean reward: 17.5625	 Loss: -0.005712561309337616
Step: 262144	Mean reward: 18.6875	 Loss: -0.03178105875849724
Step: 270336	Mean reward: 17.71875	 Loss: -0.1103089451789856
Step: 278528	Mean reward: 18.0	 Loss: -0.1292184293270111
Step: 286720	Mean reward: 18.125	 Loss: -0.10175780951976776
Step: 294912	Mean reward: 18.125	 Loss: -0.18283411860466003
Step: 303104	Mean reward: 18.4375	 Loss: 0.02038397453725338
Step: 311296	Mean reward: 19.125	 Loss: -0.07179726660251617
Step: 319488	Mean reward: 17.9375	 Loss: -0.12646056711673737
Step: 327680	Mean reward: 17.03125	 Loss: -0.07832260429859161
Step: 335872	Mean reward: 18.3125	 Loss: -0.16313612461090088
Step: 344064	Mean reward: 18.4375	 Loss: -0.04913635551929474
Step: 352256	Mean reward: 18.03125	 Loss: -0.08110575377941132
Step: 360448	Mean reward: 18.8125	 Loss: -0.09471162408590317
Step: 368640	Mean reward: 17.375	 Loss: -0.10843081772327423
Step: 376832	Mean reward: 17.59375	 Loss: -0.08636511862277985
Step: 385024	Mean reward: 19.875	 Loss: -0.0645742416381836
Step: 393216	Mean reward: 17.375	 Loss: -0.05182363837957382
Step: 401408	Mean reward: 19.53125	 Loss: -0.10003112256526947
Step: 409600	Mean reward: 18.6875	 Loss: -0.08562017977237701
Step: 417792	Mean reward: 19.75	 Loss: -0.04646724462509155
Step: 425984	Mean reward: 19.46875	 Loss: -0.07416494190692902
Step: 434176	Mean reward: 18.75	 Loss: -0.01524152047932148
Step: 442368	Mean reward: 17.8125	 Loss: -0.08497410267591476
Step: 450560	Mean reward: 18.09375	 Loss: -0.19797112047672272
Step: 458752	Mean reward: 19.21875	 Loss: -0.02095101587474346
Step: 466944	Mean reward: 19.625	 Loss: -0.04687532037496567
Step: 475136	Mean reward: 19.125	 Loss: -0.0394633524119854
Step: 483328	Mean reward: 20.03125	 Loss: -0.06701445579528809
Step: 491520	Mean reward: 19.8125	 Loss: -0.08293841034173965
Step: 499712	Mean reward: 18.8125	 Loss: -0.12297499924898148
Step: 507904	Mean reward: 19.78125	 Loss: 0.008679257705807686
Step: 516096	Mean reward: 18.84375	 Loss: -0.021076664328575134
Step: 524288	Mean reward: 18.8125	 Loss: -0.040899213403463364
Step: 532480	Mean reward: 18.40625	 Loss: -0.08483753353357315
Step: 540672	Mean reward: 19.34375	 Loss: -0.10178179293870926
Step: 548864	Mean reward: 19.4375	 Loss: -0.09381917119026184
Step: 557056	Mean reward: 20.09375	 Loss: 0.06787041574716568
Step: 565248	Mean reward: 19.5625	 Loss: -0.13153119385242462
Step: 573440	Mean reward: 17.78125	 Loss: -0.12072350084781647
Step: 581632	Mean reward: 20.3125	 Loss: -0.12495045363903046
Step: 589824	Mean reward: 18.28125	 Loss: 0.020709631964564323
Step: 598016	Mean reward: 20.75	 Loss: -0.042622484266757965
Step: 606208	Mean reward: 20.0625	 Loss: -0.10928952693939209
Step: 614400	Mean reward: 20.5	 Loss: -0.1038273423910141
Step: 622592	Mean reward: 18.90625	 Loss: -0.033628739416599274
Step: 630784	Mean reward: 20.09375	 Loss: -0.08606332540512085
Step: 638976	Mean reward: 19.9375	 Loss: -0.06926988810300827
Step: 647168	Mean reward: 20.625	 Loss: -0.08719825744628906
Step: 655360	Mean reward: 19.625	 Loss: -0.07529481500387192
Step: 663552	Mean reward: 21.1875	 Loss: -0.11961724609136581
Step: 671744	Mean reward: 22.09375	 Loss: -0.01933712139725685
Step: 679936	Mean reward: 22.1875	 Loss: -0.02314867079257965
Step: 688128	Mean reward: 19.03125	 Loss: -0.11343033611774445
Step: 696320	Mean reward: 21.1875	 Loss: -0.10504022240638733
Step: 704512	Mean reward: 20.0625	 Loss: -0.06707343459129333
Step: 712704	Mean reward: 20.4375	 Loss: -0.11743546277284622
Step: 720896	Mean reward: 21.1875	 Loss: -0.09706246852874756
Step: 729088	Mean reward: 20.40625	 Loss: -0.09499752521514893
Step: 737280	Mean reward: 21.28125	 Loss: 0.04603089019656181
Step: 745472	Mean reward: 19.625	 Loss: -0.13485603034496307
Step: 753664	Mean reward: 20.1875	 Loss: -0.08516589552164078
Step: 761856	Mean reward: 21.125	 Loss: -0.03509766608476639
Step: 770048	Mean reward: 21.125	 Loss: -0.12726876139640808
Step: 778240	Mean reward: 20.28125	 Loss: -0.11628073453903198
Step: 786432	Mean reward: 20.46875	 Loss: -0.11190096288919449
Step: 794624	Mean reward: 20.78125	 Loss: -0.06522592157125473
Step: 802816	Mean reward: 20.9375	 Loss: -0.11229214072227478
Step: 811008	Mean reward: 21.15625	 Loss: -0.03481544554233551
Step: 819200	Mean reward: 21.28125	 Loss: -0.029589267447590828
Step: 827392	Mean reward: 21.1875	 Loss: -0.003901449032127857
Step: 835584	Mean reward: 20.59375	 Loss: -0.04181350767612457
Step: 843776	Mean reward: 21.34375	 Loss: -0.07142391800880432
Step: 851968	Mean reward: 20.0625	 Loss: -0.025133930146694183
Step: 860160	Mean reward: 20.125	 Loss: -0.011770444922149181
Step: 868352	Mean reward: 19.625	 Loss: -0.08259140700101852
Step: 876544	Mean reward: 21.28125	 Loss: -0.06991049647331238
Step: 884736	Mean reward: 18.375	 Loss: 0.0292433500289917
Step: 892928	Mean reward: 21.59375	 Loss: -0.02305055409669876
Step: 901120	Mean reward: 21.90625	 Loss: -0.13628976047039032
Step: 909312	Mean reward: 20.75	 Loss: -0.10809585452079773
Step: 917504	Mean reward: 21.125	 Loss: -0.037702690809965134
Step: 925696	Mean reward: 19.5	 Loss: -0.04749302938580513
Step: 933888	Mean reward: 21.28125	 Loss: -0.11817214637994766
Step: 942080	Mean reward: 22.375	 Loss: -0.02447303757071495
Step: 950272	Mean reward: 20.1875	 Loss: -0.057209767401218414
Step: 958464	Mean reward: 21.9375	 Loss: -0.055668313056230545
Step: 966656	Mean reward: 20.90625	 Loss: -0.05320630222558975
Step: 974848	Mean reward: 22.3125	 Loss: -0.07660765945911407
Step: 983040	Mean reward: 21.0	 Loss: -0.1096087247133255
Step: 991232	Mean reward: 19.75	 Loss: -0.039475321769714355
Step: 999424	Mean reward: 20.875	 Loss: -0.037740498781204224
Step: 1007616	Mean reward: 21.25	 Loss: -0.0247966255992651
Step: 1015808	Mean reward: 22.03125	 Loss: -0.027264494448900223
Step: 1024000	Mean reward: 20.75	 Loss: -0.08196089416742325
Step: 1032192	Mean reward: 20.4375	 Loss: -0.05902254581451416
Step: 1040384	Mean reward: 21.9375	 Loss: -0.02909507229924202
Step: 1048576	Mean reward: 23.5625	 Loss: -0.013614069670438766
Step: 1056768	Mean reward: 21.15625	 Loss: -0.025101017206907272
Step: 1064960	Mean reward: 22.46875	 Loss: -0.0953017920255661
Step: 1073152	Mean reward: 21.25	 Loss: -0.01721039041876793
Step: 1081344	Mean reward: 21.34375	 Loss: -0.002710806205868721
Step: 1089536	Mean reward: 20.71875	 Loss: -0.03016328066587448
Step: 1097728	Mean reward: 21.0	 Loss: -0.07969535887241364
Step: 1105920	Mean reward: 20.8125	 Loss: -0.03504088521003723
Step: 1114112	Mean reward: 21.59375	 Loss: 0.0015570363029837608
Step: 1122304	Mean reward: 21.59375	 Loss: -0.05156698077917099
Step: 1130496	Mean reward: 21.375	 Loss: -0.022050075232982635
Step: 1138688	Mean reward: 21.25	 Loss: -0.012358641251921654
Step: 1146880	Mean reward: 21.3125	 Loss: -0.04382769763469696
Step: 1155072	Mean reward: 21.3125	 Loss: -0.06076008081436157
Step: 1163264	Mean reward: 22.40625	 Loss: -0.08065277338027954
Step: 1171456	Mean reward: 19.71875	 Loss: -0.05067254975438118
Step: 1179648	Mean reward: 21.625	 Loss: 0.02230919897556305
Step: 1187840	Mean reward: 21.15625	 Loss: -0.03861793130636215
Step: 1196032	Mean reward: 20.90625	 Loss: -0.0352478101849556
Step: 1204224	Mean reward: 20.6875	 Loss: -0.07519503682851791
Step: 1212416	Mean reward: 22.4375	 Loss: -0.0781235545873642
Step: 1220608	Mean reward: 20.875	 Loss: -0.07661415636539459
Step: 1228800	Mean reward: 21.59375	 Loss: -0.06380227208137512
Step: 1236992	Mean reward: 19.59375	 Loss: -0.04918765276670456
Step: 1245184	Mean reward: 21.46875	 Loss: -0.0619981624186039
Step: 1253376	Mean reward: 20.96875	 Loss: -0.09816187620162964
Step: 1261568	Mean reward: 22.125	 Loss: -0.05754799023270607
Step: 1269760	Mean reward: 20.125	 Loss: -0.12065862864255905
Step: 1277952	Mean reward: 20.40625	 Loss: -0.08833468705415726
Step: 1286144	Mean reward: 20.625	 Loss: -0.03707809001207352
Step: 1294336	Mean reward: 22.03125	 Loss: -0.10665417462587357
Step: 1302528	Mean reward: 23.375	 Loss: -0.09103480726480484
Step: 1310720	Mean reward: 22.09375	 Loss: -0.0842054933309555
Step: 1318912	Mean reward: 21.875	 Loss: 0.020605169236660004
Step: 1327104	Mean reward: 22.84375	 Loss: -0.03826151043176651
Step: 1335296	Mean reward: 20.46875	 Loss: 0.03466101363301277
Step: 1343488	Mean reward: 21.1875	 Loss: -0.0859205350279808
Step: 1351680	Mean reward: 20.9375	 Loss: -0.048158202320337296
Step: 1359872	Mean reward: 20.5	 Loss: -0.06562753021717072
Step: 1368064	Mean reward: 21.28125	 Loss: -0.00851879920810461
Step: 1376256	Mean reward: 21.34375	 Loss: -0.11817701160907745
Step: 1384448	Mean reward: 21.46875	 Loss: -0.06359340250492096
Step: 1392640	Mean reward: 21.21875	 Loss: -0.08391093462705612
Step: 1400832	Mean reward: 22.3125	 Loss: -0.11551344394683838
Step: 1409024	Mean reward: 22.75	 Loss: -0.13040605187416077
Step: 1417216	Mean reward: 21.21875	 Loss: -0.06555265933275223
Step: 1425408	Mean reward: 20.78125	 Loss: -0.09855808317661285
Step: 1433600	Mean reward: 20.84375	 Loss: -0.05588165670633316
Step: 1441792	Mean reward: 19.28125	 Loss: -0.07620059698820114
Step: 1449984	Mean reward: 22.03125	 Loss: -0.06782037019729614
Step: 1458176	Mean reward: 21.65625	 Loss: -0.06881097704172134
Step: 1466368	Mean reward: 21.875	 Loss: -0.026266250759363174
Step: 1474560	Mean reward: 21.875	 Loss: -0.022745098918676376
Step: 1482752	Mean reward: 20.9375	 Loss: -0.03777799755334854
Step: 1490944	Mean reward: 21.1875	 Loss: -0.11566540598869324
Step: 1499136	Mean reward: 22.78125	 Loss: -0.16828516125679016
Step: 1507328	Mean reward: 21.03125	 Loss: -0.07667839527130127
Step: 1515520	Mean reward: 22.09375	 Loss: -0.057056088000535965
Step: 1523712	Mean reward: 21.25	 Loss: -0.05428747832775116
Step: 1531904	Mean reward: 20.8125	 Loss: 0.003683454357087612
Step: 1540096	Mean reward: 21.46875	 Loss: 0.02692878246307373
Step: 1548288	Mean reward: 22.25	 Loss: 0.03003930300474167
Step: 1556480	Mean reward: 20.84375	 Loss: 0.03048563376069069
Step: 1564672	Mean reward: 21.09375	 Loss: -0.11963289231061935
Step: 1572864	Mean reward: 21.375	 Loss: -0.02919352799654007
Step: 1581056	Mean reward: 21.1875	 Loss: -0.03304905816912651
Step: 1589248	Mean reward: 21.28125	 Loss: -0.04010198265314102
Step: 1597440	Mean reward: 20.96875	 Loss: -0.055903855711221695
Step: 1605632	Mean reward: 20.96875	 Loss: -0.1102629080414772
Step: 1613824	Mean reward: 22.6875	 Loss: -0.1184825599193573
Step: 1622016	Mean reward: 21.625	 Loss: -0.06095074862241745
Step: 1630208	Mean reward: 22.3125	 Loss: -0.06738771498203278
Step: 1638400	Mean reward: 20.1875	 Loss: 0.012886818498373032
Step: 1646592	Mean reward: 19.875	 Loss: -0.07218203693628311
Step: 1654784	Mean reward: 20.625	 Loss: -0.03309653326869011
Step: 1662976	Mean reward: 22.03125	 Loss: -0.020355667918920517
Step: 1671168	Mean reward: 22.21875	 Loss: 0.03279931843280792
Step: 1679360	Mean reward: 20.625	 Loss: 0.01932884193956852
Step: 1687552	Mean reward: 21.21875	 Loss: 0.010179165750741959
Step: 1695744	Mean reward: 20.1875	 Loss: 0.11248382925987244
Step: 1703936	Mean reward: 21.15625	 Loss: -0.05823247879743576
Step: 1712128	Mean reward: 21.65625	 Loss: -0.055736247450113297
Step: 1720320	Mean reward: 22.03125	 Loss: -0.11042742431163788
Step: 1728512	Mean reward: 22.09375	 Loss: -0.0019425787031650543
Step: 1736704	Mean reward: 19.9375	 Loss: -0.038055043667554855
Step: 1744896	Mean reward: 22.125	 Loss: -0.04151492193341255
Step: 1753088	Mean reward: 20.5625	 Loss: -0.10229501873254776
Step: 1761280	Mean reward: 22.5625	 Loss: -0.03259478509426117
Step: 1769472	Mean reward: 21.75	 Loss: -0.018702562898397446
Step: 1777664	Mean reward: 21.25	 Loss: -0.023585181683301926
Step: 1785856	Mean reward: 21.09375	 Loss: -0.06454887986183167
Step: 1794048	Mean reward: 22.09375	 Loss: -0.07653721421957016
Step: 1802240	Mean reward: 20.4375	 Loss: -0.06529952585697174
Step: 1810432	Mean reward: 24.8125	 Loss: -0.09137833118438721
Step: 1818624	Mean reward: 23.5625	 Loss: -0.04244764894247055
Step: 1826816	Mean reward: 22.4375	 Loss: -0.05107928067445755
Step: 1835008	Mean reward: 22.25	 Loss: -0.05925615876913071
Step: 1843200	Mean reward: 21.3125	 Loss: -0.06351327896118164
Step: 1851392	Mean reward: 21.78125	 Loss: -0.0034984778612852097
Step: 1859584	Mean reward: 22.84375	 Loss: 0.017627503722906113
Step: 1867776	Mean reward: 21.40625	 Loss: -0.08666019886732101
Step: 1875968	Mean reward: 20.84375	 Loss: -0.06975506991147995
Step: 1884160	Mean reward: 22.375	 Loss: -0.030733585357666016
Step: 1892352	Mean reward: 22.78125	 Loss: 0.016058452427387238
Step: 1900544	Mean reward: 20.8125	 Loss: 0.041182614862918854
Step: 1908736	Mean reward: 21.3125	 Loss: -0.041917432099580765
Step: 1916928	Mean reward: 20.96875	 Loss: -0.045970428735017776
Step: 1925120	Mean reward: 22.65625	 Loss: -0.07411816716194153
Step: 1933312	Mean reward: 22.28125	 Loss: -0.03068608045578003
Step: 1941504	Mean reward: 22.75	 Loss: -0.07643478363752365
Step: 1949696	Mean reward: 20.875	 Loss: 0.00033762119710445404
Step: 1957888	Mean reward: 22.875	 Loss: -0.020646732300519943
Step: 1966080	Mean reward: 21.5	 Loss: -0.07789859175682068
Step: 1974272	Mean reward: 22.4375	 Loss: -0.013867387548089027
Step: 1982464	Mean reward: 22.28125	 Loss: -0.0798107385635376
Step: 1990656	Mean reward: 21.5625	 Loss: -0.015926770865917206
Step: 1998848	Mean reward: 21.40625	 Loss: -0.08912026882171631
Step: 2007040	Mean reward: 22.78125	 Loss: -0.07384514808654785
Step: 2015232	Mean reward: 21.71875	 Loss: -0.0411752425134182
Step: 2023424	Mean reward: 22.6875	 Loss: -0.04202970489859581
Step: 2031616	Mean reward: 20.78125	 Loss: -0.10099950432777405
Step: 2039808	Mean reward: 21.4375	 Loss: -0.10032662749290466
Step: 2048000	Mean reward: 21.59375	 Loss: -0.013527770526707172
Step: 2056192	Mean reward: 20.125	 Loss: -0.03678416460752487
Step: 2064384	Mean reward: 23.0625	 Loss: 0.0043443418107926846
Step: 2072576	Mean reward: 21.71875	 Loss: -0.023304257541894913
Step: 2080768	Mean reward: 21.375	 Loss: -0.0653078481554985
Step: 2088960	Mean reward: 23.15625	 Loss: -0.04814111441373825
Step: 2097152	Mean reward: 21.84375	 Loss: -0.029614776372909546
Step: 2105344	Mean reward: 21.96875	 Loss: -0.03731706365942955
Step: 2113536	Mean reward: 23.3125	 Loss: -0.018177535384893417
Step: 2121728	Mean reward: 23.3125	 Loss: -0.1299586147069931
Step: 2129920	Mean reward: 24.09375	 Loss: -0.09292784333229065
Step: 2138112	Mean reward: 23.59375	 Loss: -0.05317201092839241
Step: 2146304	Mean reward: 23.125	 Loss: -0.08191678673028946
Step: 2154496	Mean reward: 22.65625	 Loss: -0.018557880073785782
Step: 2162688	Mean reward: 22.84375	 Loss: -0.09045657515525818
Step: 2170880	Mean reward: 22.09375	 Loss: -0.10286616533994675
Step: 2179072	Mean reward: 22.5625	 Loss: -0.053741246461868286
Step: 2187264	Mean reward: 23.375	 Loss: 0.06895506381988525
Step: 2195456	Mean reward: 22.4375	 Loss: -0.0856296494603157
Step: 2203648	Mean reward: 22.84375	 Loss: -0.07017390429973602
Step: 2211840	Mean reward: 21.40625	 Loss: -0.10718587040901184
Step: 2220032	Mean reward: 22.1875	 Loss: 0.042205680161714554
Step: 2228224	Mean reward: 22.28125	 Loss: 0.014377869665622711
Step: 2236416	Mean reward: 20.15625	 Loss: -0.014385751448571682
Step: 2244608	Mean reward: 22.3125	 Loss: -0.07032743096351624
Step: 2252800	Mean reward: 22.59375	 Loss: -0.040179453790187836
Step: 2260992	Mean reward: 21.8125	 Loss: -0.01969497837126255
Step: 2269184	Mean reward: 22.1875	 Loss: 0.02555866166949272
Step: 2277376	Mean reward: 22.15625	 Loss: -0.03265827149152756
Step: 2285568	Mean reward: 22.3125	 Loss: 0.024061396718025208
Step: 2293760	Mean reward: 21.4375	 Loss: -0.046232737600803375
Step: 2301952	Mean reward: 22.0	 Loss: -0.016752246767282486
Step: 2310144	Mean reward: 22.3125	 Loss: -0.012729747220873833
Step: 2318336	Mean reward: 22.8125	 Loss: -0.13449348509311676
Step: 2326528	Mean reward: 20.9375	 Loss: -0.007687094621360302
Step: 2334720	Mean reward: 23.3125	 Loss: -0.013803425244987011
Step: 2342912	Mean reward: 24.03125	 Loss: -0.12886902689933777
Step: 2351104	Mean reward: 21.34375	 Loss: 0.016723286360502243
Step: 2359296	Mean reward: 22.3125	 Loss: -0.001133008860051632
Step: 2367488	Mean reward: 21.40625	 Loss: 0.04371010512113571
Step: 2375680	Mean reward: 23.03125	 Loss: -0.05088839679956436
Step: 2383872	Mean reward: 22.125	 Loss: -0.052436765283346176
Step: 2392064	Mean reward: 21.6875	 Loss: 0.003242543898522854
Step: 2400256	Mean reward: 23.34375	 Loss: -0.07069335132837296
Step: 2408448	Mean reward: 22.6875	 Loss: -0.0876467153429985
Step: 2416640	Mean reward: 21.8125	 Loss: -0.06913650780916214
Step: 2424832	Mean reward: 22.625	 Loss: -0.05480624735355377
Step: 2433024	Mean reward: 21.09375	 Loss: -0.02258477360010147
Step: 2441216	Mean reward: 23.46875	 Loss: 0.026398390531539917
Step: 2449408	Mean reward: 24.8125	 Loss: -0.06373793631792068
Step: 2457600	Mean reward: 23.8125	 Loss: -0.06451953202486038
Step: 2465792	Mean reward: 22.75	 Loss: -0.01268063299357891
Step: 2473984	Mean reward: 23.25	 Loss: -0.028183098882436752
Step: 2482176	Mean reward: 23.0625	 Loss: -0.03487486392259598
Step: 2490368	Mean reward: 22.0625	 Loss: -0.09726973623037338
Step: 2498560	Mean reward: 22.21875	 Loss: -0.05567994341254234
Step: 2506752	Mean reward: 24.0625	 Loss: -0.12644392251968384
Step: 2514944	Mean reward: 23.03125	 Loss: -0.03875357285141945
Step: 2523136	Mean reward: 21.34375	 Loss: -0.04231678694486618
Step: 2531328	Mean reward: 22.75	 Loss: -0.031168023124337196
Step: 2539520	Mean reward: 22.78125	 Loss: -0.05433902516961098
Step: 2547712	Mean reward: 24.09375	 Loss: -0.087446428835392
Step: 2555904	Mean reward: 22.71875	 Loss: -0.11992528289556503
Step: 2564096	Mean reward: 22.28125	 Loss: -0.08179332315921783
Step: 2572288	Mean reward: 22.65625	 Loss: -0.06726296246051788
Step: 2580480	Mean reward: 21.34375	 Loss: 0.04077243059873581
Step: 2588672	Mean reward: 23.59375	 Loss: -0.0034711984917521477
Step: 2596864	Mean reward: 22.375	 Loss: -0.06093020737171173
Step: 2605056	Mean reward: 22.65625	 Loss: -0.04322066903114319
Step: 2613248	Mean reward: 23.4375	 Loss: -0.07535196095705032
Step: 2621440	Mean reward: 22.3125	 Loss: -0.0705266073346138
Step: 2629632	Mean reward: 22.5625	 Loss: -0.03250538557767868
Step: 2637824	Mean reward: 20.84375	 Loss: -0.05826391279697418
Step: 2646016	Mean reward: 22.6875	 Loss: -0.05566563084721565
Step: 2654208	Mean reward: 22.65625	 Loss: -0.027293993160128593
Step: 2662400	Mean reward: 23.15625	 Loss: -0.04637150093913078
Step: 2670592	Mean reward: 21.0	 Loss: -0.03894632309675217
Step: 2678784	Mean reward: 24.1875	 Loss: -0.05375424772500992
Step: 2686976	Mean reward: 22.78125	 Loss: -0.032582834362983704
Step: 2695168	Mean reward: 22.5625	 Loss: -0.028047341853380203
Step: 2703360	Mean reward: 22.15625	 Loss: 0.012577550485730171
Step: 2711552	Mean reward: 21.1875	 Loss: -0.13945041596889496
Step: 2719744	Mean reward: 23.09375	 Loss: -0.1320609152317047
Step: 2727936	Mean reward: 22.96875	 Loss: -0.02012297511100769
Step: 2736128	Mean reward: 23.0	 Loss: -0.14891819655895233
Step: 2744320	Mean reward: 23.78125	 Loss: -0.037121135741472244
Step: 2752512	Mean reward: 23.59375	 Loss: 0.0064585329964756966
Step: 2760704	Mean reward: 21.21875	 Loss: 0.03125804662704468
Step: 2768896	Mean reward: 21.75	 Loss: -0.007207795046269894
Step: 2777088	Mean reward: 21.71875	 Loss: -0.05422361195087433
Step: 2785280	Mean reward: 23.65625	 Loss: -0.08614299446344376
Step: 2793472	Mean reward: 22.15625	 Loss: -0.049302611500024796
Step: 2801664	Mean reward: 24.4375	 Loss: -0.03479361534118652
Step: 2809856	Mean reward: 22.6875	 Loss: -0.03815781697630882
Step: 2818048	Mean reward: 21.5625	 Loss: -0.050895050168037415
Step: 2826240	Mean reward: 21.8125	 Loss: -0.004472307860851288
Step: 2834432	Mean reward: 23.34375	 Loss: -0.06848550587892532
Step: 2842624	Mean reward: 22.0	 Loss: -0.0052575767040252686
Step: 2850816	Mean reward: 23.125	 Loss: -0.0434054397046566
Step: 2859008	Mean reward: 23.125	 Loss: -0.09005795419216156
Step: 2867200	Mean reward: 22.53125	 Loss: -0.0831194519996643
Step: 2875392	Mean reward: 22.1875	 Loss: -0.05441540107131004
Step: 2883584	Mean reward: 24.3125	 Loss: -0.059025879949331284
Step: 2891776	Mean reward: 22.03125	 Loss: 0.02799345552921295
Step: 2899968	Mean reward: 22.78125	 Loss: -0.029461560770869255
Step: 2908160	Mean reward: 22.09375	 Loss: -0.06339859962463379
Step: 2916352	Mean reward: 21.1875	 Loss: -0.027583850547671318
Step: 2924544	Mean reward: 22.40625	 Loss: -0.09758632630109787
Step: 2932736	Mean reward: 23.21875	 Loss: 0.0009730886667966843
Step: 2940928	Mean reward: 22.03125	 Loss: -0.07505395263433456
Step: 2949120	Mean reward: 23.3125	 Loss: -0.016737068071961403
Step: 2957312	Mean reward: 19.96875	 Loss: -0.03312353044748306
Step: 2965504	Mean reward: 22.15625	 Loss: 0.0023805522359907627
Step: 2973696	Mean reward: 23.59375	 Loss: -0.04005417600274086
Step: 2981888	Mean reward: 23.03125	 Loss: -0.03673038259148598
Step: 2990080	Mean reward: 23.375	 Loss: -0.07052471488714218
Step: 2998272	Mean reward: 22.8125	 Loss: 0.011864700354635715
Step: 3006464	Mean reward: 22.25	 Loss: -0.03811519593000412
Completed training at 2021-12-06 19:27:54