Observation space: Box([[[0. 0. 0. ... 0. 0. 0.]
  [0. 0. 0. ... 0. 0. 0.]
  [0. 0. 0. ... 0. 0. 0.]
  ...
  [0. 0. 0. ... 0. 0. 0.]
  [0. 0. 0. ... 0. 0. 0.]
  [0. 0. 0. ... 0. 0. 0.]]

 [[0. 0. 0. ... 0. 0. 0.]
  [0. 0. 0. ... 0. 0. 0.]
  [0. 0. 0. ... 0. 0. 0.]
  ...
  [0. 0. 0. ... 0. 0. 0.]
  [0. 0. 0. ... 0. 0. 0.]
  [0. 0. 0. ... 0. 0. 0.]]

 [[0. 0. 0. ... 0. 0. 0.]
  [0. 0. 0. ... 0. 0. 0.]
  [0. 0. 0. ... 0. 0. 0.]
  ...
  [0. 0. 0. ... 0. 0. 0.]
  [0. 0. 0. ... 0. 0. 0.]
  [0. 0. 0. ... 0. 0. 0.]]], [[[1. 1. 1. ... 1. 1. 1.]
  [1. 1. 1. ... 1. 1. 1.]
  [1. 1. 1. ... 1. 1. 1.]
  ...
  [1. 1. 1. ... 1. 1. 1.]
  [1. 1. 1. ... 1. 1. 1.]
  [1. 1. 1. ... 1. 1. 1.]]

 [[1. 1. 1. ... 1. 1. 1.]
  [1. 1. 1. ... 1. 1. 1.]
  [1. 1. 1. ... 1. 1. 1.]
  ...
  [1. 1. 1. ... 1. 1. 1.]
  [1. 1. 1. ... 1. 1. 1.]
  [1. 1. 1. ... 1. 1. 1.]]

 [[1. 1. 1. ... 1. 1. 1.]
  [1. 1. 1. ... 1. 1. 1.]
  [1. 1. 1. ... 1. 1. 1.]
  ...
  [1. 1. 1. ... 1. 1. 1.]
  [1. 1. 1. ... 1. 1. 1.]
  [1. 1. 1. ... 1. 1. 1.]]], (3, 64, 64), float32)
Action space: 15
Step: 8192	Mean reward: 4.1875	 Loss: 0.3425505459308624
Step: 16384	Mean reward: 4.15625	 Loss: 0.08414644747972488
Step: 24576	Mean reward: 5.5	 Loss: 0.14072895050048828
Step: 32768	Mean reward: 5.34375	 Loss: 0.1259811818599701
Step: 40960	Mean reward: 6.1875	 Loss: 0.09552721679210663
Step: 49152	Mean reward: 6.3125	 Loss: 0.07815936207771301
Step: 57344	Mean reward: 6.0625	 Loss: 0.14880669116973877
Step: 65536	Mean reward: 5.8125	 Loss: 0.093564473092556
Step: 73728	Mean reward: 7.5	 Loss: 0.0901172086596489
Step: 81920	Mean reward: 8.375	 Loss: 0.13346004486083984
Step: 90112	Mean reward: 8.25	 Loss: 0.16878138482570648
Step: 98304	Mean reward: 8.71875	 Loss: 0.08555106818675995
Step: 106496	Mean reward: 7.90625	 Loss: 0.16193993389606476
Step: 114688	Mean reward: 6.6875	 Loss: 0.11260524392127991
Step: 122880	Mean reward: 7.09375	 Loss: 0.06119830533862114
Step: 131072	Mean reward: 8.875	 Loss: 0.022533029317855835
Step: 139264	Mean reward: 9.15625	 Loss: 0.1817655861377716
Step: 147456	Mean reward: 8.75	 Loss: 0.04176340252161026
Step: 155648	Mean reward: 7.71875	 Loss: 0.12201141566038132
Step: 163840	Mean reward: 8.375	 Loss: 0.03416624665260315
Step: 172032	Mean reward: 9.34375	 Loss: -0.003430170938372612
Step: 180224	Mean reward: 9.0625	 Loss: 0.0453711673617363
Step: 188416	Mean reward: 8.71875	 Loss: 0.0637386217713356
Step: 196608	Mean reward: 8.78125	 Loss: 0.016097024083137512
Step: 204800	Mean reward: 8.4375	 Loss: 0.1002955287694931
Step: 212992	Mean reward: 8.375	 Loss: 0.10253079980611801
Step: 221184	Mean reward: 9.625	 Loss: 0.07417771965265274
Step: 229376	Mean reward: 9.375	 Loss: 0.14454448223114014
Step: 237568	Mean reward: 7.5	 Loss: 0.0839596837759018
Step: 245760	Mean reward: 8.3125	 Loss: 0.09314828366041183
Step: 253952	Mean reward: 9.375	 Loss: 0.023815330117940903
Step: 262144	Mean reward: 8.65625	 Loss: 0.0028426703065633774
Step: 270336	Mean reward: 8.59375	 Loss: 0.10765258967876434
Step: 278528	Mean reward: 9.65625	 Loss: 0.06877468526363373
Step: 286720	Mean reward: 10.40625	 Loss: 0.08902807533740997
Step: 294912	Mean reward: 10.21875	 Loss: 0.07377544045448303
Step: 303104	Mean reward: 10.1875	 Loss: 0.1294732242822647
Step: 311296	Mean reward: 10.15625	 Loss: 0.017004800960421562
Step: 319488	Mean reward: 10.53125	 Loss: 0.03945399075746536
Step: 327680	Mean reward: 11.71875	 Loss: 0.06639723479747772
Step: 335872	Mean reward: 11.09375	 Loss: -0.026869233697652817
Step: 344064	Mean reward: 10.96875	 Loss: -0.007025513797998428
Step: 352256	Mean reward: 9.21875	 Loss: 0.024037295952439308
Step: 360448	Mean reward: 10.0625	 Loss: -0.0470593199133873
Step: 368640	Mean reward: 11.8125	 Loss: 0.11575482785701752
Step: 376832	Mean reward: 11.3125	 Loss: 0.10989809036254883
Step: 385024	Mean reward: 11.65625	 Loss: 0.03969414159655571
Step: 393216	Mean reward: 10.875	 Loss: 0.06458668410778046
Step: 401408	Mean reward: 12.25	 Loss: 0.08298581093549728
Step: 409600	Mean reward: 11.125	 Loss: 0.049590520560741425
Step: 417792	Mean reward: 11.5	 Loss: 0.040122732520103455
Step: 425984	Mean reward: 10.84375	 Loss: 0.062315814197063446
Step: 434176	Mean reward: 12.59375	 Loss: 0.04665432870388031
Step: 442368	Mean reward: 11.90625	 Loss: 0.04145284742116928
Step: 450560	Mean reward: 11.84375	 Loss: 0.07529648393392563
Step: 458752	Mean reward: 13.53125	 Loss: 0.04760659486055374
Step: 466944	Mean reward: 12.25	 Loss: 0.06734457612037659
Step: 475136	Mean reward: 12.65625	 Loss: 0.05732542276382446
Step: 483328	Mean reward: 12.34375	 Loss: 0.09834511578083038
Step: 491520	Mean reward: 11.75	 Loss: 0.02233637124300003
Step: 499712	Mean reward: 11.96875	 Loss: 0.08625660836696625
Step: 507904	Mean reward: 11.4375	 Loss: 0.032360516488552094
Step: 516096	Mean reward: 11.15625	 Loss: 0.010654829442501068
Step: 524288	Mean reward: 12.78125	 Loss: 0.02206394635140896
Step: 532480	Mean reward: 13.71875	 Loss: 0.05018649995326996
Step: 540672	Mean reward: 11.8125	 Loss: -0.03098292276263237
Step: 548864	Mean reward: 11.5	 Loss: 0.08165497332811356
Step: 557056	Mean reward: 12.1875	 Loss: -0.043229617178440094
Step: 565248	Mean reward: 12.5625	 Loss: 0.13834130764007568
Step: 573440	Mean reward: 12.09375	 Loss: 0.042086198925971985
Step: 581632	Mean reward: 13.09375	 Loss: -0.015576798468828201
Step: 589824	Mean reward: 13.40625	 Loss: 0.15085214376449585
Step: 598016	Mean reward: 13.28125	 Loss: 0.026641845703125
Step: 606208	Mean reward: 12.8125	 Loss: 0.06051485985517502
Step: 614400	Mean reward: 13.90625	 Loss: 0.021559428423643112
Step: 622592	Mean reward: 13.09375	 Loss: 0.024293949827551842
Step: 630784	Mean reward: 14.53125	 Loss: 0.15325266122817993
Step: 638976	Mean reward: 14.9375	 Loss: 0.02709026075899601
Step: 647168	Mean reward: 13.90625	 Loss: 0.059131354093551636
Step: 655360	Mean reward: 14.625	 Loss: 0.048270244151353836
Step: 663552	Mean reward: 13.65625	 Loss: 0.01508345827460289
Step: 671744	Mean reward: 15.0	 Loss: 0.14244450628757477
Step: 679936	Mean reward: 14.84375	 Loss: -0.022794242948293686
Step: 688128	Mean reward: 15.3125	 Loss: 0.0003351699560880661
Step: 696320	Mean reward: 14.53125	 Loss: 0.03316156566143036
Step: 704512	Mean reward: 14.03125	 Loss: 0.02838161587715149
Step: 712704	Mean reward: 14.3125	 Loss: 0.023386681452393532
Step: 720896	Mean reward: 14.21875	 Loss: 0.015350062400102615
Step: 729088	Mean reward: 15.21875	 Loss: 0.06716744601726532
Step: 737280	Mean reward: 14.71875	 Loss: 0.08919475227594376
Step: 745472	Mean reward: 15.15625	 Loss: 0.12268410623073578
Step: 753664	Mean reward: 15.28125	 Loss: 0.06032365560531616
Step: 761856	Mean reward: 14.34375	 Loss: 0.10177740454673767
Step: 770048	Mean reward: 14.90625	 Loss: 0.10380720347166061
Step: 778240	Mean reward: 14.875	 Loss: 0.05984986573457718
Step: 786432	Mean reward: 15.40625	 Loss: 0.030166087672114372
Step: 794624	Mean reward: 14.40625	 Loss: -1.3396143913269043e-05
Step: 802816	Mean reward: 17.75	 Loss: 0.06256404519081116
Step: 811008	Mean reward: 16.03125	 Loss: 0.013010742142796516
Step: 819200	Mean reward: 16.5625	 Loss: 0.07092823833227158
Step: 827392	Mean reward: 15.5625	 Loss: 0.09501040726900101
Step: 835584	Mean reward: 16.21875	 Loss: -0.0023356713354587555
Step: 843776	Mean reward: 15.96875	 Loss: 0.04554860293865204
Step: 851968	Mean reward: 16.0	 Loss: 0.031201455742120743
Step: 860160	Mean reward: 16.59375	 Loss: 0.04101327806711197
Step: 868352	Mean reward: 15.3125	 Loss: -0.01924111321568489
Step: 876544	Mean reward: 16.4375	 Loss: 0.03358098119497299
Step: 884736	Mean reward: 15.71875	 Loss: 0.054978836327791214
Step: 892928	Mean reward: 15.75	 Loss: 0.053010351955890656
Step: 901120	Mean reward: 13.71875	 Loss: 0.0637941062450409
Step: 909312	Mean reward: 16.75	 Loss: 0.07786723971366882
Step: 917504	Mean reward: 17.625	 Loss: 0.12721161544322968
Step: 925696	Mean reward: 16.90625	 Loss: 0.01654423028230667
Step: 933888	Mean reward: 17.625	 Loss: 0.09986849129199982
Step: 942080	Mean reward: 14.5	 Loss: 0.07648267596960068
Step: 950272	Mean reward: 17.15625	 Loss: 0.08077923953533173
Step: 958464	Mean reward: 17.25	 Loss: 0.09325280785560608
Step: 966656	Mean reward: 15.96875	 Loss: 0.010463256388902664
Step: 974848	Mean reward: 15.8125	 Loss: 0.10185080766677856
Step: 983040	Mean reward: 17.03125	 Loss: 0.11361736059188843
Step: 991232	Mean reward: 16.375	 Loss: 0.007542883977293968
Step: 999424	Mean reward: 16.25	 Loss: 0.03645860776305199
Step: 1007616	Mean reward: 16.65625	 Loss: -0.02502971701323986
Step: 1015808	Mean reward: 16.1875	 Loss: -0.02146529033780098
Step: 1024000	Mean reward: 18.625	 Loss: 0.07604452222585678
Step: 1032192	Mean reward: 17.5	 Loss: 0.015918944031000137
Step: 1040384	Mean reward: 17.5625	 Loss: 0.044449128210544586
Step: 1048576	Mean reward: 16.3125	 Loss: 0.05237202346324921
Step: 1056768	Mean reward: 16.84375	 Loss: 0.1037381961941719
Step: 1064960	Mean reward: 16.21875	 Loss: 0.04227317124605179
Step: 1073152	Mean reward: 18.46875	 Loss: 0.06181203946471214
Step: 1081344	Mean reward: 17.875	 Loss: 0.13815204799175262
Step: 1089536	Mean reward: 17.03125	 Loss: 0.09785781800746918
Step: 1097728	Mean reward: 17.96875	 Loss: 0.001306021586060524
Step: 1105920	Mean reward: 18.4375	 Loss: 0.03511127457022667
Step: 1114112	Mean reward: 15.65625	 Loss: 0.07889433205127716
Step: 1122304	Mean reward: 16.15625	 Loss: 0.1053667962551117
Step: 1130496	Mean reward: 17.34375	 Loss: 0.03492102771997452
Step: 1138688	Mean reward: 18.21875	 Loss: 0.06258097290992737
Step: 1146880	Mean reward: 17.65625	 Loss: -0.02681850828230381
Step: 1155072	Mean reward: 16.71875	 Loss: 0.005998443812131882
Step: 1163264	Mean reward: 16.90625	 Loss: -0.01635061390697956
Step: 1171456	Mean reward: 18.5	 Loss: -0.007116692140698433
Step: 1179648	Mean reward: 16.53125	 Loss: -0.11252480745315552
Step: 1187840	Mean reward: 17.21875	 Loss: 0.019325656816363335
Step: 1196032	Mean reward: 17.96875	 Loss: -0.013133639469742775
Step: 1204224	Mean reward: 17.90625	 Loss: 0.06671784818172455
Step: 1212416	Mean reward: 17.5	 Loss: 0.07252223789691925
Step: 1220608	Mean reward: 17.53125	 Loss: 0.023481279611587524
Step: 1228800	Mean reward: 17.84375	 Loss: -0.005339143797755241
Step: 1236992	Mean reward: 19.1875	 Loss: 0.04117206856608391
Step: 1245184	Mean reward: 20.03125	 Loss: 0.026433493942022324
Step: 1253376	Mean reward: 17.65625	 Loss: -0.03441917523741722
Step: 1261568	Mean reward: 16.3125	 Loss: 0.019180038943886757
Step: 1269760	Mean reward: 16.75	 Loss: 0.008005186915397644
Step: 1277952	Mean reward: 17.875	 Loss: 0.0077718812972307205
Step: 1286144	Mean reward: 16.6875	 Loss: 0.08401384949684143
Step: 1294336	Mean reward: 18.28125	 Loss: 0.04575955122709274
Step: 1302528	Mean reward: 15.78125	 Loss: 0.10206536948680878
Step: 1310720	Mean reward: 17.75	 Loss: -0.027430623769760132
Step: 1318912	Mean reward: 19.84375	 Loss: 0.03740116208791733
Step: 1327104	Mean reward: 18.875	 Loss: -0.05061664432287216
Step: 1335296	Mean reward: 18.84375	 Loss: 0.050234586000442505
Step: 1343488	Mean reward: 16.90625	 Loss: 0.03575997054576874
Step: 1351680	Mean reward: 18.84375	 Loss: 0.09013454616069794
Step: 1359872	Mean reward: 18.25	 Loss: 0.10034234076738358
Step: 1368064	Mean reward: 19.09375	 Loss: 0.03500523790717125
Step: 1376256	Mean reward: 18.0	 Loss: 0.07135437428951263
Step: 1384448	Mean reward: 17.09375	 Loss: 0.038398511707782745
Step: 1392640	Mean reward: 19.28125	 Loss: 0.02668748050928116
Step: 1400832	Mean reward: 18.09375	 Loss: -0.040043286979198456
Step: 1409024	Mean reward: 18.96875	 Loss: -0.009757908061146736
Step: 1417216	Mean reward: 18.6875	 Loss: -0.01928899437189102
Step: 1425408	Mean reward: 17.6875	 Loss: 0.02203984372317791
Step: 1433600	Mean reward: 19.34375	 Loss: 0.028157662600278854
Step: 1441792	Mean reward: 18.03125	 Loss: 0.009187228046357632
Step: 1449984	Mean reward: 19.0	 Loss: -0.07086881250143051
Step: 1458176	Mean reward: 17.84375	 Loss: 0.04110271483659744
Step: 1466368	Mean reward: 18.6875	 Loss: -0.0021434007212519646
Step: 1474560	Mean reward: 17.75	 Loss: -0.05729220062494278
Step: 1482752	Mean reward: 18.6875	 Loss: 0.023499589413404465
Step: 1490944	Mean reward: 20.46875	 Loss: 0.13253967463970184
Step: 1499136	Mean reward: 19.125	 Loss: 0.03944534808397293
Step: 1507328	Mean reward: 18.09375	 Loss: -0.002387087792158127
Step: 1515520	Mean reward: 18.25	 Loss: 0.06672990322113037
Step: 1523712	Mean reward: 17.90625	 Loss: -0.028275955468416214
Step: 1531904	Mean reward: 18.90625	 Loss: 0.01161246933043003
Step: 1540096	Mean reward: 19.8125	 Loss: 0.02169698104262352
Step: 1548288	Mean reward: 20.21875	 Loss: 0.0006020618602633476
Step: 1556480	Mean reward: 18.90625	 Loss: 0.03127899765968323
Step: 1564672	Mean reward: 19.28125	 Loss: 0.030106300488114357
Step: 1572864	Mean reward: 19.5	 Loss: -0.008356375619769096
Step: 1581056	Mean reward: 18.90625	 Loss: 0.01970633864402771
Step: 1589248	Mean reward: 18.78125	 Loss: 0.008278570137917995
Step: 1597440	Mean reward: 18.875	 Loss: 0.01235047448426485
Step: 1605632	Mean reward: 17.625	 Loss: 0.07423632591962814
Step: 1613824	Mean reward: 19.25	 Loss: -0.016779590398073196
Step: 1622016	Mean reward: 19.53125	 Loss: -0.13865713775157928
Step: 1630208	Mean reward: 19.9375	 Loss: 0.041766081005334854
Step: 1638400	Mean reward: 18.5	 Loss: -0.04174375906586647
Step: 1646592	Mean reward: 19.75	 Loss: 0.06464584171772003
Step: 1654784	Mean reward: 19.9375	 Loss: 0.06505559384822845
Step: 1662976	Mean reward: 18.9375	 Loss: 0.09061338752508163
Step: 1671168	Mean reward: 19.6875	 Loss: 0.004404840990900993
Step: 1679360	Mean reward: 16.90625	 Loss: 0.07680810242891312
Step: 1687552	Mean reward: 19.375	 Loss: 0.025228912010788918
Step: 1695744	Mean reward: 18.78125	 Loss: 0.054057054221630096
Step: 1703936	Mean reward: 19.34375	 Loss: 0.03143937885761261
Step: 1712128	Mean reward: 19.125	 Loss: 0.04053246229887009
Step: 1720320	Mean reward: 20.8125	 Loss: 0.08338300883769989
Step: 1728512	Mean reward: 18.40625	 Loss: 0.07333634793758392
Step: 1736704	Mean reward: 19.125	 Loss: -0.020080959424376488
Step: 1744896	Mean reward: 20.09375	 Loss: 0.03582565486431122
Step: 1753088	Mean reward: 19.03125	 Loss: 0.10322016477584839
Step: 1761280	Mean reward: 19.71875	 Loss: 0.03779183700680733
Step: 1769472	Mean reward: 20.90625	 Loss: -0.11606262624263763
Step: 1777664	Mean reward: 18.9375	 Loss: 0.034147631376981735
Step: 1785856	Mean reward: 20.15625	 Loss: 0.02186066098511219
Step: 1794048	Mean reward: 19.21875	 Loss: 0.0180174820125103
Step: 1802240	Mean reward: 20.53125	 Loss: 0.038678742945194244
Step: 1810432	Mean reward: 19.875	 Loss: 0.03849681466817856
Step: 1818624	Mean reward: 18.90625	 Loss: 0.00952233001589775
Step: 1826816	Mean reward: 20.5625	 Loss: 0.016635088250041008
Step: 1835008	Mean reward: 20.125	 Loss: 0.11351419985294342
Step: 1843200	Mean reward: 20.28125	 Loss: 0.09171146154403687
Step: 1851392	Mean reward: 20.40625	 Loss: 0.048729658126831055
Step: 1859584	Mean reward: 20.78125	 Loss: -0.0031934790313243866
Step: 1867776	Mean reward: 20.875	 Loss: -0.004207642748951912
Step: 1875968	Mean reward: 20.71875	 Loss: 0.04133392125368118
Step: 1884160	Mean reward: 20.3125	 Loss: 0.009348031133413315
Step: 1892352	Mean reward: 19.84375	 Loss: 0.025695335119962692
Step: 1900544	Mean reward: 19.96875	 Loss: 0.08976857364177704
Step: 1908736	Mean reward: 20.59375	 Loss: -0.04140344262123108
Step: 1916928	Mean reward: 20.5	 Loss: 0.02860911935567856
Step: 1925120	Mean reward: 20.0625	 Loss: 0.011222399771213531
Step: 1933312	Mean reward: 20.21875	 Loss: 0.06576693803071976
Step: 1941504	Mean reward: 20.1875	 Loss: 0.0491245836019516
Step: 1949696	Mean reward: 19.90625	 Loss: -0.011500727385282516
Step: 1957888	Mean reward: 21.125	 Loss: 0.014454672113060951
Step: 1966080	Mean reward: 19.90625	 Loss: -0.022593887522816658
Step: 1974272	Mean reward: 19.75	 Loss: 0.0838412418961525
Step: 1982464	Mean reward: 19.5	 Loss: 0.03297009319067001
Step: 1990656	Mean reward: 19.8125	 Loss: 0.08960644155740738
Step: 1998848	Mean reward: 21.5	 Loss: 0.09950894117355347
Step: 2007040	Mean reward: 19.28125	 Loss: 0.0344974547624588
Step: 2015232	Mean reward: 20.65625	 Loss: 0.034740157425403595
Step: 2023424	Mean reward: 19.5	 Loss: 0.05535048246383667
Step: 2031616	Mean reward: 21.46875	 Loss: -0.03736571967601776
Step: 2039808	Mean reward: 20.25	 Loss: 0.027935927733778954
Step: 2048000	Mean reward: 18.875	 Loss: 0.048975080251693726
Step: 2056192	Mean reward: 20.375	 Loss: 0.06382239609956741
Step: 2064384	Mean reward: 18.25	 Loss: -0.06598547846078873
Step: 2072576	Mean reward: 20.09375	 Loss: -0.02856648713350296
Step: 2080768	Mean reward: 19.40625	 Loss: 0.056533150374889374
Step: 2088960	Mean reward: 18.53125	 Loss: 0.010748671367764473
Step: 2097152	Mean reward: 17.5625	 Loss: -0.041317444294691086
Step: 2105344	Mean reward: 20.875	 Loss: 0.03439796343445778
Step: 2113536	Mean reward: 21.9375	 Loss: 0.032333988696336746
Step: 2121728	Mean reward: 23.09375	 Loss: 0.09426600486040115
Step: 2129920	Mean reward: 21.15625	 Loss: 0.01896115019917488
Step: 2138112	Mean reward: 20.84375	 Loss: 0.009449847042560577
Step: 2146304	Mean reward: 19.34375	 Loss: -0.06505740433931351
Step: 2154496	Mean reward: 19.84375	 Loss: -0.019063057377934456
Step: 2162688	Mean reward: 20.125	 Loss: 0.036132387816905975
Step: 2170880	Mean reward: 20.15625	 Loss: -0.0006008576601743698
Step: 2179072	Mean reward: 19.9375	 Loss: -0.004800178110599518
Step: 2187264	Mean reward: 19.0	 Loss: 0.025075649842619896
Step: 2195456	Mean reward: 20.53125	 Loss: -0.05000783130526543
Step: 2203648	Mean reward: 19.59375	 Loss: -0.010977093130350113
Step: 2211840	Mean reward: 22.34375	 Loss: -0.03683915734291077
Step: 2220032	Mean reward: 19.78125	 Loss: -0.07095763832330704
Step: 2228224	Mean reward: 19.8125	 Loss: 0.023328201845288277
Step: 2236416	Mean reward: 21.9375	 Loss: 0.004474058747291565
Step: 2244608	Mean reward: 19.8125	 Loss: -0.03500474989414215
Step: 2252800	Mean reward: 19.90625	 Loss: 0.009481668472290039
Step: 2260992	Mean reward: 18.84375	 Loss: -0.08627831190824509
Step: 2269184	Mean reward: 19.625	 Loss: -0.06986778229475021
Step: 2277376	Mean reward: 19.0625	 Loss: 0.07087115943431854
Step: 2285568	Mean reward: 21.5	 Loss: 0.005318701267242432
Step: 2293760	Mean reward: 19.71875	 Loss: 0.028288336470723152
Step: 2301952	Mean reward: 21.125	 Loss: -0.0014131367206573486
Step: 2310144	Mean reward: 20.03125	 Loss: -0.01249182503670454
Step: 2318336	Mean reward: 18.15625	 Loss: 0.010443858802318573
Step: 2326528	Mean reward: 20.375	 Loss: 0.03197939693927765
Step: 2334720	Mean reward: 21.21875	 Loss: -0.021795213222503662
Step: 2342912	Mean reward: 19.40625	 Loss: 0.028465410694479942
Step: 2351104	Mean reward: 19.3125	 Loss: 0.05643864721059799
Step: 2359296	Mean reward: 19.125	 Loss: -0.02178853377699852
Step: 2367488	Mean reward: 19.4375	 Loss: 0.012529588304460049
Step: 2375680	Mean reward: 19.96875	 Loss: 0.032951563596725464
Step: 2383872	Mean reward: 20.625	 Loss: 0.11609142273664474
Step: 2392064	Mean reward: 20.25	 Loss: 0.04654417932033539
Step: 2400256	Mean reward: 21.53125	 Loss: 0.024927662685513496
Step: 2408448	Mean reward: 21.25	 Loss: 0.049183860421180725
Step: 2416640	Mean reward: 20.90625	 Loss: 0.03434689715504646
Step: 2424832	Mean reward: 20.0	 Loss: -0.026577763259410858
Step: 2433024	Mean reward: 20.84375	 Loss: 0.045793045312166214
Step: 2441216	Mean reward: 20.4375	 Loss: 0.0013130418956279755
Step: 2449408	Mean reward: 22.0	 Loss: 0.04169595614075661
Step: 2457600	Mean reward: 20.75	 Loss: 0.029524780809879303
Step: 2465792	Mean reward: 19.1875	 Loss: 0.06373511254787445
Step: 2473984	Mean reward: 20.53125	 Loss: -0.010122506879270077
Step: 2482176	Mean reward: 21.28125	 Loss: 0.08304440230131149
Step: 2490368	Mean reward: 20.40625	 Loss: 0.019953131675720215
Step: 2498560	Mean reward: 19.25	 Loss: -0.04895281791687012
Step: 2506752	Mean reward: 19.5625	 Loss: -0.06145601347088814
Step: 2514944	Mean reward: 20.4375	 Loss: -0.04927078261971474
Step: 2523136	Mean reward: 20.25	 Loss: 0.033823251724243164
Step: 2531328	Mean reward: 21.34375	 Loss: 0.024605557322502136
Step: 2539520	Mean reward: 18.71875	 Loss: 0.017899829894304276
Step: 2547712	Mean reward: 20.5625	 Loss: -0.0657307431101799
Step: 2555904	Mean reward: 20.9375	 Loss: 0.04872427508234978
Step: 2564096	Mean reward: 20.5	 Loss: 0.03154093027114868
Step: 2572288	Mean reward: 20.9375	 Loss: 0.007771040312945843
Step: 2580480	Mean reward: 20.09375	 Loss: -0.06549901515245438
Step: 2588672	Mean reward: 19.90625	 Loss: -0.017805516719818115
Step: 2596864	Mean reward: 21.53125	 Loss: 0.022226279601454735
Step: 2605056	Mean reward: 19.40625	 Loss: 0.006930769421160221
Step: 2613248	Mean reward: 20.4375	 Loss: 0.030083950608968735
Step: 2621440	Mean reward: 21.1875	 Loss: 0.0021261684596538544
Step: 2629632	Mean reward: 20.9375	 Loss: -0.07798627018928528
Step: 2637824	Mean reward: 22.0625	 Loss: -0.011101757176220417
Step: 2646016	Mean reward: 20.59375	 Loss: 0.018593791872262955
Step: 2654208	Mean reward: 18.8125	 Loss: 0.025240931659936905
Step: 2662400	Mean reward: 22.78125	 Loss: 0.0025756312534213066
Step: 2670592	Mean reward: 20.4375	 Loss: -0.04507722705602646
Step: 2678784	Mean reward: 21.3125	 Loss: -0.004796378314495087
Step: 2686976	Mean reward: 22.0	 Loss: -0.02772117592394352
Step: 2695168	Mean reward: 21.0625	 Loss: -0.04984315484762192
Step: 2703360	Mean reward: 21.1875	 Loss: 0.051345158368349075
Step: 2711552	Mean reward: 21.6875	 Loss: 0.0053894370794296265
Step: 2719744	Mean reward: 20.28125	 Loss: 0.029085880145430565
Step: 2727936	Mean reward: 20.5625	 Loss: 0.02255779691040516
Step: 2736128	Mean reward: 22.15625	 Loss: 0.01621052622795105
Step: 2744320	Mean reward: 21.375	 Loss: 0.023420510813593864
Step: 2752512	Mean reward: 19.8125	 Loss: 0.058441512286663055
Step: 2760704	Mean reward: 20.34375	 Loss: -0.01992076076567173
Step: 2768896	Mean reward: 20.46875	 Loss: 0.01254492811858654
Step: 2777088	Mean reward: 21.96875	 Loss: 0.031658049672842026
Step: 2785280	Mean reward: 20.3125	 Loss: -0.042958009988069534
Step: 2793472	Mean reward: 21.59375	 Loss: -0.01305421907454729
Step: 2801664	Mean reward: 20.09375	 Loss: -0.05548330396413803
Step: 2809856	Mean reward: 21.1875	 Loss: -0.013219472020864487
Step: 2818048	Mean reward: 21.625	 Loss: -0.031215902417898178
Step: 2826240	Mean reward: 21.65625	 Loss: 0.044228967279195786
Step: 2834432	Mean reward: 21.40625	 Loss: 0.04055561125278473
Step: 2842624	Mean reward: 21.03125	 Loss: 0.0490604043006897
Step: 2850816	Mean reward: 19.5	 Loss: 0.006855417974293232
Step: 2859008	Mean reward: 21.3125	 Loss: 0.14160899817943573
Step: 2867200	Mean reward: 19.6875	 Loss: 0.02190781757235527
Step: 2875392	Mean reward: 19.375	 Loss: 0.09338457882404327
Step: 2883584	Mean reward: 20.6875	 Loss: 0.03546750172972679
Step: 2891776	Mean reward: 20.875	 Loss: -0.0011840546503663063
Step: 2899968	Mean reward: 19.71875	 Loss: -0.07125146687030792
Step: 2908160	Mean reward: 20.5625	 Loss: -0.019803203642368317
Step: 2916352	Mean reward: 21.28125	 Loss: -0.017094003036618233
Step: 2924544	Mean reward: 22.40625	 Loss: 3.902707248926163e-05
Step: 2932736	Mean reward: 20.875	 Loss: -0.05623927712440491
Step: 2940928	Mean reward: 20.375	 Loss: -0.012218441814184189
Step: 2949120	Mean reward: 21.03125	 Loss: 0.0285906083881855
Step: 2957312	Mean reward: 20.9375	 Loss: -0.029629360884428024
Step: 2965504	Mean reward: 20.90625	 Loss: -0.016105078160762787
Step: 2973696	Mean reward: 23.0	 Loss: -0.02221117541193962
Step: 2981888	Mean reward: 21.0625	 Loss: -0.0457327775657177
Step: 2990080	Mean reward: 20.375	 Loss: 0.0023314161226153374
Step: 2998272	Mean reward: 20.3125	 Loss: 0.013739682734012604
Step: 3006464	Mean reward: 20.96875	 Loss: 0.020790262147784233
Step: 3014656	Mean reward: 21.65625	 Loss: 0.03977908939123154
Step: 3022848	Mean reward: 21.34375	 Loss: -0.020989613607525826
Step: 3031040	Mean reward: 22.65625	 Loss: 0.02240023761987686
Step: 3039232	Mean reward: 20.34375	 Loss: 0.11049117147922516
Step: 3047424	Mean reward: 21.0	 Loss: 0.00581994466483593
Step: 3055616	Mean reward: 20.53125	 Loss: 0.06953196227550507
Step: 3063808	Mean reward: 21.0	 Loss: 0.004977560602128506
Step: 3072000	Mean reward: 19.9375	 Loss: -0.03111083246767521
Step: 3080192	Mean reward: 22.59375	 Loss: -0.05917176604270935
Step: 3088384	Mean reward: 21.78125	 Loss: 0.0728321522474289
Step: 3096576	Mean reward: 20.90625	 Loss: -0.004756898619234562
Step: 3104768	Mean reward: 20.8125	 Loss: 0.024825934320688248
Step: 3112960	Mean reward: 20.3125	 Loss: 0.13150274753570557
Step: 3121152	Mean reward: 22.53125	 Loss: -0.04567880183458328
Step: 3129344	Mean reward: 20.1875	 Loss: 0.015152270905673504
Step: 3137536	Mean reward: 21.40625	 Loss: 0.0021027084439992905
Step: 3145728	Mean reward: 22.5625	 Loss: -0.09602903574705124
Step: 3153920	Mean reward: 21.03125	 Loss: -0.023093946278095245
Step: 3162112	Mean reward: 19.34375	 Loss: 0.056542299687862396
Step: 3170304	Mean reward: 20.34375	 Loss: -0.002759070135653019
Step: 3178496	Mean reward: 20.875	 Loss: -0.00936043169349432
Step: 3186688	Mean reward: 21.375	 Loss: 0.004469849169254303
Step: 3194880	Mean reward: 21.5	 Loss: -0.03032972849905491
Step: 3203072	Mean reward: 21.34375	 Loss: -0.044915590435266495
Step: 3211264	Mean reward: 22.59375	 Loss: -0.00812092237174511
Step: 3219456	Mean reward: 20.1875	 Loss: 0.04593509063124657
Step: 3227648	Mean reward: 22.1875	 Loss: -0.0017161667346954346
Step: 3235840	Mean reward: 20.9375	 Loss: -0.06902574002742767
Step: 3244032	Mean reward: 21.71875	 Loss: -0.011648787185549736
Step: 3252224	Mean reward: 21.84375	 Loss: 0.044289276003837585
Step: 3260416	Mean reward: 22.15625	 Loss: -0.09512217342853546
Step: 3268608	Mean reward: 23.84375	 Loss: -0.0067417556419968605
Step: 3276800	Mean reward: 22.21875	 Loss: 0.05402063578367233
Step: 3284992	Mean reward: 22.75	 Loss: -0.03348606824874878
Step: 3293184	Mean reward: 21.1875	 Loss: 0.06612646579742432
Step: 3301376	Mean reward: 21.125	 Loss: -0.0656433254480362
Step: 3309568	Mean reward: 21.40625	 Loss: -0.02879543974995613
Step: 3317760	Mean reward: 23.03125	 Loss: 0.042818691581487656
Step: 3325952	Mean reward: 21.71875	 Loss: 0.12242449074983597
Step: 3334144	Mean reward: 21.625	 Loss: -0.06562895327806473
Step: 3342336	Mean reward: 23.40625	 Loss: 0.09483519196510315
Step: 3350528	Mean reward: 20.84375	 Loss: 0.05260903388261795
Step: 3358720	Mean reward: 22.25	 Loss: 0.11004696041345596
Step: 3366912	Mean reward: 22.71875	 Loss: 0.07510586082935333
Step: 3375104	Mean reward: 21.6875	 Loss: 0.04736427962779999
Step: 3383296	Mean reward: 21.21875	 Loss: -0.043591056019067764
Step: 3391488	Mean reward: 22.625	 Loss: -0.04420175775885582
Step: 3399680	Mean reward: 20.71875	 Loss: -0.055023279041051865
Step: 3407872	Mean reward: 22.25	 Loss: -0.04311622679233551
Step: 3416064	Mean reward: 19.96875	 Loss: -0.07975592464208603
Step: 3424256	Mean reward: 21.0	 Loss: -0.035103075206279755
Step: 3432448	Mean reward: 21.78125	 Loss: -0.05548306554555893
Step: 3440640	Mean reward: 21.875	 Loss: -0.0029016565531492233
Step: 3448832	Mean reward: 22.46875	 Loss: -0.013615976087749004
Step: 3457024	Mean reward: 21.71875	 Loss: -0.0024808207526803017
Step: 3465216	Mean reward: 22.03125	 Loss: -1.9691884517669678e-05
Step: 3473408	Mean reward: 21.78125	 Loss: -0.046711940318346024
Step: 3481600	Mean reward: 22.0	 Loss: -0.018060777336359024
Step: 3489792	Mean reward: 23.59375	 Loss: 0.02222028560936451
Step: 3497984	Mean reward: 20.34375	 Loss: -0.07515403628349304
Step: 3506176	Mean reward: 22.4375	 Loss: -0.03953120484948158
Step: 3514368	Mean reward: 22.09375	 Loss: -0.017742862924933434
Step: 3522560	Mean reward: 22.34375	 Loss: 0.04932377487421036
Step: 3530752	Mean reward: 21.21875	 Loss: -0.00428556464612484
Step: 3538944	Mean reward: 22.53125	 Loss: 0.015745263546705246
Step: 3547136	Mean reward: 21.0	 Loss: 0.0013711890205740929
Step: 3555328	Mean reward: 21.65625	 Loss: 0.012828120961785316
Step: 3563520	Mean reward: 21.34375	 Loss: -0.042423561215400696
Step: 3571712	Mean reward: 22.40625	 Loss: -0.10761037468910217
Step: 3579904	Mean reward: 22.21875	 Loss: 0.03844064474105835
Step: 3588096	Mean reward: 23.0	 Loss: 0.029313258826732635
Step: 3596288	Mean reward: 22.90625	 Loss: 0.0024265022948384285
Step: 3604480	Mean reward: 21.46875	 Loss: 0.013109502382576466
Step: 3612672	Mean reward: 21.75	 Loss: -0.06104029715061188
Step: 3620864	Mean reward: 22.0625	 Loss: -0.009415707550942898
Step: 3629056	Mean reward: 20.84375	 Loss: 0.015301366336643696
Step: 3637248	Mean reward: 22.0625	 Loss: 0.04757990688085556
Step: 3645440	Mean reward: 22.3125	 Loss: -0.07839851826429367
Step: 3653632	Mean reward: 21.375	 Loss: -0.08162638545036316
Step: 3661824	Mean reward: 23.4375	 Loss: -0.016631968319416046
Step: 3670016	Mean reward: 22.5625	 Loss: -0.022688381373882294
Step: 3678208	Mean reward: 22.71875	 Loss: 0.008860232308506966
Step: 3686400	Mean reward: 21.5625	 Loss: -0.015932224690914154
Step: 3694592	Mean reward: 22.6875	 Loss: 0.029042862355709076
Step: 3702784	Mean reward: 21.65625	 Loss: -0.028299584984779358
Step: 3710976	Mean reward: 22.21875	 Loss: -0.009748914279043674
Step: 3719168	Mean reward: 21.375	 Loss: -0.05916509032249451
Step: 3727360	Mean reward: 20.4375	 Loss: -0.09949051588773727
Step: 3735552	Mean reward: 21.25	 Loss: 0.009959620423614979
Step: 3743744	Mean reward: 22.78125	 Loss: -0.029449962079524994
Step: 3751936	Mean reward: 21.5625	 Loss: -0.01573546603322029
Step: 3760128	Mean reward: 21.78125	 Loss: 0.051417164504528046
Step: 3768320	Mean reward: 23.09375	 Loss: 0.033938080072402954
Step: 3776512	Mean reward: 22.75	 Loss: 0.01794850081205368
Step: 3784704	Mean reward: 22.625	 Loss: 0.011017040349543095
Step: 3792896	Mean reward: 21.625	 Loss: 0.022712834179401398
Step: 3801088	Mean reward: 22.53125	 Loss: -0.03328884392976761
Step: 3809280	Mean reward: 23.25	 Loss: -0.006981736049056053
Step: 3817472	Mean reward: 22.6875	 Loss: 0.032864414155483246
Step: 3825664	Mean reward: 23.28125	 Loss: -0.006427492946386337
Step: 3833856	Mean reward: 19.78125	 Loss: -0.006695535033941269
Step: 3842048	Mean reward: 21.21875	 Loss: -0.026219230145215988
Step: 3850240	Mean reward: 21.1875	 Loss: -0.004389261826872826
Step: 3858432	Mean reward: 23.40625	 Loss: 0.011049090884625912
Step: 3866624	Mean reward: 21.0	 Loss: -0.020845580846071243
Step: 3874816	Mean reward: 23.9375	 Loss: -0.01677049696445465
Step: 3883008	Mean reward: 21.1875	 Loss: 0.03471722453832626
Step: 3891200	Mean reward: 22.71875	 Loss: -0.03732135146856308
Step: 3899392	Mean reward: 22.65625	 Loss: 0.0447850339114666
Step: 3907584	Mean reward: 22.8125	 Loss: 0.006804626435041428
Step: 3915776	Mean reward: 21.375	 Loss: 0.019950449466705322
Step: 3923968	Mean reward: 22.3125	 Loss: -0.06657909601926804
Step: 3932160	Mean reward: 24.125	 Loss: -0.06286421418190002
Step: 3940352	Mean reward: 21.15625	 Loss: 0.04728524759411812
Step: 3948544	Mean reward: 21.75	 Loss: -0.009988673031330109
Step: 3956736	Mean reward: 22.34375	 Loss: -0.011250953190028667
Step: 3964928	Mean reward: 20.75	 Loss: -0.04129215329885483
Step: 3973120	Mean reward: 21.84375	 Loss: -0.00034295953810214996
Step: 3981312	Mean reward: 21.0625	 Loss: -0.03906594216823578
Step: 3989504	Mean reward: 21.84375	 Loss: -0.01599186658859253
Step: 3997696	Mean reward: 24.15625	 Loss: -0.03606342524290085
Step: 4005888	Mean reward: 22.65625	 Loss: 0.12289935350418091
Step: 4014080	Mean reward: 20.40625	 Loss: -0.06167193502187729
Step: 4022272	Mean reward: 23.125	 Loss: 0.01819010078907013
Step: 4030464	Mean reward: 21.625	 Loss: -0.0015738271176815033
Step: 4038656	Mean reward: 22.375	 Loss: 0.0016510561108589172
Step: 4046848	Mean reward: 22.1875	 Loss: 0.019052404910326004
Step: 4055040	Mean reward: 21.40625	 Loss: 0.08107830584049225
Step: 4063232	Mean reward: 21.5625	 Loss: -0.1062820628285408
Step: 4071424	Mean reward: 22.46875	 Loss: -0.07610061019659042
Step: 4079616	Mean reward: 23.125	 Loss: -0.03255893662571907
Step: 4087808	Mean reward: 21.5	 Loss: -0.07325475662946701
Step: 4096000	Mean reward: 20.9375	 Loss: -0.017317254096269608
Step: 4104192	Mean reward: 21.375	 Loss: 0.016048546880483627
Step: 4112384	Mean reward: 20.75	 Loss: -0.012090181931853294
Step: 4120576	Mean reward: 23.40625	 Loss: 0.03997032344341278
Step: 4128768	Mean reward: 21.75	 Loss: -0.03999820351600647
Step: 4136960	Mean reward: 21.34375	 Loss: -0.028519703075289726
Step: 4145152	Mean reward: 22.1875	 Loss: 0.006479673087596893
Step: 4153344	Mean reward: 22.65625	 Loss: -0.04853128641843796
Step: 4161536	Mean reward: 21.71875	 Loss: -0.058752596378326416
Step: 4169728	Mean reward: 22.6875	 Loss: 0.02667851746082306
Step: 4177920	Mean reward: 22.09375	 Loss: 0.020978940650820732
Step: 4186112	Mean reward: 21.8125	 Loss: 0.03151318430900574
Step: 4194304	Mean reward: 22.25	 Loss: 0.08208581060171127
Step: 4202496	Mean reward: 21.84375	 Loss: -0.03496827185153961
Step: 4210688	Mean reward: 20.8125	 Loss: 0.042961422353982925
Step: 4218880	Mean reward: 22.1875	 Loss: 0.0081456508487463
Step: 4227072	Mean reward: 22.84375	 Loss: 0.028852097690105438
Step: 4235264	Mean reward: 22.59375	 Loss: -0.058624960482120514
Step: 4243456	Mean reward: 22.59375	 Loss: 0.015866447240114212
Step: 4251648	Mean reward: 23.46875	 Loss: -0.024007953703403473
Step: 4259840	Mean reward: 23.4375	 Loss: -0.02408422715961933
Step: 4268032	Mean reward: 23.09375	 Loss: 0.037312500178813934
Step: 4276224	Mean reward: 22.25	 Loss: 0.021264519542455673
Step: 4284416	Mean reward: 21.84375	 Loss: -0.01862022653222084
Step: 4292608	Mean reward: 22.875	 Loss: -0.036632247269153595
Step: 4300800	Mean reward: 21.65625	 Loss: -0.04904647916555405
Step: 4308992	Mean reward: 22.5625	 Loss: -0.06313638389110565
Step: 4317184	Mean reward: 21.875	 Loss: -0.016227126121520996
Step: 4325376	Mean reward: 22.6875	 Loss: 0.011666646227240562
Step: 4333568	Mean reward: 22.6875	 Loss: -0.06329359114170074
Step: 4341760	Mean reward: 20.40625	 Loss: -0.0449630469083786
Step: 4349952	Mean reward: 22.28125	 Loss: 0.054900482296943665
Step: 4358144	Mean reward: 21.375	 Loss: -0.09061790257692337
Step: 4366336	Mean reward: 21.78125	 Loss: -0.11118551343679428
Step: 4374528	Mean reward: 22.4375	 Loss: 0.06931492686271667
Step: 4382720	Mean reward: 22.90625	 Loss: -0.02172211930155754
Step: 4390912	Mean reward: 20.78125	 Loss: 0.016447357833385468
Step: 4399104	Mean reward: 22.21875	 Loss: -0.014116817153990269
Step: 4407296	Mean reward: 22.53125	 Loss: -0.004887048155069351
Step: 4415488	Mean reward: 23.4375	 Loss: 0.07083749771118164
Step: 4423680	Mean reward: 22.34375	 Loss: -0.043857455253601074
Step: 4431872	Mean reward: 23.0	 Loss: 0.034362055361270905
Step: 4440064	Mean reward: 21.5	 Loss: -0.005530833266675472
Step: 4448256	Mean reward: 22.4375	 Loss: 0.01652352325618267
Step: 4456448	Mean reward: 23.84375	 Loss: -0.03296659141778946
Step: 4464640	Mean reward: 21.3125	 Loss: -0.01447832491248846
Step: 4472832	Mean reward: 23.0	 Loss: 0.006812715902924538
Step: 4481024	Mean reward: 21.78125	 Loss: -0.02240152470767498
Step: 4489216	Mean reward: 21.5	 Loss: -0.061510827392339706
Step: 4497408	Mean reward: 21.5625	 Loss: 0.07292548567056656
Step: 4505600	Mean reward: 20.875	 Loss: -0.01643693633377552
Step: 4513792	Mean reward: 21.40625	 Loss: -0.08359550684690475
Step: 4521984	Mean reward: 20.125	 Loss: 0.014718371443450451
Step: 4530176	Mean reward: 19.875	 Loss: -0.030667990446090698
Step: 4538368	Mean reward: 22.90625	 Loss: -0.014571315608918667
Step: 4546560	Mean reward: 22.3125	 Loss: -0.0003645075485110283
Step: 4554752	Mean reward: 22.4375	 Loss: -0.055577270686626434
Step: 4562944	Mean reward: 21.96875	 Loss: -0.018458738923072815
Step: 4571136	Mean reward: 21.75	 Loss: -0.038502659648656845
Step: 4579328	Mean reward: 21.34375	 Loss: 0.010590609163045883
Step: 4587520	Mean reward: 20.375	 Loss: 0.009884389117360115
Step: 4595712	Mean reward: 20.46875	 Loss: 0.07951509952545166
Step: 4603904	Mean reward: 23.53125	 Loss: -0.0706469938158989
Step: 4612096	Mean reward: 20.9375	 Loss: -0.1398201584815979
Step: 4620288	Mean reward: 22.0625	 Loss: -0.07499147951602936
Step: 4628480	Mean reward: 20.96875	 Loss: 0.0036599179729819298
Step: 4636672	Mean reward: 21.5	 Loss: -0.042385898530483246
Step: 4644864	Mean reward: 20.5625	 Loss: 0.009947222657501698
Step: 4653056	Mean reward: 21.28125	 Loss: -0.039339300245046616
Step: 4661248	Mean reward: 20.875	 Loss: 0.005169650539755821
Step: 4669440	Mean reward: 22.125	 Loss: -0.02137007564306259
Step: 4677632	Mean reward: 23.46875	 Loss: -0.04895855858922005
Step: 4685824	Mean reward: 21.8125	 Loss: 0.0680394396185875
Step: 4694016	Mean reward: 23.1875	 Loss: -0.010283757001161575
Step: 4702208	Mean reward: 21.875	 Loss: 0.0018792999908328056
Step: 4710400	Mean reward: 22.28125	 Loss: 0.0018340609967708588
Step: 4718592	Mean reward: 21.9375	 Loss: 0.08020932227373123
Step: 4726784	Mean reward: 21.65625	 Loss: 0.022888515144586563
Step: 4734976	Mean reward: 20.28125	 Loss: 0.013362256810069084
Step: 4743168	Mean reward: 21.71875	 Loss: -0.011856594122946262
Step: 4751360	Mean reward: 21.09375	 Loss: -0.035658083856105804
Step: 4759552	Mean reward: 20.96875	 Loss: 0.0513184517621994
Step: 4767744	Mean reward: 21.96875	 Loss: 0.028170660138130188
Step: 4775936	Mean reward: 19.65625	 Loss: 0.04885967820882797
Step: 4784128	Mean reward: 23.375	 Loss: -0.03036538138985634
Step: 4792320	Mean reward: 20.90625	 Loss: -0.018880069255828857
Step: 4800512	Mean reward: 22.1875	 Loss: -0.025622611865401268
Step: 4808704	Mean reward: 21.53125	 Loss: -0.00382350105792284
Step: 4816896	Mean reward: 22.71875	 Loss: 0.006194565445184708
Step: 4825088	Mean reward: 21.375	 Loss: -0.010197179391980171
Step: 4833280	Mean reward: 23.6875	 Loss: -0.03241388127207756
Step: 4841472	Mean reward: 22.5	 Loss: -0.01629936322569847
Step: 4849664	Mean reward: 21.1875	 Loss: -0.017899667844176292
Step: 4857856	Mean reward: 21.78125	 Loss: -0.021339217200875282
Step: 4866048	Mean reward: 21.59375	 Loss: -0.027035024017095566
Step: 4874240	Mean reward: 23.03125	 Loss: 0.007943801581859589
Step: 4882432	Mean reward: 20.84375	 Loss: 0.026582662016153336
Step: 4890624	Mean reward: 21.96875	 Loss: 0.011674614623188972
Step: 4898816	Mean reward: 22.1875	 Loss: 0.03155062347650528
Step: 4907008	Mean reward: 22.8125	 Loss: 0.05341773480176926
Step: 4915200	Mean reward: 23.3125	 Loss: -0.03877943009138107
Step: 4923392	Mean reward: 22.53125	 Loss: 0.0025765737518668175
Step: 4931584	Mean reward: 22.0	 Loss: -0.07943720370531082
Step: 4939776	Mean reward: 22.0	 Loss: -0.0007544811815023422
Step: 4947968	Mean reward: 23.5625	 Loss: 0.010507062077522278
Step: 4956160	Mean reward: 23.0	 Loss: 0.028596241027116776
Step: 4964352	Mean reward: 22.71875	 Loss: -0.06142963096499443
Step: 4972544	Mean reward: 24.0	 Loss: -0.02233651839196682
Step: 4980736	Mean reward: 22.03125	 Loss: 0.013712705112993717
Step: 4988928	Mean reward: 22.125	 Loss: -0.019239205867052078
Step: 4997120	Mean reward: 23.84375	 Loss: -0.015371682122349739
Step: 5005312	Mean reward: 22.1875	 Loss: -0.013934382237493992
Step: 5013504	Mean reward: 23.0	 Loss: -0.010387027636170387
Step: 5021696	Mean reward: 22.78125	 Loss: -0.07660236209630966
Step: 5029888	Mean reward: 22.3125	 Loss: 0.017858244478702545
Step: 5038080	Mean reward: 23.21875	 Loss: -0.05420923978090286
Step: 5046272	Mean reward: 22.03125	 Loss: -0.06295005977153778
Step: 5054464	Mean reward: 21.375	 Loss: -0.09508560597896576
Step: 5062656	Mean reward: 22.0	 Loss: -0.03317946940660477
Step: 5070848	Mean reward: 23.15625	 Loss: -0.12017896771430969
Step: 5079040	Mean reward: 21.9375	 Loss: -0.008097835816442966
Step: 5087232	Mean reward: 21.5625	 Loss: -0.06417523324489594
Step: 5095424	Mean reward: 21.90625	 Loss: 0.02075355499982834
Step: 5103616	Mean reward: 21.90625	 Loss: -0.06752265989780426
Step: 5111808	Mean reward: 20.625	 Loss: -0.002389734610915184
Step: 5120000	Mean reward: 21.75	 Loss: -0.022540122270584106
Step: 5128192	Mean reward: 22.0	 Loss: -0.07379195839166641
Step: 5136384	Mean reward: 22.40625	 Loss: -0.0039748260751366615
Step: 5144576	Mean reward: 23.59375	 Loss: 0.062372591346502304
Step: 5152768	Mean reward: 20.84375	 Loss: -0.04985344409942627
Step: 5160960	Mean reward: 22.1875	 Loss: -0.024938225746154785
Step: 5169152	Mean reward: 21.6875	 Loss: 0.02664465829730034
Step: 5177344	Mean reward: 23.09375	 Loss: -0.035477619618177414
Step: 5185536	Mean reward: 22.46875	 Loss: 0.03712455928325653
Step: 5193728	Mean reward: 23.5	 Loss: 0.09842488169670105
Step: 5201920	Mean reward: 21.65625	 Loss: 0.04972460865974426
Step: 5210112	Mean reward: 22.8125	 Loss: -0.05379660055041313
Step: 5218304	Mean reward: 22.21875	 Loss: 0.02916969731450081
Step: 5226496	Mean reward: 20.3125	 Loss: -0.06436730921268463
Step: 5234688	Mean reward: 22.0	 Loss: 0.06137119233608246
Step: 5242880	Mean reward: 20.78125	 Loss: -0.03855052962899208
Step: 5251072	Mean reward: 20.3125	 Loss: -0.1158302053809166
Step: 5259264	Mean reward: 22.71875	 Loss: -0.07652799785137177
Step: 5267456	Mean reward: 19.59375	 Loss: 0.021011386066675186
Step: 5275648	Mean reward: 22.96875	 Loss: 0.016154179349541664
Step: 5283840	Mean reward: 22.0	 Loss: 0.004235241562128067
Step: 5292032	Mean reward: 21.375	 Loss: 0.01087571494281292
Step: 5300224	Mean reward: 22.9375	 Loss: -0.08022062480449677
Step: 5308416	Mean reward: 23.0625	 Loss: 0.02143029123544693
Step: 5316608	Mean reward: 22.46875	 Loss: -0.06819886714220047
Step: 5324800	Mean reward: 22.0	 Loss: 0.023823928087949753
Step: 5332992	Mean reward: 22.3125	 Loss: -0.009609323926270008
Step: 5341184	Mean reward: 22.0625	 Loss: -0.015126554295420647
Step: 5349376	Mean reward: 20.875	 Loss: -0.013410585932433605
Step: 5357568	Mean reward: 22.65625	 Loss: -0.009833954274654388
Step: 5365760	Mean reward: 24.125	 Loss: 0.008567104116082191
Step: 5373952	Mean reward: 21.65625	 Loss: 0.025491541251540184
Step: 5382144	Mean reward: 20.09375	 Loss: -0.0018269103020429611
Step: 5390336	Mean reward: 20.5	 Loss: -0.03069230541586876
Step: 5398528	Mean reward: 21.96875	 Loss: -0.04537495970726013
Step: 5406720	Mean reward: 22.0	 Loss: -0.02018897980451584
Step: 5414912	Mean reward: 22.5	 Loss: -0.0021535465493798256
Step: 5423104	Mean reward: 23.09375	 Loss: -0.006441039033234119
Step: 5431296	Mean reward: 21.25	 Loss: -0.017755869776010513
Step: 5439488	Mean reward: 21.9375	 Loss: -0.0633995458483696
Step: 5447680	Mean reward: 21.59375	 Loss: 0.05585257336497307
Step: 5455872	Mean reward: 23.4375	 Loss: 0.04754992201924324
Step: 5464064	Mean reward: 21.4375	 Loss: -0.018333010375499725
Step: 5472256	Mean reward: 20.9375	 Loss: -0.004690822213888168
Step: 5480448	Mean reward: 22.9375	 Loss: -0.0432768389582634
Step: 5488640	Mean reward: 24.1875	 Loss: 0.015990719199180603
Step: 5496832	Mean reward: 23.03125	 Loss: -0.06234873831272125
Step: 5505024	Mean reward: 23.96875	 Loss: -0.0804678350687027
Step: 5513216	Mean reward: 22.5	 Loss: 0.007367157377302647
Step: 5521408	Mean reward: 23.53125	 Loss: -0.02225850522518158
Step: 5529600	Mean reward: 21.75	 Loss: -0.006100245751440525
Step: 5537792	Mean reward: 22.0	 Loss: -0.04950543865561485
Step: 5545984	Mean reward: 22.84375	 Loss: -0.08917976170778275
Step: 5554176	Mean reward: 22.53125	 Loss: 0.003298714756965637
Step: 5562368	Mean reward: 23.34375	 Loss: -0.05434061214327812
Step: 5570560	Mean reward: 22.28125	 Loss: -0.003125002607703209
Step: 5578752	Mean reward: 21.25	 Loss: -0.03030284121632576
Step: 5586944	Mean reward: 24.125	 Loss: -0.028282657265663147
Step: 5595136	Mean reward: 22.78125	 Loss: -0.006348701193928719
Step: 5603328	Mean reward: 21.78125	 Loss: -0.007484440691769123
Step: 5611520	Mean reward: 24.21875	 Loss: -0.06696273386478424
Step: 5619712	Mean reward: 22.84375	 Loss: -0.019566085189580917
Step: 5627904	Mean reward: 23.375	 Loss: 0.021572168916463852
Step: 5636096	Mean reward: 23.875	 Loss: -0.008807792328298092
Step: 5644288	Mean reward: 21.65625	 Loss: -0.06147369369864464
Step: 5652480	Mean reward: 22.53125	 Loss: -0.07050963491201401
Step: 5660672	Mean reward: 22.28125	 Loss: -0.021549014374613762
Step: 5668864	Mean reward: 23.09375	 Loss: -0.043008457869291306
Step: 5677056	Mean reward: 21.53125	 Loss: -0.06626388430595398
Step: 5685248	Mean reward: 22.375	 Loss: -0.022228509187698364
Step: 5693440	Mean reward: 23.5	 Loss: -0.07322907447814941
Step: 5701632	Mean reward: 21.125	 Loss: 0.023853003978729248
Step: 5709824	Mean reward: 22.8125	 Loss: -0.03713085502386093
Step: 5718016	Mean reward: 23.5625	 Loss: 0.02665293589234352
Step: 5726208	Mean reward: 23.5	 Loss: -0.028845500200986862
Step: 5734400	Mean reward: 22.46875	 Loss: -0.013184254057705402
Step: 5742592	Mean reward: 23.6875	 Loss: 0.03649161756038666
Step: 5750784	Mean reward: 23.125	 Loss: -0.043183181434869766
Step: 5758976	Mean reward: 22.75	 Loss: 0.019943835213780403
Step: 5767168	Mean reward: 21.1875	 Loss: -0.008524657227098942
Step: 5775360	Mean reward: 22.21875	 Loss: -0.053305238485336304
Step: 5783552	Mean reward: 20.75	 Loss: -0.10332058370113373
Step: 5791744	Mean reward: 21.90625	 Loss: -0.06008763611316681
Step: 5799936	Mean reward: 22.9375	 Loss: -0.015642451122403145
Step: 5808128	Mean reward: 23.625	 Loss: -0.06643304228782654
Step: 5816320	Mean reward: 21.75	 Loss: -0.028344353660941124
Step: 5824512	Mean reward: 21.1875	 Loss: 0.006852753460407257
Step: 5832704	Mean reward: 24.0625	 Loss: -0.1123340055346489
Step: 5840896	Mean reward: 24.71875	 Loss: 0.0434371717274189
Step: 5849088	Mean reward: 22.96875	 Loss: 0.008691355586051941
Step: 5857280	Mean reward: 22.71875	 Loss: 0.013332214206457138
Step: 5865472	Mean reward: 23.4375	 Loss: -0.010681312531232834
Step: 5873664	Mean reward: 23.34375	 Loss: -0.10859560966491699
Step: 5881856	Mean reward: 21.5	 Loss: -0.038799263536930084
Step: 5890048	Mean reward: 22.71875	 Loss: -0.03941803425550461
Step: 5898240	Mean reward: 23.5625	 Loss: -0.04452776163816452
Step: 5906432	Mean reward: 22.5625	 Loss: 0.050307102501392365
Step: 5914624	Mean reward: 21.96875	 Loss: 0.06916022300720215
Step: 5922816	Mean reward: 23.0	 Loss: -0.011034386232495308
Step: 5931008	Mean reward: 22.25	 Loss: 0.008083183318376541
Step: 5939200	Mean reward: 22.90625	 Loss: 0.00886746495962143
Step: 5947392	Mean reward: 22.90625	 Loss: 0.08783161640167236
Step: 5955584	Mean reward: 23.1875	 Loss: -0.04319162666797638
Step: 5963776	Mean reward: 23.84375	 Loss: -0.004332849755883217
Step: 5971968	Mean reward: 22.28125	 Loss: -0.02385900169610977
Step: 5980160	Mean reward: 23.1875	 Loss: -0.04905343055725098
Step: 5988352	Mean reward: 22.5625	 Loss: 0.031012248247861862
Step: 5996544	Mean reward: 22.0625	 Loss: -0.06446842104196548
Step: 6004736	Mean reward: 20.34375	 Loss: -0.10133101046085358
Step: 6012928	Mean reward: 21.25	 Loss: -0.05010275915265083
Step: 6021120	Mean reward: 22.25	 Loss: -0.032702233642339706
Step: 6029312	Mean reward: 21.84375	 Loss: 0.0872507095336914
Step: 6037504	Mean reward: 22.53125	 Loss: 0.006868652068078518
Step: 6045696	Mean reward: 21.0	 Loss: 0.016880907118320465
Step: 6053888	Mean reward: 22.78125	 Loss: 0.027666453272104263
Step: 6062080	Mean reward: 19.78125	 Loss: -0.0347907580435276
Step: 6070272	Mean reward: 22.09375	 Loss: 0.008974269963800907
Step: 6078464	Mean reward: 21.1875	 Loss: -0.08778011798858643
Step: 6086656	Mean reward: 22.21875	 Loss: -0.06573156267404556
Step: 6094848	Mean reward: 23.09375	 Loss: -0.015315487049520016
Step: 6103040	Mean reward: 21.84375	 Loss: 0.042017631232738495
Step: 6111232	Mean reward: 21.65625	 Loss: -0.015076609328389168
Step: 6119424	Mean reward: 23.5	 Loss: -0.013896732591092587
Step: 6127616	Mean reward: 23.0	 Loss: -0.07532009482383728
Step: 6135808	Mean reward: 21.8125	 Loss: -0.023700635880231857
Step: 6144000	Mean reward: 21.21875	 Loss: -0.06990879774093628
Step: 6152192	Mean reward: 21.96875	 Loss: -0.029364129528403282
Step: 6160384	Mean reward: 22.5625	 Loss: 0.039073213934898376
Step: 6168576	Mean reward: 22.65625	 Loss: -0.05108867585659027
Step: 6176768	Mean reward: 22.6875	 Loss: -0.11697099357843399
Step: 6184960	Mean reward: 23.15625	 Loss: 0.006110852584242821
Step: 6193152	Mean reward: 22.21875	 Loss: -0.10641828924417496
Step: 6201344	Mean reward: 22.375	 Loss: -0.10404191166162491
Step: 6209536	Mean reward: 19.96875	 Loss: 0.003197859041392803
Step: 6217728	Mean reward: 22.90625	 Loss: -0.0825713723897934
Step: 6225920	Mean reward: 21.78125	 Loss: -0.087004154920578
Step: 6234112	Mean reward: 21.15625	 Loss: 0.01925567165017128
Step: 6242304	Mean reward: 23.0	 Loss: 0.0019334787502884865
Step: 6250496	Mean reward: 22.25	 Loss: 0.057451196014881134
Step: 6258688	Mean reward: 22.59375	 Loss: -0.03096018172800541
Step: 6266880	Mean reward: 23.53125	 Loss: 0.015307373367249966
Step: 6275072	Mean reward: 23.875	 Loss: 0.023977156728506088
Step: 6283264	Mean reward: 22.09375	 Loss: 0.002550862729549408
Step: 6291456	Mean reward: 23.03125	 Loss: -0.05720328167080879
Step: 6299648	Mean reward: 21.1875	 Loss: -0.03698519244790077
Step: 6307840	Mean reward: 22.46875	 Loss: -0.03513846546411514
Step: 6316032	Mean reward: 23.71875	 Loss: 0.006026793271303177
Step: 6324224	Mean reward: 23.8125	 Loss: 0.0067391106858849525
Step: 6332416	Mean reward: 22.28125	 Loss: -0.012087401933968067
Step: 6340608	Mean reward: 21.8125	 Loss: -0.005164013244211674
Step: 6348800	Mean reward: 22.75	 Loss: -0.019973402842879295
Step: 6356992	Mean reward: 23.0625	 Loss: -0.03903867304325104
Step: 6365184	Mean reward: 21.9375	 Loss: -0.08029919862747192
Step: 6373376	Mean reward: 19.625	 Loss: -0.02639029175043106
Step: 6381568	Mean reward: 23.65625	 Loss: -0.021419383585453033
Step: 6389760	Mean reward: 21.375	 Loss: -0.03176054731011391
Step: 6397952	Mean reward: 23.15625	 Loss: -0.0420287624001503
Step: 6406144	Mean reward: 22.0	 Loss: 0.03854167461395264
Step: 6414336	Mean reward: 22.46875	 Loss: -0.14097829163074493
Step: 6422528	Mean reward: 21.75	 Loss: -0.03352930024266243
Step: 6430720	Mean reward: 21.5	 Loss: 0.03581691533327103
Step: 6438912	Mean reward: 22.0	 Loss: -0.011690645478665829
Step: 6447104	Mean reward: 23.09375	 Loss: -0.06928679347038269
Step: 6455296	Mean reward: 23.28125	 Loss: -0.00135714840143919
Step: 6463488	Mean reward: 22.84375	 Loss: -0.03188631683588028
Step: 6471680	Mean reward: 22.375	 Loss: -0.05234532430768013
Step: 6479872	Mean reward: 21.8125	 Loss: -0.007991725578904152
Step: 6488064	Mean reward: 22.09375	 Loss: -0.01641792245209217
Step: 6496256	Mean reward: 21.375	 Loss: -0.002160833217203617
Step: 6504448	Mean reward: 22.15625	 Loss: -0.0008581634610891342
Step: 6512640	Mean reward: 22.21875	 Loss: 0.03489181399345398
Step: 6520832	Mean reward: 21.53125	 Loss: 0.0828523337841034
Step: 6529024	Mean reward: 22.90625	 Loss: 0.018146904185414314
Step: 6537216	Mean reward: 22.125	 Loss: -0.04783385992050171
Step: 6545408	Mean reward: 23.25	 Loss: -0.049691341817379
Step: 6553600	Mean reward: 21.9375	 Loss: -0.05240180343389511
Step: 6561792	Mean reward: 23.9375	 Loss: 0.01249968633055687
Step: 6569984	Mean reward: 22.9375	 Loss: 0.06155664101243019
Step: 6578176	Mean reward: 22.875	 Loss: -0.042084917426109314
Step: 6586368	Mean reward: 24.25	 Loss: -0.01601341739296913
Step: 6594560	Mean reward: 22.4375	 Loss: -0.00041150767356157303
Step: 6602752	Mean reward: 23.21875	 Loss: -0.006686794571578503
Step: 6610944	Mean reward: 22.53125	 Loss: 0.017356347292661667
Step: 6619136	Mean reward: 23.875	 Loss: -0.09219364821910858
Step: 6627328	Mean reward: 22.9375	 Loss: -0.043563924729824066
Step: 6635520	Mean reward: 22.59375	 Loss: -0.007554888725280762
Step: 6643712	Mean reward: 20.34375	 Loss: -0.03650946542620659
Step: 6651904	Mean reward: 22.375	 Loss: -0.012090376578271389
Step: 6660096	Mean reward: 21.15625	 Loss: -0.0357639454305172
Step: 6668288	Mean reward: 23.28125	 Loss: -0.046396542340517044
Step: 6676480	Mean reward: 22.0	 Loss: 0.023899566382169724
Step: 6684672	Mean reward: 22.75	 Loss: -0.010753519833087921
Step: 6692864	Mean reward: 22.1875	 Loss: -0.03836885839700699
Step: 6701056	Mean reward: 23.28125	 Loss: 0.04158037528395653
Step: 6709248	Mean reward: 20.53125	 Loss: -0.11200659722089767
Step: 6717440	Mean reward: 21.9375	 Loss: -0.02275397628545761
Step: 6725632	Mean reward: 20.78125	 Loss: 0.0024220887571573257
Step: 6733824	Mean reward: 23.09375	 Loss: -0.06587989628314972
Step: 6742016	Mean reward: 23.5	 Loss: -0.04104520380496979
Step: 6750208	Mean reward: 21.84375	 Loss: -0.0052111586555838585
Step: 6758400	Mean reward: 21.0	 Loss: 0.015489253215491772
Step: 6766592	Mean reward: 21.5	 Loss: -0.07390096038579941
Step: 6774784	Mean reward: 23.5625	 Loss: 0.06561427563428879
Step: 6782976	Mean reward: 23.25	 Loss: -0.00993051566183567
Step: 6791168	Mean reward: 23.40625	 Loss: 0.034124232828617096
Step: 6799360	Mean reward: 21.4375	 Loss: 0.018777521327137947
Step: 6807552	Mean reward: 23.53125	 Loss: -0.014819328673183918
Step: 6815744	Mean reward: 23.21875	 Loss: 0.03380374610424042
Step: 6823936	Mean reward: 22.8125	 Loss: -0.041428253054618835
Step: 6832128	Mean reward: 23.21875	 Loss: -0.04466411471366882
Step: 6840320	Mean reward: 21.875	 Loss: 0.05937071144580841
Step: 6848512	Mean reward: 23.40625	 Loss: -0.03480309993028641
Step: 6856704	Mean reward: 23.09375	 Loss: -0.06946742534637451
Step: 6864896	Mean reward: 19.28125	 Loss: 0.09168502688407898
Step: 6873088	Mean reward: 21.625	 Loss: 0.01375968474894762
Step: 6881280	Mean reward: 22.21875	 Loss: 0.04290451854467392
Step: 6889472	Mean reward: 22.25	 Loss: -0.08840550482273102
Step: 6897664	Mean reward: 23.625	 Loss: 0.009658852592110634
Step: 6905856	Mean reward: 22.03125	 Loss: -0.03501368314027786
Step: 6914048	Mean reward: 21.6875	 Loss: -0.03294684737920761
Step: 6922240	Mean reward: 22.15625	 Loss: 0.009149502962827682
Step: 6930432	Mean reward: 22.3125	 Loss: 0.0026421286165714264
Step: 6938624	Mean reward: 23.46875	 Loss: -0.019452612847089767
Step: 6946816	Mean reward: 24.3125	 Loss: -0.06292572617530823
Step: 6955008	Mean reward: 23.4375	 Loss: -0.0027483319863677025
Step: 6963200	Mean reward: 23.09375	 Loss: 0.0013924911618232727
Step: 6971392	Mean reward: 23.96875	 Loss: 0.005027990788221359
Step: 6979584	Mean reward: 21.5625	 Loss: -0.017465611919760704
Step: 6987776	Mean reward: 23.1875	 Loss: -0.017799224704504013
Step: 6995968	Mean reward: 22.1875	 Loss: 0.04329121485352516
Step: 7004160	Mean reward: 21.84375	 Loss: -0.050226349383592606
Step: 7012352	Mean reward: 23.03125	 Loss: -0.05200769007205963
Step: 7020544	Mean reward: 23.1875	 Loss: -0.04032929614186287
Step: 7028736	Mean reward: 22.28125	 Loss: -0.08881635218858719
Step: 7036928	Mean reward: 22.4375	 Loss: -0.09322249889373779
Step: 7045120	Mean reward: 23.65625	 Loss: -0.004409340210258961
Step: 7053312	Mean reward: 20.96875	 Loss: 0.022355664521455765
Step: 7061504	Mean reward: 21.4375	 Loss: -0.0599663220345974
Step: 7069696	Mean reward: 22.8125	 Loss: -0.05774855613708496
Step: 7077888	Mean reward: 21.0	 Loss: -0.013166306540369987
Step: 7086080	Mean reward: 22.34375	 Loss: -0.05092618614435196
Step: 7094272	Mean reward: 22.8125	 Loss: 0.07759331911802292
Step: 7102464	Mean reward: 22.25	 Loss: -0.0829789936542511
Step: 7110656	Mean reward: 21.4375	 Loss: -0.048839982599020004
Step: 7118848	Mean reward: 22.5625	 Loss: -0.012234386056661606
Step: 7127040	Mean reward: 23.625	 Loss: -0.05469942092895508
Step: 7135232	Mean reward: 23.90625	 Loss: 0.006527181714773178
Step: 7143424	Mean reward: 23.1875	 Loss: -0.036572203040122986
Step: 7151616	Mean reward: 22.34375	 Loss: -0.0021977759897708893
Step: 7159808	Mean reward: 23.125	 Loss: -0.05140959471464157
Step: 7168000	Mean reward: 24.0	 Loss: -0.04692806676030159
Step: 7176192	Mean reward: 23.25	 Loss: 0.0013038646429777145
Step: 7184384	Mean reward: 24.21875	 Loss: -0.015007862821221352
Step: 7192576	Mean reward: 24.28125	 Loss: 0.08853795379400253
Step: 7200768	Mean reward: 24.78125	 Loss: 0.026957619935274124
Step: 7208960	Mean reward: 23.71875	 Loss: 0.022661134600639343
Step: 7217152	Mean reward: 22.09375	 Loss: 0.008731577545404434
Step: 7225344	Mean reward: 20.28125	 Loss: 0.05414450913667679
Step: 7233536	Mean reward: 23.28125	 Loss: 0.047843705862760544
Step: 7241728	Mean reward: 22.0625	 Loss: 0.013962656259536743
Step: 7249920	Mean reward: 22.15625	 Loss: -0.014714302495121956
Step: 7258112	Mean reward: 23.1875	 Loss: -0.006803804077208042
Step: 7266304	Mean reward: 23.5	 Loss: -0.017621919512748718
Step: 7274496	Mean reward: 23.96875	 Loss: -0.05636097490787506
Step: 7282688	Mean reward: 21.96875	 Loss: -0.029606282711029053
Step: 7290880	Mean reward: 23.4375	 Loss: -0.060582488775253296
Step: 7299072	Mean reward: 22.25	 Loss: -0.008177251555025578
Step: 7307264	Mean reward: 23.15625	 Loss: 0.019085224717855453
Step: 7315456	Mean reward: 22.84375	 Loss: 0.03582027927041054
Step: 7323648	Mean reward: 22.53125	 Loss: -0.005471666343510151
Step: 7331840	Mean reward: 23.46875	 Loss: -0.024700673297047615
Step: 7340032	Mean reward: 24.125	 Loss: 0.02267913892865181
Step: 7348224	Mean reward: 24.28125	 Loss: -0.005511888302862644
Step: 7356416	Mean reward: 23.21875	 Loss: -0.06480979174375534
Step: 7364608	Mean reward: 25.28125	 Loss: -0.003080391325056553
Step: 7372800	Mean reward: 23.46875	 Loss: -0.11222504824399948
Step: 7380992	Mean reward: 23.34375	 Loss: 0.08615563809871674
Step: 7389184	Mean reward: 23.1875	 Loss: -0.07668868452310562
Step: 7397376	Mean reward: 22.9375	 Loss: -0.034006267786026
Step: 7405568	Mean reward: 22.3125	 Loss: 0.03268430009484291
Step: 7413760	Mean reward: 22.625	 Loss: -0.04966606944799423
Step: 7421952	Mean reward: 24.78125	 Loss: 0.035279858857393265
Step: 7430144	Mean reward: 22.9375	 Loss: -0.0033780839294195175
Step: 7438336	Mean reward: 22.8125	 Loss: 0.06523100286722183
Step: 7446528	Mean reward: 21.9375	 Loss: -0.09831083565950394
Step: 7454720	Mean reward: 24.4375	 Loss: -0.036601677536964417
Step: 7462912	Mean reward: 24.125	 Loss: -0.059460725635290146
Step: 7471104	Mean reward: 23.0625	 Loss: 0.020252322778105736
Step: 7479296	Mean reward: 22.46875	 Loss: -0.021208349615335464
Step: 7487488	Mean reward: 22.59375	 Loss: -0.06541408598423004
Step: 7495680	Mean reward: 22.5	 Loss: -0.004156582057476044
Step: 7503872	Mean reward: 23.5	 Loss: -0.057557981461286545
Step: 7512064	Mean reward: 21.71875	 Loss: -0.0389159694314003
Step: 7520256	Mean reward: 23.21875	 Loss: -0.028219180181622505
Step: 7528448	Mean reward: 25.5625	 Loss: 0.023375021293759346
Step: 7536640	Mean reward: 23.25	 Loss: 0.061238907277584076
Step: 7544832	Mean reward: 23.1875	 Loss: -0.06119878590106964
Step: 7553024	Mean reward: 22.15625	 Loss: 0.03420410305261612
Step: 7561216	Mean reward: 24.71875	 Loss: 0.026910986751317978
Step: 7569408	Mean reward: 23.65625	 Loss: -0.09703986346721649
Step: 7577600	Mean reward: 23.46875	 Loss: 0.005206648260354996
Step: 7585792	Mean reward: 24.59375	 Loss: 0.00980475265532732
Step: 7593984	Mean reward: 22.53125	 Loss: 0.0071682194247841835
Step: 7602176	Mean reward: 23.84375	 Loss: -0.014319893904030323
Step: 7610368	Mean reward: 22.71875	 Loss: -0.09667123109102249
Step: 7618560	Mean reward: 23.0	 Loss: -0.061599377542734146
Step: 7626752	Mean reward: 22.25	 Loss: -0.00792781263589859
Step: 7634944	Mean reward: 24.3125	 Loss: -0.04893505573272705
Step: 7643136	Mean reward: 23.125	 Loss: -0.08383360505104065
Step: 7651328	Mean reward: 24.3125	 Loss: 0.01327317301183939
Step: 7659520	Mean reward: 25.96875	 Loss: -0.052072443068027496
Step: 7667712	Mean reward: 24.03125	 Loss: -0.028751380741596222
Step: 7675904	Mean reward: 24.8125	 Loss: -0.02489663101732731
Step: 7684096	Mean reward: 24.125	 Loss: -0.061952076852321625
Step: 7692288	Mean reward: 23.59375	 Loss: -0.025426341220736504
Step: 7700480	Mean reward: 22.375	 Loss: -0.03617333620786667
Step: 7708672	Mean reward: 24.1875	 Loss: 0.0028011277318000793
Step: 7716864	Mean reward: 22.84375	 Loss: 0.0053696949034929276
Step: 7725056	Mean reward: 23.8125	 Loss: -0.0012423517182469368
Step: 7733248	Mean reward: 21.6875	 Loss: 0.01136835291981697
Step: 7741440	Mean reward: 24.15625	 Loss: -0.013423392549157143
Step: 7749632	Mean reward: 23.875	 Loss: -0.026221971958875656
Step: 7757824	Mean reward: 24.375	 Loss: 0.028347108513116837
Step: 7766016	Mean reward: 22.25	 Loss: -0.03561672940850258
Step: 7774208	Mean reward: 22.28125	 Loss: -0.055362798273563385
Step: 7782400	Mean reward: 21.9375	 Loss: -0.0997377336025238
Step: 7790592	Mean reward: 22.21875	 Loss: -0.020093010738492012
Step: 7798784	Mean reward: 25.34375	 Loss: 0.02704305574297905
Step: 7806976	Mean reward: 24.03125	 Loss: -0.023082032799720764
Step: 7815168	Mean reward: 21.71875	 Loss: -0.010300541296601295
Step: 7823360	Mean reward: 21.28125	 Loss: -0.07383126020431519
Step: 7831552	Mean reward: 22.78125	 Loss: 0.07930051535367966
Step: 7839744	Mean reward: 23.6875	 Loss: -0.009204096160829067
Step: 7847936	Mean reward: 22.0625	 Loss: -0.010235249064862728
Step: 7856128	Mean reward: 23.21875	 Loss: -0.07474760711193085
Step: 7864320	Mean reward: 23.5625	 Loss: -0.023436961695551872
Step: 7872512	Mean reward: 23.125	 Loss: 0.004614615812897682
Step: 7880704	Mean reward: 24.125	 Loss: 0.00402303971350193
Step: 7888896	Mean reward: 23.40625	 Loss: -0.04832714423537254
Step: 7897088	Mean reward: 22.84375	 Loss: -0.025262709707021713
Step: 7905280	Mean reward: 24.1875	 Loss: -0.08909343183040619
Step: 7913472	Mean reward: 22.6875	 Loss: -0.026838839054107666
Step: 7921664	Mean reward: 25.25	 Loss: -0.03626096621155739
Step: 7929856	Mean reward: 24.0	 Loss: 0.016332216560840607
Step: 7938048	Mean reward: 24.90625	 Loss: -0.03305715322494507
Step: 7946240	Mean reward: 23.625	 Loss: -0.02729080244898796
Step: 7954432	Mean reward: 24.34375	 Loss: 0.03359314054250717
Step: 7962624	Mean reward: 23.5625	 Loss: 0.00786509644240141
Step: 7970816	Mean reward: 24.40625	 Loss: 0.043183036148548126
Step: 7979008	Mean reward: 22.78125	 Loss: -0.002777157351374626
Step: 7987200	Mean reward: 23.84375	 Loss: 0.00377451628446579
Step: 7995392	Mean reward: 23.28125	 Loss: 0.027399640530347824
Step: 8003584	Mean reward: 24.3125	 Loss: 0.05054040998220444
Step: 8011776	Mean reward: 23.21875	 Loss: 0.0019901860505342484
Step: 8019968	Mean reward: 24.0	 Loss: -0.017793048173189163
Step: 8028160	Mean reward: 23.34375	 Loss: 0.029866989701986313
Step: 8036352	Mean reward: 22.8125	 Loss: -0.011112730950117111
Step: 8044544	Mean reward: 24.40625	 Loss: -0.01623203419148922
Step: 8052736	Mean reward: 24.84375	 Loss: -0.04229980334639549
Step: 8060928	Mean reward: 23.96875	 Loss: -0.0188794806599617
Step: 8069120	Mean reward: 24.1875	 Loss: 0.007969615049660206
Step: 8077312	Mean reward: 24.53125	 Loss: 0.046518512070178986
Step: 8085504	Mean reward: 24.6875	 Loss: -0.0875663086771965
Step: 8093696	Mean reward: 25.53125	 Loss: -0.08918759971857071
Step: 8101888	Mean reward: 23.15625	 Loss: 0.01714302971959114
Step: 8110080	Mean reward: 23.75	 Loss: -0.05952734500169754
Step: 8118272	Mean reward: 23.59375	 Loss: -0.01334384549409151
Step: 8126464	Mean reward: 22.875	 Loss: -0.08355667442083359
Step: 8134656	Mean reward: 25.21875	 Loss: -0.06283200532197952
Step: 8142848	Mean reward: 24.53125	 Loss: 0.02310177870094776
Step: 8151040	Mean reward: 23.28125	 Loss: -0.03753483295440674
Step: 8159232	Mean reward: 23.71875	 Loss: 0.006235859356820583
Step: 8167424	Mean reward: 24.8125	 Loss: -0.035587377846241
Step: 8175616	Mean reward: 23.15625	 Loss: -0.06548690050840378
Step: 8183808	Mean reward: 24.5625	 Loss: 0.013750012032687664
Step: 8192000	Mean reward: 24.0625	 Loss: 0.03625231236219406
Step: 8200192	Mean reward: 23.03125	 Loss: 0.03239895775914192
Step: 8208384	Mean reward: 23.34375	 Loss: -0.02110973745584488
Step: 8216576	Mean reward: 22.4375	 Loss: -0.0170733779668808
Step: 8224768	Mean reward: 21.9375	 Loss: -0.106643445789814
Step: 8232960	Mean reward: 23.75	 Loss: 0.002894563600420952
Step: 8241152	Mean reward: 21.84375	 Loss: 0.022396709769964218
Step: 8249344	Mean reward: 24.03125	 Loss: -0.033267222344875336
Step: 8257536	Mean reward: 25.5	 Loss: -0.03757515922188759
Step: 8265728	Mean reward: 23.8125	 Loss: -0.09150439500808716
Step: 8273920	Mean reward: 24.25	 Loss: 0.005765288136899471
Step: 8282112	Mean reward: 24.0	 Loss: 0.01992812007665634
Step: 8290304	Mean reward: 24.09375	 Loss: 0.008728607557713985
Step: 8298496	Mean reward: 23.0625	 Loss: -0.13042137026786804
Step: 8306688	Mean reward: 21.78125	 Loss: -0.06767159700393677
Step: 8314880	Mean reward: 23.09375	 Loss: 0.015479756519198418
Step: 8323072	Mean reward: 23.3125	 Loss: 0.03087317943572998
Step: 8331264	Mean reward: 22.40625	 Loss: 0.016681227833032608
Step: 8339456	Mean reward: 22.6875	 Loss: -0.039426423609256744
Step: 8347648	Mean reward: 23.15625	 Loss: -0.007883620448410511
Step: 8355840	Mean reward: 23.90625	 Loss: -0.04055170714855194
Step: 8364032	Mean reward: 22.78125	 Loss: 0.004025517031550407
Step: 8372224	Mean reward: 24.375	 Loss: -0.05378860980272293
Step: 8380416	Mean reward: 21.09375	 Loss: 0.006948728114366531
Step: 8388608	Mean reward: 24.46875	 Loss: 0.025406334549188614
Step: 8396800	Mean reward: 23.21875	 Loss: -0.03765536844730377
Step: 8404992	Mean reward: 23.53125	 Loss: -0.07276870310306549
Step: 8413184	Mean reward: 22.78125	 Loss: 0.02025214582681656
Step: 8421376	Mean reward: 24.5	 Loss: 0.10102131217718124
Step: 8429568	Mean reward: 24.3125	 Loss: -0.01755797117948532
Step: 8437760	Mean reward: 23.5625	 Loss: -0.011937452480196953
Step: 8445952	Mean reward: 24.21875	 Loss: -0.009507116861641407
Step: 8454144	Mean reward: 24.34375	 Loss: 0.023661158978939056
Step: 8462336	Mean reward: 21.53125	 Loss: -0.0115358280017972
Step: 8470528	Mean reward: 23.46875	 Loss: 0.015886882320046425
Step: 8478720	Mean reward: 25.65625	 Loss: -0.017463307827711105
Step: 8486912	Mean reward: 23.28125	 Loss: -0.015367783606052399
Step: 8495104	Mean reward: 24.09375	 Loss: -0.020192310214042664
Step: 8503296	Mean reward: 22.375	 Loss: -0.007364554330706596
Step: 8511488	Mean reward: 23.09375	 Loss: -0.016496388241648674
Step: 8519680	Mean reward: 22.5	 Loss: -0.017815694212913513
Step: 8527872	Mean reward: 22.65625	 Loss: -0.00350180733948946
Step: 8536064	Mean reward: 24.15625	 Loss: -0.010707319714128971
Step: 8544256	Mean reward: 23.65625	 Loss: -0.1275874823331833
Step: 8552448	Mean reward: 23.59375	 Loss: -0.0449075847864151
Step: 8560640	Mean reward: 24.5	 Loss: -0.05529611185193062
Step: 8568832	Mean reward: 23.25	 Loss: -0.013968555256724358
Step: 8577024	Mean reward: 25.53125	 Loss: -0.02371883951127529
Step: 8585216	Mean reward: 21.40625	 Loss: 0.011203043162822723
Step: 8593408	Mean reward: 23.40625	 Loss: -0.022322580218315125
Step: 8601600	Mean reward: 22.03125	 Loss: 0.03230224549770355
Step: 8609792	Mean reward: 22.375	 Loss: -0.030063211917877197
Step: 8617984	Mean reward: 22.6875	 Loss: -0.09302608668804169
Step: 8626176	Mean reward: 23.0	 Loss: 0.0041969530284404755
Step: 8634368	Mean reward: 23.15625	 Loss: -0.03202188387513161
Step: 8642560	Mean reward: 24.375	 Loss: -0.029725773259997368
Step: 8650752	Mean reward: 23.1875	 Loss: -0.027468115091323853
Step: 8658944	Mean reward: 22.8125	 Loss: -0.06800782680511475
Step: 8667136	Mean reward: 24.21875	 Loss: 0.02342846617102623
Step: 8675328	Mean reward: 23.03125	 Loss: 0.0263314638286829
Step: 8683520	Mean reward: 24.75	 Loss: -0.029568612575531006
Step: 8691712	Mean reward: 25.375	 Loss: -0.029031552374362946
Step: 8699904	Mean reward: 23.8125	 Loss: -0.004929881542921066
Step: 8708096	Mean reward: 24.59375	 Loss: 0.07491548359394073
Step: 8716288	Mean reward: 23.625	 Loss: -0.023312024772167206
Step: 8724480	Mean reward: 23.34375	 Loss: 0.009281272068619728
Step: 8732672	Mean reward: 25.3125	 Loss: 0.16040156781673431
Step: 8740864	Mean reward: 22.46875	 Loss: -0.0563519187271595
Step: 8749056	Mean reward: 23.5625	 Loss: -0.028598573058843613
Step: 8757248	Mean reward: 23.0625	 Loss: 0.04481982812285423
Step: 8765440	Mean reward: 23.8125	 Loss: -0.026234205812215805
Step: 8773632	Mean reward: 24.46875	 Loss: -0.04335553199052811
Step: 8781824	Mean reward: 25.09375	 Loss: 0.08643362671136856
Step: 8790016	Mean reward: 25.1875	 Loss: 0.019557569175958633
Step: 8798208	Mean reward: 24.28125	 Loss: -0.011385386809706688
Step: 8806400	Mean reward: 24.375	 Loss: 0.06719459593296051
Step: 8814592	Mean reward: 24.0625	 Loss: -0.025305837392807007
Step: 8822784	Mean reward: 23.0	 Loss: -0.06610158085823059
Step: 8830976	Mean reward: 22.5625	 Loss: -0.016434960067272186
Step: 8839168	Mean reward: 23.5625	 Loss: 0.03296660631895065
Step: 8847360	Mean reward: 25.96875	 Loss: 0.016201408579945564
Step: 8855552	Mean reward: 24.8125	 Loss: -0.019237253814935684
Step: 8863744	Mean reward: 22.46875	 Loss: -0.02716865763068199
Step: 8871936	Mean reward: 24.71875	 Loss: 0.01046643778681755
Step: 8880128	Mean reward: 23.5625	 Loss: 0.0764407217502594
Step: 8888320	Mean reward: 24.28125	 Loss: 0.02123897522687912
Step: 8896512	Mean reward: 21.90625	 Loss: -0.022358089685440063
Step: 8904704	Mean reward: 21.625	 Loss: 0.04443780705332756
Step: 8912896	Mean reward: 22.53125	 Loss: -0.052918776869773865
Step: 8921088	Mean reward: 23.125	 Loss: -0.02658289484679699
Step: 8929280	Mean reward: 23.8125	 Loss: -0.021275073289871216
Step: 8937472	Mean reward: 23.96875	 Loss: -0.027687590569257736
Step: 8945664	Mean reward: 23.875	 Loss: -0.009597274474799633
Step: 8953856	Mean reward: 22.8125	 Loss: 0.0589013546705246
Step: 8962048	Mean reward: 23.5	 Loss: 0.009867355227470398
Step: 8970240	Mean reward: 22.53125	 Loss: -0.04465668648481369
Step: 8978432	Mean reward: 25.40625	 Loss: -0.00816650316119194
Step: 8986624	Mean reward: 21.90625	 Loss: -0.0963665321469307
Step: 8994816	Mean reward: 23.3125	 Loss: 0.007824346423149109
Step: 9003008	Mean reward: 23.6875	 Loss: -0.035459838807582855
Completed training at 2021-12-07 01:23:42