Observation space: Box([[[0. 0. 0. ... 0. 0. 0.]
  [0. 0. 0. ... 0. 0. 0.]
  [0. 0. 0. ... 0. 0. 0.]
  ...
  [0. 0. 0. ... 0. 0. 0.]
  [0. 0. 0. ... 0. 0. 0.]
  [0. 0. 0. ... 0. 0. 0.]]

 [[0. 0. 0. ... 0. 0. 0.]
  [0. 0. 0. ... 0. 0. 0.]
  [0. 0. 0. ... 0. 0. 0.]
  ...
  [0. 0. 0. ... 0. 0. 0.]
  [0. 0. 0. ... 0. 0. 0.]
  [0. 0. 0. ... 0. 0. 0.]]

 [[0. 0. 0. ... 0. 0. 0.]
  [0. 0. 0. ... 0. 0. 0.]
  [0. 0. 0. ... 0. 0. 0.]
  ...
  [0. 0. 0. ... 0. 0. 0.]
  [0. 0. 0. ... 0. 0. 0.]
  [0. 0. 0. ... 0. 0. 0.]]], [[[1. 1. 1. ... 1. 1. 1.]
  [1. 1. 1. ... 1. 1. 1.]
  [1. 1. 1. ... 1. 1. 1.]
  ...
  [1. 1. 1. ... 1. 1. 1.]
  [1. 1. 1. ... 1. 1. 1.]
  [1. 1. 1. ... 1. 1. 1.]]

 [[1. 1. 1. ... 1. 1. 1.]
  [1. 1. 1. ... 1. 1. 1.]
  [1. 1. 1. ... 1. 1. 1.]
  ...
  [1. 1. 1. ... 1. 1. 1.]
  [1. 1. 1. ... 1. 1. 1.]
  [1. 1. 1. ... 1. 1. 1.]]

 [[1. 1. 1. ... 1. 1. 1.]
  [1. 1. 1. ... 1. 1. 1.]
  [1. 1. 1. ... 1. 1. 1.]
  ...
  [1. 1. 1. ... 1. 1. 1.]
  [1. 1. 1. ... 1. 1. 1.]
  [1. 1. 1. ... 1. 1. 1.]]], (3, 64, 64), float32)
Action space: 15
Step: 8192	Mean reward: 4.84375	 Loss: 0.3435838520526886
Step: 16384	Mean reward: 4.34375	 Loss: 0.03775801882147789
Step: 24576	Mean reward: 4.71875	 Loss: 0.04969719797372818
Step: 32768	Mean reward: 5.375	 Loss: 0.04840880632400513
Step: 40960	Mean reward: 6.625	 Loss: 0.04280620068311691
Step: 49152	Mean reward: 5.625	 Loss: 0.007894027978181839
Step: 57344	Mean reward: 6.3125	 Loss: 0.03924644738435745
Step: 65536	Mean reward: 7.4375	 Loss: 0.023107819259166718
Step: 73728	Mean reward: 5.375	 Loss: 0.01689114235341549
Step: 81920	Mean reward: 7.0625	 Loss: 0.02506500668823719
Step: 90112	Mean reward: 6.8125	 Loss: -0.013701237738132477
Step: 98304	Mean reward: 6.9375	 Loss: 0.03166757524013519
Step: 106496	Mean reward: 7.03125	 Loss: 0.005101596936583519
Step: 114688	Mean reward: 6.46875	 Loss: -0.0334993377327919
Step: 122880	Mean reward: 8.25	 Loss: 0.047980405390262604
Step: 131072	Mean reward: 8.75	 Loss: 0.05981094762682915
Step: 139264	Mean reward: 7.625	 Loss: 0.027667945250868797
Step: 147456	Mean reward: 7.90625	 Loss: 0.01976228691637516
Step: 155648	Mean reward: 8.46875	 Loss: -0.017360953614115715
Step: 163840	Mean reward: 8.84375	 Loss: 0.04257199913263321
Step: 172032	Mean reward: 8.40625	 Loss: -0.041351139545440674
Step: 180224	Mean reward: 9.0625	 Loss: -0.04921655356884003
Step: 188416	Mean reward: 9.5	 Loss: 0.054264068603515625
Step: 196608	Mean reward: 8.15625	 Loss: -0.04256520792841911
Step: 204800	Mean reward: 7.9375	 Loss: 0.03450528159737587
Step: 212992	Mean reward: 8.03125	 Loss: 0.03141158074140549
Step: 221184	Mean reward: 8.65625	 Loss: 0.01914754882454872
Step: 229376	Mean reward: 8.4375	 Loss: -0.05677371472120285
Step: 237568	Mean reward: 7.59375	 Loss: 0.031911060214042664
Step: 245760	Mean reward: 7.84375	 Loss: 0.0675230324268341
Step: 253952	Mean reward: 9.375	 Loss: 0.0003546271473169327
Step: 262144	Mean reward: 9.125	 Loss: 0.03713107854127884
Step: 270336	Mean reward: 8.375	 Loss: -0.013659017160534859
Step: 278528	Mean reward: 8.5625	 Loss: 9.950250387191772e-06
Step: 286720	Mean reward: 9.75	 Loss: 0.017287973314523697
Step: 294912	Mean reward: 8.78125	 Loss: 0.007758490741252899
Step: 303104	Mean reward: 10.5625	 Loss: 0.01499933935701847
Step: 311296	Mean reward: 10.15625	 Loss: -0.013188207522034645
Step: 319488	Mean reward: 9.875	 Loss: 0.05481158196926117
Step: 327680	Mean reward: 9.21875	 Loss: 0.05194052681326866
Step: 335872	Mean reward: 8.84375	 Loss: -0.024091893807053566
Step: 344064	Mean reward: 9.9375	 Loss: 0.04348558187484741
Step: 352256	Mean reward: 9.3125	 Loss: -0.026204336434602737
Step: 360448	Mean reward: 11.15625	 Loss: 0.030968252569437027
Step: 368640	Mean reward: 9.34375	 Loss: 0.07141241431236267
Step: 376832	Mean reward: 9.71875	 Loss: -0.04816248267889023
Step: 385024	Mean reward: 9.75	 Loss: -0.011601502075791359
Step: 393216	Mean reward: 10.5625	 Loss: 0.058838725090026855
Step: 401408	Mean reward: 10.15625	 Loss: 0.03481697291135788
Step: 409600	Mean reward: 11.46875	 Loss: -0.017330415546894073
Step: 417792	Mean reward: 9.8125	 Loss: 0.03803728520870209
Step: 425984	Mean reward: 9.5625	 Loss: -0.04116286709904671
Step: 434176	Mean reward: 9.5625	 Loss: -0.0475924126803875
Step: 442368	Mean reward: 9.15625	 Loss: -0.03369184583425522
Step: 450560	Mean reward: 10.46875	 Loss: 0.01569904386997223
Step: 458752	Mean reward: 10.34375	 Loss: 0.07483332604169846
Step: 466944	Mean reward: 9.0	 Loss: 0.008542459458112717
Step: 475136	Mean reward: 10.8125	 Loss: -0.031976357102394104
Step: 483328	Mean reward: 10.5	 Loss: -0.015129154548048973
Step: 491520	Mean reward: 9.0625	 Loss: -0.006227569654583931
Step: 499712	Mean reward: 9.875	 Loss: -0.009264230728149414
Step: 507904	Mean reward: 9.9375	 Loss: 0.0170053169131279
Step: 516096	Mean reward: 10.1875	 Loss: -0.10815538465976715
Step: 524288	Mean reward: 9.875	 Loss: -0.030840076506137848
Step: 532480	Mean reward: 10.875	 Loss: -0.01754075288772583
Step: 540672	Mean reward: 10.03125	 Loss: 0.037633657455444336
Step: 548864	Mean reward: 10.75	 Loss: -0.014033244922757149
Step: 557056	Mean reward: 10.15625	 Loss: 0.06933269649744034
Step: 565248	Mean reward: 9.96875	 Loss: -0.00694425031542778
Step: 573440	Mean reward: 10.75	 Loss: -0.019238244742155075
Step: 581632	Mean reward: 10.21875	 Loss: 0.008838722482323647
Step: 589824	Mean reward: 10.8125	 Loss: -0.005976028740406036
Step: 598016	Mean reward: 10.5	 Loss: -0.04482097551226616
Step: 606208	Mean reward: 11.25	 Loss: -0.06315574049949646
Step: 614400	Mean reward: 10.4375	 Loss: -0.054605960845947266
Step: 622592	Mean reward: 11.375	 Loss: 0.013081463053822517
Step: 630784	Mean reward: 11.71875	 Loss: 0.015153776854276657
Step: 638976	Mean reward: 11.90625	 Loss: -0.02470974810421467
Step: 647168	Mean reward: 10.90625	 Loss: 0.11737116426229477
Step: 655360	Mean reward: 9.84375	 Loss: -0.019189873710274696
Step: 663552	Mean reward: 10.15625	 Loss: -0.03325504809617996
Step: 671744	Mean reward: 11.28125	 Loss: -0.057922180742025375
Step: 679936	Mean reward: 11.40625	 Loss: -0.039459794759750366
Step: 688128	Mean reward: 11.625	 Loss: 0.03778240457177162
Step: 696320	Mean reward: 10.34375	 Loss: -0.06951764971017838
Step: 704512	Mean reward: 11.09375	 Loss: -0.09247659146785736
Step: 712704	Mean reward: 11.34375	 Loss: -0.0016832482069730759
Step: 720896	Mean reward: 12.1875	 Loss: 0.09055542945861816
Step: 729088	Mean reward: 10.8125	 Loss: 0.002359669655561447
Step: 737280	Mean reward: 11.25	 Loss: -0.004807045683264732
Step: 745472	Mean reward: 11.0	 Loss: -0.08223234117031097
Step: 753664	Mean reward: 11.15625	 Loss: 0.019465727731585503
Step: 761856	Mean reward: 10.875	 Loss: -0.042483873665332794
Step: 770048	Mean reward: 11.46875	 Loss: -0.025296343490481377
Step: 778240	Mean reward: 11.0625	 Loss: -0.04650358855724335
Step: 786432	Mean reward: 11.25	 Loss: -0.02235727570950985
Step: 794624	Mean reward: 12.96875	 Loss: -0.07422283291816711
Step: 802816	Mean reward: 12.8125	 Loss: 0.032138384878635406
Step: 811008	Mean reward: 12.75	 Loss: -0.04557184875011444
Step: 819200	Mean reward: 11.96875	 Loss: -0.03514409810304642
Step: 827392	Mean reward: 14.0	 Loss: -0.011448940262198448
Step: 835584	Mean reward: 13.03125	 Loss: -0.10501822829246521
Step: 843776	Mean reward: 12.40625	 Loss: 0.036050669848918915
Step: 851968	Mean reward: 12.5	 Loss: -0.03586210310459137
Step: 860160	Mean reward: 14.3125	 Loss: -0.03755030781030655
Step: 868352	Mean reward: 12.6875	 Loss: -0.12519124150276184
Step: 876544	Mean reward: 13.53125	 Loss: 0.005236232653260231
Step: 884736	Mean reward: 13.5	 Loss: -0.041043296456336975
Step: 892928	Mean reward: 13.0	 Loss: -0.00040329620242118835
Step: 901120	Mean reward: 12.53125	 Loss: -0.012991223484277725
Step: 909312	Mean reward: 12.28125	 Loss: -0.060381319373846054
Step: 917504	Mean reward: 12.25	 Loss: -0.043194983154535294
Step: 925696	Mean reward: 13.21875	 Loss: -0.06756111979484558
Step: 933888	Mean reward: 12.15625	 Loss: 0.02157612331211567
Step: 942080	Mean reward: 12.53125	 Loss: -0.025654664263129234
Step: 950272	Mean reward: 12.6875	 Loss: -0.06394510716199875
Step: 958464	Mean reward: 13.15625	 Loss: -0.08103080093860626
Step: 966656	Mean reward: 11.71875	 Loss: 0.026070771738886833
Step: 974848	Mean reward: 13.0	 Loss: 0.04079699516296387
Step: 983040	Mean reward: 12.78125	 Loss: -0.07606369256973267
Step: 991232	Mean reward: 12.15625	 Loss: -0.01993829943239689
Step: 999424	Mean reward: 12.375	 Loss: -0.05551149323582649
Step: 1007616	Mean reward: 14.125	 Loss: -0.03803205490112305
Step: 1015808	Mean reward: 12.0	 Loss: -0.016390139237046242
Step: 1024000	Mean reward: 12.0625	 Loss: -0.02226787991821766
Step: 1032192	Mean reward: 12.25	 Loss: 0.054665837436914444
Step: 1040384	Mean reward: 11.21875	 Loss: -0.06298945844173431
Step: 1048576	Mean reward: 14.34375	 Loss: 0.028729278594255447
Step: 1056768	Mean reward: 13.6875	 Loss: -0.038194313645362854
Step: 1064960	Mean reward: 12.71875	 Loss: -0.11191597580909729
Step: 1073152	Mean reward: 12.46875	 Loss: 0.013408377766609192
Step: 1081344	Mean reward: 13.4375	 Loss: -0.007902228273451328
Step: 1089536	Mean reward: 13.5625	 Loss: 0.02442917227745056
Step: 1097728	Mean reward: 13.09375	 Loss: 0.030719954520463943
Step: 1105920	Mean reward: 14.9375	 Loss: 0.024209296330809593
Step: 1114112	Mean reward: 14.28125	 Loss: -0.05448263883590698
Step: 1122304	Mean reward: 14.90625	 Loss: -0.01951775699853897
Step: 1130496	Mean reward: 14.96875	 Loss: -0.0719142034649849
Step: 1138688	Mean reward: 14.4375	 Loss: -0.0924883559346199
Step: 1146880	Mean reward: 13.59375	 Loss: 0.009202280081808567
Step: 1155072	Mean reward: 13.84375	 Loss: 0.012804617173969746
Step: 1163264	Mean reward: 14.3125	 Loss: -0.03799799084663391
Step: 1171456	Mean reward: 13.75	 Loss: -0.033636242151260376
Step: 1179648	Mean reward: 14.21875	 Loss: -0.010747767984867096
Step: 1187840	Mean reward: 14.21875	 Loss: -0.0026356736198067665
Step: 1196032	Mean reward: 13.96875	 Loss: -0.023083645850419998
Step: 1204224	Mean reward: 13.125	 Loss: -0.004426377825438976
Step: 1212416	Mean reward: 13.84375	 Loss: -0.04373997077345848
Step: 1220608	Mean reward: 13.3125	 Loss: 0.001445668749511242
Step: 1228800	Mean reward: 14.40625	 Loss: -0.018681881949305534
Step: 1236992	Mean reward: 13.84375	 Loss: 0.0066773369908332825
Step: 1245184	Mean reward: 12.9375	 Loss: -0.08832202106714249
Step: 1253376	Mean reward: 13.96875	 Loss: -0.02221643179655075
Step: 1261568	Mean reward: 13.625	 Loss: -0.1319463551044464
Step: 1269760	Mean reward: 14.03125	 Loss: -0.004253768362104893
Step: 1277952	Mean reward: 15.125	 Loss: -0.030754856765270233
Step: 1286144	Mean reward: 15.125	 Loss: 0.02141650952398777
Step: 1294336	Mean reward: 13.59375	 Loss: -0.027175268158316612
Step: 1302528	Mean reward: 13.9375	 Loss: -0.020865067839622498
Step: 1310720	Mean reward: 13.625	 Loss: -0.06330818682909012
Step: 1318912	Mean reward: 13.125	 Loss: -0.035763178020715714
Step: 1327104	Mean reward: 15.6875	 Loss: -0.01506778597831726
Step: 1335296	Mean reward: 13.53125	 Loss: 0.0374353751540184
Step: 1343488	Mean reward: 13.84375	 Loss: 0.0004913518205285072
Step: 1351680	Mean reward: 14.21875	 Loss: 0.027908090502023697
Step: 1359872	Mean reward: 12.6875	 Loss: -0.03741990774869919
Step: 1368064	Mean reward: 13.21875	 Loss: -0.012025764212012291
Step: 1376256	Mean reward: 14.46875	 Loss: -0.03034846857190132
Step: 1384448	Mean reward: 14.53125	 Loss: 0.05205988138914108
Step: 1392640	Mean reward: 14.1875	 Loss: -0.03193109482526779
Step: 1400832	Mean reward: 14.125	 Loss: -0.06877332925796509
Step: 1409024	Mean reward: 15.03125	 Loss: -0.020433973520994186
Step: 1417216	Mean reward: 16.125	 Loss: -0.021345291286706924
Step: 1425408	Mean reward: 13.84375	 Loss: 0.04140492528676987
Step: 1433600	Mean reward: 13.90625	 Loss: 0.012574201449751854
Step: 1441792	Mean reward: 13.40625	 Loss: -0.03133898228406906
Step: 1449984	Mean reward: 14.0	 Loss: -0.037949904799461365
Step: 1458176	Mean reward: 14.0625	 Loss: -0.027544550597667694
Step: 1466368	Mean reward: 14.0625	 Loss: -0.004860829561948776
Step: 1474560	Mean reward: 12.53125	 Loss: -0.030828401446342468
Step: 1482752	Mean reward: 14.0	 Loss: 0.01901850663125515
Step: 1490944	Mean reward: 14.28125	 Loss: -0.0786723867058754
Step: 1499136	Mean reward: 12.25	 Loss: -0.025516420602798462
Step: 1507328	Mean reward: 14.25	 Loss: -0.06483547389507294
Step: 1515520	Mean reward: 13.0	 Loss: 0.012915065512061119
Step: 1523712	Mean reward: 14.03125	 Loss: -0.024241648614406586
Step: 1531904	Mean reward: 15.3125	 Loss: -0.023493358865380287
Step: 1540096	Mean reward: 13.65625	 Loss: -0.04179214686155319
Step: 1548288	Mean reward: 14.46875	 Loss: 0.009031794965267181
Step: 1556480	Mean reward: 16.09375	 Loss: -0.07226170599460602
Step: 1564672	Mean reward: 14.59375	 Loss: -0.09663452953100204
Step: 1572864	Mean reward: 15.90625	 Loss: -0.06705184280872345
Step: 1581056	Mean reward: 13.25	 Loss: -0.11405863612890244
Step: 1589248	Mean reward: 15.0625	 Loss: 0.01719335839152336
Step: 1597440	Mean reward: 14.0625	 Loss: -0.0426030158996582
Step: 1605632	Mean reward: 15.0625	 Loss: -0.04850972443819046
Step: 1613824	Mean reward: 15.65625	 Loss: -0.08159945160150528
Step: 1622016	Mean reward: 13.28125	 Loss: -0.021528862416744232
Step: 1630208	Mean reward: 15.65625	 Loss: -0.06246785447001457
Step: 1638400	Mean reward: 14.5625	 Loss: -0.094432033598423
Step: 1646592	Mean reward: 15.15625	 Loss: -0.019725684076547623
Step: 1654784	Mean reward: 15.125	 Loss: -0.007616488263010979
Step: 1662976	Mean reward: 14.0625	 Loss: -0.12219589948654175
Step: 1671168	Mean reward: 15.03125	 Loss: -0.015273334458470345
Step: 1679360	Mean reward: 15.53125	 Loss: -0.07074978202581406
Step: 1687552	Mean reward: 15.5625	 Loss: -0.050290852785110474
Step: 1695744	Mean reward: 14.4375	 Loss: 0.013176041655242443
Step: 1703936	Mean reward: 14.1875	 Loss: 0.012376230210065842
Step: 1712128	Mean reward: 13.8125	 Loss: -0.03810133785009384
Step: 1720320	Mean reward: 14.40625	 Loss: -0.061738207936286926
Step: 1728512	Mean reward: 12.90625	 Loss: -0.043927695602178574
Step: 1736704	Mean reward: 14.625	 Loss: -0.027580372989177704
Step: 1744896	Mean reward: 14.4375	 Loss: -0.11966979503631592
Step: 1753088	Mean reward: 15.6875	 Loss: -0.08952419459819794
Step: 1761280	Mean reward: 13.78125	 Loss: -0.10880064964294434
Step: 1769472	Mean reward: 15.40625	 Loss: -0.010294018313288689
Step: 1777664	Mean reward: 13.0	 Loss: 0.016414375975728035
Step: 1785856	Mean reward: 14.0625	 Loss: -0.07491319626569748
Step: 1794048	Mean reward: 16.25	 Loss: 0.020192518830299377
Step: 1802240	Mean reward: 14.59375	 Loss: -0.027894005179405212
Step: 1810432	Mean reward: 15.78125	 Loss: -0.016130603849887848
Step: 1818624	Mean reward: 17.53125	 Loss: -0.06947940587997437
Step: 1826816	Mean reward: 17.21875	 Loss: -0.05047167092561722
Step: 1835008	Mean reward: 15.9375	 Loss: -0.12167926132678986
Step: 1843200	Mean reward: 15.46875	 Loss: 0.07057341933250427
Step: 1851392	Mean reward: 16.6875	 Loss: -0.048851557075977325
Step: 1859584	Mean reward: 16.6875	 Loss: -0.0321643128991127
Step: 1867776	Mean reward: 15.09375	 Loss: -0.0221104733645916
Step: 1875968	Mean reward: 18.25	 Loss: -0.014321954920887947
Step: 1884160	Mean reward: 17.1875	 Loss: -0.08016562461853027
Step: 1892352	Mean reward: 17.0	 Loss: -0.059103116393089294
Step: 1900544	Mean reward: 16.1875	 Loss: 0.0026191994547843933
Step: 1908736	Mean reward: 16.90625	 Loss: -0.033759646117687225
Step: 1916928	Mean reward: 15.53125	 Loss: -0.007200971245765686
Step: 1925120	Mean reward: 15.21875	 Loss: -0.03119673952460289
Step: 1933312	Mean reward: 16.59375	 Loss: -0.038047973066568375
Step: 1941504	Mean reward: 16.15625	 Loss: -0.008457486517727375
Step: 1949696	Mean reward: 14.6875	 Loss: -0.03220593184232712
Step: 1957888	Mean reward: 14.4375	 Loss: -0.0281584020704031
Step: 1966080	Mean reward: 17.59375	 Loss: 0.00548578891903162
Step: 1974272	Mean reward: 17.0	 Loss: -0.06467148661613464
Step: 1982464	Mean reward: 15.15625	 Loss: 0.027298662811517715
Step: 1990656	Mean reward: 15.84375	 Loss: -0.057627737522125244
Step: 1998848	Mean reward: 16.75	 Loss: -0.08184761554002762
Step: 2007040	Mean reward: 14.84375	 Loss: -0.01910073682665825
Step: 2015232	Mean reward: 16.34375	 Loss: -0.07511251419782639
Step: 2023424	Mean reward: 17.15625	 Loss: -0.0410020537674427
Step: 2031616	Mean reward: 15.71875	 Loss: -0.0654267966747284
Step: 2039808	Mean reward: 16.1875	 Loss: -0.037341877818107605
Step: 2048000	Mean reward: 15.46875	 Loss: 0.03299591690301895
Step: 2056192	Mean reward: 17.0	 Loss: -0.06103355437517166
Step: 2064384	Mean reward: 16.125	 Loss: 0.013526973314583302
Step: 2072576	Mean reward: 15.875	 Loss: -0.09543140977621078
Step: 2080768	Mean reward: 16.78125	 Loss: 0.02385101094841957
Step: 2088960	Mean reward: 17.3125	 Loss: -0.02892635390162468
Step: 2097152	Mean reward: 15.84375	 Loss: -0.05654196813702583
Step: 2105344	Mean reward: 17.875	 Loss: -0.07937018573284149
Step: 2113536	Mean reward: 15.8125	 Loss: -0.04987596347928047
Step: 2121728	Mean reward: 16.375	 Loss: -0.08088045567274094
Step: 2129920	Mean reward: 15.96875	 Loss: -0.029926331713795662
Step: 2138112	Mean reward: 17.34375	 Loss: 0.009528012946248055
Step: 2146304	Mean reward: 17.40625	 Loss: -0.06435024738311768
Step: 2154496	Mean reward: 15.75	 Loss: -0.11490809917449951
Step: 2162688	Mean reward: 16.78125	 Loss: -0.0262459646910429
Step: 2170880	Mean reward: 15.71875	 Loss: -0.02877175435423851
Step: 2179072	Mean reward: 15.875	 Loss: -0.04603905975818634
Step: 2187264	Mean reward: 17.15625	 Loss: 0.006689508445560932
Step: 2195456	Mean reward: 16.15625	 Loss: -0.05935858190059662
Step: 2203648	Mean reward: 16.875	 Loss: -0.01863136515021324
Step: 2211840	Mean reward: 17.25	 Loss: -0.03772994503378868
Step: 2220032	Mean reward: 16.34375	 Loss: -0.015748877078294754
Step: 2228224	Mean reward: 16.75	 Loss: -0.04588672146201134
Step: 2236416	Mean reward: 17.71875	 Loss: 0.06493042409420013
Step: 2244608	Mean reward: 17.96875	 Loss: -0.008978568948805332
Step: 2252800	Mean reward: 15.03125	 Loss: -0.043562572449445724
Step: 2260992	Mean reward: 14.34375	 Loss: 0.01993626356124878
Step: 2269184	Mean reward: 16.25	 Loss: -0.10096754878759384
Step: 2277376	Mean reward: 16.4375	 Loss: -0.0015545226633548737
Step: 2285568	Mean reward: 15.09375	 Loss: -0.058941710740327835
Step: 2293760	Mean reward: 15.5	 Loss: -0.0389145091176033
Step: 2301952	Mean reward: 15.53125	 Loss: 0.0006918879225850105
Step: 2310144	Mean reward: 15.5625	 Loss: -0.011606407351791859
Step: 2318336	Mean reward: 17.125	 Loss: -0.02867739647626877
Step: 2326528	Mean reward: 16.34375	 Loss: -0.033686477690935135
Step: 2334720	Mean reward: 17.09375	 Loss: -0.012378956191241741
Step: 2342912	Mean reward: 16.4375	 Loss: 0.00012160465121269226
Step: 2351104	Mean reward: 15.1875	 Loss: 0.014436975121498108
Step: 2359296	Mean reward: 16.34375	 Loss: -0.04109888896346092
Step: 2367488	Mean reward: 16.0625	 Loss: -0.016322338953614235
Step: 2375680	Mean reward: 16.5625	 Loss: -0.012356475926935673
Step: 2383872	Mean reward: 17.53125	 Loss: 0.002103862352669239
Step: 2392064	Mean reward: 15.78125	 Loss: -0.07655619084835052
Step: 2400256	Mean reward: 15.25	 Loss: -0.03953451290726662
Step: 2408448	Mean reward: 17.28125	 Loss: -0.025030720978975296
Step: 2416640	Mean reward: 16.875	 Loss: 0.014361461624503136
Step: 2424832	Mean reward: 16.59375	 Loss: -0.062188971787691116
Step: 2433024	Mean reward: 17.125	 Loss: -0.006212460808455944
Step: 2441216	Mean reward: 17.15625	 Loss: -0.039758190512657166
Step: 2449408	Mean reward: 18.25	 Loss: -0.011647837236523628
Step: 2457600	Mean reward: 15.40625	 Loss: -0.11566825211048126
Step: 2465792	Mean reward: 16.84375	 Loss: -0.05891929939389229
Step: 2473984	Mean reward: 16.4375	 Loss: 0.023272966966032982
Step: 2482176	Mean reward: 16.375	 Loss: -0.009700033813714981
Step: 2490368	Mean reward: 15.8125	 Loss: -0.10004149377346039
Step: 2498560	Mean reward: 15.53125	 Loss: -0.035729557275772095
Step: 2506752	Mean reward: 16.4375	 Loss: 0.006234418600797653
Step: 2514944	Mean reward: 15.40625	 Loss: -0.13607774674892426
Step: 2523136	Mean reward: 18.4375	 Loss: -0.05498574674129486
Step: 2531328	Mean reward: 15.78125	 Loss: -0.08860999345779419
Step: 2539520	Mean reward: 16.96875	 Loss: -0.016479264944791794
Step: 2547712	Mean reward: 15.21875	 Loss: -0.054686762392520905
Step: 2555904	Mean reward: 14.3125	 Loss: -0.06874354928731918
Step: 2564096	Mean reward: 16.34375	 Loss: -0.08662142604589462
Step: 2572288	Mean reward: 15.84375	 Loss: 0.009443984366953373
Step: 2580480	Mean reward: 14.4375	 Loss: 0.020431023091077805
Step: 2588672	Mean reward: 16.28125	 Loss: -0.05459988862276077
Step: 2596864	Mean reward: 16.8125	 Loss: -0.11897584050893784
Step: 2605056	Mean reward: 17.21875	 Loss: -0.05480865016579628
Step: 2613248	Mean reward: 15.71875	 Loss: -0.11053290963172913
Step: 2621440	Mean reward: 15.96875	 Loss: -0.07246449589729309
Step: 2629632	Mean reward: 15.5625	 Loss: -0.06714663654565811
Step: 2637824	Mean reward: 16.28125	 Loss: 0.040642376989126205
Step: 2646016	Mean reward: 15.71875	 Loss: -0.06078124791383743
Step: 2654208	Mean reward: 16.375	 Loss: -0.10742998868227005
Step: 2662400	Mean reward: 16.0	 Loss: -0.07857418060302734
Step: 2670592	Mean reward: 16.09375	 Loss: -0.07929819077253342
Step: 2678784	Mean reward: 16.3125	 Loss: -0.07486773282289505
Step: 2686976	Mean reward: 17.375	 Loss: -0.05135246366262436
Step: 2695168	Mean reward: 16.34375	 Loss: -0.09422342479228973
Step: 2703360	Mean reward: 16.75	 Loss: -0.003212529234588146
Step: 2711552	Mean reward: 16.15625	 Loss: -0.01767124980688095
Step: 2719744	Mean reward: 17.09375	 Loss: -0.056766338646411896
Step: 2727936	Mean reward: 18.03125	 Loss: -0.10223767161369324
Step: 2736128	Mean reward: 16.6875	 Loss: -0.03869543969631195
Step: 2744320	Mean reward: 16.21875	 Loss: -0.06928624212741852
Step: 2752512	Mean reward: 16.125	 Loss: -0.15482287108898163
Step: 2760704	Mean reward: 16.125	 Loss: 0.058978043496608734
Step: 2768896	Mean reward: 16.53125	 Loss: -0.08967138081789017
Step: 2777088	Mean reward: 16.125	 Loss: 0.005573306232690811
Step: 2785280	Mean reward: 16.40625	 Loss: -0.01681426726281643
Step: 2793472	Mean reward: 18.1875	 Loss: -0.03658560663461685
Step: 2801664	Mean reward: 17.1875	 Loss: -0.05912303179502487
Step: 2809856	Mean reward: 16.96875	 Loss: -0.07701894640922546
Step: 2818048	Mean reward: 17.59375	 Loss: 0.00038016121834516525
Step: 2826240	Mean reward: 16.78125	 Loss: -0.013193967752158642
Step: 2834432	Mean reward: 16.6875	 Loss: -0.026209291070699692
Step: 2842624	Mean reward: 16.3125	 Loss: -0.07139184325933456
Step: 2850816	Mean reward: 17.09375	 Loss: -0.03126576915383339
Step: 2859008	Mean reward: 17.625	 Loss: -0.02518848329782486
Step: 2867200	Mean reward: 16.75	 Loss: -0.03824090212583542
Step: 2875392	Mean reward: 15.875	 Loss: -0.07460996508598328
Step: 2883584	Mean reward: 16.09375	 Loss: -0.006058434024453163
Step: 2891776	Mean reward: 16.8125	 Loss: 0.027263648808002472
Step: 2899968	Mean reward: 17.1875	 Loss: -0.06112334132194519
Step: 2908160	Mean reward: 16.625	 Loss: -0.08772803843021393
Step: 2916352	Mean reward: 15.65625	 Loss: -0.09446804225444794
Step: 2924544	Mean reward: 15.8125	 Loss: -0.007147791795432568
Step: 2932736	Mean reward: 16.3125	 Loss: -0.003268865868449211
Step: 2940928	Mean reward: 16.625	 Loss: -0.05428421497344971
Step: 2949120	Mean reward: 17.03125	 Loss: -0.0048806024715304375
Step: 2957312	Mean reward: 19.59375	 Loss: 0.009911605156958103
Step: 2965504	Mean reward: 16.4375	 Loss: -0.06843077391386032
Step: 2973696	Mean reward: 18.125	 Loss: -0.03721976280212402
Step: 2981888	Mean reward: 18.21875	 Loss: 0.017032280564308167
Step: 2990080	Mean reward: 17.09375	 Loss: -0.10426155477762222
Step: 2998272	Mean reward: 15.53125	 Loss: -0.08616997301578522
Step: 3006464	Mean reward: 16.53125	 Loss: -0.060198526829481125
Step: 3014656	Mean reward: 15.71875	 Loss: -0.08181926608085632
Step: 3022848	Mean reward: 16.875	 Loss: -0.08540406823158264
Step: 3031040	Mean reward: 17.90625	 Loss: 0.01807820424437523
Step: 3039232	Mean reward: 16.46875	 Loss: 0.0770200863480568
Step: 3047424	Mean reward: 16.9375	 Loss: -0.007040741853415966
Step: 3055616	Mean reward: 16.78125	 Loss: -0.0174698643386364
Step: 3063808	Mean reward: 18.09375	 Loss: -0.07967835664749146
Step: 3072000	Mean reward: 17.3125	 Loss: -0.10099079459905624
Step: 3080192	Mean reward: 17.71875	 Loss: -0.00559477973729372
Step: 3088384	Mean reward: 17.53125	 Loss: -0.08879990875720978
Step: 3096576	Mean reward: 17.4375	 Loss: -0.08945631235837936
Step: 3104768	Mean reward: 17.53125	 Loss: 0.01569458097219467
Step: 3112960	Mean reward: 17.6875	 Loss: -0.028912290930747986
Step: 3121152	Mean reward: 16.03125	 Loss: -0.048880480229854584
Step: 3129344	Mean reward: 16.96875	 Loss: -0.05113726854324341
Step: 3137536	Mean reward: 16.5	 Loss: -0.1284942626953125
Step: 3145728	Mean reward: 16.90625	 Loss: 0.00709503423422575
Step: 3153920	Mean reward: 17.625	 Loss: -0.057278383523225784
Step: 3162112	Mean reward: 16.46875	 Loss: -0.06948947161436081
Step: 3170304	Mean reward: 17.34375	 Loss: -0.06717032194137573
Step: 3178496	Mean reward: 17.71875	 Loss: -0.047648437321186066
Step: 3186688	Mean reward: 17.78125	 Loss: -0.0409056656062603
Step: 3194880	Mean reward: 18.84375	 Loss: -0.02230781689286232
Step: 3203072	Mean reward: 15.84375	 Loss: -0.07399118691682816
Step: 3211264	Mean reward: 19.0	 Loss: -0.05390109121799469
Step: 3219456	Mean reward: 17.40625	 Loss: 0.022188536822795868
Step: 3227648	Mean reward: 17.25	 Loss: -0.05205034464597702
Step: 3235840	Mean reward: 18.3125	 Loss: 0.012056921608746052
Step: 3244032	Mean reward: 16.84375	 Loss: -0.05817737430334091
Step: 3252224	Mean reward: 16.65625	 Loss: -0.049060434103012085
Step: 3260416	Mean reward: 18.375	 Loss: -0.0032279957085847855
Step: 3268608	Mean reward: 16.3125	 Loss: -0.05383511632680893
Step: 3276800	Mean reward: 17.0625	 Loss: -0.07918870449066162
Step: 3284992	Mean reward: 17.625	 Loss: -0.04428429901599884
Step: 3293184	Mean reward: 16.25	 Loss: -0.1337464451789856
Step: 3301376	Mean reward: 17.21875	 Loss: -0.011541981250047684
Step: 3309568	Mean reward: 17.3125	 Loss: -0.09603071212768555
Step: 3317760	Mean reward: 16.8125	 Loss: 0.03902813792228699
Step: 3325952	Mean reward: 16.3125	 Loss: -0.09548376500606537
Step: 3334144	Mean reward: 16.9375	 Loss: -0.07191538065671921
Step: 3342336	Mean reward: 16.53125	 Loss: -0.02684149518609047
Step: 3350528	Mean reward: 17.59375	 Loss: -0.047630127519369125
Step: 3358720	Mean reward: 16.625	 Loss: -0.04934166371822357
Step: 3366912	Mean reward: 18.15625	 Loss: 0.028403818607330322
Step: 3375104	Mean reward: 17.40625	 Loss: -0.06334111839532852
Step: 3383296	Mean reward: 16.53125	 Loss: -0.013159331865608692
Step: 3391488	Mean reward: 15.96875	 Loss: -0.0015205945819616318
Step: 3399680	Mean reward: 17.875	 Loss: -0.11845561116933823
Step: 3407872	Mean reward: 17.5625	 Loss: -0.08210417628288269
Step: 3416064	Mean reward: 17.6875	 Loss: -0.05567815527319908
Step: 3424256	Mean reward: 16.1875	 Loss: 0.015090924687683582
Step: 3432448	Mean reward: 15.75	 Loss: -0.031071260571479797
Step: 3440640	Mean reward: 16.9375	 Loss: -0.08986245840787888
Step: 3448832	Mean reward: 17.96875	 Loss: -0.037249088287353516
Step: 3457024	Mean reward: 18.375	 Loss: -0.0069021619856357574
Step: 3465216	Mean reward: 18.65625	 Loss: -0.06817258894443512
Step: 3473408	Mean reward: 17.03125	 Loss: -0.009470826014876366
Step: 3481600	Mean reward: 18.09375	 Loss: -0.028170932084321976
Step: 3489792	Mean reward: 17.5625	 Loss: 0.012627878226339817
Step: 3497984	Mean reward: 17.375	 Loss: -0.0886414498090744
Step: 3506176	Mean reward: 16.9375	 Loss: -0.03211290389299393
Step: 3514368	Mean reward: 17.40625	 Loss: -0.10576990246772766
Step: 3522560	Mean reward: 17.03125	 Loss: 0.005938156507909298
Step: 3530752	Mean reward: 16.84375	 Loss: -0.04701228067278862
Step: 3538944	Mean reward: 17.59375	 Loss: -0.05857137590646744
Step: 3547136	Mean reward: 17.0625	 Loss: -0.05257609859108925
Step: 3555328	Mean reward: 18.34375	 Loss: -0.04123512655496597
Step: 3563520	Mean reward: 18.53125	 Loss: -0.04401712119579315
Step: 3571712	Mean reward: 17.3125	 Loss: -0.07260815799236298
Step: 3579904	Mean reward: 16.0625	 Loss: -0.024543264880776405
Step: 3588096	Mean reward: 18.59375	 Loss: -0.09616073220968246
Step: 3596288	Mean reward: 15.9375	 Loss: -0.013105148449540138
Step: 3604480	Mean reward: 16.3125	 Loss: -0.06851152330636978
Step: 3612672	Mean reward: 17.625	 Loss: 0.004543359391391277
Step: 3620864	Mean reward: 17.03125	 Loss: -0.10854548215866089
Step: 3629056	Mean reward: 19.15625	 Loss: -0.027684016153216362
Step: 3637248	Mean reward: 17.4375	 Loss: -0.08659309148788452
Step: 3645440	Mean reward: 16.09375	 Loss: -0.0417741984128952
Step: 3653632	Mean reward: 17.84375	 Loss: -0.02747810073196888
Step: 3661824	Mean reward: 17.625	 Loss: -0.03383015841245651
Step: 3670016	Mean reward: 18.09375	 Loss: -0.06415069848299026
Step: 3678208	Mean reward: 18.28125	 Loss: -0.07701403647661209
Step: 3686400	Mean reward: 18.0625	 Loss: -0.037053149193525314
Step: 3694592	Mean reward: 17.96875	 Loss: -0.04554826021194458
Step: 3702784	Mean reward: 17.625	 Loss: -0.07023396342992783
Step: 3710976	Mean reward: 19.4375	 Loss: -0.0837596133351326
Step: 3719168	Mean reward: 18.15625	 Loss: -0.019869090989232063
Step: 3727360	Mean reward: 18.875	 Loss: -0.0909157544374466
Step: 3735552	Mean reward: 16.59375	 Loss: -0.06840851902961731
Step: 3743744	Mean reward: 19.6875	 Loss: -0.07259407639503479
Step: 3751936	Mean reward: 17.3125	 Loss: -0.03739741072058678
Step: 3760128	Mean reward: 19.125	 Loss: -0.007070503197610378
Step: 3768320	Mean reward: 18.53125	 Loss: -0.10212007164955139
Step: 3776512	Mean reward: 18.28125	 Loss: -0.037199120968580246
Step: 3784704	Mean reward: 17.65625	 Loss: -0.05676746368408203
Step: 3792896	Mean reward: 18.0	 Loss: -0.07656843960285187
Step: 3801088	Mean reward: 17.96875	 Loss: -0.04429730772972107
Step: 3809280	Mean reward: 17.03125	 Loss: -0.14123457670211792
Step: 3817472	Mean reward: 18.65625	 Loss: -0.09284012019634247
Step: 3825664	Mean reward: 19.125	 Loss: -0.059450581669807434
Step: 3833856	Mean reward: 19.0	 Loss: -0.021284373477101326
Step: 3842048	Mean reward: 18.1875	 Loss: 0.013985387980937958
Step: 3850240	Mean reward: 17.625	 Loss: -0.039950162172317505
Step: 3858432	Mean reward: 18.84375	 Loss: 0.10396658629179001
Step: 3866624	Mean reward: 18.21875	 Loss: 0.008771571330726147
Step: 3874816	Mean reward: 18.9375	 Loss: 0.005989315919578075
Step: 3883008	Mean reward: 20.65625	 Loss: 0.026667427271604538
Step: 3891200	Mean reward: 20.8125	 Loss: -0.0841405838727951
Step: 3899392	Mean reward: 18.8125	 Loss: -0.10234371572732925
Step: 3907584	Mean reward: 18.59375	 Loss: -0.07618457078933716
Step: 3915776	Mean reward: 17.09375	 Loss: 0.04468720033764839
Step: 3923968	Mean reward: 20.03125	 Loss: -0.030102048069238663
Step: 3932160	Mean reward: 19.21875	 Loss: -0.03899572789669037
Step: 3940352	Mean reward: 19.5	 Loss: -0.00798192247748375
Step: 3948544	Mean reward: 19.09375	 Loss: -0.09355765581130981
Step: 3956736	Mean reward: 18.8125	 Loss: 0.012355558574199677
Step: 3964928	Mean reward: 19.78125	 Loss: -0.014401735737919807
Step: 3973120	Mean reward: 18.71875	 Loss: -0.012586373835802078
Step: 3981312	Mean reward: 19.40625	 Loss: -0.05312745273113251
Step: 3989504	Mean reward: 18.84375	 Loss: 0.07782629132270813
Step: 3997696	Mean reward: 18.40625	 Loss: -0.05064622312784195
Step: 4005888	Mean reward: 17.90625	 Loss: -0.02539130300283432
Step: 4014080	Mean reward: 19.125	 Loss: -0.10191000252962112
Step: 4022272	Mean reward: 20.0625	 Loss: -0.018183311447501183
Step: 4030464	Mean reward: 19.8125	 Loss: -0.017439039424061775
Step: 4038656	Mean reward: 21.15625	 Loss: 0.03841128945350647
Step: 4046848	Mean reward: 18.5625	 Loss: -0.027983276173472404
Step: 4055040	Mean reward: 19.4375	 Loss: -0.015526912175118923
Step: 4063232	Mean reward: 19.59375	 Loss: -0.051798898726701736
Step: 4071424	Mean reward: 17.5625	 Loss: 0.03597381338477135
Step: 4079616	Mean reward: 17.46875	 Loss: -0.01995037868618965
Step: 4087808	Mean reward: 18.0	 Loss: -0.07996632158756256
Step: 4096000	Mean reward: 19.65625	 Loss: -0.048260144889354706
Step: 4104192	Mean reward: 19.90625	 Loss: -0.04188218712806702
Step: 4112384	Mean reward: 17.6875	 Loss: -0.03560270369052887
Step: 4120576	Mean reward: 19.3125	 Loss: 0.029175803065299988
Step: 4128768	Mean reward: 17.21875	 Loss: -0.043414823710918427
Step: 4136960	Mean reward: 20.09375	 Loss: -0.08953527361154556
Step: 4145152	Mean reward: 19.125	 Loss: 0.06614569574594498
Step: 4153344	Mean reward: 21.0625	 Loss: 0.018791213631629944
Step: 4161536	Mean reward: 18.46875	 Loss: 0.005726003088057041
Step: 4169728	Mean reward: 18.0	 Loss: -0.13768552243709564
Step: 4177920	Mean reward: 18.9375	 Loss: 0.019353019073605537
Step: 4186112	Mean reward: 19.5	 Loss: -0.03609094023704529
Step: 4194304	Mean reward: 19.21875	 Loss: -0.012256139889359474
Step: 4202496	Mean reward: 19.9375	 Loss: 0.07397616654634476
Step: 4210688	Mean reward: 18.8125	 Loss: -0.07727357000112534
Step: 4218880	Mean reward: 18.125	 Loss: 0.10926565527915955
Step: 4227072	Mean reward: 20.3125	 Loss: -0.016979176551103592
Step: 4235264	Mean reward: 18.96875	 Loss: -0.07434030622243881
Step: 4243456	Mean reward: 19.9375	 Loss: 0.04018193483352661
Step: 4251648	Mean reward: 18.9375	 Loss: -0.031024586409330368
Step: 4259840	Mean reward: 19.1875	 Loss: 0.037438541650772095
Step: 4268032	Mean reward: 17.1875	 Loss: 0.025002216920256615
Step: 4276224	Mean reward: 19.625	 Loss: -0.03516620397567749
Step: 4284416	Mean reward: 19.25	 Loss: -0.03568724915385246
Step: 4292608	Mean reward: 18.53125	 Loss: -0.03778379410505295
Step: 4300800	Mean reward: 19.0	 Loss: -0.015251045115292072
Step: 4308992	Mean reward: 19.3125	 Loss: -0.0416627861559391
Step: 4317184	Mean reward: 18.5	 Loss: -0.03442187234759331
Step: 4325376	Mean reward: 18.46875	 Loss: -0.021378520876169205
Step: 4333568	Mean reward: 18.375	 Loss: -0.010571123100817204
Step: 4341760	Mean reward: 17.5	 Loss: -0.07568056881427765
Step: 4349952	Mean reward: 18.25	 Loss: -0.0018388209864497185
Step: 4358144	Mean reward: 19.46875	 Loss: -0.059672318398952484
Step: 4366336	Mean reward: 19.84375	 Loss: -0.013402245938777924
Step: 4374528	Mean reward: 19.5625	 Loss: -0.04945451393723488
Step: 4382720	Mean reward: 19.0	 Loss: 0.013478951528668404
Step: 4390912	Mean reward: 19.6875	 Loss: -0.09798305481672287
Step: 4399104	Mean reward: 18.40625	 Loss: -0.08808524906635284
Step: 4407296	Mean reward: 18.34375	 Loss: 0.009204444475471973
Step: 4415488	Mean reward: 19.96875	 Loss: 0.009545828215777874
Step: 4423680	Mean reward: 18.0625	 Loss: -0.05522380769252777
Step: 4431872	Mean reward: 18.46875	 Loss: -0.017082545906305313
Step: 4440064	Mean reward: 20.09375	 Loss: 0.04530820995569229
Step: 4448256	Mean reward: 19.75	 Loss: -0.11136520653963089
Step: 4456448	Mean reward: 19.03125	 Loss: 0.028065696358680725
Step: 4464640	Mean reward: 20.5	 Loss: -0.06434804946184158
Step: 4472832	Mean reward: 18.75	 Loss: -0.05010434612631798
Step: 4481024	Mean reward: 19.5625	 Loss: -0.09160543978214264
Step: 4489216	Mean reward: 18.75	 Loss: -0.03814024105668068
Step: 4497408	Mean reward: 20.0625	 Loss: -0.086133673787117
Step: 4505600	Mean reward: 19.625	 Loss: -0.025006616488099098
Step: 4513792	Mean reward: 17.46875	 Loss: -0.09100884199142456
Step: 4521984	Mean reward: 21.03125	 Loss: -0.09377610683441162
Step: 4530176	Mean reward: 19.65625	 Loss: -0.05027042329311371
Step: 4538368	Mean reward: 18.34375	 Loss: -0.011173835024237633
Step: 4546560	Mean reward: 19.09375	 Loss: -0.0769047811627388
Step: 4554752	Mean reward: 19.03125	 Loss: 0.02342449314892292
Step: 4562944	Mean reward: 19.96875	 Loss: 0.02707240730524063
Step: 4571136	Mean reward: 19.46875	 Loss: 0.01831626705825329
Step: 4579328	Mean reward: 20.0625	 Loss: -0.09187718480825424
Step: 4587520	Mean reward: 17.375	 Loss: -0.02646290883421898
Step: 4595712	Mean reward: 21.40625	 Loss: 0.01495917234569788
Step: 4603904	Mean reward: 18.125	 Loss: -0.00940030813217163
Step: 4612096	Mean reward: 19.375	 Loss: -0.029413335025310516
Step: 4620288	Mean reward: 19.125	 Loss: -0.04943002387881279
Step: 4628480	Mean reward: 19.125	 Loss: -0.09006059169769287
Step: 4636672	Mean reward: 18.09375	 Loss: -0.07988373190164566
Step: 4644864	Mean reward: 21.1875	 Loss: -0.07666570693254471
Step: 4653056	Mean reward: 19.6875	 Loss: 0.0203508622944355
Step: 4661248	Mean reward: 19.96875	 Loss: -0.031017111614346504
Step: 4669440	Mean reward: 20.8125	 Loss: -0.05634951591491699
Step: 4677632	Mean reward: 20.34375	 Loss: 0.05605441704392433
Step: 4685824	Mean reward: 19.4375	 Loss: -0.08867984265089035
Step: 4694016	Mean reward: 18.28125	 Loss: -0.0653589516878128
Step: 4702208	Mean reward: 20.6875	 Loss: 0.008096720091998577
Step: 4710400	Mean reward: 19.46875	 Loss: -0.08959764242172241
Step: 4718592	Mean reward: 20.1875	 Loss: -0.09084081649780273
Step: 4726784	Mean reward: 18.1875	 Loss: 0.047601960599422455
Step: 4734976	Mean reward: 19.40625	 Loss: 0.002771034836769104
Step: 4743168	Mean reward: 19.15625	 Loss: -0.06159188970923424
Step: 4751360	Mean reward: 19.53125	 Loss: -0.07402847707271576
Step: 4759552	Mean reward: 18.4375	 Loss: 0.0371750146150589
Step: 4767744	Mean reward: 20.625	 Loss: -0.015936803072690964
Step: 4775936	Mean reward: 20.0625	 Loss: -0.09460590034723282
Step: 4784128	Mean reward: 19.78125	 Loss: 0.043678317219018936
Step: 4792320	Mean reward: 20.25	 Loss: -0.1105813980102539
Step: 4800512	Mean reward: 19.65625	 Loss: -0.1059323102235794
Step: 4808704	Mean reward: 19.9375	 Loss: 0.004964202642440796
Step: 4816896	Mean reward: 19.5	 Loss: 0.00998880434781313
Step: 4825088	Mean reward: 18.78125	 Loss: -0.09828854352235794
Step: 4833280	Mean reward: 19.5	 Loss: 0.01097126491367817
Step: 4841472	Mean reward: 20.03125	 Loss: -0.02128060907125473
Step: 4849664	Mean reward: 19.4375	 Loss: -0.04120256006717682
Step: 4857856	Mean reward: 18.9375	 Loss: -0.05357274413108826
Step: 4866048	Mean reward: 19.1875	 Loss: -0.09015842527151108
Step: 4874240	Mean reward: 19.6875	 Loss: -0.08059307932853699
Step: 4882432	Mean reward: 18.59375	 Loss: -0.07251222431659698
Step: 4890624	Mean reward: 18.75	 Loss: -0.054998449981212616
Step: 4898816	Mean reward: 19.21875	 Loss: -0.08976886421442032
Step: 4907008	Mean reward: 18.59375	 Loss: -0.07451674342155457
Step: 4915200	Mean reward: 17.875	 Loss: -0.061890579760074615
Step: 4923392	Mean reward: 19.34375	 Loss: -0.026938896626234055
Step: 4931584	Mean reward: 20.0	 Loss: -0.025887329131364822
Step: 4939776	Mean reward: 18.6875	 Loss: -0.06839706003665924
Step: 4947968	Mean reward: 18.4375	 Loss: -0.04895434156060219
Step: 4956160	Mean reward: 18.6875	 Loss: 0.03640914335846901
Step: 4964352	Mean reward: 17.8125	 Loss: -0.02837994694709778
Step: 4972544	Mean reward: 19.21875	 Loss: 0.07794898748397827
Step: 4980736	Mean reward: 20.0625	 Loss: -0.09261617064476013
Step: 4988928	Mean reward: 18.46875	 Loss: -0.0710919126868248
Step: 4997120	Mean reward: 16.71875	 Loss: -0.06387956440448761
Step: 5005312	Mean reward: 19.65625	 Loss: 0.01710175722837448
Step: 5013504	Mean reward: 19.6875	 Loss: -0.05374191701412201
Step: 5021696	Mean reward: 18.84375	 Loss: -0.03787878528237343
Step: 5029888	Mean reward: 20.625	 Loss: -0.021424969658255577
Step: 5038080	Mean reward: 19.59375	 Loss: -0.0885336622595787
Step: 5046272	Mean reward: 19.15625	 Loss: -0.035206329077482224
Step: 5054464	Mean reward: 18.34375	 Loss: -0.054196324199438095
Step: 5062656	Mean reward: 20.5	 Loss: -0.059916991740465164
Step: 5070848	Mean reward: 20.28125	 Loss: 0.003633536398410797
Step: 5079040	Mean reward: 19.46875	 Loss: 0.0016440991312265396
Step: 5087232	Mean reward: 18.03125	 Loss: 0.020986981689929962
Step: 5095424	Mean reward: 20.15625	 Loss: -0.07410849630832672
Step: 5103616	Mean reward: 19.84375	 Loss: -0.019228892400860786
Step: 5111808	Mean reward: 18.34375	 Loss: -0.01749487966299057
Step: 5120000	Mean reward: 18.40625	 Loss: -0.05246381461620331
Step: 5128192	Mean reward: 19.59375	 Loss: -0.1616281121969223
Step: 5136384	Mean reward: 18.875	 Loss: -0.009615423157811165
Step: 5144576	Mean reward: 19.25	 Loss: -0.05874631181359291
Step: 5152768	Mean reward: 19.4375	 Loss: -0.024572866037487984
Step: 5160960	Mean reward: 18.8125	 Loss: -0.1497967690229416
Step: 5169152	Mean reward: 20.09375	 Loss: -0.07649315148591995
Step: 5177344	Mean reward: 20.0625	 Loss: -0.03535981476306915
Step: 5185536	Mean reward: 17.25	 Loss: -0.0011061569675803185
Step: 5193728	Mean reward: 21.03125	 Loss: -0.10446343570947647
Step: 5201920	Mean reward: 20.59375	 Loss: -0.020959533751010895
Step: 5210112	Mean reward: 19.21875	 Loss: -0.023920562118291855
Step: 5218304	Mean reward: 19.375	 Loss: -0.02849433571100235
Step: 5226496	Mean reward: 19.8125	 Loss: 0.0019491743296384811
Step: 5234688	Mean reward: 20.1875	 Loss: -0.01852579414844513
Step: 5242880	Mean reward: 19.90625	 Loss: -0.06451711058616638
Step: 5251072	Mean reward: 20.15625	 Loss: -0.015384010970592499
Step: 5259264	Mean reward: 19.625	 Loss: -0.022450141608715057
Step: 5267456	Mean reward: 20.0	 Loss: -0.03817619010806084
Step: 5275648	Mean reward: 19.65625	 Loss: -0.006977131590247154
Step: 5283840	Mean reward: 19.1875	 Loss: -0.07149522751569748
Step: 5292032	Mean reward: 19.0625	 Loss: 0.04361690580844879
Step: 5300224	Mean reward: 20.75	 Loss: -0.017117725685238838
Step: 5308416	Mean reward: 18.875	 Loss: 0.0054731424897909164
Step: 5316608	Mean reward: 19.28125	 Loss: -0.04418903961777687
Step: 5324800	Mean reward: 20.53125	 Loss: -0.060765936970710754
Step: 5332992	Mean reward: 20.21875	 Loss: -0.01897568255662918
Step: 5341184	Mean reward: 17.6875	 Loss: -0.015030483715236187
Step: 5349376	Mean reward: 19.75	 Loss: 0.02560795471072197
Step: 5357568	Mean reward: 21.28125	 Loss: -0.07490953803062439
Step: 5365760	Mean reward: 18.40625	 Loss: -0.0641101524233818
Step: 5373952	Mean reward: 19.90625	 Loss: 0.045313313603401184
Step: 5382144	Mean reward: 19.09375	 Loss: 0.06737688183784485
Step: 5390336	Mean reward: 21.375	 Loss: -0.06013784185051918
Step: 5398528	Mean reward: 20.84375	 Loss: -0.06936530768871307
Step: 5406720	Mean reward: 20.1875	 Loss: -0.038077645003795624
Step: 5414912	Mean reward: 21.0625	 Loss: -0.060163237154483795
Step: 5423104	Mean reward: 19.65625	 Loss: -0.026140861213207245
Step: 5431296	Mean reward: 21.59375	 Loss: -0.023797620087862015
Step: 5439488	Mean reward: 18.875	 Loss: 0.04746762290596962
Step: 5447680	Mean reward: 20.0	 Loss: -0.03421812504529953
Step: 5455872	Mean reward: 20.5	 Loss: -0.048276446759700775
Step: 5464064	Mean reward: 20.0	 Loss: -0.04400564357638359
Step: 5472256	Mean reward: 18.9375	 Loss: -0.032046686857938766
Step: 5480448	Mean reward: 21.0625	 Loss: 0.0264267660677433
Step: 5488640	Mean reward: 19.1875	 Loss: 0.0679740458726883
Step: 5496832	Mean reward: 20.8125	 Loss: -0.05433771014213562
Step: 5505024	Mean reward: 19.90625	 Loss: -0.06417682766914368
Step: 5513216	Mean reward: 18.09375	 Loss: -0.049110718071460724
Step: 5521408	Mean reward: 19.28125	 Loss: 0.03800879046320915
Step: 5529600	Mean reward: 18.5625	 Loss: -0.09669028222560883
Step: 5537792	Mean reward: 20.5625	 Loss: -0.09673705697059631
Step: 5545984	Mean reward: 20.0	 Loss: -0.049912482500076294
Step: 5554176	Mean reward: 21.96875	 Loss: -0.0009819064289331436
Step: 5562368	Mean reward: 21.125	 Loss: -0.03655962646007538
Step: 5570560	Mean reward: 20.71875	 Loss: -0.02172582410275936
Step: 5578752	Mean reward: 19.875	 Loss: -0.011929234489798546
Step: 5586944	Mean reward: 20.40625	 Loss: -0.02932816371321678
Step: 5595136	Mean reward: 19.78125	 Loss: -0.06472892314195633
Step: 5603328	Mean reward: 21.59375	 Loss: 0.033476315438747406
Step: 5611520	Mean reward: 19.25	 Loss: -0.03651176020503044
Step: 5619712	Mean reward: 20.875	 Loss: -0.11130952090024948
Step: 5627904	Mean reward: 20.625	 Loss: -0.054616108536720276
Step: 5636096	Mean reward: 19.8125	 Loss: 0.022185739129781723
Step: 5644288	Mean reward: 22.09375	 Loss: -0.05018048360943794
Step: 5652480	Mean reward: 21.03125	 Loss: -0.03961244225502014
Step: 5660672	Mean reward: 20.34375	 Loss: -0.035715170204639435
Step: 5668864	Mean reward: 21.5	 Loss: -0.046012185513973236
Step: 5677056	Mean reward: 19.28125	 Loss: -0.03453918546438217
Step: 5685248	Mean reward: 20.28125	 Loss: -0.004584312438964844
Step: 5693440	Mean reward: 20.9375	 Loss: -0.06890657544136047
Step: 5701632	Mean reward: 20.125	 Loss: -0.019105594605207443
Step: 5709824	Mean reward: 20.90625	 Loss: -0.006743674166500568
Step: 5718016	Mean reward: 21.21875	 Loss: -0.0021968167275190353
Step: 5726208	Mean reward: 20.03125	 Loss: 0.031455572694540024
Step: 5734400	Mean reward: 21.84375	 Loss: 0.025644909590482712
Step: 5742592	Mean reward: 20.4375	 Loss: 0.027230873703956604
Step: 5750784	Mean reward: 21.84375	 Loss: -0.047756411135196686
Step: 5758976	Mean reward: 18.875	 Loss: -0.02225012518465519
Step: 5767168	Mean reward: 19.78125	 Loss: -0.047146670520305634
Step: 5775360	Mean reward: 21.1875	 Loss: 0.06896158307790756
Step: 5783552	Mean reward: 20.1875	 Loss: -0.04487791284918785
Step: 5791744	Mean reward: 20.3125	 Loss: -0.08620642125606537
Step: 5799936	Mean reward: 21.6875	 Loss: -0.026035256683826447
Step: 5808128	Mean reward: 18.875	 Loss: -0.022347014397382736
Step: 5816320	Mean reward: 21.28125	 Loss: -0.047225937247276306
Step: 5824512	Mean reward: 20.8125	 Loss: 0.06453637033700943
Step: 5832704	Mean reward: 19.71875	 Loss: -0.036618705838918686
Step: 5840896	Mean reward: 19.46875	 Loss: -0.07112906128168106
Step: 5849088	Mean reward: 21.1875	 Loss: -0.007088084705173969
Step: 5857280	Mean reward: 20.71875	 Loss: -0.03433337062597275
Step: 5865472	Mean reward: 20.90625	 Loss: -0.0339813157916069
Step: 5873664	Mean reward: 20.375	 Loss: -0.012194625101983547
Step: 5881856	Mean reward: 18.96875	 Loss: 0.04062454774975777
Step: 5890048	Mean reward: 21.3125	 Loss: -0.07398156076669693
Step: 5898240	Mean reward: 19.84375	 Loss: -0.06859691441059113
Step: 5906432	Mean reward: 20.6875	 Loss: 0.034416887909173965
Step: 5914624	Mean reward: 19.96875	 Loss: 0.010878981091082096
Step: 5922816	Mean reward: 18.0	 Loss: 0.03327374905347824
Step: 5931008	Mean reward: 21.25	 Loss: -0.061953045427799225
Step: 5939200	Mean reward: 21.96875	 Loss: -0.04677196964621544
Step: 5947392	Mean reward: 19.625	 Loss: -0.04272419214248657
Step: 5955584	Mean reward: 21.46875	 Loss: 0.023224681615829468
Step: 5963776	Mean reward: 20.625	 Loss: -0.06180616468191147
Step: 5971968	Mean reward: 20.96875	 Loss: -0.0327080674469471
Step: 5980160	Mean reward: 20.65625	 Loss: -0.04700928181409836
Step: 5988352	Mean reward: 20.5	 Loss: 0.06570686399936676
Step: 5996544	Mean reward: 20.25	 Loss: 0.02402140386402607
Step: 6004736	Mean reward: 20.03125	 Loss: 0.02482788637280464
Step: 6012928	Mean reward: 20.25	 Loss: -0.036485545337200165
Step: 6021120	Mean reward: 20.875	 Loss: 0.075161874294281
Step: 6029312	Mean reward: 19.96875	 Loss: -0.04727833718061447
Step: 6037504	Mean reward: 21.1875	 Loss: -0.024524006992578506
Step: 6045696	Mean reward: 20.84375	 Loss: -0.029066625982522964
Step: 6053888	Mean reward: 20.0625	 Loss: -0.024265961721539497
Step: 6062080	Mean reward: 21.6875	 Loss: -0.003857553005218506
Step: 6070272	Mean reward: 21.5	 Loss: -0.048600394278764725
Step: 6078464	Mean reward: 20.4375	 Loss: -0.026737740263342857
Step: 6086656	Mean reward: 20.15625	 Loss: -0.06824150681495667
Step: 6094848	Mean reward: 18.9375	 Loss: -0.020655082538723946
Step: 6103040	Mean reward: 19.375	 Loss: -0.021515054628252983
Step: 6111232	Mean reward: 21.6875	 Loss: -0.09863413870334625
Step: 6119424	Mean reward: 20.1875	 Loss: -0.04299221187829971
Step: 6127616	Mean reward: 20.78125	 Loss: -0.09473894536495209
Step: 6135808	Mean reward: 19.71875	 Loss: -0.004865474998950958
Step: 6144000	Mean reward: 21.71875	 Loss: -0.06827855110168457
Step: 6152192	Mean reward: 20.15625	 Loss: 0.0008263331837952137
Step: 6160384	Mean reward: 21.6875	 Loss: -0.05101153627038002
Step: 6168576	Mean reward: 21.25	 Loss: -0.03191737085580826
Step: 6176768	Mean reward: 21.15625	 Loss: -0.006379882805049419
Step: 6184960	Mean reward: 21.21875	 Loss: 0.03950944170355797
Step: 6193152	Mean reward: 21.625	 Loss: 0.018989428877830505
Step: 6201344	Mean reward: 19.125	 Loss: -0.03846975788474083
Step: 6209536	Mean reward: 20.71875	 Loss: 0.01625540480017662
Step: 6217728	Mean reward: 21.6875	 Loss: -0.037681788206100464
Step: 6225920	Mean reward: 20.21875	 Loss: -0.01695343479514122
Step: 6234112	Mean reward: 20.3125	 Loss: -0.049043916165828705
Step: 6242304	Mean reward: 22.46875	 Loss: 0.004535945598036051
Step: 6250496	Mean reward: 21.53125	 Loss: 0.012370897457003593
Step: 6258688	Mean reward: 20.53125	 Loss: 0.03485702723264694
Step: 6266880	Mean reward: 20.71875	 Loss: -0.1059357300400734
Step: 6275072	Mean reward: 21.1875	 Loss: 0.06183212250471115
Step: 6283264	Mean reward: 22.1875	 Loss: -0.045234519988298416
Step: 6291456	Mean reward: 19.96875	 Loss: -0.09243717789649963
Step: 6299648	Mean reward: 19.21875	 Loss: -0.07774099707603455
Step: 6307840	Mean reward: 19.625	 Loss: -0.033935435116291046
Step: 6316032	Mean reward: 20.75	 Loss: -0.10809652507305145
Step: 6324224	Mean reward: 19.25	 Loss: -0.009810474701225758
Step: 6332416	Mean reward: 19.0	 Loss: -0.029039187356829643
Step: 6340608	Mean reward: 20.5625	 Loss: 0.03144695237278938
Step: 6348800	Mean reward: 20.0	 Loss: 0.0668657124042511
Step: 6356992	Mean reward: 20.3125	 Loss: -0.042813658714294434
Step: 6365184	Mean reward: 20.09375	 Loss: -0.09846208989620209
Step: 6373376	Mean reward: 20.65625	 Loss: 0.001356201246380806
Step: 6381568	Mean reward: 20.40625	 Loss: 0.0008371537551283836
Step: 6389760	Mean reward: 19.3125	 Loss: 0.041254524141550064
Step: 6397952	Mean reward: 20.53125	 Loss: -0.07667730748653412
Step: 6406144	Mean reward: 20.09375	 Loss: -0.08705753087997437
Step: 6414336	Mean reward: 20.5	 Loss: -0.020422814413905144
Step: 6422528	Mean reward: 20.1875	 Loss: -0.025208856910467148
Step: 6430720	Mean reward: 21.84375	 Loss: -0.06184980273246765
Step: 6438912	Mean reward: 20.9375	 Loss: -0.06916074454784393
Step: 6447104	Mean reward: 20.375	 Loss: 0.009748558513820171
Step: 6455296	Mean reward: 20.59375	 Loss: -0.027323685586452484
Step: 6463488	Mean reward: 18.96875	 Loss: -0.034113314002752304
Step: 6471680	Mean reward: 22.15625	 Loss: -0.06740427762269974
Step: 6479872	Mean reward: 21.125	 Loss: -0.07099813222885132
Step: 6488064	Mean reward: 20.28125	 Loss: -0.012295055203139782
Step: 6496256	Mean reward: 20.3125	 Loss: -0.050062812864780426
Step: 6504448	Mean reward: 21.75	 Loss: 0.013598131015896797
Step: 6512640	Mean reward: 20.75	 Loss: -0.036858491599559784
Step: 6520832	Mean reward: 21.96875	 Loss: 0.00441103195771575
Step: 6529024	Mean reward: 21.0625	 Loss: -0.09822061657905579
Step: 6537216	Mean reward: 19.78125	 Loss: -0.029337432235479355
Step: 6545408	Mean reward: 22.3125	 Loss: 0.09363251179456711
Step: 6553600	Mean reward: 20.96875	 Loss: -0.043838150799274445
Step: 6561792	Mean reward: 20.3125	 Loss: -0.052633728832006454
Step: 6569984	Mean reward: 23.1875	 Loss: 0.0418158620595932
Step: 6578176	Mean reward: 22.34375	 Loss: -0.06377211213111877
Step: 6586368	Mean reward: 21.875	 Loss: -0.07373060286045074
Step: 6594560	Mean reward: 21.875	 Loss: -0.011112285777926445
Step: 6602752	Mean reward: 21.71875	 Loss: -0.05642269551753998
Step: 6610944	Mean reward: 20.65625	 Loss: -0.0278330035507679
Step: 6619136	Mean reward: 23.34375	 Loss: 0.02098751999437809
Step: 6627328	Mean reward: 21.875	 Loss: -0.0662832111120224
Step: 6635520	Mean reward: 20.78125	 Loss: 0.12613855302333832
Step: 6643712	Mean reward: 23.65625	 Loss: -0.013889751397073269
Step: 6651904	Mean reward: 22.5625	 Loss: -0.06955356895923615
Step: 6660096	Mean reward: 21.34375	 Loss: 0.07100152224302292
Step: 6668288	Mean reward: 20.4375	 Loss: 0.04089385271072388
Step: 6676480	Mean reward: 20.84375	 Loss: 0.022999556735157967
Step: 6684672	Mean reward: 21.09375	 Loss: 0.027657166123390198
Step: 6692864	Mean reward: 21.125	 Loss: -0.009085332974791527
Step: 6701056	Mean reward: 19.625	 Loss: 0.0286281518638134
Step: 6709248	Mean reward: 20.34375	 Loss: -0.07546455413103104
Step: 6717440	Mean reward: 20.71875	 Loss: 0.0031436383724212646
Step: 6725632	Mean reward: 21.6875	 Loss: -0.0484539195895195
Step: 6733824	Mean reward: 21.0625	 Loss: -0.08293507248163223
Step: 6742016	Mean reward: 21.40625	 Loss: 0.021047817543148994
Step: 6750208	Mean reward: 21.1875	 Loss: 3.28700989484787e-05
Step: 6758400	Mean reward: 19.84375	 Loss: 0.011439591646194458
Step: 6766592	Mean reward: 20.5	 Loss: -0.054490141570568085
Step: 6774784	Mean reward: 21.125	 Loss: -0.0485861673951149
Step: 6782976	Mean reward: 20.71875	 Loss: -0.020373322069644928
Step: 6791168	Mean reward: 20.46875	 Loss: -0.03203018009662628
Step: 6799360	Mean reward: 20.96875	 Loss: -0.01024843379855156
Step: 6807552	Mean reward: 20.3125	 Loss: -0.0696781799197197
Step: 6815744	Mean reward: 19.875	 Loss: -0.029582247138023376
Step: 6823936	Mean reward: 20.75	 Loss: -0.05679292231798172
Step: 6832128	Mean reward: 20.375	 Loss: -0.07490406930446625
Step: 6840320	Mean reward: 20.03125	 Loss: 0.019669514149427414
Step: 6848512	Mean reward: 19.46875	 Loss: 0.020605647936463356
Step: 6856704	Mean reward: 20.5625	 Loss: -0.06141204386949539
Step: 6864896	Mean reward: 21.78125	 Loss: -0.007997740060091019
Step: 6873088	Mean reward: 21.5	 Loss: 0.0008415677584707737
Step: 6881280	Mean reward: 22.21875	 Loss: -0.04453172907233238
Step: 6889472	Mean reward: 20.5625	 Loss: 0.003037458285689354
Step: 6897664	Mean reward: 22.0	 Loss: -0.008174162358045578
Step: 6905856	Mean reward: 21.53125	 Loss: 0.023859601467847824
Step: 6914048	Mean reward: 20.09375	 Loss: -0.0462217703461647
Step: 6922240	Mean reward: 21.53125	 Loss: -0.04617781564593315
Step: 6930432	Mean reward: 21.4375	 Loss: -0.015232612378895283
Step: 6938624	Mean reward: 20.40625	 Loss: -0.04372025281190872
Step: 6946816	Mean reward: 20.5	 Loss: -0.12052033096551895
Step: 6955008	Mean reward: 20.96875	 Loss: -0.087729811668396
Step: 6963200	Mean reward: 20.4375	 Loss: 0.005516378674656153
Step: 6971392	Mean reward: 19.375	 Loss: 0.03055659495294094
Step: 6979584	Mean reward: 22.15625	 Loss: -0.10980615764856339
Step: 6987776	Mean reward: 22.0625	 Loss: 0.018819492310285568
Step: 6995968	Mean reward: 22.40625	 Loss: 0.0120555330067873
Step: 7004160	Mean reward: 22.15625	 Loss: 0.0515962578356266
Step: 7012352	Mean reward: 22.6875	 Loss: -0.07749892771244049
Step: 7020544	Mean reward: 20.6875	 Loss: -0.06047891825437546
Step: 7028736	Mean reward: 23.65625	 Loss: -0.01541181094944477
Step: 7036928	Mean reward: 19.65625	 Loss: -0.03638863563537598
Step: 7045120	Mean reward: 20.5	 Loss: 0.009328545071184635
Step: 7053312	Mean reward: 20.6875	 Loss: -0.02362598292529583
Step: 7061504	Mean reward: 21.5	 Loss: -0.01854030415415764
Step: 7069696	Mean reward: 22.59375	 Loss: -0.08992329984903336
Step: 7077888	Mean reward: 20.96875	 Loss: -0.0745750144124031
Step: 7086080	Mean reward: 19.8125	 Loss: 0.04708965867757797
Step: 7094272	Mean reward: 21.625	 Loss: -0.07659834623336792
Step: 7102464	Mean reward: 20.59375	 Loss: -0.03995165228843689
Step: 7110656	Mean reward: 21.4375	 Loss: -0.07763618975877762
Step: 7118848	Mean reward: 20.8125	 Loss: 0.026126544922590256
Step: 7127040	Mean reward: 22.03125	 Loss: 0.007687370292842388
Step: 7135232	Mean reward: 22.875	 Loss: -0.017508577555418015
Step: 7143424	Mean reward: 21.03125	 Loss: -0.04037093743681908
Step: 7151616	Mean reward: 22.8125	 Loss: 0.00912898126989603
Step: 7159808	Mean reward: 20.8125	 Loss: -0.031355611979961395
Step: 7168000	Mean reward: 21.34375	 Loss: -0.0943446010351181
Step: 7176192	Mean reward: 20.90625	 Loss: -0.0012555932626128197
Step: 7184384	Mean reward: 23.1875	 Loss: -0.050070300698280334
Step: 7192576	Mean reward: 22.375	 Loss: -0.001221650280058384
Step: 7200768	Mean reward: 21.25	 Loss: -0.060819029808044434
Step: 7208960	Mean reward: 20.84375	 Loss: -0.029796499758958817
Step: 7217152	Mean reward: 21.3125	 Loss: 0.0684659332036972
Step: 7225344	Mean reward: 21.09375	 Loss: -0.05831161141395569
Step: 7233536	Mean reward: 20.75	 Loss: -0.013485057279467583
Step: 7241728	Mean reward: 20.875	 Loss: -0.07890947163105011
Step: 7249920	Mean reward: 21.125	 Loss: 0.07516904175281525
Step: 7258112	Mean reward: 20.875	 Loss: 0.03569097816944122
Step: 7266304	Mean reward: 21.59375	 Loss: -0.040630050003528595
Step: 7274496	Mean reward: 19.53125	 Loss: -0.08598240464925766
Step: 7282688	Mean reward: 20.15625	 Loss: -0.021513042971491814
Step: 7290880	Mean reward: 21.09375	 Loss: -0.011262739077210426
Step: 7299072	Mean reward: 21.8125	 Loss: -0.001348111778497696
Step: 7307264	Mean reward: 19.25	 Loss: -0.029776405543088913
Step: 7315456	Mean reward: 21.78125	 Loss: 0.06672169268131256
Step: 7323648	Mean reward: 20.46875	 Loss: -0.037893347442150116
Step: 7331840	Mean reward: 20.78125	 Loss: -0.04999924823641777
Step: 7340032	Mean reward: 20.09375	 Loss: -0.11052542924880981
Step: 7348224	Mean reward: 21.46875	 Loss: 0.017338819801807404
Step: 7356416	Mean reward: 22.46875	 Loss: -0.01876091957092285
Step: 7364608	Mean reward: 20.28125	 Loss: -0.010130774229764938
Step: 7372800	Mean reward: 21.90625	 Loss: -0.02478817105293274
Step: 7380992	Mean reward: 21.0625	 Loss: -0.03774857521057129
Step: 7389184	Mean reward: 21.625	 Loss: -0.03953913599252701
Step: 7397376	Mean reward: 21.375	 Loss: -0.040198247879743576
Step: 7405568	Mean reward: 21.59375	 Loss: -0.07086339592933655
Step: 7413760	Mean reward: 20.90625	 Loss: -0.08412797749042511
Step: 7421952	Mean reward: 20.3125	 Loss: -0.04323691502213478
Step: 7430144	Mean reward: 21.0625	 Loss: -0.0426497608423233
Step: 7438336	Mean reward: 20.96875	 Loss: -0.02340840734541416
Step: 7446528	Mean reward: 19.5625	 Loss: -0.09073222428560257
Step: 7454720	Mean reward: 18.375	 Loss: -0.10686714202165604
Step: 7462912	Mean reward: 22.53125	 Loss: -0.007553135044872761
Step: 7471104	Mean reward: 22.125	 Loss: -0.04560793191194534
Step: 7479296	Mean reward: 22.0625	 Loss: -0.00932789221405983
Step: 7487488	Mean reward: 19.96875	 Loss: -0.0357276014983654
Step: 7495680	Mean reward: 23.1875	 Loss: -0.01805931143462658
Step: 7503872	Mean reward: 23.53125	 Loss: -0.0847022756934166
Step: 7512064	Mean reward: 22.25	 Loss: -0.0294738058000803
Step: 7520256	Mean reward: 22.84375	 Loss: -0.014835955575108528
Step: 7528448	Mean reward: 22.03125	 Loss: -0.0402417927980423
Step: 7536640	Mean reward: 22.5	 Loss: -0.1400856077671051
Step: 7544832	Mean reward: 21.65625	 Loss: -0.0740291029214859
Step: 7553024	Mean reward: 21.09375	 Loss: -0.04237554594874382
Step: 7561216	Mean reward: 21.6875	 Loss: 0.0016384255141019821
Step: 7569408	Mean reward: 21.8125	 Loss: -0.028186071664094925
Step: 7577600	Mean reward: 22.3125	 Loss: 0.031888533383607864
Step: 7585792	Mean reward: 21.46875	 Loss: -0.0018389411270618439
Step: 7593984	Mean reward: 21.78125	 Loss: 0.03951621428132057
Step: 7602176	Mean reward: 21.78125	 Loss: -0.021752536296844482
Step: 7610368	Mean reward: 20.1875	 Loss: -0.010077625513076782
Step: 7618560	Mean reward: 21.6875	 Loss: -0.05790406093001366
Step: 7626752	Mean reward: 21.125	 Loss: 0.05595950037240982
Step: 7634944	Mean reward: 21.34375	 Loss: 0.07950133830308914
Step: 7643136	Mean reward: 20.21875	 Loss: 0.0718020498752594
Step: 7651328	Mean reward: 21.3125	 Loss: -0.032880477607250214
Step: 7659520	Mean reward: 20.65625	 Loss: -0.046868473291397095
Step: 7667712	Mean reward: 20.9375	 Loss: -0.026499271392822266
Step: 7675904	Mean reward: 19.25	 Loss: -0.02874159812927246
Step: 7684096	Mean reward: 21.5625	 Loss: 0.056657567620277405
Step: 7692288	Mean reward: 21.28125	 Loss: -0.00443622563034296
Step: 7700480	Mean reward: 19.84375	 Loss: -0.024389613419771194
Step: 7708672	Mean reward: 21.625	 Loss: 0.09541711211204529
Step: 7716864	Mean reward: 20.53125	 Loss: 0.07670403271913528
Step: 7725056	Mean reward: 20.59375	 Loss: -0.02153969556093216
Step: 7733248	Mean reward: 21.625	 Loss: -0.004079565405845642
Step: 7741440	Mean reward: 22.625	 Loss: -0.12956127524375916
Step: 7749632	Mean reward: 22.65625	 Loss: 0.004217681009322405
Step: 7757824	Mean reward: 22.03125	 Loss: 0.030846424400806427
Step: 7766016	Mean reward: 21.78125	 Loss: -0.10393313318490982
Step: 7774208	Mean reward: 19.65625	 Loss: -0.056604787707328796
Step: 7782400	Mean reward: 21.4375	 Loss: -0.042228467762470245
Step: 7790592	Mean reward: 19.34375	 Loss: 0.0022676060907542706
Step: 7798784	Mean reward: 21.40625	 Loss: -0.014826979488134384
Step: 7806976	Mean reward: 21.6875	 Loss: 0.026354867964982986
Step: 7815168	Mean reward: 19.34375	 Loss: -0.033831387758255005
Step: 7823360	Mean reward: 21.125	 Loss: 0.01103998627513647
Step: 7831552	Mean reward: 20.59375	 Loss: -0.08193082362413406
Step: 7839744	Mean reward: 19.78125	 Loss: 0.07606080174446106
Step: 7847936	Mean reward: 20.0	 Loss: -0.06630247831344604
Step: 7856128	Mean reward: 20.46875	 Loss: 0.008592914789915085
Step: 7864320	Mean reward: 20.875	 Loss: -0.13181792199611664
Step: 7872512	Mean reward: 20.53125	 Loss: -0.0821947231888771
Step: 7880704	Mean reward: 19.65625	 Loss: -0.105381079018116
Step: 7888896	Mean reward: 20.6875	 Loss: -0.06106996536254883
Step: 7897088	Mean reward: 20.21875	 Loss: -0.014569541439414024
Step: 7905280	Mean reward: 22.875	 Loss: -0.04294853284955025
Step: 7913472	Mean reward: 24.09375	 Loss: -0.03404873237013817
Step: 7921664	Mean reward: 21.78125	 Loss: 0.02796131558716297
Step: 7929856	Mean reward: 21.21875	 Loss: -0.04559910297393799
Step: 7938048	Mean reward: 20.40625	 Loss: -0.03211585059762001
Step: 7946240	Mean reward: 21.125	 Loss: 0.038449082523584366
Step: 7954432	Mean reward: 21.90625	 Loss: 0.02107182703912258
Step: 7962624	Mean reward: 21.96875	 Loss: 0.02827148139476776
Step: 7970816	Mean reward: 20.21875	 Loss: -0.018752219155430794
Step: 7979008	Mean reward: 21.40625	 Loss: -0.047347214072942734
Step: 7987200	Mean reward: 22.75	 Loss: -0.04503708332777023
Step: 7995392	Mean reward: 22.3125	 Loss: -0.030811261385679245
Step: 8003584	Mean reward: 21.875	 Loss: -0.010782604105770588
Step: 8011776	Mean reward: 21.8125	 Loss: -0.020237766206264496
Step: 8019968	Mean reward: 19.78125	 Loss: -0.024194464087486267
Step: 8028160	Mean reward: 20.21875	 Loss: 0.031199784949421883
Step: 8036352	Mean reward: 21.46875	 Loss: 0.03705434501171112
Step: 8044544	Mean reward: 21.125	 Loss: 0.03231645002961159
Step: 8052736	Mean reward: 20.34375	 Loss: -0.05365299433469772
Step: 8060928	Mean reward: 21.375	 Loss: 0.0219930000603199
Step: 8069120	Mean reward: 20.90625	 Loss: -0.057914700359106064
Step: 8077312	Mean reward: 20.65625	 Loss: 0.01203308068215847
Step: 8085504	Mean reward: 20.28125	 Loss: -0.01994479075074196
Step: 8093696	Mean reward: 20.75	 Loss: -0.09840916097164154
Step: 8101888	Mean reward: 19.625	 Loss: 0.015369226224720478
Step: 8110080	Mean reward: 22.1875	 Loss: -0.08710167557001114
Step: 8118272	Mean reward: 19.46875	 Loss: 0.0023417798802256584
Step: 8126464	Mean reward: 20.28125	 Loss: -0.020430676639080048
Step: 8134656	Mean reward: 21.0	 Loss: -0.02452235110104084
Step: 8142848	Mean reward: 21.03125	 Loss: 0.023625046014785767
Step: 8151040	Mean reward: 20.375	 Loss: -0.04637676104903221
Step: 8159232	Mean reward: 20.625	 Loss: -0.06685306131839752
Step: 8167424	Mean reward: 20.21875	 Loss: -0.05483659729361534
Step: 8175616	Mean reward: 19.90625	 Loss: 0.03761613741517067
Step: 8183808	Mean reward: 21.25	 Loss: -0.013471927493810654
Step: 8192000	Mean reward: 20.3125	 Loss: -0.06122620031237602
Step: 8200192	Mean reward: 21.1875	 Loss: -0.057082079350948334
Step: 8208384	Mean reward: 21.375	 Loss: -0.03699081018567085
Step: 8216576	Mean reward: 21.375	 Loss: -0.05574299767613411
Step: 8224768	Mean reward: 21.6875	 Loss: -0.05130860581994057
Step: 8232960	Mean reward: 21.34375	 Loss: 0.00396542577072978
Step: 8241152	Mean reward: 20.28125	 Loss: -0.027732497081160545
Step: 8249344	Mean reward: 22.9375	 Loss: 0.010632093995809555
Step: 8257536	Mean reward: 21.25	 Loss: -0.06573691219091415
Step: 8265728	Mean reward: 20.0	 Loss: -0.08612444251775742
Step: 8273920	Mean reward: 21.96875	 Loss: -0.05403226986527443
Step: 8282112	Mean reward: 24.15625	 Loss: -0.0782291442155838
Step: 8290304	Mean reward: 20.59375	 Loss: -0.008180778473615646
Step: 8298496	Mean reward: 21.625	 Loss: 0.01359451562166214
Step: 8306688	Mean reward: 20.84375	 Loss: -0.037695836275815964
Step: 8314880	Mean reward: 22.15625	 Loss: -0.0947922021150589
Step: 8323072	Mean reward: 21.03125	 Loss: 0.010920649394392967
Step: 8331264	Mean reward: 21.4375	 Loss: 0.03374173864722252
Step: 8339456	Mean reward: 22.28125	 Loss: -0.03446711599826813
Step: 8347648	Mean reward: 21.78125	 Loss: -0.051714010536670685
Step: 8355840	Mean reward: 21.15625	 Loss: -0.0014550136402249336
Step: 8364032	Mean reward: 19.125	 Loss: 0.0033476874232292175
Step: 8372224	Mean reward: 21.28125	 Loss: -0.04774465411901474
Step: 8380416	Mean reward: 20.5625	 Loss: 0.0337974950671196
Step: 8388608	Mean reward: 21.375	 Loss: -0.0321248397231102
Step: 8396800	Mean reward: 20.40625	 Loss: -0.023649178445339203
Step: 8404992	Mean reward: 21.75	 Loss: 0.010352329351007938
Step: 8413184	Mean reward: 21.15625	 Loss: -0.01610844023525715
Step: 8421376	Mean reward: 20.5	 Loss: 0.023231403902173042
Step: 8429568	Mean reward: 22.96875	 Loss: -0.05408491566777229
Step: 8437760	Mean reward: 22.34375	 Loss: 0.034466326236724854
Step: 8445952	Mean reward: 21.03125	 Loss: 0.018626105040311813
Step: 8454144	Mean reward: 21.84375	 Loss: 0.04279882460832596
Step: 8462336	Mean reward: 20.0625	 Loss: -0.06451232731342316
Step: 8470528	Mean reward: 19.5625	 Loss: -0.014140432700514793
Step: 8478720	Mean reward: 22.125	 Loss: -0.07631655037403107
Step: 8486912	Mean reward: 23.6875	 Loss: -0.021631060168147087
Step: 8495104	Mean reward: 20.21875	 Loss: -0.03191271424293518
Step: 8503296	Mean reward: 22.03125	 Loss: 0.04743584245443344
Step: 8511488	Mean reward: 21.6875	 Loss: -0.04689692705869675
Step: 8519680	Mean reward: 21.90625	 Loss: -0.07350244373083115
Step: 8527872	Mean reward: 22.3125	 Loss: -0.029266830533742905
Step: 8536064	Mean reward: 20.125	 Loss: -0.007213597185909748
Step: 8544256	Mean reward: 21.28125	 Loss: -0.002884083427488804
Step: 8552448	Mean reward: 22.0625	 Loss: -0.001772517804056406
Step: 8560640	Mean reward: 23.3125	 Loss: 0.03120207041501999
Step: 8568832	Mean reward: 22.53125	 Loss: -0.12617699801921844
Step: 8577024	Mean reward: 20.46875	 Loss: -0.006414099130779505
Step: 8585216	Mean reward: 22.625	 Loss: -0.03956093266606331
Step: 8593408	Mean reward: 21.75	 Loss: -0.03416852653026581
Step: 8601600	Mean reward: 21.625	 Loss: 0.04865501821041107
Step: 8609792	Mean reward: 22.71875	 Loss: -0.02812102809548378
Step: 8617984	Mean reward: 22.9375	 Loss: 0.012357586994767189
Step: 8626176	Mean reward: 23.65625	 Loss: -0.05467955768108368
Step: 8634368	Mean reward: 22.8125	 Loss: 0.017422758042812347
Step: 8642560	Mean reward: 21.84375	 Loss: -0.024033663794398308
Step: 8650752	Mean reward: 22.125	 Loss: 0.033948563039302826
Step: 8658944	Mean reward: 21.96875	 Loss: -0.04034682735800743
Step: 8667136	Mean reward: 21.59375	 Loss: -0.13893908262252808
Step: 8675328	Mean reward: 23.25	 Loss: 0.05318346992135048
Step: 8683520	Mean reward: 22.78125	 Loss: 0.07510985434055328
Step: 8691712	Mean reward: 24.03125	 Loss: -0.00639992905780673
Step: 8699904	Mean reward: 21.625	 Loss: 0.013629486784338951
Step: 8708096	Mean reward: 22.03125	 Loss: -0.029312849044799805
Step: 8716288	Mean reward: 21.71875	 Loss: -0.14116834104061127
Step: 8724480	Mean reward: 23.5625	 Loss: -0.005181139335036278
Step: 8732672	Mean reward: 21.125	 Loss: 0.013642179779708385
Step: 8740864	Mean reward: 19.65625	 Loss: 0.06471087038516998
Step: 8749056	Mean reward: 22.46875	 Loss: -0.011647719889879227
Step: 8757248	Mean reward: 22.03125	 Loss: -0.11777716130018234
Step: 8765440	Mean reward: 21.5	 Loss: -0.056584350764751434
Step: 8773632	Mean reward: 21.34375	 Loss: -0.0474638007581234
Step: 8781824	Mean reward: 23.8125	 Loss: -0.007916556671261787
Step: 8790016	Mean reward: 21.96875	 Loss: -0.0077681285329163074
Step: 8798208	Mean reward: 22.53125	 Loss: 0.021059593185782433
Step: 8806400	Mean reward: 22.28125	 Loss: -0.024333031848073006
Step: 8814592	Mean reward: 21.90625	 Loss: -0.0032796235755085945
Step: 8822784	Mean reward: 23.28125	 Loss: -0.04888588562607765
Step: 8830976	Mean reward: 23.3125	 Loss: -0.08404902368783951
Step: 8839168	Mean reward: 22.0625	 Loss: 0.011179419234395027
Step: 8847360	Mean reward: 22.0	 Loss: 0.006163059268146753
Step: 8855552	Mean reward: 21.1875	 Loss: -0.06010432913899422
Step: 8863744	Mean reward: 21.46875	 Loss: -0.018661949783563614
Step: 8871936	Mean reward: 23.125	 Loss: -0.017008628696203232
Step: 8880128	Mean reward: 20.9375	 Loss: 0.04960034042596817
Step: 8888320	Mean reward: 22.71875	 Loss: 0.05738284811377525
Step: 8896512	Mean reward: 20.40625	 Loss: -0.0468352809548378
Step: 8904704	Mean reward: 22.5	 Loss: -0.040677353739738464
Step: 8912896	Mean reward: 22.96875	 Loss: -0.04838108643889427
Step: 8921088	Mean reward: 21.53125	 Loss: 0.08768490701913834
Step: 8929280	Mean reward: 21.28125	 Loss: -0.0005149268545210361
Step: 8937472	Mean reward: 22.59375	 Loss: -0.055155180394649506
Step: 8945664	Mean reward: 20.125	 Loss: -0.11078550666570663
Step: 8953856	Mean reward: 22.84375	 Loss: -0.03338148817420006
Step: 8962048	Mean reward: 22.625	 Loss: 0.06845825910568237
Step: 8970240	Mean reward: 21.96875	 Loss: -0.005657415371388197
Step: 8978432	Mean reward: 21.5625	 Loss: -0.05553813651204109
Step: 8986624	Mean reward: 20.53125	 Loss: -0.04113464429974556
Step: 8994816	Mean reward: 22.1875	 Loss: -0.08927477896213531
Step: 9003008	Mean reward: 20.8125	 Loss: 0.023661624640226364
Completed training at 2021-12-07 10:30:25