Observation space: Box([[[0. 0. 0. ... 0. 0. 0.]
  [0. 0. 0. ... 0. 0. 0.]
  [0. 0. 0. ... 0. 0. 0.]
  ...
  [0. 0. 0. ... 0. 0. 0.]
  [0. 0. 0. ... 0. 0. 0.]
  [0. 0. 0. ... 0. 0. 0.]]

 [[0. 0. 0. ... 0. 0. 0.]
  [0. 0. 0. ... 0. 0. 0.]
  [0. 0. 0. ... 0. 0. 0.]
  ...
  [0. 0. 0. ... 0. 0. 0.]
  [0. 0. 0. ... 0. 0. 0.]
  [0. 0. 0. ... 0. 0. 0.]]

 [[0. 0. 0. ... 0. 0. 0.]
  [0. 0. 0. ... 0. 0. 0.]
  [0. 0. 0. ... 0. 0. 0.]
  ...
  [0. 0. 0. ... 0. 0. 0.]
  [0. 0. 0. ... 0. 0. 0.]
  [0. 0. 0. ... 0. 0. 0.]]], [[[1. 1. 1. ... 1. 1. 1.]
  [1. 1. 1. ... 1. 1. 1.]
  [1. 1. 1. ... 1. 1. 1.]
  ...
  [1. 1. 1. ... 1. 1. 1.]
  [1. 1. 1. ... 1. 1. 1.]
  [1. 1. 1. ... 1. 1. 1.]]

 [[1. 1. 1. ... 1. 1. 1.]
  [1. 1. 1. ... 1. 1. 1.]
  [1. 1. 1. ... 1. 1. 1.]
  ...
  [1. 1. 1. ... 1. 1. 1.]
  [1. 1. 1. ... 1. 1. 1.]
  [1. 1. 1. ... 1. 1. 1.]]

 [[1. 1. 1. ... 1. 1. 1.]
  [1. 1. 1. ... 1. 1. 1.]
  [1. 1. 1. ... 1. 1. 1.]
  ...
  [1. 1. 1. ... 1. 1. 1.]
  [1. 1. 1. ... 1. 1. 1.]
  [1. 1. 1. ... 1. 1. 1.]]], (3, 64, 64), float32)
Action space: 15
Step: 8192	Mean reward: 4.0	 Loss: 0.2242366522550583
Step: 16384	Mean reward: 4.0	 Loss: 0.021948158740997314
Step: 24576	Mean reward: 5.1875	 Loss: 0.05007728934288025
Step: 32768	Mean reward: 5.1875	 Loss: 0.01840847358107567
Step: 40960	Mean reward: 5.46875	 Loss: 0.009608810767531395
Step: 49152	Mean reward: 6.21875	 Loss: -0.018556568771600723
Step: 57344	Mean reward: 6.40625	 Loss: 0.10217376053333282
Step: 65536	Mean reward: 6.625	 Loss: 0.01585179939866066
Step: 73728	Mean reward: 6.6875	 Loss: -0.007037462666630745
Step: 81920	Mean reward: 7.09375	 Loss: -0.027487536892294884
Step: 90112	Mean reward: 7.875	 Loss: -0.0110238678753376
Step: 98304	Mean reward: 8.375	 Loss: 0.0653313472867012
Step: 106496	Mean reward: 8.34375	 Loss: 0.014825070276856422
Step: 114688	Mean reward: 9.3125	 Loss: 0.03428328409790993
Step: 122880	Mean reward: 8.6875	 Loss: 0.03408094495534897
Step: 131072	Mean reward: 8.03125	 Loss: 0.00013585761189460754
Step: 139264	Mean reward: 9.125	 Loss: 0.07736925780773163
Step: 147456	Mean reward: 8.71875	 Loss: -0.07175184041261673
Step: 155648	Mean reward: 9.90625	 Loss: 0.021538028493523598
Step: 163840	Mean reward: 9.625	 Loss: -0.10702354460954666
Step: 172032	Mean reward: 7.78125	 Loss: -0.03277566283941269
Step: 180224	Mean reward: 8.0625	 Loss: -0.018004197627305984
Step: 188416	Mean reward: 10.9375	 Loss: -0.01309371180832386
Step: 196608	Mean reward: 9.90625	 Loss: -0.027279872447252274
Step: 204800	Mean reward: 9.03125	 Loss: -0.035044003278017044
Step: 212992	Mean reward: 8.84375	 Loss: -0.043434835970401764
Step: 221184	Mean reward: 10.5	 Loss: 0.011253071948885918
Step: 229376	Mean reward: 8.90625	 Loss: -0.0586172379553318
Step: 237568	Mean reward: 9.375	 Loss: -0.04160398989915848
Step: 245760	Mean reward: 8.59375	 Loss: -0.0008803289383649826
Step: 253952	Mean reward: 8.46875	 Loss: -0.03725279122591019
Step: 262144	Mean reward: 10.15625	 Loss: -0.1735178828239441
Step: 270336	Mean reward: 10.46875	 Loss: -0.0492841973900795
Step: 278528	Mean reward: 9.46875	 Loss: -0.08460300415754318
Step: 286720	Mean reward: 9.0625	 Loss: -0.08305048197507858
Step: 294912	Mean reward: 10.53125	 Loss: -0.04586990922689438
Step: 303104	Mean reward: 9.96875	 Loss: -0.033824048936367035
Step: 311296	Mean reward: 8.21875	 Loss: 0.012299170717597008
Step: 319488	Mean reward: 10.4375	 Loss: -0.020309770479798317
Step: 327680	Mean reward: 10.0625	 Loss: -0.04093744605779648
Step: 335872	Mean reward: 11.78125	 Loss: -0.004122795537114143
Step: 344064	Mean reward: 9.625	 Loss: -0.05047749727964401
Step: 352256	Mean reward: 9.96875	 Loss: -0.043877288699150085
Step: 360448	Mean reward: 9.96875	 Loss: -0.06869671493768692
Step: 368640	Mean reward: 9.90625	 Loss: -0.05871708691120148
Step: 376832	Mean reward: 10.0625	 Loss: -0.028024429455399513
Step: 385024	Mean reward: 10.25	 Loss: -0.06438744813203812
Step: 393216	Mean reward: 10.1875	 Loss: -0.062417611479759216
Step: 401408	Mean reward: 10.0	 Loss: -0.14114564657211304
Step: 409600	Mean reward: 10.65625	 Loss: -0.07669207453727722
Step: 417792	Mean reward: 9.375	 Loss: -0.07322365045547485
Step: 425984	Mean reward: 10.375	 Loss: -0.08963420987129211
Step: 434176	Mean reward: 10.625	 Loss: -0.09085209667682648
Step: 442368	Mean reward: 9.9375	 Loss: 0.014390632510185242
Step: 450560	Mean reward: 10.375	 Loss: -0.10719228535890579
Step: 458752	Mean reward: 9.65625	 Loss: -0.03176730126142502
Step: 466944	Mean reward: 12.0	 Loss: -0.045605141669511795
Step: 475136	Mean reward: 10.25	 Loss: -0.04902423173189163
Step: 483328	Mean reward: 8.84375	 Loss: -0.030257370322942734
Step: 491520	Mean reward: 10.90625	 Loss: -0.1139792799949646
Step: 499712	Mean reward: 9.75	 Loss: -0.03324636071920395
Step: 507904	Mean reward: 11.4375	 Loss: -0.021175600588321686
Step: 516096	Mean reward: 10.09375	 Loss: 0.02479671500623226
Step: 524288	Mean reward: 11.1875	 Loss: -0.08579709380865097
Step: 532480	Mean reward: 11.03125	 Loss: -0.00821121595799923
Step: 540672	Mean reward: 10.6875	 Loss: -0.08808968961238861
Step: 548864	Mean reward: 10.5	 Loss: -0.07650488615036011
Step: 557056	Mean reward: 11.0625	 Loss: -0.1294829100370407
Step: 565248	Mean reward: 10.71875	 Loss: -0.07708631455898285
Step: 573440	Mean reward: 10.53125	 Loss: 0.07001554220914841
Step: 581632	Mean reward: 10.25	 Loss: -0.02146269753575325
Step: 589824	Mean reward: 9.75	 Loss: 0.03518589213490486
Step: 598016	Mean reward: 10.625	 Loss: 0.007582193240523338
Step: 606208	Mean reward: 10.90625	 Loss: -0.036165542900562286
Step: 614400	Mean reward: 11.0625	 Loss: -0.007630910724401474
Step: 622592	Mean reward: 12.125	 Loss: -0.0504768043756485
Step: 630784	Mean reward: 10.40625	 Loss: -0.08312268555164337
Step: 638976	Mean reward: 11.90625	 Loss: -0.10681004822254181
Step: 647168	Mean reward: 10.5625	 Loss: -0.09043674916028976
Step: 655360	Mean reward: 10.6875	 Loss: -0.08095129579305649
Step: 663552	Mean reward: 10.9375	 Loss: -0.013843337073922157
Step: 671744	Mean reward: 11.0625	 Loss: -0.09455002844333649
Step: 679936	Mean reward: 10.96875	 Loss: -0.05553324520587921
Step: 688128	Mean reward: 11.15625	 Loss: -0.040615491569042206
Step: 696320	Mean reward: 12.1875	 Loss: 0.021459810435771942
Step: 704512	Mean reward: 11.84375	 Loss: -0.04567917436361313
Step: 712704	Mean reward: 11.4375	 Loss: 0.00889272429049015
Step: 720896	Mean reward: 10.75	 Loss: -0.026805052533745766
Step: 729088	Mean reward: 12.59375	 Loss: -0.10009410977363586
Step: 737280	Mean reward: 10.40625	 Loss: -0.026356780901551247
Step: 745472	Mean reward: 11.625	 Loss: -0.060118816792964935
Step: 753664	Mean reward: 10.3125	 Loss: 0.023285409435629845
Step: 761856	Mean reward: 11.34375	 Loss: -0.011173317208886147
Step: 770048	Mean reward: 12.875	 Loss: -0.02265855297446251
Step: 778240	Mean reward: 12.0625	 Loss: -0.030182724818587303
Step: 786432	Mean reward: 11.59375	 Loss: -0.042111821472644806
Step: 794624	Mean reward: 12.5	 Loss: -0.01106523908674717
Step: 802816	Mean reward: 11.40625	 Loss: -0.02617764100432396
Step: 811008	Mean reward: 10.9375	 Loss: -0.07958460599184036
Step: 819200	Mean reward: 12.25	 Loss: -0.09377771615982056
Step: 827392	Mean reward: 10.6875	 Loss: -0.05649210885167122
Step: 835584	Mean reward: 10.5625	 Loss: -0.04908036068081856
Step: 843776	Mean reward: 11.375	 Loss: -0.07249971479177475
Step: 851968	Mean reward: 12.78125	 Loss: -0.1145063042640686
Step: 860160	Mean reward: 12.15625	 Loss: 0.0032962616533041
Step: 868352	Mean reward: 11.25	 Loss: -0.05653981864452362
Step: 876544	Mean reward: 11.4375	 Loss: -0.040579721331596375
Step: 884736	Mean reward: 11.6875	 Loss: -0.032854195684194565
Step: 892928	Mean reward: 10.96875	 Loss: -0.04100007563829422
Step: 901120	Mean reward: 12.65625	 Loss: -0.050019972026348114
Step: 909312	Mean reward: 11.6875	 Loss: -0.009773943573236465
Step: 917504	Mean reward: 12.25	 Loss: -0.07080723345279694
Step: 925696	Mean reward: 11.84375	 Loss: 0.0334891714155674
Step: 933888	Mean reward: 10.75	 Loss: -0.01672912761569023
Step: 942080	Mean reward: 11.0	 Loss: -0.10761697590351105
Step: 950272	Mean reward: 12.1875	 Loss: 0.006223780103027821
Step: 958464	Mean reward: 12.96875	 Loss: -0.09671302884817123
Step: 966656	Mean reward: 12.46875	 Loss: -0.056283798068761826
Step: 974848	Mean reward: 12.59375	 Loss: -0.12499754875898361
Step: 983040	Mean reward: 12.375	 Loss: -0.10075801610946655
Step: 991232	Mean reward: 12.40625	 Loss: -0.07983776181936264
Step: 999424	Mean reward: 13.09375	 Loss: -0.024698153138160706
Step: 1007616	Mean reward: 13.5	 Loss: -0.0010193493217229843
Step: 1015808	Mean reward: 12.59375	 Loss: -0.04722202196717262
Step: 1024000	Mean reward: 12.5625	 Loss: -0.044883403927087784
Step: 1032192	Mean reward: 12.96875	 Loss: -0.013579915277659893
Step: 1040384	Mean reward: 13.0	 Loss: -0.02898665890097618
Step: 1048576	Mean reward: 12.625	 Loss: -0.1070130243897438
Step: 1056768	Mean reward: 13.5	 Loss: -0.06887777149677277
Step: 1064960	Mean reward: 14.09375	 Loss: -0.09378167241811752
Step: 1073152	Mean reward: 11.5	 Loss: -0.0451449379324913
Step: 1081344	Mean reward: 13.5	 Loss: -0.07213982194662094
Step: 1089536	Mean reward: 12.09375	 Loss: 0.011636452749371529
Step: 1097728	Mean reward: 14.46875	 Loss: -0.03728519380092621
Step: 1105920	Mean reward: 12.9375	 Loss: -0.1294880509376526
Step: 1114112	Mean reward: 13.3125	 Loss: -0.1339079886674881
Step: 1122304	Mean reward: 13.03125	 Loss: -0.08226905018091202
Step: 1130496	Mean reward: 13.0625	 Loss: -0.0803404226899147
Step: 1138688	Mean reward: 12.90625	 Loss: -0.09234128147363663
Step: 1146880	Mean reward: 12.5625	 Loss: -0.01687812991440296
Step: 1155072	Mean reward: 13.03125	 Loss: -0.07875818759202957
Step: 1163264	Mean reward: 14.125	 Loss: 0.0025979187339544296
Step: 1171456	Mean reward: 12.78125	 Loss: -0.06605615466833115
Step: 1179648	Mean reward: 12.625	 Loss: 0.0020947232842445374
Step: 1187840	Mean reward: 12.875	 Loss: -0.059877701103687286
Step: 1196032	Mean reward: 14.84375	 Loss: -0.006782356649637222
Step: 1204224	Mean reward: 13.5625	 Loss: -0.06207425892353058
Step: 1212416	Mean reward: 13.4375	 Loss: -0.00466292817145586
Step: 1220608	Mean reward: 12.4375	 Loss: -0.15825696289539337
Step: 1228800	Mean reward: 12.78125	 Loss: -0.08669308573007584
Step: 1236992	Mean reward: 13.71875	 Loss: -0.0431746169924736
Step: 1245184	Mean reward: 11.75	 Loss: -0.07943941652774811
Step: 1253376	Mean reward: 14.90625	 Loss: -0.030994808301329613
Step: 1261568	Mean reward: 13.59375	 Loss: -0.01831905171275139
Step: 1269760	Mean reward: 13.59375	 Loss: -0.10654421895742416
Step: 1277952	Mean reward: 14.3125	 Loss: -0.1507609486579895
Step: 1286144	Mean reward: 13.0	 Loss: -0.016116300597786903
Step: 1294336	Mean reward: 14.8125	 Loss: 0.0035805851221084595
Step: 1302528	Mean reward: 13.59375	 Loss: -0.07584036886692047
Step: 1310720	Mean reward: 13.15625	 Loss: -0.07113142311573029
Step: 1318912	Mean reward: 12.5625	 Loss: -0.08254339545965195
Step: 1327104	Mean reward: 14.03125	 Loss: -0.07982921600341797
Step: 1335296	Mean reward: 13.5625	 Loss: -0.09847665578126907
Step: 1343488	Mean reward: 12.71875	 Loss: -0.04193110391497612
Step: 1351680	Mean reward: 13.875	 Loss: -0.04103906825184822
Step: 1359872	Mean reward: 13.65625	 Loss: -0.03338749706745148
Step: 1368064	Mean reward: 13.90625	 Loss: -0.019173119217157364
Step: 1376256	Mean reward: 13.125	 Loss: -0.058283187448978424
Step: 1384448	Mean reward: 14.625	 Loss: -0.0830620527267456
Step: 1392640	Mean reward: 12.8125	 Loss: -0.06284881383180618
Step: 1400832	Mean reward: 13.875	 Loss: -0.06945565342903137
Step: 1409024	Mean reward: 13.03125	 Loss: -0.05248822271823883
Step: 1417216	Mean reward: 14.3125	 Loss: -0.05144476890563965
Step: 1425408	Mean reward: 13.8125	 Loss: 0.017171986401081085
Step: 1433600	Mean reward: 14.28125	 Loss: -0.06457962095737457
Step: 1441792	Mean reward: 14.0	 Loss: -0.011792732402682304
Step: 1449984	Mean reward: 15.4375	 Loss: -0.049109917134046555
Step: 1458176	Mean reward: 14.59375	 Loss: 0.02440432831645012
Step: 1466368	Mean reward: 14.84375	 Loss: -0.10043012350797653
Step: 1474560	Mean reward: 14.09375	 Loss: -0.099225252866745
Step: 1482752	Mean reward: 13.125	 Loss: -0.1376916468143463
Step: 1490944	Mean reward: 13.15625	 Loss: -0.10083913803100586
Step: 1499136	Mean reward: 12.28125	 Loss: -0.11481431871652603
Step: 1507328	Mean reward: 13.65625	 Loss: -0.05276887118816376
Step: 1515520	Mean reward: 13.84375	 Loss: -0.04979393631219864
Step: 1523712	Mean reward: 14.1875	 Loss: -0.0037529869005084038
Step: 1531904	Mean reward: 14.46875	 Loss: -0.045314520597457886
Step: 1540096	Mean reward: 13.125	 Loss: -0.07731878757476807
Step: 1548288	Mean reward: 12.8125	 Loss: -0.10160036385059357
Step: 1556480	Mean reward: 12.46875	 Loss: 0.025138067081570625
Step: 1564672	Mean reward: 14.3125	 Loss: 0.005214462988078594
Step: 1572864	Mean reward: 14.03125	 Loss: 0.043778229504823685
Step: 1581056	Mean reward: 15.9375	 Loss: -0.005513032898306847
Step: 1589248	Mean reward: 15.9375	 Loss: 0.0032472992315888405
Step: 1597440	Mean reward: 14.78125	 Loss: -0.07745007425546646
Step: 1605632	Mean reward: 14.65625	 Loss: -0.03944050520658493
Step: 1613824	Mean reward: 14.875	 Loss: -0.12756499648094177
Step: 1622016	Mean reward: 13.71875	 Loss: -0.03328477218747139
Step: 1630208	Mean reward: 13.75	 Loss: -0.02852947637438774
Step: 1638400	Mean reward: 14.59375	 Loss: -0.04599205031991005
Step: 1646592	Mean reward: 14.625	 Loss: -0.045436181128025055
Step: 1654784	Mean reward: 14.4375	 Loss: -0.034733571112155914
Step: 1662976	Mean reward: 15.5	 Loss: -0.03343482315540314
Step: 1671168	Mean reward: 14.25	 Loss: -0.02441321685910225
Step: 1679360	Mean reward: 14.4375	 Loss: -0.10027076303958893
Step: 1687552	Mean reward: 14.5	 Loss: -0.06781893223524094
Step: 1695744	Mean reward: 15.15625	 Loss: -0.0655326247215271
Step: 1703936	Mean reward: 14.3125	 Loss: -0.03184019774198532
Step: 1712128	Mean reward: 15.09375	 Loss: -0.06488211452960968
Step: 1720320	Mean reward: 14.78125	 Loss: -0.10097352415323257
Step: 1728512	Mean reward: 13.875	 Loss: -0.068104088306427
Step: 1736704	Mean reward: 15.34375	 Loss: -0.023731779307127
Step: 1744896	Mean reward: 14.21875	 Loss: -0.147359699010849
Step: 1753088	Mean reward: 14.5625	 Loss: -0.04724540933966637
Step: 1761280	Mean reward: 13.96875	 Loss: -0.07381223142147064
Step: 1769472	Mean reward: 14.1875	 Loss: -0.10709504038095474
Step: 1777664	Mean reward: 15.6875	 Loss: -0.007116477936506271
Step: 1785856	Mean reward: 14.46875	 Loss: -0.09800688177347183
Step: 1794048	Mean reward: 13.28125	 Loss: -0.13730397820472717
Step: 1802240	Mean reward: 14.1875	 Loss: -0.03307481110095978
Step: 1810432	Mean reward: 15.1875	 Loss: -0.07538275420665741
Step: 1818624	Mean reward: 15.5	 Loss: -0.007708392105996609
Step: 1826816	Mean reward: 14.5625	 Loss: -0.08794201910495758
Step: 1835008	Mean reward: 13.25	 Loss: -0.026217643171548843
Step: 1843200	Mean reward: 15.84375	 Loss: -0.014773261733353138
Step: 1851392	Mean reward: 14.84375	 Loss: -0.1233786940574646
Step: 1859584	Mean reward: 14.875	 Loss: -0.06047692894935608
Step: 1867776	Mean reward: 14.9375	 Loss: -0.06730195879936218
Step: 1875968	Mean reward: 15.9375	 Loss: -0.11494193226099014
Step: 1884160	Mean reward: 13.5625	 Loss: -0.03273337334394455
Step: 1892352	Mean reward: 16.6875	 Loss: -0.028079763054847717
Step: 1900544	Mean reward: 15.5	 Loss: -0.038676608353853226
Step: 1908736	Mean reward: 14.8125	 Loss: -0.11989989876747131
Step: 1916928	Mean reward: 15.34375	 Loss: -0.06401539593935013
Step: 1925120	Mean reward: 16.625	 Loss: 0.05147821083664894
Step: 1933312	Mean reward: 16.125	 Loss: -0.03863302618265152
Step: 1941504	Mean reward: 16.46875	 Loss: -0.03661913052201271
Step: 1949696	Mean reward: 14.96875	 Loss: -0.1596345752477646
Step: 1957888	Mean reward: 15.78125	 Loss: -0.03858204185962677
Step: 1966080	Mean reward: 15.40625	 Loss: 0.003935262560844421
Step: 1974272	Mean reward: 16.8125	 Loss: 0.005093324929475784
Step: 1982464	Mean reward: 16.90625	 Loss: 0.006815111264586449
Step: 1990656	Mean reward: 13.4375	 Loss: -0.03289361298084259
Step: 1998848	Mean reward: 14.15625	 Loss: -0.015829630196094513
Step: 2007040	Mean reward: 14.84375	 Loss: 0.004145827144384384
Step: 2015232	Mean reward: 14.53125	 Loss: 0.004588449373841286
Step: 2023424	Mean reward: 15.96875	 Loss: -0.09400786459445953
Step: 2031616	Mean reward: 14.34375	 Loss: -0.07895445078611374
Step: 2039808	Mean reward: 15.3125	 Loss: -0.05056578293442726
Step: 2048000	Mean reward: 14.78125	 Loss: -0.10489842295646667
Step: 2056192	Mean reward: 14.53125	 Loss: -0.12466029077768326
Step: 2064384	Mean reward: 13.875	 Loss: -0.019755754619836807
Step: 2072576	Mean reward: 13.28125	 Loss: -0.02339644730091095
Step: 2080768	Mean reward: 14.71875	 Loss: -0.08204356580972672
Step: 2088960	Mean reward: 15.96875	 Loss: -0.11421419680118561
Step: 2097152	Mean reward: 14.25	 Loss: -0.0998140424489975
Step: 2105344	Mean reward: 16.21875	 Loss: -0.05837487429380417
Step: 2113536	Mean reward: 15.8125	 Loss: -0.05289200693368912
Step: 2121728	Mean reward: 15.5625	 Loss: -0.037334904074668884
Step: 2129920	Mean reward: 15.96875	 Loss: -0.001592232845723629
Step: 2138112	Mean reward: 15.71875	 Loss: -0.09594680368900299
Step: 2146304	Mean reward: 16.5	 Loss: -0.05020197480916977
Step: 2154496	Mean reward: 15.28125	 Loss: -0.045499879866838455
Step: 2162688	Mean reward: 16.0625	 Loss: -0.038960110396146774
Step: 2170880	Mean reward: 16.78125	 Loss: -0.06953157484531403
Step: 2179072	Mean reward: 15.5	 Loss: -0.011773169972002506
Step: 2187264	Mean reward: 15.375	 Loss: 0.04850850999355316
Step: 2195456	Mean reward: 15.09375	 Loss: -0.01956707239151001
Step: 2203648	Mean reward: 16.71875	 Loss: -0.06765656173229218
Step: 2211840	Mean reward: 13.84375	 Loss: -0.0850307047367096
Step: 2220032	Mean reward: 15.96875	 Loss: -0.10215495526790619
Step: 2228224	Mean reward: 14.0625	 Loss: -0.007606102153658867
Step: 2236416	Mean reward: 14.375	 Loss: -0.01333324983716011
Step: 2244608	Mean reward: 14.125	 Loss: -0.09029184281826019
Step: 2252800	Mean reward: 15.625	 Loss: -0.06997890770435333
Step: 2260992	Mean reward: 14.53125	 Loss: -0.02953958511352539
Step: 2269184	Mean reward: 15.03125	 Loss: -0.08700141310691833
Step: 2277376	Mean reward: 15.03125	 Loss: -0.04078352823853493
Step: 2285568	Mean reward: 15.21875	 Loss: -0.057772450149059296
Step: 2293760	Mean reward: 15.125	 Loss: -0.04546215757727623
Step: 2301952	Mean reward: 17.21875	 Loss: -0.04994501918554306
Step: 2310144	Mean reward: 14.6875	 Loss: -0.06088605895638466
Step: 2318336	Mean reward: 15.78125	 Loss: -0.07206109166145325
Step: 2326528	Mean reward: 15.1875	 Loss: -0.0513400137424469
Step: 2334720	Mean reward: 15.1875	 Loss: -0.04020877555012703
Step: 2342912	Mean reward: 15.46875	 Loss: -0.07170048356056213
Step: 2351104	Mean reward: 14.84375	 Loss: -0.011232207529246807
Step: 2359296	Mean reward: 15.1875	 Loss: -0.05071555823087692
Step: 2367488	Mean reward: 15.28125	 Loss: -0.07969500869512558
Step: 2375680	Mean reward: 16.34375	 Loss: -0.05878718942403793
Step: 2383872	Mean reward: 16.15625	 Loss: -0.0006120940670371056
Step: 2392064	Mean reward: 15.8125	 Loss: -0.10273455083370209
Step: 2400256	Mean reward: 15.71875	 Loss: 0.0106880571693182
Step: 2408448	Mean reward: 14.5625	 Loss: -0.059910647571086884
Step: 2416640	Mean reward: 13.84375	 Loss: -0.1308916211128235
Step: 2424832	Mean reward: 15.09375	 Loss: -0.015024596825242043
Step: 2433024	Mean reward: 16.3125	 Loss: -0.028491154313087463
Step: 2441216	Mean reward: 15.65625	 Loss: -0.06301378458738327
Step: 2449408	Mean reward: 15.8125	 Loss: -0.07836727797985077
Step: 2457600	Mean reward: 15.90625	 Loss: -0.017633654177188873
Step: 2465792	Mean reward: 15.78125	 Loss: -0.014113003388047218
Step: 2473984	Mean reward: 14.34375	 Loss: -0.06727354973554611
Step: 2482176	Mean reward: 14.625	 Loss: -0.1000141054391861
Step: 2490368	Mean reward: 16.40625	 Loss: 0.0796189233660698
Step: 2498560	Mean reward: 14.71875	 Loss: -0.027730483561754227
Step: 2506752	Mean reward: 15.5625	 Loss: -0.05094577744603157
Step: 2514944	Mean reward: 15.6875	 Loss: -0.037582580000162125
Step: 2523136	Mean reward: 16.15625	 Loss: -0.06668765842914581
Step: 2531328	Mean reward: 16.0625	 Loss: -0.17249514162540436
Step: 2539520	Mean reward: 15.9375	 Loss: -0.021841172128915787
Step: 2547712	Mean reward: 17.09375	 Loss: -0.08268015831708908
Step: 2555904	Mean reward: 15.71875	 Loss: -0.03449597209692001
Step: 2564096	Mean reward: 15.46875	 Loss: 0.014458851888775826
Step: 2572288	Mean reward: 14.375	 Loss: -0.0888313502073288
Step: 2580480	Mean reward: 15.46875	 Loss: -0.10812922567129135
Step: 2588672	Mean reward: 14.9375	 Loss: -0.08615152537822723
Step: 2596864	Mean reward: 15.875	 Loss: -0.042172450572252274
Step: 2605056	Mean reward: 14.3125	 Loss: -0.03759429603815079
Step: 2613248	Mean reward: 15.71875	 Loss: -0.015016545541584492
Step: 2621440	Mean reward: 14.6875	 Loss: -0.02876521460711956
Step: 2629632	Mean reward: 15.03125	 Loss: -0.09108802676200867
Step: 2637824	Mean reward: 14.46875	 Loss: -0.10740131139755249
Step: 2646016	Mean reward: 16.25	 Loss: -0.1008523479104042
Step: 2654208	Mean reward: 16.5	 Loss: -0.1207508072257042
Step: 2662400	Mean reward: 15.71875	 Loss: -0.05954810604453087
Step: 2670592	Mean reward: 15.25	 Loss: -0.0711047500371933
Step: 2678784	Mean reward: 14.75	 Loss: -0.021720873191952705
Step: 2686976	Mean reward: 15.9375	 Loss: -0.08288601785898209
Step: 2695168	Mean reward: 16.34375	 Loss: -0.08980292081832886
Step: 2703360	Mean reward: 16.3125	 Loss: -0.00858141016215086
Step: 2711552	Mean reward: 16.21875	 Loss: -0.04009722173213959
Step: 2719744	Mean reward: 15.5625	 Loss: -0.029965491965413094
Step: 2727936	Mean reward: 15.96875	 Loss: -0.030165214091539383
Step: 2736128	Mean reward: 15.90625	 Loss: -0.07806652784347534
Step: 2744320	Mean reward: 15.375	 Loss: -0.08973827958106995
Step: 2752512	Mean reward: 16.8125	 Loss: -0.09196531772613525
Step: 2760704	Mean reward: 16.75	 Loss: -0.018562663346529007
Step: 2768896	Mean reward: 15.375	 Loss: -0.07666344940662384
Step: 2777088	Mean reward: 15.53125	 Loss: 0.027683299034833908
Step: 2785280	Mean reward: 17.9375	 Loss: -0.03996734693646431
Step: 2793472	Mean reward: 16.84375	 Loss: -0.03213019669055939
Step: 2801664	Mean reward: 16.96875	 Loss: -0.04455971717834473
Step: 2809856	Mean reward: 14.875	 Loss: -0.07273969054222107
Step: 2818048	Mean reward: 17.65625	 Loss: -0.07976610213518143
Step: 2826240	Mean reward: 15.46875	 Loss: -0.009063770063221455
Step: 2834432	Mean reward: 15.125	 Loss: -0.013079656288027763
Step: 2842624	Mean reward: 17.75	 Loss: -0.06037528067827225
Step: 2850816	Mean reward: 15.875	 Loss: -0.003377028740942478
Step: 2859008	Mean reward: 17.28125	 Loss: -0.010363563895225525
Step: 2867200	Mean reward: 17.78125	 Loss: -0.028708036988973618
Step: 2875392	Mean reward: 18.3125	 Loss: 0.018199440091848373
Step: 2883584	Mean reward: 16.65625	 Loss: -0.0681585818529129
Step: 2891776	Mean reward: 15.875	 Loss: -0.08285797387361526
Step: 2899968	Mean reward: 15.6875	 Loss: -0.08997637033462524
Step: 2908160	Mean reward: 16.75	 Loss: 0.014302586205303669
Step: 2916352	Mean reward: 15.09375	 Loss: 0.028790179640054703
Step: 2924544	Mean reward: 17.0625	 Loss: -0.016574138775467873
Step: 2932736	Mean reward: 15.78125	 Loss: -0.1555561125278473
Step: 2940928	Mean reward: 17.9375	 Loss: -0.012472416274249554
Step: 2949120	Mean reward: 15.6875	 Loss: -0.029889393597841263
Step: 2957312	Mean reward: 16.5625	 Loss: -0.032893966883420944
Step: 2965504	Mean reward: 16.3125	 Loss: -0.11764917522668839
Step: 2973696	Mean reward: 16.46875	 Loss: -0.0994805321097374
Step: 2981888	Mean reward: 17.71875	 Loss: 0.007091435603797436
Step: 2990080	Mean reward: 18.375	 Loss: -0.0726340115070343
Step: 2998272	Mean reward: 16.9375	 Loss: -0.07527473568916321
Step: 3006464	Mean reward: 17.5	 Loss: -0.01962992176413536
Step: 3014656	Mean reward: 16.59375	 Loss: -0.0628766119480133
Step: 3022848	Mean reward: 17.40625	 Loss: 0.02739480324089527
Step: 3031040	Mean reward: 16.40625	 Loss: -0.08983338624238968
Step: 3039232	Mean reward: 15.96875	 Loss: -0.03233373910188675
Step: 3047424	Mean reward: 17.15625	 Loss: -0.006991008296608925
Step: 3055616	Mean reward: 17.8125	 Loss: -0.03202070668339729
Step: 3063808	Mean reward: 17.03125	 Loss: -0.0009582089260220528
Step: 3072000	Mean reward: 16.25	 Loss: 0.03020678088068962
Step: 3080192	Mean reward: 15.25	 Loss: 0.04130053147673607
Step: 3088384	Mean reward: 16.625	 Loss: -0.030656039714813232
Step: 3096576	Mean reward: 16.28125	 Loss: -0.0421498641371727
Step: 3104768	Mean reward: 15.21875	 Loss: 0.010719644837081432
Step: 3112960	Mean reward: 14.90625	 Loss: -0.07680121064186096
Step: 3121152	Mean reward: 15.5625	 Loss: -0.0443633534014225
Step: 3129344	Mean reward: 17.65625	 Loss: -0.015056212432682514
Step: 3137536	Mean reward: 15.96875	 Loss: -0.036535099148750305
Step: 3145728	Mean reward: 16.53125	 Loss: -0.002370748668909073
Step: 3153920	Mean reward: 18.3125	 Loss: -0.012764721177518368
Step: 3162112	Mean reward: 16.28125	 Loss: -0.1559654176235199
Step: 3170304	Mean reward: 17.0625	 Loss: -0.04233432933688164
Step: 3178496	Mean reward: 16.4375	 Loss: -0.023342687636613846
Step: 3186688	Mean reward: 16.25	 Loss: -0.025674760341644287
Step: 3194880	Mean reward: 17.21875	 Loss: -0.0491255521774292
Step: 3203072	Mean reward: 17.25	 Loss: -0.03922943398356438
Step: 3211264	Mean reward: 15.59375	 Loss: -0.020778030157089233
Step: 3219456	Mean reward: 18.375	 Loss: -0.06482865661382675
Step: 3227648	Mean reward: 16.875	 Loss: -0.04819405451416969
Step: 3235840	Mean reward: 16.5625	 Loss: -0.024248551577329636
Step: 3244032	Mean reward: 17.75	 Loss: -0.05194050073623657
Step: 3252224	Mean reward: 16.71875	 Loss: -0.04514873027801514
Step: 3260416	Mean reward: 15.5625	 Loss: -0.10443096607923508
Step: 3268608	Mean reward: 18.34375	 Loss: -0.05218873172998428
Step: 3276800	Mean reward: 16.28125	 Loss: -0.031661029905080795
Step: 3284992	Mean reward: 17.5	 Loss: -0.02416125312447548
Step: 3293184	Mean reward: 18.09375	 Loss: -0.11023684591054916
Step: 3301376	Mean reward: 17.8125	 Loss: 0.0022640563547611237
Step: 3309568	Mean reward: 18.25	 Loss: -0.04867245629429817
Step: 3317760	Mean reward: 17.5	 Loss: -0.09079325199127197
Step: 3325952	Mean reward: 16.40625	 Loss: -0.06107127666473389
Step: 3334144	Mean reward: 16.46875	 Loss: 0.007615703158080578
Step: 3342336	Mean reward: 17.59375	 Loss: -0.07108892500400543
Step: 3350528	Mean reward: 17.03125	 Loss: -0.0433226153254509
Step: 3358720	Mean reward: 18.53125	 Loss: 0.004181218333542347
Step: 3366912	Mean reward: 15.625	 Loss: -0.12525779008865356
Step: 3375104	Mean reward: 17.0625	 Loss: -0.05788721889257431
Step: 3383296	Mean reward: 16.875	 Loss: -0.027336478233337402
Step: 3391488	Mean reward: 16.875	 Loss: -0.019238606095314026
Step: 3399680	Mean reward: 16.5625	 Loss: -0.005381015129387379
Step: 3407872	Mean reward: 17.6875	 Loss: -0.013854073360562325
Step: 3416064	Mean reward: 17.0	 Loss: -0.04999478906393051
Step: 3424256	Mean reward: 16.90625	 Loss: -0.014654608443379402
Step: 3432448	Mean reward: 17.53125	 Loss: -0.04795633628964424
Step: 3440640	Mean reward: 17.59375	 Loss: -0.06334339082241058
Step: 3448832	Mean reward: 15.8125	 Loss: -0.0742744505405426
Step: 3457024	Mean reward: 17.46875	 Loss: -0.058630216866731644
Step: 3465216	Mean reward: 17.75	 Loss: -0.10242586582899094
Step: 3473408	Mean reward: 15.59375	 Loss: 0.03820912539958954
Step: 3481600	Mean reward: 16.8125	 Loss: 0.03361322730779648
Step: 3489792	Mean reward: 16.6875	 Loss: -0.014004274271428585
Step: 3497984	Mean reward: 17.125	 Loss: -0.02867252379655838
Step: 3506176	Mean reward: 15.96875	 Loss: -0.09670380502939224
Step: 3514368	Mean reward: 16.28125	 Loss: -0.03851249814033508
Step: 3522560	Mean reward: 15.5625	 Loss: -0.011268491856753826
Step: 3530752	Mean reward: 17.78125	 Loss: -0.02270020917057991
Step: 3538944	Mean reward: 17.09375	 Loss: 0.0049868300557136536
Step: 3547136	Mean reward: 16.28125	 Loss: -0.09505491703748703
Step: 3555328	Mean reward: 16.65625	 Loss: -0.05040503293275833
Step: 3563520	Mean reward: 18.6875	 Loss: 0.009865625761449337
Step: 3571712	Mean reward: 18.09375	 Loss: -0.05919482186436653
Step: 3579904	Mean reward: 16.96875	 Loss: -0.010873083025217056
Step: 3588096	Mean reward: 16.6875	 Loss: -0.07713140547275543
Step: 3596288	Mean reward: 16.34375	 Loss: 0.0021685361862182617
Step: 3604480	Mean reward: 16.65625	 Loss: -0.019392892718315125
Step: 3612672	Mean reward: 15.1875	 Loss: 0.0007346449419856071
Step: 3620864	Mean reward: 15.59375	 Loss: -0.04176195710897446
Step: 3629056	Mean reward: 16.09375	 Loss: -0.09967491775751114
Step: 3637248	Mean reward: 16.59375	 Loss: -0.029196172952651978
Step: 3645440	Mean reward: 16.4375	 Loss: -0.023548640310764313
Step: 3653632	Mean reward: 17.15625	 Loss: -0.06834183633327484
Step: 3661824	Mean reward: 15.78125	 Loss: 0.021926190704107285
Step: 3670016	Mean reward: 16.59375	 Loss: 0.04413202404975891
Step: 3678208	Mean reward: 17.0	 Loss: 0.034390367567539215
Step: 3686400	Mean reward: 16.09375	 Loss: 0.03153679147362709
Step: 3694592	Mean reward: 15.65625	 Loss: -0.06394961476325989
Step: 3702784	Mean reward: 16.5	 Loss: -0.05866824835538864
Step: 3710976	Mean reward: 16.59375	 Loss: -0.0536821223795414
Step: 3719168	Mean reward: 17.53125	 Loss: -0.0033025993034243584
Step: 3727360	Mean reward: 17.53125	 Loss: -0.04699919372797012
Step: 3735552	Mean reward: 17.0625	 Loss: -0.040956273674964905
Step: 3743744	Mean reward: 17.125	 Loss: -0.024552728980779648
Step: 3751936	Mean reward: 16.0625	 Loss: -0.06084565818309784
Step: 3760128	Mean reward: 17.34375	 Loss: -0.12757624685764313
Step: 3768320	Mean reward: 17.03125	 Loss: -0.000582108274102211
Step: 3776512	Mean reward: 18.25	 Loss: -0.074778713285923
Step: 3784704	Mean reward: 17.40625	 Loss: -0.05215587466955185
Step: 3792896	Mean reward: 16.9375	 Loss: -0.09683229774236679
Step: 3801088	Mean reward: 16.9375	 Loss: -0.04779442772269249
Step: 3809280	Mean reward: 17.59375	 Loss: -0.06981261074542999
Step: 3817472	Mean reward: 18.15625	 Loss: -0.029239173978567123
Step: 3825664	Mean reward: 17.875	 Loss: -0.06713813543319702
Step: 3833856	Mean reward: 16.625	 Loss: -0.022172724828124046
Step: 3842048	Mean reward: 17.53125	 Loss: -0.013684375211596489
Step: 3850240	Mean reward: 18.40625	 Loss: 0.08079332858324051
Step: 3858432	Mean reward: 16.90625	 Loss: -0.0015747249126434326
Step: 3866624	Mean reward: 19.96875	 Loss: -0.07762010395526886
Step: 3874816	Mean reward: 17.59375	 Loss: -0.02584245800971985
Step: 3883008	Mean reward: 18.59375	 Loss: -0.04084775596857071
Step: 3891200	Mean reward: 17.34375	 Loss: 0.03275550901889801
Step: 3899392	Mean reward: 17.5625	 Loss: -0.0008851382881402969
Step: 3907584	Mean reward: 17.25	 Loss: -0.08064320683479309
Step: 3915776	Mean reward: 17.40625	 Loss: -0.0588558204472065
Step: 3923968	Mean reward: 17.4375	 Loss: -0.06384147703647614
Step: 3932160	Mean reward: 17.375	 Loss: -0.018130697309970856
Step: 3940352	Mean reward: 16.125	 Loss: -0.06330082565546036
Step: 3948544	Mean reward: 17.53125	 Loss: -0.07903672754764557
Step: 3956736	Mean reward: 17.84375	 Loss: -0.05685897544026375
Step: 3964928	Mean reward: 17.0625	 Loss: -0.018463755026459694
Step: 3973120	Mean reward: 17.6875	 Loss: -0.056904908269643784
Step: 3981312	Mean reward: 17.875	 Loss: 0.004066028632223606
Step: 3989504	Mean reward: 19.25	 Loss: 0.011610246263444424
Step: 3997696	Mean reward: 17.5625	 Loss: 0.023309141397476196
Step: 4005888	Mean reward: 18.34375	 Loss: -0.05445634573698044
Step: 4014080	Mean reward: 17.90625	 Loss: -0.10281217098236084
Step: 4022272	Mean reward: 16.84375	 Loss: 0.007289892062544823
Step: 4030464	Mean reward: 18.59375	 Loss: -0.02256428450345993
Step: 4038656	Mean reward: 17.71875	 Loss: -0.015834372490644455
Step: 4046848	Mean reward: 15.90625	 Loss: -0.08432227373123169
Step: 4055040	Mean reward: 17.78125	 Loss: -0.071966253221035
Step: 4063232	Mean reward: 17.75	 Loss: -0.06087300926446915
Step: 4071424	Mean reward: 16.875	 Loss: -0.0809042826294899
Step: 4079616	Mean reward: 16.875	 Loss: -0.07321111112833023
Step: 4087808	Mean reward: 16.5	 Loss: -0.007347589358687401
Step: 4096000	Mean reward: 18.28125	 Loss: -0.06398903578519821
Step: 4104192	Mean reward: 16.90625	 Loss: -0.07285618036985397
Step: 4112384	Mean reward: 19.6875	 Loss: -0.060219403356313705
Step: 4120576	Mean reward: 20.53125	 Loss: -0.09356776624917984
Step: 4128768	Mean reward: 16.25	 Loss: -0.04664546996355057
Step: 4136960	Mean reward: 18.0625	 Loss: -0.062766894698143
Step: 4145152	Mean reward: 17.5	 Loss: -0.002669963054358959
Step: 4153344	Mean reward: 16.5625	 Loss: -0.006255621090531349
Step: 4161536	Mean reward: 18.5625	 Loss: -0.0036651939153671265
Step: 4169728	Mean reward: 16.59375	 Loss: -0.07356123626232147
Step: 4177920	Mean reward: 18.03125	 Loss: 0.051573410630226135
Step: 4186112	Mean reward: 20.09375	 Loss: -0.07277093082666397
Step: 4194304	Mean reward: 17.84375	 Loss: 0.016323436051607132
Step: 4202496	Mean reward: 17.8125	 Loss: -0.06824442744255066
Step: 4210688	Mean reward: 18.1875	 Loss: -0.029687995091080666
Step: 4218880	Mean reward: 16.6875	 Loss: -0.09861744195222855
Step: 4227072	Mean reward: 18.375	 Loss: -0.038131967186927795
Step: 4235264	Mean reward: 16.0	 Loss: -0.01741653122007847
Step: 4243456	Mean reward: 18.28125	 Loss: -0.03193454444408417
Step: 4251648	Mean reward: 19.25	 Loss: -0.013458569534122944
Step: 4259840	Mean reward: 17.53125	 Loss: -0.004875143989920616
Step: 4268032	Mean reward: 19.1875	 Loss: -0.04572831094264984
Step: 4276224	Mean reward: 17.9375	 Loss: -0.0018776478245854378
Step: 4284416	Mean reward: 18.25	 Loss: -0.04990836977958679
Step: 4292608	Mean reward: 17.28125	 Loss: -0.06914616376161575
Step: 4300800	Mean reward: 17.0625	 Loss: 0.07920318096876144
Step: 4308992	Mean reward: 17.375	 Loss: -0.04710353538393974
Step: 4317184	Mean reward: 18.875	 Loss: -0.023967135697603226
Step: 4325376	Mean reward: 19.4375	 Loss: -0.0358811616897583
Step: 4333568	Mean reward: 15.59375	 Loss: -0.1001427173614502
Step: 4341760	Mean reward: 18.0625	 Loss: -0.0922684594988823
Step: 4349952	Mean reward: 17.125	 Loss: -0.09468986093997955
Step: 4358144	Mean reward: 18.0625	 Loss: -0.11360932886600494
Step: 4366336	Mean reward: 17.5	 Loss: -0.014876604080200195
Step: 4374528	Mean reward: 18.34375	 Loss: -0.025279466062784195
Step: 4382720	Mean reward: 17.65625	 Loss: -0.021614648401737213
Step: 4390912	Mean reward: 19.03125	 Loss: -0.023294053971767426
Step: 4399104	Mean reward: 17.65625	 Loss: -0.008397332392632961
Step: 4407296	Mean reward: 18.625	 Loss: -0.09610649198293686
Step: 4415488	Mean reward: 18.78125	 Loss: -0.060653071850538254
Step: 4423680	Mean reward: 19.28125	 Loss: 0.028184447437524796
Step: 4431872	Mean reward: 18.0625	 Loss: -0.028196949511766434
Step: 4440064	Mean reward: 17.65625	 Loss: -0.13596221804618835
Step: 4448256	Mean reward: 18.28125	 Loss: -0.037438638508319855
Step: 4456448	Mean reward: 18.125	 Loss: -0.04520099237561226
Step: 4464640	Mean reward: 18.09375	 Loss: -0.016225559636950493
Step: 4472832	Mean reward: 16.96875	 Loss: -0.008401171304285526
Step: 4481024	Mean reward: 17.6875	 Loss: -0.05612601339817047
Step: 4489216	Mean reward: 18.3125	 Loss: -0.014276193454861641
Step: 4497408	Mean reward: 17.59375	 Loss: -0.010827544145286083
Step: 4505600	Mean reward: 19.90625	 Loss: -0.09457562863826752
Step: 4513792	Mean reward: 17.78125	 Loss: -0.10621613264083862
Step: 4521984	Mean reward: 16.34375	 Loss: -0.009295397438108921
Step: 4530176	Mean reward: 16.125	 Loss: -0.04471099004149437
Step: 4538368	Mean reward: 18.375	 Loss: -0.030165493488311768
Step: 4546560	Mean reward: 17.65625	 Loss: -0.010845242068171501
Step: 4554752	Mean reward: 17.5	 Loss: -0.04583638906478882
Step: 4562944	Mean reward: 18.59375	 Loss: -0.04269826039671898
Step: 4571136	Mean reward: 17.125	 Loss: -0.019260279834270477
Step: 4579328	Mean reward: 19.15625	 Loss: -0.04617252200841904
Step: 4587520	Mean reward: 18.8125	 Loss: -0.0428604781627655
Step: 4595712	Mean reward: 17.53125	 Loss: -0.07107214629650116
Step: 4603904	Mean reward: 19.3125	 Loss: 0.02052033133804798
Step: 4612096	Mean reward: 17.84375	 Loss: -0.015062445774674416
Step: 4620288	Mean reward: 17.09375	 Loss: 0.02266092598438263
Step: 4628480	Mean reward: 17.84375	 Loss: -0.017916498705744743
Step: 4636672	Mean reward: 16.59375	 Loss: -0.05048051103949547
Step: 4644864	Mean reward: 17.40625	 Loss: -0.054455045610666275
Step: 4653056	Mean reward: 17.40625	 Loss: -0.05247383192181587
Step: 4661248	Mean reward: 17.0625	 Loss: 0.023165792226791382
Step: 4669440	Mean reward: 18.5625	 Loss: 0.026684779673814774
Step: 4677632	Mean reward: 17.78125	 Loss: -0.039905209094285965
Step: 4685824	Mean reward: 18.65625	 Loss: -0.05847884714603424
Step: 4694016	Mean reward: 19.84375	 Loss: 0.01916978508234024
Step: 4702208	Mean reward: 18.28125	 Loss: -0.08091466128826141
Step: 4710400	Mean reward: 18.65625	 Loss: -0.02494005113840103
Step: 4718592	Mean reward: 20.0	 Loss: -0.01057459693402052
Step: 4726784	Mean reward: 19.15625	 Loss: -0.040694572031497955
Step: 4734976	Mean reward: 17.75	 Loss: -0.08924625813961029
Step: 4743168	Mean reward: 17.90625	 Loss: 0.008948852308094501
Step: 4751360	Mean reward: 18.71875	 Loss: 0.006614021956920624
Step: 4759552	Mean reward: 18.21875	 Loss: -0.015138599090278149
Step: 4767744	Mean reward: 19.90625	 Loss: -0.03832245245575905
Step: 4775936	Mean reward: 16.59375	 Loss: 0.03505854681134224
Step: 4784128	Mean reward: 17.46875	 Loss: -0.06969906389713287
Step: 4792320	Mean reward: 17.75	 Loss: -0.02572542242705822
Step: 4800512	Mean reward: 18.21875	 Loss: -0.06421858817338943
Step: 4808704	Mean reward: 18.8125	 Loss: -0.05820026621222496
Step: 4816896	Mean reward: 17.875	 Loss: -0.027768030762672424
Step: 4825088	Mean reward: 18.625	 Loss: -0.0002257293090224266
Step: 4833280	Mean reward: 17.5	 Loss: -0.0013827001675963402
Step: 4841472	Mean reward: 18.53125	 Loss: -0.1096181645989418
Step: 4849664	Mean reward: 16.5625	 Loss: -0.03655107319355011
Step: 4857856	Mean reward: 17.8125	 Loss: -0.05123385041952133
Step: 4866048	Mean reward: 19.375	 Loss: -0.10926073044538498
Step: 4874240	Mean reward: 18.9375	 Loss: -0.08795849978923798
Step: 4882432	Mean reward: 19.4375	 Loss: 0.005424993112683296
Step: 4890624	Mean reward: 18.59375	 Loss: -0.045244138687849045
Step: 4898816	Mean reward: 18.34375	 Loss: 0.014690561220049858
Step: 4907008	Mean reward: 18.53125	 Loss: -0.06342458724975586
Step: 4915200	Mean reward: 16.9375	 Loss: -0.09404490143060684
Step: 4923392	Mean reward: 18.9375	 Loss: -0.04322616755962372
Step: 4931584	Mean reward: 18.6875	 Loss: -0.050149016082286835
Step: 4939776	Mean reward: 18.625	 Loss: -0.032218143343925476
Step: 4947968	Mean reward: 19.34375	 Loss: 0.017866451293230057
Step: 4956160	Mean reward: 18.375	 Loss: -0.016763854771852493
Step: 4964352	Mean reward: 19.875	 Loss: -0.12136272341012955
Step: 4972544	Mean reward: 18.78125	 Loss: -0.00830030906945467
Step: 4980736	Mean reward: 19.25	 Loss: -0.06890412420034409
Step: 4988928	Mean reward: 18.65625	 Loss: -0.03785860165953636
Step: 4997120	Mean reward: 19.59375	 Loss: -0.03632908686995506
Step: 5005312	Mean reward: 18.5	 Loss: -0.03372776135802269
Step: 5013504	Mean reward: 17.84375	 Loss: -0.024920262396335602
Step: 5021696	Mean reward: 18.8125	 Loss: -0.024203114211559296
Step: 5029888	Mean reward: 18.6875	 Loss: -0.1469394862651825
Step: 5038080	Mean reward: 18.25	 Loss: -0.08647406846284866
Step: 5046272	Mean reward: 19.3125	 Loss: -0.028881071135401726
Step: 5054464	Mean reward: 19.25	 Loss: -0.016694989055395126
Step: 5062656	Mean reward: 18.75	 Loss: -0.013071398250758648
Step: 5070848	Mean reward: 19.625	 Loss: 0.07864419370889664
Step: 5079040	Mean reward: 18.40625	 Loss: -0.0467216894030571
Step: 5087232	Mean reward: 19.71875	 Loss: 0.02598283253610134
Step: 5095424	Mean reward: 17.21875	 Loss: -0.026929622516036034
Step: 5103616	Mean reward: 19.625	 Loss: -0.06084730476140976
Step: 5111808	Mean reward: 19.5625	 Loss: -0.006471708416938782
Step: 5120000	Mean reward: 18.40625	 Loss: -0.07904905080795288
Step: 5128192	Mean reward: 18.1875	 Loss: 0.02656889706850052
Step: 5136384	Mean reward: 18.59375	 Loss: -0.009668556042015553
Step: 5144576	Mean reward: 18.625	 Loss: 0.007332920096814632
Step: 5152768	Mean reward: 17.4375	 Loss: 0.013368568383157253
Step: 5160960	Mean reward: 19.4375	 Loss: -0.012822670862078667
Step: 5169152	Mean reward: 18.96875	 Loss: -0.12183846533298492
Step: 5177344	Mean reward: 18.5625	 Loss: -0.010768940672278404
Step: 5185536	Mean reward: 18.46875	 Loss: -0.04199669882655144
Step: 5193728	Mean reward: 17.5	 Loss: -0.058887116611003876
Step: 5201920	Mean reward: 18.75	 Loss: -0.040197812020778656
Step: 5210112	Mean reward: 19.03125	 Loss: -0.11734896898269653
Step: 5218304	Mean reward: 18.65625	 Loss: -0.004843720234930515
Step: 5226496	Mean reward: 18.3125	 Loss: -0.007126183249056339
Step: 5234688	Mean reward: 17.90625	 Loss: -0.04392658919095993
Step: 5242880	Mean reward: 18.84375	 Loss: -0.0764552652835846
Step: 5251072	Mean reward: 17.34375	 Loss: -0.019002854824066162
Step: 5259264	Mean reward: 18.0625	 Loss: -0.0855863094329834
Step: 5267456	Mean reward: 17.59375	 Loss: 0.004428654909133911
Step: 5275648	Mean reward: 17.90625	 Loss: 0.05837995931506157
Step: 5283840	Mean reward: 18.96875	 Loss: 0.0299936905503273
Step: 5292032	Mean reward: 18.28125	 Loss: -0.0227059219032526
Step: 5300224	Mean reward: 20.4375	 Loss: 0.05627158284187317
Step: 5308416	Mean reward: 18.84375	 Loss: -0.017885081470012665
Step: 5316608	Mean reward: 18.78125	 Loss: -0.023422446101903915
Step: 5324800	Mean reward: 19.8125	 Loss: -0.11206987500190735
Step: 5332992	Mean reward: 19.6875	 Loss: 0.0028087012469768524
Step: 5341184	Mean reward: 20.84375	 Loss: -0.011227545328438282
Step: 5349376	Mean reward: 19.28125	 Loss: -0.006018271669745445
Step: 5357568	Mean reward: 19.28125	 Loss: 0.04068513959646225
Step: 5365760	Mean reward: 20.34375	 Loss: -0.011720812879502773
Step: 5373952	Mean reward: 16.90625	 Loss: -0.02084735967218876
Step: 5382144	Mean reward: 18.8125	 Loss: 0.00679492112249136
Step: 5390336	Mean reward: 17.46875	 Loss: 0.030595820397138596
Step: 5398528	Mean reward: 18.84375	 Loss: -0.018822509795427322
Step: 5406720	Mean reward: 19.15625	 Loss: -0.06266047060489655
Step: 5414912	Mean reward: 17.9375	 Loss: -0.03601639345288277
Step: 5423104	Mean reward: 18.875	 Loss: 0.018562592566013336
Step: 5431296	Mean reward: 19.1875	 Loss: -0.006968781352043152
Step: 5439488	Mean reward: 19.8125	 Loss: -0.050795990973711014
Step: 5447680	Mean reward: 18.875	 Loss: -0.05053899809718132
Step: 5455872	Mean reward: 18.0	 Loss: -0.03112216666340828
Step: 5464064	Mean reward: 18.28125	 Loss: -0.06570970267057419
Step: 5472256	Mean reward: 17.96875	 Loss: -0.06117717921733856
Step: 5480448	Mean reward: 18.9375	 Loss: 0.050638746470212936
Step: 5488640	Mean reward: 19.1875	 Loss: -0.11442555487155914
Step: 5496832	Mean reward: 18.21875	 Loss: 0.020266924053430557
Step: 5505024	Mean reward: 17.5	 Loss: -0.0313139483332634
Step: 5513216	Mean reward: 17.9375	 Loss: -0.07630471140146255
Step: 5521408	Mean reward: 18.59375	 Loss: -0.07463834434747696
Step: 5529600	Mean reward: 19.28125	 Loss: -0.10260557383298874
Step: 5537792	Mean reward: 18.71875	 Loss: 0.01960832253098488
Step: 5545984	Mean reward: 19.125	 Loss: -0.048883941024541855
Step: 5554176	Mean reward: 18.09375	 Loss: -0.01629902794957161
Step: 5562368	Mean reward: 17.46875	 Loss: -0.006267553195357323
Step: 5570560	Mean reward: 18.78125	 Loss: -0.011504365131258965
Step: 5578752	Mean reward: 17.34375	 Loss: -0.03900855779647827
Step: 5586944	Mean reward: 18.0625	 Loss: -0.03065493330359459
Step: 5595136	Mean reward: 18.46875	 Loss: 0.038102224469184875
Step: 5603328	Mean reward: 19.90625	 Loss: -0.053589172661304474
Step: 5611520	Mean reward: 18.40625	 Loss: -0.016515467315912247
Step: 5619712	Mean reward: 18.25	 Loss: 0.006941500119864941
Step: 5627904	Mean reward: 18.3125	 Loss: 0.02512020245194435
Step: 5636096	Mean reward: 18.375	 Loss: -0.020287595689296722
Step: 5644288	Mean reward: 20.75	 Loss: -0.059284746646881104
Step: 5652480	Mean reward: 19.9375	 Loss: -0.011987123638391495
Step: 5660672	Mean reward: 18.96875	 Loss: 0.01832689344882965
Step: 5668864	Mean reward: 18.0	 Loss: -0.055750004947185516
Step: 5677056	Mean reward: 17.84375	 Loss: -0.05731159821152687
Step: 5685248	Mean reward: 17.84375	 Loss: 0.010634593665599823
Step: 5693440	Mean reward: 18.96875	 Loss: 0.03836487978696823
Step: 5701632	Mean reward: 19.46875	 Loss: -0.11352933943271637
Step: 5709824	Mean reward: 18.28125	 Loss: -0.06016689911484718
Step: 5718016	Mean reward: 18.125	 Loss: -0.08266942203044891
Step: 5726208	Mean reward: 20.125	 Loss: -0.06300609558820724
Step: 5734400	Mean reward: 19.03125	 Loss: -0.05296334624290466
Step: 5742592	Mean reward: 18.96875	 Loss: -0.018454983830451965
Step: 5750784	Mean reward: 20.0	 Loss: -0.06448536366224289
Step: 5758976	Mean reward: 18.28125	 Loss: -0.020607363432645798
Step: 5767168	Mean reward: 19.3125	 Loss: 0.025716375559568405
Step: 5775360	Mean reward: 19.65625	 Loss: -0.00737939216196537
Step: 5783552	Mean reward: 19.4375	 Loss: 0.017633870244026184
Step: 5791744	Mean reward: 18.84375	 Loss: -0.0304957777261734
Step: 5799936	Mean reward: 18.59375	 Loss: -0.031973354518413544
Step: 5808128	Mean reward: 19.46875	 Loss: -0.08597828447818756
Step: 5816320	Mean reward: 17.75	 Loss: -0.02918737754225731
Step: 5824512	Mean reward: 17.46875	 Loss: 0.013804929330945015
Step: 5832704	Mean reward: 19.34375	 Loss: -0.06900124251842499
Step: 5840896	Mean reward: 19.0	 Loss: -0.11388003826141357
Step: 5849088	Mean reward: 18.96875	 Loss: -0.05883574113249779
Step: 5857280	Mean reward: 19.625	 Loss: -0.017905525863170624
Step: 5865472	Mean reward: 19.0	 Loss: 0.004689954221248627
Step: 5873664	Mean reward: 18.46875	 Loss: -0.08228614926338196
Step: 5881856	Mean reward: 19.25	 Loss: 0.008333418518304825
Step: 5890048	Mean reward: 17.625	 Loss: -0.07127611339092255
Step: 5898240	Mean reward: 18.59375	 Loss: -0.060074783861637115
Step: 5906432	Mean reward: 17.6875	 Loss: 0.02638820931315422
Step: 5914624	Mean reward: 16.875	 Loss: -0.08663203567266464
Step: 5922816	Mean reward: 19.0	 Loss: -0.029223673045635223
Step: 5931008	Mean reward: 17.59375	 Loss: -0.054941702634096146
Step: 5939200	Mean reward: 19.3125	 Loss: -0.07235589623451233
Step: 5947392	Mean reward: 20.6875	 Loss: -0.0072207702323794365
Step: 5955584	Mean reward: 18.78125	 Loss: -0.052463822066783905
Step: 5963776	Mean reward: 19.84375	 Loss: -0.03665308281779289
Step: 5971968	Mean reward: 18.09375	 Loss: 0.032472141087055206
Step: 5980160	Mean reward: 17.625	 Loss: -0.021522492170333862
Step: 5988352	Mean reward: 20.375	 Loss: -0.026954658329486847
Step: 5996544	Mean reward: 19.25	 Loss: -0.08663542568683624
Step: 6004736	Mean reward: 18.625	 Loss: 0.007575596682727337
Step: 6012928	Mean reward: 20.5	 Loss: -0.03991501033306122
Step: 6021120	Mean reward: 19.46875	 Loss: -0.09087646007537842
Step: 6029312	Mean reward: 19.875	 Loss: -0.06984413415193558
Step: 6037504	Mean reward: 17.6875	 Loss: -0.059184275567531586
Step: 6045696	Mean reward: 18.71875	 Loss: 0.006342441774904728
Step: 6053888	Mean reward: 18.40625	 Loss: -0.1419946849346161
Step: 6062080	Mean reward: 20.0	 Loss: -0.07619816809892654
Step: 6070272	Mean reward: 19.0	 Loss: 0.04446430504322052
Step: 6078464	Mean reward: 19.0	 Loss: -0.023875825107097626
Step: 6086656	Mean reward: 20.625	 Loss: -0.05511367693543434
Step: 6094848	Mean reward: 20.09375	 Loss: 0.043748289346694946
Step: 6103040	Mean reward: 18.9375	 Loss: -0.011646082624793053
Step: 6111232	Mean reward: 19.34375	 Loss: -0.09575186669826508
Step: 6119424	Mean reward: 17.53125	 Loss: 0.006573324091732502
Step: 6127616	Mean reward: 18.09375	 Loss: 0.03688203543424606
Step: 6135808	Mean reward: 19.5625	 Loss: -0.11776416748762131
Step: 6144000	Mean reward: 19.84375	 Loss: -0.03255432844161987
Step: 6152192	Mean reward: 19.6875	 Loss: -0.006899921223521233
Step: 6160384	Mean reward: 17.875	 Loss: -0.10895431041717529
Step: 6168576	Mean reward: 18.625	 Loss: 0.052676841616630554
Step: 6176768	Mean reward: 20.25	 Loss: -0.05327722057700157
Step: 6184960	Mean reward: 21.0	 Loss: -0.028878144919872284
Step: 6193152	Mean reward: 20.4375	 Loss: 0.028894374147057533
Step: 6201344	Mean reward: 18.4375	 Loss: -0.03490434214472771
Step: 6209536	Mean reward: 19.15625	 Loss: -0.11657431721687317
Step: 6217728	Mean reward: 18.0625	 Loss: -0.08923099935054779
Step: 6225920	Mean reward: 19.9375	 Loss: 0.03214199095964432
Step: 6234112	Mean reward: 20.25	 Loss: -0.032670386135578156
Step: 6242304	Mean reward: 18.5	 Loss: -0.014669636264443398
Step: 6250496	Mean reward: 19.375	 Loss: 0.013975794427096844
Step: 6258688	Mean reward: 18.1875	 Loss: -0.09838855266571045
Step: 6266880	Mean reward: 18.34375	 Loss: 0.08100639283657074
Step: 6275072	Mean reward: 18.8125	 Loss: -0.0039832703769207
Step: 6283264	Mean reward: 19.4375	 Loss: -0.022741498425602913
Step: 6291456	Mean reward: 19.65625	 Loss: -0.05141574144363403
Step: 6299648	Mean reward: 19.75	 Loss: -0.004236471839249134
Step: 6307840	Mean reward: 20.34375	 Loss: -0.05427089333534241
Step: 6316032	Mean reward: 19.03125	 Loss: -0.08987326920032501
Step: 6324224	Mean reward: 18.125	 Loss: -0.025445371866226196
Step: 6332416	Mean reward: 20.03125	 Loss: -0.044264718890190125
Step: 6340608	Mean reward: 19.375	 Loss: -0.06845906376838684
Step: 6348800	Mean reward: 18.40625	 Loss: -0.02464742586016655
Step: 6356992	Mean reward: 19.8125	 Loss: -0.01161135919392109
Step: 6365184	Mean reward: 18.9375	 Loss: 0.02494729496538639
Step: 6373376	Mean reward: 19.90625	 Loss: 0.01366606168448925
Step: 6381568	Mean reward: 22.1875	 Loss: -0.09955999255180359
Step: 6389760	Mean reward: 19.71875	 Loss: -0.035652805119752884
Step: 6397952	Mean reward: 18.875	 Loss: -0.059265896677970886
Step: 6406144	Mean reward: 19.5	 Loss: -0.04794535040855408
Step: 6414336	Mean reward: 18.0625	 Loss: -0.016217751428484917
Step: 6422528	Mean reward: 19.09375	 Loss: -0.06696619838476181
Step: 6430720	Mean reward: 19.6875	 Loss: -0.020569704473018646
Step: 6438912	Mean reward: 18.0	 Loss: -0.015153205022215843
Step: 6447104	Mean reward: 19.1875	 Loss: -0.0036400621756911278
Step: 6455296	Mean reward: 20.46875	 Loss: -0.07914116233587265
Step: 6463488	Mean reward: 19.25	 Loss: 0.032917529344558716
Step: 6471680	Mean reward: 20.34375	 Loss: -0.005877978168427944
Step: 6479872	Mean reward: 18.53125	 Loss: -0.03895517438650131
Step: 6488064	Mean reward: 19.5625	 Loss: 0.00881210807710886
Step: 6496256	Mean reward: 19.15625	 Loss: -0.03814160078763962
Step: 6504448	Mean reward: 20.4375	 Loss: 0.0036698561161756516
Step: 6512640	Mean reward: 20.65625	 Loss: 0.0002951584756374359
Step: 6520832	Mean reward: 18.90625	 Loss: -0.07339215278625488
Step: 6529024	Mean reward: 18.53125	 Loss: 0.012425652705132961
Step: 6537216	Mean reward: 19.59375	 Loss: -0.06665213406085968
Step: 6545408	Mean reward: 19.96875	 Loss: -0.07568048685789108
Step: 6553600	Mean reward: 18.21875	 Loss: -0.10050112009048462
Step: 6561792	Mean reward: 20.6875	 Loss: 0.05258356034755707
Step: 6569984	Mean reward: 19.75	 Loss: -0.0012911753728985786
Step: 6578176	Mean reward: 20.03125	 Loss: -0.026780057698488235
Step: 6586368	Mean reward: 18.03125	 Loss: -0.02230602316558361
Step: 6594560	Mean reward: 18.0625	 Loss: -0.05132234841585159
Step: 6602752	Mean reward: 20.46875	 Loss: -0.07116048038005829
Step: 6610944	Mean reward: 20.03125	 Loss: 0.025525256991386414
Step: 6619136	Mean reward: 19.5	 Loss: 0.034224286675453186
Step: 6627328	Mean reward: 17.59375	 Loss: -0.042334653437137604
Step: 6635520	Mean reward: 19.59375	 Loss: -0.06022671237587929
Step: 6643712	Mean reward: 18.59375	 Loss: -0.08673680573701859
Step: 6651904	Mean reward: 18.53125	 Loss: 0.0147697227075696
Step: 6660096	Mean reward: 19.75	 Loss: -0.018606655299663544
Step: 6668288	Mean reward: 20.3125	 Loss: 0.048968683928251266
Step: 6676480	Mean reward: 20.71875	 Loss: -0.030498851090669632
Step: 6684672	Mean reward: 18.21875	 Loss: -0.016033655032515526
Step: 6692864	Mean reward: 19.34375	 Loss: 0.020513368770480156
Step: 6701056	Mean reward: 17.625	 Loss: 0.007314885035157204
Step: 6709248	Mean reward: 19.03125	 Loss: -0.10789415240287781
Step: 6717440	Mean reward: 21.0625	 Loss: -0.04480300098657608
Step: 6725632	Mean reward: 21.1875	 Loss: -0.0074996501207351685
Step: 6733824	Mean reward: 19.8125	 Loss: 0.016549251973628998
Step: 6742016	Mean reward: 19.65625	 Loss: -0.042347803711891174
Step: 6750208	Mean reward: 19.625	 Loss: 3.6444514989852905e-05
Step: 6758400	Mean reward: 19.625	 Loss: -0.030596062541007996
Step: 6766592	Mean reward: 18.875	 Loss: -0.0074482327327132225
Step: 6774784	Mean reward: 18.3125	 Loss: -0.033687882125377655
Step: 6782976	Mean reward: 19.96875	 Loss: -0.07784533500671387
Step: 6791168	Mean reward: 19.3125	 Loss: 0.056457772850990295
Step: 6799360	Mean reward: 19.6875	 Loss: -0.024813715368509293
Step: 6807552	Mean reward: 18.5625	 Loss: -0.04126700386404991
Step: 6815744	Mean reward: 18.46875	 Loss: -0.07141833007335663
Step: 6823936	Mean reward: 19.84375	 Loss: -0.016682444140315056
Step: 6832128	Mean reward: 19.125	 Loss: -0.005581130273640156
Step: 6840320	Mean reward: 19.9375	 Loss: -0.07647266238927841
Step: 6848512	Mean reward: 20.5625	 Loss: -0.033595357090234756
Step: 6856704	Mean reward: 20.59375	 Loss: -0.06867800652980804
Step: 6864896	Mean reward: 19.4375	 Loss: 0.038994915783405304
Step: 6873088	Mean reward: 19.40625	 Loss: -0.021596355363726616
Step: 6881280	Mean reward: 19.0	 Loss: -0.013316418044269085
Step: 6889472	Mean reward: 17.71875	 Loss: -0.03440757468342781
Step: 6897664	Mean reward: 20.0	 Loss: -0.056408241391181946
Step: 6905856	Mean reward: 19.21875	 Loss: -0.06171797960996628
Step: 6914048	Mean reward: 19.125	 Loss: -0.057937487959861755
Step: 6922240	Mean reward: 19.125	 Loss: 0.012812313623726368
Step: 6930432	Mean reward: 18.9375	 Loss: -0.06455288827419281
Step: 6938624	Mean reward: 18.625	 Loss: 0.029089340940117836
Step: 6946816	Mean reward: 17.5625	 Loss: -0.01990211009979248
Step: 6955008	Mean reward: 18.40625	 Loss: -0.0460674948990345
Step: 6963200	Mean reward: 20.34375	 Loss: -0.06000722944736481
Step: 6971392	Mean reward: 19.75	 Loss: -0.09499935060739517
Step: 6979584	Mean reward: 18.09375	 Loss: 0.013793560676276684
Step: 6987776	Mean reward: 18.8125	 Loss: -0.040590349584817886
Step: 6995968	Mean reward: 18.9375	 Loss: -0.07917331159114838
Step: 7004160	Mean reward: 18.875	 Loss: -0.02205301821231842
Step: 7012352	Mean reward: 18.03125	 Loss: -0.05753818899393082
Step: 7020544	Mean reward: 19.28125	 Loss: -0.0308159738779068
Step: 7028736	Mean reward: 19.1875	 Loss: -0.07219843566417694
Step: 7036928	Mean reward: 18.34375	 Loss: -0.008035941980779171
Step: 7045120	Mean reward: 19.625	 Loss: -0.036074940115213394
Step: 7053312	Mean reward: 20.0	 Loss: -0.08237865567207336
Step: 7061504	Mean reward: 19.625	 Loss: -0.09338517487049103
Step: 7069696	Mean reward: 19.75	 Loss: 0.012437252327799797
Step: 7077888	Mean reward: 19.46875	 Loss: 0.06394091993570328
Step: 7086080	Mean reward: 17.875	 Loss: -0.11659730225801468
Step: 7094272	Mean reward: 18.5625	 Loss: 0.04801240935921669
Step: 7102464	Mean reward: 18.71875	 Loss: -0.046804312616586685
Step: 7110656	Mean reward: 20.21875	 Loss: -0.09589560329914093
Step: 7118848	Mean reward: 20.1875	 Loss: -0.08339396119117737
Step: 7127040	Mean reward: 18.71875	 Loss: -0.07440538704395294
Step: 7135232	Mean reward: 19.28125	 Loss: 0.037423890084028244
Step: 7143424	Mean reward: 18.25	 Loss: -0.027067989110946655
Step: 7151616	Mean reward: 19.84375	 Loss: -0.1262601613998413
Step: 7159808	Mean reward: 19.625	 Loss: 0.02487156167626381
Step: 7168000	Mean reward: 21.0625	 Loss: -0.022567618638277054
Step: 7176192	Mean reward: 19.40625	 Loss: -0.03754091635346413
Step: 7184384	Mean reward: 18.59375	 Loss: 0.004865748807787895
Step: 7192576	Mean reward: 18.90625	 Loss: -0.025321999564766884
Step: 7200768	Mean reward: 19.0	 Loss: -0.05416407063603401
Step: 7208960	Mean reward: 20.0625	 Loss: 0.005095997825264931
Step: 7217152	Mean reward: 19.125	 Loss: -0.06811682879924774
Step: 7225344	Mean reward: 17.75	 Loss: -0.014562821015715599
Step: 7233536	Mean reward: 19.78125	 Loss: -0.0638478547334671
Step: 7241728	Mean reward: 20.28125	 Loss: 0.06558337807655334
Step: 7249920	Mean reward: 21.28125	 Loss: 0.008848731406033039
Step: 7258112	Mean reward: 18.5625	 Loss: -0.06531114131212234
Step: 7266304	Mean reward: 19.65625	 Loss: -0.005552469752728939
Step: 7274496	Mean reward: 20.28125	 Loss: 0.034647490829229355
Step: 7282688	Mean reward: 20.1875	 Loss: -0.007573934271931648
Step: 7290880	Mean reward: 21.0625	 Loss: -0.03192276507616043
Step: 7299072	Mean reward: 19.15625	 Loss: -0.016485463827848434
Step: 7307264	Mean reward: 20.1875	 Loss: -0.0006388146430253983
Step: 7315456	Mean reward: 19.90625	 Loss: -0.035321347415447235
Step: 7323648	Mean reward: 20.25	 Loss: 0.06635386496782303
Step: 7331840	Mean reward: 18.71875	 Loss: -0.019481107592582703
Step: 7340032	Mean reward: 20.28125	 Loss: 0.013091127388179302
Step: 7348224	Mean reward: 20.125	 Loss: -0.010974553413689137
Step: 7356416	Mean reward: 19.09375	 Loss: -0.029004469513893127
Step: 7364608	Mean reward: 21.21875	 Loss: -0.006284891627728939
Step: 7372800	Mean reward: 18.625	 Loss: -0.03690306842327118
Step: 7380992	Mean reward: 20.3125	 Loss: -0.027063053101301193
Step: 7389184	Mean reward: 19.53125	 Loss: 0.004287745803594589
Step: 7397376	Mean reward: 18.96875	 Loss: 0.030401211231946945
Step: 7405568	Mean reward: 19.90625	 Loss: 0.012621395289897919
Step: 7413760	Mean reward: 20.71875	 Loss: -0.011285160668194294
Step: 7421952	Mean reward: 20.09375	 Loss: 0.009325863793492317
Step: 7430144	Mean reward: 20.6875	 Loss: -0.03272522985935211
Step: 7438336	Mean reward: 20.15625	 Loss: -0.011872772127389908
Step: 7446528	Mean reward: 19.46875	 Loss: -0.002933158539235592
Step: 7454720	Mean reward: 18.90625	 Loss: -0.018973056226968765
Step: 7462912	Mean reward: 18.34375	 Loss: 0.004790198989212513
Step: 7471104	Mean reward: 19.15625	 Loss: 0.0005771229043602943
Step: 7479296	Mean reward: 19.6875	 Loss: 0.00018818676471710205
Step: 7487488	Mean reward: 19.40625	 Loss: 0.03272250294685364
Step: 7495680	Mean reward: 19.15625	 Loss: -0.08859474956989288
Step: 7503872	Mean reward: 19.5	 Loss: 0.046494293957948685
Step: 7512064	Mean reward: 17.6875	 Loss: -0.060712605714797974
Step: 7520256	Mean reward: 18.65625	 Loss: 0.023828037083148956
Step: 7528448	Mean reward: 19.4375	 Loss: -0.08074772357940674
Step: 7536640	Mean reward: 18.375	 Loss: -0.05770154297351837
Step: 7544832	Mean reward: 20.1875	 Loss: -0.03844352439045906
Step: 7553024	Mean reward: 19.6875	 Loss: -0.13197407126426697
Step: 7561216	Mean reward: 17.375	 Loss: 0.007370373234152794
Step: 7569408	Mean reward: 18.75	 Loss: -0.05910979211330414
Step: 7577600	Mean reward: 19.6875	 Loss: -0.10545302927494049
Step: 7585792	Mean reward: 19.0625	 Loss: -0.09564472734928131
Step: 7593984	Mean reward: 19.0625	 Loss: 0.057714853435754776
Step: 7602176	Mean reward: 18.25	 Loss: -0.11182858049869537
Step: 7610368	Mean reward: 22.46875	 Loss: 0.007997354492545128
Step: 7618560	Mean reward: 18.75	 Loss: -0.11747550219297409
Step: 7626752	Mean reward: 19.78125	 Loss: -0.05569349229335785
Step: 7634944	Mean reward: 19.40625	 Loss: -0.007240855135023594
Step: 7643136	Mean reward: 18.75	 Loss: -0.019621195271611214
Step: 7651328	Mean reward: 19.375	 Loss: 0.04057909920811653
Step: 7659520	Mean reward: 18.6875	 Loss: -0.01836996152997017
Step: 7667712	Mean reward: 20.40625	 Loss: 0.08076287806034088
Step: 7675904	Mean reward: 18.5	 Loss: -0.08053566515445709
Step: 7684096	Mean reward: 19.25	 Loss: -0.1204289048910141
Step: 7692288	Mean reward: 22.0625	 Loss: -0.012368084862828255
Step: 7700480	Mean reward: 19.0625	 Loss: -0.030222728848457336
Step: 7708672	Mean reward: 20.09375	 Loss: 0.012632311321794987
Step: 7716864	Mean reward: 20.40625	 Loss: -0.10565605014562607
Step: 7725056	Mean reward: 18.875	 Loss: -0.003171720542013645
Step: 7733248	Mean reward: 20.125	 Loss: -0.03545618802309036
Step: 7741440	Mean reward: 19.5625	 Loss: -0.06825410574674606
Step: 7749632	Mean reward: 19.78125	 Loss: -0.016439225524663925
Step: 7757824	Mean reward: 18.5	 Loss: -0.001654663123190403
Step: 7766016	Mean reward: 18.375	 Loss: -0.0033959224820137024
Step: 7774208	Mean reward: 19.65625	 Loss: 0.030380988493561745
Step: 7782400	Mean reward: 19.625	 Loss: -0.026922959834337234
Step: 7790592	Mean reward: 18.25	 Loss: -0.046479664742946625
Step: 7798784	Mean reward: 21.625	 Loss: 0.02693449892103672
Step: 7806976	Mean reward: 20.0	 Loss: -0.02064201980829239
Step: 7815168	Mean reward: 19.71875	 Loss: -0.0683293417096138
Step: 7823360	Mean reward: 20.34375	 Loss: -0.01530862133949995
Step: 7831552	Mean reward: 19.5	 Loss: 0.021189695224165916
Step: 7839744	Mean reward: 21.25	 Loss: 0.0003015892580151558
Step: 7847936	Mean reward: 20.96875	 Loss: -0.030085090547800064
Step: 7856128	Mean reward: 19.0625	 Loss: 0.022566545754671097
Step: 7864320	Mean reward: 18.75	 Loss: -0.11033281683921814
Step: 7872512	Mean reward: 19.9375	 Loss: -0.07275725156068802
Step: 7880704	Mean reward: 18.65625	 Loss: -0.0035009151324629784
Step: 7888896	Mean reward: 19.625	 Loss: 0.002570650540292263
Step: 7897088	Mean reward: 21.03125	 Loss: -0.018399178981781006
Step: 7905280	Mean reward: 20.125	 Loss: -0.018538162112236023
Step: 7913472	Mean reward: 19.25	 Loss: -0.0369790680706501
Step: 7921664	Mean reward: 19.46875	 Loss: 0.007136620581150055
Step: 7929856	Mean reward: 20.4375	 Loss: 0.04339205473661423
Step: 7938048	Mean reward: 19.09375	 Loss: -0.017368830740451813
Step: 7946240	Mean reward: 20.34375	 Loss: -0.0025371136143803596
Step: 7954432	Mean reward: 20.34375	 Loss: -0.016778066754341125
Step: 7962624	Mean reward: 18.8125	 Loss: 0.06366721540689468
Step: 7970816	Mean reward: 19.25	 Loss: -0.08572383224964142
Step: 7979008	Mean reward: 19.65625	 Loss: -0.058806609362363815
Step: 7987200	Mean reward: 19.96875	 Loss: -0.01552229281514883
Step: 7995392	Mean reward: 21.0	 Loss: 0.0023332424461841583
Step: 8003584	Mean reward: 20.3125	 Loss: -0.0008767563849687576
Step: 8011776	Mean reward: 19.78125	 Loss: -0.0700557753443718
Step: 8019968	Mean reward: 19.4375	 Loss: 0.016549907624721527
Step: 8028160	Mean reward: 19.34375	 Loss: -0.050359420478343964
Step: 8036352	Mean reward: 19.09375	 Loss: -0.08468789607286453
Step: 8044544	Mean reward: 20.25	 Loss: -0.05422847345471382
Step: 8052736	Mean reward: 18.25	 Loss: 0.050321780145168304
Step: 8060928	Mean reward: 21.46875	 Loss: -0.023140257224440575
Step: 8069120	Mean reward: 21.28125	 Loss: -0.03426435962319374
Step: 8077312	Mean reward: 20.25	 Loss: -0.07232318073511124
Step: 8085504	Mean reward: 21.9375	 Loss: -0.014215154573321342
Step: 8093696	Mean reward: 21.0625	 Loss: 0.02367323637008667
Step: 8101888	Mean reward: 21.34375	 Loss: -0.054324958473443985
Step: 8110080	Mean reward: 20.6875	 Loss: -0.0614268034696579
Step: 8118272	Mean reward: 19.78125	 Loss: -0.01209175493568182
Step: 8126464	Mean reward: 21.6875	 Loss: -0.05153118073940277
Step: 8134656	Mean reward: 19.8125	 Loss: -0.05947807431221008
Step: 8142848	Mean reward: 19.4375	 Loss: -0.015029764734208584
Step: 8151040	Mean reward: 19.5	 Loss: 0.01752040535211563
Step: 8159232	Mean reward: 20.25	 Loss: -0.027908459305763245
Step: 8167424	Mean reward: 21.21875	 Loss: 0.05934413522481918
Step: 8175616	Mean reward: 19.84375	 Loss: -0.026008255779743195
Step: 8183808	Mean reward: 22.0625	 Loss: -0.06333637237548828
Step: 8192000	Mean reward: 19.59375	 Loss: -0.027271199971437454
Step: 8200192	Mean reward: 20.75	 Loss: -0.07558474689722061
Step: 8208384	Mean reward: 19.53125	 Loss: 0.06303273141384125
Step: 8216576	Mean reward: 19.3125	 Loss: -0.019530873745679855
Step: 8224768	Mean reward: 19.5625	 Loss: 0.044415511190891266
Step: 8232960	Mean reward: 19.3125	 Loss: -0.041591987013816833
Step: 8241152	Mean reward: 19.65625	 Loss: 0.0003613661974668503
Step: 8249344	Mean reward: 19.40625	 Loss: -0.022776663303375244
Step: 8257536	Mean reward: 20.9375	 Loss: -0.00203089602291584
Step: 8265728	Mean reward: 18.40625	 Loss: -0.05188648775219917
Step: 8273920	Mean reward: 18.78125	 Loss: 0.017178639769554138
Step: 8282112	Mean reward: 19.15625	 Loss: 0.001139211468398571
Step: 8290304	Mean reward: 21.375	 Loss: -0.010841526091098785
Step: 8298496	Mean reward: 19.875	 Loss: -0.02522600069642067
Step: 8306688	Mean reward: 18.21875	 Loss: -0.08824630826711655
Step: 8314880	Mean reward: 21.78125	 Loss: -0.014770830050110817
Step: 8323072	Mean reward: 18.78125	 Loss: -0.028724245727062225
Step: 8331264	Mean reward: 21.59375	 Loss: 0.058337755501270294
Step: 8339456	Mean reward: 19.3125	 Loss: 0.03220783919095993
Step: 8347648	Mean reward: 19.96875	 Loss: 0.0016646571457386017
Step: 8355840	Mean reward: 20.53125	 Loss: 0.012963186018168926
Step: 8364032	Mean reward: 20.40625	 Loss: -0.03815668448805809
Step: 8372224	Mean reward: 21.0	 Loss: -0.00033164210617542267
Step: 8380416	Mean reward: 20.1875	 Loss: -0.06973682343959808
Step: 8388608	Mean reward: 19.75	 Loss: 0.019660457968711853
Step: 8396800	Mean reward: 19.96875	 Loss: -0.017457209527492523
Step: 8404992	Mean reward: 20.25	 Loss: -0.046440739184617996
Step: 8413184	Mean reward: 21.03125	 Loss: 0.018283195793628693
Step: 8421376	Mean reward: 20.28125	 Loss: 0.004087710753083229
Step: 8429568	Mean reward: 20.25	 Loss: -0.027375249192118645
Step: 8437760	Mean reward: 20.3125	 Loss: -0.04371783882379532
Step: 8445952	Mean reward: 20.65625	 Loss: -0.07758395373821259
Step: 8454144	Mean reward: 18.90625	 Loss: 0.019807713106274605
Step: 8462336	Mean reward: 21.65625	 Loss: 0.004473742097616196
Step: 8470528	Mean reward: 19.03125	 Loss: 0.01877649687230587
Step: 8478720	Mean reward: 22.375	 Loss: -0.058242667466402054
Step: 8486912	Mean reward: 19.34375	 Loss: -0.0487217903137207
Step: 8495104	Mean reward: 20.875	 Loss: -0.051494378596544266
Step: 8503296	Mean reward: 19.3125	 Loss: -0.03613971918821335
Step: 8511488	Mean reward: 20.65625	 Loss: 0.015192404389381409
Step: 8519680	Mean reward: 21.8125	 Loss: -0.04420795291662216
Step: 8527872	Mean reward: 20.09375	 Loss: -0.0803351104259491
Step: 8536064	Mean reward: 20.15625	 Loss: -0.07404611259698868
Step: 8544256	Mean reward: 20.6875	 Loss: -0.009180299937725067
Step: 8552448	Mean reward: 22.03125	 Loss: -0.0256994366645813
Step: 8560640	Mean reward: 20.125	 Loss: 0.038868650794029236
Step: 8568832	Mean reward: 19.9375	 Loss: 0.0264243446290493
Step: 8577024	Mean reward: 21.375	 Loss: 0.01546425186097622
Step: 8585216	Mean reward: 20.3125	 Loss: 0.05262550339102745
Step: 8593408	Mean reward: 21.53125	 Loss: -0.03879852965474129
Step: 8601600	Mean reward: 20.5	 Loss: -0.073750339448452
Step: 8609792	Mean reward: 19.78125	 Loss: 0.03157952427864075
Step: 8617984	Mean reward: 20.96875	 Loss: -0.010831539519131184
Step: 8626176	Mean reward: 18.25	 Loss: -0.00630645826458931
Step: 8634368	Mean reward: 19.84375	 Loss: 0.027832651510834694
Step: 8642560	Mean reward: 21.4375	 Loss: -0.0009848279878497124
Step: 8650752	Mean reward: 19.15625	 Loss: -0.04915866255760193
Step: 8658944	Mean reward: 19.5625	 Loss: -0.05135940760374069
Step: 8667136	Mean reward: 20.21875	 Loss: 0.018330873921513557
Step: 8675328	Mean reward: 20.5625	 Loss: -0.07937094569206238
Step: 8683520	Mean reward: 22.375	 Loss: -0.038996268063783646
Step: 8691712	Mean reward: 21.28125	 Loss: -0.009766193106770515
Step: 8699904	Mean reward: 19.0	 Loss: 0.0065635619685053825
Step: 8708096	Mean reward: 20.875	 Loss: -0.011383202858269215
Step: 8716288	Mean reward: 20.8125	 Loss: -0.018712911754846573
Step: 8724480	Mean reward: 21.59375	 Loss: -0.04604869335889816
Step: 8732672	Mean reward: 20.71875	 Loss: 0.0030941329896450043
Step: 8740864	Mean reward: 21.0	 Loss: -0.12780523300170898
Step: 8749056	Mean reward: 20.6875	 Loss: -0.07484100759029388
Step: 8757248	Mean reward: 22.0	 Loss: 0.021014055237174034
Step: 8765440	Mean reward: 21.0	 Loss: 0.016646916046738625
Step: 8773632	Mean reward: 21.5625	 Loss: -0.06813997030258179
Step: 8781824	Mean reward: 21.15625	 Loss: -0.10518006980419159
Step: 8790016	Mean reward: 20.90625	 Loss: 0.006247982382774353
Step: 8798208	Mean reward: 21.59375	 Loss: 0.04267999529838562
Step: 8806400	Mean reward: 19.625	 Loss: -0.035053372383117676
Step: 8814592	Mean reward: 19.90625	 Loss: -0.01702687330543995
Step: 8822784	Mean reward: 20.96875	 Loss: -0.03396573290228844
Step: 8830976	Mean reward: 20.375	 Loss: -0.07038499414920807
Step: 8839168	Mean reward: 20.5625	 Loss: 0.057149920612573624
Step: 8847360	Mean reward: 18.9375	 Loss: 0.023217499256134033
Step: 8855552	Mean reward: 20.125	 Loss: -0.051579222083091736
Step: 8863744	Mean reward: 21.0625	 Loss: -0.07410506904125214
Step: 8871936	Mean reward: 21.3125	 Loss: -0.042524583637714386
Step: 8880128	Mean reward: 20.0	 Loss: 0.10214618593454361
Step: 8888320	Mean reward: 21.125	 Loss: 0.00024324748665094376
Step: 8896512	Mean reward: 21.15625	 Loss: 0.03550174832344055
Step: 8904704	Mean reward: 20.03125	 Loss: -0.026538625359535217
Step: 8912896	Mean reward: 20.96875	 Loss: -0.0757163017988205
Step: 8921088	Mean reward: 20.90625	 Loss: 0.055905766785144806
Step: 8929280	Mean reward: 20.96875	 Loss: 0.03608313202857971
Step: 8937472	Mean reward: 19.40625	 Loss: -0.01521364040672779
Step: 8945664	Mean reward: 20.5625	 Loss: -0.025528836995363235
Step: 8953856	Mean reward: 21.625	 Loss: 0.010387643240392208
Step: 8962048	Mean reward: 20.9375	 Loss: -0.0300565455108881
Step: 8970240	Mean reward: 21.15625	 Loss: -0.03552627190947533
Step: 8978432	Mean reward: 20.875	 Loss: -0.00019409973174333572
Step: 8986624	Mean reward: 20.34375	 Loss: 0.035619206726551056
Step: 8994816	Mean reward: 20.65625	 Loss: -0.033045195043087006
Step: 9003008	Mean reward: 20.84375	 Loss: 0.021583499386906624
Completed training at 2021-12-07 03:39:33