Training PPO 1 with the following parameter dict:
{'total_steps': 3000000.0, 'num_envs': 32, 'num_steps': 256, 'num_levels': 200, 'num_epochs': 3, 'batch_size': 512, 'eps': 0.2, 'grad_eps': 0.5, 'value_coef': 0.5, 'entropy_coef': 0.01, 'c1': 0.5, 'c2': 0.01, 'num_actions': 15, 'in_channels': 3, 'feature_dim': 64, 'env_name': 'starpilot', 'use_background': False}
non stabilized ppo with resets
200 levels
Observation space: Box([[[0. 0. 0. ... 0. 0. 0.]
  [0. 0. 0. ... 0. 0. 0.]
  [0. 0. 0. ... 0. 0. 0.]
  ...
  [0. 0. 0. ... 0. 0. 0.]
  [0. 0. 0. ... 0. 0. 0.]
  [0. 0. 0. ... 0. 0. 0.]]

 [[0. 0. 0. ... 0. 0. 0.]
  [0. 0. 0. ... 0. 0. 0.]
  [0. 0. 0. ... 0. 0. 0.]
  ...
  [0. 0. 0. ... 0. 0. 0.]
  [0. 0. 0. ... 0. 0. 0.]
  [0. 0. 0. ... 0. 0. 0.]]

 [[0. 0. 0. ... 0. 0. 0.]
  [0. 0. 0. ... 0. 0. 0.]
  [0. 0. 0. ... 0. 0. 0.]
  ...
  [0. 0. 0. ... 0. 0. 0.]
  [0. 0. 0. ... 0. 0. 0.]
  [0. 0. 0. ... 0. 0. 0.]]], [[[1. 1. 1. ... 1. 1. 1.]
  [1. 1. 1. ... 1. 1. 1.]
  [1. 1. 1. ... 1. 1. 1.]
  ...
  [1. 1. 1. ... 1. 1. 1.]
  [1. 1. 1. ... 1. 1. 1.]
  [1. 1. 1. ... 1. 1. 1.]]

 [[1. 1. 1. ... 1. 1. 1.]
  [1. 1. 1. ... 1. 1. 1.]
  [1. 1. 1. ... 1. 1. 1.]
  ...
  [1. 1. 1. ... 1. 1. 1.]
  [1. 1. 1. ... 1. 1. 1.]
  [1. 1. 1. ... 1. 1. 1.]]

 [[1. 1. 1. ... 1. 1. 1.]
  [1. 1. 1. ... 1. 1. 1.]
  [1. 1. 1. ... 1. 1. 1.]
  ...
  [1. 1. 1. ... 1. 1. 1.]
  [1. 1. 1. ... 1. 1. 1.]
  [1. 1. 1. ... 1. 1. 1.]]], (3, 64, 64), float32)
Action space: 15
Step: 8192	Mean reward: 4.375	 Loss: 0.3480062186717987
Step: 16384	Mean reward: 4.1875	 Loss: 0.0643511489033699
Step: 24576	Mean reward: 5.84375	 Loss: 0.15672318637371063
Step: 32768	Mean reward: 6.03125	 Loss: 0.09132451564073563
Step: 40960	Mean reward: 5.59375	 Loss: 0.0800495445728302
Step: 49152	Mean reward: 6.1875	 Loss: 0.07348033785820007
Step: 57344	Mean reward: 6.75	 Loss: 0.14229318499565125
Step: 65536	Mean reward: 6.75	 Loss: 0.12073394656181335
Step: 73728	Mean reward: 7.8125	 Loss: 0.10406970977783203
Step: 81920	Mean reward: 7.75	 Loss: 0.09335163980722427
Step: 90112	Mean reward: 8.46875	 Loss: 0.027571948245167732
Step: 98304	Mean reward: 7.8125	 Loss: 0.1569019854068756
Step: 106496	Mean reward: 8.21875	 Loss: 0.17326165735721588
Step: 114688	Mean reward: 7.125	 Loss: 0.12592056393623352
Step: 122880	Mean reward: 7.78125	 Loss: 0.06074147671461105
Step: 131072	Mean reward: 8.21875	 Loss: 0.043974004685878754
Step: 139264	Mean reward: 8.9375	 Loss: 0.07288277894258499
Step: 147456	Mean reward: 7.65625	 Loss: 0.08595185726881027
Step: 155648	Mean reward: 8.3125	 Loss: 0.047156233340501785
Step: 163840	Mean reward: 8.5625	 Loss: 0.06543057411909103
Step: 172032	Mean reward: 7.84375	 Loss: 0.11765702813863754
Step: 180224	Mean reward: 7.84375	 Loss: 0.015366403385996819
Step: 188416	Mean reward: 9.625	 Loss: 0.078621044754982
Step: 196608	Mean reward: 9.40625	 Loss: 0.11728700250387192
Step: 204800	Mean reward: 7.9375	 Loss: 0.08548647165298462
Step: 212992	Mean reward: 8.21875	 Loss: 0.05626395344734192
Step: 221184	Mean reward: 8.46875	 Loss: 0.052614420652389526
Step: 229376	Mean reward: 8.53125	 Loss: 0.03244567662477493
Step: 237568	Mean reward: 7.625	 Loss: 0.08053509891033173
Step: 245760	Mean reward: 9.375	 Loss: 0.12897028028964996
Step: 253952	Mean reward: 8.25	 Loss: -0.008312689140439034
Step: 262144	Mean reward: 8.34375	 Loss: -0.0225837342441082
Step: 270336	Mean reward: 8.0625	 Loss: 0.05946190655231476
Step: 278528	Mean reward: 9.375	 Loss: 0.060195185244083405
Step: 286720	Mean reward: 9.09375	 Loss: 0.020310884341597557
Step: 294912	Mean reward: 8.46875	 Loss: 0.04441443085670471
Step: 303104	Mean reward: 9.09375	 Loss: 0.07661642879247665
Step: 311296	Mean reward: 9.4375	 Loss: 0.02533404715359211
Step: 319488	Mean reward: 8.5	 Loss: 0.05550234019756317
Step: 327680	Mean reward: 9.8125	 Loss: 0.013379529118537903
Step: 335872	Mean reward: 9.15625	 Loss: 0.0519554540514946
Step: 344064	Mean reward: 8.75	 Loss: 0.03623530641198158
Step: 352256	Mean reward: 8.375	 Loss: 0.03241229057312012
Step: 360448	Mean reward: 9.6875	 Loss: 0.02491924725472927
Step: 368640	Mean reward: 11.1875	 Loss: 0.13419713079929352
Step: 376832	Mean reward: 10.25	 Loss: 0.045997750014066696
Step: 385024	Mean reward: 8.75	 Loss: 0.052094317972660065
Step: 393216	Mean reward: 9.84375	 Loss: 0.036486465483903885
Step: 401408	Mean reward: 9.125	 Loss: -0.023173963651061058
Step: 409600	Mean reward: 10.78125	 Loss: 0.029229557141661644
Step: 417792	Mean reward: 11.03125	 Loss: 0.09990301728248596
Step: 425984	Mean reward: 10.59375	 Loss: -0.03494033217430115
Step: 434176	Mean reward: 10.0625	 Loss: 0.04615302383899689
Step: 442368	Mean reward: 9.78125	 Loss: 0.13369354605674744
Step: 450560	Mean reward: 11.59375	 Loss: 0.06685461103916168
Step: 458752	Mean reward: 11.15625	 Loss: 0.06956834346055984
Step: 466944	Mean reward: 11.21875	 Loss: 0.09071151167154312
Step: 475136	Mean reward: 11.5625	 Loss: 0.03603331744670868
Step: 483328	Mean reward: 8.5	 Loss: 0.03850037604570389
Step: 491520	Mean reward: 10.34375	 Loss: 0.038031719624996185
Step: 499712	Mean reward: 10.5	 Loss: 0.11578476428985596
Step: 507904	Mean reward: 11.15625	 Loss: 0.024928627535700798
Step: 516096	Mean reward: 12.125	 Loss: 0.06129888817667961
Step: 524288	Mean reward: 10.625	 Loss: 0.040182266384363174
Step: 532480	Mean reward: 8.84375	 Loss: 0.04788920655846596
Step: 540672	Mean reward: 11.53125	 Loss: 0.0820794478058815
Step: 548864	Mean reward: 10.09375	 Loss: 0.008593205362558365
Step: 557056	Mean reward: 10.4375	 Loss: 0.01022351160645485
Step: 565248	Mean reward: 9.78125	 Loss: 0.07972128689289093
Step: 573440	Mean reward: 9.84375	 Loss: 0.07827223837375641
Step: 581632	Mean reward: 9.3125	 Loss: -0.025635411962866783
Step: 589824	Mean reward: 12.5	 Loss: 0.05502193421125412
Step: 598016	Mean reward: 10.71875	 Loss: 0.0011902488768100739
Step: 606208	Mean reward: 11.21875	 Loss: 0.0916113331913948
Step: 614400	Mean reward: 11.5625	 Loss: 0.03925023227930069
Step: 622592	Mean reward: 12.5625	 Loss: -0.013424500823020935
Step: 630784	Mean reward: 12.59375	 Loss: 0.02636098489165306
Step: 638976	Mean reward: 11.5625	 Loss: 0.004167141392827034
Step: 647168	Mean reward: 11.8125	 Loss: 0.07798870652914047
Step: 655360	Mean reward: 12.03125	 Loss: 0.10910934209823608
Step: 663552	Mean reward: 13.1875	 Loss: 0.0011364482343196869
Step: 671744	Mean reward: 11.90625	 Loss: -0.009739385917782784
Step: 679936	Mean reward: 12.625	 Loss: 0.08758832514286041
Step: 688128	Mean reward: 12.4375	 Loss: 0.07189733535051346
Step: 696320	Mean reward: 11.375	 Loss: -0.000460110604763031
Step: 704512	Mean reward: 14.0	 Loss: 0.12540987133979797
Step: 712704	Mean reward: 12.875	 Loss: 0.021078333258628845
Step: 720896	Mean reward: 11.21875	 Loss: 0.02362043969333172
Step: 729088	Mean reward: 13.28125	 Loss: -0.002726558595895767
Step: 737280	Mean reward: 15.4375	 Loss: 0.08802720159292221
Step: 745472	Mean reward: 13.96875	 Loss: 0.0687914565205574
Step: 753664	Mean reward: 12.59375	 Loss: 0.12246821075677872
Step: 761856	Mean reward: 13.78125	 Loss: 0.024298345670104027
Step: 770048	Mean reward: 14.875	 Loss: 0.009965546429157257
Step: 778240	Mean reward: 14.4375	 Loss: 0.11543568223714828
Step: 786432	Mean reward: 14.5	 Loss: 0.14895419776439667
Step: 794624	Mean reward: 14.46875	 Loss: 0.10394980013370514
Step: 802816	Mean reward: 15.34375	 Loss: -0.004415035247802734
Step: 811008	Mean reward: 16.03125	 Loss: 0.02052501030266285
Step: 819200	Mean reward: 13.84375	 Loss: 0.0431373305618763
Step: 827392	Mean reward: 14.65625	 Loss: 0.034573741257190704
Step: 835584	Mean reward: 14.8125	 Loss: 0.06296873837709427
Step: 843776	Mean reward: 14.4375	 Loss: 0.002063961699604988
Step: 851968	Mean reward: 14.875	 Loss: 0.08349524438381195
Step: 860160	Mean reward: 15.71875	 Loss: 0.041164662688970566
Step: 868352	Mean reward: 15.28125	 Loss: 0.08930909633636475
Step: 876544	Mean reward: 14.3125	 Loss: 0.026296177878975868
Step: 884736	Mean reward: 15.25	 Loss: 0.05240100994706154
Step: 892928	Mean reward: 14.28125	 Loss: 0.06236200034618378
Step: 901120	Mean reward: 15.28125	 Loss: -0.005979740992188454
Step: 909312	Mean reward: 14.9375	 Loss: 0.0845598354935646
Step: 917504	Mean reward: 14.4375	 Loss: 0.10761035978794098
Step: 925696	Mean reward: 15.0625	 Loss: 0.038799554109573364
Step: 933888	Mean reward: 14.65625	 Loss: -0.07712104171514511
Step: 942080	Mean reward: 15.78125	 Loss: 0.13215750455856323
Step: 950272	Mean reward: 16.25	 Loss: 0.03852254897356033
Step: 958464	Mean reward: 14.96875	 Loss: -0.006424734368920326
Step: 966656	Mean reward: 15.0625	 Loss: 0.04717075824737549
Step: 974848	Mean reward: 16.625	 Loss: 0.05558866262435913
Step: 983040	Mean reward: 14.96875	 Loss: 0.06875904649496078
Step: 991232	Mean reward: 17.1875	 Loss: 0.013504097238183022
Step: 999424	Mean reward: 16.125	 Loss: 0.07368606328964233
Step: 1007616	Mean reward: 17.21875	 Loss: -0.04470843821763992
Step: 1015808	Mean reward: 16.21875	 Loss: 0.06692175567150116
Step: 1024000	Mean reward: 14.46875	 Loss: 0.04381422698497772
Step: 1032192	Mean reward: 16.59375	 Loss: 0.04680714011192322
Step: 1040384	Mean reward: 15.65625	 Loss: 0.01493014208972454
Step: 1048576	Mean reward: 17.4375	 Loss: 0.06841398775577545
Step: 1056768	Mean reward: 18.25	 Loss: 0.07382997870445251
Step: 1064960	Mean reward: 16.3125	 Loss: 0.10778795182704926
Step: 1073152	Mean reward: 17.03125	 Loss: 0.05003421753644943
Step: 1081344	Mean reward: 16.34375	 Loss: 0.0706096962094307
Step: 1089536	Mean reward: 14.90625	 Loss: -0.03249184042215347
Step: 1097728	Mean reward: 15.53125	 Loss: -0.058636561036109924
Step: 1105920	Mean reward: 16.34375	 Loss: 0.0012920703738927841
Step: 1114112	Mean reward: 17.28125	 Loss: 0.08420386165380478
Step: 1122304	Mean reward: 16.28125	 Loss: -0.01481625810265541
Step: 1130496	Mean reward: 17.53125	 Loss: -0.0009362176060676575
Step: 1138688	Mean reward: 16.875	 Loss: -0.009368717670440674
Step: 1146880	Mean reward: 16.3125	 Loss: 0.06020409241318703
Step: 1155072	Mean reward: 18.15625	 Loss: 0.07574957609176636
Step: 1163264	Mean reward: 17.46875	 Loss: 0.05570412427186966
Step: 1171456	Mean reward: 17.5625	 Loss: 0.0019577424973249435
Step: 1179648	Mean reward: 16.8125	 Loss: -0.033201608806848526
Step: 1187840	Mean reward: 17.6875	 Loss: -0.0018322989344596863
Step: 1196032	Mean reward: 17.0625	 Loss: 0.02509159967303276
Step: 1204224	Mean reward: 16.5	 Loss: -0.054896991699934006
Step: 1212416	Mean reward: 17.125	 Loss: 0.05199247971177101
Step: 1220608	Mean reward: 17.15625	 Loss: 0.07769853621721268
Step: 1228800	Mean reward: 16.4375	 Loss: 0.018693801015615463
Step: 1236992	Mean reward: 17.625	 Loss: 0.021443558856844902
Step: 1245184	Mean reward: 18.53125	 Loss: 0.029699858278036118
Step: 1253376	Mean reward: 18.375	 Loss: 0.24026910960674286
Step: 1261568	Mean reward: 17.96875	 Loss: 0.009387245401740074
Step: 1269760	Mean reward: 18.59375	 Loss: 0.15486834943294525
Step: 1277952	Mean reward: 16.53125	 Loss: 0.012924076989293098
Step: 1286144	Mean reward: 18.25	 Loss: -0.027182890102267265
Step: 1294336	Mean reward: 18.4375	 Loss: 0.02464493364095688
Step: 1302528	Mean reward: 17.9375	 Loss: 0.033350490033626556
Step: 1310720	Mean reward: 16.9375	 Loss: 0.010060356929898262
Step: 1318912	Mean reward: 17.40625	 Loss: 0.026987632736563683
Step: 1327104	Mean reward: 19.03125	 Loss: 0.011457189917564392
Step: 1335296	Mean reward: 18.4375	 Loss: 0.08762434124946594
Step: 1343488	Mean reward: 16.46875	 Loss: 0.014990970492362976
Step: 1351680	Mean reward: 19.40625	 Loss: 0.06863430142402649
Step: 1359872	Mean reward: 17.09375	 Loss: 0.055005814880132675
Step: 1368064	Mean reward: 16.90625	 Loss: 0.0885138288140297
Step: 1376256	Mean reward: 17.46875	 Loss: -0.031119534745812416
Step: 1384448	Mean reward: 17.53125	 Loss: 0.018074436113238335
Step: 1392640	Mean reward: 18.65625	 Loss: 0.006698250770568848
Step: 1400832	Mean reward: 17.15625	 Loss: 0.05233730375766754
Step: 1409024	Mean reward: 18.96875	 Loss: 0.057487066835165024
Step: 1417216	Mean reward: 18.03125	 Loss: 0.06743381172418594
Step: 1425408	Mean reward: 18.0	 Loss: 0.09110016375780106
Step: 1433600	Mean reward: 17.25	 Loss: 0.0021661296486854553
Step: 1441792	Mean reward: 17.625	 Loss: 0.005115503445267677
Step: 1449984	Mean reward: 17.9375	 Loss: 0.11437593400478363
Step: 1458176	Mean reward: 19.1875	 Loss: 0.03585731238126755
Step: 1466368	Mean reward: 18.875	 Loss: -0.007969047874212265
Step: 1474560	Mean reward: 19.1875	 Loss: 0.007386624813079834
Step: 1482752	Mean reward: 18.8125	 Loss: -0.020316561684012413
Step: 1490944	Mean reward: 18.34375	 Loss: 0.028829824179410934
Step: 1499136	Mean reward: 19.40625	 Loss: 0.00631282664835453
Step: 1507328	Mean reward: 19.125	 Loss: 0.0048340074717998505
Step: 1515520	Mean reward: 18.5625	 Loss: -0.007726842537522316
Step: 1523712	Mean reward: 16.5	 Loss: 0.028390081599354744
Step: 1531904	Mean reward: 18.1875	 Loss: 0.03570724278688431
Step: 1540096	Mean reward: 18.375	 Loss: 0.10901325196027756
Step: 1548288	Mean reward: 18.28125	 Loss: -0.016970079392194748
Step: 1556480	Mean reward: 16.5	 Loss: -0.02030458301305771
Step: 1564672	Mean reward: 18.71875	 Loss: -0.045395705848932266
Step: 1572864	Mean reward: 16.6875	 Loss: 0.0369294099509716
Step: 1581056	Mean reward: 18.0	 Loss: -0.017989931628108025
Step: 1589248	Mean reward: 18.28125	 Loss: 0.03842824697494507
Step: 1597440	Mean reward: 17.78125	 Loss: -0.01743757538497448
Step: 1605632	Mean reward: 18.3125	 Loss: -0.007463231682777405
Step: 1613824	Mean reward: 17.09375	 Loss: -0.013778094202280045
Step: 1622016	Mean reward: 18.28125	 Loss: 0.07504318654537201
Step: 1630208	Mean reward: 18.625	 Loss: -0.06758454442024231
Step: 1638400	Mean reward: 16.65625	 Loss: 0.048314087092876434
Step: 1646592	Mean reward: 18.0	 Loss: 0.053265318274497986
Step: 1654784	Mean reward: 17.8125	 Loss: -0.02745211124420166
Step: 1662976	Mean reward: 17.875	 Loss: -0.003009827807545662
Step: 1671168	Mean reward: 17.9375	 Loss: 0.018022917211055756
Step: 1679360	Mean reward: 18.09375	 Loss: -0.009758571162819862
Step: 1687552	Mean reward: 18.8125	 Loss: -0.02668379433453083
Step: 1695744	Mean reward: 18.71875	 Loss: 0.12310266494750977
Step: 1703936	Mean reward: 19.53125	 Loss: -0.026296762749552727
Step: 1712128	Mean reward: 19.40625	 Loss: -0.004852598533034325
Step: 1720320	Mean reward: 18.0	 Loss: -0.010283155366778374
Step: 1728512	Mean reward: 18.90625	 Loss: 0.0401892364025116
Step: 1736704	Mean reward: 18.0625	 Loss: -0.011150132864713669
Step: 1744896	Mean reward: 19.96875	 Loss: -0.03444014489650726
Step: 1753088	Mean reward: 18.875	 Loss: 0.05614732205867767
Step: 1761280	Mean reward: 19.40625	 Loss: -0.04111897945404053
Step: 1769472	Mean reward: 19.03125	 Loss: 0.010846082121133804
Step: 1777664	Mean reward: 18.5	 Loss: 0.0602547824382782
Step: 1785856	Mean reward: 20.1875	 Loss: 0.04132530093193054
Step: 1794048	Mean reward: 19.375	 Loss: 0.08840344846248627
Step: 1802240	Mean reward: 20.4375	 Loss: 0.06805572658777237
Step: 1810432	Mean reward: 18.1875	 Loss: 0.04545309394598007
Step: 1818624	Mean reward: 18.28125	 Loss: 0.007451366633176804
Step: 1826816	Mean reward: 18.84375	 Loss: 0.08487572520971298
Step: 1835008	Mean reward: 18.21875	 Loss: -0.06026338040828705
Step: 1843200	Mean reward: 19.03125	 Loss: 0.12685377895832062
Step: 1851392	Mean reward: 18.5	 Loss: -0.020129119977355003
Step: 1859584	Mean reward: 20.375	 Loss: -0.04114304482936859
Step: 1867776	Mean reward: 17.5625	 Loss: 0.0508197546005249
Step: 1875968	Mean reward: 20.65625	 Loss: 0.012738805264234543
Step: 1884160	Mean reward: 19.5625	 Loss: 0.07155068963766098
Step: 1892352	Mean reward: 19.78125	 Loss: 0.05401775240898132
Step: 1900544	Mean reward: 19.53125	 Loss: -0.006875351071357727
Step: 1908736	Mean reward: 18.3125	 Loss: 0.027556953951716423
Step: 1916928	Mean reward: 19.0	 Loss: 0.02166948840022087
Step: 1925120	Mean reward: 19.25	 Loss: 0.021885039284825325
Step: 1933312	Mean reward: 18.625	 Loss: 0.06761704385280609
Step: 1941504	Mean reward: 20.84375	 Loss: -0.010348489508032799
Step: 1949696	Mean reward: 20.875	 Loss: 0.01941683143377304
Step: 1957888	Mean reward: 18.84375	 Loss: 0.07109548896551132
Step: 1966080	Mean reward: 18.84375	 Loss: -0.0054806917905807495
Step: 1974272	Mean reward: 18.0	 Loss: -0.01989012025296688
Step: 1982464	Mean reward: 19.0625	 Loss: -0.06838583946228027
Step: 1990656	Mean reward: 18.90625	 Loss: 0.041843242943286896
Step: 1998848	Mean reward: 20.5625	 Loss: -0.02686385251581669
Step: 2007040	Mean reward: 19.8125	 Loss: -0.03301096707582474
Step: 2015232	Mean reward: 19.34375	 Loss: 0.017086271196603775
Step: 2023424	Mean reward: 20.125	 Loss: 0.002898888662457466
Step: 2031616	Mean reward: 17.75	 Loss: 0.0065187253057956696
Step: 2039808	Mean reward: 19.3125	 Loss: 0.011334892362356186
Step: 2048000	Mean reward: 18.875	 Loss: 0.03111610747873783
Step: 2056192	Mean reward: 18.875	 Loss: -0.07729931175708771
Step: 2064384	Mean reward: 19.59375	 Loss: -0.01992350071668625
Step: 2072576	Mean reward: 20.21875	 Loss: 0.0141953956335783
Step: 2080768	Mean reward: 19.84375	 Loss: 0.021474536508321762
Step: 2088960	Mean reward: 18.90625	 Loss: 0.007718132808804512
Step: 2097152	Mean reward: 21.125	 Loss: 0.09662853181362152
Step: 2105344	Mean reward: 19.09375	 Loss: 0.0442754328250885
Step: 2113536	Mean reward: 19.6875	 Loss: 0.02915024384856224
Step: 2121728	Mean reward: 18.21875	 Loss: -0.007606015540659428
Step: 2129920	Mean reward: 21.15625	 Loss: 0.04178084433078766
Step: 2138112	Mean reward: 19.75	 Loss: -0.06851774454116821
Step: 2146304	Mean reward: 19.875	 Loss: -0.02789943479001522
Step: 2154496	Mean reward: 19.125	 Loss: -0.0030969493091106415
Step: 2162688	Mean reward: 20.875	 Loss: -0.08859208226203918
Step: 2170880	Mean reward: 20.125	 Loss: 0.028117040172219276
Step: 2179072	Mean reward: 17.9375	 Loss: 0.001905299723148346
Step: 2187264	Mean reward: 18.21875	 Loss: 0.026380140334367752
Step: 2195456	Mean reward: 19.78125	 Loss: 0.0232506413012743
Step: 2203648	Mean reward: 20.1875	 Loss: 0.05439995229244232
Step: 2211840	Mean reward: 20.46875	 Loss: -0.00360705703496933
Step: 2220032	Mean reward: 19.25	 Loss: 0.04314754903316498
Step: 2228224	Mean reward: 18.375	 Loss: 0.07615269720554352
Step: 2236416	Mean reward: 19.15625	 Loss: -0.0400099940598011
Step: 2244608	Mean reward: 20.15625	 Loss: 0.00914846919476986
Step: 2252800	Mean reward: 20.84375	 Loss: -0.006960103288292885
Step: 2260992	Mean reward: 19.25	 Loss: 0.02823074534535408
Step: 2269184	Mean reward: 18.34375	 Loss: 0.006293570622801781
Step: 2277376	Mean reward: 19.875	 Loss: 0.01582384668290615
Step: 2285568	Mean reward: 18.5	 Loss: -0.0035172468051314354
Step: 2293760	Mean reward: 19.59375	 Loss: 0.040789440274238586
Step: 2301952	Mean reward: 18.40625	 Loss: -0.055384330451488495
Step: 2310144	Mean reward: 20.5	 Loss: -0.025472767651081085
Step: 2318336	Mean reward: 18.96875	 Loss: -0.041363123804330826
Step: 2326528	Mean reward: 19.59375	 Loss: -0.0001921067014336586
Step: 2334720	Mean reward: 19.09375	 Loss: -0.03631409630179405
Step: 2342912	Mean reward: 19.78125	 Loss: 0.011913355439901352
Step: 2351104	Mean reward: 20.71875	 Loss: 0.018767807632684708
Step: 2359296	Mean reward: 21.0625	 Loss: -0.02912725880742073
Step: 2367488	Mean reward: 19.0	 Loss: -0.028610877692699432
Step: 2375680	Mean reward: 19.03125	 Loss: 0.008656238205730915
Step: 2383872	Mean reward: 17.5	 Loss: -0.001201610080897808
Step: 2392064	Mean reward: 19.34375	 Loss: 0.01084422878921032
Step: 2400256	Mean reward: 19.78125	 Loss: 0.06427626311779022
Step: 2408448	Mean reward: 20.25	 Loss: 0.03406178951263428
Step: 2416640	Mean reward: 19.75	 Loss: -0.011493361555039883
Step: 2424832	Mean reward: 19.4375	 Loss: 0.023613249883055687
Step: 2433024	Mean reward: 19.25	 Loss: 0.04927855730056763
Step: 2441216	Mean reward: 20.53125	 Loss: 0.015314326621592045
Step: 2449408	Mean reward: 20.75	 Loss: 0.0026475954800844193
Step: 2457600	Mean reward: 19.5	 Loss: -0.0570547841489315
Step: 2465792	Mean reward: 18.34375	 Loss: 0.054201334714889526
Step: 2473984	Mean reward: 19.1875	 Loss: -0.11282240599393845
Step: 2482176	Mean reward: 18.59375	 Loss: -0.08422701805830002
Step: 2490368	Mean reward: 18.28125	 Loss: 0.0035157017409801483
Step: 2498560	Mean reward: 18.5	 Loss: -0.01672711968421936
Step: 2506752	Mean reward: 19.875	 Loss: -0.0376669242978096
Step: 2514944	Mean reward: 21.1875	 Loss: 0.002017226070165634
Step: 2523136	Mean reward: 18.0625	 Loss: -0.020113177597522736
Step: 2531328	Mean reward: 19.65625	 Loss: -0.11315935105085373
Step: 2539520	Mean reward: 19.40625	 Loss: 0.03762775659561157
Step: 2547712	Mean reward: 18.40625	 Loss: 0.02722686156630516
Step: 2555904	Mean reward: 20.15625	 Loss: 0.046591125428676605
Step: 2564096	Mean reward: 19.34375	 Loss: -0.03522154688835144
Step: 2572288	Mean reward: 18.9375	 Loss: -0.027555447071790695
Step: 2580480	Mean reward: 19.59375	 Loss: 0.03141344338655472
Step: 2588672	Mean reward: 19.375	 Loss: 0.0071282777935266495
Step: 2596864	Mean reward: 19.3125	 Loss: 0.07301851361989975
Step: 2605056	Mean reward: 19.6875	 Loss: -0.10664313286542892
Step: 2613248	Mean reward: 18.0	 Loss: 0.026668736711144447
Step: 2621440	Mean reward: 18.9375	 Loss: 0.01807883009314537
Step: 2629632	Mean reward: 20.0625	 Loss: 0.00015438813716173172
Step: 2637824	Mean reward: 19.875	 Loss: 0.07452652603387833
Step: 2646016	Mean reward: 20.25	 Loss: 0.00024059507995843887
Step: 2654208	Mean reward: 19.65625	 Loss: -0.007663270458579063
Step: 2662400	Mean reward: 19.125	 Loss: -0.012131338939070702
Step: 2670592	Mean reward: 21.34375	 Loss: 0.0933171808719635
Step: 2678784	Mean reward: 20.78125	 Loss: -0.02491826005280018
Step: 2686976	Mean reward: 19.09375	 Loss: 0.048903197050094604
Step: 2695168	Mean reward: 19.34375	 Loss: 0.010106292553246021
Step: 2703360	Mean reward: 18.5625	 Loss: -0.0368829146027565
Step: 2711552	Mean reward: 19.75	 Loss: -0.010540642775595188
Step: 2719744	Mean reward: 20.0	 Loss: -0.028979524970054626
Step: 2727936	Mean reward: 19.9375	 Loss: 0.02996312826871872
Step: 2736128	Mean reward: 19.25	 Loss: -0.07520795613527298
Step: 2744320	Mean reward: 19.84375	 Loss: -0.02912401780486107
Step: 2752512	Mean reward: 21.15625	 Loss: -0.036480627954006195
Step: 2760704	Mean reward: 18.5625	 Loss: 0.058016858994960785
Step: 2768896	Mean reward: 20.84375	 Loss: 0.04116017743945122
Step: 2777088	Mean reward: 20.0	 Loss: -0.027720630168914795
Step: 2785280	Mean reward: 19.5	 Loss: -0.049390580505132675
Step: 2793472	Mean reward: 21.1875	 Loss: 0.03877754509449005
Step: 2801664	Mean reward: 21.34375	 Loss: 0.02565031126141548
Step: 2809856	Mean reward: 18.0625	 Loss: 0.06964342296123505
Step: 2818048	Mean reward: 22.09375	 Loss: -0.039462000131607056
Step: 2826240	Mean reward: 20.40625	 Loss: 0.007219085469841957
Step: 2834432	Mean reward: 21.84375	 Loss: -0.0187113918364048
Step: 2842624	Mean reward: 21.375	 Loss: -0.0018053911626338959
Step: 2850816	Mean reward: 19.8125	 Loss: -0.0027155010029673576
Step: 2859008	Mean reward: 18.9375	 Loss: -0.1134808287024498
Step: 2867200	Mean reward: 19.96875	 Loss: 0.03895337134599686
Step: 2875392	Mean reward: 20.34375	 Loss: 0.03308253362774849
Step: 2883584	Mean reward: 20.25	 Loss: -0.0321926474571228
Step: 2891776	Mean reward: 20.34375	 Loss: 0.0623016282916069
Step: 2899968	Mean reward: 20.1875	 Loss: 0.003816455602645874
Step: 2908160	Mean reward: 18.78125	 Loss: 0.023546133190393448
Step: 2916352	Mean reward: 21.1875	 Loss: -0.03136847913265228
Step: 2924544	Mean reward: 22.0625	 Loss: 0.02040162682533264
Step: 2932736	Mean reward: 20.71875	 Loss: 0.011401698924601078
Step: 2940928	Mean reward: 18.625	 Loss: 0.02477293461561203
Step: 2949120	Mean reward: 22.875	 Loss: 0.0182174202054739
Step: 2957312	Mean reward: 19.375	 Loss: -0.0007202178239822388
Step: 2965504	Mean reward: 19.625	 Loss: -0.009523522108793259
Step: 2973696	Mean reward: 20.0625	 Loss: 0.08301575481891632
Step: 2981888	Mean reward: 20.6875	 Loss: -0.002680164761841297
Step: 2990080	Mean reward: 20.34375	 Loss: -0.03280743211507797
Step: 2998272	Mean reward: 22.03125	 Loss: 0.05561649054288864
Step: 3006464	Mean reward: 21.84375	 Loss: 0.016170240938663483
Completed training at 2021-12-07 13:48:36
Observation space: Box([[[0. 0. 0. ... 0. 0. 0.]
  [0. 0. 0. ... 0. 0. 0.]
  [0. 0. 0. ... 0. 0. 0.]
  ...
  [0. 0. 0. ... 0. 0. 0.]
  [0. 0. 0. ... 0. 0. 0.]
  [0. 0. 0. ... 0. 0. 0.]]

 [[0. 0. 0. ... 0. 0. 0.]
  [0. 0. 0. ... 0. 0. 0.]
  [0. 0. 0. ... 0. 0. 0.]
  ...
  [0. 0. 0. ... 0. 0. 0.]
  [0. 0. 0. ... 0. 0. 0.]
  [0. 0. 0. ... 0. 0. 0.]]

 [[0. 0. 0. ... 0. 0. 0.]
  [0. 0. 0. ... 0. 0. 0.]
  [0. 0. 0. ... 0. 0. 0.]
  ...
  [0. 0. 0. ... 0. 0. 0.]
  [0. 0. 0. ... 0. 0. 0.]
  [0. 0. 0. ... 0. 0. 0.]]], [[[1. 1. 1. ... 1. 1. 1.]
  [1. 1. 1. ... 1. 1. 1.]
  [1. 1. 1. ... 1. 1. 1.]
  ...
  [1. 1. 1. ... 1. 1. 1.]
  [1. 1. 1. ... 1. 1. 1.]
  [1. 1. 1. ... 1. 1. 1.]]

 [[1. 1. 1. ... 1. 1. 1.]
  [1. 1. 1. ... 1. 1. 1.]
  [1. 1. 1. ... 1. 1. 1.]
  ...
  [1. 1. 1. ... 1. 1. 1.]
  [1. 1. 1. ... 1. 1. 1.]
  [1. 1. 1. ... 1. 1. 1.]]

 [[1. 1. 1. ... 1. 1. 1.]
  [1. 1. 1. ... 1. 1. 1.]
  [1. 1. 1. ... 1. 1. 1.]
  ...
  [1. 1. 1. ... 1. 1. 1.]
  [1. 1. 1. ... 1. 1. 1.]
  [1. 1. 1. ... 1. 1. 1.]]], (3, 64, 64), float32)
Action space: 15
Step: 8192	Mean reward: 4.21875	 Loss: 0.42699718475341797
Step: 16384	Mean reward: 4.28125	 Loss: 0.07620753347873688
Step: 24576	Mean reward: 4.75	 Loss: 0.08633898198604584
Step: 32768	Mean reward: 5.15625	 Loss: 0.06185778230428696
Step: 40960	Mean reward: 6.375	 Loss: -0.014851918444037437
Step: 49152	Mean reward: 7.5	 Loss: 0.0560629740357399
Step: 57344	Mean reward: 6.28125	 Loss: 0.047934114933013916
Step: 65536	Mean reward: 8.65625	 Loss: 0.10022367537021637
Step: 73728	Mean reward: 6.625	 Loss: 0.13548366725444794
Step: 81920	Mean reward: 7.875	 Loss: 0.0301999319344759
Step: 90112	Mean reward: 8.6875	 Loss: 0.007965773344039917
Step: 98304	Mean reward: 8.46875	 Loss: 0.1129390150308609
Step: 106496	Mean reward: 9.5625	 Loss: 0.09192567318677902
Step: 114688	Mean reward: 10.125	 Loss: 0.085746169090271
Step: 122880	Mean reward: 11.03125	 Loss: 0.13342654705047607
Step: 131072	Mean reward: 9.84375	 Loss: 0.0596342533826828
Step: 139264	Mean reward: 12.0	 Loss: 0.047546014189720154
Step: 147456	Mean reward: 11.125	 Loss: 0.1474333554506302
Step: 155648	Mean reward: 12.0	 Loss: 0.02636994607746601
Step: 163840	Mean reward: 12.84375	 Loss: 0.048298634588718414
Step: 172032	Mean reward: 11.875	 Loss: 0.04470193758606911
Step: 180224	Mean reward: 15.0625	 Loss: 0.13916094601154327
Step: 188416	Mean reward: 14.46875	 Loss: 0.0504833459854126
Step: 196608	Mean reward: 14.21875	 Loss: 0.09770428389310837
Step: 204800	Mean reward: 13.59375	 Loss: 0.06285704672336578
Step: 212992	Mean reward: 13.96875	 Loss: -0.03693468123674393
Step: 221184	Mean reward: 14.0	 Loss: 0.04563933238387108
Step: 229376	Mean reward: 12.65625	 Loss: 0.022593189030885696
Step: 237568	Mean reward: 15.4375	 Loss: 0.04713323712348938
Step: 245760	Mean reward: 15.4375	 Loss: 0.04292840510606766
Step: 253952	Mean reward: 15.6875	 Loss: 0.07795902341604233
Step: 262144	Mean reward: 14.21875	 Loss: 0.017573298886418343
Step: 270336	Mean reward: 14.96875	 Loss: -0.015531199052929878
Step: 278528	Mean reward: 15.5	 Loss: 0.022146593779325485
Step: 286720	Mean reward: 14.0	 Loss: 0.02522379718720913
Step: 294912	Mean reward: 16.375	 Loss: -0.04668959230184555
Step: 303104	Mean reward: 16.53125	 Loss: 0.02988344430923462
Step: 311296	Mean reward: 17.6875	 Loss: 0.11927932500839233
Step: 319488	Mean reward: 15.96875	 Loss: 0.020388832315802574
Step: 327680	Mean reward: 14.78125	 Loss: 0.040494825690984726
Step: 335872	Mean reward: 15.09375	 Loss: -0.042451731860637665
Step: 344064	Mean reward: 16.3125	 Loss: 0.02046467550098896
Step: 352256	Mean reward: 16.9375	 Loss: 0.08382664620876312
Step: 360448	Mean reward: 16.96875	 Loss: -0.01657305844128132
Step: 368640	Mean reward: 17.8125	 Loss: 0.03626149892807007
Step: 376832	Mean reward: 18.0	 Loss: 0.05475924536585808
Step: 385024	Mean reward: 15.4375	 Loss: -0.015946630388498306
Step: 393216	Mean reward: 17.71875	 Loss: 0.06966328620910645
Step: 401408	Mean reward: 17.25	 Loss: 0.029066113755106926
Step: 409600	Mean reward: 17.96875	 Loss: 0.016117727383971214
Step: 417792	Mean reward: 17.71875	 Loss: -0.036569591611623764
Step: 425984	Mean reward: 17.6875	 Loss: -0.003577040508389473
Step: 434176	Mean reward: 16.0	 Loss: 0.03784828633069992
Step: 442368	Mean reward: 18.0	 Loss: 0.05692677199840546
Step: 450560	Mean reward: 19.84375	 Loss: -0.060574859380722046
Step: 458752	Mean reward: 18.625	 Loss: 0.056885167956352234
Step: 466944	Mean reward: 19.96875	 Loss: 0.014692356809973717
Step: 475136	Mean reward: 17.375	 Loss: 0.006022460758686066
Step: 483328	Mean reward: 19.6875	 Loss: -0.0058950260281562805
Step: 491520	Mean reward: 18.40625	 Loss: 0.010469505563378334
Step: 499712	Mean reward: 20.125	 Loss: 0.007463380694389343
Step: 507904	Mean reward: 18.28125	 Loss: 0.04628241807222366
Step: 516096	Mean reward: 20.375	 Loss: 0.10552959889173508
Step: 524288	Mean reward: 20.0	 Loss: -0.07368993014097214
Step: 532480	Mean reward: 19.3125	 Loss: -0.021596012637019157
Step: 540672	Mean reward: 21.1875	 Loss: 0.0005874857306480408
Step: 548864	Mean reward: 19.53125	 Loss: -0.03641363978385925
Step: 557056	Mean reward: 19.59375	 Loss: -0.1091834306716919
Step: 565248	Mean reward: 20.40625	 Loss: 0.03304648399353027
Step: 573440	Mean reward: 19.0	 Loss: 0.046156637370586395
Step: 581632	Mean reward: 19.5	 Loss: -0.01918785646557808
Step: 589824	Mean reward: 20.34375	 Loss: 0.03769432380795479
Step: 598016	Mean reward: 19.40625	 Loss: -0.015153348445892334
Step: 606208	Mean reward: 19.5625	 Loss: 0.022425716742873192
Step: 614400	Mean reward: 19.25	 Loss: 0.014111731201410294
Step: 622592	Mean reward: 19.125	 Loss: -0.02869597263634205
Step: 630784	Mean reward: 20.0625	 Loss: 0.03263634443283081
Step: 638976	Mean reward: 20.15625	 Loss: 0.03191308304667473
Step: 647168	Mean reward: 20.5	 Loss: 0.02375638484954834
Step: 655360	Mean reward: 20.4375	 Loss: 0.009336913004517555
Step: 663552	Mean reward: 19.75	 Loss: 0.07645080238580704
Step: 671744	Mean reward: 19.34375	 Loss: 0.03168871998786926
Step: 679936	Mean reward: 19.40625	 Loss: -0.025179125368595123
Step: 688128	Mean reward: 19.09375	 Loss: 0.09177836775779724
Step: 696320	Mean reward: 20.125	 Loss: 0.05155569687485695
Step: 704512	Mean reward: 18.59375	 Loss: 0.007973473519086838
Step: 712704	Mean reward: 21.46875	 Loss: 0.07334476709365845
Step: 720896	Mean reward: 19.71875	 Loss: 0.0012279544025659561
Step: 729088	Mean reward: 21.21875	 Loss: -0.0015020184218883514
Step: 737280	Mean reward: 20.1875	 Loss: 0.031968049705028534
Step: 745472	Mean reward: 21.09375	 Loss: -0.03354034572839737
Step: 753664	Mean reward: 18.71875	 Loss: -0.001560823991894722
Step: 761856	Mean reward: 17.34375	 Loss: 0.06571698188781738
Step: 770048	Mean reward: 18.1875	 Loss: 0.0033326204866170883
Step: 778240	Mean reward: 20.46875	 Loss: 0.09446603059768677
Step: 786432	Mean reward: 20.4375	 Loss: -0.012760283425450325
Step: 794624	Mean reward: 19.3125	 Loss: -0.01636352390050888
Step: 802816	Mean reward: 19.125	 Loss: -0.017115747556090355
Step: 811008	Mean reward: 21.5	 Loss: -0.08753840625286102
Step: 819200	Mean reward: 19.1875	 Loss: -0.022458558902144432
Step: 827392	Mean reward: 19.4375	 Loss: 0.016377609223127365
Step: 835584	Mean reward: 19.84375	 Loss: 0.04816731438040733
Step: 843776	Mean reward: 19.71875	 Loss: -0.07854555547237396
Step: 851968	Mean reward: 19.6875	 Loss: -0.007147803902626038
Step: 860160	Mean reward: 20.65625	 Loss: -0.11084366589784622
Step: 868352	Mean reward: 21.09375	 Loss: -0.02519042044878006
Step: 876544	Mean reward: 20.6875	 Loss: 0.046783365309238434
Step: 884736	Mean reward: 21.3125	 Loss: 0.008753566071391106
Step: 892928	Mean reward: 23.125	 Loss: -0.0011203605681657791
Step: 901120	Mean reward: 21.15625	 Loss: 0.039437808096408844
Step: 909312	Mean reward: 20.1875	 Loss: 0.07927583903074265
Step: 917504	Mean reward: 21.03125	 Loss: -0.019273189827799797
Step: 925696	Mean reward: 21.0	 Loss: -0.01409795880317688
Step: 933888	Mean reward: 19.46875	 Loss: -0.04872598499059677
Step: 942080	Mean reward: 20.65625	 Loss: 0.01746385544538498
Step: 950272	Mean reward: 19.90625	 Loss: -0.05281522870063782
Step: 958464	Mean reward: 21.53125	 Loss: 0.05374261736869812
Step: 966656	Mean reward: 21.0	 Loss: -0.004930917173624039
Step: 974848	Mean reward: 19.46875	 Loss: -0.023440776392817497
Step: 983040	Mean reward: 20.96875	 Loss: 0.04141045734286308
Step: 991232	Mean reward: 21.3125	 Loss: -0.012801894918084145
Step: 999424	Mean reward: 19.3125	 Loss: 0.008202368393540382
Step: 1007616	Mean reward: 21.4375	 Loss: -0.007856868207454681
Step: 1015808	Mean reward: 20.0625	 Loss: 0.023764807730913162
Step: 1024000	Mean reward: 21.25	 Loss: -0.011305134743452072
Step: 1032192	Mean reward: 21.15625	 Loss: 0.005935065448284149
Step: 1040384	Mean reward: 19.25	 Loss: -0.015425950288772583
Step: 1048576	Mean reward: 20.5	 Loss: 0.044753849506378174
Step: 1056768	Mean reward: 20.875	 Loss: -0.005202537402510643
Step: 1064960	Mean reward: 20.03125	 Loss: 0.05328885093331337
Step: 1073152	Mean reward: 22.8125	 Loss: -0.02574056014418602
Step: 1081344	Mean reward: 23.1875	 Loss: -0.06876131892204285
Step: 1089536	Mean reward: 19.34375	 Loss: -0.025425143539905548
Step: 1097728	Mean reward: 23.71875	 Loss: -0.10659097135066986
Step: 1105920	Mean reward: 22.53125	 Loss: 0.028019802644848824
Step: 1114112	Mean reward: 21.03125	 Loss: -0.026612913236021996
Step: 1122304	Mean reward: 23.0	 Loss: -0.057647861540317535
Step: 1130496	Mean reward: 21.46875	 Loss: -0.06170542538166046
Step: 1138688	Mean reward: 21.9375	 Loss: -0.009744665585458279
Step: 1146880	Mean reward: 22.71875	 Loss: -0.10731944441795349
Step: 1155072	Mean reward: 20.5625	 Loss: -0.02394348569214344
Step: 1163264	Mean reward: 21.5625	 Loss: 0.00376259908080101
Step: 1171456	Mean reward: 20.8125	 Loss: -0.011901279911398888
Step: 1179648	Mean reward: 20.6875	 Loss: 0.048562340438365936
Step: 1187840	Mean reward: 22.28125	 Loss: -0.03824535757303238
Step: 1196032	Mean reward: 21.375	 Loss: -0.08297701925039291
Step: 1204224	Mean reward: 20.5	 Loss: -0.058935366570949554
Step: 1212416	Mean reward: 21.125	 Loss: -0.02333926036953926
Step: 1220608	Mean reward: 20.15625	 Loss: 0.07237483561038971
Step: 1228800	Mean reward: 20.03125	 Loss: 0.04526393860578537
Step: 1236992	Mean reward: 20.53125	 Loss: -0.00404740683734417
Step: 1245184	Mean reward: 21.84375	 Loss: 0.02228359505534172
Step: 1253376	Mean reward: 20.625	 Loss: 0.001071755774319172
Step: 1261568	Mean reward: 21.71875	 Loss: 0.05578061193227768
Step: 1269760	Mean reward: 21.4375	 Loss: 0.03805985674262047
Step: 1277952	Mean reward: 19.59375	 Loss: -0.0014469493180513382
Step: 1286144	Mean reward: 21.03125	 Loss: 0.007280964404344559
Step: 1294336	Mean reward: 19.9375	 Loss: -0.07897979021072388
Step: 1302528	Mean reward: 21.1875	 Loss: 0.020664922893047333
Step: 1310720	Mean reward: 22.375	 Loss: -0.06238071620464325
Step: 1318912	Mean reward: 19.4375	 Loss: 0.009268369525671005
Step: 1327104	Mean reward: 21.25	 Loss: -0.05043511092662811
Step: 1335296	Mean reward: 21.09375	 Loss: -0.0528823658823967
Step: 1343488	Mean reward: 21.90625	 Loss: -0.0348343662917614
Step: 1351680	Mean reward: 22.4375	 Loss: 0.03496304899454117
Step: 1359872	Mean reward: 20.46875	 Loss: -0.0004895254969596863
Step: 1368064	Mean reward: 20.1875	 Loss: -0.06033555418252945
Step: 1376256	Mean reward: 21.65625	 Loss: -0.034194864332675934
Step: 1384448	Mean reward: 20.5625	 Loss: 0.0036011189222335815
Step: 1392640	Mean reward: 21.46875	 Loss: 0.06212393566966057
Step: 1400832	Mean reward: 21.8125	 Loss: -0.07479818910360336
Step: 1409024	Mean reward: 21.34375	 Loss: 0.030649913474917412
Step: 1417216	Mean reward: 22.375	 Loss: -0.06918764114379883
Step: 1425408	Mean reward: 21.71875	 Loss: 0.0029268376529216766
Step: 1433600	Mean reward: 22.0625	 Loss: -0.04044574499130249
Step: 1441792	Mean reward: 21.53125	 Loss: -0.03833075985312462
Step: 1449984	Mean reward: 22.0625	 Loss: 0.01447154488414526
Step: 1458176	Mean reward: 20.84375	 Loss: 0.003862825222313404
Step: 1466368	Mean reward: 20.0	 Loss: 0.05995035544037819
Step: 1474560	Mean reward: 21.28125	 Loss: -0.02177482470870018
Step: 1482752	Mean reward: 21.40625	 Loss: -0.00974178034812212
Step: 1490944	Mean reward: 21.15625	 Loss: 0.00494243111461401
Step: 1499136	Mean reward: 21.3125	 Loss: 0.010039226152002811
Step: 1507328	Mean reward: 22.03125	 Loss: 0.01747947931289673
Step: 1515520	Mean reward: 20.46875	 Loss: 0.003170982003211975
Step: 1523712	Mean reward: 21.71875	 Loss: 0.05114214867353439
Step: 1531904	Mean reward: 22.34375	 Loss: -0.041212912648916245
Step: 1540096	Mean reward: 19.71875	 Loss: -0.013690209947526455
Step: 1548288	Mean reward: 21.71875	 Loss: -0.031673312187194824
Step: 1556480	Mean reward: 22.40625	 Loss: 0.02399119734764099
Step: 1564672	Mean reward: 21.4375	 Loss: -0.06582096219062805
Step: 1572864	Mean reward: 22.625	 Loss: -0.07932606339454651
Step: 1581056	Mean reward: 20.6875	 Loss: 0.038420144468545914
Step: 1589248	Mean reward: 22.75	 Loss: 0.027974287047982216
Step: 1597440	Mean reward: 21.96875	 Loss: 0.08616062253713608
Step: 1605632	Mean reward: 22.53125	 Loss: -0.049978744238615036
Step: 1613824	Mean reward: 22.65625	 Loss: 0.009609167464077473
Step: 1622016	Mean reward: 21.34375	 Loss: 0.022365756332874298
Step: 1630208	Mean reward: 22.90625	 Loss: 0.0038728490471839905
Step: 1638400	Mean reward: 21.59375	 Loss: 0.014456171542406082
Step: 1646592	Mean reward: 21.96875	 Loss: 0.024253733456134796
Step: 1654784	Mean reward: 21.4375	 Loss: -0.0691620260477066
Step: 1662976	Mean reward: 22.34375	 Loss: -0.0030774427577853203
Step: 1671168	Mean reward: 22.84375	 Loss: -0.0300282035022974
Step: 1679360	Mean reward: 22.6875	 Loss: 0.03289275988936424
Step: 1687552	Mean reward: 23.34375	 Loss: -0.07165348529815674
Step: 1695744	Mean reward: 21.3125	 Loss: -0.017435744404792786
Step: 1703936	Mean reward: 20.9375	 Loss: -0.06451592594385147
Step: 1712128	Mean reward: 22.90625	 Loss: -0.03697334975004196
Step: 1720320	Mean reward: 23.1875	 Loss: -0.028714444488286972
Step: 1728512	Mean reward: 22.0	 Loss: -0.009470680728554726
Step: 1736704	Mean reward: 20.90625	 Loss: -0.030550513416528702
Step: 1744896	Mean reward: 20.125	 Loss: -0.08981695026159286
Step: 1753088	Mean reward: 21.09375	 Loss: 0.1229003295302391
Step: 1761280	Mean reward: 22.0625	 Loss: 0.016176516190171242
Step: 1769472	Mean reward: 22.59375	 Loss: -0.07699808478355408
Step: 1777664	Mean reward: 22.1875	 Loss: -0.03839018940925598
Step: 1785856	Mean reward: 23.1875	 Loss: 0.015546933747828007
Step: 1794048	Mean reward: 21.78125	 Loss: -0.012371587567031384
Step: 1802240	Mean reward: 21.1875	 Loss: -0.030902238562703133
Step: 1810432	Mean reward: 21.375	 Loss: 0.045396752655506134
Step: 1818624	Mean reward: 21.625	 Loss: -0.010586231015622616
Step: 1826816	Mean reward: 23.1875	 Loss: -0.04052213951945305
Step: 1835008	Mean reward: 23.65625	 Loss: -0.019909555092453957
Step: 1843200	Mean reward: 21.59375	 Loss: -0.0439005009829998
Step: 1851392	Mean reward: 22.8125	 Loss: -0.08367494493722916
Step: 1859584	Mean reward: 23.4375	 Loss: -0.01855773851275444
Step: 1867776	Mean reward: 20.46875	 Loss: -0.004935687407851219
Step: 1875968	Mean reward: 21.65625	 Loss: -0.003686152398586273
Step: 1884160	Mean reward: 23.46875	 Loss: 0.042801957577466965
Step: 1892352	Mean reward: 22.09375	 Loss: -0.07987837493419647
Step: 1900544	Mean reward: 21.84375	 Loss: 0.04517478495836258
Step: 1908736	Mean reward: 22.28125	 Loss: -0.04075246676802635
Step: 1916928	Mean reward: 22.0625	 Loss: -0.005926326848566532
Step: 1925120	Mean reward: 22.6875	 Loss: 0.07611000537872314
Step: 1933312	Mean reward: 24.375	 Loss: -0.018139105290174484
Step: 1941504	Mean reward: 22.625	 Loss: -0.027998287230730057
Step: 1949696	Mean reward: 20.75	 Loss: -0.004243355244398117
Step: 1957888	Mean reward: 21.5	 Loss: 0.022191772237420082
Step: 1966080	Mean reward: 22.875	 Loss: 0.0005601430311799049
Step: 1974272	Mean reward: 21.0625	 Loss: -0.007019215263426304
Step: 1982464	Mean reward: 23.0625	 Loss: -0.026905253529548645
Step: 1990656	Mean reward: 21.5	 Loss: -0.029087690636515617
Step: 1998848	Mean reward: 23.1875	 Loss: -0.12799657881259918
Step: 2007040	Mean reward: 23.34375	 Loss: -0.0726880356669426
Step: 2015232	Mean reward: 22.4375	 Loss: -0.018949737772345543
Step: 2023424	Mean reward: 23.53125	 Loss: -0.04535508155822754
Step: 2031616	Mean reward: 22.1875	 Loss: -0.0015950053930282593
Step: 2039808	Mean reward: 22.875	 Loss: -0.08734286576509476
Step: 2048000	Mean reward: 23.625	 Loss: -0.014762583188712597
Step: 2056192	Mean reward: 22.84375	 Loss: -0.04238321632146835
Step: 2064384	Mean reward: 23.21875	 Loss: 0.059484921395778656
Step: 2072576	Mean reward: 22.3125	 Loss: -0.014785156585276127
Step: 2080768	Mean reward: 22.5625	 Loss: 0.010698232799768448
Step: 2088960	Mean reward: 21.09375	 Loss: -0.021587487310171127
Step: 2097152	Mean reward: 21.625	 Loss: -0.12561872601509094
Step: 2105344	Mean reward: 23.1875	 Loss: -0.020685948431491852
Step: 2113536	Mean reward: 22.03125	 Loss: -0.007931288331747055
Step: 2121728	Mean reward: 22.5	 Loss: 0.012494480237364769
Step: 2129920	Mean reward: 22.40625	 Loss: 0.029697228223085403
Step: 2138112	Mean reward: 21.3125	 Loss: -0.017176855355501175
Step: 2146304	Mean reward: 21.75	 Loss: 0.010966953821480274
Step: 2154496	Mean reward: 23.71875	 Loss: 0.0009729452431201935
Step: 2162688	Mean reward: 20.96875	 Loss: -0.10141526907682419
Step: 2170880	Mean reward: 23.34375	 Loss: -0.03103570267558098
Step: 2179072	Mean reward: 21.59375	 Loss: 0.019432485103607178
Step: 2187264	Mean reward: 22.4375	 Loss: -0.031034279614686966
Step: 2195456	Mean reward: 23.1875	 Loss: -0.024685446172952652
Step: 2203648	Mean reward: 21.65625	 Loss: -0.017198070883750916
Step: 2211840	Mean reward: 23.375	 Loss: 0.05088883638381958
Step: 2220032	Mean reward: 21.375	 Loss: 0.007440340705215931
Step: 2228224	Mean reward: 22.28125	 Loss: 0.05287449434399605
Step: 2236416	Mean reward: 22.28125	 Loss: -0.03180735930800438
Step: 2244608	Mean reward: 22.75	 Loss: 0.0618678480386734
Step: 2252800	Mean reward: 21.8125	 Loss: 0.01992182433605194
Step: 2260992	Mean reward: 20.28125	 Loss: -0.08008161187171936
Step: 2269184	Mean reward: 23.34375	 Loss: 0.02134518325328827
Step: 2277376	Mean reward: 22.34375	 Loss: 0.009019637480378151
Step: 2285568	Mean reward: 22.40625	 Loss: -0.041146256029605865
Step: 2293760	Mean reward: 22.75	 Loss: -0.029690641909837723
Step: 2301952	Mean reward: 22.25	 Loss: -0.060538116842508316
Step: 2310144	Mean reward: 22.28125	 Loss: 0.05613910034298897
Step: 2318336	Mean reward: 22.90625	 Loss: -0.05876890942454338
Step: 2326528	Mean reward: 22.4375	 Loss: -0.03192482516169548
Step: 2334720	Mean reward: 22.1875	 Loss: -0.07877296954393387
Step: 2342912	Mean reward: 21.3125	 Loss: 0.01701168343424797
Step: 2351104	Mean reward: 22.71875	 Loss: -0.08823946118354797
Step: 2359296	Mean reward: 21.59375	 Loss: 0.02273016795516014
Step: 2367488	Mean reward: 22.625	 Loss: -0.01538380142301321
Step: 2375680	Mean reward: 22.5	 Loss: -0.02090129628777504
Step: 2383872	Mean reward: 22.78125	 Loss: 0.02121889218688011
Step: 2392064	Mean reward: 23.09375	 Loss: 0.0109876012429595
Step: 2400256	Mean reward: 21.65625	 Loss: 0.06686506420373917
Step: 2408448	Mean reward: 24.0625	 Loss: -0.012555856257677078
Step: 2416640	Mean reward: 21.90625	 Loss: -0.04842031002044678
Step: 2424832	Mean reward: 23.375	 Loss: -0.04667533189058304
Step: 2433024	Mean reward: 21.1875	 Loss: -0.005404583178460598
Step: 2441216	Mean reward: 21.84375	 Loss: -0.05228530988097191
Step: 2449408	Mean reward: 20.125	 Loss: -0.0062612127512693405
Step: 2457600	Mean reward: 23.15625	 Loss: 0.0333351194858551
Step: 2465792	Mean reward: 23.3125	 Loss: -0.05412733927369118
Step: 2473984	Mean reward: 22.96875	 Loss: -0.0641026645898819
Step: 2482176	Mean reward: 22.09375	 Loss: -0.09414277225732803
Step: 2490368	Mean reward: 23.9375	 Loss: -0.04894446209073067
Step: 2498560	Mean reward: 23.1875	 Loss: 0.018765775486826897
Step: 2506752	Mean reward: 22.125	 Loss: -0.04703649505972862
Step: 2514944	Mean reward: 23.84375	 Loss: -0.057228945195674896
Step: 2523136	Mean reward: 21.28125	 Loss: 0.051791559904813766
Step: 2531328	Mean reward: 22.21875	 Loss: 0.03215057775378227
Step: 2539520	Mean reward: 23.90625	 Loss: -0.02895398437976837
Step: 2547712	Mean reward: 22.28125	 Loss: -0.037708014249801636
Step: 2555904	Mean reward: 23.28125	 Loss: 0.00357217900454998
Step: 2564096	Mean reward: 22.625	 Loss: 0.020215949043631554
Step: 2572288	Mean reward: 23.59375	 Loss: -0.04858279973268509
Step: 2580480	Mean reward: 22.125	 Loss: 0.023477625101804733
Step: 2588672	Mean reward: 21.84375	 Loss: -0.02232273481786251
Step: 2596864	Mean reward: 20.65625	 Loss: -0.044324494898319244
Step: 2605056	Mean reward: 23.0625	 Loss: 0.028427353128790855
Step: 2613248	Mean reward: 21.46875	 Loss: -0.07385065406560898
Step: 2621440	Mean reward: 21.90625	 Loss: -0.017750296741724014
Step: 2629632	Mean reward: 22.59375	 Loss: 0.07086119055747986
Step: 2637824	Mean reward: 22.4375	 Loss: 0.03973286598920822
Step: 2646016	Mean reward: 23.5	 Loss: 0.000978562980890274
Step: 2654208	Mean reward: 23.125	 Loss: -0.050613220781087875
Step: 2662400	Mean reward: 23.15625	 Loss: -0.08820812404155731
Step: 2670592	Mean reward: 22.0625	 Loss: 0.01215415820479393
Step: 2678784	Mean reward: 23.3125	 Loss: -0.08958043158054352
Step: 2686976	Mean reward: 23.6875	 Loss: -0.012484622187912464
Step: 2695168	Mean reward: 23.40625	 Loss: 0.001445738598704338
Step: 2703360	Mean reward: 23.0	 Loss: 0.010677359998226166
Step: 2711552	Mean reward: 22.21875	 Loss: 0.020151466131210327
Step: 2719744	Mean reward: 23.03125	 Loss: -0.012485280632972717
Step: 2727936	Mean reward: 22.5	 Loss: -0.050363168120384216
Step: 2736128	Mean reward: 21.625	 Loss: -0.048214104026556015
Step: 2744320	Mean reward: 25.15625	 Loss: -0.04301299899816513
Step: 2752512	Mean reward: 22.53125	 Loss: -0.059025853872299194
Step: 2760704	Mean reward: 23.0625	 Loss: -0.04607430845499039
Step: 2768896	Mean reward: 23.0625	 Loss: -0.022130753844976425
Step: 2777088	Mean reward: 24.3125	 Loss: -0.06858713924884796
Step: 2785280	Mean reward: 21.65625	 Loss: -0.04601450636982918
Step: 2793472	Mean reward: 21.9375	 Loss: -0.01638682745397091
Step: 2801664	Mean reward: 21.84375	 Loss: -0.03047621250152588
Step: 2809856	Mean reward: 23.28125	 Loss: -0.08435878902673721
Step: 2818048	Mean reward: 22.8125	 Loss: 0.042529042810201645
Step: 2826240	Mean reward: 22.71875	 Loss: -0.0324021615087986
Step: 2834432	Mean reward: 22.78125	 Loss: 0.036370910704135895
Step: 2842624	Mean reward: 24.90625	 Loss: 0.053980421274900436
Step: 2850816	Mean reward: 22.3125	 Loss: -0.019471250474452972
Step: 2859008	Mean reward: 22.75	 Loss: -0.0030039865523576736
Step: 2867200	Mean reward: 23.03125	 Loss: -0.15109479427337646
Step: 2875392	Mean reward: 21.5	 Loss: 0.02203347720205784
Step: 2883584	Mean reward: 24.28125	 Loss: -0.040134530514478683
Step: 2891776	Mean reward: 23.9375	 Loss: 0.011799166910350323
Step: 2899968	Mean reward: 21.375	 Loss: 0.015592305921018124
Step: 2908160	Mean reward: 22.59375	 Loss: -0.036083728075027466
Step: 2916352	Mean reward: 22.9375	 Loss: -0.035968054085969925
Step: 2924544	Mean reward: 22.0625	 Loss: 0.05683660879731178
Step: 2932736	Mean reward: 24.0625	 Loss: 0.022318638861179352
Step: 2940928	Mean reward: 23.9375	 Loss: -0.031673189252614975
Step: 2949120	Mean reward: 22.34375	 Loss: 0.002730206586420536
Step: 2957312	Mean reward: 23.15625	 Loss: 0.06732505559921265
Step: 2965504	Mean reward: 24.0625	 Loss: 0.0024396898224949837
Step: 2973696	Mean reward: 23.0	 Loss: 0.006966075859963894
Step: 2981888	Mean reward: 22.3125	 Loss: 0.010268773883581161
Step: 2990080	Mean reward: 23.0	 Loss: -0.08289982378482819
Step: 2998272	Mean reward: 23.59375	 Loss: -0.029340218752622604
Step: 3006464	Mean reward: 22.96875	 Loss: -0.03191927820444107
Completed training at 2021-12-07 15:40:18
Observation space: Box([[[0. 0. 0. ... 0. 0. 0.]
  [0. 0. 0. ... 0. 0. 0.]
  [0. 0. 0. ... 0. 0. 0.]
  ...
  [0. 0. 0. ... 0. 0. 0.]
  [0. 0. 0. ... 0. 0. 0.]
  [0. 0. 0. ... 0. 0. 0.]]

 [[0. 0. 0. ... 0. 0. 0.]
  [0. 0. 0. ... 0. 0. 0.]
  [0. 0. 0. ... 0. 0. 0.]
  ...
  [0. 0. 0. ... 0. 0. 0.]
  [0. 0. 0. ... 0. 0. 0.]
  [0. 0. 0. ... 0. 0. 0.]]

 [[0. 0. 0. ... 0. 0. 0.]
  [0. 0. 0. ... 0. 0. 0.]
  [0. 0. 0. ... 0. 0. 0.]
  ...
  [0. 0. 0. ... 0. 0. 0.]
  [0. 0. 0. ... 0. 0. 0.]
  [0. 0. 0. ... 0. 0. 0.]]], [[[1. 1. 1. ... 1. 1. 1.]
  [1. 1. 1. ... 1. 1. 1.]
  [1. 1. 1. ... 1. 1. 1.]
  ...
  [1. 1. 1. ... 1. 1. 1.]
  [1. 1. 1. ... 1. 1. 1.]
  [1. 1. 1. ... 1. 1. 1.]]

 [[1. 1. 1. ... 1. 1. 1.]
  [1. 1. 1. ... 1. 1. 1.]
  [1. 1. 1. ... 1. 1. 1.]
  ...
  [1. 1. 1. ... 1. 1. 1.]
  [1. 1. 1. ... 1. 1. 1.]
  [1. 1. 1. ... 1. 1. 1.]]

 [[1. 1. 1. ... 1. 1. 1.]
  [1. 1. 1. ... 1. 1. 1.]
  [1. 1. 1. ... 1. 1. 1.]
  ...
  [1. 1. 1. ... 1. 1. 1.]
  [1. 1. 1. ... 1. 1. 1.]
  [1. 1. 1. ... 1. 1. 1.]]], (3, 64, 64), float32)
Action space: 15
Step: 8192	Mean reward: 4.09375	 Loss: 0.528963565826416
Step: 16384	Mean reward: 4.71875	 Loss: 0.21796062588691711
Step: 24576	Mean reward: 5.65625	 Loss: 0.09953045845031738
Step: 32768	Mean reward: 5.96875	 Loss: 0.11022558063268661
Step: 40960	Mean reward: 6.34375	 Loss: 0.11827068030834198
Step: 49152	Mean reward: 6.28125	 Loss: 0.041515570133924484
Step: 57344	Mean reward: 6.875	 Loss: 0.05106472969055176
Step: 65536	Mean reward: 9.15625	 Loss: 0.10739850997924805
Step: 73728	Mean reward: 9.5625	 Loss: 0.08875615894794464
Step: 81920	Mean reward: 10.09375	 Loss: -0.013065392151474953
Step: 90112	Mean reward: 11.90625	 Loss: 0.11346648633480072
Step: 98304	Mean reward: 11.90625	 Loss: 0.10024324059486389
Step: 106496	Mean reward: 12.3125	 Loss: 0.04950759559869766
Step: 114688	Mean reward: 12.8125	 Loss: -0.009042385965585709
Step: 122880	Mean reward: 13.8125	 Loss: 0.10125584900379181
Step: 131072	Mean reward: 14.15625	 Loss: 0.03001938946545124
Step: 139264	Mean reward: 15.6875	 Loss: 0.07509453594684601
Step: 147456	Mean reward: 14.8125	 Loss: 0.038268618285655975
Step: 155648	Mean reward: 16.3125	 Loss: 0.055373042821884155
Step: 163840	Mean reward: 15.5625	 Loss: 0.13890472054481506
Step: 172032	Mean reward: 16.25	 Loss: 0.03158940002322197
Step: 180224	Mean reward: 15.21875	 Loss: 0.02154536545276642
Step: 188416	Mean reward: 17.375	 Loss: 0.02646895870566368
Step: 196608	Mean reward: 19.46875	 Loss: 0.11652330309152603
Step: 204800	Mean reward: 17.78125	 Loss: 0.02162759192287922
Step: 212992	Mean reward: 17.4375	 Loss: 0.011705363169312477
Step: 221184	Mean reward: 17.90625	 Loss: 0.052569374442100525
Step: 229376	Mean reward: 17.75	 Loss: -0.012857120484113693
Step: 237568	Mean reward: 18.0625	 Loss: -0.004169579595327377
Step: 245760	Mean reward: 17.3125	 Loss: 0.02835327573120594
Step: 253952	Mean reward: 20.625	 Loss: 0.10088047385215759
Step: 262144	Mean reward: 18.78125	 Loss: 0.057433463633060455
Step: 270336	Mean reward: 19.78125	 Loss: 0.0747450739145279
Step: 278528	Mean reward: 20.375	 Loss: -0.010713092982769012
Step: 286720	Mean reward: 19.34375	 Loss: 0.05642358213663101
Step: 294912	Mean reward: 20.65625	 Loss: 0.05666502192616463
Step: 303104	Mean reward: 19.875	 Loss: 0.0014792568981647491
Step: 311296	Mean reward: 19.40625	 Loss: -0.07422180473804474
Step: 319488	Mean reward: 21.40625	 Loss: 0.056978948414325714
Step: 327680	Mean reward: 19.46875	 Loss: 0.08531125634908676
Step: 335872	Mean reward: 19.59375	 Loss: 0.033140525221824646
Step: 344064	Mean reward: 18.09375	 Loss: -0.015355885028839111
Step: 352256	Mean reward: 19.09375	 Loss: -0.04960738867521286
Step: 360448	Mean reward: 20.0	 Loss: 0.022042158991098404
Step: 368640	Mean reward: 21.125	 Loss: 0.054886363446712494
Step: 376832	Mean reward: 20.96875	 Loss: -0.03105071932077408
Step: 385024	Mean reward: 20.59375	 Loss: 0.0024023763835430145
Step: 393216	Mean reward: 21.71875	 Loss: -0.06845761835575104
Step: 401408	Mean reward: 20.09375	 Loss: -0.04204075038433075
Step: 409600	Mean reward: 21.78125	 Loss: -0.044763319194316864
Step: 417792	Mean reward: 22.5625	 Loss: -0.005777185782790184
Step: 425984	Mean reward: 20.15625	 Loss: 0.04062698781490326
Step: 434176	Mean reward: 21.4375	 Loss: -0.021943580359220505
Step: 442368	Mean reward: 20.9375	 Loss: -0.027370112016797066
Step: 450560	Mean reward: 21.6875	 Loss: 0.01941358484327793
Step: 458752	Mean reward: 22.875	 Loss: 0.004151629284024239
Step: 466944	Mean reward: 19.75	 Loss: 0.015150431543588638
Step: 475136	Mean reward: 21.03125	 Loss: 0.015921171754598618
Step: 483328	Mean reward: 20.53125	 Loss: 0.009882071986794472
Step: 491520	Mean reward: 21.34375	 Loss: 0.05118435248732567
Step: 499712	Mean reward: 19.8125	 Loss: 0.013659901916980743
Step: 507904	Mean reward: 20.4375	 Loss: 0.05497479438781738
Step: 516096	Mean reward: 20.1875	 Loss: 0.02501802146434784
Step: 524288	Mean reward: 20.875	 Loss: -0.06468145549297333
Step: 532480	Mean reward: 21.3125	 Loss: -0.0886748731136322
Step: 540672	Mean reward: 20.84375	 Loss: -0.08665081113576889
Step: 548864	Mean reward: 21.65625	 Loss: -0.03053310699760914
Step: 557056	Mean reward: 20.75	 Loss: 0.04435408487915993
Step: 565248	Mean reward: 20.15625	 Loss: -0.06281664222478867
Step: 573440	Mean reward: 21.125	 Loss: 0.0012786481529474258
Step: 581632	Mean reward: 23.09375	 Loss: -0.007406497374176979
Step: 589824	Mean reward: 21.71875	 Loss: -0.10258957743644714
Step: 598016	Mean reward: 23.15625	 Loss: 0.11193492263555527
Step: 606208	Mean reward: 20.4375	 Loss: -0.009350093081593513
Step: 614400	Mean reward: 19.75	 Loss: -0.027630507946014404
Step: 622592	Mean reward: 23.34375	 Loss: 0.05479036271572113
Step: 630784	Mean reward: 23.03125	 Loss: -0.035477183759212494
Step: 638976	Mean reward: 21.71875	 Loss: -0.014187047258019447
Step: 647168	Mean reward: 22.15625	 Loss: 0.010557511821389198
Step: 655360	Mean reward: 21.625	 Loss: 0.049599193036556244
Step: 663552	Mean reward: 22.1875	 Loss: -0.030041035264730453
Step: 671744	Mean reward: 22.375	 Loss: -0.027493294328451157
Step: 679936	Mean reward: 24.15625	 Loss: -0.07240910828113556
Step: 688128	Mean reward: 22.59375	 Loss: -0.07631779462099075
Step: 696320	Mean reward: 23.03125	 Loss: -0.06708928197622299
Step: 704512	Mean reward: 22.65625	 Loss: 0.04756713658571243
Step: 712704	Mean reward: 21.65625	 Loss: 0.04027121514081955
Step: 720896	Mean reward: 20.46875	 Loss: 0.05623520165681839
Step: 729088	Mean reward: 22.0	 Loss: -0.03708416596055031
Step: 737280	Mean reward: 22.59375	 Loss: 0.01052812859416008
Step: 745472	Mean reward: 20.71875	 Loss: -0.005362736061215401
Step: 753664	Mean reward: 22.3125	 Loss: 0.011096179485321045
Step: 761856	Mean reward: 21.59375	 Loss: 0.033536747097969055
Step: 770048	Mean reward: 23.15625	 Loss: -0.07157199084758759
Step: 778240	Mean reward: 23.25	 Loss: -0.04045979678630829
Step: 786432	Mean reward: 21.46875	 Loss: 0.0027513429522514343
Step: 794624	Mean reward: 21.6875	 Loss: -0.06595424562692642
Step: 802816	Mean reward: 21.71875	 Loss: -0.04317697882652283
Step: 811008	Mean reward: 21.34375	 Loss: 0.14404572546482086
Step: 819200	Mean reward: 21.78125	 Loss: 0.008903998881578445
Step: 827392	Mean reward: 23.0	 Loss: -0.016509905457496643
Step: 835584	Mean reward: 22.0	 Loss: -0.06602659076452255
Step: 843776	Mean reward: 20.40625	 Loss: -0.0590285062789917
Step: 851968	Mean reward: 24.40625	 Loss: -0.0019013956189155579
Step: 860160	Mean reward: 22.125	 Loss: 0.0067086005583405495
Step: 868352	Mean reward: 21.84375	 Loss: -0.023831937462091446
Step: 876544	Mean reward: 21.90625	 Loss: -0.058921657502651215
Step: 884736	Mean reward: 23.15625	 Loss: -0.027111247181892395
Step: 892928	Mean reward: 24.0625	 Loss: -0.01473330706357956
Step: 901120	Mean reward: 24.28125	 Loss: -0.0444825142621994
Step: 909312	Mean reward: 23.53125	 Loss: 0.016778383404016495
Step: 917504	Mean reward: 22.8125	 Loss: -0.013521965593099594
Step: 925696	Mean reward: 24.09375	 Loss: -0.035369109362363815
Step: 933888	Mean reward: 24.0	 Loss: -0.013784579932689667
Step: 942080	Mean reward: 22.21875	 Loss: 0.00986957922577858
Step: 950272	Mean reward: 22.90625	 Loss: -0.04946526512503624
Step: 958464	Mean reward: 22.90625	 Loss: -0.01304269302636385
Step: 966656	Mean reward: 22.34375	 Loss: -0.04365699365735054
Step: 974848	Mean reward: 21.84375	 Loss: 0.07290368527173996
Step: 983040	Mean reward: 22.84375	 Loss: 0.03068268485367298
Step: 991232	Mean reward: 21.5625	 Loss: 0.01541910320520401
Step: 999424	Mean reward: 22.15625	 Loss: -0.005819552578032017
Step: 1007616	Mean reward: 23.40625	 Loss: -0.055402129888534546
Step: 1015808	Mean reward: 24.78125	 Loss: -0.01951676234602928
Step: 1024000	Mean reward: 23.8125	 Loss: 0.041819505393505096
Step: 1032192	Mean reward: 21.0	 Loss: 0.002726268954575062
Step: 1040384	Mean reward: 22.0	 Loss: 0.05521030351519585
Step: 1048576	Mean reward: 23.1875	 Loss: 0.004758710041642189
Step: 1056768	Mean reward: 23.53125	 Loss: -0.04194226115942001
Step: 1064960	Mean reward: 23.65625	 Loss: 0.0067308275029063225
Step: 1073152	Mean reward: 23.8125	 Loss: -0.12418422847986221
Step: 1081344	Mean reward: 25.34375	 Loss: -0.05872873216867447
Step: 1089536	Mean reward: 22.65625	 Loss: 0.004966544918715954
Step: 1097728	Mean reward: 21.25	 Loss: 0.016151759773492813
Step: 1105920	Mean reward: 23.65625	 Loss: -0.07757160067558289
Step: 1114112	Mean reward: 24.125	 Loss: 0.06854656338691711
Step: 1122304	Mean reward: 22.875	 Loss: 0.007053004577755928
Step: 1130496	Mean reward: 22.9375	 Loss: -0.09065165370702744
Step: 1138688	Mean reward: 23.96875	 Loss: -0.015287285670638084
Step: 1146880	Mean reward: 25.1875	 Loss: -0.0491848960518837
Step: 1155072	Mean reward: 23.5625	 Loss: -0.03538943827152252
Step: 1163264	Mean reward: 24.78125	 Loss: 0.034857377409935
Step: 1171456	Mean reward: 23.25	 Loss: 0.045163802802562714
Step: 1179648	Mean reward: 24.53125	 Loss: -0.050042781978845596
Step: 1187840	Mean reward: 23.5	 Loss: -0.06995633244514465
Step: 1196032	Mean reward: 22.09375	 Loss: -0.027008861303329468
Step: 1204224	Mean reward: 23.90625	 Loss: -0.003237072378396988
Step: 1212416	Mean reward: 20.96875	 Loss: 0.015336630865931511
Step: 1220608	Mean reward: 23.78125	 Loss: -0.05651453137397766
Step: 1228800	Mean reward: 21.96875	 Loss: 0.019099190831184387
Step: 1236992	Mean reward: 23.09375	 Loss: 0.010419350117444992
Step: 1245184	Mean reward: 22.15625	 Loss: -0.012747789733111858
Step: 1253376	Mean reward: 22.40625	 Loss: -0.06392832845449448
Step: 1261568	Mean reward: 22.96875	 Loss: -0.03394068405032158
Step: 1269760	Mean reward: 24.15625	 Loss: 0.040768738836050034
Step: 1277952	Mean reward: 23.5625	 Loss: 0.004569842480123043
Step: 1286144	Mean reward: 21.96875	 Loss: -0.02992432191967964
Step: 1294336	Mean reward: 22.03125	 Loss: 0.00187008548527956
Step: 1302528	Mean reward: 22.21875	 Loss: 0.04270097240805626
Step: 1310720	Mean reward: 22.40625	 Loss: -0.05207737535238266
Step: 1318912	Mean reward: 22.53125	 Loss: -0.06323152035474777
Step: 1327104	Mean reward: 20.125	 Loss: -0.004732520319521427
Step: 1335296	Mean reward: 23.34375	 Loss: -0.03012169897556305
Step: 1343488	Mean reward: 23.4375	 Loss: -0.04882238060235977
Step: 1351680	Mean reward: 21.5625	 Loss: -0.028652945533394814
Step: 1359872	Mean reward: 22.40625	 Loss: -0.019169431179761887
Step: 1368064	Mean reward: 22.125	 Loss: 0.0030248742550611496
Step: 1376256	Mean reward: 23.71875	 Loss: 0.01561677735298872
Step: 1384448	Mean reward: 22.875	 Loss: -0.03719622641801834
Step: 1392640	Mean reward: 22.125	 Loss: -0.10552603006362915
Step: 1400832	Mean reward: 23.25	 Loss: -0.05107434093952179
Step: 1409024	Mean reward: 22.875	 Loss: 0.06730151176452637
Step: 1417216	Mean reward: 24.4375	 Loss: 0.04080203175544739
Step: 1425408	Mean reward: 23.09375	 Loss: -0.0018422212451696396
Step: 1433600	Mean reward: 24.8125	 Loss: -0.008661835454404354
Step: 1441792	Mean reward: 22.625	 Loss: -0.07956571877002716
Step: 1449984	Mean reward: 26.25	 Loss: -0.08881664276123047
Step: 1458176	Mean reward: 26.1875	 Loss: 0.05656753107905388
Step: 1466368	Mean reward: 23.0	 Loss: -0.03874380141496658
Step: 1474560	Mean reward: 23.3125	 Loss: -0.031636159867048264
Step: 1482752	Mean reward: 22.75	 Loss: -0.09116050601005554
Step: 1490944	Mean reward: 25.8125	 Loss: -0.03931884840130806
Step: 1499136	Mean reward: 23.125	 Loss: -0.034836024045944214
Step: 1507328	Mean reward: 23.84375	 Loss: -0.004510929808020592
Step: 1515520	Mean reward: 25.4375	 Loss: -0.044170692563056946
Step: 1523712	Mean reward: 24.0625	 Loss: -0.032156120985746384
Step: 1531904	Mean reward: 23.59375	 Loss: -0.039439607411623
Step: 1540096	Mean reward: 22.03125	 Loss: -0.02317684516310692
Step: 1548288	Mean reward: 23.09375	 Loss: -0.03588962182402611
Step: 1556480	Mean reward: 23.28125	 Loss: -0.04506513476371765
Step: 1564672	Mean reward: 23.5	 Loss: -0.05576415732502937
Step: 1572864	Mean reward: 23.25	 Loss: 0.008556078188121319
Step: 1581056	Mean reward: 23.25	 Loss: 0.04604385048151016
Step: 1589248	Mean reward: 23.125	 Loss: 0.06873707473278046
Step: 1597440	Mean reward: 22.90625	 Loss: -0.0845501571893692
Step: 1605632	Mean reward: 21.75	 Loss: -0.027118541300296783
Step: 1613824	Mean reward: 22.125	 Loss: 0.015566698275506496
Step: 1622016	Mean reward: 22.84375	 Loss: -0.00590005237609148
Step: 1630208	Mean reward: 24.21875	 Loss: -0.0749705582857132
Step: 1638400	Mean reward: 23.5625	 Loss: -0.021385200321674347
Step: 1646592	Mean reward: 21.25	 Loss: -0.1294291913509369
Step: 1654784	Mean reward: 24.4375	 Loss: 0.00851001963019371
Step: 1662976	Mean reward: 22.9375	 Loss: 0.02045157551765442
Step: 1671168	Mean reward: 24.21875	 Loss: -0.09960313141345978
Step: 1679360	Mean reward: 23.34375	 Loss: 0.032489608973264694
Step: 1687552	Mean reward: 23.5625	 Loss: 0.020531021058559418
Step: 1695744	Mean reward: 24.90625	 Loss: -0.03299636021256447
Step: 1703936	Mean reward: 23.84375	 Loss: -0.07877995073795319
Step: 1712128	Mean reward: 23.9375	 Loss: -0.02824074774980545
Step: 1720320	Mean reward: 23.78125	 Loss: -0.014559289440512657
Step: 1728512	Mean reward: 22.5625	 Loss: 0.017987588420510292
Step: 1736704	Mean reward: 24.34375	 Loss: -0.02175293117761612
Step: 1744896	Mean reward: 23.375	 Loss: -0.031722333282232285
Step: 1753088	Mean reward: 23.25	 Loss: 0.03292699530720711
Step: 1761280	Mean reward: 23.40625	 Loss: 0.05470365285873413
Step: 1769472	Mean reward: 22.96875	 Loss: 0.01993478462100029
Step: 1777664	Mean reward: 23.78125	 Loss: 0.06621523201465607
Step: 1785856	Mean reward: 24.21875	 Loss: 0.05446610599756241
Step: 1794048	Mean reward: 21.8125	 Loss: 0.007216996513307095
Step: 1802240	Mean reward: 24.34375	 Loss: 0.060811206698417664
Step: 1810432	Mean reward: 23.53125	 Loss: -0.050105419009923935
Step: 1818624	Mean reward: 23.5	 Loss: -0.004171628504991531
Step: 1826816	Mean reward: 22.3125	 Loss: -0.06196877360343933
Step: 1835008	Mean reward: 23.78125	 Loss: 0.06484575569629669
Step: 1843200	Mean reward: 24.34375	 Loss: -0.0012722089886665344
Step: 1851392	Mean reward: 23.9375	 Loss: -0.09373604506254196
Step: 1859584	Mean reward: 22.625	 Loss: -0.008959401398897171
Step: 1867776	Mean reward: 24.125	 Loss: -0.09890293329954147
Step: 1875968	Mean reward: 23.5	 Loss: -0.023273231461644173
Step: 1884160	Mean reward: 22.8125	 Loss: -0.026062611490488052
Step: 1892352	Mean reward: 23.6875	 Loss: 0.0315157026052475
Step: 1900544	Mean reward: 23.53125	 Loss: 0.02689555287361145
Step: 1908736	Mean reward: 23.4375	 Loss: -0.024365728721022606
Step: 1916928	Mean reward: 23.375	 Loss: 0.04870009422302246
Step: 1925120	Mean reward: 22.46875	 Loss: -0.04616120457649231
Step: 1933312	Mean reward: 23.625	 Loss: -0.02759280428290367
Step: 1941504	Mean reward: 23.625	 Loss: 0.05063742399215698
Step: 1949696	Mean reward: 22.09375	 Loss: -0.09621395170688629
Step: 1957888	Mean reward: 23.78125	 Loss: -0.03831718862056732
Step: 1966080	Mean reward: 22.90625	 Loss: 0.011066349223256111
Step: 1974272	Mean reward: 23.125	 Loss: 0.031013278290629387
Step: 1982464	Mean reward: 23.4375	 Loss: 0.037557799369096756
Step: 1990656	Mean reward: 23.40625	 Loss: -0.04245612025260925
Step: 1998848	Mean reward: 23.8125	 Loss: 0.009585229679942131
Step: 2007040	Mean reward: 23.75	 Loss: -0.10913750529289246
Step: 2015232	Mean reward: 22.71875	 Loss: 0.028860144317150116
Step: 2023424	Mean reward: 21.84375	 Loss: 0.005809471942484379
Step: 2031616	Mean reward: 23.09375	 Loss: -0.03860696032643318
Step: 2039808	Mean reward: 24.6875	 Loss: -0.04689314216375351
Step: 2048000	Mean reward: 23.90625	 Loss: -0.06694722175598145
Step: 2056192	Mean reward: 23.25	 Loss: -0.04779808968305588
Step: 2064384	Mean reward: 23.03125	 Loss: 0.011405558325350285
Step: 2072576	Mean reward: 22.40625	 Loss: -0.01635674014687538
Step: 2080768	Mean reward: 22.625	 Loss: -0.05579936504364014
Step: 2088960	Mean reward: 23.9375	 Loss: 0.016252389177680016
Step: 2097152	Mean reward: 23.875	 Loss: 0.06355882436037064
Step: 2105344	Mean reward: 23.71875	 Loss: -0.03984740376472473
Step: 2113536	Mean reward: 22.625	 Loss: -0.03257615864276886
Step: 2121728	Mean reward: 22.28125	 Loss: -0.07784535735845566
Step: 2129920	Mean reward: 22.8125	 Loss: 0.0937088206410408
Step: 2138112	Mean reward: 23.84375	 Loss: -0.07437819242477417
Step: 2146304	Mean reward: 23.5	 Loss: -0.04887592792510986
Step: 2154496	Mean reward: 24.375	 Loss: -0.038890909403562546
Step: 2162688	Mean reward: 24.15625	 Loss: -0.011459607630968094
Step: 2170880	Mean reward: 24.40625	 Loss: -0.07032029330730438
Step: 2179072	Mean reward: 21.09375	 Loss: -0.026442691683769226
Step: 2187264	Mean reward: 25.1875	 Loss: 0.009930672124028206
Step: 2195456	Mean reward: 21.5625	 Loss: -0.08231417834758759
Step: 2203648	Mean reward: 22.46875	 Loss: -0.06732136756181717
Step: 2211840	Mean reward: 22.09375	 Loss: -0.06366944313049316
Step: 2220032	Mean reward: 24.21875	 Loss: -0.10118090361356735
Step: 2228224	Mean reward: 23.71875	 Loss: -0.044983990490436554
Step: 2236416	Mean reward: 24.0625	 Loss: -0.03583177551627159
Step: 2244608	Mean reward: 22.96875	 Loss: -0.01022327784448862
Step: 2252800	Mean reward: 24.28125	 Loss: -0.03564191237092018
Step: 2260992	Mean reward: 22.8125	 Loss: 0.005012348294258118
Step: 2269184	Mean reward: 23.03125	 Loss: -0.0607173852622509
Step: 2277376	Mean reward: 24.0	 Loss: -0.055155567824840546
Step: 2285568	Mean reward: 23.1875	 Loss: -0.10959652066230774
Step: 2293760	Mean reward: 24.53125	 Loss: -0.01909087970852852
Step: 2301952	Mean reward: 23.0625	 Loss: -0.05604124069213867
Step: 2310144	Mean reward: 24.53125	 Loss: -0.014801466837525368
Step: 2318336	Mean reward: 23.40625	 Loss: -0.014443036168813705
Step: 2326528	Mean reward: 23.15625	 Loss: 0.0072703855112195015
Step: 2334720	Mean reward: 24.6875	 Loss: -0.00626642070710659
Step: 2342912	Mean reward: 24.5625	 Loss: -0.027178380638360977
Step: 2351104	Mean reward: 23.65625	 Loss: 0.0021526776254177094
Step: 2359296	Mean reward: 25.3125	 Loss: -0.08786992728710175
Step: 2367488	Mean reward: 24.03125	 Loss: -0.013445033691823483
Step: 2375680	Mean reward: 23.4375	 Loss: -0.01136326976120472
Step: 2383872	Mean reward: 24.03125	 Loss: 0.012568444944918156
Step: 2392064	Mean reward: 23.40625	 Loss: 0.039268769323825836
Step: 2400256	Mean reward: 23.96875	 Loss: -0.022291354835033417
Step: 2408448	Mean reward: 24.34375	 Loss: -0.06490625441074371
Step: 2416640	Mean reward: 23.875	 Loss: 0.019378136843442917
Step: 2424832	Mean reward: 25.4375	 Loss: 0.021391574293375015
Step: 2433024	Mean reward: 23.78125	 Loss: 0.03128443658351898
Step: 2441216	Mean reward: 23.875	 Loss: -0.026642877608537674
Step: 2449408	Mean reward: 21.78125	 Loss: -0.07286003977060318
Step: 2457600	Mean reward: 24.0625	 Loss: -0.06180702894926071
Step: 2465792	Mean reward: 23.375	 Loss: -0.058209434151649475
Step: 2473984	Mean reward: 24.1875	 Loss: 0.04939518868923187
Step: 2482176	Mean reward: 22.8125	 Loss: -0.10033116489648819
Step: 2490368	Mean reward: 24.4375	 Loss: 0.028529811650514603
Step: 2498560	Mean reward: 22.46875	 Loss: -0.00931203830987215
Step: 2506752	Mean reward: 24.40625	 Loss: 0.040949881076812744
Step: 2514944	Mean reward: 24.03125	 Loss: -0.0476810559630394
Step: 2523136	Mean reward: 24.3125	 Loss: 0.0029374128207564354
Step: 2531328	Mean reward: 23.3125	 Loss: 0.006592004559934139
Step: 2539520	Mean reward: 24.25	 Loss: 0.002892838791012764
Step: 2547712	Mean reward: 25.0625	 Loss: 0.051928095519542694
Step: 2555904	Mean reward: 23.21875	 Loss: 0.04421118646860123
Step: 2564096	Mean reward: 23.34375	 Loss: -0.001140030100941658
Step: 2572288	Mean reward: 24.21875	 Loss: 0.003717290237545967
Step: 2580480	Mean reward: 25.125	 Loss: -0.0740910992026329
Step: 2588672	Mean reward: 22.125	 Loss: -0.07646507769823074
Step: 2596864	Mean reward: 24.40625	 Loss: -0.040120143443346024
Step: 2605056	Mean reward: 22.96875	 Loss: -0.06564084440469742
Step: 2613248	Mean reward: 23.8125	 Loss: -0.032855696976184845
Step: 2621440	Mean reward: 22.90625	 Loss: -0.14071142673492432
Step: 2629632	Mean reward: 25.46875	 Loss: -0.057607948780059814
Step: 2637824	Mean reward: 23.15625	 Loss: -0.038692113012075424
Step: 2646016	Mean reward: 22.84375	 Loss: 0.03197978436946869
Step: 2654208	Mean reward: 24.4375	 Loss: -0.04674169421195984
Step: 2662400	Mean reward: 24.34375	 Loss: 0.030214322730898857
Step: 2670592	Mean reward: 23.46875	 Loss: -0.005562719888985157
Step: 2678784	Mean reward: 24.5	 Loss: 0.06622007489204407
Step: 2686976	Mean reward: 22.28125	 Loss: -0.046052299439907074
Step: 2695168	Mean reward: 24.3125	 Loss: -0.007866277359426022
Step: 2703360	Mean reward: 25.0	 Loss: -0.0689588114619255
Step: 2711552	Mean reward: 24.125	 Loss: 0.040077827870845795
Step: 2719744	Mean reward: 21.71875	 Loss: 0.004212698899209499
Step: 2727936	Mean reward: 24.125	 Loss: -0.022783881053328514
Step: 2736128	Mean reward: 24.46875	 Loss: 0.0008534928783774376
Step: 2744320	Mean reward: 25.25	 Loss: 0.056981489062309265
Step: 2752512	Mean reward: 25.8125	 Loss: 0.0026312414556741714
Step: 2760704	Mean reward: 24.96875	 Loss: -0.0005995351821184158
Step: 2768896	Mean reward: 22.3125	 Loss: 0.001996970735490322
Step: 2777088	Mean reward: 24.09375	 Loss: -0.016522269695997238
Step: 2785280	Mean reward: 24.28125	 Loss: -0.01054119411855936
Step: 2793472	Mean reward: 24.96875	 Loss: -0.05522468686103821
Step: 2801664	Mean reward: 26.65625	 Loss: 0.042390406131744385
Step: 2809856	Mean reward: 25.46875	 Loss: 0.043732650578022
Step: 2818048	Mean reward: 23.71875	 Loss: 0.006125264801084995
Step: 2826240	Mean reward: 25.71875	 Loss: 0.055028561502695084
Step: 2834432	Mean reward: 24.75	 Loss: 0.01566128432750702
Step: 2842624	Mean reward: 24.03125	 Loss: -0.0532074011862278
Step: 2850816	Mean reward: 23.34375	 Loss: -0.003885672427713871
Step: 2859008	Mean reward: 24.15625	 Loss: 0.01309604849666357
Step: 2867200	Mean reward: 24.375	 Loss: -0.0035878466442227364
Step: 2875392	Mean reward: 24.3125	 Loss: 0.03181502968072891
Step: 2883584	Mean reward: 24.53125	 Loss: -0.08247041702270508
Step: 2891776	Mean reward: 23.84375	 Loss: -0.015416231006383896
Step: 2899968	Mean reward: 24.1875	 Loss: 0.05394968017935753
Step: 2908160	Mean reward: 24.125	 Loss: 0.03916105255484581
Step: 2916352	Mean reward: 22.625	 Loss: 0.038089819252491
Step: 2924544	Mean reward: 25.3125	 Loss: -0.06365256011486053
Step: 2932736	Mean reward: 24.53125	 Loss: 0.008017205633223057
Step: 2940928	Mean reward: 24.3125	 Loss: -0.06877201050519943
Step: 2949120	Mean reward: 25.71875	 Loss: 0.012201780453324318
Step: 2957312	Mean reward: 26.21875	 Loss: -0.03281773626804352
Step: 2965504	Mean reward: 24.6875	 Loss: 0.006679980084300041
Step: 2973696	Mean reward: 24.59375	 Loss: 0.05108983442187309
Step: 2981888	Mean reward: 23.03125	 Loss: -0.044505491852760315
Step: 2990080	Mean reward: 25.84375	 Loss: -0.0775754526257515
Step: 2998272	Mean reward: 26.1875	 Loss: -0.1091945469379425
Step: 3006464	Mean reward: 26.40625	 Loss: 0.05505923181772232
Completed training at 2021-12-07 17:32:38