Training PPO 1 with the following parameter dict:
{'total_steps': 9000000.0, 'num_envs': 32, 'num_steps': 256, 'num_levels': 200, 'num_epochs': 3, 'batch_size': 512, 'eps': 0.2, 'grad_eps': 0.5, 'value_coef': 0.5, 'entropy_coef': 0.01, 'c1': 0.5, 'c2': 0.01, 'num_actions': 15, 'in_channels': 3, 'feature_dim': 64, 'env_name': 'starpilot', 'use_background': False}
non stabilized ppo
Observation space: Box([[[0. 0. 0. ... 0. 0. 0.]
  [0. 0. 0. ... 0. 0. 0.]
  [0. 0. 0. ... 0. 0. 0.]
  ...
  [0. 0. 0. ... 0. 0. 0.]
  [0. 0. 0. ... 0. 0. 0.]
  [0. 0. 0. ... 0. 0. 0.]]

 [[0. 0. 0. ... 0. 0. 0.]
  [0. 0. 0. ... 0. 0. 0.]
  [0. 0. 0. ... 0. 0. 0.]
  ...
  [0. 0. 0. ... 0. 0. 0.]
  [0. 0. 0. ... 0. 0. 0.]
  [0. 0. 0. ... 0. 0. 0.]]

 [[0. 0. 0. ... 0. 0. 0.]
  [0. 0. 0. ... 0. 0. 0.]
  [0. 0. 0. ... 0. 0. 0.]
  ...
  [0. 0. 0. ... 0. 0. 0.]
  [0. 0. 0. ... 0. 0. 0.]
  [0. 0. 0. ... 0. 0. 0.]]], [[[1. 1. 1. ... 1. 1. 1.]
  [1. 1. 1. ... 1. 1. 1.]
  [1. 1. 1. ... 1. 1. 1.]
  ...
  [1. 1. 1. ... 1. 1. 1.]
  [1. 1. 1. ... 1. 1. 1.]
  [1. 1. 1. ... 1. 1. 1.]]

 [[1. 1. 1. ... 1. 1. 1.]
  [1. 1. 1. ... 1. 1. 1.]
  [1. 1. 1. ... 1. 1. 1.]
  ...
  [1. 1. 1. ... 1. 1. 1.]
  [1. 1. 1. ... 1. 1. 1.]
  [1. 1. 1. ... 1. 1. 1.]]

 [[1. 1. 1. ... 1. 1. 1.]
  [1. 1. 1. ... 1. 1. 1.]
  [1. 1. 1. ... 1. 1. 1.]
  ...
  [1. 1. 1. ... 1. 1. 1.]
  [1. 1. 1. ... 1. 1. 1.]
  [1. 1. 1. ... 1. 1. 1.]]], (3, 64, 64), float32)
Action space: 15
Step: 8192	Mean reward: 4.78125	 Loss: 0.5423773527145386
Step: 16384	Mean reward: 5.1875	 Loss: 0.12098409980535507
Step: 24576	Mean reward: 4.40625	 Loss: 0.06328962743282318
Step: 32768	Mean reward: 5.5625	 Loss: 0.11765236407518387
Step: 40960	Mean reward: 5.90625	 Loss: 0.06701008230447769
Step: 49152	Mean reward: 5.96875	 Loss: 0.14258843660354614
Step: 57344	Mean reward: 6.5	 Loss: 0.055588264018297195
Step: 65536	Mean reward: 6.875	 Loss: 0.07098381221294403
Step: 73728	Mean reward: 7.625	 Loss: 0.17620468139648438
Step: 81920	Mean reward: 6.28125	 Loss: 0.09151194989681244
Step: 90112	Mean reward: 8.5625	 Loss: 0.11701125651597977
Step: 98304	Mean reward: 8.34375	 Loss: 0.17740225791931152
Step: 106496	Mean reward: 6.71875	 Loss: 0.06654095649719238
Step: 114688	Mean reward: 9.34375	 Loss: 0.0923207551240921
Step: 122880	Mean reward: 6.5625	 Loss: 0.03683182969689369
Step: 131072	Mean reward: 6.90625	 Loss: -0.03127829730510712
Step: 139264	Mean reward: 8.25	 Loss: 0.08645347505807877
Step: 147456	Mean reward: 9.6875	 Loss: 0.0499703623354435
Step: 155648	Mean reward: 8.65625	 Loss: 0.04381372034549713
Step: 163840	Mean reward: 8.59375	 Loss: 0.04975922778248787
Step: 172032	Mean reward: 10.375	 Loss: 0.05087337642908096
Step: 180224	Mean reward: 9.75	 Loss: 0.10120031237602234
Step: 188416	Mean reward: 10.5625	 Loss: 0.04170936346054077
Step: 196608	Mean reward: 9.75	 Loss: 0.008315738290548325
Step: 204800	Mean reward: 10.09375	 Loss: 0.1369074583053589
Step: 212992	Mean reward: 9.4375	 Loss: 0.01792842335999012
Step: 221184	Mean reward: 11.46875	 Loss: 0.05964606627821922
Step: 229376	Mean reward: 11.5625	 Loss: 0.001109914854168892
Step: 237568	Mean reward: 11.0	 Loss: 0.11305240541696548
Step: 245760	Mean reward: 8.78125	 Loss: 0.03335706889629364
Step: 253952	Mean reward: 11.8125	 Loss: 0.05116262286901474
Step: 262144	Mean reward: 11.625	 Loss: 0.09468933194875717
Step: 270336	Mean reward: 10.09375	 Loss: 0.071913942694664
Step: 278528	Mean reward: 10.5625	 Loss: -0.07038557529449463
Step: 286720	Mean reward: 11.75	 Loss: 0.07841013371944427
Step: 294912	Mean reward: 11.5	 Loss: 0.058098047971725464
Step: 303104	Mean reward: 11.84375	 Loss: 0.19050173461437225
Step: 311296	Mean reward: 11.40625	 Loss: 0.01034747064113617
Step: 319488	Mean reward: 12.34375	 Loss: 0.07366622239351273
Step: 327680	Mean reward: 11.8125	 Loss: 0.14489270746707916
Step: 335872	Mean reward: 12.75	 Loss: 0.05795622617006302
Step: 344064	Mean reward: 11.84375	 Loss: 0.054879747331142426
Step: 352256	Mean reward: 11.5625	 Loss: -0.028391601517796516
Step: 360448	Mean reward: 12.0625	 Loss: 0.0960288941860199
Step: 368640	Mean reward: 11.96875	 Loss: 0.009405519813299179
Step: 376832	Mean reward: 11.9375	 Loss: 0.10772906243801117
Step: 385024	Mean reward: 13.0625	 Loss: 0.056413836777210236
Step: 393216	Mean reward: 12.90625	 Loss: 0.033929288387298584
Step: 401408	Mean reward: 12.09375	 Loss: -0.011884758248925209
Step: 409600	Mean reward: 12.59375	 Loss: -0.010100871324539185
Step: 417792	Mean reward: 12.84375	 Loss: 0.04039755463600159
Step: 425984	Mean reward: 13.8125	 Loss: 0.1129738911986351
Step: 434176	Mean reward: 12.625	 Loss: 0.02683304063975811
Step: 442368	Mean reward: 11.71875	 Loss: 0.0823049545288086
Step: 450560	Mean reward: 12.65625	 Loss: 0.052937597036361694
Step: 458752	Mean reward: 12.6875	 Loss: 0.11370686441659927
Step: 466944	Mean reward: 13.6875	 Loss: 0.037474147975444794
Step: 475136	Mean reward: 13.40625	 Loss: -0.006035082042217255
Step: 483328	Mean reward: 13.84375	 Loss: 0.10233813524246216
Step: 491520	Mean reward: 13.84375	 Loss: -0.0015066564083099365
Step: 499712	Mean reward: 14.25	 Loss: 0.039325881749391556
Step: 507904	Mean reward: 14.8125	 Loss: 0.05816817283630371
Step: 516096	Mean reward: 13.625	 Loss: 0.13571913540363312
Step: 524288	Mean reward: 13.75	 Loss: 0.04409497231245041
Step: 532480	Mean reward: 14.3125	 Loss: 0.031028935685753822
Step: 540672	Mean reward: 13.25	 Loss: 0.009544119238853455
Step: 548864	Mean reward: 14.3125	 Loss: -0.06547911465167999
Step: 557056	Mean reward: 15.1875	 Loss: -0.043709203600883484
Step: 565248	Mean reward: 13.90625	 Loss: 0.020580098032951355
Step: 573440	Mean reward: 14.5	 Loss: 0.10621123015880585
Step: 581632	Mean reward: 14.03125	 Loss: 2.95247882604599e-05
Step: 589824	Mean reward: 14.625	 Loss: -0.006386203691363335
Step: 598016	Mean reward: 14.34375	 Loss: 0.07141923904418945
Step: 606208	Mean reward: 15.1875	 Loss: 0.10825417190790176
Step: 614400	Mean reward: 13.96875	 Loss: -0.029107781127095222
Step: 622592	Mean reward: 13.875	 Loss: -0.0011935736984014511
Step: 630784	Mean reward: 14.28125	 Loss: 0.03281324356794357
Step: 638976	Mean reward: 14.34375	 Loss: 0.08548832684755325
Step: 647168	Mean reward: 14.375	 Loss: 0.07881394028663635
Step: 655360	Mean reward: 15.1875	 Loss: 0.11063924431800842
Step: 663552	Mean reward: 14.9375	 Loss: -0.0006932150572538376
Step: 671744	Mean reward: 15.625	 Loss: 0.03892067074775696
Step: 679936	Mean reward: 14.0	 Loss: 0.02714671567082405
Step: 688128	Mean reward: 15.21875	 Loss: 0.009772686287760735
Step: 696320	Mean reward: 14.3125	 Loss: -0.003082364797592163
Step: 704512	Mean reward: 15.4375	 Loss: 0.0726262554526329
Step: 712704	Mean reward: 14.3125	 Loss: -0.005935022607445717
Step: 720896	Mean reward: 14.40625	 Loss: 0.050757523626089096
Step: 729088	Mean reward: 15.53125	 Loss: 0.04875238984823227
Step: 737280	Mean reward: 14.625	 Loss: 0.024960622191429138
Step: 745472	Mean reward: 16.125	 Loss: 0.05688001215457916
Step: 753664	Mean reward: 14.8125	 Loss: 0.08062906563282013
Step: 761856	Mean reward: 14.375	 Loss: 0.0492142029106617
Step: 770048	Mean reward: 14.78125	 Loss: -0.027636820450425148
Step: 778240	Mean reward: 15.53125	 Loss: 0.04181565344333649
Step: 786432	Mean reward: 16.5625	 Loss: 0.07396246492862701
Step: 794624	Mean reward: 15.75	 Loss: 0.0783802941441536
Step: 802816	Mean reward: 14.71875	 Loss: 0.0667511373758316
Step: 811008	Mean reward: 14.71875	 Loss: 0.03526376560330391
Step: 819200	Mean reward: 16.34375	 Loss: 0.06634799391031265
Step: 827392	Mean reward: 15.0	 Loss: 0.13984304666519165
Step: 835584	Mean reward: 16.03125	 Loss: 0.005888648331165314
Step: 843776	Mean reward: 14.125	 Loss: 0.014105170965194702
Step: 851968	Mean reward: 15.25	 Loss: 0.007381562143564224
Step: 860160	Mean reward: 14.46875	 Loss: -0.09096619486808777
Step: 868352	Mean reward: 16.4375	 Loss: 0.005789114162325859
Step: 876544	Mean reward: 14.84375	 Loss: 0.08458346128463745
Step: 884736	Mean reward: 15.0	 Loss: -0.02540767192840576
Step: 892928	Mean reward: 16.375	 Loss: 0.029254449531435966
Step: 901120	Mean reward: 16.5625	 Loss: 0.031649403274059296
Step: 909312	Mean reward: 17.5	 Loss: 0.08722761273384094
Step: 917504	Mean reward: 15.75	 Loss: 0.007103931158781052
Step: 925696	Mean reward: 14.8125	 Loss: 0.013979051262140274
Step: 933888	Mean reward: 16.21875	 Loss: 0.032013922929763794
Step: 942080	Mean reward: 17.875	 Loss: 0.0655183494091034
Step: 950272	Mean reward: 14.4375	 Loss: -0.027438852936029434
Step: 958464	Mean reward: 16.46875	 Loss: 0.04087269678711891
Step: 966656	Mean reward: 16.0	 Loss: 0.05269549787044525
Step: 974848	Mean reward: 16.78125	 Loss: -0.0020342878997325897
Step: 983040	Mean reward: 15.90625	 Loss: 0.060706134885549545
Step: 991232	Mean reward: 17.21875	 Loss: 0.045927993953228
Step: 999424	Mean reward: 15.15625	 Loss: -0.06904289871454239
Step: 1007616	Mean reward: 16.8125	 Loss: 0.047601960599422455
Step: 1015808	Mean reward: 16.84375	 Loss: -0.027083653956651688
Step: 1024000	Mean reward: 17.5625	 Loss: -0.003185499459505081
Step: 1032192	Mean reward: 17.71875	 Loss: 0.05219908058643341
Step: 1040384	Mean reward: 16.25	 Loss: 0.08651624619960785
Step: 1048576	Mean reward: 16.15625	 Loss: 0.05770920217037201
Step: 1056768	Mean reward: 16.21875	 Loss: 0.05457703769207001
Step: 1064960	Mean reward: 16.0	 Loss: 0.00781281292438507
Step: 1073152	Mean reward: 16.4375	 Loss: 0.024023303762078285
Step: 1081344	Mean reward: 16.53125	 Loss: 0.040262192487716675
Step: 1089536	Mean reward: 15.5625	 Loss: 0.08843390643596649
Step: 1097728	Mean reward: 16.03125	 Loss: -0.031347356736660004
Step: 1105920	Mean reward: 16.625	 Loss: -0.015775037929415703
Step: 1114112	Mean reward: 16.0625	 Loss: -0.008592814207077026
Step: 1122304	Mean reward: 16.6875	 Loss: 0.053548119962215424
Step: 1130496	Mean reward: 14.875	 Loss: 0.09244328737258911
Step: 1138688	Mean reward: 18.0	 Loss: -0.012927718460559845
Step: 1146880	Mean reward: 14.84375	 Loss: -0.002762358635663986
Step: 1155072	Mean reward: 17.03125	 Loss: 0.041172094643116
Step: 1163264	Mean reward: 17.25	 Loss: 0.035399988293647766
Step: 1171456	Mean reward: 16.15625	 Loss: 0.01333056390285492
Step: 1179648	Mean reward: 16.1875	 Loss: -0.02153993770480156
Step: 1187840	Mean reward: 17.09375	 Loss: -0.021700141951441765
Step: 1196032	Mean reward: 15.34375	 Loss: -0.046312786638736725
Step: 1204224	Mean reward: 16.5	 Loss: 0.04632244259119034
Step: 1212416	Mean reward: 17.59375	 Loss: 0.054784342646598816
Step: 1220608	Mean reward: 17.78125	 Loss: 0.021857451647520065
Step: 1228800	Mean reward: 16.84375	 Loss: 0.002591390162706375
Step: 1236992	Mean reward: 15.625	 Loss: 0.016779392957687378
Step: 1245184	Mean reward: 18.46875	 Loss: 0.09364721179008484
Step: 1253376	Mean reward: 15.90625	 Loss: 0.017189251258969307
Step: 1261568	Mean reward: 16.21875	 Loss: -0.008372373878955841
Step: 1269760	Mean reward: 16.65625	 Loss: 0.00753013975918293
Step: 1277952	Mean reward: 15.8125	 Loss: 0.04864633083343506
Step: 1286144	Mean reward: 18.15625	 Loss: -0.0005423258990049362
Step: 1294336	Mean reward: 17.84375	 Loss: -0.012367473915219307
Step: 1302528	Mean reward: 17.03125	 Loss: 0.08616957068443298
Step: 1310720	Mean reward: 16.5625	 Loss: 0.03231308236718178
Step: 1318912	Mean reward: 17.40625	 Loss: 0.00240984745323658
Step: 1327104	Mean reward: 17.5625	 Loss: -0.011473769322037697
Step: 1335296	Mean reward: 15.59375	 Loss: 0.06374864280223846
Step: 1343488	Mean reward: 17.6875	 Loss: -0.05786464363336563
Step: 1351680	Mean reward: 17.5	 Loss: -0.042280036956071854
Step: 1359872	Mean reward: 16.21875	 Loss: 0.016586698591709137
Step: 1368064	Mean reward: 15.28125	 Loss: -0.04880161210894585
Step: 1376256	Mean reward: 17.3125	 Loss: -0.047095950692892075
Step: 1384448	Mean reward: 16.8125	 Loss: 0.0554347038269043
Step: 1392640	Mean reward: 18.875	 Loss: 0.013433337211608887
Step: 1400832	Mean reward: 17.03125	 Loss: -0.001270374283194542
Step: 1409024	Mean reward: 14.84375	 Loss: 0.025427676737308502
Step: 1417216	Mean reward: 15.4375	 Loss: 0.02855212427675724
Step: 1425408	Mean reward: 16.75	 Loss: 0.047777727246284485
Step: 1433600	Mean reward: 17.59375	 Loss: 0.06789775937795639
Step: 1441792	Mean reward: 17.28125	 Loss: 0.0014001987874507904
Step: 1449984	Mean reward: 17.65625	 Loss: 0.06259112060070038
Step: 1458176	Mean reward: 18.4375	 Loss: -0.03840913251042366
Step: 1466368	Mean reward: 17.90625	 Loss: 0.0074347443878650665
Step: 1474560	Mean reward: 17.78125	 Loss: -0.0021451301872730255
Step: 1482752	Mean reward: 16.875	 Loss: 0.03208058327436447
Step: 1490944	Mean reward: 17.71875	 Loss: 0.059503067284822464
Step: 1499136	Mean reward: 18.15625	 Loss: -0.004758849740028381
Step: 1507328	Mean reward: 18.5	 Loss: 0.06754506379365921
Step: 1515520	Mean reward: 18.53125	 Loss: 0.02977629192173481
Step: 1523712	Mean reward: 16.84375	 Loss: 0.07223854959011078
Step: 1531904	Mean reward: 18.53125	 Loss: -0.0015032272785902023
Step: 1540096	Mean reward: 17.21875	 Loss: 0.011455582454800606
Step: 1548288	Mean reward: 17.1875	 Loss: -0.015679698437452316
Step: 1556480	Mean reward: 17.8125	 Loss: 0.04335742071270943
Step: 1564672	Mean reward: 16.84375	 Loss: 0.028924914076924324
Step: 1572864	Mean reward: 18.25	 Loss: 0.07877486944198608
Step: 1581056	Mean reward: 17.65625	 Loss: -0.06934145092964172
Step: 1589248	Mean reward: 16.59375	 Loss: -0.003830673173069954
Step: 1597440	Mean reward: 17.53125	 Loss: 0.029431046918034554
Step: 1605632	Mean reward: 16.875	 Loss: 0.060475461184978485
Step: 1613824	Mean reward: 17.40625	 Loss: -0.03575802221894264
Step: 1622016	Mean reward: 17.46875	 Loss: 0.07044021785259247
Step: 1630208	Mean reward: 17.84375	 Loss: 0.011369418352842331
Step: 1638400	Mean reward: 17.21875	 Loss: 0.0007899366319179535
Step: 1646592	Mean reward: 17.21875	 Loss: -0.00251149944961071
Step: 1654784	Mean reward: 17.75	 Loss: -0.04674103856086731
Step: 1662976	Mean reward: 17.96875	 Loss: -0.05251457542181015
Step: 1671168	Mean reward: 17.65625	 Loss: 0.11063950508832932
Step: 1679360	Mean reward: 16.90625	 Loss: -0.03426046669483185
Step: 1687552	Mean reward: 18.03125	 Loss: -0.028438132256269455
Step: 1695744	Mean reward: 16.5625	 Loss: 0.004796579480171204
Step: 1703936	Mean reward: 18.75	 Loss: 0.010998696088790894
Step: 1712128	Mean reward: 17.5625	 Loss: 0.021542221307754517
Step: 1720320	Mean reward: 16.3125	 Loss: -0.009149981662631035
Step: 1728512	Mean reward: 17.0625	 Loss: 0.05186052992939949
Step: 1736704	Mean reward: 16.71875	 Loss: -0.03131119906902313
Step: 1744896	Mean reward: 17.0625	 Loss: 0.031924933195114136
Step: 1753088	Mean reward: 18.03125	 Loss: 0.006096344441175461
Step: 1761280	Mean reward: 17.75	 Loss: 0.09710775315761566
Step: 1769472	Mean reward: 17.3125	 Loss: -0.045501820743083954
Step: 1777664	Mean reward: 18.25	 Loss: 0.015428509563207626
Step: 1785856	Mean reward: 19.1875	 Loss: -0.05699204280972481
Step: 1794048	Mean reward: 18.40625	 Loss: 0.05222934111952782
Step: 1802240	Mean reward: 17.5625	 Loss: 0.05281323939561844
Step: 1810432	Mean reward: 18.125	 Loss: -0.01859630085527897
Step: 1818624	Mean reward: 18.25	 Loss: 0.028993045911192894
Step: 1826816	Mean reward: 16.25	 Loss: 0.00680200383067131
Step: 1835008	Mean reward: 17.875	 Loss: 0.05520254001021385
Step: 1843200	Mean reward: 17.15625	 Loss: -0.04499831050634384
Step: 1851392	Mean reward: 16.78125	 Loss: 0.08235429227352142
Step: 1859584	Mean reward: 17.90625	 Loss: -0.006875293329358101
Step: 1867776	Mean reward: 17.96875	 Loss: -0.006670253351330757
Step: 1875968	Mean reward: 18.125	 Loss: 0.03860951587557793
Step: 1884160	Mean reward: 16.9375	 Loss: -0.09617313742637634
Step: 1892352	Mean reward: 19.65625	 Loss: 0.024725815281271935
Step: 1900544	Mean reward: 16.96875	 Loss: -0.05448150634765625
Step: 1908736	Mean reward: 17.5	 Loss: -0.024562625214457512
Step: 1916928	Mean reward: 18.28125	 Loss: -0.05612281337380409
Step: 1925120	Mean reward: 18.25	 Loss: -0.0351240336894989
Step: 1933312	Mean reward: 16.28125	 Loss: -0.04647707939147949
Step: 1941504	Mean reward: 17.625	 Loss: -0.039510637521743774
Step: 1949696	Mean reward: 18.40625	 Loss: -0.03928399085998535
Step: 1957888	Mean reward: 18.96875	 Loss: -0.008745050057768822
Step: 1966080	Mean reward: 18.03125	 Loss: -0.027807986363768578
Step: 1974272	Mean reward: 16.59375	 Loss: 0.018653646111488342
Step: 1982464	Mean reward: 18.4375	 Loss: 0.05420636385679245
Step: 1990656	Mean reward: 17.46875	 Loss: 0.04523361846804619
Step: 1998848	Mean reward: 17.78125	 Loss: 0.05223873630166054
Step: 2007040	Mean reward: 17.375	 Loss: -0.0105074942111969
Step: 2015232	Mean reward: 17.875	 Loss: 0.0014918148517608643
Step: 2023424	Mean reward: 18.09375	 Loss: -0.045048266649246216
Step: 2031616	Mean reward: 17.25	 Loss: -0.007111247628927231
Step: 2039808	Mean reward: 18.59375	 Loss: -0.02925412543118
Step: 2048000	Mean reward: 18.25	 Loss: 0.018751950934529305
Step: 2056192	Mean reward: 17.65625	 Loss: -0.022338077425956726
Step: 2064384	Mean reward: 19.1875	 Loss: 0.07642827183008194
Step: 2072576	Mean reward: 16.625	 Loss: 0.030612051486968994
Step: 2080768	Mean reward: 18.75	 Loss: -0.026897575706243515
Step: 2088960	Mean reward: 18.8125	 Loss: 0.03202278912067413
Step: 2097152	Mean reward: 20.0	 Loss: 0.107539601624012
Step: 2105344	Mean reward: 18.75	 Loss: 0.026952724903821945
Step: 2113536	Mean reward: 18.09375	 Loss: -0.0065010543912649155
Step: 2121728	Mean reward: 19.125	 Loss: 0.014820117503404617
Step: 2129920	Mean reward: 18.15625	 Loss: 0.04273146763443947
Step: 2138112	Mean reward: 18.09375	 Loss: 0.0704575628042221
Step: 2146304	Mean reward: 19.125	 Loss: -0.04815313220024109
Step: 2154496	Mean reward: 20.46875	 Loss: 0.08771557360887527
Step: 2162688	Mean reward: 18.09375	 Loss: 0.02049814537167549
Step: 2170880	Mean reward: 19.71875	 Loss: 0.017041562125086784
Step: 2179072	Mean reward: 18.28125	 Loss: -0.03655792027711868
Step: 2187264	Mean reward: 18.90625	 Loss: 0.028977686539292336
Step: 2195456	Mean reward: 18.59375	 Loss: -0.03150542825460434
Step: 2203648	Mean reward: 20.15625	 Loss: 0.0922471433877945
Step: 2211840	Mean reward: 18.03125	 Loss: 0.022855503484606743
Step: 2220032	Mean reward: 19.0	 Loss: 0.07832401990890503
Step: 2228224	Mean reward: 17.8125	 Loss: 0.027257541194558144
Step: 2236416	Mean reward: 17.96875	 Loss: -0.04297255724668503
Step: 2244608	Mean reward: 16.90625	 Loss: -0.010126249864697456
Step: 2252800	Mean reward: 19.21875	 Loss: -0.009113051928579807
Step: 2260992	Mean reward: 18.28125	 Loss: 0.0021230271086096764
Step: 2269184	Mean reward: 17.5	 Loss: 0.0023718420416116714
Step: 2277376	Mean reward: 19.8125	 Loss: 0.06835883110761642
Step: 2285568	Mean reward: 18.6875	 Loss: 0.0326373316347599
Step: 2293760	Mean reward: 19.21875	 Loss: 0.1077767163515091
Step: 2301952	Mean reward: 17.90625	 Loss: 0.011002828367054462
Step: 2310144	Mean reward: 21.34375	 Loss: 0.048654988408088684
Step: 2318336	Mean reward: 18.125	 Loss: 0.012474908493459225
Step: 2326528	Mean reward: 18.96875	 Loss: 0.013586071319878101
Step: 2334720	Mean reward: 18.53125	 Loss: 0.08011889457702637
Step: 2342912	Mean reward: 19.0625	 Loss: 0.02862364798784256
Step: 2351104	Mean reward: 17.625	 Loss: 0.06266382336616516
Step: 2359296	Mean reward: 20.875	 Loss: -0.002263648435473442
Step: 2367488	Mean reward: 18.84375	 Loss: 0.05913877114653587
Step: 2375680	Mean reward: 18.71875	 Loss: 0.042697496712207794
Step: 2383872	Mean reward: 20.46875	 Loss: 0.04856516048312187
Step: 2392064	Mean reward: 18.0	 Loss: 0.016412340104579926
Step: 2400256	Mean reward: 19.3125	 Loss: 0.037755087018013
Step: 2408448	Mean reward: 19.40625	 Loss: -0.019352693110704422
Step: 2416640	Mean reward: 18.1875	 Loss: 0.006621014326810837
Step: 2424832	Mean reward: 18.46875	 Loss: 0.041533853858709335
Step: 2433024	Mean reward: 20.6875	 Loss: -0.04203689098358154
Step: 2441216	Mean reward: 18.6875	 Loss: 0.009367123246192932
Step: 2449408	Mean reward: 20.0	 Loss: -0.008234955370426178
Step: 2457600	Mean reward: 21.0	 Loss: 0.06263694167137146
Step: 2465792	Mean reward: 16.90625	 Loss: 0.017596354708075523
Step: 2473984	Mean reward: 18.0	 Loss: 0.07260636985301971
Step: 2482176	Mean reward: 19.28125	 Loss: -0.005169769749045372
Step: 2490368	Mean reward: 18.15625	 Loss: 0.039330124855041504
Step: 2498560	Mean reward: 18.875	 Loss: 0.002959582954645157
Step: 2506752	Mean reward: 20.40625	 Loss: -0.06198783591389656
Step: 2514944	Mean reward: 20.03125	 Loss: -0.021922357380390167
Step: 2523136	Mean reward: 18.6875	 Loss: -0.0340159609913826
Step: 2531328	Mean reward: 18.6875	 Loss: -0.031350113451480865
Step: 2539520	Mean reward: 18.125	 Loss: 0.013969458639621735
Step: 2547712	Mean reward: 18.90625	 Loss: 0.057815972715616226
Step: 2555904	Mean reward: 20.1875	 Loss: -0.02060389705002308
Step: 2564096	Mean reward: 20.375	 Loss: -0.027859468013048172
Step: 2572288	Mean reward: 19.3125	 Loss: 0.014529451727867126
Step: 2580480	Mean reward: 19.34375	 Loss: 0.005261698737740517
Step: 2588672	Mean reward: 19.28125	 Loss: -0.004345184192061424
Step: 2596864	Mean reward: 19.65625	 Loss: -0.018985988572239876
Step: 2605056	Mean reward: 18.84375	 Loss: 0.061981625854969025
Step: 2613248	Mean reward: 19.21875	 Loss: 0.014719010330736637
Step: 2621440	Mean reward: 21.0625	 Loss: -0.027618855237960815
Step: 2629632	Mean reward: 20.375	 Loss: -0.09221967309713364
Step: 2637824	Mean reward: 18.6875	 Loss: 0.023749498650431633
Step: 2646016	Mean reward: 19.46875	 Loss: -0.0608237162232399
Step: 2654208	Mean reward: 19.5625	 Loss: -0.043899811804294586
Step: 2662400	Mean reward: 21.78125	 Loss: 0.01646399311721325
Step: 2670592	Mean reward: 20.15625	 Loss: -0.016823621466755867
Step: 2678784	Mean reward: 20.4375	 Loss: -0.05805857479572296
Step: 2686976	Mean reward: 19.0	 Loss: -0.02441486343741417
Step: 2695168	Mean reward: 20.28125	 Loss: -0.00827077217400074
Step: 2703360	Mean reward: 18.8125	 Loss: -0.08343830704689026
Step: 2711552	Mean reward: 17.625	 Loss: -0.01580328494310379
Step: 2719744	Mean reward: 20.46875	 Loss: 0.024292096495628357
Step: 2727936	Mean reward: 19.0	 Loss: -0.0041497377678751945
Step: 2736128	Mean reward: 20.5	 Loss: 0.06627270579338074
Step: 2744320	Mean reward: 19.40625	 Loss: 0.0028018495067954063
Step: 2752512	Mean reward: 20.0	 Loss: 0.06124536320567131
Step: 2760704	Mean reward: 18.8125	 Loss: -0.005758964456617832
Step: 2768896	Mean reward: 19.9375	 Loss: -0.022194862365722656
Step: 2777088	Mean reward: 19.875	 Loss: 0.07058045268058777
Step: 2785280	Mean reward: 18.90625	 Loss: -0.004517550580203533
Step: 2793472	Mean reward: 18.0625	 Loss: -0.03325768932700157
Step: 2801664	Mean reward: 19.1875	 Loss: -0.02933211252093315
Step: 2809856	Mean reward: 19.40625	 Loss: 0.027111053466796875
Step: 2818048	Mean reward: 19.59375	 Loss: 0.00946685392409563
Step: 2826240	Mean reward: 16.875	 Loss: -0.03012143447995186
Step: 2834432	Mean reward: 20.8125	 Loss: 0.08106417208909988
Step: 2842624	Mean reward: 20.625	 Loss: -0.0016021905466914177
Step: 2850816	Mean reward: 21.28125	 Loss: -0.013073189184069633
Step: 2859008	Mean reward: 20.3125	 Loss: 0.05458851903676987
Step: 2867200	Mean reward: 20.1875	 Loss: 0.02886543795466423
Step: 2875392	Mean reward: 19.375	 Loss: -0.0016389843076467514
Step: 2883584	Mean reward: 19.125	 Loss: -0.068770632147789
Step: 2891776	Mean reward: 19.25	 Loss: 0.019251082092523575
Step: 2899968	Mean reward: 18.1875	 Loss: 0.051768481731414795
Step: 2908160	Mean reward: 20.34375	 Loss: -0.0364224910736084
Step: 2916352	Mean reward: 19.125	 Loss: -0.03680241107940674
Step: 2924544	Mean reward: 19.46875	 Loss: -0.02080092765390873
Step: 2932736	Mean reward: 18.09375	 Loss: 0.020567825064063072
Step: 2940928	Mean reward: 19.0625	 Loss: -0.0390804260969162
Step: 2949120	Mean reward: 18.375	 Loss: -0.031216951087117195
Step: 2957312	Mean reward: 18.78125	 Loss: 0.014839495532214642
Step: 2965504	Mean reward: 20.125	 Loss: 0.0025943638756871223
Step: 2973696	Mean reward: 17.71875	 Loss: -0.03744523227214813
Step: 2981888	Mean reward: 19.6875	 Loss: 0.01979530230164528
Step: 2990080	Mean reward: 19.4375	 Loss: 0.005575883202254772
Step: 2998272	Mean reward: 18.40625	 Loss: -0.0311483945697546
Step: 3006464	Mean reward: 17.53125	 Loss: 0.055324289947748184
Step: 3014656	Mean reward: 18.8125	 Loss: -0.002851235680282116
Step: 3022848	Mean reward: 19.5	 Loss: 0.05125864967703819
Step: 3031040	Mean reward: 20.03125	 Loss: 0.004102722741663456
Step: 3039232	Mean reward: 20.53125	 Loss: -0.06232471019029617
Step: 3047424	Mean reward: 20.5625	 Loss: -0.03648815676569939
Step: 3055616	Mean reward: 17.90625	 Loss: -0.03968305140733719
Step: 3063808	Mean reward: 20.03125	 Loss: 0.0015008356422185898
Step: 3072000	Mean reward: 18.59375	 Loss: -0.06817296147346497
Step: 3080192	Mean reward: 17.28125	 Loss: -0.029852289706468582
Step: 3088384	Mean reward: 18.78125	 Loss: 0.06044149771332741
Step: 3096576	Mean reward: 18.125	 Loss: 0.014614059589803219
Step: 3104768	Mean reward: 21.125	 Loss: 0.008000290021300316
Step: 3112960	Mean reward: 21.03125	 Loss: -0.03395931422710419
Step: 3121152	Mean reward: 19.40625	 Loss: 0.0021201642230153084
Step: 3129344	Mean reward: 19.75	 Loss: 0.03475484624505043
Step: 3137536	Mean reward: 20.59375	 Loss: -0.03579510375857353
Step: 3145728	Mean reward: 21.03125	 Loss: -0.09243647009134293
Step: 3153920	Mean reward: 18.875	 Loss: -0.0025784652680158615
Step: 3162112	Mean reward: 18.59375	 Loss: 0.04611324146389961
Step: 3170304	Mean reward: 19.65625	 Loss: 0.00012167543172836304
Step: 3178496	Mean reward: 19.1875	 Loss: 0.0812673345208168
Step: 3186688	Mean reward: 17.6875	 Loss: -0.00968645978718996
Step: 3194880	Mean reward: 21.5	 Loss: 0.0025046905502676964
Step: 3203072	Mean reward: 19.53125	 Loss: 0.013602785766124725
Step: 3211264	Mean reward: 21.21875	 Loss: 0.028711609542369843
Step: 3219456	Mean reward: 19.25	 Loss: -0.06597350537776947
Step: 3227648	Mean reward: 18.03125	 Loss: 0.04864274710416794
Step: 3235840	Mean reward: 20.25	 Loss: 0.04802350327372551
Step: 3244032	Mean reward: 21.59375	 Loss: -0.008837332017719746
Step: 3252224	Mean reward: 19.25	 Loss: -0.04335109889507294
Step: 3260416	Mean reward: 21.65625	 Loss: 0.05336089804768562
Step: 3268608	Mean reward: 19.84375	 Loss: -0.004682484082877636
Step: 3276800	Mean reward: 21.40625	 Loss: 0.04685624688863754
Step: 3284992	Mean reward: 19.78125	 Loss: 0.010058136656880379
Step: 3293184	Mean reward: 21.6875	 Loss: 0.1039094626903534
Step: 3301376	Mean reward: 19.375	 Loss: -0.023842599242925644
Step: 3309568	Mean reward: 21.21875	 Loss: -0.017107507213950157
Step: 3317760	Mean reward: 19.65625	 Loss: -0.07252863794565201
Step: 3325952	Mean reward: 19.78125	 Loss: -0.003984654322266579
Step: 3334144	Mean reward: 19.625	 Loss: -0.030785374343395233
Step: 3342336	Mean reward: 20.34375	 Loss: -0.06349824368953705
Step: 3350528	Mean reward: 19.6875	 Loss: 0.0006508352234959602
Step: 3358720	Mean reward: 20.3125	 Loss: -0.05798541009426117
Step: 3366912	Mean reward: 19.625	 Loss: -0.06207331642508507
Step: 3375104	Mean reward: 21.1875	 Loss: -0.06175585836172104
Step: 3383296	Mean reward: 18.21875	 Loss: 0.007734330371022224
Step: 3391488	Mean reward: 19.125	 Loss: -0.0069371480494737625
Step: 3399680	Mean reward: 19.5	 Loss: 0.017151303589344025
Step: 3407872	Mean reward: 19.3125	 Loss: -0.05719992518424988
Step: 3416064	Mean reward: 21.8125	 Loss: 0.15513883531093597
Step: 3424256	Mean reward: 18.6875	 Loss: -0.05428771302103996
Step: 3432448	Mean reward: 21.25	 Loss: 0.03643885999917984
Step: 3440640	Mean reward: 20.5	 Loss: -0.0754958912730217
Step: 3448832	Mean reward: 19.65625	 Loss: -0.02483697608113289
Step: 3457024	Mean reward: 19.96875	 Loss: -0.04660794511437416
Step: 3465216	Mean reward: 19.25	 Loss: 0.04742123559117317
Step: 3473408	Mean reward: 19.59375	 Loss: 0.04609707370400429
Step: 3481600	Mean reward: 20.71875	 Loss: 0.08598785102367401
Step: 3489792	Mean reward: 19.875	 Loss: 0.009379171766340733
Step: 3497984	Mean reward: 20.875	 Loss: 0.06042228639125824
Step: 3506176	Mean reward: 18.53125	 Loss: -0.009326998144388199
Step: 3514368	Mean reward: 20.28125	 Loss: -0.0491090789437294
Step: 3522560	Mean reward: 21.34375	 Loss: 0.03662275895476341
Step: 3530752	Mean reward: 20.65625	 Loss: 0.018156062811613083
Step: 3538944	Mean reward: 22.09375	 Loss: -0.066796213388443
Step: 3547136	Mean reward: 20.21875	 Loss: -0.004525597207248211
Step: 3555328	Mean reward: 18.65625	 Loss: -0.04126482456922531
Step: 3563520	Mean reward: 19.90625	 Loss: -0.0279533714056015
Step: 3571712	Mean reward: 20.625	 Loss: -0.05106088146567345
Step: 3579904	Mean reward: 19.09375	 Loss: -0.016387075185775757
Step: 3588096	Mean reward: 20.65625	 Loss: 0.004090151749551296
Step: 3596288	Mean reward: 19.9375	 Loss: -0.005228068679571152
Step: 3604480	Mean reward: 19.90625	 Loss: -0.05835797265172005
Step: 3612672	Mean reward: 19.84375	 Loss: -0.03150564432144165
Step: 3620864	Mean reward: 19.15625	 Loss: 0.022347237914800644
Step: 3629056	Mean reward: 20.8125	 Loss: -0.0606297142803669
Step: 3637248	Mean reward: 18.8125	 Loss: -0.057502128183841705
Step: 3645440	Mean reward: 19.4375	 Loss: 0.06030130386352539
Step: 3653632	Mean reward: 19.03125	 Loss: -0.013288592919707298
Step: 3661824	Mean reward: 20.375	 Loss: -0.04500197991728783
Step: 3670016	Mean reward: 20.5625	 Loss: -0.04046432301402092
Step: 3678208	Mean reward: 20.34375	 Loss: 0.058638207614421844
Step: 3686400	Mean reward: 19.5625	 Loss: 0.036653727293014526
Step: 3694592	Mean reward: 20.375	 Loss: 0.033279117196798325
Step: 3702784	Mean reward: 19.59375	 Loss: 0.043085478246212006
Step: 3710976	Mean reward: 18.9375	 Loss: -0.006738876923918724
Step: 3719168	Mean reward: 21.09375	 Loss: 0.035381946712732315
Step: 3727360	Mean reward: 20.28125	 Loss: -0.053450047969818115
Step: 3735552	Mean reward: 19.40625	 Loss: -0.0030888058245182037
Step: 3743744	Mean reward: 19.09375	 Loss: 0.058928705751895905
Step: 3751936	Mean reward: 20.34375	 Loss: -0.03865813463926315
Step: 3760128	Mean reward: 19.625	 Loss: -0.08516784757375717
Step: 3768320	Mean reward: 19.71875	 Loss: 0.03865295648574829
Step: 3776512	Mean reward: 19.9375	 Loss: -0.01884770207107067
Step: 3784704	Mean reward: 20.78125	 Loss: 0.025519462302327156
Step: 3792896	Mean reward: 20.9375	 Loss: -0.006385904736816883
Step: 3801088	Mean reward: 18.625	 Loss: 0.01713663339614868
Step: 3809280	Mean reward: 20.375	 Loss: 0.02143651619553566
Step: 3817472	Mean reward: 19.46875	 Loss: -0.00305012334138155
Step: 3825664	Mean reward: 21.1875	 Loss: -0.017464330419898033
Step: 3833856	Mean reward: 20.59375	 Loss: 0.06793943047523499
Step: 3842048	Mean reward: 20.5625	 Loss: -0.03362332284450531
Step: 3850240	Mean reward: 19.53125	 Loss: 0.0508832186460495
Step: 3858432	Mean reward: 22.1875	 Loss: 0.029698830097913742
Step: 3866624	Mean reward: 19.9375	 Loss: 0.03967951238155365
Step: 3874816	Mean reward: 20.9375	 Loss: -0.050921205431222916
Step: 3883008	Mean reward: 19.875	 Loss: 0.0008986378088593483
Step: 3891200	Mean reward: 20.25	 Loss: 0.026483342051506042
Step: 3899392	Mean reward: 21.40625	 Loss: -0.029382329434156418
Step: 3907584	Mean reward: 20.5	 Loss: -0.04621068388223648
Step: 3915776	Mean reward: 21.78125	 Loss: 0.06779751926660538
Step: 3923968	Mean reward: 20.6875	 Loss: 0.11817413568496704
Step: 3932160	Mean reward: 19.65625	 Loss: -0.029204238206148148
Step: 3940352	Mean reward: 20.84375	 Loss: 0.09069282561540604
Step: 3948544	Mean reward: 19.65625	 Loss: -0.07266343384981155
Step: 3956736	Mean reward: 19.78125	 Loss: 0.015788428485393524
Step: 3964928	Mean reward: 20.65625	 Loss: 0.016026237979531288
Step: 3973120	Mean reward: 20.625	 Loss: -0.023813027888536453
Step: 3981312	Mean reward: 19.28125	 Loss: -0.003825458697974682
Step: 3989504	Mean reward: 20.5625	 Loss: -0.04284534230828285
Step: 3997696	Mean reward: 19.96875	 Loss: -0.03537214547395706
Step: 4005888	Mean reward: 21.46875	 Loss: -0.017190653830766678
Step: 4014080	Mean reward: 21.75	 Loss: 0.03538963198661804
Step: 4022272	Mean reward: 21.4375	 Loss: 0.02619628794491291
Step: 4030464	Mean reward: 21.59375	 Loss: 0.021245960146188736
Step: 4038656	Mean reward: 20.6875	 Loss: 0.08296236395835876
Step: 4046848	Mean reward: 20.78125	 Loss: 0.03508544713258743
Step: 4055040	Mean reward: 21.875	 Loss: 0.008464411832392216
Step: 4063232	Mean reward: 22.125	 Loss: -0.05652077496051788
Step: 4071424	Mean reward: 22.53125	 Loss: 0.05107533186674118
Step: 4079616	Mean reward: 21.96875	 Loss: 0.05962035059928894
Step: 4087808	Mean reward: 21.59375	 Loss: -0.029027264565229416
Step: 4096000	Mean reward: 20.8125	 Loss: 0.054001979529857635
Step: 4104192	Mean reward: 21.53125	 Loss: -0.026083823293447495
Step: 4112384	Mean reward: 20.375	 Loss: -0.09488856792449951
Step: 4120576	Mean reward: 21.5	 Loss: 0.08072112500667572
Step: 4128768	Mean reward: 19.875	 Loss: 0.05635755881667137
Step: 4136960	Mean reward: 21.53125	 Loss: -0.05767853185534477
Step: 4145152	Mean reward: 20.34375	 Loss: 0.02836114726960659
Step: 4153344	Mean reward: 20.8125	 Loss: -0.010751806199550629
Step: 4161536	Mean reward: 19.90625	 Loss: -0.016262877732515335
Step: 4169728	Mean reward: 20.6875	 Loss: 0.012549103237688541
Step: 4177920	Mean reward: 20.5	 Loss: -0.02562258392572403
Step: 4186112	Mean reward: 21.21875	 Loss: -0.04732915014028549
Step: 4194304	Mean reward: 21.15625	 Loss: -0.051718249917030334
Step: 4202496	Mean reward: 20.375	 Loss: 0.0031844116747379303
Step: 4210688	Mean reward: 20.84375	 Loss: -0.04115698114037514
Step: 4218880	Mean reward: 20.78125	 Loss: -0.04219253733754158
Step: 4227072	Mean reward: 21.75	 Loss: -0.014086640439927578
Step: 4235264	Mean reward: 21.1875	 Loss: -0.12036019563674927
Step: 4243456	Mean reward: 22.21875	 Loss: 0.056820712983608246
Step: 4251648	Mean reward: 22.125	 Loss: 0.006319614127278328
Step: 4259840	Mean reward: 21.4375	 Loss: -0.01598222181200981
Step: 4268032	Mean reward: 20.5	 Loss: -0.008305597119033337
Step: 4276224	Mean reward: 20.4375	 Loss: -0.020126156508922577
Step: 4284416	Mean reward: 21.625	 Loss: 0.007625052705407143
Step: 4292608	Mean reward: 21.0625	 Loss: -0.06119506061077118
Step: 4300800	Mean reward: 19.96875	 Loss: -0.03586680442094803
Step: 4308992	Mean reward: 20.125	 Loss: 0.028339628130197525
Step: 4317184	Mean reward: 20.71875	 Loss: 0.08547879755496979
Step: 4325376	Mean reward: 20.59375	 Loss: -0.031770817935466766
Step: 4333568	Mean reward: 20.53125	 Loss: -0.005249176174402237
Step: 4341760	Mean reward: 20.78125	 Loss: -0.008537575602531433
Step: 4349952	Mean reward: 19.84375	 Loss: -0.054782554507255554
Step: 4358144	Mean reward: 20.59375	 Loss: -0.02018650248646736
Step: 4366336	Mean reward: 20.125	 Loss: -0.03428535535931587
Step: 4374528	Mean reward: 20.6875	 Loss: -0.09865997731685638
Step: 4382720	Mean reward: 22.28125	 Loss: 0.025220081210136414
Step: 4390912	Mean reward: 20.5	 Loss: 0.011286333203315735
Step: 4399104	Mean reward: 22.6875	 Loss: 0.042270462960004807
Step: 4407296	Mean reward: 20.28125	 Loss: 0.0256398506462574
Step: 4415488	Mean reward: 20.53125	 Loss: 0.08229400217533112
Step: 4423680	Mean reward: 20.15625	 Loss: 0.03527449071407318
Step: 4431872	Mean reward: 20.96875	 Loss: -0.025202039629220963
Step: 4440064	Mean reward: 20.125	 Loss: -0.031668007373809814
Step: 4448256	Mean reward: 20.96875	 Loss: 0.005460905842483044
Step: 4456448	Mean reward: 20.40625	 Loss: -0.031474098563194275
Step: 4464640	Mean reward: 23.3125	 Loss: -0.02956451289355755
Step: 4472832	Mean reward: 21.375	 Loss: 0.05958016216754913
Step: 4481024	Mean reward: 21.65625	 Loss: -0.02539157308638096
Step: 4489216	Mean reward: 19.75	 Loss: -0.014288965612649918
Step: 4497408	Mean reward: 21.75	 Loss: -0.06133892387151718
Step: 4505600	Mean reward: 19.84375	 Loss: 0.08714605867862701
Step: 4513792	Mean reward: 20.125	 Loss: -0.038455113768577576
Step: 4521984	Mean reward: 20.46875	 Loss: -0.0620536133646965
Step: 4530176	Mean reward: 19.28125	 Loss: -0.10004857927560806
Step: 4538368	Mean reward: 20.71875	 Loss: 0.00610607024282217
Step: 4546560	Mean reward: 19.4375	 Loss: -0.022670425474643707
Step: 4554752	Mean reward: 19.4375	 Loss: -0.0015206225216388702
Step: 4562944	Mean reward: 19.28125	 Loss: 0.015220572240650654
Step: 4571136	Mean reward: 20.34375	 Loss: -0.05223821476101875
Step: 4579328	Mean reward: 21.28125	 Loss: -0.06906352192163467
Step: 4587520	Mean reward: 18.96875	 Loss: -0.013971899636089802
Step: 4595712	Mean reward: 19.875	 Loss: -0.009792192839086056
Step: 4603904	Mean reward: 19.3125	 Loss: -0.03916396573185921
Step: 4612096	Mean reward: 17.75	 Loss: -0.02175202965736389
Step: 4620288	Mean reward: 20.78125	 Loss: -0.06078784540295601
Step: 4628480	Mean reward: 19.0	 Loss: 0.027574341744184494
Step: 4636672	Mean reward: 19.40625	 Loss: -0.05209178477525711
Step: 4644864	Mean reward: 19.21875	 Loss: -0.03865324705839157
Step: 4653056	Mean reward: 20.0625	 Loss: -0.010579650290310383
Step: 4661248	Mean reward: 21.40625	 Loss: 0.02556583285331726
Step: 4669440	Mean reward: 19.59375	 Loss: -0.05140148848295212
Step: 4677632	Mean reward: 19.78125	 Loss: -0.043000154197216034
Step: 4685824	Mean reward: 19.71875	 Loss: -0.024088867008686066
Step: 4694016	Mean reward: 19.09375	 Loss: 0.005212873220443726
Step: 4702208	Mean reward: 22.71875	 Loss: 0.012329284101724625
Step: 4710400	Mean reward: 19.8125	 Loss: -0.06805717945098877
Step: 4718592	Mean reward: 19.84375	 Loss: 0.06501813232898712
Step: 4726784	Mean reward: 21.125	 Loss: 0.008912678807973862
Step: 4734976	Mean reward: 20.625	 Loss: -0.07947460561990738
Step: 4743168	Mean reward: 19.5625	 Loss: 0.04184427484869957
Step: 4751360	Mean reward: 20.65625	 Loss: 0.08100045472383499
Step: 4759552	Mean reward: 19.96875	 Loss: -0.059888869524002075
Step: 4767744	Mean reward: 20.3125	 Loss: 0.01729573681950569
Step: 4775936	Mean reward: 19.9375	 Loss: -0.03186578303575516
Step: 4784128	Mean reward: 20.875	 Loss: -0.03508547320961952
Step: 4792320	Mean reward: 21.5625	 Loss: -0.10247492045164108
Step: 4800512	Mean reward: 18.8125	 Loss: -0.017205825075507164
Step: 4808704	Mean reward: 20.8125	 Loss: 0.0035939663648605347
Step: 4816896	Mean reward: 20.125	 Loss: -0.05889341980218887
Step: 4825088	Mean reward: 20.71875	 Loss: -0.04042183980345726
Step: 4833280	Mean reward: 22.125	 Loss: -0.041468799114227295
Step: 4841472	Mean reward: 19.0	 Loss: -0.019523613154888153
Step: 4849664	Mean reward: 20.09375	 Loss: -0.013565745204687119
Step: 4857856	Mean reward: 20.125	 Loss: -0.09958536922931671
Step: 4866048	Mean reward: 20.4375	 Loss: -0.03245354816317558
Step: 4874240	Mean reward: 20.375	 Loss: -0.005167944356799126
Step: 4882432	Mean reward: 20.375	 Loss: -0.04264143854379654
Step: 4890624	Mean reward: 20.8125	 Loss: -0.07735706865787506
Step: 4898816	Mean reward: 22.9375	 Loss: -0.002841576002538204
Step: 4907008	Mean reward: 18.875	 Loss: -0.009445270523428917
Step: 4915200	Mean reward: 20.25	 Loss: -0.01350886095315218
Step: 4923392	Mean reward: 19.71875	 Loss: -0.024562880396842957
Step: 4931584	Mean reward: 20.375	 Loss: -0.023569267243146896
Step: 4939776	Mean reward: 21.71875	 Loss: -0.019250962883234024
Step: 4947968	Mean reward: 21.125	 Loss: -0.011852920055389404
Step: 4956160	Mean reward: 20.8125	 Loss: 0.0083024762570858
Step: 4964352	Mean reward: 21.15625	 Loss: -0.04660245403647423
Step: 4972544	Mean reward: 20.9375	 Loss: 0.0065457988530397415
Step: 4980736	Mean reward: 22.125	 Loss: 0.030587565153837204
Step: 4988928	Mean reward: 21.1875	 Loss: -0.00796131044626236
Step: 4997120	Mean reward: 20.28125	 Loss: 0.05555359646677971
Step: 5005312	Mean reward: 19.5	 Loss: -0.019163664430379868
Step: 5013504	Mean reward: 19.75	 Loss: -0.03493211418390274
Step: 5021696	Mean reward: 21.4375	 Loss: -0.05626203864812851
Step: 5029888	Mean reward: 19.84375	 Loss: -0.044730182737112045
Step: 5038080	Mean reward: 21.40625	 Loss: 0.02191462740302086
Step: 5046272	Mean reward: 21.0625	 Loss: -0.06068629398941994
Step: 5054464	Mean reward: 21.53125	 Loss: -0.033211082220077515
Step: 5062656	Mean reward: 19.6875	 Loss: 0.016196999698877335
Step: 5070848	Mean reward: 21.59375	 Loss: 0.07097777724266052
Step: 5079040	Mean reward: 20.125	 Loss: 0.032100509852170944
Step: 5087232	Mean reward: 20.46875	 Loss: -0.051424428820610046
Step: 5095424	Mean reward: 20.5625	 Loss: -0.013848748058080673
Step: 5103616	Mean reward: 21.53125	 Loss: 0.010711421258747578
Step: 5111808	Mean reward: 21.1875	 Loss: -0.040837667882442474
Step: 5120000	Mean reward: 19.1875	 Loss: -0.05350695550441742
Step: 5128192	Mean reward: 21.96875	 Loss: 0.022240715101361275
Step: 5136384	Mean reward: 21.09375	 Loss: -0.0266424510627985
Step: 5144576	Mean reward: 19.5625	 Loss: 0.058996859937906265
Step: 5152768	Mean reward: 22.40625	 Loss: 0.04216873273253441
Step: 5160960	Mean reward: 21.5625	 Loss: 0.05408439040184021
Step: 5169152	Mean reward: 20.4375	 Loss: 0.0035279616713523865
Step: 5177344	Mean reward: 23.71875	 Loss: -0.02478368952870369
Step: 5185536	Mean reward: 21.78125	 Loss: 0.108835868537426
Step: 5193728	Mean reward: 20.96875	 Loss: 0.0023326482623815536
Step: 5201920	Mean reward: 22.375	 Loss: 0.011770431883633137
Step: 5210112	Mean reward: 20.96875	 Loss: 0.04112226516008377
Step: 5218304	Mean reward: 20.25	 Loss: -0.030715320259332657
Step: 5226496	Mean reward: 22.09375	 Loss: 0.003526800312101841
Step: 5234688	Mean reward: 22.0	 Loss: 0.048830561339855194
Step: 5242880	Mean reward: 20.8125	 Loss: -0.03177584335207939
Step: 5251072	Mean reward: 19.65625	 Loss: -0.04497050493955612
Step: 5259264	Mean reward: 20.71875	 Loss: -0.0059743719175457954
Step: 5267456	Mean reward: 20.96875	 Loss: 0.003195391036570072
Step: 5275648	Mean reward: 21.625	 Loss: 0.04550887644290924
Step: 5283840	Mean reward: 21.9375	 Loss: -0.009921036660671234
Step: 5292032	Mean reward: 22.9375	 Loss: 0.05709664523601532
Step: 5300224	Mean reward: 21.90625	 Loss: -0.031214827671647072
Step: 5308416	Mean reward: 21.09375	 Loss: 0.002198672853410244
Step: 5316608	Mean reward: 22.03125	 Loss: 0.0015291068702936172
Step: 5324800	Mean reward: 20.28125	 Loss: -0.0056311022490262985
Step: 5332992	Mean reward: 20.5	 Loss: -0.057003576308488846
Step: 5341184	Mean reward: 21.8125	 Loss: -0.020917076617479324
Step: 5349376	Mean reward: 20.03125	 Loss: -0.06609921902418137
Step: 5357568	Mean reward: 22.5625	 Loss: -0.05101744085550308
Step: 5365760	Mean reward: 23.125	 Loss: -0.06294938176870346
Step: 5373952	Mean reward: 21.6875	 Loss: 0.04290927201509476
Step: 5382144	Mean reward: 21.1875	 Loss: 0.013863571919500828
Step: 5390336	Mean reward: 21.40625	 Loss: 0.0310580562800169
Step: 5398528	Mean reward: 20.84375	 Loss: 0.02594739943742752
Step: 5406720	Mean reward: 22.0625	 Loss: 0.02954932302236557
Step: 5414912	Mean reward: 21.21875	 Loss: 0.05030730739235878
Step: 5423104	Mean reward: 22.65625	 Loss: 0.01046015415340662
Step: 5431296	Mean reward: 21.625	 Loss: 0.017319481819868088
Step: 5439488	Mean reward: 21.78125	 Loss: -0.04637818783521652
Step: 5447680	Mean reward: 23.25	 Loss: -0.006472832523286343
Step: 5455872	Mean reward: 22.4375	 Loss: -0.0279543474316597
Step: 5464064	Mean reward: 21.96875	 Loss: -0.08124302327632904
Step: 5472256	Mean reward: 21.96875	 Loss: -0.018058745190501213
Step: 5480448	Mean reward: 21.9375	 Loss: 0.024810826405882835
Step: 5488640	Mean reward: 23.96875	 Loss: 0.04308494180440903
Step: 5496832	Mean reward: 22.84375	 Loss: 0.092536062002182
Step: 5505024	Mean reward: 23.125	 Loss: 0.05799749121069908
Step: 5513216	Mean reward: 21.625	 Loss: -0.021577872335910797
Step: 5521408	Mean reward: 20.96875	 Loss: -0.04550697281956673
Step: 5529600	Mean reward: 22.65625	 Loss: 0.03727778047323227
Step: 5537792	Mean reward: 21.65625	 Loss: 0.01951099932193756
Step: 5545984	Mean reward: 23.71875	 Loss: -0.044486626982688904
Step: 5554176	Mean reward: 22.46875	 Loss: 0.03483236953616142
Step: 5562368	Mean reward: 22.53125	 Loss: 0.010882000438869
Step: 5570560	Mean reward: 22.84375	 Loss: 0.034534893929958344
Step: 5578752	Mean reward: 22.53125	 Loss: 0.038720179349184036
Step: 5586944	Mean reward: 22.1875	 Loss: -0.05901738628745079
Step: 5595136	Mean reward: 21.28125	 Loss: -0.05725216120481491
Step: 5603328	Mean reward: 24.125	 Loss: -0.057165175676345825
Step: 5611520	Mean reward: 21.125	 Loss: 0.03475674241781235
Step: 5619712	Mean reward: 22.625	 Loss: 0.012222873978316784
Step: 5627904	Mean reward: 22.59375	 Loss: 0.05020736902952194
Step: 5636096	Mean reward: 19.78125	 Loss: -0.01332415547221899
Step: 5644288	Mean reward: 20.40625	 Loss: -0.02290961518883705
Step: 5652480	Mean reward: 22.46875	 Loss: 0.08409658819437027
Step: 5660672	Mean reward: 22.34375	 Loss: 0.08662933856248856
Step: 5668864	Mean reward: 22.09375	 Loss: 0.07244924455881119
Step: 5677056	Mean reward: 21.9375	 Loss: -0.04212607070803642
Step: 5685248	Mean reward: 21.4375	 Loss: -0.07703011482954025
Step: 5693440	Mean reward: 21.71875	 Loss: -0.021077871322631836
Step: 5701632	Mean reward: 20.96875	 Loss: -0.0979761928319931
Step: 5709824	Mean reward: 22.65625	 Loss: 0.07845675945281982
Step: 5718016	Mean reward: 23.5	 Loss: 0.02130834013223648
Step: 5726208	Mean reward: 22.84375	 Loss: 0.017856402322649956
Step: 5734400	Mean reward: 22.125	 Loss: 0.006575466133654118
Step: 5742592	Mean reward: 23.125	 Loss: -0.01779964566230774
Step: 5750784	Mean reward: 23.09375	 Loss: -0.04885715991258621
Step: 5758976	Mean reward: 22.84375	 Loss: -0.00820091087371111
Step: 5767168	Mean reward: 21.59375	 Loss: -0.05814602971076965
Step: 5775360	Mean reward: 22.40625	 Loss: -0.1251911222934723
Step: 5783552	Mean reward: 21.0625	 Loss: 0.013122077099978924
Step: 5791744	Mean reward: 22.125	 Loss: -0.07122086733579636
Step: 5799936	Mean reward: 22.53125	 Loss: 0.04481733590364456
Step: 5808128	Mean reward: 20.1875	 Loss: -0.04169510677456856
Step: 5816320	Mean reward: 22.625	 Loss: -0.10015331953763962
Step: 5824512	Mean reward: 21.21875	 Loss: -0.03029414638876915
Step: 5832704	Mean reward: 21.6875	 Loss: -0.039377111941576004
Step: 5840896	Mean reward: 20.90625	 Loss: -0.03704209625720978
Step: 5849088	Mean reward: 20.875	 Loss: -0.04572223499417305
Step: 5857280	Mean reward: 20.21875	 Loss: -0.04824308305978775
Step: 5865472	Mean reward: 22.375	 Loss: -0.029195841401815414
Step: 5873664	Mean reward: 22.09375	 Loss: -0.07990949600934982
Step: 5881856	Mean reward: 22.1875	 Loss: -0.08767134696245193
Step: 5890048	Mean reward: 21.75	 Loss: 0.008123844861984253
Step: 5898240	Mean reward: 24.03125	 Loss: -0.014796142466366291
Step: 5906432	Mean reward: 21.4375	 Loss: -0.06947069615125656
Step: 5914624	Mean reward: 22.03125	 Loss: -0.001610422506928444
Step: 5922816	Mean reward: 22.84375	 Loss: 0.04764657840132713
Step: 5931008	Mean reward: 23.71875	 Loss: -0.007737439125776291
Step: 5939200	Mean reward: 22.5	 Loss: -0.0548306405544281
Step: 5947392	Mean reward: 22.71875	 Loss: -0.012846787460148335
Step: 5955584	Mean reward: 22.09375	 Loss: 0.02749304473400116
Step: 5963776	Mean reward: 21.78125	 Loss: 0.004018010571599007
Step: 5971968	Mean reward: 23.15625	 Loss: -0.04867204651236534
Step: 5980160	Mean reward: 21.28125	 Loss: 0.0033906521275639534
Step: 5988352	Mean reward: 23.0	 Loss: -0.058588072657585144
Step: 5996544	Mean reward: 21.6875	 Loss: -0.01446317508816719
Step: 6004736	Mean reward: 22.21875	 Loss: 0.03579629212617874
Step: 6012928	Mean reward: 22.28125	 Loss: -0.005102303810417652
Step: 6021120	Mean reward: 21.8125	 Loss: -0.0051657939329743385
Step: 6029312	Mean reward: 22.5	 Loss: 0.035934362560510635
Step: 6037504	Mean reward: 21.4375	 Loss: 0.020939156413078308
Step: 6045696	Mean reward: 22.46875	 Loss: 0.016707759350538254
Step: 6053888	Mean reward: 22.59375	 Loss: 0.04694150388240814
Step: 6062080	Mean reward: 20.625	 Loss: -0.08570780605077744
Step: 6070272	Mean reward: 21.40625	 Loss: 0.08286617696285248
Step: 6078464	Mean reward: 22.78125	 Loss: -0.055037155747413635
Step: 6086656	Mean reward: 22.5625	 Loss: -0.053006671369075775
Step: 6094848	Mean reward: 21.59375	 Loss: -0.054749514907598495
Step: 6103040	Mean reward: 21.125	 Loss: 0.051870446652173996
Step: 6111232	Mean reward: 22.0625	 Loss: 0.07274477183818817
Step: 6119424	Mean reward: 21.84375	 Loss: -0.07490488886833191
Step: 6127616	Mean reward: 21.96875	 Loss: -0.030758455395698547
Step: 6135808	Mean reward: 21.96875	 Loss: 0.0263214074075222
Step: 6144000	Mean reward: 20.90625	 Loss: 0.0003270721063017845
Step: 6152192	Mean reward: 23.875	 Loss: -0.0011375527828931808
Step: 6160384	Mean reward: 22.3125	 Loss: -0.07416186481714249
Step: 6168576	Mean reward: 23.1875	 Loss: 0.05886196345090866
Step: 6176768	Mean reward: 21.0625	 Loss: -0.012716475874185562
Step: 6184960	Mean reward: 21.9375	 Loss: -0.017037244513630867
Step: 6193152	Mean reward: 24.21875	 Loss: -0.02050408348441124
Step: 6201344	Mean reward: 22.21875	 Loss: 0.046287015080451965
Step: 6209536	Mean reward: 20.78125	 Loss: -0.040049195289611816
Step: 6217728	Mean reward: 21.625	 Loss: 0.010117349214851856
Step: 6225920	Mean reward: 21.875	 Loss: -0.018052343279123306
Step: 6234112	Mean reward: 22.40625	 Loss: 0.005578870885074139
Step: 6242304	Mean reward: 21.0	 Loss: 0.0754597932100296
Step: 6250496	Mean reward: 23.03125	 Loss: -0.019898422062397003
Step: 6258688	Mean reward: 22.0625	 Loss: 0.04007568955421448
Step: 6266880	Mean reward: 21.84375	 Loss: 0.027988584712147713
Step: 6275072	Mean reward: 22.6875	 Loss: -0.03689388558268547
Step: 6283264	Mean reward: 22.5625	 Loss: -0.06633298099040985
Step: 6291456	Mean reward: 23.09375	 Loss: 0.04332388937473297
Step: 6299648	Mean reward: 22.125	 Loss: -0.03343193978071213
Step: 6307840	Mean reward: 23.0	 Loss: 0.0037193456664681435
Step: 6316032	Mean reward: 23.21875	 Loss: 0.03205910697579384
Step: 6324224	Mean reward: 21.21875	 Loss: 0.04646508768200874
Step: 6332416	Mean reward: 21.71875	 Loss: -0.03550421819090843
Step: 6340608	Mean reward: 22.6875	 Loss: -0.03113742172718048
Step: 6348800	Mean reward: 24.78125	 Loss: -0.003603316843509674
Step: 6356992	Mean reward: 22.28125	 Loss: 0.08788539469242096
Step: 6365184	Mean reward: 22.0625	 Loss: -0.014905826188623905
Step: 6373376	Mean reward: 21.28125	 Loss: -0.018526580184698105
Step: 6381568	Mean reward: 22.0625	 Loss: 0.041246481239795685
Step: 6389760	Mean reward: 23.46875	 Loss: 0.025627240538597107
Step: 6397952	Mean reward: 22.59375	 Loss: 0.0287478044629097
Step: 6406144	Mean reward: 22.5625	 Loss: 0.0473107248544693
Step: 6414336	Mean reward: 22.0625	 Loss: 0.05913553014397621
Step: 6422528	Mean reward: 19.90625	 Loss: -0.06558860093355179
Step: 6430720	Mean reward: 22.96875	 Loss: 0.029544755816459656
Step: 6438912	Mean reward: 23.40625	 Loss: 0.04480268806219101
Step: 6447104	Mean reward: 21.84375	 Loss: -0.05744389817118645
Step: 6455296	Mean reward: 21.21875	 Loss: 0.025400999933481216
Step: 6463488	Mean reward: 22.78125	 Loss: -0.02858654595911503
Step: 6471680	Mean reward: 21.21875	 Loss: 0.02806921675801277
Step: 6479872	Mean reward: 23.09375	 Loss: -0.13322076201438904
Step: 6488064	Mean reward: 22.5625	 Loss: 0.018537379801273346
Step: 6496256	Mean reward: 22.4375	 Loss: -0.07810965180397034
Step: 6504448	Mean reward: 21.59375	 Loss: 0.07169480621814728
Step: 6512640	Mean reward: 24.5625	 Loss: -0.03383970633149147
Step: 6520832	Mean reward: 22.21875	 Loss: -0.00631377100944519
Step: 6529024	Mean reward: 22.8125	 Loss: -0.08902892470359802
Step: 6537216	Mean reward: 23.4375	 Loss: 0.011825475841760635
Step: 6545408	Mean reward: 22.8125	 Loss: 0.016076866537332535
Step: 6553600	Mean reward: 23.3125	 Loss: -0.051130037754774094
Step: 6561792	Mean reward: 23.8125	 Loss: 0.03815016523003578
Step: 6569984	Mean reward: 24.125	 Loss: -0.008285349234938622
Step: 6578176	Mean reward: 22.53125	 Loss: 0.019182652235031128
Step: 6586368	Mean reward: 23.03125	 Loss: -0.07483391463756561
Step: 6594560	Mean reward: 24.1875	 Loss: 0.03909863159060478
Step: 6602752	Mean reward: 21.5625	 Loss: 0.007649810053408146
Step: 6610944	Mean reward: 23.0	 Loss: -0.06445538252592087
Step: 6619136	Mean reward: 24.53125	 Loss: 0.022413473576307297
Step: 6627328	Mean reward: 21.65625	 Loss: 0.0175104271620512
Step: 6635520	Mean reward: 23.03125	 Loss: 0.02049030363559723
Step: 6643712	Mean reward: 21.96875	 Loss: -0.03618947044014931
Step: 6651904	Mean reward: 22.1875	 Loss: -0.03211525082588196
Step: 6660096	Mean reward: 22.40625	 Loss: 0.011095342226326466
Step: 6668288	Mean reward: 23.15625	 Loss: -0.04126206040382385
Step: 6676480	Mean reward: 21.1875	 Loss: -0.05495745688676834
Step: 6684672	Mean reward: 22.6875	 Loss: -0.020184380933642387
Step: 6692864	Mean reward: 23.03125	 Loss: -0.028341351076960564
Step: 6701056	Mean reward: 22.84375	 Loss: -0.1090305894613266
Step: 6709248	Mean reward: 23.15625	 Loss: -0.08065127581357956
Step: 6717440	Mean reward: 22.09375	 Loss: -0.053018826991319656
Step: 6725632	Mean reward: 22.625	 Loss: 0.02636030688881874
Step: 6733824	Mean reward: 24.03125	 Loss: -0.007049047388136387
Step: 6742016	Mean reward: 23.125	 Loss: 0.024690862745046616
Step: 6750208	Mean reward: 23.0625	 Loss: 0.05522659793496132
Step: 6758400	Mean reward: 22.21875	 Loss: -0.010360424406826496
Step: 6766592	Mean reward: 22.53125	 Loss: 0.03410638868808746
Step: 6774784	Mean reward: 22.34375	 Loss: -0.0027069570496678352
Step: 6782976	Mean reward: 22.4375	 Loss: -0.023872284218668938
Step: 6791168	Mean reward: 22.625	 Loss: -0.025674672797322273
Step: 6799360	Mean reward: 22.9375	 Loss: -0.06117594242095947
Step: 6807552	Mean reward: 23.21875	 Loss: -0.024830365553498268
Step: 6815744	Mean reward: 23.21875	 Loss: -0.06181466579437256
Step: 6823936	Mean reward: 22.28125	 Loss: -0.055798619985580444
Step: 6832128	Mean reward: 21.78125	 Loss: 0.08026593178510666
Step: 6840320	Mean reward: 21.71875	 Loss: -0.01727183908224106
Step: 6848512	Mean reward: 21.96875	 Loss: -0.04430568590760231
Step: 6856704	Mean reward: 22.15625	 Loss: -0.01318623311817646
Step: 6864896	Mean reward: 20.96875	 Loss: -0.04449330270290375
Step: 6873088	Mean reward: 20.5625	 Loss: -0.009860037826001644
Step: 6881280	Mean reward: 21.90625	 Loss: 0.0429946705698967
Step: 6889472	Mean reward: 22.53125	 Loss: 0.015496959909796715
Step: 6897664	Mean reward: 22.75	 Loss: 0.01375473104417324
Step: 6905856	Mean reward: 22.34375	 Loss: 0.0037684915587306023
Step: 6914048	Mean reward: 23.0625	 Loss: -0.07943253964185715
Step: 6922240	Mean reward: 21.375	 Loss: -0.001980920322239399
Step: 6930432	Mean reward: 22.90625	 Loss: -0.015787051990628242
Step: 6938624	Mean reward: 22.59375	 Loss: -0.00989836547523737
Step: 6946816	Mean reward: 22.125	 Loss: -0.006231107749044895
Step: 6955008	Mean reward: 23.78125	 Loss: -0.0494130402803421
Step: 6963200	Mean reward: 23.0	 Loss: -0.07649289816617966
Step: 6971392	Mean reward: 21.78125	 Loss: 0.08638743311166763
Step: 6979584	Mean reward: 22.25	 Loss: 0.049729883670806885
Step: 6987776	Mean reward: 23.5	 Loss: -0.04859192669391632
Step: 6995968	Mean reward: 23.90625	 Loss: 0.056965675204992294
Step: 7004160	Mean reward: 22.0	 Loss: 0.04686073213815689
Step: 7012352	Mean reward: 22.125	 Loss: -0.042345352470874786
Step: 7020544	Mean reward: 24.8125	 Loss: 0.024050170555710793
Step: 7028736	Mean reward: 23.09375	 Loss: 0.07069671154022217
Step: 7036928	Mean reward: 21.34375	 Loss: -0.07434721291065216
Step: 7045120	Mean reward: 22.6875	 Loss: -0.023121986538171768
Step: 7053312	Mean reward: 23.71875	 Loss: -0.012944516725838184
Step: 7061504	Mean reward: 22.34375	 Loss: -0.005960581824183464
Step: 7069696	Mean reward: 23.375	 Loss: -0.016210438683629036
Step: 7077888	Mean reward: 23.6875	 Loss: -0.015295525081455708
Step: 7086080	Mean reward: 24.5625	 Loss: 0.06696098297834396
Step: 7094272	Mean reward: 22.65625	 Loss: -0.10265161842107773
Step: 7102464	Mean reward: 22.96875	 Loss: -0.05075976625084877
Step: 7110656	Mean reward: 21.53125	 Loss: -0.043558795005083084
Step: 7118848	Mean reward: 22.96875	 Loss: 0.006073157303035259
Step: 7127040	Mean reward: 19.75	 Loss: -0.03620282560586929
Step: 7135232	Mean reward: 22.21875	 Loss: -0.056080929934978485
Step: 7143424	Mean reward: 24.75	 Loss: -0.015347707085311413
Step: 7151616	Mean reward: 23.28125	 Loss: 0.03469904512166977
Step: 7159808	Mean reward: 22.0625	 Loss: -0.0331324003636837
Step: 7168000	Mean reward: 23.65625	 Loss: 0.04988158121705055
Step: 7176192	Mean reward: 22.46875	 Loss: 0.010191666893661022
Step: 7184384	Mean reward: 22.5	 Loss: 0.09368450194597244
Step: 7192576	Mean reward: 22.15625	 Loss: -0.028211236000061035
Step: 7200768	Mean reward: 21.875	 Loss: -0.11378424614667892
Step: 7208960	Mean reward: 23.3125	 Loss: 0.05589694157242775
Step: 7217152	Mean reward: 23.71875	 Loss: 0.09003035724163055
Step: 7225344	Mean reward: 23.375	 Loss: -0.05806216225028038
Step: 7233536	Mean reward: 22.59375	 Loss: -0.030498281121253967
Step: 7241728	Mean reward: 23.84375	 Loss: 0.012925518676638603
Step: 7249920	Mean reward: 23.875	 Loss: 0.03459571674466133
Step: 7258112	Mean reward: 21.96875	 Loss: -0.11076518893241882
Step: 7266304	Mean reward: 21.0625	 Loss: -0.009722711518406868
Step: 7274496	Mean reward: 22.21875	 Loss: -0.08149031549692154
Step: 7282688	Mean reward: 22.34375	 Loss: 0.012336577288806438
Step: 7290880	Mean reward: 22.6875	 Loss: -0.0178526584059
Step: 7299072	Mean reward: 23.21875	 Loss: 0.04226480424404144
Step: 7307264	Mean reward: 22.40625	 Loss: -0.034977987408638
Step: 7315456	Mean reward: 23.125	 Loss: -0.11294988542795181
Step: 7323648	Mean reward: 21.625	 Loss: -0.05704975128173828
Step: 7331840	Mean reward: 20.625	 Loss: -0.058785583823919296
Step: 7340032	Mean reward: 22.0625	 Loss: -0.0035055410116910934
Step: 7348224	Mean reward: 23.96875	 Loss: -0.009104378521442413
Step: 7356416	Mean reward: 21.6875	 Loss: -0.016896024346351624
Step: 7364608	Mean reward: 22.5625	 Loss: 0.09247320145368576
Step: 7372800	Mean reward: 22.28125	 Loss: 0.020079664885997772
Step: 7380992	Mean reward: 20.9375	 Loss: 0.04723181575536728
Step: 7389184	Mean reward: 24.125	 Loss: -0.0025897519662976265
Step: 7397376	Mean reward: 23.375	 Loss: -0.016356803476810455
Step: 7405568	Mean reward: 22.65625	 Loss: -0.01923026330769062
Step: 7413760	Mean reward: 21.03125	 Loss: -0.028230585157871246
Step: 7421952	Mean reward: 22.40625	 Loss: -0.01689482480287552
Step: 7430144	Mean reward: 22.9375	 Loss: -0.007990890182554722
Step: 7438336	Mean reward: 22.75	 Loss: -0.008260957896709442
Step: 7446528	Mean reward: 21.8125	 Loss: -0.04317258670926094
Step: 7454720	Mean reward: 23.34375	 Loss: -0.029640180990099907
Step: 7462912	Mean reward: 22.3125	 Loss: 0.037687961012125015
Step: 7471104	Mean reward: 23.3125	 Loss: -0.004690006375312805
Step: 7479296	Mean reward: 23.6875	 Loss: 0.01112082228064537
Step: 7487488	Mean reward: 22.375	 Loss: 0.004374971613287926
Step: 7495680	Mean reward: 24.46875	 Loss: -0.018692512065172195
Step: 7503872	Mean reward: 23.21875	 Loss: -0.03613189607858658
Step: 7512064	Mean reward: 23.78125	 Loss: -0.053212545812129974
Step: 7520256	Mean reward: 24.6875	 Loss: 0.0025351885706186295
Step: 7528448	Mean reward: 22.9375	 Loss: -0.04558614641427994
Step: 7536640	Mean reward: 24.46875	 Loss: 0.0006604976952075958
Step: 7544832	Mean reward: 22.625	 Loss: -0.06322654336690903
Step: 7553024	Mean reward: 24.84375	 Loss: -0.04520941898226738
Step: 7561216	Mean reward: 24.09375	 Loss: -0.013131905347108841
Step: 7569408	Mean reward: 22.84375	 Loss: 0.037101294845342636
Step: 7577600	Mean reward: 22.625	 Loss: -0.059725672006607056
Step: 7585792	Mean reward: 21.6875	 Loss: -0.03870924189686775
Step: 7593984	Mean reward: 23.53125	 Loss: -0.0080501614138484
Step: 7602176	Mean reward: 23.0625	 Loss: -0.0045547885820269585
Step: 7610368	Mean reward: 23.78125	 Loss: 0.0005574971437454224
Step: 7618560	Mean reward: 22.75	 Loss: -0.03221200406551361
Step: 7626752	Mean reward: 24.59375	 Loss: -0.09828120470046997
Step: 7634944	Mean reward: 21.875	 Loss: -0.055797725915908813
Step: 7643136	Mean reward: 21.59375	 Loss: 0.057977475225925446
Step: 7651328	Mean reward: 20.9375	 Loss: -0.01771209016442299
Step: 7659520	Mean reward: 23.625	 Loss: -0.034460797905921936
Step: 7667712	Mean reward: 22.5	 Loss: 0.004404195584356785
Step: 7675904	Mean reward: 22.03125	 Loss: -0.01731497049331665
Step: 7684096	Mean reward: 23.59375	 Loss: -0.03105795383453369
Step: 7692288	Mean reward: 21.375	 Loss: -0.09210048615932465
Step: 7700480	Mean reward: 21.6875	 Loss: 0.05815571919083595
Step: 7708672	Mean reward: 23.15625	 Loss: -0.031171564012765884
Step: 7716864	Mean reward: 23.34375	 Loss: -0.06714942306280136
Step: 7725056	Mean reward: 22.125	 Loss: -0.03857835754752159
Step: 7733248	Mean reward: 23.125	 Loss: -0.003062525764107704
Step: 7741440	Mean reward: 21.25	 Loss: 0.07063847780227661
Step: 7749632	Mean reward: 23.8125	 Loss: -0.01119998935610056
Step: 7757824	Mean reward: 22.875	 Loss: -0.043487291783094406
Step: 7766016	Mean reward: 22.09375	 Loss: 0.011215899139642715
Step: 7774208	Mean reward: 23.4375	 Loss: 0.03819204866886139
Step: 7782400	Mean reward: 22.8125	 Loss: -0.03147859871387482
Step: 7790592	Mean reward: 23.4375	 Loss: -0.05371634662151337
Step: 7798784	Mean reward: 22.75	 Loss: -0.04689410328865051
Step: 7806976	Mean reward: 24.625	 Loss: 0.0016105091199278831
Step: 7815168	Mean reward: 24.0	 Loss: 0.041451312601566315
Step: 7823360	Mean reward: 23.59375	 Loss: -0.04323098808526993
Step: 7831552	Mean reward: 22.875	 Loss: -0.0413203164935112
Step: 7839744	Mean reward: 20.90625	 Loss: -0.01852460950613022
Step: 7847936	Mean reward: 23.46875	 Loss: -0.011183232069015503
Step: 7856128	Mean reward: 22.21875	 Loss: 0.007433105260133743
Step: 7864320	Mean reward: 23.78125	 Loss: -0.15517762303352356
Step: 7872512	Mean reward: 22.5625	 Loss: 0.0881117731332779
Step: 7880704	Mean reward: 22.375	 Loss: -0.036092475056648254
Step: 7888896	Mean reward: 23.75	 Loss: -0.06465158611536026
Step: 7897088	Mean reward: 23.0	 Loss: 0.03151492774486542
Step: 7905280	Mean reward: 23.96875	 Loss: -0.08021685481071472
Step: 7913472	Mean reward: 22.28125	 Loss: -0.06807323545217514
Step: 7921664	Mean reward: 22.0	 Loss: -0.027009230107069016
Step: 7929856	Mean reward: 23.6875	 Loss: -0.04158848524093628
Step: 7938048	Mean reward: 22.9375	 Loss: 0.02379562333226204
Step: 7946240	Mean reward: 22.1875	 Loss: -0.0087816147133708
Step: 7954432	Mean reward: 22.84375	 Loss: 0.08005696535110474
Step: 7962624	Mean reward: 22.125	 Loss: -0.04590234160423279
Step: 7970816	Mean reward: 22.71875	 Loss: 0.09835165739059448
Step: 7979008	Mean reward: 22.5	 Loss: 0.027356142178177834
Step: 7987200	Mean reward: 23.5	 Loss: -0.028801526874303818
Step: 7995392	Mean reward: 23.09375	 Loss: -0.04890553653240204
Step: 8003584	Mean reward: 24.03125	 Loss: -0.05833645910024643
Step: 8011776	Mean reward: 23.84375	 Loss: 0.04024224355816841
Step: 8019968	Mean reward: 21.09375	 Loss: 0.011249170638620853
Step: 8028160	Mean reward: 23.09375	 Loss: -0.12226516753435135
Step: 8036352	Mean reward: 21.96875	 Loss: -0.020939268171787262
Step: 8044544	Mean reward: 22.8125	 Loss: -0.04282591491937637
Step: 8052736	Mean reward: 22.53125	 Loss: -0.01180740725249052
Step: 8060928	Mean reward: 22.03125	 Loss: 0.03510233759880066
Step: 8069120	Mean reward: 21.09375	 Loss: 0.01589340716600418
Step: 8077312	Mean reward: 21.90625	 Loss: -0.02192726917564869
Step: 8085504	Mean reward: 23.75	 Loss: 0.013410041108727455
Step: 8093696	Mean reward: 23.28125	 Loss: -0.0022525526583194733
Step: 8101888	Mean reward: 21.5	 Loss: -0.02191835641860962
Step: 8110080	Mean reward: 23.5625	 Loss: -0.049056798219680786
Step: 8118272	Mean reward: 22.375	 Loss: -0.016151264309883118
Step: 8126464	Mean reward: 22.65625	 Loss: -0.0815773531794548
Step: 8134656	Mean reward: 22.21875	 Loss: 0.014678153209388256
Step: 8142848	Mean reward: 24.3125	 Loss: 0.025149758905172348
Step: 8151040	Mean reward: 22.375	 Loss: 0.026511410251259804
Step: 8159232	Mean reward: 22.5	 Loss: 0.034424178302288055
Step: 8167424	Mean reward: 23.4375	 Loss: -0.009586159139871597
Step: 8175616	Mean reward: 21.90625	 Loss: -0.023606250062584877
Step: 8183808	Mean reward: 24.4375	 Loss: -0.04218212887644768
Step: 8192000	Mean reward: 22.125	 Loss: 0.03442806005477905
Step: 8200192	Mean reward: 22.3125	 Loss: 0.002396955154836178
Step: 8208384	Mean reward: 23.28125	 Loss: 0.0016366597265005112
Step: 8216576	Mean reward: 22.125	 Loss: -0.02651127055287361
Step: 8224768	Mean reward: 23.03125	 Loss: 0.03913550823926926
Step: 8232960	Mean reward: 21.8125	 Loss: -0.04603830724954605
Step: 8241152	Mean reward: 23.28125	 Loss: -0.05900050699710846
Step: 8249344	Mean reward: 22.71875	 Loss: -0.0336589589715004
Step: 8257536	Mean reward: 23.0	 Loss: -0.031437359750270844
Step: 8265728	Mean reward: 21.53125	 Loss: -0.021745949983596802
Step: 8273920	Mean reward: 22.40625	 Loss: -0.03837360814213753
Step: 8282112	Mean reward: 21.8125	 Loss: -0.00473020039498806
Step: 8290304	Mean reward: 23.71875	 Loss: 0.06986217200756073
Step: 8298496	Mean reward: 21.21875	 Loss: -0.04292070120573044
Step: 8306688	Mean reward: 20.875	 Loss: 0.016185445711016655
Step: 8314880	Mean reward: 22.09375	 Loss: -0.026357097551226616
Step: 8323072	Mean reward: 22.90625	 Loss: -0.03418417647480965
Step: 8331264	Mean reward: 22.0	 Loss: -0.009714357554912567
Step: 8339456	Mean reward: 20.75	 Loss: 0.03971121087670326
Step: 8347648	Mean reward: 23.625	 Loss: -0.06100878864526749
Step: 8355840	Mean reward: 21.9375	 Loss: -0.04596759378910065
Step: 8364032	Mean reward: 21.9375	 Loss: -0.05295742303133011
Step: 8372224	Mean reward: 24.65625	 Loss: -0.017886711284518242
Step: 8380416	Mean reward: 22.40625	 Loss: -0.020497195422649384
Step: 8388608	Mean reward: 22.84375	 Loss: -0.028104066848754883
Step: 8396800	Mean reward: 22.90625	 Loss: 0.0424635224044323
Step: 8404992	Mean reward: 23.53125	 Loss: -0.029046382755041122
Step: 8413184	Mean reward: 23.125	 Loss: 0.08690157532691956
Step: 8421376	Mean reward: 22.25	 Loss: -0.029998525977134705
Step: 8429568	Mean reward: 22.5625	 Loss: 0.05617233365774155
Step: 8437760	Mean reward: 22.40625	 Loss: -0.047666825354099274
Step: 8445952	Mean reward: 23.25	 Loss: -0.05492875725030899
Step: 8454144	Mean reward: 22.3125	 Loss: -0.034394580870866776
Step: 8462336	Mean reward: 21.8125	 Loss: -0.003197707235813141
Step: 8470528	Mean reward: 23.21875	 Loss: 0.029865358024835587
Step: 8478720	Mean reward: 23.90625	 Loss: -0.04612209275364876
Step: 8486912	Mean reward: 22.9375	 Loss: -0.036261748522520065
Step: 8495104	Mean reward: 22.28125	 Loss: -0.020575810223817825
Step: 8503296	Mean reward: 23.1875	 Loss: 0.025688540190458298
Step: 8511488	Mean reward: 22.6875	 Loss: -0.046983711421489716
Step: 8519680	Mean reward: 22.8125	 Loss: -0.001752837561070919
Step: 8527872	Mean reward: 23.8125	 Loss: -0.000566018745303154
Step: 8536064	Mean reward: 23.96875	 Loss: -0.03244337439537048
Step: 8544256	Mean reward: 24.78125	 Loss: -0.07041630893945694
Step: 8552448	Mean reward: 23.0625	 Loss: 0.011529186740517616
Step: 8560640	Mean reward: 22.75	 Loss: -0.056699201464653015
Step: 8568832	Mean reward: 23.53125	 Loss: -0.02137889340519905
Step: 8577024	Mean reward: 23.6875	 Loss: -0.10398489981889725
Step: 8585216	Mean reward: 23.0	 Loss: -0.02184906229376793
Step: 8593408	Mean reward: 25.375	 Loss: 0.02977568283677101
Step: 8601600	Mean reward: 23.0	 Loss: 0.019495192915201187
Step: 8609792	Mean reward: 21.96875	 Loss: 0.01366316620260477
Step: 8617984	Mean reward: 22.90625	 Loss: 0.05028452351689339
Step: 8626176	Mean reward: 25.125	 Loss: -0.043975990265607834
Step: 8634368	Mean reward: 25.0	 Loss: 0.05047008395195007
Step: 8642560	Mean reward: 23.875	 Loss: 0.03574247285723686
Step: 8650752	Mean reward: 23.46875	 Loss: 0.007593040354549885
Step: 8658944	Mean reward: 23.125	 Loss: -0.02157299779355526
Step: 8667136	Mean reward: 23.40625	 Loss: 0.045642998069524765
Step: 8675328	Mean reward: 22.28125	 Loss: -0.01508678775280714
Step: 8683520	Mean reward: 22.8125	 Loss: -0.03054518811404705
Step: 8691712	Mean reward: 22.75	 Loss: 0.018042990937829018
Step: 8699904	Mean reward: 24.09375	 Loss: 0.030334534123539925
Step: 8708096	Mean reward: 21.125	 Loss: -0.035780295729637146
Step: 8716288	Mean reward: 23.125	 Loss: -0.016618186607956886
Step: 8724480	Mean reward: 24.5625	 Loss: 0.031782545149326324
Step: 8732672	Mean reward: 21.625	 Loss: -0.08544651418924332
Step: 8740864	Mean reward: 22.1875	 Loss: 0.019179992377758026
Step: 8749056	Mean reward: 23.71875	 Loss: -0.009075519628822803
Step: 8757248	Mean reward: 22.1875	 Loss: -0.01317836157977581
Step: 8765440	Mean reward: 23.0	 Loss: 0.02115965634584427
Step: 8773632	Mean reward: 22.40625	 Loss: -0.01977544277906418
Step: 8781824	Mean reward: 22.21875	 Loss: -0.08303594589233398
Step: 8790016	Mean reward: 22.65625	 Loss: 0.13231565058231354
Step: 8798208	Mean reward: 23.25	 Loss: -0.038644928485155106
Step: 8806400	Mean reward: 23.1875	 Loss: -0.07114960998296738
Step: 8814592	Mean reward: 23.15625	 Loss: -0.07143503427505493
Step: 8822784	Mean reward: 21.96875	 Loss: -0.010275500826537609
Step: 8830976	Mean reward: 24.40625	 Loss: 0.0008546896278858185
Step: 8839168	Mean reward: 21.71875	 Loss: -0.006004268303513527
Step: 8847360	Mean reward: 22.46875	 Loss: -0.031440071761608124
Step: 8855552	Mean reward: 24.78125	 Loss: 0.009456401690840721
Step: 8863744	Mean reward: 22.78125	 Loss: 0.040205661207437515
Step: 8871936	Mean reward: 24.25	 Loss: -0.042505450546741486
Step: 8880128	Mean reward: 22.4375	 Loss: -0.053887929767370224
Step: 8888320	Mean reward: 22.46875	 Loss: -0.04287703335285187
Step: 8896512	Mean reward: 23.125	 Loss: -0.052753616124391556
Step: 8904704	Mean reward: 23.0	 Loss: 0.059685178101062775
Step: 8912896	Mean reward: 23.4375	 Loss: -0.033116284757852554
Step: 8921088	Mean reward: 25.1875	 Loss: -0.022173086181282997
Step: 8929280	Mean reward: 23.34375	 Loss: -0.05843348056077957
Step: 8937472	Mean reward: 22.625	 Loss: -0.020291807129979134
Step: 8945664	Mean reward: 22.65625	 Loss: 0.005146145820617676
Step: 8953856	Mean reward: 23.21875	 Loss: -0.026920530945062637
Step: 8962048	Mean reward: 22.8125	 Loss: 0.03409070894122124
Step: 8970240	Mean reward: 22.09375	 Loss: 0.0461026206612587
Step: 8978432	Mean reward: 24.9375	 Loss: 0.07140035927295685
Step: 8986624	Mean reward: 22.0	 Loss: -0.005022803321480751
Step: 8994816	Mean reward: 23.46875	 Loss: -0.007261371240019798
Step: 9003008	Mean reward: 23.1875	 Loss: 0.06265692412853241
Completed training at 2021-12-06 19:25:22