Training IMPALA 2 with the following parameter dict:
{'total_steps': 4000000.0, 'num_envs': 32, 'num_steps': 256, 'num_levels': 200, 'num_epochs': 3, 'batch_size': 512, 'eps': 0.2, 'grad_eps': 0.5, 'value_coef': 0.5, 'entropy_coef': 0.01, 'c1': 0.5, 'c2': 0.01, 'num_actions': 15, 'in_channels': 3, 'feature_dim': 64, 'env_name': 'starpilot', 'use_background': False}
stabelized  impala
Observation space: Box([[[0. 0. 0. ... 0. 0. 0.]
  [0. 0. 0. ... 0. 0. 0.]
  [0. 0. 0. ... 0. 0. 0.]
  ...
  [0. 0. 0. ... 0. 0. 0.]
  [0. 0. 0. ... 0. 0. 0.]
  [0. 0. 0. ... 0. 0. 0.]]

 [[0. 0. 0. ... 0. 0. 0.]
  [0. 0. 0. ... 0. 0. 0.]
  [0. 0. 0. ... 0. 0. 0.]
  ...
  [0. 0. 0. ... 0. 0. 0.]
  [0. 0. 0. ... 0. 0. 0.]
  [0. 0. 0. ... 0. 0. 0.]]

 [[0. 0. 0. ... 0. 0. 0.]
  [0. 0. 0. ... 0. 0. 0.]
  [0. 0. 0. ... 0. 0. 0.]
  ...
  [0. 0. 0. ... 0. 0. 0.]
  [0. 0. 0. ... 0. 0. 0.]
  [0. 0. 0. ... 0. 0. 0.]]], [[[1. 1. 1. ... 1. 1. 1.]
  [1. 1. 1. ... 1. 1. 1.]
  [1. 1. 1. ... 1. 1. 1.]
  ...
  [1. 1. 1. ... 1. 1. 1.]
  [1. 1. 1. ... 1. 1. 1.]
  [1. 1. 1. ... 1. 1. 1.]]

 [[1. 1. 1. ... 1. 1. 1.]
  [1. 1. 1. ... 1. 1. 1.]
  [1. 1. 1. ... 1. 1. 1.]
  ...
  [1. 1. 1. ... 1. 1. 1.]
  [1. 1. 1. ... 1. 1. 1.]
  [1. 1. 1. ... 1. 1. 1.]]

 [[1. 1. 1. ... 1. 1. 1.]
  [1. 1. 1. ... 1. 1. 1.]
  [1. 1. 1. ... 1. 1. 1.]
  ...
  [1. 1. 1. ... 1. 1. 1.]
  [1. 1. 1. ... 1. 1. 1.]
  [1. 1. 1. ... 1. 1. 1.]]], (3, 64, 64), float32)
Action space: 15
Step: 8192	Mean reward: 3.8125	 Loss: 0.19614143669605255
Step: 16384	Mean reward: 3.71875	 Loss: 0.06841189414262772
Step: 24576	Mean reward: 5.78125	 Loss: -0.0019805431365966797
Step: 32768	Mean reward: 5.125	 Loss: -0.015515366569161415
Step: 40960	Mean reward: 6.09375	 Loss: -0.051900796592235565
Step: 49152	Mean reward: 5.21875	 Loss: -0.06367600709199905
Step: 57344	Mean reward: 5.28125	 Loss: -0.04154530167579651
Step: 65536	Mean reward: 7.46875	 Loss: -0.07631026953458786
Step: 73728	Mean reward: 6.6875	 Loss: -0.029615245759487152
Step: 81920	Mean reward: 6.875	 Loss: -0.09362480044364929
Step: 90112	Mean reward: 7.5	 Loss: -0.0933147594332695
Step: 98304	Mean reward: 6.5	 Loss: -0.07236261665821075
Step: 106496	Mean reward: 6.8125	 Loss: -0.06281046569347382
Step: 114688	Mean reward: 7.25	 Loss: -0.1247263103723526
Step: 122880	Mean reward: 7.6875	 Loss: -0.07723090052604675
Step: 131072	Mean reward: 6.96875	 Loss: -0.00826757587492466
Step: 139264	Mean reward: 7.5	 Loss: -0.14000928401947021
Step: 147456	Mean reward: 6.875	 Loss: -0.12879522144794464
Step: 155648	Mean reward: 7.8125	 Loss: -0.01750878244638443
Step: 163840	Mean reward: 7.53125	 Loss: -0.15693382918834686
Step: 172032	Mean reward: 7.8125	 Loss: -0.0839637890458107
Step: 180224	Mean reward: 8.25	 Loss: -0.04461972042918205
Step: 188416	Mean reward: 7.78125	 Loss: -0.07794855535030365
Step: 196608	Mean reward: 8.625	 Loss: -0.09488540887832642
Step: 204800	Mean reward: 8.78125	 Loss: -0.07578520476818085
Step: 212992	Mean reward: 7.71875	 Loss: -0.027669522911310196
Step: 221184	Mean reward: 8.1875	 Loss: -0.08133100718259811
Step: 229376	Mean reward: 7.6875	 Loss: -0.09876016527414322
Step: 237568	Mean reward: 9.5	 Loss: -0.13442358374595642
Step: 245760	Mean reward: 7.625	 Loss: -0.20686525106430054
Step: 253952	Mean reward: 8.875	 Loss: -0.03415719419717789
Step: 262144	Mean reward: 9.0625	 Loss: -0.13530892133712769
Step: 270336	Mean reward: 8.625	 Loss: -0.05805177986621857
Step: 278528	Mean reward: 9.0625	 Loss: -0.058742374181747437
Step: 286720	Mean reward: 9.03125	 Loss: -0.10831353068351746
Step: 294912	Mean reward: 7.96875	 Loss: -0.05828970670700073
Step: 303104	Mean reward: 8.1875	 Loss: -0.09807661920785904
Step: 311296	Mean reward: 8.03125	 Loss: -0.0843142420053482
Step: 319488	Mean reward: 8.625	 Loss: -0.08331747353076935
Step: 327680	Mean reward: 8.0	 Loss: -0.05418700352311134
Step: 335872	Mean reward: 9.78125	 Loss: -0.06980682909488678
Step: 344064	Mean reward: 7.71875	 Loss: -0.12609659135341644
Step: 352256	Mean reward: 8.78125	 Loss: -0.06797721236944199
Step: 360448	Mean reward: 10.78125	 Loss: -0.11891999840736389
Step: 368640	Mean reward: 9.75	 Loss: -0.09196287393569946
Step: 376832	Mean reward: 9.53125	 Loss: -0.13447290658950806
Step: 385024	Mean reward: 9.46875	 Loss: -0.07976224273443222
Step: 393216	Mean reward: 9.46875	 Loss: -0.06749550998210907
Step: 401408	Mean reward: 9.5	 Loss: -0.14520253241062164
Step: 409600	Mean reward: 8.71875	 Loss: -0.11092525720596313
Step: 417792	Mean reward: 9.625	 Loss: -0.045155417174100876
Step: 425984	Mean reward: 9.59375	 Loss: -0.09472186118364334
Step: 434176	Mean reward: 10.65625	 Loss: -0.11311233043670654
Step: 442368	Mean reward: 10.09375	 Loss: -0.04809201508760452
Step: 450560	Mean reward: 9.34375	 Loss: -0.04572148993611336
Step: 458752	Mean reward: 10.28125	 Loss: -0.10365451872348785
Step: 466944	Mean reward: 9.15625	 Loss: -0.13397404551506042
Step: 475136	Mean reward: 10.125	 Loss: -0.15995478630065918
Step: 483328	Mean reward: 8.90625	 Loss: -0.15532180666923523
Step: 491520	Mean reward: 10.09375	 Loss: -0.09482790529727936
Step: 499712	Mean reward: 9.4375	 Loss: -0.16551806032657623
Step: 507904	Mean reward: 9.34375	 Loss: -0.07941518723964691
Step: 516096	Mean reward: 9.625	 Loss: -0.11503668129444122
Step: 524288	Mean reward: 9.8125	 Loss: -0.13251465559005737
Step: 532480	Mean reward: 9.40625	 Loss: -0.16021543741226196
Step: 540672	Mean reward: 10.625	 Loss: -0.0991097092628479
Step: 548864	Mean reward: 11.5625	 Loss: -0.12081848829984665
Step: 557056	Mean reward: 9.96875	 Loss: -0.15383274853229523
Step: 565248	Mean reward: 8.71875	 Loss: -0.08976265043020248
Step: 573440	Mean reward: 9.90625	 Loss: -0.13011866807937622
Step: 581632	Mean reward: 9.90625	 Loss: -0.07001165300607681
Step: 589824	Mean reward: 9.96875	 Loss: -0.1397903710603714
Step: 598016	Mean reward: 10.5	 Loss: -0.06534074991941452
Step: 606208	Mean reward: 10.375	 Loss: 0.0061192940920591354
Step: 614400	Mean reward: 11.21875	 Loss: -0.13055521249771118
Step: 622592	Mean reward: 11.0625	 Loss: -0.05955183878540993
Step: 630784	Mean reward: 9.75	 Loss: -0.10968142002820969
Step: 638976	Mean reward: 10.25	 Loss: -0.14992554485797882
Step: 647168	Mean reward: 11.09375	 Loss: -0.08677221834659576
Step: 655360	Mean reward: 11.0625	 Loss: -0.18426698446273804
Step: 663552	Mean reward: 10.78125	 Loss: -0.0782545655965805
Step: 671744	Mean reward: 10.0625	 Loss: -0.1662539690732956
Step: 679936	Mean reward: 11.125	 Loss: -0.06790384650230408
Step: 688128	Mean reward: 9.71875	 Loss: -0.15024825930595398
Step: 696320	Mean reward: 11.90625	 Loss: -0.10313227027654648
Step: 704512	Mean reward: 12.625	 Loss: -0.02953045256435871
Step: 712704	Mean reward: 10.25	 Loss: -0.04398251697421074
Step: 720896	Mean reward: 12.59375	 Loss: -0.060339950025081635
Step: 729088	Mean reward: 12.21875	 Loss: -0.08899182826280594
Step: 737280	Mean reward: 10.21875	 Loss: -0.06415703147649765
Step: 745472	Mean reward: 11.53125	 Loss: -0.08465462923049927
Step: 753664	Mean reward: 11.5625	 Loss: -0.07838931679725647
Step: 761856	Mean reward: 10.0625	 Loss: -0.08363518863916397
Step: 770048	Mean reward: 10.53125	 Loss: -0.1230449452996254
Step: 778240	Mean reward: 10.59375	 Loss: -0.0418732650578022
Step: 786432	Mean reward: 11.40625	 Loss: -0.08626528084278107
Step: 794624	Mean reward: 10.28125	 Loss: -0.20405255258083344
Step: 802816	Mean reward: 11.46875	 Loss: -0.138305202126503
Step: 811008	Mean reward: 8.875	 Loss: -0.13188208639621735
Step: 819200	Mean reward: 10.15625	 Loss: -0.1574336588382721
Step: 827392	Mean reward: 10.09375	 Loss: -0.05957123637199402
Step: 835584	Mean reward: 10.9375	 Loss: -0.11727249622344971
Step: 843776	Mean reward: 10.375	 Loss: -0.1315581500530243
Step: 851968	Mean reward: 11.34375	 Loss: -0.14126025140285492
Step: 860160	Mean reward: 10.78125	 Loss: -0.04933331906795502
Step: 868352	Mean reward: 11.90625	 Loss: -0.1254483014345169
Step: 876544	Mean reward: 11.96875	 Loss: -0.12051756680011749
Step: 884736	Mean reward: 11.8125	 Loss: -0.12538975477218628
Step: 892928	Mean reward: 11.90625	 Loss: -0.07475479692220688
Step: 901120	Mean reward: 10.84375	 Loss: -0.1259419322013855
Step: 909312	Mean reward: 12.375	 Loss: -0.13617825508117676
Step: 917504	Mean reward: 12.40625	 Loss: -0.13638073205947876
Step: 925696	Mean reward: 11.21875	 Loss: 0.010022755712270737
Step: 933888	Mean reward: 11.71875	 Loss: -0.11390303820371628
Step: 942080	Mean reward: 12.65625	 Loss: -0.06672580540180206
Step: 950272	Mean reward: 12.40625	 Loss: -0.1684281975030899
Step: 958464	Mean reward: 12.90625	 Loss: -0.14588068425655365
Step: 966656	Mean reward: 10.71875	 Loss: -0.14339493215084076
Step: 974848	Mean reward: 12.1875	 Loss: -0.10555340349674225
Step: 983040	Mean reward: 12.65625	 Loss: -0.1711781769990921
Step: 991232	Mean reward: 11.3125	 Loss: -0.09601403027772903
Step: 999424	Mean reward: 12.53125	 Loss: -0.1353207230567932
Step: 1007616	Mean reward: 10.34375	 Loss: -0.13154476881027222
Step: 1015808	Mean reward: 12.125	 Loss: -0.11926518380641937
Step: 1024000	Mean reward: 12.5625	 Loss: -0.1302908957004547
Step: 1032192	Mean reward: 13.53125	 Loss: -0.12088455259799957
Step: 1040384	Mean reward: 12.28125	 Loss: -0.12652337551116943
Step: 1048576	Mean reward: 12.53125	 Loss: -0.04846347123384476
Step: 1056768	Mean reward: 11.59375	 Loss: -0.07514709234237671
Step: 1064960	Mean reward: 13.53125	 Loss: -0.13961224257946014
Step: 1073152	Mean reward: 12.5625	 Loss: -0.08429712057113647
Step: 1081344	Mean reward: 12.84375	 Loss: -0.08968596160411835
Step: 1089536	Mean reward: 14.3125	 Loss: -0.1307888925075531
Step: 1097728	Mean reward: 14.90625	 Loss: -0.12721729278564453
Step: 1105920	Mean reward: 12.40625	 Loss: -0.09481244534254074
Step: 1114112	Mean reward: 13.125	 Loss: -0.1107851192355156
Step: 1122304	Mean reward: 12.25	 Loss: -0.1154579147696495
Step: 1130496	Mean reward: 13.03125	 Loss: 0.0073476433753967285
Step: 1138688	Mean reward: 12.8125	 Loss: -0.11574473977088928
Step: 1146880	Mean reward: 13.96875	 Loss: -0.06258565932512283
Step: 1155072	Mean reward: 12.21875	 Loss: -0.06275953352451324
Step: 1163264	Mean reward: 12.90625	 Loss: -0.17405232787132263
Step: 1171456	Mean reward: 14.21875	 Loss: -0.08820164948701859
Step: 1179648	Mean reward: 15.1875	 Loss: 0.012396687641739845
Step: 1187840	Mean reward: 12.71875	 Loss: -0.04007565230131149
Step: 1196032	Mean reward: 13.03125	 Loss: -0.06536015123128891
Step: 1204224	Mean reward: 13.53125	 Loss: -0.11028435826301575
Step: 1212416	Mean reward: 12.5	 Loss: -0.04274638742208481
Step: 1220608	Mean reward: 13.15625	 Loss: -0.13776414096355438
Step: 1228800	Mean reward: 14.84375	 Loss: -0.09347625076770782
Step: 1236992	Mean reward: 12.8125	 Loss: -0.08793395757675171
Step: 1245184	Mean reward: 13.125	 Loss: -0.1412183791399002
Step: 1253376	Mean reward: 12.75	 Loss: -0.10553130507469177
Step: 1261568	Mean reward: 13.9375	 Loss: -0.06586049497127533
Step: 1269760	Mean reward: 14.28125	 Loss: -0.14462019503116608
Step: 1277952	Mean reward: 12.8125	 Loss: -0.12079191952943802
Step: 1286144	Mean reward: 13.09375	 Loss: -0.12000357359647751
Step: 1294336	Mean reward: 13.5	 Loss: -0.13096319139003754
Step: 1302528	Mean reward: 13.875	 Loss: -0.13926208019256592
Step: 1310720	Mean reward: 12.96875	 Loss: -0.08340489864349365
Step: 1318912	Mean reward: 13.375	 Loss: -0.09562193602323532
Step: 1327104	Mean reward: 13.125	 Loss: -0.05082446709275246
Step: 1335296	Mean reward: 13.96875	 Loss: -0.1609574854373932
Step: 1343488	Mean reward: 14.375	 Loss: -0.08970795571804047
Step: 1351680	Mean reward: 13.34375	 Loss: -0.07053060829639435
Step: 1359872	Mean reward: 12.96875	 Loss: -0.14965131878852844
Step: 1368064	Mean reward: 13.34375	 Loss: -0.15997518599033356
Step: 1376256	Mean reward: 13.625	 Loss: -0.11934901028871536
Step: 1384448	Mean reward: 13.5625	 Loss: -0.13282519578933716
Step: 1392640	Mean reward: 15.46875	 Loss: -0.06805989891290665
Step: 1400832	Mean reward: 13.75	 Loss: -0.049001894891262054
Step: 1409024	Mean reward: 13.25	 Loss: -0.08760049939155579
Step: 1417216	Mean reward: 13.40625	 Loss: -0.12585099041461945
Step: 1425408	Mean reward: 14.1875	 Loss: -0.0324736163020134
Step: 1433600	Mean reward: 15.28125	 Loss: -0.06621779501438141
Step: 1441792	Mean reward: 12.53125	 Loss: -0.14284692704677582
Step: 1449984	Mean reward: 14.46875	 Loss: -0.07366713881492615
Step: 1458176	Mean reward: 13.0625	 Loss: -0.06755410134792328
Step: 1466368	Mean reward: 13.375	 Loss: -0.11967131495475769
Step: 1474560	Mean reward: 13.03125	 Loss: -0.1072147861123085
Step: 1482752	Mean reward: 14.8125	 Loss: -0.1036544144153595
Step: 1490944	Mean reward: 13.8125	 Loss: -0.13648024201393127
Step: 1499136	Mean reward: 14.5625	 Loss: -0.14435969293117523
Step: 1507328	Mean reward: 13.25	 Loss: -0.07792907953262329
Step: 1515520	Mean reward: 14.75	 Loss: -0.13299500942230225
Step: 1523712	Mean reward: 13.59375	 Loss: -0.18987888097763062
Step: 1531904	Mean reward: 13.75	 Loss: -0.02025282010436058
Step: 1540096	Mean reward: 13.78125	 Loss: -0.10133461654186249
Step: 1548288	Mean reward: 14.59375	 Loss: -0.1241600513458252
Step: 1556480	Mean reward: 14.9375	 Loss: -0.09834741055965424
Step: 1564672	Mean reward: 14.0625	 Loss: -0.07711324840784073
Step: 1572864	Mean reward: 14.90625	 Loss: -0.11455292254686356
Step: 1581056	Mean reward: 15.75	 Loss: -0.0916345939040184
Step: 1589248	Mean reward: 13.3125	 Loss: -0.15939374268054962
Step: 1597440	Mean reward: 14.6875	 Loss: -0.11912424117326736
Step: 1605632	Mean reward: 14.8125	 Loss: -0.06959518045186996
Step: 1613824	Mean reward: 14.15625	 Loss: -0.05759912729263306
Step: 1622016	Mean reward: 15.5	 Loss: -0.07568205893039703
Step: 1630208	Mean reward: 14.3125	 Loss: -0.06293506175279617
Step: 1638400	Mean reward: 15.03125	 Loss: -0.0461711511015892
Step: 1646592	Mean reward: 13.75	 Loss: -0.13087931275367737
Step: 1654784	Mean reward: 14.625	 Loss: -0.07206755876541138
Step: 1662976	Mean reward: 15.375	 Loss: -0.05959209427237511
Step: 1671168	Mean reward: 14.78125	 Loss: -0.08329389989376068
Step: 1679360	Mean reward: 14.75	 Loss: -0.05278269201517105
Step: 1687552	Mean reward: 15.09375	 Loss: -0.09706950932741165
Step: 1695744	Mean reward: 15.53125	 Loss: -0.112596295773983
Step: 1703936	Mean reward: 15.78125	 Loss: -0.05413588136434555
Step: 1712128	Mean reward: 14.0625	 Loss: -0.1088285967707634
Step: 1720320	Mean reward: 14.59375	 Loss: -0.0810757651925087
Step: 1728512	Mean reward: 15.09375	 Loss: -0.05248340219259262
Step: 1736704	Mean reward: 16.65625	 Loss: -0.056598007678985596
Step: 1744896	Mean reward: 15.0625	 Loss: -0.16451770067214966
Step: 1753088	Mean reward: 16.59375	 Loss: -0.08077654987573624
Step: 1761280	Mean reward: 16.6875	 Loss: -0.05005171149969101
Step: 1769472	Mean reward: 14.53125	 Loss: -0.10342063754796982
Step: 1777664	Mean reward: 15.5	 Loss: -0.1260027438402176
Step: 1785856	Mean reward: 16.25	 Loss: -0.03056369349360466
Step: 1794048	Mean reward: 15.46875	 Loss: -0.08351922035217285
Step: 1802240	Mean reward: 15.65625	 Loss: -0.06709735840559006
Step: 1810432	Mean reward: 14.71875	 Loss: -0.1359694004058838
Step: 1818624	Mean reward: 15.8125	 Loss: -0.06718018651008606
Step: 1826816	Mean reward: 16.1875	 Loss: -0.0300583653151989
Step: 1835008	Mean reward: 15.46875	 Loss: -0.08753224462270737
Step: 1843200	Mean reward: 13.84375	 Loss: -0.13658471405506134
Step: 1851392	Mean reward: 15.3125	 Loss: -0.13759027421474457
Step: 1859584	Mean reward: 15.90625	 Loss: -0.061570070683956146
Step: 1867776	Mean reward: 17.25	 Loss: -0.053770240396261215
Step: 1875968	Mean reward: 15.53125	 Loss: -0.09700598567724228
Step: 1884160	Mean reward: 15.1875	 Loss: -0.08744004368782043
Step: 1892352	Mean reward: 14.78125	 Loss: -0.03424903005361557
Step: 1900544	Mean reward: 13.90625	 Loss: -0.10913926362991333
Step: 1908736	Mean reward: 15.375	 Loss: -0.10892427712678909
Step: 1916928	Mean reward: 18.0	 Loss: -0.09596384316682816
Step: 1925120	Mean reward: 14.5625	 Loss: -0.25156357884407043
Step: 1933312	Mean reward: 15.4375	 Loss: -0.054119549691677094
Step: 1941504	Mean reward: 15.15625	 Loss: -0.09548590332269669
Step: 1949696	Mean reward: 15.0625	 Loss: -0.10775408148765564
Step: 1957888	Mean reward: 17.59375	 Loss: -0.04998602345585823
Step: 1966080	Mean reward: 16.09375	 Loss: -0.13968412578105927
Step: 1974272	Mean reward: 15.375	 Loss: -0.002845331095159054
Step: 1982464	Mean reward: 13.8125	 Loss: -0.13718260824680328
Step: 1990656	Mean reward: 15.65625	 Loss: -0.11894552409648895
Step: 1998848	Mean reward: 14.71875	 Loss: -0.13453379273414612
Step: 2007040	Mean reward: 15.59375	 Loss: -0.06349699944257736
Step: 2015232	Mean reward: 15.25	 Loss: -0.07137585431337357
Step: 2023424	Mean reward: 16.4375	 Loss: -0.14402610063552856
Step: 2031616	Mean reward: 15.5625	 Loss: -0.12062878906726837
Step: 2039808	Mean reward: 15.84375	 Loss: -0.0940590649843216
Step: 2048000	Mean reward: 15.1875	 Loss: -0.0731152594089508
Step: 2056192	Mean reward: 14.09375	 Loss: -0.14992694556713104
Step: 2064384	Mean reward: 16.71875	 Loss: -0.15478840470314026
Step: 2072576	Mean reward: 16.96875	 Loss: -0.08578472584486008
Step: 2080768	Mean reward: 14.3125	 Loss: -0.20107972621917725
Step: 2088960	Mean reward: 15.5625	 Loss: -0.08425858616828918
Step: 2097152	Mean reward: 16.4375	 Loss: -0.09711452573537827
Step: 2105344	Mean reward: 16.4375	 Loss: -0.08447962999343872
Step: 2113536	Mean reward: 15.59375	 Loss: -0.03934944048523903
Step: 2121728	Mean reward: 15.6875	 Loss: 0.002055247314274311
Step: 2129920	Mean reward: 16.78125	 Loss: -0.02561807632446289
Step: 2138112	Mean reward: 16.1875	 Loss: -0.08946213871240616
Step: 2146304	Mean reward: 15.71875	 Loss: -0.06909097731113434
Step: 2154496	Mean reward: 15.3125	 Loss: -0.07956058531999588
Step: 2162688	Mean reward: 16.3125	 Loss: -0.08503486216068268
Step: 2170880	Mean reward: 16.21875	 Loss: -0.09716952592134476
Step: 2179072	Mean reward: 16.1875	 Loss: -0.11095523834228516
Step: 2187264	Mean reward: 16.15625	 Loss: -0.053659699857234955
Step: 2195456	Mean reward: 16.28125	 Loss: -0.0719815045595169
Step: 2203648	Mean reward: 15.375	 Loss: -0.08092641830444336
Step: 2211840	Mean reward: 13.96875	 Loss: -0.10184528678655624
Step: 2220032	Mean reward: 14.65625	 Loss: -0.1003732681274414
Step: 2228224	Mean reward: 15.53125	 Loss: -0.056208766996860504
Step: 2236416	Mean reward: 15.4375	 Loss: -0.12818172574043274
Step: 2244608	Mean reward: 15.875	 Loss: -0.06996486335992813
Step: 2252800	Mean reward: 16.21875	 Loss: -0.07549092918634415
Step: 2260992	Mean reward: 15.34375	 Loss: -0.0866396501660347
Step: 2269184	Mean reward: 15.78125	 Loss: -0.017329111695289612
Step: 2277376	Mean reward: 14.96875	 Loss: -0.11344493925571442
Step: 2285568	Mean reward: 15.59375	 Loss: -0.01136818528175354
Step: 2293760	Mean reward: 15.96875	 Loss: -0.09819916635751724
Step: 2301952	Mean reward: 15.34375	 Loss: -0.06584538519382477
Step: 2310144	Mean reward: 16.34375	 Loss: -0.07164540141820908
Step: 2318336	Mean reward: 16.59375	 Loss: -0.08804699778556824
Step: 2326528	Mean reward: 16.625	 Loss: -0.12431622296571732
Step: 2334720	Mean reward: 15.5625	 Loss: -0.13187789916992188
Step: 2342912	Mean reward: 16.78125	 Loss: -0.1940414309501648
Step: 2351104	Mean reward: 16.09375	 Loss: -0.13074874877929688
Step: 2359296	Mean reward: 16.5625	 Loss: -0.05070991814136505
Step: 2367488	Mean reward: 16.0625	 Loss: -0.12536388635635376
Step: 2375680	Mean reward: 15.9375	 Loss: -0.09294180572032928
Step: 2383872	Mean reward: 16.1875	 Loss: -0.07171902060508728
Step: 2392064	Mean reward: 17.78125	 Loss: -0.07938294112682343
Step: 2400256	Mean reward: 16.1875	 Loss: -0.08215299248695374
Step: 2408448	Mean reward: 15.0625	 Loss: -0.01020639855414629
Step: 2416640	Mean reward: 14.46875	 Loss: -0.06072641909122467
Step: 2424832	Mean reward: 16.09375	 Loss: -0.11400480568408966
Step: 2433024	Mean reward: 15.5	 Loss: -0.139313206076622
Step: 2441216	Mean reward: 14.34375	 Loss: -0.026115983724594116
Step: 2449408	Mean reward: 16.5625	 Loss: -0.02673916518688202
Step: 2457600	Mean reward: 15.6875	 Loss: -0.09320446848869324
Step: 2465792	Mean reward: 16.03125	 Loss: -0.12092244625091553
Step: 2473984	Mean reward: 16.15625	 Loss: -0.03488023579120636
Step: 2482176	Mean reward: 17.53125	 Loss: -0.07341206818819046
Step: 2490368	Mean reward: 15.28125	 Loss: -0.13867659866809845
Step: 2498560	Mean reward: 16.625	 Loss: -0.0018808161839842796
Step: 2506752	Mean reward: 15.21875	 Loss: -0.0783274918794632
Step: 2514944	Mean reward: 14.0	 Loss: -0.01392139121890068
Step: 2523136	Mean reward: 14.625	 Loss: -0.034265484660863876
Step: 2531328	Mean reward: 15.65625	 Loss: -0.10705443471670151
Step: 2539520	Mean reward: 15.09375	 Loss: -0.05037129297852516
Step: 2547712	Mean reward: 17.53125	 Loss: -0.06675367802381516
Step: 2555904	Mean reward: 15.4375	 Loss: -0.07948693633079529
Step: 2564096	Mean reward: 16.28125	 Loss: -0.13547593355178833
Step: 2572288	Mean reward: 14.84375	 Loss: -0.1132344901561737
Step: 2580480	Mean reward: 16.28125	 Loss: -0.14492042362689972
Step: 2588672	Mean reward: 16.625	 Loss: -0.06453849375247955
Step: 2596864	Mean reward: 15.8125	 Loss: -0.07466422021389008
Step: 2605056	Mean reward: 16.34375	 Loss: -0.07597333937883377
Step: 2613248	Mean reward: 16.78125	 Loss: -0.06145453825592995
Step: 2621440	Mean reward: 14.5	 Loss: -0.07929672300815582
Step: 2629632	Mean reward: 15.4375	 Loss: -0.07665294408798218
Step: 2637824	Mean reward: 16.53125	 Loss: -0.03355768322944641
Step: 2646016	Mean reward: 15.75	 Loss: -0.10738417506217957
Step: 2654208	Mean reward: 17.3125	 Loss: -0.025473259389400482
Step: 2662400	Mean reward: 16.5	 Loss: -0.044682200998067856
Step: 2670592	Mean reward: 15.6875	 Loss: -0.1260303109884262
Step: 2678784	Mean reward: 16.59375	 Loss: -0.08143667876720428
Step: 2686976	Mean reward: 16.75	 Loss: -0.08098839223384857
Step: 2695168	Mean reward: 15.84375	 Loss: -0.06509322673082352
Step: 2703360	Mean reward: 15.75	 Loss: -0.10805077850818634
Step: 2711552	Mean reward: 14.71875	 Loss: -0.006475253030657768
Step: 2719744	Mean reward: 16.09375	 Loss: -0.06865119934082031
Step: 2727936	Mean reward: 15.84375	 Loss: -0.13066649436950684
Step: 2736128	Mean reward: 16.53125	 Loss: -0.0946185514330864
Step: 2744320	Mean reward: 16.46875	 Loss: -0.06405103206634521
Step: 2752512	Mean reward: 15.90625	 Loss: -0.10073000937700272
Step: 2760704	Mean reward: 17.8125	 Loss: -0.11694410443305969
Step: 2768896	Mean reward: 15.9375	 Loss: -0.18387937545776367
Step: 2777088	Mean reward: 17.625	 Loss: -0.06976137310266495
Step: 2785280	Mean reward: 17.125	 Loss: -0.10337810963392258
Step: 2793472	Mean reward: 16.75	 Loss: -0.10054651647806168
Step: 2801664	Mean reward: 17.03125	 Loss: -0.14346367120742798
Step: 2809856	Mean reward: 16.09375	 Loss: -0.1189730316400528
Step: 2818048	Mean reward: 15.125	 Loss: -0.09384908527135849
Step: 2826240	Mean reward: 16.375	 Loss: -0.07240435481071472
Step: 2834432	Mean reward: 16.03125	 Loss: -0.07226189225912094
Step: 2842624	Mean reward: 16.46875	 Loss: -0.04743454232811928
Step: 2850816	Mean reward: 16.5625	 Loss: -0.020358558744192123
Step: 2859008	Mean reward: 15.78125	 Loss: -0.053413026034832
Step: 2867200	Mean reward: 16.3125	 Loss: -0.06454857438802719
Step: 2875392	Mean reward: 15.5	 Loss: -0.14229288697242737
Step: 2883584	Mean reward: 17.84375	 Loss: -0.04158243164420128
Step: 2891776	Mean reward: 17.0625	 Loss: -0.10808691382408142
Step: 2899968	Mean reward: 17.71875	 Loss: -0.011582688428461552
Step: 2908160	Mean reward: 16.21875	 Loss: -0.1327880173921585
Step: 2916352	Mean reward: 15.5	 Loss: -0.06993826478719711
Step: 2924544	Mean reward: 16.25	 Loss: -0.12844868004322052
Step: 2932736	Mean reward: 16.5	 Loss: -0.10143235325813293
Step: 2940928	Mean reward: 15.28125	 Loss: -0.12439468502998352
Step: 2949120	Mean reward: 16.625	 Loss: -0.07398264110088348
Step: 2957312	Mean reward: 15.125	 Loss: -0.12657424807548523
Step: 2965504	Mean reward: 16.5625	 Loss: -0.09834793210029602
Step: 2973696	Mean reward: 16.96875	 Loss: -0.12455453723669052
Step: 2981888	Mean reward: 16.03125	 Loss: -0.08483617007732391
Step: 2990080	Mean reward: 16.5625	 Loss: -0.08520283550024033
Step: 2998272	Mean reward: 16.625	 Loss: -0.05767884850502014
Step: 3006464	Mean reward: 16.625	 Loss: -0.03066374361515045
Step: 3014656	Mean reward: 17.0	 Loss: -0.07085120677947998
Step: 3022848	Mean reward: 16.34375	 Loss: -0.02337580919265747
Step: 3031040	Mean reward: 15.9375	 Loss: 0.0015830779448151588
Step: 3039232	Mean reward: 16.75	 Loss: -0.04649893194437027
Step: 3047424	Mean reward: 17.1875	 Loss: -0.05638130009174347
Step: 3055616	Mean reward: 17.6875	 Loss: -0.04820629954338074
Step: 3063808	Mean reward: 17.03125	 Loss: -0.10674050450325012
Step: 3072000	Mean reward: 17.21875	 Loss: -0.03181954100728035
Step: 3080192	Mean reward: 15.5	 Loss: -0.06081083416938782
Step: 3088384	Mean reward: 16.46875	 Loss: -0.05455095320940018
Step: 3096576	Mean reward: 16.53125	 Loss: -0.03940017893910408
Step: 3104768	Mean reward: 17.84375	 Loss: -0.13816803693771362
Step: 3112960	Mean reward: 16.6875	 Loss: -0.11909858882427216
Step: 3121152	Mean reward: 16.53125	 Loss: -0.11341235041618347
Step: 3129344	Mean reward: 16.4375	 Loss: -0.021534660831093788
Step: 3137536	Mean reward: 16.9375	 Loss: -0.048259325325489044
Step: 3145728	Mean reward: 17.0625	 Loss: -0.11757287383079529
Step: 3153920	Mean reward: 16.625	 Loss: -0.08658705651760101
Step: 3162112	Mean reward: 16.375	 Loss: -0.03209840506315231
Step: 3170304	Mean reward: 17.75	 Loss: -0.08471477031707764
Step: 3178496	Mean reward: 18.0625	 Loss: -0.10980481654405594
Step: 3186688	Mean reward: 15.5625	 Loss: -0.10157530009746552
Step: 3194880	Mean reward: 18.28125	 Loss: -0.0073289694264531136
Step: 3203072	Mean reward: 18.125	 Loss: -0.09034973382949829
Step: 3211264	Mean reward: 16.375	 Loss: -0.0994790568947792
Step: 3219456	Mean reward: 17.125	 Loss: -0.08518888056278229
Step: 3227648	Mean reward: 16.71875	 Loss: -0.04039355367422104
Step: 3235840	Mean reward: 16.125	 Loss: -0.06245477870106697
Step: 3244032	Mean reward: 17.59375	 Loss: -0.055505912750959396
Step: 3252224	Mean reward: 17.28125	 Loss: -0.05853837728500366
Step: 3260416	Mean reward: 17.03125	 Loss: -0.12015589326620102
Step: 3268608	Mean reward: 17.1875	 Loss: -0.05697113648056984
Step: 3276800	Mean reward: 17.9375	 Loss: -0.05924030765891075
Step: 3284992	Mean reward: 17.28125	 Loss: -0.11654162406921387
Step: 3293184	Mean reward: 16.59375	 Loss: -0.057854242622852325
Step: 3301376	Mean reward: 17.25	 Loss: -0.14123007655143738
Step: 3309568	Mean reward: 16.6875	 Loss: -0.04799734801054001
Step: 3317760	Mean reward: 15.75	 Loss: -0.0891399160027504
Step: 3325952	Mean reward: 16.84375	 Loss: -0.022705713286995888
Step: 3334144	Mean reward: 17.25	 Loss: -0.1061391830444336
Step: 3342336	Mean reward: 16.34375	 Loss: -0.1892249435186386
Step: 3350528	Mean reward: 16.9375	 Loss: -0.058434583246707916
Step: 3358720	Mean reward: 18.3125	 Loss: -0.09440349787473679
Step: 3366912	Mean reward: 16.46875	 Loss: -0.09768263250589371
Step: 3375104	Mean reward: 16.375	 Loss: -0.05280861631035805
Step: 3383296	Mean reward: 16.6875	 Loss: -0.1535877138376236
Step: 3391488	Mean reward: 16.75	 Loss: -0.14976541697978973
Step: 3399680	Mean reward: 16.1875	 Loss: -0.09936711192131042
Step: 3407872	Mean reward: 16.53125	 Loss: -0.11179047077894211
Step: 3416064	Mean reward: 16.78125	 Loss: -0.10254756361246109
Step: 3424256	Mean reward: 15.5625	 Loss: -0.05730757489800453
Step: 3432448	Mean reward: 16.09375	 Loss: -0.01841622218489647
Step: 3440640	Mean reward: 16.1875	 Loss: -0.09983985126018524
Step: 3448832	Mean reward: 15.875	 Loss: -0.0721030905842781
Step: 3457024	Mean reward: 17.5625	 Loss: -0.05017347261309624
Step: 3465216	Mean reward: 16.25	 Loss: -0.0700467973947525
Step: 3473408	Mean reward: 16.6875	 Loss: -0.07706564664840698
Step: 3481600	Mean reward: 17.6875	 Loss: -0.13045956194400787
Step: 3489792	Mean reward: 17.625	 Loss: -0.06545188277959824
Step: 3497984	Mean reward: 16.84375	 Loss: -0.07610657066106796
Step: 3506176	Mean reward: 17.9375	 Loss: -0.017433520406484604
Step: 3514368	Mean reward: 16.375	 Loss: 0.013313972391188145
Step: 3522560	Mean reward: 17.75	 Loss: -0.06647254526615143
Step: 3530752	Mean reward: 17.03125	 Loss: -0.08375488221645355
Step: 3538944	Mean reward: 17.8125	 Loss: -0.062160685658454895
Step: 3547136	Mean reward: 17.40625	 Loss: -0.07590455561876297
Step: 3555328	Mean reward: 16.65625	 Loss: 0.008971111848950386
Step: 3563520	Mean reward: 17.59375	 Loss: -0.06878653168678284
Step: 3571712	Mean reward: 16.96875	 Loss: -0.15247929096221924
Step: 3579904	Mean reward: 17.875	 Loss: -0.059606920927762985
Step: 3588096	Mean reward: 17.4375	 Loss: -0.05821435898542404
Step: 3596288	Mean reward: 18.03125	 Loss: -0.0504431389272213
Step: 3604480	Mean reward: 17.40625	 Loss: -0.004507829435169697
Step: 3612672	Mean reward: 16.375	 Loss: -0.10045235604047775
Step: 3620864	Mean reward: 16.21875	 Loss: -0.10395580530166626
Step: 3629056	Mean reward: 16.25	 Loss: -0.07376659661531448
Step: 3637248	Mean reward: 16.75	 Loss: -0.06022205203771591
Step: 3645440	Mean reward: 14.5625	 Loss: -0.1933053731918335
Step: 3653632	Mean reward: 18.1875	 Loss: -0.0632132738828659
Step: 3661824	Mean reward: 16.3125	 Loss: -0.14784614741802216
Step: 3670016	Mean reward: 16.03125	 Loss: -0.12337325513362885
Step: 3678208	Mean reward: 16.875	 Loss: -0.05268378555774689
Step: 3686400	Mean reward: 17.40625	 Loss: -0.07416365295648575
Step: 3694592	Mean reward: 15.75	 Loss: -0.021198878064751625
Step: 3702784	Mean reward: 18.34375	 Loss: -0.044193774461746216
Step: 3710976	Mean reward: 17.25	 Loss: -0.0757174864411354
Step: 3719168	Mean reward: 18.53125	 Loss: -0.0654759630560875
Step: 3727360	Mean reward: 17.90625	 Loss: -0.06362172961235046
Step: 3735552	Mean reward: 15.75	 Loss: -0.04431656002998352
Step: 3743744	Mean reward: 16.40625	 Loss: -0.05011896789073944
Step: 3751936	Mean reward: 17.5625	 Loss: -0.07994958758354187
Step: 3760128	Mean reward: 15.8125	 Loss: -0.12220321595668793
Step: 3768320	Mean reward: 17.1875	 Loss: -0.06263607740402222
Step: 3776512	Mean reward: 17.03125	 Loss: -0.0828637182712555
Step: 3784704	Mean reward: 16.1875	 Loss: -0.08828115463256836
Step: 3792896	Mean reward: 17.46875	 Loss: -0.09502849727869034
Step: 3801088	Mean reward: 17.1875	 Loss: -0.10964236408472061
Step: 3809280	Mean reward: 16.40625	 Loss: -0.04437988996505737
Step: 3817472	Mean reward: 17.34375	 Loss: -0.10580252856016159
Step: 3825664	Mean reward: 16.0	 Loss: -0.10355517268180847
Step: 3833856	Mean reward: 17.78125	 Loss: -0.0033721905201673508
Step: 3842048	Mean reward: 17.15625	 Loss: -0.06478531658649445
Step: 3850240	Mean reward: 15.8125	 Loss: -0.07468719035387039
Step: 3858432	Mean reward: 16.625	 Loss: -0.06470229476690292
Step: 3866624	Mean reward: 16.59375	 Loss: -0.06658053398132324
Step: 3874816	Mean reward: 17.25	 Loss: -0.06348903477191925
Step: 3883008	Mean reward: 16.5	 Loss: -0.04906176030635834
Step: 3891200	Mean reward: 16.53125	 Loss: -0.004959548823535442
Step: 3899392	Mean reward: 18.40625	 Loss: 0.017062179744243622
Step: 3907584	Mean reward: 17.5625	 Loss: -0.05948379263281822
Step: 3915776	Mean reward: 16.59375	 Loss: -0.040084388107061386
Step: 3923968	Mean reward: 17.78125	 Loss: -0.061555035412311554
Step: 3932160	Mean reward: 18.875	 Loss: -0.026848094537854195
Step: 3940352	Mean reward: 16.90625	 Loss: -0.04742938280105591
Step: 3948544	Mean reward: 17.0	 Loss: -0.0750918984413147
Step: 3956736	Mean reward: 19.125	 Loss: -0.07450176775455475
Step: 3964928	Mean reward: 16.5	 Loss: -0.04518402740359306
Step: 3973120	Mean reward: 16.40625	 Loss: -0.04574199020862579
Step: 3981312	Mean reward: 17.25	 Loss: -0.021508323028683662
Step: 3989504	Mean reward: 16.75	 Loss: -0.05647158622741699
Step: 3997696	Mean reward: 16.96875	 Loss: 0.000365295447409153
Step: 4005888	Mean reward: 17.71875	 Loss: -0.08537367731332779
Completed training at 2021-12-06 02:48:09
Observation space: Box([[[0. 0. 0. ... 0. 0. 0.]
  [0. 0. 0. ... 0. 0. 0.]
  [0. 0. 0. ... 0. 0. 0.]
  ...
  [0. 0. 0. ... 0. 0. 0.]
  [0. 0. 0. ... 0. 0. 0.]
  [0. 0. 0. ... 0. 0. 0.]]

 [[0. 0. 0. ... 0. 0. 0.]
  [0. 0. 0. ... 0. 0. 0.]
  [0. 0. 0. ... 0. 0. 0.]
  ...
  [0. 0. 0. ... 0. 0. 0.]
  [0. 0. 0. ... 0. 0. 0.]
  [0. 0. 0. ... 0. 0. 0.]]

 [[0. 0. 0. ... 0. 0. 0.]
  [0. 0. 0. ... 0. 0. 0.]
  [0. 0. 0. ... 0. 0. 0.]
  ...
  [0. 0. 0. ... 0. 0. 0.]
  [0. 0. 0. ... 0. 0. 0.]
  [0. 0. 0. ... 0. 0. 0.]]], [[[1. 1. 1. ... 1. 1. 1.]
  [1. 1. 1. ... 1. 1. 1.]
  [1. 1. 1. ... 1. 1. 1.]
  ...
  [1. 1. 1. ... 1. 1. 1.]
  [1. 1. 1. ... 1. 1. 1.]
  [1. 1. 1. ... 1. 1. 1.]]

 [[1. 1. 1. ... 1. 1. 1.]
  [1. 1. 1. ... 1. 1. 1.]
  [1. 1. 1. ... 1. 1. 1.]
  ...
  [1. 1. 1. ... 1. 1. 1.]
  [1. 1. 1. ... 1. 1. 1.]
  [1. 1. 1. ... 1. 1. 1.]]

 [[1. 1. 1. ... 1. 1. 1.]
  [1. 1. 1. ... 1. 1. 1.]
  [1. 1. 1. ... 1. 1. 1.]
  ...
  [1. 1. 1. ... 1. 1. 1.]
  [1. 1. 1. ... 1. 1. 1.]
  [1. 1. 1. ... 1. 1. 1.]]], (3, 64, 64), float32)
Action space: 15
Step: 8192	Mean reward: 4.96875	 Loss: 9.182884216308594
Step: 16384	Mean reward: 4.78125	 Loss: 6.7141265869140625
Step: 24576	Mean reward: 5.40625	 Loss: 4.628645896911621
Step: 32768	Mean reward: 6.34375	 Loss: 2.8725385665893555
Step: 40960	Mean reward: 6.75	 Loss: 2.18766713142395
Step: 49152	Mean reward: 6.375	 Loss: 1.7669049501419067
Step: 57344	Mean reward: 5.125	 Loss: 1.6399463415145874
Step: 65536	Mean reward: 6.6875	 Loss: 1.362459659576416
Step: 73728	Mean reward: 7.53125	 Loss: 0.9635845422744751
Step: 81920	Mean reward: 7.0625	 Loss: 0.9215739369392395
Step: 90112	Mean reward: 7.40625	 Loss: 0.6891898512840271
Step: 98304	Mean reward: 8.53125	 Loss: 0.6949234008789062
Step: 106496	Mean reward: 7.90625	 Loss: 0.5708019733428955
Step: 114688	Mean reward: 7.84375	 Loss: 0.5655130743980408
Step: 122880	Mean reward: 9.25	 Loss: 0.4271412789821625
Step: 131072	Mean reward: 8.96875	 Loss: 0.3659029006958008
Step: 139264	Mean reward: 9.0	 Loss: 0.40264829993247986
Step: 147456	Mean reward: 9.0	 Loss: 0.28460660576820374
Step: 155648	Mean reward: 9.125	 Loss: 0.18507958948612213
Step: 163840	Mean reward: 10.09375	 Loss: 0.12898260354995728
Step: 172032	Mean reward: 10.40625	 Loss: 0.12687236070632935
Step: 180224	Mean reward: 9.53125	 Loss: 0.03713271766901016
Step: 188416	Mean reward: 11.03125	 Loss: 0.07027553021907806
Step: 196608	Mean reward: 9.96875	 Loss: -0.022628724575042725
Step: 204800	Mean reward: 10.28125	 Loss: -0.07621310651302338
Step: 212992	Mean reward: 9.46875	 Loss: -0.04736354202032089
Step: 221184	Mean reward: 10.9375	 Loss: -0.04466313123703003
Step: 229376	Mean reward: 12.125	 Loss: -0.07528908550739288
Step: 237568	Mean reward: 11.6875	 Loss: -0.05569060891866684
Step: 245760	Mean reward: 12.3125	 Loss: -0.14821814000606537
Step: 253952	Mean reward: 10.78125	 Loss: -0.06133950874209404
Step: 262144	Mean reward: 12.65625	 Loss: -0.0829257071018219
Step: 270336	Mean reward: 11.90625	 Loss: -0.08226609230041504
Step: 278528	Mean reward: 13.03125	 Loss: -0.005143614485859871
Step: 286720	Mean reward: 12.9375	 Loss: -0.03302624449133873
Step: 294912	Mean reward: 13.0	 Loss: -0.023941582068800926
Step: 303104	Mean reward: 13.71875	 Loss: -0.03647835552692413
Step: 311296	Mean reward: 13.5	 Loss: -0.055974531918764114
Step: 319488	Mean reward: 13.03125	 Loss: -0.07704710215330124
Step: 327680	Mean reward: 13.3125	 Loss: 0.008875582367181778
Step: 335872	Mean reward: 13.46875	 Loss: -0.06212031468749046
Step: 344064	Mean reward: 14.875	 Loss: -0.11230146884918213
Step: 352256	Mean reward: 13.75	 Loss: -0.14631296694278717
Step: 360448	Mean reward: 15.25	 Loss: -0.03904349356889725
Step: 368640	Mean reward: 14.9375	 Loss: -0.034048713743686676
Step: 376832	Mean reward: 13.59375	 Loss: -0.00755549781024456
Step: 385024	Mean reward: 14.65625	 Loss: -0.11921007186174393
Step: 393216	Mean reward: 13.65625	 Loss: -0.0642794668674469
Step: 401408	Mean reward: 14.8125	 Loss: 0.002696666866540909
Step: 409600	Mean reward: 13.4375	 Loss: -0.14737509191036224
Step: 417792	Mean reward: 14.9375	 Loss: -0.020179305225610733
Step: 425984	Mean reward: 14.3125	 Loss: -0.04721323773264885
Step: 434176	Mean reward: 14.78125	 Loss: -0.10927975177764893
Step: 442368	Mean reward: 13.4375	 Loss: -0.07806339859962463
Step: 450560	Mean reward: 14.5625	 Loss: -0.19608701765537262
Step: 458752	Mean reward: 14.34375	 Loss: -0.0537986196577549
Step: 466944	Mean reward: 15.28125	 Loss: -0.07864713668823242
Step: 475136	Mean reward: 14.96875	 Loss: -0.1069314107298851
Step: 483328	Mean reward: 14.9375	 Loss: -0.0321381501853466
Step: 491520	Mean reward: 15.34375	 Loss: -0.03818516060709953
Step: 499712	Mean reward: 15.40625	 Loss: -0.10782365500926971
Step: 507904	Mean reward: 15.09375	 Loss: -0.042195387184619904
Step: 516096	Mean reward: 14.9375	 Loss: -0.14906378090381622
Step: 524288	Mean reward: 14.5625	 Loss: -0.07620888948440552
Step: 532480	Mean reward: 14.65625	 Loss: -0.11956813186407089
Step: 540672	Mean reward: 15.84375	 Loss: -0.06079224497079849
Step: 548864	Mean reward: 15.28125	 Loss: -0.13727077841758728
Step: 557056	Mean reward: 14.59375	 Loss: -0.14554831385612488
Step: 565248	Mean reward: 14.65625	 Loss: -0.0998288169503212
Step: 573440	Mean reward: 15.90625	 Loss: -0.09134279191493988
Step: 581632	Mean reward: 15.5625	 Loss: -0.04599958658218384
Step: 589824	Mean reward: 15.59375	 Loss: -0.07927641272544861
Step: 598016	Mean reward: 16.59375	 Loss: -0.11768478155136108
Step: 606208	Mean reward: 14.15625	 Loss: -0.1198028177022934
Step: 614400	Mean reward: 16.03125	 Loss: -0.11726956069469452
Step: 622592	Mean reward: 16.03125	 Loss: -0.11980602890253067
Step: 630784	Mean reward: 15.78125	 Loss: -0.13257738947868347
Step: 638976	Mean reward: 16.53125	 Loss: -0.03606533259153366
Step: 647168	Mean reward: 16.59375	 Loss: -0.16704414784908295
Step: 655360	Mean reward: 15.28125	 Loss: -0.13537098467350006
Step: 663552	Mean reward: 14.9375	 Loss: -0.05603237822651863
Step: 671744	Mean reward: 15.40625	 Loss: -0.0954488217830658
Step: 679936	Mean reward: 15.5625	 Loss: -0.11135511100292206
Step: 688128	Mean reward: 16.78125	 Loss: -0.09941428154706955
Step: 696320	Mean reward: 16.125	 Loss: -0.07058213651180267
Step: 704512	Mean reward: 16.125	 Loss: -0.1338661164045334
Step: 712704	Mean reward: 16.78125	 Loss: -0.06875962764024734
Step: 720896	Mean reward: 16.8125	 Loss: -0.09468714892864227
Step: 729088	Mean reward: 17.84375	 Loss: -0.0932670533657074
Step: 737280	Mean reward: 16.4375	 Loss: -0.11479862779378891
Step: 745472	Mean reward: 17.15625	 Loss: -0.10534117370843887
Step: 753664	Mean reward: 16.4375	 Loss: -0.04331021010875702
Step: 761856	Mean reward: 17.78125	 Loss: -0.06043027341365814
Step: 770048	Mean reward: 16.8125	 Loss: -0.10412182658910751
Step: 778240	Mean reward: 16.4375	 Loss: -0.1275174915790558
Step: 786432	Mean reward: 16.3125	 Loss: -0.018036790192127228
Step: 794624	Mean reward: 15.875	 Loss: -0.06225816160440445
Step: 802816	Mean reward: 17.75	 Loss: -0.06542639434337616
Step: 811008	Mean reward: 15.71875	 Loss: -0.02284221351146698
Step: 819200	Mean reward: 16.5	 Loss: -0.06546958535909653
Step: 827392	Mean reward: 16.8125	 Loss: -0.026241103187203407
Step: 835584	Mean reward: 17.78125	 Loss: -0.08735168725252151
Step: 843776	Mean reward: 17.53125	 Loss: -0.08149688690900803
Step: 851968	Mean reward: 17.375	 Loss: -0.044050127267837524
Step: 860160	Mean reward: 17.375	 Loss: -0.0889124646782875
Step: 868352	Mean reward: 17.84375	 Loss: -0.11621244996786118
Step: 876544	Mean reward: 16.34375	 Loss: -0.06999988108873367
Step: 884736	Mean reward: 16.46875	 Loss: -0.04400387406349182
Step: 892928	Mean reward: 16.8125	 Loss: -0.07402123510837555
Step: 901120	Mean reward: 16.65625	 Loss: -0.06284883618354797
Step: 909312	Mean reward: 16.34375	 Loss: -0.03148062899708748
Step: 917504	Mean reward: 16.34375	 Loss: -0.0916779562830925
Step: 925696	Mean reward: 17.625	 Loss: -0.11102703958749771
Step: 933888	Mean reward: 17.75	 Loss: -0.08846431970596313
Step: 942080	Mean reward: 18.8125	 Loss: -0.0824241191148758
Step: 950272	Mean reward: 16.71875	 Loss: -0.09685032069683075
Step: 958464	Mean reward: 18.34375	 Loss: -0.12329685688018799
Step: 966656	Mean reward: 16.8125	 Loss: -0.11623746156692505
Step: 974848	Mean reward: 17.71875	 Loss: -0.13131083548069
Step: 983040	Mean reward: 18.34375	 Loss: -0.1158616691827774
Step: 991232	Mean reward: 17.34375	 Loss: -0.06508706510066986
Step: 999424	Mean reward: 18.34375	 Loss: -0.13784106075763702
Step: 1007616	Mean reward: 17.0625	 Loss: -0.07752442359924316
Step: 1015808	Mean reward: 17.09375	 Loss: -0.14918141067028046
Step: 1024000	Mean reward: 17.90625	 Loss: -0.12121637165546417
Step: 1032192	Mean reward: 18.4375	 Loss: -0.09776844084262848
Step: 1040384	Mean reward: 17.4375	 Loss: -0.09273210167884827
Step: 1048576	Mean reward: 19.5	 Loss: -0.056554246693849564
Step: 1056768	Mean reward: 17.25	 Loss: -0.10559066385030746
Step: 1064960	Mean reward: 16.3125	 Loss: -0.08286862820386887
Step: 1073152	Mean reward: 17.25	 Loss: -0.10512024164199829
Step: 1081344	Mean reward: 17.625	 Loss: -0.046994857490062714
Step: 1089536	Mean reward: 17.71875	 Loss: -0.020683692768216133
Step: 1097728	Mean reward: 18.75	 Loss: -0.005918024107813835
Step: 1105920	Mean reward: 17.28125	 Loss: -0.1093234121799469
Step: 1114112	Mean reward: 17.46875	 Loss: -0.020716892555356026
Step: 1122304	Mean reward: 16.84375	 Loss: -0.07435392588376999
Step: 1130496	Mean reward: 18.46875	 Loss: -0.046040382236242294
Step: 1138688	Mean reward: 17.75	 Loss: -0.05182180181145668
Step: 1146880	Mean reward: 18.75	 Loss: -0.11640705913305283
Step: 1155072	Mean reward: 16.28125	 Loss: -0.06705261766910553
Step: 1163264	Mean reward: 17.6875	 Loss: -0.10702355206012726
Step: 1171456	Mean reward: 17.59375	 Loss: -0.042277563363313675
Step: 1179648	Mean reward: 18.0625	 Loss: -0.017738770693540573
Step: 1187840	Mean reward: 17.125	 Loss: -0.06928615272045135
Step: 1196032	Mean reward: 18.875	 Loss: -0.07204114645719528
Step: 1204224	Mean reward: 17.9375	 Loss: -0.04031591862440109
Step: 1212416	Mean reward: 18.53125	 Loss: -0.12053088843822479
Step: 1220608	Mean reward: 18.78125	 Loss: 0.004627636633813381
Step: 1228800	Mean reward: 16.78125	 Loss: -0.0352606400847435
Step: 1236992	Mean reward: 18.96875	 Loss: -0.09619556367397308
Step: 1245184	Mean reward: 17.75	 Loss: -0.08667178452014923
Step: 1253376	Mean reward: 18.53125	 Loss: -0.12347640842199326
Step: 1261568	Mean reward: 18.59375	 Loss: -0.10549113154411316
Step: 1269760	Mean reward: 17.59375	 Loss: -0.03206253796815872
Step: 1277952	Mean reward: 17.03125	 Loss: -0.07773406058549881
Step: 1286144	Mean reward: 17.25	 Loss: 0.010056672617793083
Step: 1294336	Mean reward: 19.5	 Loss: -0.049197789281606674
Step: 1302528	Mean reward: 17.96875	 Loss: -0.10951939970254898
Step: 1310720	Mean reward: 17.53125	 Loss: 0.049309249967336655
Step: 1318912	Mean reward: 17.84375	 Loss: -0.007567385211586952
Step: 1327104	Mean reward: 18.0625	 Loss: -0.1237405315041542
Step: 1335296	Mean reward: 18.59375	 Loss: -0.047309767454862595
Step: 1343488	Mean reward: 18.1875	 Loss: -0.07034637033939362
Step: 1351680	Mean reward: 19.5625	 Loss: -0.016682980582118034
Step: 1359872	Mean reward: 18.21875	 Loss: -0.04058148339390755
Step: 1368064	Mean reward: 17.3125	 Loss: -0.08086059242486954
Step: 1376256	Mean reward: 18.09375	 Loss: -0.022074878215789795
Step: 1384448	Mean reward: 17.5625	 Loss: -0.1060047298669815
Step: 1392640	Mean reward: 18.84375	 Loss: -0.15015117824077606
Step: 1400832	Mean reward: 16.9375	 Loss: -0.009762133471667767
Step: 1409024	Mean reward: 19.0	 Loss: -0.013351334258913994
Step: 1417216	Mean reward: 18.5	 Loss: -0.05442824959754944
Step: 1425408	Mean reward: 18.8125	 Loss: -0.046870313584804535
Step: 1433600	Mean reward: 19.25	 Loss: -0.022799640893936157
Step: 1441792	Mean reward: 17.59375	 Loss: -0.07412435114383698
Step: 1449984	Mean reward: 18.09375	 Loss: -0.05596653372049332
Step: 1458176	Mean reward: 19.40625	 Loss: -0.07541177421808243
Step: 1466368	Mean reward: 18.28125	 Loss: -0.057727307081222534
Step: 1474560	Mean reward: 18.5625	 Loss: -0.042493127286434174
Step: 1482752	Mean reward: 19.90625	 Loss: -0.08463659882545471
Step: 1490944	Mean reward: 18.0625	 Loss: -0.07272544503211975
Step: 1499136	Mean reward: 17.25	 Loss: -0.10376477241516113
Step: 1507328	Mean reward: 18.5625	 Loss: -0.05547795817255974
Step: 1515520	Mean reward: 18.5	 Loss: -0.06569363921880722
Step: 1523712	Mean reward: 18.9375	 Loss: -0.14429625868797302
Step: 1531904	Mean reward: 20.25	 Loss: -0.07195819169282913
Step: 1540096	Mean reward: 18.90625	 Loss: -0.07029546052217484
Step: 1548288	Mean reward: 18.34375	 Loss: -0.07959805428981781
Step: 1556480	Mean reward: 18.75	 Loss: -0.011969981715083122
Step: 1564672	Mean reward: 19.21875	 Loss: -0.1145305335521698
Step: 1572864	Mean reward: 19.625	 Loss: -0.005182116292417049
Step: 1581056	Mean reward: 19.21875	 Loss: -0.07128570228815079
Step: 1589248	Mean reward: 16.90625	 Loss: -0.10759060084819794
Step: 1597440	Mean reward: 17.5625	 Loss: -0.039152149111032486
Step: 1605632	Mean reward: 16.375	 Loss: -0.05343768745660782
Step: 1613824	Mean reward: 17.59375	 Loss: -0.07333680987358093
Step: 1622016	Mean reward: 18.3125	 Loss: -0.007568909786641598
Step: 1630208	Mean reward: 18.34375	 Loss: -0.11946840584278107
Step: 1638400	Mean reward: 18.34375	 Loss: -0.02218577265739441
Step: 1646592	Mean reward: 17.1875	 Loss: -0.11693822592496872
Step: 1654784	Mean reward: 18.625	 Loss: -0.06915812194347382
Step: 1662976	Mean reward: 16.5625	 Loss: -0.1340802162885666
Step: 1671168	Mean reward: 18.90625	 Loss: -0.12090277671813965
Step: 1679360	Mean reward: 18.8125	 Loss: -0.12583398818969727
Step: 1687552	Mean reward: 17.46875	 Loss: -0.02124154195189476
Step: 1695744	Mean reward: 16.8125	 Loss: -0.040435127913951874
Step: 1703936	Mean reward: 18.8125	 Loss: 0.07663717120885849
Step: 1712128	Mean reward: 17.46875	 Loss: -0.0702160894870758
Step: 1720320	Mean reward: 16.03125	 Loss: -0.04850002005696297
Step: 1728512	Mean reward: 16.96875	 Loss: -0.0513080395758152
Step: 1736704	Mean reward: 19.25	 Loss: -0.1284443438053131
Step: 1744896	Mean reward: 20.0625	 Loss: -0.0538804717361927
Step: 1753088	Mean reward: 19.0	 Loss: -0.061792194843292236
Step: 1761280	Mean reward: 18.9375	 Loss: -0.050408050417900085
Step: 1769472	Mean reward: 18.4375	 Loss: -0.06325326859951019
Step: 1777664	Mean reward: 19.46875	 Loss: -0.05053136870265007
Step: 1785856	Mean reward: 17.59375	 Loss: -0.0363452285528183
Step: 1794048	Mean reward: 17.4375	 Loss: -0.09246387332677841
Step: 1802240	Mean reward: 18.125	 Loss: -0.05818629637360573
Step: 1810432	Mean reward: 18.90625	 Loss: -0.0214106235653162
Step: 1818624	Mean reward: 17.25	 Loss: -0.13207662105560303
Step: 1826816	Mean reward: 19.21875	 Loss: -0.09717448800802231
Step: 1835008	Mean reward: 19.09375	 Loss: -0.05270858108997345
Step: 1843200	Mean reward: 18.53125	 Loss: -0.16061991453170776
Step: 1851392	Mean reward: 18.84375	 Loss: -0.06225654482841492
Step: 1859584	Mean reward: 18.25	 Loss: -0.08664491027593613
Step: 1867776	Mean reward: 18.3125	 Loss: -0.024913284927606583
Step: 1875968	Mean reward: 17.59375	 Loss: -0.08801398426294327
Step: 1884160	Mean reward: 17.71875	 Loss: -0.06459233164787292
Step: 1892352	Mean reward: 17.28125	 Loss: -0.08989379554986954
Step: 1900544	Mean reward: 20.4375	 Loss: -0.032641373574733734
Step: 1908736	Mean reward: 18.96875	 Loss: 0.01257559284567833
Step: 1916928	Mean reward: 18.3125	 Loss: -0.1505446583032608
Step: 1925120	Mean reward: 17.6875	 Loss: -0.08587969094514847
Step: 1933312	Mean reward: 17.5625	 Loss: -0.057842474430799484
Step: 1941504	Mean reward: 18.40625	 Loss: -0.08850949257612228
Step: 1949696	Mean reward: 18.125	 Loss: -0.14322388172149658
Step: 1957888	Mean reward: 17.75	 Loss: -0.10105709731578827
Step: 1966080	Mean reward: 17.9375	 Loss: 0.007707587443292141
Step: 1974272	Mean reward: 18.125	 Loss: -0.07258246839046478
Step: 1982464	Mean reward: 19.71875	 Loss: 0.012268837541341782
Step: 1990656	Mean reward: 17.8125	 Loss: -0.04942767322063446
Step: 1998848	Mean reward: 17.59375	 Loss: -0.060676783323287964
Step: 2007040	Mean reward: 18.46875	 Loss: -0.07956681400537491
Step: 2015232	Mean reward: 18.34375	 Loss: -0.038064807653427124
Step: 2023424	Mean reward: 20.40625	 Loss: 0.04407895356416702
Step: 2031616	Mean reward: 19.28125	 Loss: -0.05382008105516434
Step: 2039808	Mean reward: 18.40625	 Loss: -0.055022336542606354
Step: 2048000	Mean reward: 19.53125	 Loss: -0.10968662798404694
Step: 2056192	Mean reward: 19.5625	 Loss: -0.03524412959814072
Step: 2064384	Mean reward: 18.5625	 Loss: -0.06271380186080933
Step: 2072576	Mean reward: 18.96875	 Loss: -0.07356815785169601
Step: 2080768	Mean reward: 20.40625	 Loss: -0.0526362843811512
Step: 2088960	Mean reward: 18.1875	 Loss: -0.054060328751802444
Step: 2097152	Mean reward: 16.65625	 Loss: -0.10956041514873505
Step: 2105344	Mean reward: 19.71875	 Loss: -0.06215556338429451
Step: 2113536	Mean reward: 17.03125	 Loss: -0.021300405263900757
Step: 2121728	Mean reward: 17.75	 Loss: 0.025058763101696968
Step: 2129920	Mean reward: 19.8125	 Loss: -0.08949343860149384
Step: 2138112	Mean reward: 18.59375	 Loss: -0.04904615134000778
Step: 2146304	Mean reward: 19.5	 Loss: -0.022366303950548172
Step: 2154496	Mean reward: 19.125	 Loss: -0.15421651303768158
Step: 2162688	Mean reward: 18.09375	 Loss: -0.0797702819108963
Step: 2170880	Mean reward: 19.9375	 Loss: -0.06609305739402771
Step: 2179072	Mean reward: 18.34375	 Loss: -0.03906024247407913
Step: 2187264	Mean reward: 19.53125	 Loss: -0.06237728148698807
Step: 2195456	Mean reward: 18.875	 Loss: -0.10831277817487717
Step: 2203648	Mean reward: 19.25	 Loss: -0.09136444330215454
Step: 2211840	Mean reward: 20.03125	 Loss: -0.03732309490442276
Step: 2220032	Mean reward: 18.3125	 Loss: -0.010017115622758865
Step: 2228224	Mean reward: 18.40625	 Loss: -0.11071030050516129
Step: 2236416	Mean reward: 19.5625	 Loss: -0.006912808399647474
Step: 2244608	Mean reward: 18.84375	 Loss: -0.0379752591252327
Step: 2252800	Mean reward: 21.75	 Loss: -0.10530602931976318
Step: 2260992	Mean reward: 20.6875	 Loss: -0.0807647705078125
Step: 2269184	Mean reward: 19.21875	 Loss: -0.052596136927604675
Step: 2277376	Mean reward: 18.78125	 Loss: -0.13170255720615387
Step: 2285568	Mean reward: 19.28125	 Loss: -0.030371520668268204
Step: 2293760	Mean reward: 18.0625	 Loss: -0.0957709550857544
Step: 2301952	Mean reward: 19.84375	 Loss: -0.07678733766078949
Step: 2310144	Mean reward: 20.03125	 Loss: -0.14991971850395203
Step: 2318336	Mean reward: 19.75	 Loss: -0.05850348621606827
Step: 2326528	Mean reward: 18.875	 Loss: -0.05577529966831207
Step: 2334720	Mean reward: 19.875	 Loss: -0.044385701417922974
Step: 2342912	Mean reward: 18.8125	 Loss: -0.016680769622325897
Step: 2351104	Mean reward: 20.09375	 Loss: -0.06924749165773392
Step: 2359296	Mean reward: 17.96875	 Loss: -0.06702829897403717
Step: 2367488	Mean reward: 20.53125	 Loss: -0.04241758584976196
Step: 2375680	Mean reward: 18.3125	 Loss: -0.06623853743076324
Step: 2383872	Mean reward: 20.28125	 Loss: -0.1186811700463295
Step: 2392064	Mean reward: 19.3125	 Loss: -0.08725421875715256
Step: 2400256	Mean reward: 20.0	 Loss: -0.06952926516532898
Step: 2408448	Mean reward: 18.09375	 Loss: -0.09759213030338287
Step: 2416640	Mean reward: 19.125	 Loss: -0.07399214804172516
Step: 2424832	Mean reward: 19.03125	 Loss: -0.045855145901441574
Step: 2433024	Mean reward: 18.0625	 Loss: -0.09441889822483063
Step: 2441216	Mean reward: 19.71875	 Loss: -0.11734633147716522
Step: 2449408	Mean reward: 17.65625	 Loss: 0.02613971382379532
Step: 2457600	Mean reward: 20.21875	 Loss: -0.04964843764901161
Step: 2465792	Mean reward: 19.6875	 Loss: -0.02983054704964161
Step: 2473984	Mean reward: 18.96875	 Loss: -0.14954808354377747
Step: 2482176	Mean reward: 18.25	 Loss: -0.028333179652690887
Step: 2490368	Mean reward: 18.71875	 Loss: -0.04849666357040405
Step: 2498560	Mean reward: 19.34375	 Loss: -0.06405520439147949
Step: 2506752	Mean reward: 18.96875	 Loss: -0.07822145521640778
Step: 2514944	Mean reward: 20.3125	 Loss: -0.04452289268374443
Step: 2523136	Mean reward: 18.25	 Loss: 0.0051361992955207825
Step: 2531328	Mean reward: 19.6875	 Loss: -0.061579927802085876
Step: 2539520	Mean reward: 19.0	 Loss: -0.06795470416545868
Step: 2547712	Mean reward: 19.625	 Loss: -0.017279375344514847
Step: 2555904	Mean reward: 21.375	 Loss: -0.07277265191078186
Step: 2564096	Mean reward: 17.53125	 Loss: -0.1309971660375595
Step: 2572288	Mean reward: 18.8125	 Loss: -0.041179582476615906
Step: 2580480	Mean reward: 19.5625	 Loss: -0.13704654574394226
Step: 2588672	Mean reward: 19.1875	 Loss: -0.05830947682261467
Step: 2596864	Mean reward: 18.09375	 Loss: 0.038788482546806335
Step: 2605056	Mean reward: 18.9375	 Loss: -0.06687948852777481
Step: 2613248	Mean reward: 17.53125	 Loss: 0.02525772526860237
Step: 2621440	Mean reward: 18.875	 Loss: -0.10945839434862137
Step: 2629632	Mean reward: 20.6875	 Loss: -0.06450820714235306
Step: 2637824	Mean reward: 18.1875	 Loss: -0.10475024580955505
Step: 2646016	Mean reward: 19.6875	 Loss: -0.10649694502353668
Step: 2654208	Mean reward: 18.21875	 Loss: -0.06428954005241394
Step: 2662400	Mean reward: 18.90625	 Loss: -0.024387456476688385
Step: 2670592	Mean reward: 18.34375	 Loss: -0.018130550161004066
Step: 2678784	Mean reward: 18.71875	 Loss: 0.02549123391509056
Step: 2686976	Mean reward: 18.25	 Loss: -0.02821926400065422
Step: 2695168	Mean reward: 17.9375	 Loss: -0.09303838014602661
Step: 2703360	Mean reward: 19.84375	 Loss: -0.11136102676391602
Step: 2711552	Mean reward: 19.34375	 Loss: 0.021360233426094055
Step: 2719744	Mean reward: 19.25	 Loss: -0.09163892269134521
Step: 2727936	Mean reward: 20.0625	 Loss: -0.07936471700668335
Step: 2736128	Mean reward: 19.375	 Loss: -0.06651557236909866
Step: 2744320	Mean reward: 18.9375	 Loss: -0.035038061439991
Step: 2752512	Mean reward: 19.09375	 Loss: -0.02493097446858883
Step: 2760704	Mean reward: 19.40625	 Loss: -0.04150613397359848
Step: 2768896	Mean reward: 18.96875	 Loss: -0.09845516085624695
Step: 2777088	Mean reward: 19.1875	 Loss: -0.034031596034765244
Step: 2785280	Mean reward: 17.03125	 Loss: -0.03756636008620262
Step: 2793472	Mean reward: 18.3125	 Loss: -0.03573373705148697
Step: 2801664	Mean reward: 18.53125	 Loss: -0.03692387416958809
Step: 2809856	Mean reward: 20.25	 Loss: -0.09173819422721863
Step: 2818048	Mean reward: 19.0625	 Loss: -0.05293802544474602
Step: 2826240	Mean reward: 18.1875	 Loss: -0.05984506011009216
Step: 2834432	Mean reward: 18.75	 Loss: -0.07177458703517914
Step: 2842624	Mean reward: 20.0625	 Loss: -0.035196106880903244
Step: 2850816	Mean reward: 19.75	 Loss: -0.08366896957159042
Step: 2859008	Mean reward: 20.0	 Loss: -0.10976947098970413
Step: 2867200	Mean reward: 20.34375	 Loss: -0.061072938144207
Step: 2875392	Mean reward: 17.75	 Loss: -0.08363398164510727
Step: 2883584	Mean reward: 19.34375	 Loss: -0.053977567702531815
Step: 2891776	Mean reward: 18.09375	 Loss: -0.04515434056520462
Step: 2899968	Mean reward: 19.53125	 Loss: -0.008278431370854378
Step: 2908160	Mean reward: 19.25	 Loss: 0.051598623394966125
Step: 2916352	Mean reward: 19.5625	 Loss: -0.061804987490177155
Step: 2924544	Mean reward: 19.0625	 Loss: -0.03539159521460533
Step: 2932736	Mean reward: 17.5	 Loss: 0.01744823157787323
Step: 2940928	Mean reward: 19.28125	 Loss: -0.0696493461728096
Step: 2949120	Mean reward: 20.375	 Loss: -0.11676846444606781
Step: 2957312	Mean reward: 18.71875	 Loss: 0.021802028641104698
Step: 2965504	Mean reward: 20.40625	 Loss: -0.062023088335990906
Step: 2973696	Mean reward: 18.6875	 Loss: -0.10646407306194305
Step: 2981888	Mean reward: 20.46875	 Loss: 0.0002458845265209675
Step: 2990080	Mean reward: 20.0	 Loss: -0.048712436109781265
Step: 2998272	Mean reward: 20.1875	 Loss: -0.02409057319164276
Step: 3006464	Mean reward: 20.5	 Loss: -0.02470676228404045
Step: 3014656	Mean reward: 19.96875	 Loss: -0.008880584500730038
Step: 3022848	Mean reward: 19.90625	 Loss: 0.010328182950615883
Step: 3031040	Mean reward: 18.3125	 Loss: -0.031632207334041595
Step: 3039232	Mean reward: 18.78125	 Loss: -0.04140887409448624
Step: 3047424	Mean reward: 18.875	 Loss: -0.12901611626148224
Step: 3055616	Mean reward: 21.71875	 Loss: 0.02274923212826252
Step: 3063808	Mean reward: 20.4375	 Loss: -0.06292323023080826
Step: 3072000	Mean reward: 19.125	 Loss: -0.0008704536594450474
Step: 3080192	Mean reward: 19.34375	 Loss: 0.009035645052790642
Step: 3088384	Mean reward: 20.0625	 Loss: 0.03299812972545624
Step: 3096576	Mean reward: 20.5	 Loss: -0.05402551591396332
Step: 3104768	Mean reward: 19.15625	 Loss: -0.12335892021656036
Step: 3112960	Mean reward: 18.40625	 Loss: -0.056375082582235336
Step: 3121152	Mean reward: 19.03125	 Loss: -0.01980714127421379
Step: 3129344	Mean reward: 18.125	 Loss: -0.09110451489686966
Step: 3137536	Mean reward: 18.125	 Loss: 0.03365486115217209
Step: 3145728	Mean reward: 19.21875	 Loss: -0.04943795129656792
Step: 3153920	Mean reward: 19.53125	 Loss: -0.0700240433216095
Step: 3162112	Mean reward: 20.1875	 Loss: -0.03683951869606972
Step: 3170304	Mean reward: 19.625	 Loss: -0.0963655412197113
Step: 3178496	Mean reward: 19.1875	 Loss: -0.1018613874912262
Step: 3186688	Mean reward: 21.21875	 Loss: -0.07484279572963715
Step: 3194880	Mean reward: 18.84375	 Loss: -0.07063465565443039
Step: 3203072	Mean reward: 19.15625	 Loss: 0.03930960223078728
Step: 3211264	Mean reward: 19.65625	 Loss: -0.047377459704875946
Step: 3219456	Mean reward: 18.78125	 Loss: -0.11581097543239594
Step: 3227648	Mean reward: 19.96875	 Loss: -0.07841543853282928
Step: 3235840	Mean reward: 18.5625	 Loss: -0.07845333963632584
Step: 3244032	Mean reward: 19.375	 Loss: -0.05486864969134331
Step: 3252224	Mean reward: 20.0	 Loss: -0.04441281408071518
Step: 3260416	Mean reward: 18.21875	 Loss: -0.11633098125457764
Step: 3268608	Mean reward: 19.46875	 Loss: -0.03538735955953598
Step: 3276800	Mean reward: 19.96875	 Loss: -0.14682476222515106
Step: 3284992	Mean reward: 19.09375	 Loss: -0.04689178988337517
Step: 3293184	Mean reward: 20.15625	 Loss: -0.07915928959846497
Step: 3301376	Mean reward: 19.125	 Loss: -0.08064045011997223
Step: 3309568	Mean reward: 19.8125	 Loss: -0.10001182556152344
Step: 3317760	Mean reward: 19.09375	 Loss: -0.06514846533536911
Step: 3325952	Mean reward: 21.0	 Loss: -0.015133379027247429
Step: 3334144	Mean reward: 20.6875	 Loss: -0.08510249108076096
Step: 3342336	Mean reward: 20.65625	 Loss: -0.14045920968055725
Step: 3350528	Mean reward: 19.46875	 Loss: 0.04006514698266983
Step: 3358720	Mean reward: 19.5625	 Loss: -0.015240184031426907
Step: 3366912	Mean reward: 19.46875	 Loss: -0.09997320920228958
Step: 3375104	Mean reward: 19.0	 Loss: -0.04198343679308891
Step: 3383296	Mean reward: 19.5625	 Loss: -0.04351743683218956
Step: 3391488	Mean reward: 18.875	 Loss: 0.06323564797639847
Step: 3399680	Mean reward: 20.0625	 Loss: -0.03662048280239105
Step: 3407872	Mean reward: 19.5625	 Loss: -0.004857957363128662
Step: 3416064	Mean reward: 18.46875	 Loss: -0.05923128128051758
Step: 3424256	Mean reward: 19.75	 Loss: -0.1436242014169693
Step: 3432448	Mean reward: 19.0	 Loss: -0.03702475503087044
Step: 3440640	Mean reward: 20.09375	 Loss: -0.10093624889850616
Step: 3448832	Mean reward: 20.46875	 Loss: -0.0887332558631897
Step: 3457024	Mean reward: 19.25	 Loss: 0.0022299615666270256
Step: 3465216	Mean reward: 19.625	 Loss: -0.0945398211479187
Step: 3473408	Mean reward: 19.9375	 Loss: -0.044916365295648575
Step: 3481600	Mean reward: 19.3125	 Loss: -0.09703037887811661
Step: 3489792	Mean reward: 20.15625	 Loss: -0.057826776057481766
Step: 3497984	Mean reward: 19.21875	 Loss: -0.020876634865999222
Step: 3506176	Mean reward: 20.59375	 Loss: -0.0982644259929657
Step: 3514368	Mean reward: 18.21875	 Loss: 0.023976173251867294
Step: 3522560	Mean reward: 19.78125	 Loss: -0.013285938650369644
Step: 3530752	Mean reward: 19.59375	 Loss: -0.038740191608667374
Step: 3538944	Mean reward: 20.28125	 Loss: -0.07276341319084167
Step: 3547136	Mean reward: 18.78125	 Loss: -0.06757162511348724
Step: 3555328	Mean reward: 20.375	 Loss: -0.10165729373693466
Step: 3563520	Mean reward: 18.5	 Loss: -0.01634231209754944
Step: 3571712	Mean reward: 18.625	 Loss: 0.03218043968081474
Step: 3579904	Mean reward: 20.09375	 Loss: 0.0038182386197149754
Step: 3588096	Mean reward: 20.5625	 Loss: -0.08583332598209381
Step: 3596288	Mean reward: 19.59375	 Loss: 0.0061841378919780254
Step: 3604480	Mean reward: 18.75	 Loss: -0.0567702017724514
Step: 3612672	Mean reward: 19.3125	 Loss: -0.026418885216116905
Step: 3620864	Mean reward: 18.8125	 Loss: -0.020550262182950974
Step: 3629056	Mean reward: 20.6875	 Loss: -0.08196262270212173
Step: 3637248	Mean reward: 18.90625	 Loss: -0.08863271772861481
Step: 3645440	Mean reward: 18.4375	 Loss: -0.08329381048679352
Step: 3653632	Mean reward: 19.5625	 Loss: -0.13205371797084808
Step: 3661824	Mean reward: 20.5625	 Loss: -0.09090375155210495
Step: 3670016	Mean reward: 20.5	 Loss: -0.01420438289642334
Step: 3678208	Mean reward: 18.78125	 Loss: -0.07107493281364441
Step: 3686400	Mean reward: 18.71875	 Loss: -0.0013683643192052841
Step: 3694592	Mean reward: 20.53125	 Loss: -0.025433851405978203
Step: 3702784	Mean reward: 20.5625	 Loss: -0.07360563427209854
Step: 3710976	Mean reward: 19.625	 Loss: -0.11124967783689499
Step: 3719168	Mean reward: 20.15625	 Loss: -0.10738906264305115
Step: 3727360	Mean reward: 20.09375	 Loss: -0.0844004899263382
Step: 3735552	Mean reward: 19.75	 Loss: -0.09493312984704971
Step: 3743744	Mean reward: 18.9375	 Loss: -0.07797764986753464
Step: 3751936	Mean reward: 18.875	 Loss: -0.07504624873399734
Step: 3760128	Mean reward: 18.75	 Loss: -0.04009034112095833
Step: 3768320	Mean reward: 19.34375	 Loss: -0.006032244767993689
Step: 3776512	Mean reward: 21.0	 Loss: -0.052957020699977875
Step: 3784704	Mean reward: 20.09375	 Loss: -0.10756812244653702
Step: 3792896	Mean reward: 18.625	 Loss: -0.08300957083702087
Step: 3801088	Mean reward: 20.125	 Loss: 0.01752840355038643
Step: 3809280	Mean reward: 20.4375	 Loss: -0.06339330226182938
Step: 3817472	Mean reward: 19.90625	 Loss: 0.006710599176585674
Step: 3825664	Mean reward: 19.03125	 Loss: -0.046713899821043015
Step: 3833856	Mean reward: 20.40625	 Loss: -0.08723511546850204
Step: 3842048	Mean reward: 19.34375	 Loss: -0.10378526896238327
Step: 3850240	Mean reward: 19.59375	 Loss: -0.061898279935121536
Step: 3858432	Mean reward: 18.6875	 Loss: -0.06208428367972374
Step: 3866624	Mean reward: 18.71875	 Loss: -0.02815302461385727
Step: 3874816	Mean reward: 18.65625	 Loss: -0.10234896093606949
Step: 3883008	Mean reward: 18.5625	 Loss: -0.023305457085371017
Step: 3891200	Mean reward: 19.25	 Loss: -0.1472754031419754
Step: 3899392	Mean reward: 21.4375	 Loss: -0.11301460862159729
Step: 3907584	Mean reward: 18.5	 Loss: 0.0005146069452166557
Step: 3915776	Mean reward: 18.59375	 Loss: -0.04989934712648392
Step: 3923968	Mean reward: 18.53125	 Loss: -0.02099432796239853
Step: 3932160	Mean reward: 19.75	 Loss: -0.10931962728500366
Step: 3940352	Mean reward: 18.875	 Loss: 0.012038541957736015
Step: 3948544	Mean reward: 20.71875	 Loss: -0.004315080586820841
Step: 3956736	Mean reward: 20.65625	 Loss: 0.00381309911608696
Step: 3964928	Mean reward: 19.21875	 Loss: -0.0884396880865097
Step: 3973120	Mean reward: 19.46875	 Loss: -0.02329035848379135
Step: 3981312	Mean reward: 17.5	 Loss: -0.08408166468143463
Step: 3989504	Mean reward: 18.3125	 Loss: 0.03086506389081478
Step: 3997696	Mean reward: 20.0	 Loss: -0.038246750831604004
Step: 4005888	Mean reward: 21.96875	 Loss: 0.0426456555724144
Completed training at 2021-12-06 08:05:08