Training IMPALA 1 with the following parameter dict:
{'total_steps': 8000000.0, 'num_envs': 32, 'num_steps': 256, 'num_levels': 200, 'num_epochs': 3, 'batch_size': 512, 'eps': 0.2, 'grad_eps': 0.5, 'value_coef': 0.5, 'entropy_coef': 0.01, 'c1': 0.5, 'c2': 0.01, 'num_actions': 15, 'in_channels': 3, 'feature_dim': 64, 'env_name': 'starpilot', 'use_background': False}
non stabelized  impala
Observation space: Box([[[0. 0. 0. ... 0. 0. 0.]
  [0. 0. 0. ... 0. 0. 0.]
  [0. 0. 0. ... 0. 0. 0.]
  ...
  [0. 0. 0. ... 0. 0. 0.]
  [0. 0. 0. ... 0. 0. 0.]
  [0. 0. 0. ... 0. 0. 0.]]

 [[0. 0. 0. ... 0. 0. 0.]
  [0. 0. 0. ... 0. 0. 0.]
  [0. 0. 0. ... 0. 0. 0.]
  ...
  [0. 0. 0. ... 0. 0. 0.]
  [0. 0. 0. ... 0. 0. 0.]
  [0. 0. 0. ... 0. 0. 0.]]

 [[0. 0. 0. ... 0. 0. 0.]
  [0. 0. 0. ... 0. 0. 0.]
  [0. 0. 0. ... 0. 0. 0.]
  ...
  [0. 0. 0. ... 0. 0. 0.]
  [0. 0. 0. ... 0. 0. 0.]
  [0. 0. 0. ... 0. 0. 0.]]], [[[1. 1. 1. ... 1. 1. 1.]
  [1. 1. 1. ... 1. 1. 1.]
  [1. 1. 1. ... 1. 1. 1.]
  ...
  [1. 1. 1. ... 1. 1. 1.]
  [1. 1. 1. ... 1. 1. 1.]
  [1. 1. 1. ... 1. 1. 1.]]

 [[1. 1. 1. ... 1. 1. 1.]
  [1. 1. 1. ... 1. 1. 1.]
  [1. 1. 1. ... 1. 1. 1.]
  ...
  [1. 1. 1. ... 1. 1. 1.]
  [1. 1. 1. ... 1. 1. 1.]
  [1. 1. 1. ... 1. 1. 1.]]

 [[1. 1. 1. ... 1. 1. 1.]
  [1. 1. 1. ... 1. 1. 1.]
  [1. 1. 1. ... 1. 1. 1.]
  ...
  [1. 1. 1. ... 1. 1. 1.]
  [1. 1. 1. ... 1. 1. 1.]
  [1. 1. 1. ... 1. 1. 1.]]], (3, 64, 64), float32)
Action space: 15
Step: 8192	Mean reward: 4.09375	 Loss: 0.2220950871706009
Step: 16384	Mean reward: 4.125	 Loss: 0.013692384585738182
Step: 24576	Mean reward: 5.1875	 Loss: 0.019598452374339104
Step: 32768	Mean reward: 5.1875	 Loss: 0.034833114594221115
Step: 40960	Mean reward: 6.375	 Loss: -0.008306682109832764
Step: 49152	Mean reward: 7.0625	 Loss: -0.01680581271648407
Step: 57344	Mean reward: 5.6875	 Loss: 0.05246059596538544
Step: 65536	Mean reward: 5.96875	 Loss: 0.04570472240447998
Step: 73728	Mean reward: 7.25	 Loss: 0.09396769851446152
Step: 81920	Mean reward: 7.4375	 Loss: 0.12222564220428467
Step: 90112	Mean reward: 7.9375	 Loss: 0.08867327123880386
Step: 98304	Mean reward: 6.6875	 Loss: 0.07100532203912735
Step: 106496	Mean reward: 6.09375	 Loss: 0.01909474842250347
Step: 114688	Mean reward: 7.9375	 Loss: 0.03396788239479065
Step: 122880	Mean reward: 8.46875	 Loss: 0.09670686721801758
Step: 131072	Mean reward: 7.84375	 Loss: 0.01835952140390873
Step: 139264	Mean reward: 8.0	 Loss: 0.07434910535812378
Step: 147456	Mean reward: 7.9375	 Loss: 0.02391950972378254
Step: 155648	Mean reward: 7.96875	 Loss: -0.09431172162294388
Step: 163840	Mean reward: 8.5	 Loss: 0.05630795657634735
Step: 172032	Mean reward: 9.0625	 Loss: -0.029593799263238907
Step: 180224	Mean reward: 8.96875	 Loss: -0.02399669587612152
Step: 188416	Mean reward: 9.25	 Loss: 0.044467806816101074
Step: 196608	Mean reward: 7.5	 Loss: 0.020112236961722374
Step: 204800	Mean reward: 7.5	 Loss: -0.00957590900361538
Step: 212992	Mean reward: 7.84375	 Loss: -0.026497118175029755
Step: 221184	Mean reward: 7.78125	 Loss: -0.04917114973068237
Step: 229376	Mean reward: 9.25	 Loss: -0.105179063975811
Step: 237568	Mean reward: 6.6875	 Loss: -0.08072787523269653
Step: 245760	Mean reward: 7.65625	 Loss: -0.06526672840118408
Step: 253952	Mean reward: 7.46875	 Loss: -0.023438191041350365
Step: 262144	Mean reward: 8.03125	 Loss: -0.02707746997475624
Step: 270336	Mean reward: 7.40625	 Loss: -0.06919993460178375
Step: 278528	Mean reward: 7.75	 Loss: -0.017287394031882286
Step: 286720	Mean reward: 8.96875	 Loss: -0.05967026203870773
Step: 294912	Mean reward: 8.40625	 Loss: -0.005417782813310623
Step: 303104	Mean reward: 9.0625	 Loss: -0.04772011190652847
Step: 311296	Mean reward: 8.1875	 Loss: -0.07407296448945999
Step: 319488	Mean reward: 8.84375	 Loss: 0.06642742455005646
Step: 327680	Mean reward: 8.78125	 Loss: 0.010315530002117157
Step: 335872	Mean reward: 10.125	 Loss: -0.024963537231087685
Step: 344064	Mean reward: 8.75	 Loss: -0.06844580918550491
Step: 352256	Mean reward: 9.3125	 Loss: -0.007212558761239052
Step: 360448	Mean reward: 9.53125	 Loss: 0.014491649344563484
Step: 368640	Mean reward: 8.53125	 Loss: -0.057602159678936005
Step: 376832	Mean reward: 9.5625	 Loss: 0.027344180271029472
Step: 385024	Mean reward: 8.90625	 Loss: 0.03591956943273544
Step: 393216	Mean reward: 8.875	 Loss: -0.013279136270284653
Step: 401408	Mean reward: 9.96875	 Loss: 0.013510212302207947
Step: 409600	Mean reward: 10.4375	 Loss: -0.03160267323255539
Step: 417792	Mean reward: 10.03125	 Loss: -0.08057087659835815
Step: 425984	Mean reward: 10.21875	 Loss: 0.006763879209756851
Step: 434176	Mean reward: 10.5625	 Loss: -0.026789221912622452
Step: 442368	Mean reward: 10.0625	 Loss: -0.048399463295936584
Step: 450560	Mean reward: 10.625	 Loss: -0.07716278731822968
Step: 458752	Mean reward: 10.0	 Loss: -0.018124895170331
Step: 466944	Mean reward: 9.5	 Loss: -0.18089042603969574
Step: 475136	Mean reward: 10.96875	 Loss: -0.06738454848527908
Step: 483328	Mean reward: 9.40625	 Loss: -0.02294212393462658
Step: 491520	Mean reward: 9.90625	 Loss: -0.12493526935577393
Step: 499712	Mean reward: 9.75	 Loss: -0.01700228452682495
Step: 507904	Mean reward: 7.84375	 Loss: 0.020889976993203163
Step: 516096	Mean reward: 9.03125	 Loss: -0.06784899532794952
Step: 524288	Mean reward: 9.625	 Loss: -0.08458587527275085
Step: 532480	Mean reward: 9.9375	 Loss: -0.0280961561948061
Step: 540672	Mean reward: 10.28125	 Loss: -0.06736817955970764
Step: 548864	Mean reward: 9.71875	 Loss: -0.04168856143951416
Step: 557056	Mean reward: 11.9375	 Loss: 0.02042980119585991
Step: 565248	Mean reward: 10.8125	 Loss: -0.08801838755607605
Step: 573440	Mean reward: 11.65625	 Loss: -0.057987138628959656
Step: 581632	Mean reward: 10.65625	 Loss: -0.003126036375761032
Step: 589824	Mean reward: 11.28125	 Loss: -0.10688237100839615
Step: 598016	Mean reward: 10.8125	 Loss: -0.01796947792172432
Step: 606208	Mean reward: 9.3125	 Loss: -0.0214419923722744
Step: 614400	Mean reward: 11.5	 Loss: -0.030147409066557884
Step: 622592	Mean reward: 11.0625	 Loss: -0.07997428625822067
Step: 630784	Mean reward: 11.6875	 Loss: -0.055347293615341187
Step: 638976	Mean reward: 10.46875	 Loss: -0.14641614258289337
Step: 647168	Mean reward: 10.46875	 Loss: -0.03011387586593628
Step: 655360	Mean reward: 12.3125	 Loss: -0.007275085896253586
Step: 663552	Mean reward: 10.625	 Loss: -0.0804169774055481
Step: 671744	Mean reward: 11.1875	 Loss: -0.06437607109546661
Step: 679936	Mean reward: 12.59375	 Loss: 0.004445929080247879
Step: 688128	Mean reward: 12.03125	 Loss: -0.059847839176654816
Step: 696320	Mean reward: 11.53125	 Loss: -0.021544691175222397
Step: 704512	Mean reward: 10.8125	 Loss: -0.028433941304683685
Step: 712704	Mean reward: 12.09375	 Loss: -0.13020378351211548
Step: 720896	Mean reward: 11.96875	 Loss: -0.013172511011362076
Step: 729088	Mean reward: 11.1875	 Loss: -0.1123393177986145
Step: 737280	Mean reward: 11.5625	 Loss: -0.012698598206043243
Step: 745472	Mean reward: 12.34375	 Loss: 0.0146400835365057
Step: 753664	Mean reward: 12.5625	 Loss: 0.015394555404782295
Step: 761856	Mean reward: 12.34375	 Loss: -0.026329129934310913
Step: 770048	Mean reward: 9.875	 Loss: 0.00781269557774067
Step: 778240	Mean reward: 11.90625	 Loss: 0.020430929958820343
Step: 786432	Mean reward: 13.25	 Loss: -0.06284388154745102
Step: 794624	Mean reward: 12.4375	 Loss: -0.05792616307735443
Step: 802816	Mean reward: 12.96875	 Loss: -0.07383085787296295
Step: 811008	Mean reward: 13.625	 Loss: -0.052999697625637054
Step: 819200	Mean reward: 11.75	 Loss: -0.07695770263671875
Step: 827392	Mean reward: 14.0625	 Loss: 0.0599031038582325
Step: 835584	Mean reward: 11.34375	 Loss: -0.03501972556114197
Step: 843776	Mean reward: 13.0	 Loss: -0.0944918692111969
Step: 851968	Mean reward: 12.3125	 Loss: -0.05804702639579773
Step: 860160	Mean reward: 13.1875	 Loss: -0.01748218759894371
Step: 868352	Mean reward: 11.4375	 Loss: -0.17497646808624268
Step: 876544	Mean reward: 11.03125	 Loss: -0.03500360995531082
Step: 884736	Mean reward: 13.0625	 Loss: -0.07974862307310104
Step: 892928	Mean reward: 12.5	 Loss: -0.053158294409513474
Step: 901120	Mean reward: 12.4375	 Loss: 0.009289000183343887
Step: 909312	Mean reward: 11.53125	 Loss: -0.027999447658658028
Step: 917504	Mean reward: 11.6875	 Loss: -0.03018062934279442
Step: 925696	Mean reward: 11.65625	 Loss: -0.04772964492440224
Step: 933888	Mean reward: 12.40625	 Loss: -0.0762985348701477
Step: 942080	Mean reward: 13.84375	 Loss: -0.0827682614326477
Step: 950272	Mean reward: 13.1875	 Loss: -0.04375129193067551
Step: 958464	Mean reward: 11.53125	 Loss: -0.10616322606801987
Step: 966656	Mean reward: 13.375	 Loss: -0.09433631598949432
Step: 974848	Mean reward: 12.1875	 Loss: -0.10095948725938797
Step: 983040	Mean reward: 13.9375	 Loss: -0.06452960520982742
Step: 991232	Mean reward: 12.53125	 Loss: -0.015303697437047958
Step: 999424	Mean reward: 13.4375	 Loss: -0.023756686598062515
Step: 1007616	Mean reward: 12.90625	 Loss: -0.010647324845194817
Step: 1015808	Mean reward: 12.59375	 Loss: -0.057429537177085876
Step: 1024000	Mean reward: 12.78125	 Loss: -0.01710272766649723
Step: 1032192	Mean reward: 12.28125	 Loss: -0.06552384793758392
Step: 1040384	Mean reward: 12.28125	 Loss: -0.013214891776442528
Step: 1048576	Mean reward: 12.59375	 Loss: -0.08237415552139282
Step: 1056768	Mean reward: 14.21875	 Loss: -0.06700257956981659
Step: 1064960	Mean reward: 13.59375	 Loss: -0.09822481870651245
Step: 1073152	Mean reward: 12.40625	 Loss: -0.12332576513290405
Step: 1081344	Mean reward: 13.5625	 Loss: -0.02859235182404518
Step: 1089536	Mean reward: 12.8125	 Loss: -0.14277462661266327
Step: 1097728	Mean reward: 14.3125	 Loss: -0.0694693922996521
Step: 1105920	Mean reward: 13.84375	 Loss: -0.039714984595775604
Step: 1114112	Mean reward: 12.75	 Loss: -0.01609044149518013
Step: 1122304	Mean reward: 12.75	 Loss: 0.0041527096182107925
Step: 1130496	Mean reward: 13.34375	 Loss: -0.07635233551263809
Step: 1138688	Mean reward: 14.09375	 Loss: -0.034286949783563614
Step: 1146880	Mean reward: 14.5625	 Loss: -0.010568911209702492
Step: 1155072	Mean reward: 14.15625	 Loss: -0.09042543917894363
Step: 1163264	Mean reward: 13.84375	 Loss: 0.007350604049861431
Step: 1171456	Mean reward: 13.9375	 Loss: 0.002109827473759651
Step: 1179648	Mean reward: 13.75	 Loss: -0.0136798657476902
Step: 1187840	Mean reward: 13.59375	 Loss: -0.055846232920885086
Step: 1196032	Mean reward: 14.6875	 Loss: -0.030297303572297096
Step: 1204224	Mean reward: 13.9375	 Loss: -0.08340872824192047
Step: 1212416	Mean reward: 13.28125	 Loss: -0.10038547962903976
Step: 1220608	Mean reward: 13.40625	 Loss: -0.0972219780087471
Step: 1228800	Mean reward: 14.6875	 Loss: -0.10426150262355804
Step: 1236992	Mean reward: 14.25	 Loss: -0.0382743738591671
Step: 1245184	Mean reward: 14.5	 Loss: 0.022297296673059464
Step: 1253376	Mean reward: 14.90625	 Loss: -0.062332142144441605
Step: 1261568	Mean reward: 14.21875	 Loss: -0.009760243818163872
Step: 1269760	Mean reward: 14.84375	 Loss: -0.020442750304937363
Step: 1277952	Mean reward: 15.375	 Loss: -0.10568922758102417
Step: 1286144	Mean reward: 15.09375	 Loss: 0.012564223259687424
Step: 1294336	Mean reward: 14.65625	 Loss: 0.12950867414474487
Step: 1302528	Mean reward: 14.4375	 Loss: -0.1133609488606453
Step: 1310720	Mean reward: 13.84375	 Loss: -0.08651210367679596
Step: 1318912	Mean reward: 15.8125	 Loss: 0.0015784744173288345
Step: 1327104	Mean reward: 16.25	 Loss: -0.037867479026317596
Step: 1335296	Mean reward: 14.9375	 Loss: -0.02111588791012764
Step: 1343488	Mean reward: 15.0	 Loss: -0.09486735612154007
Step: 1351680	Mean reward: 14.84375	 Loss: 0.0030468832701444626
Step: 1359872	Mean reward: 15.15625	 Loss: -0.030810534954071045
Step: 1368064	Mean reward: 16.34375	 Loss: -0.04273487254977226
Step: 1376256	Mean reward: 16.34375	 Loss: 0.005059048533439636
Step: 1384448	Mean reward: 15.65625	 Loss: -0.002882123924791813
Step: 1392640	Mean reward: 15.5	 Loss: 0.05085824429988861
Step: 1400832	Mean reward: 14.96875	 Loss: 0.008131134323775768
Step: 1409024	Mean reward: 16.65625	 Loss: 0.008839528076350689
Step: 1417216	Mean reward: 14.0	 Loss: 0.04622393846511841
Step: 1425408	Mean reward: 14.21875	 Loss: -0.0882689356803894
Step: 1433600	Mean reward: 15.5	 Loss: -0.014519832096993923
Step: 1441792	Mean reward: 16.4375	 Loss: -0.05605849251151085
Step: 1449984	Mean reward: 14.59375	 Loss: -0.07763053476810455
Step: 1458176	Mean reward: 14.90625	 Loss: -0.00031016208231449127
Step: 1466368	Mean reward: 14.90625	 Loss: -0.059999771416187286
Step: 1474560	Mean reward: 17.0	 Loss: 0.0038762325420975685
Step: 1482752	Mean reward: 15.25	 Loss: 0.020065447315573692
Step: 1490944	Mean reward: 14.84375	 Loss: -0.10257698595523834
Step: 1499136	Mean reward: 16.375	 Loss: -0.045332327485084534
Step: 1507328	Mean reward: 15.84375	 Loss: -0.004950656555593014
Step: 1515520	Mean reward: 15.40625	 Loss: -0.05208062753081322
Step: 1523712	Mean reward: 15.1875	 Loss: -0.06810156255960464
Step: 1531904	Mean reward: 17.3125	 Loss: 0.020227208733558655
Step: 1540096	Mean reward: 14.46875	 Loss: -0.046434007585048676
Step: 1548288	Mean reward: 15.09375	 Loss: -0.029282329604029655
Step: 1556480	Mean reward: 15.65625	 Loss: -0.03683672100305557
Step: 1564672	Mean reward: 15.0625	 Loss: 0.03791654855012894
Step: 1572864	Mean reward: 15.875	 Loss: -0.0166791919618845
Step: 1581056	Mean reward: 14.4375	 Loss: -0.028402384370565414
Step: 1589248	Mean reward: 16.15625	 Loss: -0.05701034888625145
Step: 1597440	Mean reward: 15.53125	 Loss: -0.03781590610742569
Step: 1605632	Mean reward: 16.21875	 Loss: -0.039121828973293304
Step: 1613824	Mean reward: 15.40625	 Loss: 0.0639239028096199
Step: 1622016	Mean reward: 15.0	 Loss: -0.006668456830084324
Step: 1630208	Mean reward: 14.75	 Loss: -0.06957780569791794
Step: 1638400	Mean reward: 15.125	 Loss: -0.08918551355600357
Step: 1646592	Mean reward: 16.03125	 Loss: -0.07803173363208771
Step: 1654784	Mean reward: 15.65625	 Loss: -0.04032261669635773
Step: 1662976	Mean reward: 15.5	 Loss: -0.01057598926126957
Step: 1671168	Mean reward: 15.09375	 Loss: -0.014644905924797058
Step: 1679360	Mean reward: 15.3125	 Loss: -0.029155317693948746
Step: 1687552	Mean reward: 15.6875	 Loss: -0.038377705961465836
Step: 1695744	Mean reward: 15.9375	 Loss: -0.008527854457497597
Step: 1703936	Mean reward: 13.90625	 Loss: -0.06600569188594818
Step: 1712128	Mean reward: 14.25	 Loss: -0.08568771183490753
Step: 1720320	Mean reward: 14.4375	 Loss: -0.025285884737968445
Step: 1728512	Mean reward: 14.4375	 Loss: -0.1340429186820984
Step: 1736704	Mean reward: 14.40625	 Loss: -0.08305364847183228
Step: 1744896	Mean reward: 16.25	 Loss: -0.06376082450151443
Step: 1753088	Mean reward: 16.21875	 Loss: -0.07706593722105026
Step: 1761280	Mean reward: 15.625	 Loss: -0.05862779915332794
Step: 1769472	Mean reward: 14.875	 Loss: -0.043052881956100464
Step: 1777664	Mean reward: 14.71875	 Loss: -0.03280419483780861
Step: 1785856	Mean reward: 15.59375	 Loss: -0.0615214928984642
Step: 1794048	Mean reward: 15.15625	 Loss: -0.022312983870506287
Step: 1802240	Mean reward: 15.8125	 Loss: -0.06026608869433403
Step: 1810432	Mean reward: 13.71875	 Loss: -0.0647895410656929
Step: 1818624	Mean reward: 14.90625	 Loss: 0.02821781113743782
Step: 1826816	Mean reward: 14.9375	 Loss: -0.10465794801712036
Step: 1835008	Mean reward: 15.96875	 Loss: -0.017827078700065613
Step: 1843200	Mean reward: 15.625	 Loss: -0.04434902220964432
Step: 1851392	Mean reward: 15.0625	 Loss: -0.09326672554016113
Step: 1859584	Mean reward: 15.21875	 Loss: -0.08670350909233093
Step: 1867776	Mean reward: 17.03125	 Loss: -0.11661757528781891
Step: 1875968	Mean reward: 15.125	 Loss: -0.0016673533245921135
Step: 1884160	Mean reward: 16.5	 Loss: -0.01805540733039379
Step: 1892352	Mean reward: 16.5625	 Loss: -0.04553394392132759
Step: 1900544	Mean reward: 17.96875	 Loss: -0.06397517025470734
Step: 1908736	Mean reward: 17.59375	 Loss: -0.04904405027627945
Step: 1916928	Mean reward: 14.4375	 Loss: -0.1094956323504448
Step: 1925120	Mean reward: 16.40625	 Loss: 0.01972964219748974
Step: 1933312	Mean reward: 14.5625	 Loss: 0.0471997894346714
Step: 1941504	Mean reward: 15.40625	 Loss: -0.023313244804739952
Step: 1949696	Mean reward: 16.5625	 Loss: -0.11086878925561905
Step: 1957888	Mean reward: 15.03125	 Loss: 0.003559684380888939
Step: 1966080	Mean reward: 17.0	 Loss: -0.03613992780447006
Step: 1974272	Mean reward: 16.4375	 Loss: -0.020781194791197777
Step: 1982464	Mean reward: 15.46875	 Loss: -0.12757036089897156
Step: 1990656	Mean reward: 16.25	 Loss: -0.009930364787578583
Step: 1998848	Mean reward: 15.125	 Loss: -0.061799097806215286
Step: 2007040	Mean reward: 15.75	 Loss: 0.0235210619866848
Step: 2015232	Mean reward: 15.09375	 Loss: -0.07412457466125488
Step: 2023424	Mean reward: 15.53125	 Loss: 0.030914416536688805
Step: 2031616	Mean reward: 16.0	 Loss: -0.02887117676436901
Step: 2039808	Mean reward: 16.625	 Loss: -0.033263519406318665
Step: 2048000	Mean reward: 16.375	 Loss: -0.10515674203634262
Step: 2056192	Mean reward: 16.5625	 Loss: -0.030946336686611176
Step: 2064384	Mean reward: 17.03125	 Loss: -0.07535175234079361
Step: 2072576	Mean reward: 15.15625	 Loss: -0.005527781322598457
Step: 2080768	Mean reward: 16.15625	 Loss: 0.0064517296850681305
Step: 2088960	Mean reward: 16.03125	 Loss: -0.039776258170604706
Step: 2097152	Mean reward: 16.5	 Loss: -0.06533350795507431
Step: 2105344	Mean reward: 14.6875	 Loss: -0.06048185005784035
Step: 2113536	Mean reward: 15.71875	 Loss: -0.01504629384726286
Step: 2121728	Mean reward: 16.34375	 Loss: -0.06611724197864532
Step: 2129920	Mean reward: 16.625	 Loss: -0.05873417481780052
Step: 2138112	Mean reward: 15.40625	 Loss: 0.05909356474876404
Step: 2146304	Mean reward: 15.53125	 Loss: -0.09177445620298386
Step: 2154496	Mean reward: 16.875	 Loss: -0.060724832117557526
Step: 2162688	Mean reward: 18.375	 Loss: 0.023200802505016327
Step: 2170880	Mean reward: 15.75	 Loss: -0.008326086215674877
Step: 2179072	Mean reward: 17.03125	 Loss: -0.13698425889015198
Step: 2187264	Mean reward: 16.5	 Loss: -0.07312087714672089
Step: 2195456	Mean reward: 15.53125	 Loss: -0.0026047471910715103
Step: 2203648	Mean reward: 17.375	 Loss: -0.17855237424373627
Step: 2211840	Mean reward: 17.3125	 Loss: 0.019460197538137436
Step: 2220032	Mean reward: 17.6875	 Loss: -0.01588660292327404
Step: 2228224	Mean reward: 17.71875	 Loss: 0.0349033921957016
Step: 2236416	Mean reward: 16.8125	 Loss: -0.013745015487074852
Step: 2244608	Mean reward: 16.28125	 Loss: 0.07471728324890137
Step: 2252800	Mean reward: 17.1875	 Loss: 0.05598805472254753
Step: 2260992	Mean reward: 17.84375	 Loss: 0.01925182342529297
Step: 2269184	Mean reward: 18.0	 Loss: -0.018304813653230667
Step: 2277376	Mean reward: 18.21875	 Loss: -0.06111862510442734
Step: 2285568	Mean reward: 16.96875	 Loss: 0.005707992240786552
Step: 2293760	Mean reward: 16.15625	 Loss: -0.030476830899715424
Step: 2301952	Mean reward: 17.96875	 Loss: -0.00010508112609386444
Step: 2310144	Mean reward: 17.28125	 Loss: -0.009472006000578403
Step: 2318336	Mean reward: 18.375	 Loss: -0.08123860508203506
Step: 2326528	Mean reward: 16.71875	 Loss: -0.03719950094819069
Step: 2334720	Mean reward: 16.84375	 Loss: -0.043511006981134415
Step: 2342912	Mean reward: 16.25	 Loss: -0.05407778173685074
Step: 2351104	Mean reward: 16.09375	 Loss: -0.013949140906333923
Step: 2359296	Mean reward: 17.6875	 Loss: -0.01207934319972992
Step: 2367488	Mean reward: 18.03125	 Loss: -0.07395198941230774
Step: 2375680	Mean reward: 16.25	 Loss: 0.06477764993906021
Step: 2383872	Mean reward: 17.0	 Loss: -0.050686441361904144
Step: 2392064	Mean reward: 18.75	 Loss: -0.031128253787755966
Step: 2400256	Mean reward: 16.125	 Loss: -0.013143113814294338
Step: 2408448	Mean reward: 17.75	 Loss: -0.02756051905453205
Step: 2416640	Mean reward: 19.0625	 Loss: -0.007594413124024868
Step: 2424832	Mean reward: 18.125	 Loss: 0.051325567066669464
Step: 2433024	Mean reward: 17.40625	 Loss: -0.028327714651823044
Step: 2441216	Mean reward: 18.09375	 Loss: -0.038344912230968475
Step: 2449408	Mean reward: 18.5	 Loss: -0.09755206853151321
Step: 2457600	Mean reward: 16.90625	 Loss: 0.023028196766972542
Step: 2465792	Mean reward: 16.59375	 Loss: -0.04645446315407753
Step: 2473984	Mean reward: 18.59375	 Loss: 0.04676711559295654
Step: 2482176	Mean reward: 16.53125	 Loss: -0.06697652488946915
Step: 2490368	Mean reward: 17.8125	 Loss: 0.03218294307589531
Step: 2498560	Mean reward: 18.0	 Loss: -0.03175865858793259
Step: 2506752	Mean reward: 18.90625	 Loss: 0.024243060499429703
Step: 2514944	Mean reward: 17.90625	 Loss: -0.07725469022989273
Step: 2523136	Mean reward: 16.0	 Loss: -0.06372979283332825
Step: 2531328	Mean reward: 17.0625	 Loss: -0.03533851355314255
Step: 2539520	Mean reward: 16.65625	 Loss: -0.023946378380060196
Step: 2547712	Mean reward: 16.65625	 Loss: -0.022729724645614624
Step: 2555904	Mean reward: 16.96875	 Loss: -0.1093430444598198
Step: 2564096	Mean reward: 17.34375	 Loss: -0.08260992914438248
Step: 2572288	Mean reward: 17.09375	 Loss: 0.010824184864759445
Step: 2580480	Mean reward: 17.0625	 Loss: -0.07196217030286789
Step: 2588672	Mean reward: 17.96875	 Loss: -0.0209176205098629
Step: 2596864	Mean reward: 19.3125	 Loss: 0.006753770634531975
Step: 2605056	Mean reward: 17.65625	 Loss: -0.06717324256896973
Step: 2613248	Mean reward: 18.0625	 Loss: -0.050950415432453156
Step: 2621440	Mean reward: 18.34375	 Loss: -0.11152955889701843
Step: 2629632	Mean reward: 18.25	 Loss: -0.05920540541410446
Step: 2637824	Mean reward: 16.65625	 Loss: -0.0751609206199646
Step: 2646016	Mean reward: 17.5	 Loss: -0.09397941827774048
Step: 2654208	Mean reward: 18.65625	 Loss: -0.08007468283176422
Step: 2662400	Mean reward: 18.0625	 Loss: -0.028027180582284927
Step: 2670592	Mean reward: 17.78125	 Loss: 0.0049358271062374115
Step: 2678784	Mean reward: 16.9375	 Loss: -0.03843074291944504
Step: 2686976	Mean reward: 15.34375	 Loss: -0.07897970080375671
Step: 2695168	Mean reward: 16.28125	 Loss: 0.00835614837706089
Step: 2703360	Mean reward: 17.96875	 Loss: -0.02278607338666916
Step: 2711552	Mean reward: 16.96875	 Loss: -0.11533055454492569
Step: 2719744	Mean reward: 17.21875	 Loss: -0.00991810578852892
Step: 2727936	Mean reward: 16.34375	 Loss: -0.03175336867570877
Step: 2736128	Mean reward: 17.46875	 Loss: -0.05164514482021332
Step: 2744320	Mean reward: 17.34375	 Loss: -0.03134232014417648
Step: 2752512	Mean reward: 15.75	 Loss: -0.031458452343940735
Step: 2760704	Mean reward: 18.03125	 Loss: -0.017464976757764816
Step: 2768896	Mean reward: 15.65625	 Loss: -0.06965165585279465
Step: 2777088	Mean reward: 17.59375	 Loss: 0.05893256887793541
Step: 2785280	Mean reward: 16.40625	 Loss: -0.1052643209695816
Step: 2793472	Mean reward: 18.25	 Loss: 0.008603914640843868
Step: 2801664	Mean reward: 15.59375	 Loss: -0.0335564911365509
Step: 2809856	Mean reward: 18.15625	 Loss: -0.05448766425251961
Step: 2818048	Mean reward: 18.03125	 Loss: -0.053789786994457245
Step: 2826240	Mean reward: 19.3125	 Loss: 0.05294957384467125
Step: 2834432	Mean reward: 17.84375	 Loss: -0.11298806220293045
Step: 2842624	Mean reward: 18.96875	 Loss: -0.08723526448011398
Step: 2850816	Mean reward: 17.1875	 Loss: -0.02555667608976364
Step: 2859008	Mean reward: 17.53125	 Loss: 0.005881493911147118
Step: 2867200	Mean reward: 18.1875	 Loss: 0.019191179424524307
Step: 2875392	Mean reward: 17.625	 Loss: -0.03302137181162834
Step: 2883584	Mean reward: 19.78125	 Loss: -0.0496276319026947
Step: 2891776	Mean reward: 17.59375	 Loss: -0.0649958923459053
Step: 2899968	Mean reward: 18.4375	 Loss: -0.06721282005310059
Step: 2908160	Mean reward: 18.75	 Loss: -0.027111489325761795
Step: 2916352	Mean reward: 19.15625	 Loss: -0.03376205265522003
Step: 2924544	Mean reward: 18.90625	 Loss: 0.03663147985935211
Step: 2932736	Mean reward: 18.78125	 Loss: -0.03367093205451965
Step: 2940928	Mean reward: 17.96875	 Loss: -0.020555999130010605
Step: 2949120	Mean reward: 17.46875	 Loss: 0.04485455900430679
Step: 2957312	Mean reward: 17.40625	 Loss: -0.01699717342853546
Step: 2965504	Mean reward: 17.5625	 Loss: -0.02048986218869686
Step: 2973696	Mean reward: 16.78125	 Loss: -0.044985782355070114
Step: 2981888	Mean reward: 17.40625	 Loss: -0.04073373228311539
Step: 2990080	Mean reward: 17.78125	 Loss: -0.061644211411476135
Step: 2998272	Mean reward: 18.625	 Loss: 0.011564919725060463
Step: 3006464	Mean reward: 17.84375	 Loss: -0.04964447021484375
Step: 3014656	Mean reward: 16.75	 Loss: 0.051784999668598175
Step: 3022848	Mean reward: 17.84375	 Loss: -0.055085476487874985
Step: 3031040	Mean reward: 17.125	 Loss: -0.09237198531627655
Step: 3039232	Mean reward: 16.25	 Loss: 0.030131932348012924
Step: 3047424	Mean reward: 16.6875	 Loss: -0.0486791767179966
Step: 3055616	Mean reward: 18.0	 Loss: -0.032502077519893646
Step: 3063808	Mean reward: 17.5	 Loss: -0.020294468849897385
Step: 3072000	Mean reward: 18.3125	 Loss: -0.05450824275612831
Step: 3080192	Mean reward: 18.03125	 Loss: -0.036312513053417206
Step: 3088384	Mean reward: 18.90625	 Loss: -0.061504729092121124
Step: 3096576	Mean reward: 18.84375	 Loss: -0.026981711387634277
Step: 3104768	Mean reward: 18.375	 Loss: -0.014972802251577377
Step: 3112960	Mean reward: 18.1875	 Loss: -0.051281653344631195
Step: 3121152	Mean reward: 18.65625	 Loss: -0.0004397118464112282
Step: 3129344	Mean reward: 20.5	 Loss: -0.013469683937728405
Step: 3137536	Mean reward: 17.8125	 Loss: -0.04862799495458603
Step: 3145728	Mean reward: 18.25	 Loss: -0.03200187534093857
Step: 3153920	Mean reward: 18.46875	 Loss: -0.13494235277175903
Step: 3162112	Mean reward: 17.21875	 Loss: -0.08153250068426132
Step: 3170304	Mean reward: 18.1875	 Loss: 0.029462303966283798
Step: 3178496	Mean reward: 18.71875	 Loss: 0.011503621004521847
Step: 3186688	Mean reward: 17.75	 Loss: -0.024602074176073074
Step: 3194880	Mean reward: 20.65625	 Loss: -0.0470658615231514
Step: 3203072	Mean reward: 17.96875	 Loss: 0.03136897832155228
Step: 3211264	Mean reward: 17.96875	 Loss: 0.034144312143325806
Step: 3219456	Mean reward: 18.78125	 Loss: -0.02147110551595688
Step: 3227648	Mean reward: 18.21875	 Loss: 0.029004722833633423
Step: 3235840	Mean reward: 18.71875	 Loss: -0.07332776486873627
Step: 3244032	Mean reward: 18.1875	 Loss: -0.08414415270090103
Step: 3252224	Mean reward: 19.0	 Loss: -0.04585671052336693
Step: 3260416	Mean reward: 17.28125	 Loss: -0.057414159178733826
Step: 3268608	Mean reward: 19.40625	 Loss: -0.055968884378671646
Step: 3276800	Mean reward: 19.96875	 Loss: -0.03620082139968872
Step: 3284992	Mean reward: 18.71875	 Loss: -0.036662694066762924
Step: 3293184	Mean reward: 19.4375	 Loss: -0.015596565790474415
Step: 3301376	Mean reward: 18.46875	 Loss: -0.04449987784028053
Step: 3309568	Mean reward: 19.1875	 Loss: -0.03266778588294983
Step: 3317760	Mean reward: 18.6875	 Loss: -0.0568721778690815
Step: 3325952	Mean reward: 19.625	 Loss: 0.006825566291809082
Step: 3334144	Mean reward: 17.8125	 Loss: 0.07264141738414764
Step: 3342336	Mean reward: 18.40625	 Loss: -0.14295633137226105
Step: 3350528	Mean reward: 19.53125	 Loss: -0.053151097148656845
Step: 3358720	Mean reward: 18.40625	 Loss: -0.027579961344599724
Step: 3366912	Mean reward: 18.84375	 Loss: -0.017869368195533752
Step: 3375104	Mean reward: 17.5625	 Loss: -0.052861325442790985
Step: 3383296	Mean reward: 19.125	 Loss: -0.11065393686294556
Step: 3391488	Mean reward: 18.40625	 Loss: 0.07545880973339081
Step: 3399680	Mean reward: 17.75	 Loss: -0.0803590938448906
Step: 3407872	Mean reward: 18.34375	 Loss: -0.0053391726687550545
Step: 3416064	Mean reward: 17.0	 Loss: 0.03213871270418167
Step: 3424256	Mean reward: 17.28125	 Loss: -0.010517165064811707
Step: 3432448	Mean reward: 19.90625	 Loss: -0.022513587027788162
Step: 3440640	Mean reward: 18.5	 Loss: -0.1628020852804184
Step: 3448832	Mean reward: 18.84375	 Loss: 0.07227475941181183
Step: 3457024	Mean reward: 18.4375	 Loss: -0.022900981828570366
Step: 3465216	Mean reward: 18.40625	 Loss: -0.007578941993415356
Step: 3473408	Mean reward: 18.96875	 Loss: -0.042119044810533524
Step: 3481600	Mean reward: 18.3125	 Loss: 0.04214655980467796
Step: 3489792	Mean reward: 19.25	 Loss: -0.054327093064785004
Step: 3497984	Mean reward: 17.6875	 Loss: 0.09088020771741867
Step: 3506176	Mean reward: 18.40625	 Loss: -0.0744430273771286
Step: 3514368	Mean reward: 18.09375	 Loss: -0.038467541337013245
Step: 3522560	Mean reward: 17.4375	 Loss: -0.0663750097155571
Step: 3530752	Mean reward: 17.90625	 Loss: 0.013271089643239975
Step: 3538944	Mean reward: 18.40625	 Loss: -0.010500585660338402
Step: 3547136	Mean reward: 17.03125	 Loss: -0.08059490472078323
Step: 3555328	Mean reward: 18.84375	 Loss: -0.04421469196677208
Step: 3563520	Mean reward: 17.5625	 Loss: -0.07312323153018951
Step: 3571712	Mean reward: 17.9375	 Loss: -0.09646549075841904
Step: 3579904	Mean reward: 19.25	 Loss: -0.017641304060816765
Step: 3588096	Mean reward: 17.71875	 Loss: -0.013198329135775566
Step: 3596288	Mean reward: 17.6875	 Loss: -0.05690538138151169
Step: 3604480	Mean reward: 18.96875	 Loss: -0.10189889371395111
Step: 3612672	Mean reward: 17.5625	 Loss: -0.042310841381549835
Step: 3620864	Mean reward: 17.96875	 Loss: -0.016631683334708214
Step: 3629056	Mean reward: 19.375	 Loss: 0.006561501882970333
Step: 3637248	Mean reward: 16.5	 Loss: -0.019411351531744003
Step: 3645440	Mean reward: 17.1875	 Loss: 0.020996663719415665
Step: 3653632	Mean reward: 17.21875	 Loss: 0.0028038788586854935
Step: 3661824	Mean reward: 18.09375	 Loss: 0.03198804706335068
Step: 3670016	Mean reward: 16.375	 Loss: -0.06759095937013626
Step: 3678208	Mean reward: 18.5	 Loss: -0.037172842770814896
Step: 3686400	Mean reward: 18.09375	 Loss: 0.026577476412057877
Step: 3694592	Mean reward: 17.78125	 Loss: -0.053922880440950394
Step: 3702784	Mean reward: 16.90625	 Loss: -0.03584069758653641
Step: 3710976	Mean reward: 18.71875	 Loss: -0.03952263295650482
Step: 3719168	Mean reward: 18.4375	 Loss: 0.009783499874174595
Step: 3727360	Mean reward: 17.59375	 Loss: 0.01624397747218609
Step: 3735552	Mean reward: 19.375	 Loss: -0.05881587415933609
Step: 3743744	Mean reward: 16.46875	 Loss: -0.05213387683033943
Step: 3751936	Mean reward: 18.09375	 Loss: -0.060381434857845306
Step: 3760128	Mean reward: 17.75	 Loss: -0.003997195512056351
Step: 3768320	Mean reward: 15.34375	 Loss: -0.061342962086200714
Step: 3776512	Mean reward: 18.59375	 Loss: -0.041468482464551926
Step: 3784704	Mean reward: 18.25	 Loss: -0.06539871543645859
Step: 3792896	Mean reward: 17.5	 Loss: -0.027107123285531998
Step: 3801088	Mean reward: 16.40625	 Loss: -0.013518906198441982
Step: 3809280	Mean reward: 17.6875	 Loss: -0.025381680577993393
Step: 3817472	Mean reward: 17.53125	 Loss: 0.023955147713422775
Step: 3825664	Mean reward: 17.09375	 Loss: -0.028251435607671738
Step: 3833856	Mean reward: 18.5625	 Loss: -0.02070048823952675
Step: 3842048	Mean reward: 18.1875	 Loss: -0.0882507711648941
Step: 3850240	Mean reward: 17.375	 Loss: 0.000506645068526268
Step: 3858432	Mean reward: 18.71875	 Loss: -0.09109410643577576
Step: 3866624	Mean reward: 17.78125	 Loss: -0.042056526988744736
Step: 3874816	Mean reward: 19.03125	 Loss: -0.07458974421024323
Step: 3883008	Mean reward: 17.3125	 Loss: -0.06065315008163452
Step: 3891200	Mean reward: 21.125	 Loss: -0.07941899448633194
Step: 3899392	Mean reward: 17.28125	 Loss: -0.03528556227684021
Step: 3907584	Mean reward: 18.625	 Loss: -0.019216123968362808
Step: 3915776	Mean reward: 17.625	 Loss: -0.022156381979584694
Step: 3923968	Mean reward: 17.53125	 Loss: -0.01459761243313551
Step: 3932160	Mean reward: 18.25	 Loss: 0.016194498166441917
Step: 3940352	Mean reward: 17.78125	 Loss: 0.036439199000597
Step: 3948544	Mean reward: 19.125	 Loss: -0.029070762917399406
Step: 3956736	Mean reward: 19.34375	 Loss: -0.02928483486175537
Step: 3964928	Mean reward: 19.8125	 Loss: 0.0022757546976208687
Step: 3973120	Mean reward: 18.96875	 Loss: -0.04830560460686684
Step: 3981312	Mean reward: 19.1875	 Loss: -0.10726478695869446
Step: 3989504	Mean reward: 19.3125	 Loss: 0.013561645522713661
Step: 3997696	Mean reward: 19.78125	 Loss: -0.03473029285669327
Step: 4005888	Mean reward: 20.34375	 Loss: -0.10228735208511353
Step: 4014080	Mean reward: 19.875	 Loss: -0.07100076973438263
Step: 4022272	Mean reward: 19.96875	 Loss: -0.03933066129684448
Step: 4030464	Mean reward: 20.1875	 Loss: -0.03482389822602272
Step: 4038656	Mean reward: 17.96875	 Loss: -0.05629585683345795
Step: 4046848	Mean reward: 18.5625	 Loss: -0.06079763174057007
Step: 4055040	Mean reward: 17.75	 Loss: 0.03073984384536743
Step: 4063232	Mean reward: 19.53125	 Loss: -0.07423003017902374
Step: 4071424	Mean reward: 19.03125	 Loss: -0.06808328628540039
Step: 4079616	Mean reward: 19.5	 Loss: -0.06765817105770111
Step: 4087808	Mean reward: 18.1875	 Loss: -0.05224510282278061
Step: 4096000	Mean reward: 21.28125	 Loss: -0.040619734674692154
Step: 4104192	Mean reward: 18.875	 Loss: -0.05969100445508957
Step: 4112384	Mean reward: 19.59375	 Loss: -0.011512920260429382
Step: 4120576	Mean reward: 19.90625	 Loss: -0.04444124922156334
Step: 4128768	Mean reward: 19.09375	 Loss: 0.007280564866960049
Step: 4136960	Mean reward: 19.0	 Loss: -0.0562586709856987
Step: 4145152	Mean reward: 18.53125	 Loss: -0.08731698989868164
Step: 4153344	Mean reward: 18.34375	 Loss: 0.00019050296396017075
Step: 4161536	Mean reward: 18.5625	 Loss: -0.027874797582626343
Step: 4169728	Mean reward: 17.1875	 Loss: 0.010246386751532555
Step: 4177920	Mean reward: 19.125	 Loss: -0.0532149039208889
Step: 4186112	Mean reward: 18.96875	 Loss: -0.03591188043355942
Step: 4194304	Mean reward: 17.8125	 Loss: -0.025491368025541306
Step: 4202496	Mean reward: 17.8125	 Loss: -0.07154868543148041
Step: 4210688	Mean reward: 18.65625	 Loss: -0.057688940316438675
Step: 4218880	Mean reward: 19.125	 Loss: 0.023173224180936813
Step: 4227072	Mean reward: 18.25	 Loss: -0.022567737847566605
Step: 4235264	Mean reward: 19.40625	 Loss: -0.02298232913017273
Step: 4243456	Mean reward: 18.15625	 Loss: -0.0317404605448246
Step: 4251648	Mean reward: 18.46875	 Loss: -0.15393243730068207
Step: 4259840	Mean reward: 18.28125	 Loss: -0.03708534687757492
Step: 4268032	Mean reward: 16.84375	 Loss: 0.024678323417901993
Step: 4276224	Mean reward: 19.875	 Loss: 0.03024144470691681
Step: 4284416	Mean reward: 19.09375	 Loss: -0.05003664642572403
Step: 4292608	Mean reward: 20.03125	 Loss: 0.00026813987642526627
Step: 4300800	Mean reward: 20.65625	 Loss: 0.013697180896997452
Step: 4308992	Mean reward: 17.90625	 Loss: -0.045223359018564224
Step: 4317184	Mean reward: 18.25	 Loss: -0.042795825749635696
Step: 4325376	Mean reward: 18.03125	 Loss: -0.04446776583790779
Step: 4333568	Mean reward: 19.0625	 Loss: 0.036515913903713226
Step: 4341760	Mean reward: 19.28125	 Loss: -0.08691852539777756
Step: 4349952	Mean reward: 20.46875	 Loss: 0.012126096524298191
Step: 4358144	Mean reward: 16.96875	 Loss: -0.09986521303653717
Step: 4366336	Mean reward: 18.59375	 Loss: -0.014160842634737492
Step: 4374528	Mean reward: 18.9375	 Loss: -0.02120809257030487
Step: 4382720	Mean reward: 19.96875	 Loss: -0.006352853029966354
Step: 4390912	Mean reward: 18.59375	 Loss: -0.05062418431043625
Step: 4399104	Mean reward: 16.53125	 Loss: -0.056962013244628906
Step: 4407296	Mean reward: 17.90625	 Loss: -0.0022693146020174026
Step: 4415488	Mean reward: 18.1875	 Loss: 0.007051365450024605
Step: 4423680	Mean reward: 17.8125	 Loss: -0.15935157239437103
Step: 4431872	Mean reward: 18.21875	 Loss: -0.06891614943742752
Step: 4440064	Mean reward: 20.0625	 Loss: -0.10318783670663834
Step: 4448256	Mean reward: 18.34375	 Loss: -0.044271327555179596
Step: 4456448	Mean reward: 19.375	 Loss: -0.09206247329711914
Step: 4464640	Mean reward: 18.34375	 Loss: -0.07965296506881714
Step: 4472832	Mean reward: 19.28125	 Loss: -0.025934606790542603
Step: 4481024	Mean reward: 19.21875	 Loss: -0.055171798914670944
Step: 4489216	Mean reward: 19.03125	 Loss: -0.09893593937158585
Step: 4497408	Mean reward: 19.53125	 Loss: -0.08198601007461548
Step: 4505600	Mean reward: 18.84375	 Loss: -0.06594781577587128
Step: 4513792	Mean reward: 19.5	 Loss: -0.07741259038448334
Step: 4521984	Mean reward: 18.53125	 Loss: -0.0633569285273552
Step: 4530176	Mean reward: 19.03125	 Loss: 0.03318789228796959
Step: 4538368	Mean reward: 21.1875	 Loss: -0.010412047617137432
Step: 4546560	Mean reward: 19.96875	 Loss: -0.009489824995398521
Step: 4554752	Mean reward: 18.90625	 Loss: -0.041202887892723083
Step: 4562944	Mean reward: 19.75	 Loss: -0.017199449241161346
Step: 4571136	Mean reward: 21.0	 Loss: -0.03803154453635216
Step: 4579328	Mean reward: 18.3125	 Loss: -0.02359989657998085
Step: 4587520	Mean reward: 18.125	 Loss: -0.034259162843227386
Step: 4595712	Mean reward: 19.0	 Loss: 0.03960435837507248
Step: 4603904	Mean reward: 19.8125	 Loss: -0.10962984710931778
Step: 4612096	Mean reward: 19.3125	 Loss: 0.0013451892882585526
Step: 4620288	Mean reward: 18.4375	 Loss: -0.016261447221040726
Step: 4628480	Mean reward: 18.625	 Loss: -0.07516752183437347
Step: 4636672	Mean reward: 21.15625	 Loss: -0.034920964390039444
Step: 4644864	Mean reward: 20.0	 Loss: 0.0522778145968914
Step: 4653056	Mean reward: 19.125	 Loss: -0.01414667721837759
Step: 4661248	Mean reward: 21.03125	 Loss: -0.054595522582530975
Step: 4669440	Mean reward: 19.15625	 Loss: 0.08435076475143433
Step: 4677632	Mean reward: 18.3125	 Loss: -0.01158097106963396
Step: 4685824	Mean reward: 19.3125	 Loss: -0.11832177639007568
Step: 4694016	Mean reward: 19.5	 Loss: -0.018125390633940697
Step: 4702208	Mean reward: 19.625	 Loss: -0.08578164875507355
Step: 4710400	Mean reward: 19.875	 Loss: 0.017055116593837738
Step: 4718592	Mean reward: 19.625	 Loss: 0.0055299121886491776
Step: 4726784	Mean reward: 18.75	 Loss: 0.07552355527877808
Step: 4734976	Mean reward: 19.9375	 Loss: 0.006713435053825378
Step: 4743168	Mean reward: 18.5625	 Loss: -0.028173459693789482
Step: 4751360	Mean reward: 19.75	 Loss: 0.06767245382070541
Step: 4759552	Mean reward: 19.03125	 Loss: -0.054558176547288895
Step: 4767744	Mean reward: 19.28125	 Loss: 0.07057315111160278
Step: 4775936	Mean reward: 19.25	 Loss: -0.0784413069486618
Step: 4784128	Mean reward: 19.0	 Loss: -0.030511528253555298
Step: 4792320	Mean reward: 20.3125	 Loss: -0.09961644560098648
Step: 4800512	Mean reward: 19.28125	 Loss: -0.04984644800424576
Step: 4808704	Mean reward: 19.96875	 Loss: 0.01111271046102047
Step: 4816896	Mean reward: 20.6875	 Loss: -0.02566847763955593
Step: 4825088	Mean reward: 21.59375	 Loss: 0.012837015092372894
Step: 4833280	Mean reward: 18.34375	 Loss: 0.0711355060338974
Step: 4841472	Mean reward: 20.59375	 Loss: -0.061934202909469604
Step: 4849664	Mean reward: 21.1875	 Loss: -0.07604581117630005
Step: 4857856	Mean reward: 18.6875	 Loss: 0.012648074887692928
Step: 4866048	Mean reward: 20.8125	 Loss: -0.04997978359460831
Step: 4874240	Mean reward: 21.21875	 Loss: 0.041391707956790924
Step: 4882432	Mean reward: 20.40625	 Loss: -0.04414985701441765
Step: 4890624	Mean reward: 20.125	 Loss: 0.04035023972392082
Step: 4898816	Mean reward: 19.65625	 Loss: -0.03740564361214638
Step: 4907008	Mean reward: 19.5625	 Loss: 0.027301691472530365
Step: 4915200	Mean reward: 20.46875	 Loss: 0.026915688067674637
Step: 4923392	Mean reward: 20.625	 Loss: -0.09612423926591873
Step: 4931584	Mean reward: 19.90625	 Loss: -0.05051679164171219
Step: 4939776	Mean reward: 20.625	 Loss: -0.08492138981819153
Step: 4947968	Mean reward: 19.53125	 Loss: -0.09722483158111572
Step: 4956160	Mean reward: 19.59375	 Loss: -0.018991734832525253
Step: 4964352	Mean reward: 21.5	 Loss: -0.033977292478084564
Step: 4972544	Mean reward: 20.96875	 Loss: 0.02140941098332405
Step: 4980736	Mean reward: 18.53125	 Loss: -0.05870531499385834
Step: 4988928	Mean reward: 20.09375	 Loss: 0.056240327656269073
Step: 4997120	Mean reward: 19.46875	 Loss: -0.038023024797439575
Step: 5005312	Mean reward: 18.78125	 Loss: 0.027198579162359238
Step: 5013504	Mean reward: 20.21875	 Loss: 0.007778923958539963
Step: 5021696	Mean reward: 20.5	 Loss: -0.12412263453006744
Step: 5029888	Mean reward: 20.34375	 Loss: -0.1043981984257698
Step: 5038080	Mean reward: 20.78125	 Loss: 0.03175730258226395
Step: 5046272	Mean reward: 18.90625	 Loss: 0.03193942457437515
Step: 5054464	Mean reward: 19.46875	 Loss: -0.12434903532266617
Step: 5062656	Mean reward: 19.125	 Loss: -0.0053032198920845985
Step: 5070848	Mean reward: 19.59375	 Loss: 0.01416848972439766
Step: 5079040	Mean reward: 18.21875	 Loss: -0.02551114186644554
Step: 5087232	Mean reward: 19.46875	 Loss: 0.013009094633162022
Step: 5095424	Mean reward: 18.6875	 Loss: -0.01114572398364544
Step: 5103616	Mean reward: 19.5	 Loss: -0.07770827412605286
Step: 5111808	Mean reward: 20.875	 Loss: 0.036765098571777344
Step: 5120000	Mean reward: 18.875	 Loss: -0.025020716711878777
Step: 5128192	Mean reward: 20.15625	 Loss: 0.018365642055869102
Step: 5136384	Mean reward: 18.8125	 Loss: 0.01147965807467699
Step: 5144576	Mean reward: 19.375	 Loss: -0.034677453339099884
Step: 5152768	Mean reward: 17.71875	 Loss: -0.00935088749974966
Step: 5160960	Mean reward: 20.5625	 Loss: 0.010032053105533123
Step: 5169152	Mean reward: 18.75	 Loss: -0.058367498219013214
Step: 5177344	Mean reward: 18.375	 Loss: -0.0696328803896904
Step: 5185536	Mean reward: 20.53125	 Loss: -0.057675089687108994
Step: 5193728	Mean reward: 18.90625	 Loss: -0.0817994698882103
Step: 5201920	Mean reward: 20.1875	 Loss: -0.020011847838759422
Step: 5210112	Mean reward: 19.65625	 Loss: -0.04756147414445877
Step: 5218304	Mean reward: 20.4375	 Loss: -0.03964574262499809
Step: 5226496	Mean reward: 20.3125	 Loss: -0.007257555611431599
Step: 5234688	Mean reward: 20.3125	 Loss: -0.015287556685507298
Step: 5242880	Mean reward: 18.8125	 Loss: 0.012572446838021278
Step: 5251072	Mean reward: 18.6875	 Loss: -0.028288768604397774
Step: 5259264	Mean reward: 20.71875	 Loss: -0.018067244440317154
Step: 5267456	Mean reward: 19.375	 Loss: 0.028504040092229843
Step: 5275648	Mean reward: 18.1875	 Loss: 0.019162751734256744
Step: 5283840	Mean reward: 20.21875	 Loss: 0.0004660366103053093
Step: 5292032	Mean reward: 19.21875	 Loss: 0.00397271104156971
Step: 5300224	Mean reward: 19.125	 Loss: -0.003751237876713276
Step: 5308416	Mean reward: 19.125	 Loss: -0.08724957704544067
Step: 5316608	Mean reward: 19.75	 Loss: -0.08772027492523193
Step: 5324800	Mean reward: 19.53125	 Loss: -0.024780038744211197
Step: 5332992	Mean reward: 19.0	 Loss: -0.008100452832877636
Step: 5341184	Mean reward: 19.90625	 Loss: 0.007342593744397163
Step: 5349376	Mean reward: 19.4375	 Loss: -0.034376244992017746
Step: 5357568	Mean reward: 19.28125	 Loss: -0.11546017229557037
Step: 5365760	Mean reward: 19.46875	 Loss: -0.004036194644868374
Step: 5373952	Mean reward: 20.1875	 Loss: -0.019324101507663727
Step: 5382144	Mean reward: 19.90625	 Loss: -0.0005114031955599785
Step: 5390336	Mean reward: 20.34375	 Loss: -0.023808345198631287
Step: 5398528	Mean reward: 21.8125	 Loss: -0.04723721742630005
Step: 5406720	Mean reward: 20.15625	 Loss: -0.11048165708780289
Step: 5414912	Mean reward: 18.4375	 Loss: -0.007710522972047329
Step: 5423104	Mean reward: 18.875	 Loss: 0.0259113647043705
Step: 5431296	Mean reward: 20.15625	 Loss: -0.08319558203220367
Step: 5439488	Mean reward: 18.875	 Loss: 0.019322220236063004
Step: 5447680	Mean reward: 18.78125	 Loss: -0.08253755420446396
Step: 5455872	Mean reward: 19.3125	 Loss: 0.003212355077266693
Step: 5464064	Mean reward: 19.625	 Loss: -0.025902628898620605
Step: 5472256	Mean reward: 18.71875	 Loss: -0.04752971604466438
Step: 5480448	Mean reward: 20.21875	 Loss: -0.003543626517057419
Step: 5488640	Mean reward: 18.15625	 Loss: -0.037145353853702545
Step: 5496832	Mean reward: 19.0	 Loss: -0.09842963516712189
Step: 5505024	Mean reward: 20.3125	 Loss: -0.032987017184495926
Step: 5513216	Mean reward: 18.9375	 Loss: -0.01813865453004837
Step: 5521408	Mean reward: 18.71875	 Loss: -0.02807607315480709
Step: 5529600	Mean reward: 18.65625	 Loss: -0.05441076308488846
Step: 5537792	Mean reward: 19.5625	 Loss: -0.08119706809520721
Step: 5545984	Mean reward: 20.0625	 Loss: 0.011621846817433834
Step: 5554176	Mean reward: 19.40625	 Loss: -0.017593391239643097
Step: 5562368	Mean reward: 19.21875	 Loss: -0.024290433153510094
Step: 5570560	Mean reward: 18.0	 Loss: -0.06408093869686127
Step: 5578752	Mean reward: 20.875	 Loss: -0.09646080434322357
Step: 5586944	Mean reward: 20.53125	 Loss: -0.06458956003189087
Step: 5595136	Mean reward: 19.5	 Loss: -0.02988985925912857
Step: 5603328	Mean reward: 19.6875	 Loss: 0.002199430949985981
Step: 5611520	Mean reward: 19.3125	 Loss: -0.05996708199381828
Step: 5619712	Mean reward: 19.21875	 Loss: 0.048775702714920044
Step: 5627904	Mean reward: 20.6875	 Loss: -0.009847503155469894
Step: 5636096	Mean reward: 20.59375	 Loss: -0.04659789055585861
Step: 5644288	Mean reward: 21.25	 Loss: -0.059277962893247604
Step: 5652480	Mean reward: 20.5	 Loss: -0.09478865563869476
Step: 5660672	Mean reward: 20.15625	 Loss: -0.0027634864673018456
Step: 5668864	Mean reward: 21.28125	 Loss: -0.12960386276245117
Step: 5677056	Mean reward: 19.4375	 Loss: -0.05754195526242256
Step: 5685248	Mean reward: 21.90625	 Loss: -0.03387170284986496
Step: 5693440	Mean reward: 20.1875	 Loss: 0.004864472895860672
Step: 5701632	Mean reward: 21.96875	 Loss: -0.09325339645147324
Step: 5709824	Mean reward: 19.84375	 Loss: -0.04061610996723175
Step: 5718016	Mean reward: 19.125	 Loss: -0.034977130591869354
Step: 5726208	Mean reward: 19.84375	 Loss: -0.039446815848350525
Step: 5734400	Mean reward: 21.0	 Loss: -0.06477765738964081
Step: 5742592	Mean reward: 20.15625	 Loss: -0.024434149265289307
Step: 5750784	Mean reward: 19.15625	 Loss: 0.00968092493712902
Step: 5758976	Mean reward: 20.34375	 Loss: -0.06307992339134216
Step: 5767168	Mean reward: 19.875	 Loss: -0.010793550871312618
Step: 5775360	Mean reward: 20.3125	 Loss: -0.05450040102005005
Step: 5783552	Mean reward: 21.09375	 Loss: -0.0629248097538948
Step: 5791744	Mean reward: 18.6875	 Loss: 0.030168551951646805
Step: 5799936	Mean reward: 20.78125	 Loss: -0.024474015459418297
Step: 5808128	Mean reward: 21.25	 Loss: -0.11473735421895981
Step: 5816320	Mean reward: 21.09375	 Loss: -0.001002563163638115
Step: 5824512	Mean reward: 20.46875	 Loss: -0.06822016090154648
Step: 5832704	Mean reward: 20.21875	 Loss: -0.1170692965388298
Step: 5840896	Mean reward: 21.1875	 Loss: -0.013045280240476131
Step: 5849088	Mean reward: 21.1875	 Loss: 0.05522705614566803
Step: 5857280	Mean reward: 19.40625	 Loss: -0.011939319781959057
Step: 5865472	Mean reward: 20.03125	 Loss: -0.0038063451647758484
Step: 5873664	Mean reward: 21.5	 Loss: -0.011987787671387196
Step: 5881856	Mean reward: 21.90625	 Loss: -0.03831129148602486
Step: 5890048	Mean reward: 20.625	 Loss: -0.024304933845996857
Step: 5898240	Mean reward: 22.125	 Loss: -0.00948836375027895
Step: 5906432	Mean reward: 20.5625	 Loss: -0.047669146209955215
Step: 5914624	Mean reward: 22.09375	 Loss: -0.009249277412891388
Step: 5922816	Mean reward: 20.75	 Loss: 0.05263105034828186
Step: 5931008	Mean reward: 20.53125	 Loss: -0.03758509084582329
Step: 5939200	Mean reward: 18.96875	 Loss: -0.04222024977207184
Step: 5947392	Mean reward: 19.375	 Loss: -0.040028829127550125
Step: 5955584	Mean reward: 22.0	 Loss: -0.07757605612277985
Step: 5963776	Mean reward: 20.40625	 Loss: -0.009292553178966045
Step: 5971968	Mean reward: 20.75	 Loss: -0.04489726573228836
Step: 5980160	Mean reward: 19.96875	 Loss: -0.013469604775309563
Step: 5988352	Mean reward: 21.0	 Loss: 0.026286400854587555
Step: 5996544	Mean reward: 21.03125	 Loss: -0.04087021201848984
Step: 6004736	Mean reward: 21.90625	 Loss: -0.017451994121074677
Step: 6012928	Mean reward: 20.84375	 Loss: -0.12038308382034302
Step: 6021120	Mean reward: 20.40625	 Loss: 0.03334251046180725
Step: 6029312	Mean reward: 20.90625	 Loss: 0.02928847260773182
Step: 6037504	Mean reward: 20.34375	 Loss: 0.02147606387734413
Step: 6045696	Mean reward: 21.4375	 Loss: 0.02227754518389702
Step: 6053888	Mean reward: 18.59375	 Loss: -0.06560012698173523
Step: 6062080	Mean reward: 20.5625	 Loss: -0.0024802032858133316
Step: 6070272	Mean reward: 21.96875	 Loss: -0.02506405860185623
Step: 6078464	Mean reward: 21.03125	 Loss: -0.07792529463768005
Step: 6086656	Mean reward: 20.15625	 Loss: -0.1225723996758461
Step: 6094848	Mean reward: 19.65625	 Loss: -0.06088676676154137
Step: 6103040	Mean reward: 20.46875	 Loss: -0.10569600015878677
Step: 6111232	Mean reward: 21.375	 Loss: -0.07232282310724258
Step: 6119424	Mean reward: 19.6875	 Loss: -0.055792320519685745
Step: 6127616	Mean reward: 20.03125	 Loss: -0.06131556257605553
Step: 6135808	Mean reward: 20.21875	 Loss: -0.0763595774769783
Step: 6144000	Mean reward: 20.09375	 Loss: -0.14048635959625244
Step: 6152192	Mean reward: 19.84375	 Loss: -0.012303723022341728
Step: 6160384	Mean reward: 19.59375	 Loss: -0.03751568868756294
Step: 6168576	Mean reward: 21.75	 Loss: -0.007209332659840584
Step: 6176768	Mean reward: 18.78125	 Loss: -0.07437720149755478
Step: 6184960	Mean reward: 19.59375	 Loss: -0.031344421207904816
Step: 6193152	Mean reward: 19.0	 Loss: 0.00851691234856844
Step: 6201344	Mean reward: 22.125	 Loss: 0.030754081904888153
Step: 6209536	Mean reward: 19.15625	 Loss: -0.05609054118394852
Step: 6217728	Mean reward: 20.28125	 Loss: -0.13043278455734253
Step: 6225920	Mean reward: 21.28125	 Loss: -0.03927328437566757
Step: 6234112	Mean reward: 19.21875	 Loss: -0.0424010306596756
Step: 6242304	Mean reward: 21.40625	 Loss: -0.08131015300750732
Step: 6250496	Mean reward: 19.625	 Loss: -0.04308593273162842
Step: 6258688	Mean reward: 21.46875	 Loss: -0.042217690497636795
Step: 6266880	Mean reward: 20.78125	 Loss: -0.005079356953501701
Step: 6275072	Mean reward: 19.1875	 Loss: 0.039613865315914154
Step: 6283264	Mean reward: 19.40625	 Loss: -0.05149455368518829
Step: 6291456	Mean reward: 19.15625	 Loss: -0.03342157602310181
Step: 6299648	Mean reward: 20.34375	 Loss: -0.020247258245944977
Step: 6307840	Mean reward: 21.78125	 Loss: -0.02980121225118637
Step: 6316032	Mean reward: 19.03125	 Loss: -0.07385171949863434
Step: 6324224	Mean reward: 19.96875	 Loss: 0.01170383207499981
Step: 6332416	Mean reward: 19.65625	 Loss: -0.12367675453424454
Step: 6340608	Mean reward: 20.5	 Loss: 0.03559543937444687
Step: 6348800	Mean reward: 22.125	 Loss: -0.08849168568849564
Step: 6356992	Mean reward: 18.03125	 Loss: -0.029996871948242188
Step: 6365184	Mean reward: 19.96875	 Loss: -0.033510882407426834
Step: 6373376	Mean reward: 20.875	 Loss: 0.00218378659337759
Step: 6381568	Mean reward: 19.53125	 Loss: 0.011562955565750599
Step: 6389760	Mean reward: 20.40625	 Loss: -0.02367331273853779
Step: 6397952	Mean reward: 19.5	 Loss: -0.04147965461015701
Step: 6406144	Mean reward: 18.0625	 Loss: -0.10116074979305267
Step: 6414336	Mean reward: 19.3125	 Loss: 0.001896747387945652
Step: 6422528	Mean reward: 21.4375	 Loss: -0.02665654942393303
Step: 6430720	Mean reward: 18.21875	 Loss: -0.024235974997282028
Step: 6438912	Mean reward: 20.625	 Loss: -0.06664302200078964
Step: 6447104	Mean reward: 18.4375	 Loss: -0.07584351301193237
Step: 6455296	Mean reward: 20.5625	 Loss: -0.10780788213014603
Step: 6463488	Mean reward: 19.84375	 Loss: -0.06092157959938049
Step: 6471680	Mean reward: 20.9375	 Loss: -0.06324760615825653
Step: 6479872	Mean reward: 19.78125	 Loss: 0.01961466297507286
Step: 6488064	Mean reward: 18.78125	 Loss: -0.058531954884529114
Step: 6496256	Mean reward: 19.59375	 Loss: -0.02961868606507778
Step: 6504448	Mean reward: 18.53125	 Loss: -0.0769001692533493
Step: 6512640	Mean reward: 19.375	 Loss: 0.06257826089859009
Step: 6520832	Mean reward: 19.5625	 Loss: -0.10954402387142181
Step: 6529024	Mean reward: 19.1875	 Loss: -0.021582569926977158
Step: 6537216	Mean reward: 20.125	 Loss: -0.05436766892671585
Step: 6545408	Mean reward: 19.25	 Loss: -0.04922933131456375
Step: 6553600	Mean reward: 20.40625	 Loss: -0.06891579180955887
Step: 6561792	Mean reward: 20.9375	 Loss: -0.01518236380070448
Step: 6569984	Mean reward: 20.375	 Loss: -0.03536562621593475
Step: 6578176	Mean reward: 18.84375	 Loss: -0.06067308783531189
Step: 6586368	Mean reward: 20.25	 Loss: -0.0243975929915905
Step: 6594560	Mean reward: 21.59375	 Loss: -0.05937134847044945
Step: 6602752	Mean reward: 20.03125	 Loss: -0.06485733389854431
Step: 6610944	Mean reward: 18.59375	 Loss: -0.008119886741042137
Step: 6619136	Mean reward: 20.15625	 Loss: 0.0017018988728523254
Step: 6627328	Mean reward: 19.34375	 Loss: -0.0034585706889629364
Step: 6635520	Mean reward: 19.90625	 Loss: -0.008519338443875313
Step: 6643712	Mean reward: 18.5	 Loss: -0.04729047045111656
Step: 6651904	Mean reward: 19.625	 Loss: -0.004979901015758514
Step: 6660096	Mean reward: 19.71875	 Loss: -0.03254280984401703
Step: 6668288	Mean reward: 19.15625	 Loss: -0.04217290133237839
Step: 6676480	Mean reward: 20.75	 Loss: -0.060525499284267426
Step: 6684672	Mean reward: 19.46875	 Loss: -0.03177428990602493
Step: 6692864	Mean reward: 20.34375	 Loss: -0.024928536266088486
Step: 6701056	Mean reward: 20.625	 Loss: -0.04333201423287392
Step: 6709248	Mean reward: 20.34375	 Loss: -0.0801314041018486
Step: 6717440	Mean reward: 20.34375	 Loss: -0.019994430243968964
Step: 6725632	Mean reward: 20.25	 Loss: 0.007489370182156563
Step: 6733824	Mean reward: 21.09375	 Loss: -0.09140557050704956
Step: 6742016	Mean reward: 20.625	 Loss: -0.06556544452905655
Step: 6750208	Mean reward: 20.625	 Loss: -0.02924133650958538
Step: 6758400	Mean reward: 19.96875	 Loss: 0.01043239701539278
Step: 6766592	Mean reward: 19.8125	 Loss: 0.006216056644916534
Step: 6774784	Mean reward: 21.3125	 Loss: -0.04408113285899162
Step: 6782976	Mean reward: 20.96875	 Loss: -0.11393184959888458
Step: 6791168	Mean reward: 19.9375	 Loss: -0.021715594455599785
Step: 6799360	Mean reward: 21.0	 Loss: -0.08096545934677124
Step: 6807552	Mean reward: 20.6875	 Loss: -3.038812428712845e-05
Step: 6815744	Mean reward: 20.53125	 Loss: -0.025061417371034622
Step: 6823936	Mean reward: 19.9375	 Loss: 0.010924449190497398
Step: 6832128	Mean reward: 20.5	 Loss: -0.042841412127017975
Step: 6840320	Mean reward: 20.21875	 Loss: -0.062008678913116455
Step: 6848512	Mean reward: 20.875	 Loss: -0.055635496973991394
Step: 6856704	Mean reward: 23.5	 Loss: -0.03007781319320202
Step: 6864896	Mean reward: 18.59375	 Loss: 0.000606226734817028
Step: 6873088	Mean reward: 20.9375	 Loss: 0.05841983109712601
Step: 6881280	Mean reward: 19.75	 Loss: -0.005665491335093975
Step: 6889472	Mean reward: 18.8125	 Loss: -0.05209629237651825
Step: 6897664	Mean reward: 20.84375	 Loss: -0.04854845628142357
Step: 6905856	Mean reward: 20.71875	 Loss: -0.07785656303167343
Step: 6914048	Mean reward: 19.59375	 Loss: -0.061540815979242325
Step: 6922240	Mean reward: 19.9375	 Loss: -0.006019509397447109
Step: 6930432	Mean reward: 19.9375	 Loss: -0.0666045993566513
Step: 6938624	Mean reward: 19.875	 Loss: -0.10371191799640656
Step: 6946816	Mean reward: 18.65625	 Loss: -0.09101878106594086
Step: 6955008	Mean reward: 19.3125	 Loss: -0.11959415674209595
Step: 6963200	Mean reward: 19.21875	 Loss: -0.08928744494915009
Step: 6971392	Mean reward: 18.65625	 Loss: -0.08884850144386292
Step: 6979584	Mean reward: 19.90625	 Loss: -0.01761544495820999
Step: 6987776	Mean reward: 21.28125	 Loss: -0.013326809741556644
Step: 6995968	Mean reward: 20.96875	 Loss: 0.030529282987117767
Step: 7004160	Mean reward: 20.90625	 Loss: -0.03395892679691315
Step: 7012352	Mean reward: 20.625	 Loss: -0.005800278857350349
Step: 7020544	Mean reward: 22.25	 Loss: 0.030221641063690186
Step: 7028736	Mean reward: 21.6875	 Loss: -0.043333545327186584
Step: 7036928	Mean reward: 19.3125	 Loss: -0.031711019575595856
Step: 7045120	Mean reward: 19.53125	 Loss: -0.023958859965205193
Step: 7053312	Mean reward: 19.84375	 Loss: -0.05360528826713562
Step: 7061504	Mean reward: 21.0	 Loss: -0.11291080713272095
Step: 7069696	Mean reward: 21.1875	 Loss: -0.140265554189682
Step: 7077888	Mean reward: 20.09375	 Loss: 0.02338569238781929
Step: 7086080	Mean reward: 21.46875	 Loss: -0.0038031255826354027
Step: 7094272	Mean reward: 20.4375	 Loss: 0.0033922716975212097
Step: 7102464	Mean reward: 21.28125	 Loss: 0.004700671881437302
Step: 7110656	Mean reward: 22.96875	 Loss: 0.013934038579463959
Step: 7118848	Mean reward: 20.0625	 Loss: -0.06631289422512054
Step: 7127040	Mean reward: 20.96875	 Loss: -0.02728535607457161
Step: 7135232	Mean reward: 19.875	 Loss: -0.010618207976222038
Step: 7143424	Mean reward: 20.96875	 Loss: -0.007250366732478142
Step: 7151616	Mean reward: 21.3125	 Loss: -0.06766943633556366
Step: 7159808	Mean reward: 20.46875	 Loss: 0.02568040043115616
Step: 7168000	Mean reward: 19.0625	 Loss: -0.010992905125021935
Step: 7176192	Mean reward: 19.5	 Loss: 0.023708604276180267
Step: 7184384	Mean reward: 20.78125	 Loss: 0.003153943456709385
Step: 7192576	Mean reward: 18.65625	 Loss: -0.003556404262781143
Step: 7200768	Mean reward: 18.6875	 Loss: -0.09906148910522461
Step: 7208960	Mean reward: 19.625	 Loss: -0.014743617735803127
Step: 7217152	Mean reward: 20.21875	 Loss: -0.036482393741607666
Step: 7225344	Mean reward: 21.21875	 Loss: -0.042950283735990524
Step: 7233536	Mean reward: 18.90625	 Loss: -0.021542834118008614
Step: 7241728	Mean reward: 20.5	 Loss: -0.04728029668331146
Step: 7249920	Mean reward: 20.5	 Loss: -0.0429404154419899
Step: 7258112	Mean reward: 21.25	 Loss: -0.019791893661022186
Step: 7266304	Mean reward: 20.90625	 Loss: -0.0766531303524971
Step: 7274496	Mean reward: 21.25	 Loss: -0.008702847175300121
Step: 7282688	Mean reward: 20.59375	 Loss: -0.04782062768936157
Step: 7290880	Mean reward: 20.21875	 Loss: -0.04076545685529709
Step: 7299072	Mean reward: 20.15625	 Loss: 0.03060007095336914
Step: 7307264	Mean reward: 19.28125	 Loss: -0.08960437029600143
Step: 7315456	Mean reward: 21.46875	 Loss: -0.05164351686835289
Step: 7323648	Mean reward: 20.90625	 Loss: -0.009679604321718216
Step: 7331840	Mean reward: 21.125	 Loss: -0.026464395225048065
Step: 7340032	Mean reward: 21.40625	 Loss: 0.04840991273522377
Step: 7348224	Mean reward: 19.28125	 Loss: -0.06616625189781189
Step: 7356416	Mean reward: 21.6875	 Loss: -0.10202208161354065
Step: 7364608	Mean reward: 22.1875	 Loss: -0.0031844619661569595
Step: 7372800	Mean reward: 20.0	 Loss: -0.036173321306705475
Step: 7380992	Mean reward: 20.0625	 Loss: 0.0008553657680749893
Step: 7389184	Mean reward: 20.4375	 Loss: -0.03801017999649048
Step: 7397376	Mean reward: 20.84375	 Loss: 0.012778548523783684
Step: 7405568	Mean reward: 21.21875	 Loss: -0.10800231993198395
Step: 7413760	Mean reward: 22.65625	 Loss: -0.06432317942380905
Step: 7421952	Mean reward: 21.4375	 Loss: -0.012840023264288902
Step: 7430144	Mean reward: 20.78125	 Loss: -0.06764543801546097
Step: 7438336	Mean reward: 21.125	 Loss: -0.015970902517437935
Step: 7446528	Mean reward: 23.25	 Loss: 0.004090523812919855
Step: 7454720	Mean reward: 21.84375	 Loss: -0.004834062419831753
Step: 7462912	Mean reward: 19.65625	 Loss: 0.0749741792678833
Step: 7471104	Mean reward: 22.21875	 Loss: 0.007367871701717377
Step: 7479296	Mean reward: 21.4375	 Loss: -0.07209361344575882
Step: 7487488	Mean reward: 20.46875	 Loss: -0.028800638392567635
Step: 7495680	Mean reward: 21.125	 Loss: -0.01827436499297619
Step: 7503872	Mean reward: 22.03125	 Loss: -0.026519332081079483
Step: 7512064	Mean reward: 22.96875	 Loss: -0.012232442386448383
Step: 7520256	Mean reward: 21.90625	 Loss: -0.05573999881744385
Step: 7528448	Mean reward: 19.75	 Loss: -0.015151088126003742
Step: 7536640	Mean reward: 21.21875	 Loss: -0.013074832037091255
Step: 7544832	Mean reward: 21.375	 Loss: -0.008005419746041298
Step: 7553024	Mean reward: 21.5625	 Loss: -0.004315513651818037
Step: 7561216	Mean reward: 20.1875	 Loss: -0.06474773585796356
Step: 7569408	Mean reward: 20.40625	 Loss: -0.05065084993839264
Step: 7577600	Mean reward: 22.40625	 Loss: -0.0689399316906929
Step: 7585792	Mean reward: 19.875	 Loss: -0.074814572930336
Step: 7593984	Mean reward: 21.40625	 Loss: -0.05095657333731651
Step: 7602176	Mean reward: 20.46875	 Loss: 0.014828994870185852
Step: 7610368	Mean reward: 21.96875	 Loss: -0.07917514443397522
Step: 7618560	Mean reward: 22.59375	 Loss: -0.007936205714941025
Step: 7626752	Mean reward: 21.25	 Loss: -0.0006170189008116722
Step: 7634944	Mean reward: 18.1875	 Loss: -0.03064342588186264
Step: 7643136	Mean reward: 22.625	 Loss: -0.09622751921415329
Step: 7651328	Mean reward: 22.21875	 Loss: 0.05159258469939232
Step: 7659520	Mean reward: 22.125	 Loss: -0.013214314356446266
Step: 7667712	Mean reward: 20.75	 Loss: -0.03443858399987221
Step: 7675904	Mean reward: 22.25	 Loss: -0.054426368325948715
Step: 7684096	Mean reward: 22.40625	 Loss: -0.059138908982276917
Step: 7692288	Mean reward: 22.9375	 Loss: -0.12204575538635254
Step: 7700480	Mean reward: 22.59375	 Loss: -0.007245364598929882
Step: 7708672	Mean reward: 21.3125	 Loss: -0.004033512435853481
Step: 7716864	Mean reward: 22.28125	 Loss: -0.028576865792274475
Step: 7725056	Mean reward: 22.34375	 Loss: 0.0548364482820034
Step: 7733248	Mean reward: 21.9375	 Loss: -0.0669158548116684
Step: 7741440	Mean reward: 22.96875	 Loss: -0.04645296186208725
Step: 7749632	Mean reward: 22.0625	 Loss: 0.049253612756729126
Step: 7757824	Mean reward: 19.75	 Loss: -0.07414225488901138
Step: 7766016	Mean reward: 22.21875	 Loss: 0.011736409738659859
Step: 7774208	Mean reward: 21.53125	 Loss: -0.09804851561784744
Step: 7782400	Mean reward: 22.625	 Loss: 0.04291733726859093
Step: 7790592	Mean reward: 21.40625	 Loss: -0.062438227236270905
Step: 7798784	Mean reward: 21.8125	 Loss: -0.010596932843327522
Step: 7806976	Mean reward: 20.71875	 Loss: -0.022739527747035027
Step: 7815168	Mean reward: 21.34375	 Loss: -0.07236349582672119
Step: 7823360	Mean reward: 20.4375	 Loss: -0.02308865264058113
Step: 7831552	Mean reward: 21.40625	 Loss: 0.01523795910179615
Step: 7839744	Mean reward: 22.6875	 Loss: -0.024622324854135513
Step: 7847936	Mean reward: 22.125	 Loss: 0.028483737260103226
Step: 7856128	Mean reward: 22.28125	 Loss: -0.11284873634576797
Step: 7864320	Mean reward: 22.15625	 Loss: 0.03975620120763779
Step: 7872512	Mean reward: 22.875	 Loss: 0.007672441191971302
Step: 7880704	Mean reward: 22.59375	 Loss: -0.017714204266667366
Step: 7888896	Mean reward: 22.09375	 Loss: -0.038910139352083206
Step: 7897088	Mean reward: 22.96875	 Loss: 0.02337319403886795
Step: 7905280	Mean reward: 21.96875	 Loss: -0.06559077650308609
Step: 7913472	Mean reward: 20.9375	 Loss: 0.008743037469685078
Step: 7921664	Mean reward: 22.59375	 Loss: 0.007684365846216679
Step: 7929856	Mean reward: 20.15625	 Loss: 0.0431206151843071
Step: 7938048	Mean reward: 22.40625	 Loss: -0.1142335906624794
Step: 7946240	Mean reward: 21.53125	 Loss: 0.027522090822458267
Step: 7954432	Mean reward: 21.21875	 Loss: -0.06321056932210922
Step: 7962624	Mean reward: 21.28125	 Loss: 0.009304390288889408
Step: 7970816	Mean reward: 21.96875	 Loss: -0.014018847607076168
Step: 7979008	Mean reward: 24.59375	 Loss: 0.021597426384687424
Step: 7987200	Mean reward: 20.25	 Loss: -0.06477613747119904
Step: 7995392	Mean reward: 22.09375	 Loss: -3.8804952055215836e-05
Step: 8003584	Mean reward: 21.125	 Loss: -0.023126523941755295
Completed training at 2021-12-06 00:12:43
