Training PPO 2 with the following parameter dict:
{'total_steps': 8000000.0, 'num_envs': 32, 'num_steps': 256, 'num_levels': 200, 'num_epochs': 3, 'batch_size': 512, 'eps': 0.2, 'grad_eps': 0.5, 'value_coef': 0.5, 'entropy_coef': 0.01, 'c1': 0.5, 'c2': 0.01, 'num_actions': 15, 'in_channels': 3, 'feature_dim': 64, 'env_name': 'starpilot', 'use_background': False}
stabelized  ppo
Observation space: Box([[[0. 0. 0. ... 0. 0. 0.]
  [0. 0. 0. ... 0. 0. 0.]
  [0. 0. 0. ... 0. 0. 0.]
  ...
  [0. 0. 0. ... 0. 0. 0.]
  [0. 0. 0. ... 0. 0. 0.]
  [0. 0. 0. ... 0. 0. 0.]]

 [[0. 0. 0. ... 0. 0. 0.]
  [0. 0. 0. ... 0. 0. 0.]
  [0. 0. 0. ... 0. 0. 0.]
  ...
  [0. 0. 0. ... 0. 0. 0.]
  [0. 0. 0. ... 0. 0. 0.]
  [0. 0. 0. ... 0. 0. 0.]]

 [[0. 0. 0. ... 0. 0. 0.]
  [0. 0. 0. ... 0. 0. 0.]
  [0. 0. 0. ... 0. 0. 0.]
  ...
  [0. 0. 0. ... 0. 0. 0.]
  [0. 0. 0. ... 0. 0. 0.]
  [0. 0. 0. ... 0. 0. 0.]]], [[[1. 1. 1. ... 1. 1. 1.]
  [1. 1. 1. ... 1. 1. 1.]
  [1. 1. 1. ... 1. 1. 1.]
  ...
  [1. 1. 1. ... 1. 1. 1.]
  [1. 1. 1. ... 1. 1. 1.]
  [1. 1. 1. ... 1. 1. 1.]]

 [[1. 1. 1. ... 1. 1. 1.]
  [1. 1. 1. ... 1. 1. 1.]
  [1. 1. 1. ... 1. 1. 1.]
  ...
  [1. 1. 1. ... 1. 1. 1.]
  [1. 1. 1. ... 1. 1. 1.]
  [1. 1. 1. ... 1. 1. 1.]]

 [[1. 1. 1. ... 1. 1. 1.]
  [1. 1. 1. ... 1. 1. 1.]
  [1. 1. 1. ... 1. 1. 1.]
  ...
  [1. 1. 1. ... 1. 1. 1.]
  [1. 1. 1. ... 1. 1. 1.]
  [1. 1. 1. ... 1. 1. 1.]]], (3, 64, 64), float32)
Action space: 15
Step: 8192	Mean reward: 4.21875	 Loss: 0.17864996194839478
Step: 16384	Mean reward: 4.1875	 Loss: 0.06051420420408249
Step: 24576	Mean reward: 5.03125	 Loss: 0.04018344357609749
Step: 32768	Mean reward: 5.03125	 Loss: 0.05394471064209938
Step: 40960	Mean reward: 6.9375	 Loss: 0.09661616384983063
Step: 49152	Mean reward: 4.96875	 Loss: -0.009154362604022026
Step: 57344	Mean reward: 6.28125	 Loss: 0.03619992733001709
Step: 65536	Mean reward: 7.21875	 Loss: 0.03581110015511513
Step: 73728	Mean reward: 7.0	 Loss: 0.07240916788578033
Step: 81920	Mean reward: 6.71875	 Loss: 0.014749106019735336
Step: 90112	Mean reward: 6.96875	 Loss: -0.008755771443247795
Step: 98304	Mean reward: 6.78125	 Loss: 0.03264317661523819
Step: 106496	Mean reward: 7.71875	 Loss: 0.0406213104724884
Step: 114688	Mean reward: 9.375	 Loss: 0.013418976217508316
Step: 122880	Mean reward: 7.9375	 Loss: -0.0028373803943395615
Step: 131072	Mean reward: 8.0625	 Loss: 0.06604716926813126
Step: 139264	Mean reward: 8.875	 Loss: 0.014460699632763863
Step: 147456	Mean reward: 9.0625	 Loss: 0.05128997564315796
Step: 155648	Mean reward: 8.90625	 Loss: 0.009393278509378433
Step: 163840	Mean reward: 10.09375	 Loss: 0.08464384824037552
Step: 172032	Mean reward: 9.8125	 Loss: -0.01052911952137947
Step: 180224	Mean reward: 8.59375	 Loss: -0.0375901535153389
Step: 188416	Mean reward: 11.03125	 Loss: -0.053427617996931076
Step: 196608	Mean reward: 9.625	 Loss: 0.006961822509765625
Step: 204800	Mean reward: 8.125	 Loss: -0.0639878511428833
Step: 212992	Mean reward: 9.96875	 Loss: -0.07030317932367325
Step: 221184	Mean reward: 10.0	 Loss: -0.04529595747590065
Step: 229376	Mean reward: 10.4375	 Loss: 0.025463774800300598
Step: 237568	Mean reward: 10.375	 Loss: 0.07912769913673401
Step: 245760	Mean reward: 9.375	 Loss: 0.03850003331899643
Step: 253952	Mean reward: 11.125	 Loss: -0.02351836860179901
Step: 262144	Mean reward: 7.90625	 Loss: 0.065977543592453
Step: 270336	Mean reward: 10.125	 Loss: -0.01654183864593506
Step: 278528	Mean reward: 10.15625	 Loss: -0.07675448805093765
Step: 286720	Mean reward: 8.96875	 Loss: -0.06880765408277512
Step: 294912	Mean reward: 10.3125	 Loss: -0.019513553008437157
Step: 303104	Mean reward: 10.75	 Loss: -0.05165854096412659
Step: 311296	Mean reward: 10.1875	 Loss: 0.047369569540023804
Step: 319488	Mean reward: 10.53125	 Loss: 0.012537144124507904
Step: 327680	Mean reward: 10.125	 Loss: -0.025699391961097717
Step: 335872	Mean reward: 11.03125	 Loss: -0.041700657457113266
Step: 344064	Mean reward: 10.03125	 Loss: -0.03301823139190674
Step: 352256	Mean reward: 10.25	 Loss: 0.03207731246948242
Step: 360448	Mean reward: 11.0	 Loss: -0.0053169745951890945
Step: 368640	Mean reward: 10.15625	 Loss: 0.009655823931097984
Step: 376832	Mean reward: 10.28125	 Loss: -0.02157883532345295
Step: 385024	Mean reward: 11.5625	 Loss: -0.030162399634718895
Step: 393216	Mean reward: 11.0	 Loss: -0.014846030622720718
Step: 401408	Mean reward: 10.59375	 Loss: 0.03204093128442764
Step: 409600	Mean reward: 12.0625	 Loss: 0.04267708957195282
Step: 417792	Mean reward: 12.1875	 Loss: 0.036057908087968826
Step: 425984	Mean reward: 12.09375	 Loss: 0.040628645569086075
Step: 434176	Mean reward: 11.46875	 Loss: -0.05779797211289406
Step: 442368	Mean reward: 11.53125	 Loss: 0.06066714972257614
Step: 450560	Mean reward: 11.46875	 Loss: 0.04516259580850601
Step: 458752	Mean reward: 9.53125	 Loss: 0.005990190431475639
Step: 466944	Mean reward: 11.09375	 Loss: 0.011605948209762573
Step: 475136	Mean reward: 10.8125	 Loss: -0.009038371965289116
Step: 483328	Mean reward: 12.125	 Loss: -0.1183122843503952
Step: 491520	Mean reward: 11.3125	 Loss: -0.0028106868267059326
Step: 499712	Mean reward: 11.625	 Loss: -0.05326081067323685
Step: 507904	Mean reward: 11.09375	 Loss: -0.07849633693695068
Step: 516096	Mean reward: 11.03125	 Loss: -0.06572360545396805
Step: 524288	Mean reward: 10.4375	 Loss: -0.029280947521328926
Step: 532480	Mean reward: 9.9375	 Loss: -0.0632445365190506
Step: 540672	Mean reward: 10.625	 Loss: -0.02733433246612549
Step: 548864	Mean reward: 11.46875	 Loss: -0.09142905473709106
Step: 557056	Mean reward: 10.5625	 Loss: -0.04582442715764046
Step: 565248	Mean reward: 10.03125	 Loss: 0.06064696982502937
Step: 573440	Mean reward: 13.25	 Loss: -0.03568841144442558
Step: 581632	Mean reward: 12.09375	 Loss: -0.08308546990156174
Step: 589824	Mean reward: 11.25	 Loss: 0.007073121145367622
Step: 598016	Mean reward: 12.6875	 Loss: 0.0025219209492206573
Step: 606208	Mean reward: 12.03125	 Loss: 0.05773735046386719
Step: 614400	Mean reward: 11.96875	 Loss: -0.015259306877851486
Step: 622592	Mean reward: 11.03125	 Loss: -0.020694181323051453
Step: 630784	Mean reward: 11.0	 Loss: -0.03344515711069107
Step: 638976	Mean reward: 12.09375	 Loss: -0.04249052703380585
Step: 647168	Mean reward: 12.28125	 Loss: 0.1080644279718399
Step: 655360	Mean reward: 12.25	 Loss: -0.051148563623428345
Step: 663552	Mean reward: 12.3125	 Loss: -0.04136306792497635
Step: 671744	Mean reward: 12.15625	 Loss: -0.10443158447742462
Step: 679936	Mean reward: 12.6875	 Loss: 0.05594870448112488
Step: 688128	Mean reward: 11.4375	 Loss: -0.04239892214536667
Step: 696320	Mean reward: 12.09375	 Loss: 0.03088090568780899
Step: 704512	Mean reward: 12.53125	 Loss: 0.047604210674762726
Step: 712704	Mean reward: 11.625	 Loss: -0.01703016459941864
Step: 720896	Mean reward: 12.15625	 Loss: -0.027473993599414825
Step: 729088	Mean reward: 13.8125	 Loss: -0.05621218681335449
Step: 737280	Mean reward: 12.53125	 Loss: 0.03013583831489086
Step: 745472	Mean reward: 12.3125	 Loss: 0.015356026589870453
Step: 753664	Mean reward: 11.875	 Loss: -0.035782501101493835
Step: 761856	Mean reward: 12.84375	 Loss: -0.0020118076354265213
Step: 770048	Mean reward: 12.34375	 Loss: -0.06278019398450851
Step: 778240	Mean reward: 11.78125	 Loss: -0.0834457278251648
Step: 786432	Mean reward: 12.09375	 Loss: 0.036638692021369934
Step: 794624	Mean reward: 12.90625	 Loss: -0.12619896233081818
Step: 802816	Mean reward: 13.59375	 Loss: -0.09121891856193542
Step: 811008	Mean reward: 14.59375	 Loss: -0.08061020076274872
Step: 819200	Mean reward: 13.78125	 Loss: 0.03226076811552048
Step: 827392	Mean reward: 13.28125	 Loss: -0.01791815459728241
Step: 835584	Mean reward: 12.40625	 Loss: -0.0777529627084732
Step: 843776	Mean reward: 13.125	 Loss: 0.010930053889751434
Step: 851968	Mean reward: 12.3125	 Loss: 0.022804850712418556
Step: 860160	Mean reward: 11.5625	 Loss: -0.020743759348988533
Step: 868352	Mean reward: 13.53125	 Loss: -0.048300597816705704
Step: 876544	Mean reward: 12.25	 Loss: 0.11948303878307343
Step: 884736	Mean reward: 12.0	 Loss: 0.043190035969018936
Step: 892928	Mean reward: 14.15625	 Loss: -0.052384085953235626
Step: 901120	Mean reward: 12.15625	 Loss: -0.11562756448984146
Step: 909312	Mean reward: 12.5625	 Loss: -0.0840960219502449
Step: 917504	Mean reward: 12.8125	 Loss: -0.08961637318134308
Step: 925696	Mean reward: 12.84375	 Loss: -0.031168844550848007
Step: 933888	Mean reward: 12.09375	 Loss: -0.03921765461564064
Step: 942080	Mean reward: 11.75	 Loss: -0.03638667240738869
Step: 950272	Mean reward: 13.4375	 Loss: -0.005240585654973984
Step: 958464	Mean reward: 11.875	 Loss: -0.061215031892061234
Step: 966656	Mean reward: 11.71875	 Loss: -0.045261602848768234
Step: 974848	Mean reward: 13.46875	 Loss: -0.008962275460362434
Step: 983040	Mean reward: 12.84375	 Loss: -0.010991198942065239
Step: 991232	Mean reward: 11.96875	 Loss: 0.03639484569430351
Step: 999424	Mean reward: 13.3125	 Loss: 0.009653681889176369
Step: 1007616	Mean reward: 13.25	 Loss: 0.005461540073156357
Step: 1015808	Mean reward: 13.46875	 Loss: 0.026370612904429436
Step: 1024000	Mean reward: 14.0625	 Loss: 0.03854048252105713
Step: 1032192	Mean reward: 13.09375	 Loss: 0.0005507413297891617
Step: 1040384	Mean reward: 12.59375	 Loss: -0.03042871132493019
Step: 1048576	Mean reward: 11.9375	 Loss: -0.14799006283283234
Step: 1056768	Mean reward: 12.75	 Loss: -0.018321936950087547
Step: 1064960	Mean reward: 13.625	 Loss: -0.04823806881904602
Step: 1073152	Mean reward: 13.1875	 Loss: 0.0058880764991045
Step: 1081344	Mean reward: 14.65625	 Loss: -0.012740226462483406
Step: 1089536	Mean reward: 14.0625	 Loss: 0.009882647544145584
Step: 1097728	Mean reward: 15.0625	 Loss: -0.0491735115647316
Step: 1105920	Mean reward: 14.78125	 Loss: -0.07711034268140793
Step: 1114112	Mean reward: 12.875	 Loss: -0.03579369932413101
Step: 1122304	Mean reward: 13.78125	 Loss: -0.04525168240070343
Step: 1130496	Mean reward: 14.34375	 Loss: -0.18094153702259064
Step: 1138688	Mean reward: 12.65625	 Loss: -0.047058623284101486
Step: 1146880	Mean reward: 13.34375	 Loss: -0.082986980676651
Step: 1155072	Mean reward: 13.03125	 Loss: -0.08582205325365067
Step: 1163264	Mean reward: 13.3125	 Loss: 0.05802305415272713
Step: 1171456	Mean reward: 14.625	 Loss: -0.041850727051496506
Step: 1179648	Mean reward: 13.6875	 Loss: -0.11520051211118698
Step: 1187840	Mean reward: 13.0	 Loss: -0.06253325194120407
Step: 1196032	Mean reward: 14.40625	 Loss: -0.04691295325756073
Step: 1204224	Mean reward: 12.75	 Loss: 0.0031778421252965927
Step: 1212416	Mean reward: 15.4375	 Loss: -0.06766754388809204
Step: 1220608	Mean reward: 14.0625	 Loss: -0.03203640505671501
Step: 1228800	Mean reward: 14.1875	 Loss: -0.08549235016107559
Step: 1236992	Mean reward: 14.1875	 Loss: -0.04139009490609169
Step: 1245184	Mean reward: 14.375	 Loss: -0.001965941861271858
Step: 1253376	Mean reward: 13.9375	 Loss: 0.004605570808053017
Step: 1261568	Mean reward: 13.15625	 Loss: -0.02650926075875759
Step: 1269760	Mean reward: 14.3125	 Loss: -0.03392565995454788
Step: 1277952	Mean reward: 14.28125	 Loss: -0.09258221089839935
Step: 1286144	Mean reward: 13.3125	 Loss: 0.025415999814867973
Step: 1294336	Mean reward: 14.59375	 Loss: -0.01948755979537964
Step: 1302528	Mean reward: 15.375	 Loss: 0.04021194204688072
Step: 1310720	Mean reward: 13.875	 Loss: -0.02216632477939129
Step: 1318912	Mean reward: 15.28125	 Loss: -0.002632899209856987
Step: 1327104	Mean reward: 12.3125	 Loss: 0.02873239479959011
Step: 1335296	Mean reward: 14.78125	 Loss: -0.010436667129397392
Step: 1343488	Mean reward: 15.40625	 Loss: 0.01426653377711773
Step: 1351680	Mean reward: 15.3125	 Loss: -0.07990692555904388
Step: 1359872	Mean reward: 14.375	 Loss: -0.02533152885735035
Step: 1368064	Mean reward: 13.6875	 Loss: -0.039983831346035004
Step: 1376256	Mean reward: 15.21875	 Loss: -0.0033684279769659042
Step: 1384448	Mean reward: 14.5625	 Loss: -0.04658167064189911
Step: 1392640	Mean reward: 15.4375	 Loss: -0.013195160776376724
Step: 1400832	Mean reward: 13.75	 Loss: 0.010585252195596695
Step: 1409024	Mean reward: 13.46875	 Loss: -0.025151614099740982
Step: 1417216	Mean reward: 15.21875	 Loss: 0.0042661745101213455
Step: 1425408	Mean reward: 12.75	 Loss: -0.020643219351768494
Step: 1433600	Mean reward: 15.5	 Loss: 0.07262099534273148
Step: 1441792	Mean reward: 14.1875	 Loss: 0.006466353312134743
Step: 1449984	Mean reward: 14.90625	 Loss: 0.00710846483707428
Step: 1458176	Mean reward: 14.90625	 Loss: 0.021065985783934593
Step: 1466368	Mean reward: 16.03125	 Loss: -0.02044830657541752
Step: 1474560	Mean reward: 15.53125	 Loss: -0.027156874537467957
Step: 1482752	Mean reward: 14.28125	 Loss: -0.04583153873682022
Step: 1490944	Mean reward: 13.875	 Loss: -0.03981193155050278
Step: 1499136	Mean reward: 14.9375	 Loss: -0.05896003544330597
Step: 1507328	Mean reward: 15.03125	 Loss: -0.07113510370254517
Step: 1515520	Mean reward: 14.6875	 Loss: 0.040502674877643585
Step: 1523712	Mean reward: 12.4375	 Loss: -0.0029064249247312546
Step: 1531904	Mean reward: 15.28125	 Loss: -0.02957134135067463
Step: 1540096	Mean reward: 14.65625	 Loss: -0.030397625640034676
Step: 1548288	Mean reward: 14.8125	 Loss: 0.00417664460837841
Step: 1556480	Mean reward: 15.4375	 Loss: 0.039838630706071854
Step: 1564672	Mean reward: 15.125	 Loss: -0.07272208482027054
Step: 1572864	Mean reward: 15.4375	 Loss: -0.007171971723437309
Step: 1581056	Mean reward: 14.09375	 Loss: -0.09957333654165268
Step: 1589248	Mean reward: 13.875	 Loss: -0.06404563784599304
Step: 1597440	Mean reward: 14.78125	 Loss: -0.0004606209695339203
Step: 1605632	Mean reward: 14.5	 Loss: -0.03855773061513901
Step: 1613824	Mean reward: 14.875	 Loss: 0.06279386579990387
Step: 1622016	Mean reward: 15.78125	 Loss: 0.025178588926792145
Step: 1630208	Mean reward: 15.84375	 Loss: -0.02761799655854702
Step: 1638400	Mean reward: 15.6875	 Loss: -0.04094616323709488
Step: 1646592	Mean reward: 16.34375	 Loss: -0.028690218925476074
Step: 1654784	Mean reward: 15.8125	 Loss: -0.051613230258226395
Step: 1662976	Mean reward: 15.90625	 Loss: -0.09298569709062576
Step: 1671168	Mean reward: 13.9375	 Loss: 0.015522217378020287
Step: 1679360	Mean reward: 15.53125	 Loss: 0.008595434948801994
Step: 1687552	Mean reward: 16.0	 Loss: 0.03852565586566925
Step: 1695744	Mean reward: 15.28125	 Loss: -0.022546041756868362
Step: 1703936	Mean reward: 15.375	 Loss: 0.06577794998884201
Step: 1712128	Mean reward: 15.375	 Loss: -0.04131609946489334
Step: 1720320	Mean reward: 14.4375	 Loss: 0.002025917172431946
Step: 1728512	Mean reward: 16.28125	 Loss: -0.013478565961122513
Step: 1736704	Mean reward: 14.71875	 Loss: -0.05498892068862915
Step: 1744896	Mean reward: 15.4375	 Loss: -0.032950688153505325
Step: 1753088	Mean reward: 15.4375	 Loss: -0.08881262689828873
Step: 1761280	Mean reward: 16.0625	 Loss: -0.007051678374409676
Step: 1769472	Mean reward: 14.5625	 Loss: -0.05744502320885658
Step: 1777664	Mean reward: 16.15625	 Loss: 0.006648791953921318
Step: 1785856	Mean reward: 16.125	 Loss: -0.035180240869522095
Step: 1794048	Mean reward: 16.59375	 Loss: -0.017642291262745857
Step: 1802240	Mean reward: 16.53125	 Loss: 0.03203863278031349
Step: 1810432	Mean reward: 14.6875	 Loss: -0.02830662578344345
Step: 1818624	Mean reward: 14.84375	 Loss: -0.050143271684646606
Step: 1826816	Mean reward: 16.4375	 Loss: 0.0013948455452919006
Step: 1835008	Mean reward: 13.96875	 Loss: -0.03145439922809601
Step: 1843200	Mean reward: 15.84375	 Loss: 0.038666315376758575
Step: 1851392	Mean reward: 16.125	 Loss: -0.10948989540338516
Step: 1859584	Mean reward: 16.625	 Loss: -0.09705626964569092
Step: 1867776	Mean reward: 16.34375	 Loss: -0.009010657668113708
Step: 1875968	Mean reward: 15.4375	 Loss: 0.025515839457511902
Step: 1884160	Mean reward: 16.65625	 Loss: -0.16156068444252014
Step: 1892352	Mean reward: 15.21875	 Loss: 0.07863348722457886
Step: 1900544	Mean reward: 14.6875	 Loss: -0.064046710729599
Step: 1908736	Mean reward: 16.03125	 Loss: 0.02481991797685623
Step: 1916928	Mean reward: 15.53125	 Loss: -0.043389033526182175
Step: 1925120	Mean reward: 15.0625	 Loss: -0.011738946661353111
Step: 1933312	Mean reward: 15.9375	 Loss: -0.07851216942071915
Step: 1941504	Mean reward: 18.21875	 Loss: -0.0545947328209877
Step: 1949696	Mean reward: 15.84375	 Loss: -0.05180985480546951
Step: 1957888	Mean reward: 16.0	 Loss: -0.06550931930541992
Step: 1966080	Mean reward: 16.65625	 Loss: 0.01026407815515995
Step: 1974272	Mean reward: 14.8125	 Loss: -0.08861914277076721
Step: 1982464	Mean reward: 15.03125	 Loss: -0.05493159219622612
Step: 1990656	Mean reward: 16.53125	 Loss: -0.08029987663030624
Step: 1998848	Mean reward: 15.65625	 Loss: -0.0006527956575155258
Step: 2007040	Mean reward: 14.09375	 Loss: -0.007310055196285248
Step: 2015232	Mean reward: 16.15625	 Loss: -0.0625443160533905
Step: 2023424	Mean reward: 16.15625	 Loss: -0.10293804109096527
Step: 2031616	Mean reward: 14.9375	 Loss: -0.045634713023900986
Step: 2039808	Mean reward: 16.84375	 Loss: -0.0015499163419008255
Step: 2048000	Mean reward: 15.25	 Loss: -0.05416697636246681
Step: 2056192	Mean reward: 16.65625	 Loss: 0.03776704519987106
Step: 2064384	Mean reward: 16.28125	 Loss: -0.0039430046454072
Step: 2072576	Mean reward: 15.25	 Loss: -0.027658436447381973
Step: 2080768	Mean reward: 15.125	 Loss: -0.01020659040659666
Step: 2088960	Mean reward: 17.84375	 Loss: -0.1404334157705307
Step: 2097152	Mean reward: 15.34375	 Loss: -0.012237031012773514
Step: 2105344	Mean reward: 16.71875	 Loss: 0.041800543665885925
Step: 2113536	Mean reward: 16.375	 Loss: -0.0392991378903389
Step: 2121728	Mean reward: 16.4375	 Loss: -0.034965790808200836
Step: 2129920	Mean reward: 16.375	 Loss: -0.05787670612335205
Step: 2138112	Mean reward: 15.78125	 Loss: -0.11564446240663528
Step: 2146304	Mean reward: 15.875	 Loss: 0.03723341226577759
Step: 2154496	Mean reward: 15.875	 Loss: -0.034569013863801956
Step: 2162688	Mean reward: 14.1875	 Loss: -0.08090151101350784
Step: 2170880	Mean reward: 16.46875	 Loss: -0.060221362859010696
Step: 2179072	Mean reward: 16.75	 Loss: -0.05512059107422829
Step: 2187264	Mean reward: 15.125	 Loss: -0.000665116123855114
Step: 2195456	Mean reward: 17.59375	 Loss: -0.05854526907205582
Step: 2203648	Mean reward: 17.15625	 Loss: -0.041960593312978745
Step: 2211840	Mean reward: 17.78125	 Loss: -0.0018572071567177773
Step: 2220032	Mean reward: 16.78125	 Loss: -0.028513187542557716
Step: 2228224	Mean reward: 17.53125	 Loss: -0.023126356303691864
Step: 2236416	Mean reward: 16.53125	 Loss: -0.06656774878501892
Step: 2244608	Mean reward: 15.84375	 Loss: 0.015212848782539368
Step: 2252800	Mean reward: 16.28125	 Loss: -0.012133670039474964
Step: 2260992	Mean reward: 18.90625	 Loss: -0.0159248448908329
Step: 2269184	Mean reward: 16.25	 Loss: -0.00923438835889101
Step: 2277376	Mean reward: 14.34375	 Loss: -0.06445673108100891
Step: 2285568	Mean reward: 16.75	 Loss: -0.007422447204589844
Step: 2293760	Mean reward: 17.375	 Loss: -0.08401420712471008
Step: 2301952	Mean reward: 15.25	 Loss: -0.023608405143022537
Step: 2310144	Mean reward: 16.46875	 Loss: 0.015118816867470741
Step: 2318336	Mean reward: 16.59375	 Loss: -0.1366504430770874
Step: 2326528	Mean reward: 17.1875	 Loss: 0.027399782091379166
Step: 2334720	Mean reward: 17.4375	 Loss: 0.018427684903144836
Step: 2342912	Mean reward: 15.53125	 Loss: -0.030594568699598312
Step: 2351104	Mean reward: 17.1875	 Loss: -0.03786027804017067
Step: 2359296	Mean reward: 15.5	 Loss: -0.03389322757720947
Step: 2367488	Mean reward: 16.53125	 Loss: -0.01029076799750328
Step: 2375680	Mean reward: 17.78125	 Loss: -0.0017020544037222862
Step: 2383872	Mean reward: 17.78125	 Loss: -0.07356336712837219
Step: 2392064	Mean reward: 16.625	 Loss: 0.015496894717216492
Step: 2400256	Mean reward: 18.15625	 Loss: -0.07973113656044006
Step: 2408448	Mean reward: 17.21875	 Loss: 0.005035691894590855
Step: 2416640	Mean reward: 16.8125	 Loss: -0.05784092843532562
Step: 2424832	Mean reward: 17.40625	 Loss: -0.07637844234704971
Step: 2433024	Mean reward: 17.0625	 Loss: -0.05818995088338852
Step: 2441216	Mean reward: 15.8125	 Loss: -0.05250043794512749
Step: 2449408	Mean reward: 17.875	 Loss: -0.007101388648152351
Step: 2457600	Mean reward: 15.9375	 Loss: -0.0023336075246334076
Step: 2465792	Mean reward: 17.78125	 Loss: -0.04274407774209976
Step: 2473984	Mean reward: 15.875	 Loss: -0.030021490529179573
Step: 2482176	Mean reward: 15.8125	 Loss: -0.06296423822641373
Step: 2490368	Mean reward: 16.21875	 Loss: -0.06041080504655838
Step: 2498560	Mean reward: 17.125	 Loss: -0.10098825395107269
Step: 2506752	Mean reward: 16.03125	 Loss: -0.02847745642066002
Step: 2514944	Mean reward: 16.875	 Loss: -0.002755925990641117
Step: 2523136	Mean reward: 17.09375	 Loss: -0.02887783944606781
Step: 2531328	Mean reward: 15.78125	 Loss: -0.019422121345996857
Step: 2539520	Mean reward: 16.625	 Loss: 0.015178837813436985
Step: 2547712	Mean reward: 19.0625	 Loss: 0.053604837507009506
Step: 2555904	Mean reward: 17.0	 Loss: -0.036729130893945694
Step: 2564096	Mean reward: 19.4375	 Loss: -0.0666608139872551
Step: 2572288	Mean reward: 16.1875	 Loss: 0.028188200667500496
Step: 2580480	Mean reward: 16.21875	 Loss: -0.09947032481431961
Step: 2588672	Mean reward: 17.875	 Loss: -0.10801657289266586
Step: 2596864	Mean reward: 17.59375	 Loss: -0.03944658488035202
Step: 2605056	Mean reward: 18.0625	 Loss: -0.0791533812880516
Step: 2613248	Mean reward: 17.375	 Loss: -0.021544544026255608
Step: 2621440	Mean reward: 18.6875	 Loss: -0.03328875079751015
Step: 2629632	Mean reward: 17.1875	 Loss: -0.017111651599407196
Step: 2637824	Mean reward: 17.96875	 Loss: -0.04125664383172989
Step: 2646016	Mean reward: 17.9375	 Loss: -0.09855491667985916
Step: 2654208	Mean reward: 17.25	 Loss: 0.004318550229072571
Step: 2662400	Mean reward: 17.34375	 Loss: -0.008307644166052341
Step: 2670592	Mean reward: 18.4375	 Loss: -0.07109316438436508
Step: 2678784	Mean reward: 19.78125	 Loss: -0.03191162645816803
Step: 2686976	Mean reward: 17.8125	 Loss: 0.006410281173884869
Step: 2695168	Mean reward: 17.25	 Loss: 0.042129769921302795
Step: 2703360	Mean reward: 17.40625	 Loss: 0.015110115520656109
Step: 2711552	Mean reward: 16.71875	 Loss: -0.11063564568758011
Step: 2719744	Mean reward: 16.46875	 Loss: -0.04736795276403427
Step: 2727936	Mean reward: 17.1875	 Loss: 0.05294327437877655
Step: 2736128	Mean reward: 17.5625	 Loss: -0.09246301651000977
Step: 2744320	Mean reward: 16.375	 Loss: -0.051146380603313446
Step: 2752512	Mean reward: 18.21875	 Loss: -0.058766044676303864
Step: 2760704	Mean reward: 18.8125	 Loss: 0.013208379037678242
Step: 2768896	Mean reward: 17.09375	 Loss: -0.016447294503450394
Step: 2777088	Mean reward: 16.5625	 Loss: -0.050250060856342316
Step: 2785280	Mean reward: 17.28125	 Loss: 0.01943618804216385
Step: 2793472	Mean reward: 16.28125	 Loss: -0.048815224319696426
Step: 2801664	Mean reward: 15.15625	 Loss: -0.025621747598052025
Step: 2809856	Mean reward: 17.71875	 Loss: 0.022884231060743332
Step: 2818048	Mean reward: 17.125	 Loss: -0.06950245797634125
Step: 2826240	Mean reward: 17.21875	 Loss: 0.023806288838386536
Step: 2834432	Mean reward: 17.25	 Loss: -0.059502143412828445
Step: 2842624	Mean reward: 17.40625	 Loss: 0.009681455790996552
Step: 2850816	Mean reward: 17.53125	 Loss: -0.003779139369726181
Step: 2859008	Mean reward: 17.34375	 Loss: -0.08438705652952194
Step: 2867200	Mean reward: 16.625	 Loss: -0.09323481470346451
Step: 2875392	Mean reward: 18.125	 Loss: -0.07435107231140137
Step: 2883584	Mean reward: 17.46875	 Loss: 0.003288211300969124
Step: 2891776	Mean reward: 17.0	 Loss: -0.020042438060045242
Step: 2899968	Mean reward: 16.875	 Loss: -0.02588961273431778
Step: 2908160	Mean reward: 18.6875	 Loss: 0.014255920425057411
Step: 2916352	Mean reward: 18.34375	 Loss: 0.0058432687073946
Step: 2924544	Mean reward: 17.0	 Loss: -0.01061151921749115
Step: 2932736	Mean reward: 19.09375	 Loss: -0.05294542759656906
Step: 2940928	Mean reward: 17.1875	 Loss: -0.06059342250227928
Step: 2949120	Mean reward: 18.0625	 Loss: -0.08232015371322632
Step: 2957312	Mean reward: 18.21875	 Loss: -0.04182117432355881
Step: 2965504	Mean reward: 17.9375	 Loss: 0.01856294274330139
Step: 2973696	Mean reward: 16.9375	 Loss: 0.03672584146261215
Step: 2981888	Mean reward: 17.46875	 Loss: -0.002259780652821064
Step: 2990080	Mean reward: 19.0	 Loss: -0.051117077469825745
Step: 2998272	Mean reward: 18.375	 Loss: -0.1078832671046257
Step: 3006464	Mean reward: 17.6875	 Loss: -0.024416804313659668
Step: 3014656	Mean reward: 17.96875	 Loss: -0.026191346347332
Step: 3022848	Mean reward: 18.0	 Loss: -0.0871642529964447
Step: 3031040	Mean reward: 19.125	 Loss: -0.024970680475234985
Step: 3039232	Mean reward: 18.21875	 Loss: -0.08664895594120026
Step: 3047424	Mean reward: 19.0	 Loss: 0.06433935463428497
Step: 3055616	Mean reward: 19.375	 Loss: -0.07431163638830185
Step: 3063808	Mean reward: 17.5	 Loss: -0.06633460521697998
Step: 3072000	Mean reward: 17.625	 Loss: -0.0859345942735672
Step: 3080192	Mean reward: 17.25	 Loss: -0.07266557961702347
Step: 3088384	Mean reward: 17.15625	 Loss: 0.03679460659623146
Step: 3096576	Mean reward: 17.03125	 Loss: 0.02856271341443062
Step: 3104768	Mean reward: 18.625	 Loss: -0.10079939663410187
Step: 3112960	Mean reward: 17.71875	 Loss: 0.05740745738148689
Step: 3121152	Mean reward: 17.6875	 Loss: -0.022953923791646957
Step: 3129344	Mean reward: 18.3125	 Loss: -0.06424802541732788
Step: 3137536	Mean reward: 17.0	 Loss: -0.08593450486660004
Step: 3145728	Mean reward: 18.375	 Loss: -0.046111755073070526
Step: 3153920	Mean reward: 17.9375	 Loss: -0.058296557515859604
Step: 3162112	Mean reward: 18.5	 Loss: -0.05132272467017174
Step: 3170304	Mean reward: 18.3125	 Loss: -0.05256170779466629
Step: 3178496	Mean reward: 18.0	 Loss: -0.050177525728940964
Step: 3186688	Mean reward: 20.375	 Loss: -0.06957194209098816
Step: 3194880	Mean reward: 19.625	 Loss: -0.028536152094602585
Step: 3203072	Mean reward: 17.09375	 Loss: -0.0619814395904541
Step: 3211264	Mean reward: 18.78125	 Loss: -0.03157497197389603
Step: 3219456	Mean reward: 17.75	 Loss: -0.073967345058918
Step: 3227648	Mean reward: 18.59375	 Loss: -0.055397018790245056
Step: 3235840	Mean reward: 18.625	 Loss: -0.09542186558246613
Step: 3244032	Mean reward: 18.09375	 Loss: -0.039896413683891296
Step: 3252224	Mean reward: 17.3125	 Loss: 0.004166805185377598
Step: 3260416	Mean reward: 18.8125	 Loss: -0.0580744743347168
Step: 3268608	Mean reward: 20.4375	 Loss: -0.03497784957289696
Step: 3276800	Mean reward: 17.96875	 Loss: -0.0035087717697024345
Step: 3284992	Mean reward: 18.03125	 Loss: 0.03587711974978447
Step: 3293184	Mean reward: 16.6875	 Loss: 0.02031661383807659
Step: 3301376	Mean reward: 17.8125	 Loss: -0.07003365457057953
Step: 3309568	Mean reward: 17.5	 Loss: -0.0018613319844007492
Step: 3317760	Mean reward: 15.71875	 Loss: -0.04804522916674614
Step: 3325952	Mean reward: 17.1875	 Loss: 0.020419102162122726
Step: 3334144	Mean reward: 18.875	 Loss: -0.050644468516111374
Step: 3342336	Mean reward: 18.9375	 Loss: -0.03640756383538246
Step: 3350528	Mean reward: 16.96875	 Loss: 0.0058535197749733925
Step: 3358720	Mean reward: 19.1875	 Loss: -0.028708044439554214
Step: 3366912	Mean reward: 17.375	 Loss: -0.09618969261646271
Step: 3375104	Mean reward: 18.5625	 Loss: 0.03644808009266853
Step: 3383296	Mean reward: 19.46875	 Loss: -0.03571878373622894
Step: 3391488	Mean reward: 18.28125	 Loss: -0.031161200255155563
Step: 3399680	Mean reward: 18.59375	 Loss: -0.02561976946890354
Step: 3407872	Mean reward: 17.0625	 Loss: -0.0225780438631773
Step: 3416064	Mean reward: 17.71875	 Loss: -0.032647136598825455
Step: 3424256	Mean reward: 16.75	 Loss: -0.07700295001268387
Step: 3432448	Mean reward: 17.5	 Loss: -0.012217641808092594
Step: 3440640	Mean reward: 18.09375	 Loss: -0.05348869040608406
Step: 3448832	Mean reward: 17.5625	 Loss: -0.025346409529447556
Step: 3457024	Mean reward: 18.25	 Loss: -0.026072770357131958
Step: 3465216	Mean reward: 17.28125	 Loss: 0.015628710389137268
Step: 3473408	Mean reward: 19.0625	 Loss: 0.030987320467829704
Step: 3481600	Mean reward: 18.15625	 Loss: -0.005519655533134937
Step: 3489792	Mean reward: 18.5625	 Loss: 0.03057335689663887
Step: 3497984	Mean reward: 18.90625	 Loss: -0.051829952746629715
Step: 3506176	Mean reward: 17.46875	 Loss: 0.0025137439370155334
Step: 3514368	Mean reward: 18.53125	 Loss: 0.02942703850567341
Step: 3522560	Mean reward: 15.875	 Loss: -0.04437097907066345
Step: 3530752	Mean reward: 17.71875	 Loss: -0.05241212993860245
Step: 3538944	Mean reward: 17.65625	 Loss: 0.007735496386885643
Step: 3547136	Mean reward: 18.84375	 Loss: -0.024522945284843445
Step: 3555328	Mean reward: 17.15625	 Loss: -0.04061524569988251
Step: 3563520	Mean reward: 17.875	 Loss: -0.022974442690610886
Step: 3571712	Mean reward: 19.125	 Loss: -0.013671904802322388
Step: 3579904	Mean reward: 18.8125	 Loss: -0.021630480885505676
Step: 3588096	Mean reward: 19.25	 Loss: -0.023513205349445343
Step: 3596288	Mean reward: 17.78125	 Loss: -0.04592670500278473
Step: 3604480	Mean reward: 18.09375	 Loss: -0.016774876043200493
Step: 3612672	Mean reward: 17.75	 Loss: -0.028207462280988693
Step: 3620864	Mean reward: 18.0625	 Loss: -0.0245683491230011
Step: 3629056	Mean reward: 18.4375	 Loss: -0.002767372876405716
Step: 3637248	Mean reward: 18.84375	 Loss: -0.16770298779010773
Step: 3645440	Mean reward: 18.3125	 Loss: 0.008500797674059868
Step: 3653632	Mean reward: 18.0	 Loss: -0.04379899054765701
Step: 3661824	Mean reward: 18.9375	 Loss: -0.027693133801221848
Step: 3670016	Mean reward: 18.28125	 Loss: -0.01555036660283804
Step: 3678208	Mean reward: 17.1875	 Loss: -0.076399065554142
Step: 3686400	Mean reward: 17.0625	 Loss: -0.04623331129550934
Step: 3694592	Mean reward: 16.96875	 Loss: -0.036457281559705734
Step: 3702784	Mean reward: 18.96875	 Loss: -0.020955391228199005
Step: 3710976	Mean reward: 18.0625	 Loss: -0.060232363641262054
Step: 3719168	Mean reward: 18.25	 Loss: -0.06754200160503387
Step: 3727360	Mean reward: 18.25	 Loss: -0.08279535919427872
Step: 3735552	Mean reward: 17.375	 Loss: -0.03389477729797363
Step: 3743744	Mean reward: 16.75	 Loss: -0.005771678872406483
Step: 3751936	Mean reward: 18.25	 Loss: -0.048721976578235626
Step: 3760128	Mean reward: 18.40625	 Loss: 0.015933247283101082
Step: 3768320	Mean reward: 16.1875	 Loss: -0.05271187797188759
Step: 3776512	Mean reward: 16.4375	 Loss: -0.034515202045440674
Step: 3784704	Mean reward: 19.125	 Loss: 0.006283313035964966
Step: 3792896	Mean reward: 17.96875	 Loss: -0.00038717593997716904
Step: 3801088	Mean reward: 17.875	 Loss: -0.04710426181554794
Step: 3809280	Mean reward: 18.5	 Loss: 0.03732074424624443
Step: 3817472	Mean reward: 17.3125	 Loss: -0.044332314282655716
Step: 3825664	Mean reward: 18.40625	 Loss: -0.08785678446292877
Step: 3833856	Mean reward: 17.8125	 Loss: -0.06952901929616928
Step: 3842048	Mean reward: 18.125	 Loss: -0.07857558876276016
Step: 3850240	Mean reward: 18.125	 Loss: -0.0015949839726090431
Step: 3858432	Mean reward: 17.28125	 Loss: -0.13516779243946075
Step: 3866624	Mean reward: 18.84375	 Loss: -0.06955341249704361
Step: 3874816	Mean reward: 18.5	 Loss: -0.04889118671417236
Step: 3883008	Mean reward: 18.4375	 Loss: -0.03461381047964096
Step: 3891200	Mean reward: 18.1875	 Loss: -0.03454214334487915
Step: 3899392	Mean reward: 16.59375	 Loss: -0.055902451276779175
Step: 3907584	Mean reward: 17.5625	 Loss: 0.00815567933022976
Step: 3915776	Mean reward: 17.34375	 Loss: -0.055338092148303986
Step: 3923968	Mean reward: 17.28125	 Loss: -0.05705656111240387
Step: 3932160	Mean reward: 19.1875	 Loss: 0.04669485241174698
Step: 3940352	Mean reward: 15.6875	 Loss: -0.08233526349067688
Step: 3948544	Mean reward: 19.84375	 Loss: -0.026645716279745102
Step: 3956736	Mean reward: 15.6875	 Loss: -0.07639575749635696
Step: 3964928	Mean reward: 16.3125	 Loss: -0.012937070801854134
Step: 3973120	Mean reward: 17.625	 Loss: -0.0527566596865654
Step: 3981312	Mean reward: 16.65625	 Loss: -0.0625283420085907
Step: 3989504	Mean reward: 19.40625	 Loss: -0.06101427227258682
Step: 3997696	Mean reward: 17.40625	 Loss: -0.056956697255373
Step: 4005888	Mean reward: 17.625	 Loss: -0.036919064819812775
Step: 4014080	Mean reward: 19.9375	 Loss: -0.03804374858736992
Step: 4022272	Mean reward: 18.28125	 Loss: -0.02872879058122635
Step: 4030464	Mean reward: 19.28125	 Loss: -0.025232264772057533
Step: 4038656	Mean reward: 18.15625	 Loss: -0.052917271852493286
Step: 4046848	Mean reward: 19.5625	 Loss: -0.051645759493112564
Step: 4055040	Mean reward: 17.625	 Loss: -0.03192928433418274
Step: 4063232	Mean reward: 20.25	 Loss: -0.07802262902259827
Step: 4071424	Mean reward: 18.28125	 Loss: -0.06430862098932266
Step: 4079616	Mean reward: 18.84375	 Loss: -0.034227557480335236
Step: 4087808	Mean reward: 17.6875	 Loss: -0.06517129391431808
Step: 4096000	Mean reward: 18.5	 Loss: 0.02794930711388588
Step: 4104192	Mean reward: 17.53125	 Loss: -0.036417994648218155
Step: 4112384	Mean reward: 17.875	 Loss: -0.05025932565331459
Step: 4120576	Mean reward: 17.71875	 Loss: -0.014004549942910671
Step: 4128768	Mean reward: 18.75	 Loss: -0.053750477731227875
Step: 4136960	Mean reward: 17.0	 Loss: -0.02242671698331833
Step: 4145152	Mean reward: 18.375	 Loss: -0.09816564619541168
Step: 4153344	Mean reward: 19.8125	 Loss: -0.02895057573914528
Step: 4161536	Mean reward: 17.6875	 Loss: -0.056324440985918045
Step: 4169728	Mean reward: 18.21875	 Loss: -0.006813114508986473
Step: 4177920	Mean reward: 19.71875	 Loss: -0.014221828430891037
Step: 4186112	Mean reward: 19.25	 Loss: -0.09300795942544937
Step: 4194304	Mean reward: 21.0625	 Loss: 0.03652048110961914
Step: 4202496	Mean reward: 18.34375	 Loss: -0.04672427102923393
Step: 4210688	Mean reward: 19.21875	 Loss: -0.02739161252975464
Step: 4218880	Mean reward: 17.53125	 Loss: -0.009606312960386276
Step: 4227072	Mean reward: 19.96875	 Loss: -0.0946447104215622
Step: 4235264	Mean reward: 18.03125	 Loss: -0.04120985046029091
Step: 4243456	Mean reward: 18.90625	 Loss: -0.10472555458545685
Step: 4251648	Mean reward: 19.5625	 Loss: 0.037210896611213684
Step: 4259840	Mean reward: 16.71875	 Loss: -0.059814587235450745
Step: 4268032	Mean reward: 16.90625	 Loss: -0.10450596362352371
Step: 4276224	Mean reward: 18.15625	 Loss: 0.004694010131061077
Step: 4284416	Mean reward: 19.125	 Loss: -0.028997980058193207
Step: 4292608	Mean reward: 19.34375	 Loss: -0.0193630363792181
Step: 4300800	Mean reward: 18.625	 Loss: 0.01991252973675728
Step: 4308992	Mean reward: 18.65625	 Loss: -0.041745174676179886
Step: 4317184	Mean reward: 19.78125	 Loss: 0.009777228347957134
Step: 4325376	Mean reward: 19.15625	 Loss: -0.07237958908081055
Step: 4333568	Mean reward: 18.84375	 Loss: -0.0585293248295784
Step: 4341760	Mean reward: 18.84375	 Loss: -0.0965455025434494
Step: 4349952	Mean reward: 19.28125	 Loss: -0.06133485212922096
Step: 4358144	Mean reward: 20.25	 Loss: -0.038530051708221436
Step: 4366336	Mean reward: 20.21875	 Loss: 0.015681229531764984
Step: 4374528	Mean reward: 19.59375	 Loss: -0.0638236403465271
Step: 4382720	Mean reward: 18.21875	 Loss: 0.024068089202046394
Step: 4390912	Mean reward: 19.03125	 Loss: -0.04068869724869728
Step: 4399104	Mean reward: 18.3125	 Loss: 0.001687414012849331
Step: 4407296	Mean reward: 17.59375	 Loss: -0.10419515520334244
Step: 4415488	Mean reward: 18.09375	 Loss: -0.008616390638053417
Step: 4423680	Mean reward: 16.25	 Loss: -0.06001841276884079
Step: 4431872	Mean reward: 17.5	 Loss: -0.023868247866630554
Step: 4440064	Mean reward: 18.0625	 Loss: -0.04790869355201721
Step: 4448256	Mean reward: 20.71875	 Loss: 0.02879568189382553
Step: 4456448	Mean reward: 18.71875	 Loss: -0.0671992301940918
Step: 4464640	Mean reward: 18.125	 Loss: -0.053163859993219376
Step: 4472832	Mean reward: 18.90625	 Loss: -0.1509229838848114
Step: 4481024	Mean reward: 18.96875	 Loss: -0.06827477365732193
Step: 4489216	Mean reward: 17.59375	 Loss: -0.019848767668008804
Step: 4497408	Mean reward: 18.4375	 Loss: -0.026811622083187103
Step: 4505600	Mean reward: 19.03125	 Loss: -0.057922303676605225
Step: 4513792	Mean reward: 19.40625	 Loss: -0.03704579174518585
Step: 4521984	Mean reward: 18.65625	 Loss: 0.04041413962841034
Step: 4530176	Mean reward: 17.625	 Loss: -0.030018143355846405
Step: 4538368	Mean reward: 16.96875	 Loss: -0.05325339734554291
Step: 4546560	Mean reward: 18.3125	 Loss: -0.0323389396071434
Step: 4554752	Mean reward: 18.03125	 Loss: -0.12762682139873505
Step: 4562944	Mean reward: 16.78125	 Loss: 0.011206155642867088
Step: 4571136	Mean reward: 17.6875	 Loss: 0.02058330923318863
Step: 4579328	Mean reward: 18.78125	 Loss: -0.05592314153909683
Step: 4587520	Mean reward: 18.46875	 Loss: -0.0602007731795311
Step: 4595712	Mean reward: 19.8125	 Loss: -0.02061426267027855
Step: 4603904	Mean reward: 19.34375	 Loss: -0.12539958953857422
Step: 4612096	Mean reward: 19.8125	 Loss: -0.027094589546322823
Step: 4620288	Mean reward: 18.875	 Loss: -0.029430275782942772
Step: 4628480	Mean reward: 19.6875	 Loss: -0.07716576755046844
Step: 4636672	Mean reward: 19.65625	 Loss: -0.14288529753684998
Step: 4644864	Mean reward: 18.5625	 Loss: 0.036968059837818146
Step: 4653056	Mean reward: 17.125	 Loss: 0.012376946397125721
Step: 4661248	Mean reward: 19.6875	 Loss: -0.046948112547397614
Step: 4669440	Mean reward: 20.46875	 Loss: -0.03387395292520523
Step: 4677632	Mean reward: 18.96875	 Loss: -0.11943206191062927
Step: 4685824	Mean reward: 20.0625	 Loss: -0.024590572342276573
Step: 4694016	Mean reward: 17.5	 Loss: -0.05170679837465286
Step: 4702208	Mean reward: 18.4375	 Loss: 0.026822682470083237
Step: 4710400	Mean reward: 19.28125	 Loss: 0.02550923265516758
Step: 4718592	Mean reward: 18.34375	 Loss: -0.05435850843787193
Step: 4726784	Mean reward: 19.28125	 Loss: 0.036816440522670746
Step: 4734976	Mean reward: 17.53125	 Loss: -0.1312619149684906
Step: 4743168	Mean reward: 20.125	 Loss: -0.02899071015417576
Step: 4751360	Mean reward: 20.1875	 Loss: -0.07150918245315552
Step: 4759552	Mean reward: 20.1875	 Loss: -0.06245240569114685
Step: 4767744	Mean reward: 17.96875	 Loss: -0.010007001459598541
Step: 4775936	Mean reward: 18.40625	 Loss: -0.09130025655031204
Step: 4784128	Mean reward: 19.78125	 Loss: 0.04075867682695389
Step: 4792320	Mean reward: 19.59375	 Loss: -0.08498626947402954
Step: 4800512	Mean reward: 18.03125	 Loss: -0.007522819563746452
Step: 4808704	Mean reward: 18.90625	 Loss: -0.13467152416706085
Step: 4816896	Mean reward: 19.75	 Loss: 0.027761034667491913
Step: 4825088	Mean reward: 19.3125	 Loss: 0.02010241523385048
Step: 4833280	Mean reward: 18.40625	 Loss: -0.026236508041620255
Step: 4841472	Mean reward: 18.25	 Loss: -0.023861385881900787
Step: 4849664	Mean reward: 16.8125	 Loss: 0.017223112285137177
Step: 4857856	Mean reward: 21.375	 Loss: -0.08997411280870438
Step: 4866048	Mean reward: 18.03125	 Loss: -0.029381709173321724
Step: 4874240	Mean reward: 17.4375	 Loss: -0.015614558011293411
Step: 4882432	Mean reward: 21.0	 Loss: -0.0938052237033844
Step: 4890624	Mean reward: 19.5	 Loss: 0.013635127805173397
Step: 4898816	Mean reward: 17.0	 Loss: -0.029547130689024925
Step: 4907008	Mean reward: 19.96875	 Loss: -0.038242511451244354
Step: 4915200	Mean reward: 19.34375	 Loss: -0.07317686080932617
Step: 4923392	Mean reward: 17.5625	 Loss: 0.018057331442832947
Step: 4931584	Mean reward: 17.6875	 Loss: -0.09432218223810196
Step: 4939776	Mean reward: 17.59375	 Loss: -0.10720574855804443
Step: 4947968	Mean reward: 18.71875	 Loss: -0.017894381657242775
Step: 4956160	Mean reward: 18.8125	 Loss: -0.06763242930173874
Step: 4964352	Mean reward: 19.34375	 Loss: -0.06575518101453781
Step: 4972544	Mean reward: 20.53125	 Loss: -0.016065925359725952
Step: 4980736	Mean reward: 19.3125	 Loss: -0.055563293397426605
Step: 4988928	Mean reward: 19.625	 Loss: -0.11052557080984116
Step: 4997120	Mean reward: 19.0	 Loss: 0.004223166964948177
Step: 5005312	Mean reward: 20.8125	 Loss: -0.06582378596067429
Step: 5013504	Mean reward: 18.84375	 Loss: -0.1396360993385315
Step: 5021696	Mean reward: 20.125	 Loss: 0.016711493954062462
Step: 5029888	Mean reward: 17.9375	 Loss: 0.004222598858177662
Step: 5038080	Mean reward: 18.5	 Loss: -0.01668449118733406
Step: 5046272	Mean reward: 18.875	 Loss: -0.0382147952914238
Step: 5054464	Mean reward: 18.78125	 Loss: 0.020858116447925568
Step: 5062656	Mean reward: 18.28125	 Loss: -0.08490677177906036
Step: 5070848	Mean reward: 20.21875	 Loss: 0.017809372395277023
Step: 5079040	Mean reward: 19.21875	 Loss: -0.030620835721492767
Step: 5087232	Mean reward: 17.65625	 Loss: 0.0005649803206324577
Step: 5095424	Mean reward: 18.90625	 Loss: -0.11472296714782715
Step: 5103616	Mean reward: 19.28125	 Loss: -0.05958150327205658
Step: 5111808	Mean reward: 19.8125	 Loss: -0.07575581222772598
Step: 5120000	Mean reward: 17.9375	 Loss: -0.0867161974310875
Step: 5128192	Mean reward: 19.03125	 Loss: -0.07174253463745117
Step: 5136384	Mean reward: 20.25	 Loss: -0.08662619441747665
Step: 5144576	Mean reward: 18.78125	 Loss: 0.013325273059308529
Step: 5152768	Mean reward: 19.46875	 Loss: -0.06326989084482193
Step: 5160960	Mean reward: 18.03125	 Loss: -0.02204078435897827
Step: 5169152	Mean reward: 18.71875	 Loss: 0.0014587761834263802
Step: 5177344	Mean reward: 19.46875	 Loss: 0.053179364651441574
Step: 5185536	Mean reward: 19.375	 Loss: 0.030760884284973145
Step: 5193728	Mean reward: 21.0625	 Loss: -0.03795576095581055
Step: 5201920	Mean reward: 19.8125	 Loss: -0.0366874635219574
Step: 5210112	Mean reward: 18.21875	 Loss: -0.022669989615678787
Step: 5218304	Mean reward: 20.15625	 Loss: -0.029314499348402023
Step: 5226496	Mean reward: 18.8125	 Loss: 0.05434233322739601
Step: 5234688	Mean reward: 19.96875	 Loss: -0.07018245756626129
Step: 5242880	Mean reward: 17.71875	 Loss: -0.09254724532365799
Step: 5251072	Mean reward: 19.90625	 Loss: 0.026871707290410995
Step: 5259264	Mean reward: 18.375	 Loss: 0.022328583523631096
Step: 5267456	Mean reward: 17.4375	 Loss: 0.015139657072722912
Step: 5275648	Mean reward: 20.46875	 Loss: -0.017941854894161224
Step: 5283840	Mean reward: 17.96875	 Loss: -0.07268860191106796
Step: 5292032	Mean reward: 19.15625	 Loss: -0.024423688650131226
Step: 5300224	Mean reward: 18.59375	 Loss: -0.08990970999002457
Step: 5308416	Mean reward: 18.1875	 Loss: -0.013120930641889572
Step: 5316608	Mean reward: 19.40625	 Loss: -0.08576883375644684
Step: 5324800	Mean reward: 19.09375	 Loss: -0.09067697077989578
Step: 5332992	Mean reward: 19.84375	 Loss: -0.06614837050437927
Step: 5341184	Mean reward: 16.53125	 Loss: -0.07676663994789124
Step: 5349376	Mean reward: 19.0625	 Loss: -0.024450955912470818
Step: 5357568	Mean reward: 18.625	 Loss: -0.05471724271774292
Step: 5365760	Mean reward: 19.4375	 Loss: 0.010069487616419792
Step: 5373952	Mean reward: 20.375	 Loss: -0.025535382330417633
Step: 5382144	Mean reward: 19.375	 Loss: 0.046777624636888504
Step: 5390336	Mean reward: 19.125	 Loss: 0.023157453164458275
Step: 5398528	Mean reward: 17.375	 Loss: -0.03622230887413025
Step: 5406720	Mean reward: 21.09375	 Loss: -0.022842753678560257
Step: 5414912	Mean reward: 21.21875	 Loss: -0.13133518397808075
Step: 5423104	Mean reward: 19.75	 Loss: -0.060943152755498886
Step: 5431296	Mean reward: 17.59375	 Loss: -0.031333234161138535
Step: 5439488	Mean reward: 19.9375	 Loss: -0.033995144069194794
Step: 5447680	Mean reward: 20.8125	 Loss: -0.03665335103869438
Step: 5455872	Mean reward: 18.125	 Loss: -0.003931958228349686
Step: 5464064	Mean reward: 20.65625	 Loss: 0.020761264488101006
Step: 5472256	Mean reward: 18.9375	 Loss: -0.036302484571933746
Step: 5480448	Mean reward: 19.75	 Loss: -0.10232992470264435
Step: 5488640	Mean reward: 20.40625	 Loss: -0.1331649124622345
Step: 5496832	Mean reward: 20.0	 Loss: 0.028233733028173447
Step: 5505024	Mean reward: 19.53125	 Loss: -0.020337563008069992
Step: 5513216	Mean reward: 18.25	 Loss: -0.03545592725276947
Step: 5521408	Mean reward: 19.03125	 Loss: 0.03828868642449379
Step: 5529600	Mean reward: 20.53125	 Loss: 0.0012640990316867828
Step: 5537792	Mean reward: 19.5	 Loss: -0.01975138671696186
Step: 5545984	Mean reward: 19.125	 Loss: -0.03724989295005798
Step: 5554176	Mean reward: 19.59375	 Loss: -0.06284783035516739
Step: 5562368	Mean reward: 20.25	 Loss: -0.0952502191066742
Step: 5570560	Mean reward: 20.53125	 Loss: -0.003406102769076824
Step: 5578752	Mean reward: 18.875	 Loss: -0.06557188183069229
Step: 5586944	Mean reward: 19.6875	 Loss: -0.030908862128853798
Step: 5595136	Mean reward: 20.65625	 Loss: -0.02136705256998539
Step: 5603328	Mean reward: 20.03125	 Loss: -0.0006199376657605171
Step: 5611520	Mean reward: 19.5	 Loss: -0.0487915463745594
Step: 5619712	Mean reward: 19.15625	 Loss: -0.09123716503381729
Step: 5627904	Mean reward: 20.625	 Loss: -0.08173756301403046
Step: 5636096	Mean reward: 20.1875	 Loss: -0.09446913748979568
Step: 5644288	Mean reward: 19.3125	 Loss: -0.061638109385967255
Step: 5652480	Mean reward: 19.59375	 Loss: -0.04721476137638092
Step: 5660672	Mean reward: 20.3125	 Loss: -0.038157761096954346
Step: 5668864	Mean reward: 19.96875	 Loss: -0.028445711359381676
Step: 5677056	Mean reward: 18.25	 Loss: 0.01208704523742199
Step: 5685248	Mean reward: 18.78125	 Loss: -0.05019832402467728
Step: 5693440	Mean reward: 18.625	 Loss: -0.04281182959675789
Step: 5701632	Mean reward: 20.84375	 Loss: -0.0011912863701581955
Step: 5709824	Mean reward: 17.65625	 Loss: -0.003961385227739811
Step: 5718016	Mean reward: 19.6875	 Loss: -0.014637399464845657
Step: 5726208	Mean reward: 20.46875	 Loss: 0.026186350733041763
Step: 5734400	Mean reward: 20.5	 Loss: -0.08773855119943619
Step: 5742592	Mean reward: 20.03125	 Loss: -0.031920064240694046
Step: 5750784	Mean reward: 20.03125	 Loss: -0.06335949152708054
Step: 5758976	Mean reward: 20.21875	 Loss: -0.033649854362010956
Step: 5767168	Mean reward: 19.90625	 Loss: -0.022604001685976982
Step: 5775360	Mean reward: 19.5	 Loss: -0.13858574628829956
Step: 5783552	Mean reward: 17.09375	 Loss: -0.10652301460504532
Step: 5791744	Mean reward: 18.78125	 Loss: -0.09701792895793915
Step: 5799936	Mean reward: 19.28125	 Loss: -0.016076769679784775
Step: 5808128	Mean reward: 19.0625	 Loss: -0.026310548186302185
Step: 5816320	Mean reward: 20.375	 Loss: -0.1503402292728424
Step: 5824512	Mean reward: 18.78125	 Loss: 0.009115796536207199
Step: 5832704	Mean reward: 18.5	 Loss: -0.08014319092035294
Step: 5840896	Mean reward: 19.15625	 Loss: -0.003162626177072525
Step: 5849088	Mean reward: 20.34375	 Loss: -0.1052023321390152
Step: 5857280	Mean reward: 20.1875	 Loss: 0.015302535146474838
Step: 5865472	Mean reward: 19.15625	 Loss: -0.010088511742651463
Step: 5873664	Mean reward: 20.09375	 Loss: -0.014557030983269215
Step: 5881856	Mean reward: 19.03125	 Loss: 0.00829444918781519
Step: 5890048	Mean reward: 20.1875	 Loss: 0.00010442454367876053
Step: 5898240	Mean reward: 20.71875	 Loss: -0.08562277257442474
Step: 5906432	Mean reward: 20.0625	 Loss: 0.017431240528821945
Step: 5914624	Mean reward: 18.46875	 Loss: -0.09500250965356827
Step: 5922816	Mean reward: 20.0	 Loss: -0.09135058522224426
Step: 5931008	Mean reward: 18.8125	 Loss: -0.001593196764588356
Step: 5939200	Mean reward: 20.46875	 Loss: -0.0028234021738171577
Step: 5947392	Mean reward: 19.65625	 Loss: -0.1129014864563942
Step: 5955584	Mean reward: 18.6875	 Loss: 0.006970067508518696
Step: 5963776	Mean reward: 20.375	 Loss: -0.07621640712022781
Step: 5971968	Mean reward: 18.9375	 Loss: -0.06904719024896622
Step: 5980160	Mean reward: 19.71875	 Loss: 0.03286311775445938
Step: 5988352	Mean reward: 19.5625	 Loss: -0.10077286511659622
Step: 5996544	Mean reward: 19.34375	 Loss: -0.041076552122831345
Step: 6004736	Mean reward: 18.1875	 Loss: -0.03724519535899162
Step: 6012928	Mean reward: 18.09375	 Loss: 0.009805985726416111
Step: 6021120	Mean reward: 19.5	 Loss: -0.10475417226552963
Step: 6029312	Mean reward: 20.15625	 Loss: -0.04828351363539696
Step: 6037504	Mean reward: 20.6875	 Loss: -0.006627767346799374
Step: 6045696	Mean reward: 18.125	 Loss: -0.01721194013953209
Step: 6053888	Mean reward: 19.0	 Loss: -0.03622419387102127
Step: 6062080	Mean reward: 20.21875	 Loss: -0.010550376959145069
Step: 6070272	Mean reward: 19.3125	 Loss: -0.07961863279342651
Step: 6078464	Mean reward: 19.3125	 Loss: -0.024109188467264175
Step: 6086656	Mean reward: 21.15625	 Loss: -0.036150772124528885
Step: 6094848	Mean reward: 18.90625	 Loss: -0.0711495503783226
Step: 6103040	Mean reward: 19.65625	 Loss: 0.023903831839561462
Step: 6111232	Mean reward: 19.84375	 Loss: -0.04959344491362572
Step: 6119424	Mean reward: 20.125	 Loss: -0.03610299900174141
Step: 6127616	Mean reward: 18.8125	 Loss: 0.003331530839204788
Step: 6135808	Mean reward: 18.09375	 Loss: -0.040069013833999634
Step: 6144000	Mean reward: 16.90625	 Loss: 0.026849672198295593
Step: 6152192	Mean reward: 17.28125	 Loss: -0.03203562647104263
Step: 6160384	Mean reward: 20.4375	 Loss: -0.023388244211673737
Step: 6168576	Mean reward: 21.0	 Loss: -0.06338614970445633
Step: 6176768	Mean reward: 19.4375	 Loss: -0.022219952195882797
Step: 6184960	Mean reward: 20.6875	 Loss: -0.045108404010534286
Step: 6193152	Mean reward: 19.65625	 Loss: -0.03606296703219414
Step: 6201344	Mean reward: 17.40625	 Loss: -0.059711482375860214
Step: 6209536	Mean reward: 20.5625	 Loss: 0.042830582708120346
Step: 6217728	Mean reward: 20.96875	 Loss: -0.04283609986305237
Step: 6225920	Mean reward: 19.5625	 Loss: -0.11895395070314407
Step: 6234112	Mean reward: 19.65625	 Loss: -0.04338730126619339
Step: 6242304	Mean reward: 19.125	 Loss: -0.0797237902879715
Step: 6250496	Mean reward: 19.40625	 Loss: -0.11118856817483902
Step: 6258688	Mean reward: 19.5625	 Loss: -0.057244569063186646
Step: 6266880	Mean reward: 20.875	 Loss: -0.04176713526248932
Step: 6275072	Mean reward: 20.1875	 Loss: -0.006314950063824654
Step: 6283264	Mean reward: 18.8125	 Loss: 0.004058226943016052
Step: 6291456	Mean reward: 19.625	 Loss: -0.006390362977981567
Step: 6299648	Mean reward: 20.6875	 Loss: 0.012756953947246075
Step: 6307840	Mean reward: 19.5	 Loss: 0.05292506515979767
Step: 6316032	Mean reward: 17.5625	 Loss: -0.08184437453746796
Step: 6324224	Mean reward: 20.625	 Loss: -0.04590611532330513
Step: 6332416	Mean reward: 18.40625	 Loss: -0.034039005637168884
Step: 6340608	Mean reward: 19.96875	 Loss: 0.010796385817229748
Step: 6348800	Mean reward: 19.3125	 Loss: -0.054273515939712524
Step: 6356992	Mean reward: 19.125	 Loss: -0.004829329438507557
Step: 6365184	Mean reward: 18.625	 Loss: -0.0038439203053712845
Step: 6373376	Mean reward: 19.40625	 Loss: -0.026312556117773056
Step: 6381568	Mean reward: 19.4375	 Loss: 0.05063095688819885
Step: 6389760	Mean reward: 18.6875	 Loss: 0.001429506577551365
Step: 6397952	Mean reward: 18.96875	 Loss: -0.06547324359416962
Step: 6406144	Mean reward: 19.53125	 Loss: -0.033389534801244736
Step: 6414336	Mean reward: 20.71875	 Loss: 0.05269972234964371
Step: 6422528	Mean reward: 19.5625	 Loss: 0.0033598439767956734
Step: 6430720	Mean reward: 20.03125	 Loss: -0.05470652878284454
Step: 6438912	Mean reward: 19.75	 Loss: -0.09251056611537933
Step: 6447104	Mean reward: 20.0	 Loss: -0.043019335716962814
Step: 6455296	Mean reward: 18.78125	 Loss: -0.01728055253624916
Step: 6463488	Mean reward: 19.09375	 Loss: -0.05598342791199684
Step: 6471680	Mean reward: 20.28125	 Loss: 0.005262334831058979
Step: 6479872	Mean reward: 20.0625	 Loss: -0.0668811947107315
Step: 6488064	Mean reward: 21.09375	 Loss: -0.03819059580564499
Step: 6496256	Mean reward: 20.125	 Loss: -0.0618174783885479
Step: 6504448	Mean reward: 22.0	 Loss: 0.03216809034347534
Step: 6512640	Mean reward: 20.875	 Loss: -0.03681352734565735
Step: 6520832	Mean reward: 19.625	 Loss: -0.06966569274663925
Step: 6529024	Mean reward: 18.4375	 Loss: -0.05869271233677864
Step: 6537216	Mean reward: 18.59375	 Loss: 0.060173243284225464
Step: 6545408	Mean reward: 19.03125	 Loss: -0.02554912492632866
Step: 6553600	Mean reward: 19.53125	 Loss: -0.12237127870321274
Step: 6561792	Mean reward: 18.09375	 Loss: 0.008769207634031773
Step: 6569984	Mean reward: 19.78125	 Loss: 0.06446623057126999
Step: 6578176	Mean reward: 19.78125	 Loss: -0.10850441455841064
Step: 6586368	Mean reward: 17.78125	 Loss: 0.01154216006398201
Step: 6594560	Mean reward: 19.5	 Loss: -0.019296567887067795
Step: 6602752	Mean reward: 20.0	 Loss: 0.0038140472024679184
Step: 6610944	Mean reward: 21.1875	 Loss: -0.024113459512591362
Step: 6619136	Mean reward: 17.6875	 Loss: -0.03693113476037979
Step: 6627328	Mean reward: 20.65625	 Loss: -0.022970814257860184
Step: 6635520	Mean reward: 20.8125	 Loss: -0.016162632033228874
Step: 6643712	Mean reward: 19.53125	 Loss: -0.06666232645511627
Step: 6651904	Mean reward: 19.03125	 Loss: -0.02179799973964691
Step: 6660096	Mean reward: 17.90625	 Loss: -0.03189436346292496
Step: 6668288	Mean reward: 20.1875	 Loss: 0.0659792572259903
Step: 6676480	Mean reward: 20.5	 Loss: -0.08096489310264587
Step: 6684672	Mean reward: 19.1875	 Loss: -0.018368881195783615
Step: 6692864	Mean reward: 21.65625	 Loss: -0.03299637883901596
Step: 6701056	Mean reward: 18.3125	 Loss: -0.09917780756950378
Step: 6709248	Mean reward: 19.28125	 Loss: -0.11701534688472748
Step: 6717440	Mean reward: 19.4375	 Loss: -0.0663805902004242
Step: 6725632	Mean reward: 18.40625	 Loss: -0.13000072538852692
Step: 6733824	Mean reward: 18.0	 Loss: -0.0532754585146904
Step: 6742016	Mean reward: 21.3125	 Loss: -0.07534097880125046
Step: 6750208	Mean reward: 19.78125	 Loss: -0.0036302348598837852
Step: 6758400	Mean reward: 22.09375	 Loss: -0.06479234993457794
Step: 6766592	Mean reward: 18.84375	 Loss: -0.09089036285877228
Step: 6774784	Mean reward: 18.90625	 Loss: -0.02964666858315468
Step: 6782976	Mean reward: 17.9375	 Loss: -0.04459977149963379
Step: 6791168	Mean reward: 20.9375	 Loss: -0.04047182574868202
Step: 6799360	Mean reward: 19.28125	 Loss: -0.033796995878219604
Step: 6807552	Mean reward: 18.15625	 Loss: -0.0731087327003479
Step: 6815744	Mean reward: 21.03125	 Loss: 0.06622439622879028
Step: 6823936	Mean reward: 21.15625	 Loss: -0.0987076684832573
Step: 6832128	Mean reward: 19.75	 Loss: -0.04283064603805542
Step: 6840320	Mean reward: 19.15625	 Loss: 0.042994141578674316
Step: 6848512	Mean reward: 19.875	 Loss: -0.05087578669190407
Step: 6856704	Mean reward: 19.34375	 Loss: -0.013291466981172562
Step: 6864896	Mean reward: 19.34375	 Loss: -0.012903280556201935
Step: 6873088	Mean reward: 18.90625	 Loss: -0.05599001422524452
Step: 6881280	Mean reward: 18.46875	 Loss: -0.06378616392612457
Step: 6889472	Mean reward: 18.34375	 Loss: -0.06694503128528595
Step: 6897664	Mean reward: 18.0625	 Loss: -0.037784725427627563
Step: 6905856	Mean reward: 19.28125	 Loss: 0.04462138190865517
Step: 6914048	Mean reward: 19.625	 Loss: -0.02278447337448597
Step: 6922240	Mean reward: 19.9375	 Loss: -0.08463147282600403
Step: 6930432	Mean reward: 19.625	 Loss: -0.02501891925930977
Step: 6938624	Mean reward: 18.8125	 Loss: -0.038145385682582855
Step: 6946816	Mean reward: 20.84375	 Loss: -0.016559544950723648
Step: 6955008	Mean reward: 19.3125	 Loss: -0.08618990331888199
Step: 6963200	Mean reward: 17.71875	 Loss: -0.08967586606740952
Step: 6971392	Mean reward: 22.0	 Loss: -0.07518985122442245
Step: 6979584	Mean reward: 19.96875	 Loss: -0.029303990304470062
Step: 6987776	Mean reward: 19.28125	 Loss: 0.011075267568230629
Step: 6995968	Mean reward: 18.84375	 Loss: -0.05860185623168945
Step: 7004160	Mean reward: 19.9375	 Loss: -0.05294397473335266
Step: 7012352	Mean reward: 19.21875	 Loss: -0.03916611894965172
Step: 7020544	Mean reward: 19.0	 Loss: -0.048217929899692535
Step: 7028736	Mean reward: 19.15625	 Loss: -0.0759088546037674
Step: 7036928	Mean reward: 17.9375	 Loss: -0.07679338753223419
Step: 7045120	Mean reward: 19.59375	 Loss: -0.041832685470581055
Step: 7053312	Mean reward: 19.0625	 Loss: -0.06279483437538147
Step: 7061504	Mean reward: 18.78125	 Loss: 0.0027520479634404182
Step: 7069696	Mean reward: 17.375	 Loss: 0.0030118096619844437
Step: 7077888	Mean reward: 18.28125	 Loss: -0.03766122832894325
Step: 7086080	Mean reward: 21.1875	 Loss: -0.06763014197349548
Step: 7094272	Mean reward: 21.0	 Loss: -0.06640326976776123
Step: 7102464	Mean reward: 18.5	 Loss: -0.023264151066541672
Step: 7110656	Mean reward: 19.59375	 Loss: -0.019194744527339935
Step: 7118848	Mean reward: 18.875	 Loss: -0.10257420688867569
Step: 7127040	Mean reward: 19.5625	 Loss: -0.03856929391622543
Step: 7135232	Mean reward: 19.625	 Loss: -0.04097026214003563
Step: 7143424	Mean reward: 19.875	 Loss: -0.08723148703575134
Step: 7151616	Mean reward: 18.1875	 Loss: 0.04086720198392868
Step: 7159808	Mean reward: 19.5625	 Loss: 0.028008410707116127
Step: 7168000	Mean reward: 17.9375	 Loss: -0.03847428038716316
Step: 7176192	Mean reward: 19.125	 Loss: -0.020963527262210846
Step: 7184384	Mean reward: 20.03125	 Loss: -0.027460575103759766
Step: 7192576	Mean reward: 20.4375	 Loss: -0.02588712051510811
Step: 7200768	Mean reward: 19.1875	 Loss: 0.04711957275867462
Step: 7208960	Mean reward: 19.0625	 Loss: -0.0027966219931840897
Step: 7217152	Mean reward: 19.25	 Loss: -0.14225885272026062
Step: 7225344	Mean reward: 18.3125	 Loss: -0.049284279346466064
Step: 7233536	Mean reward: 18.15625	 Loss: -0.034280795603990555
Step: 7241728	Mean reward: 19.90625	 Loss: -0.0020612673833966255
Step: 7249920	Mean reward: 18.3125	 Loss: -0.03507261723279953
Step: 7258112	Mean reward: 19.28125	 Loss: -0.002083372324705124
Step: 7266304	Mean reward: 18.84375	 Loss: -0.10063797235488892
Step: 7274496	Mean reward: 19.09375	 Loss: -0.07384531199932098
Step: 7282688	Mean reward: 17.84375	 Loss: -0.10496886819601059
Step: 7290880	Mean reward: 19.84375	 Loss: -0.07356541603803635
Step: 7299072	Mean reward: 17.46875	 Loss: -0.16023500263690948
Step: 7307264	Mean reward: 19.84375	 Loss: -0.044762395322322845
Step: 7315456	Mean reward: 20.71875	 Loss: -0.08755439519882202
Step: 7323648	Mean reward: 20.71875	 Loss: -0.023427221924066544
Step: 7331840	Mean reward: 18.96875	 Loss: -0.07585927098989487
Step: 7340032	Mean reward: 17.3125	 Loss: -0.07188227027654648
Step: 7348224	Mean reward: 17.125	 Loss: -0.03355862945318222
Step: 7356416	Mean reward: 19.59375	 Loss: -0.0289002638310194
Step: 7364608	Mean reward: 18.84375	 Loss: -0.05736999958753586
Step: 7372800	Mean reward: 18.0	 Loss: -0.0192694291472435
Step: 7380992	Mean reward: 19.71875	 Loss: -0.04522966966032982
Step: 7389184	Mean reward: 18.84375	 Loss: -0.07624475657939911
Step: 7397376	Mean reward: 20.65625	 Loss: 0.03590942174196243
Step: 7405568	Mean reward: 18.375	 Loss: -0.056060224771499634
Step: 7413760	Mean reward: 19.9375	 Loss: -0.018364205956459045
Step: 7421952	Mean reward: 19.125	 Loss: 0.01307324506342411
Step: 7430144	Mean reward: 18.46875	 Loss: -0.03291148319840431
Step: 7438336	Mean reward: 20.53125	 Loss: -0.12417837232351303
Step: 7446528	Mean reward: 20.125	 Loss: 0.009605704806745052
Step: 7454720	Mean reward: 20.40625	 Loss: -0.04564737528562546
Step: 7462912	Mean reward: 19.4375	 Loss: -0.08010689914226532
Step: 7471104	Mean reward: 19.34375	 Loss: -0.08277526497840881
Step: 7479296	Mean reward: 18.84375	 Loss: -0.024516183882951736
Step: 7487488	Mean reward: 18.90625	 Loss: -0.08898761123418808
Step: 7495680	Mean reward: 18.78125	 Loss: -0.013827154412865639
Step: 7503872	Mean reward: 19.25	 Loss: -0.024680141359567642
Step: 7512064	Mean reward: 18.28125	 Loss: -0.06385856121778488
Step: 7520256	Mean reward: 20.15625	 Loss: -0.09501807391643524
Step: 7528448	Mean reward: 19.3125	 Loss: -0.05098492652177811
Step: 7536640	Mean reward: 19.78125	 Loss: -0.15972141921520233
Step: 7544832	Mean reward: 20.03125	 Loss: -0.07130326330661774
Step: 7553024	Mean reward: 20.875	 Loss: -0.039905350655317307
Step: 7561216	Mean reward: 19.75	 Loss: -0.04006120562553406
Step: 7569408	Mean reward: 18.90625	 Loss: -0.126094788312912
Step: 7577600	Mean reward: 19.59375	 Loss: -0.04446231201291084
Step: 7585792	Mean reward: 20.84375	 Loss: -0.04573970288038254
Step: 7593984	Mean reward: 18.0	 Loss: -0.1045454740524292
Step: 7602176	Mean reward: 19.6875	 Loss: -0.022169969975948334
Step: 7610368	Mean reward: 20.0625	 Loss: -0.02591158077120781
Step: 7618560	Mean reward: 19.1875	 Loss: -0.0025420840829610825
Step: 7626752	Mean reward: 18.5625	 Loss: -0.04410943761467934
Step: 7634944	Mean reward: 19.46875	 Loss: -0.05294416844844818
Step: 7643136	Mean reward: 17.75	 Loss: -0.06045933812856674
Step: 7651328	Mean reward: 20.1875	 Loss: 0.0022246120497584343
Step: 7659520	Mean reward: 21.46875	 Loss: -0.03648189455270767
Step: 7667712	Mean reward: 19.28125	 Loss: -0.09612801671028137
Step: 7675904	Mean reward: 19.1875	 Loss: -0.04042195901274681
Step: 7684096	Mean reward: 19.21875	 Loss: -0.05810314789414406
Step: 7692288	Mean reward: 19.40625	 Loss: -0.047044623643159866
Step: 7700480	Mean reward: 17.71875	 Loss: -0.0791579931974411
Step: 7708672	Mean reward: 17.75	 Loss: -0.018817849457263947
Step: 7716864	Mean reward: 20.375	 Loss: 0.043058354407548904
Step: 7725056	Mean reward: 19.75	 Loss: -0.05252816155552864
Step: 7733248	Mean reward: 17.625	 Loss: -0.09075924754142761
Step: 7741440	Mean reward: 19.5625	 Loss: -0.05469422787427902
Step: 7749632	Mean reward: 18.8125	 Loss: -0.060387108474969864
Step: 7757824	Mean reward: 18.0625	 Loss: -0.029425902292132378
Step: 7766016	Mean reward: 19.6875	 Loss: -0.08632588386535645
Step: 7774208	Mean reward: 20.375	 Loss: -0.007788390852510929
Step: 7782400	Mean reward: 20.03125	 Loss: 0.018785318359732628
Step: 7790592	Mean reward: 19.1875	 Loss: 0.018509525805711746
Step: 7798784	Mean reward: 19.71875	 Loss: -0.08794966340065002
Step: 7806976	Mean reward: 19.28125	 Loss: -0.09868969023227692
Step: 7815168	Mean reward: 19.21875	 Loss: -0.02248108759522438
Step: 7823360	Mean reward: 19.8125	 Loss: 0.0243919026106596
Step: 7831552	Mean reward: 18.34375	 Loss: 0.00038183480501174927
Step: 7839744	Mean reward: 20.625	 Loss: -0.07350019365549088
Step: 7847936	Mean reward: 18.84375	 Loss: -0.05803954228758812
Step: 7856128	Mean reward: 19.9375	 Loss: -0.013045434840023518
Step: 7864320	Mean reward: 18.96875	 Loss: -0.06512800604104996
Step: 7872512	Mean reward: 19.75	 Loss: 0.009005711413919926
Step: 7880704	Mean reward: 19.28125	 Loss: -0.06712114065885544
Step: 7888896	Mean reward: 20.75	 Loss: -0.07230289280414581
Step: 7897088	Mean reward: 18.625	 Loss: -0.07838598638772964
Step: 7905280	Mean reward: 18.4375	 Loss: -0.08226262032985687
Step: 7913472	Mean reward: 21.5	 Loss: -0.03263616934418678
Step: 7921664	Mean reward: 18.8125	 Loss: -0.1023443341255188
Step: 7929856	Mean reward: 19.75	 Loss: -0.061539217829704285
Step: 7938048	Mean reward: 18.96875	 Loss: 0.02073003351688385
Step: 7946240	Mean reward: 20.53125	 Loss: -0.09066643565893173
Step: 7954432	Mean reward: 18.9375	 Loss: -0.05618453025817871
Step: 7962624	Mean reward: 19.15625	 Loss: -0.05135649815201759
Step: 7970816	Mean reward: 18.90625	 Loss: -0.03209085389971733
Step: 7979008	Mean reward: 19.6875	 Loss: -0.03205232322216034
Step: 7987200	Mean reward: 20.71875	 Loss: -0.020828410983085632
Step: 7995392	Mean reward: 18.4375	 Loss: -0.027655042707920074
Step: 8003584	Mean reward: 19.5	 Loss: 0.004130061715841293
Completed training at 2021-12-05 22:34:46