Training IMPALA 1 with the following parameter dict:
{'total_steps': 4000000.0, 'num_envs': 32, 'num_steps': 256, 'num_levels': 200, 'num_epochs': 3, 'batch_size': 512, 'eps': 0.2, 'grad_eps': 0.5, 'value_coef': 0.5, 'entropy_coef': 0.01, 'c1': 0.5, 'c2': 0.01, 'num_actions': 15, 'in_channels': 3, 'feature_dim': 64, 'env_name': 'starpilot', 'use_background': False}
non stabelized  impala
Observation space: Box([[[0. 0. 0. ... 0. 0. 0.]
  [0. 0. 0. ... 0. 0. 0.]
  [0. 0. 0. ... 0. 0. 0.]
  ...
  [0. 0. 0. ... 0. 0. 0.]
  [0. 0. 0. ... 0. 0. 0.]
  [0. 0. 0. ... 0. 0. 0.]]

 [[0. 0. 0. ... 0. 0. 0.]
  [0. 0. 0. ... 0. 0. 0.]
  [0. 0. 0. ... 0. 0. 0.]
  ...
  [0. 0. 0. ... 0. 0. 0.]
  [0. 0. 0. ... 0. 0. 0.]
  [0. 0. 0. ... 0. 0. 0.]]

 [[0. 0. 0. ... 0. 0. 0.]
  [0. 0. 0. ... 0. 0. 0.]
  [0. 0. 0. ... 0. 0. 0.]
  ...
  [0. 0. 0. ... 0. 0. 0.]
  [0. 0. 0. ... 0. 0. 0.]
  [0. 0. 0. ... 0. 0. 0.]]], [[[1. 1. 1. ... 1. 1. 1.]
  [1. 1. 1. ... 1. 1. 1.]
  [1. 1. 1. ... 1. 1. 1.]
  ...
  [1. 1. 1. ... 1. 1. 1.]
  [1. 1. 1. ... 1. 1. 1.]
  [1. 1. 1. ... 1. 1. 1.]]

 [[1. 1. 1. ... 1. 1. 1.]
  [1. 1. 1. ... 1. 1. 1.]
  [1. 1. 1. ... 1. 1. 1.]
  ...
  [1. 1. 1. ... 1. 1. 1.]
  [1. 1. 1. ... 1. 1. 1.]
  [1. 1. 1. ... 1. 1. 1.]]

 [[1. 1. 1. ... 1. 1. 1.]
  [1. 1. 1. ... 1. 1. 1.]
  [1. 1. 1. ... 1. 1. 1.]
  ...
  [1. 1. 1. ... 1. 1. 1.]
  [1. 1. 1. ... 1. 1. 1.]
  [1. 1. 1. ... 1. 1. 1.]]], (3, 64, 64), float32)
Action space: 15
Step: 8192	Mean reward: 3.90625	 Loss: 0.23335455358028412
Step: 16384	Mean reward: 4.71875	 Loss: 0.04351876303553581
Step: 24576	Mean reward: 5.59375	 Loss: 0.007242253050208092
Step: 32768	Mean reward: 5.71875	 Loss: -0.009859366342425346
Step: 40960	Mean reward: 6.09375	 Loss: -0.02236442267894745
Step: 49152	Mean reward: 6.46875	 Loss: -0.032245226204395294
Step: 57344	Mean reward: 5.59375	 Loss: 0.08737346529960632
Step: 65536	Mean reward: 7.78125	 Loss: 0.04884663224220276
Step: 73728	Mean reward: 7.90625	 Loss: 0.03718002885580063
Step: 81920	Mean reward: 7.5625	 Loss: 0.012032127007842064
Step: 90112	Mean reward: 8.65625	 Loss: 0.06149827688932419
Step: 98304	Mean reward: 6.34375	 Loss: 0.02128283865749836
Step: 106496	Mean reward: 7.9375	 Loss: -0.008415598422288895
Step: 114688	Mean reward: 6.46875	 Loss: -0.02344551868736744
Step: 122880	Mean reward: 8.5625	 Loss: 0.026120569556951523
Step: 131072	Mean reward: 8.21875	 Loss: 0.10376205295324326
Step: 139264	Mean reward: 8.46875	 Loss: 0.07699752599000931
Step: 147456	Mean reward: 9.65625	 Loss: 0.021712807938456535
Step: 155648	Mean reward: 9.0625	 Loss: -0.024237709119915962
Step: 163840	Mean reward: 9.25	 Loss: 0.002602929249405861
Step: 172032	Mean reward: 8.3125	 Loss: 0.020495304837822914
Step: 180224	Mean reward: 8.65625	 Loss: -0.02486037276685238
Step: 188416	Mean reward: 8.3125	 Loss: 0.032508522272109985
Step: 196608	Mean reward: 7.9375	 Loss: -0.022633759304881096
Step: 204800	Mean reward: 9.6875	 Loss: 0.01208268478512764
Step: 212992	Mean reward: 8.53125	 Loss: -0.07506908476352692
Step: 221184	Mean reward: 8.84375	 Loss: -0.05372732877731323
Step: 229376	Mean reward: 8.90625	 Loss: 0.06415177881717682
Step: 237568	Mean reward: 8.1875	 Loss: 0.05522707849740982
Step: 245760	Mean reward: 8.03125	 Loss: -0.1180359274148941
Step: 253952	Mean reward: 9.03125	 Loss: -0.06922470033168793
Step: 262144	Mean reward: 8.78125	 Loss: -0.016348090022802353
Step: 270336	Mean reward: 8.9375	 Loss: 0.005239363759756088
Step: 278528	Mean reward: 8.4375	 Loss: -0.010404115542769432
Step: 286720	Mean reward: 9.6875	 Loss: -0.033976443111896515
Step: 294912	Mean reward: 9.03125	 Loss: -0.0387994647026062
Step: 303104	Mean reward: 9.3125	 Loss: 0.03074047714471817
Step: 311296	Mean reward: 9.53125	 Loss: 0.022447627037763596
Step: 319488	Mean reward: 9.125	 Loss: -0.024170616641640663
Step: 327680	Mean reward: 9.53125	 Loss: -0.043659839779138565
Step: 335872	Mean reward: 10.0	 Loss: -0.04830710589885712
Step: 344064	Mean reward: 9.5625	 Loss: -0.009441295638680458
Step: 352256	Mean reward: 10.9375	 Loss: -0.041970327496528625
Step: 360448	Mean reward: 8.84375	 Loss: -0.045923568308353424
Step: 368640	Mean reward: 9.125	 Loss: -0.12115372717380524
Step: 376832	Mean reward: 11.28125	 Loss: -0.08076313138008118
Step: 385024	Mean reward: 8.875	 Loss: -0.0203561969101429
Step: 393216	Mean reward: 9.84375	 Loss: -0.08689874410629272
Step: 401408	Mean reward: 12.03125	 Loss: -0.11507850885391235
Step: 409600	Mean reward: 9.5625	 Loss: -0.0355837345123291
Step: 417792	Mean reward: 10.6875	 Loss: -0.06326065212488174
Step: 425984	Mean reward: 11.125	 Loss: -0.10086662322282791
Step: 434176	Mean reward: 11.15625	 Loss: -0.06761816143989563
Step: 442368	Mean reward: 9.4375	 Loss: -0.03374124690890312
Step: 450560	Mean reward: 11.0	 Loss: -0.09664042294025421
Step: 458752	Mean reward: 9.8125	 Loss: -0.03589890897274017
Step: 466944	Mean reward: 11.03125	 Loss: -0.05564407259225845
Step: 475136	Mean reward: 11.4375	 Loss: -0.04884306341409683
Step: 483328	Mean reward: 11.5	 Loss: -0.03170575574040413
Step: 491520	Mean reward: 9.625	 Loss: -0.06823515892028809
Step: 499712	Mean reward: 12.71875	 Loss: -0.07359441369771957
Step: 507904	Mean reward: 10.40625	 Loss: -0.11419603228569031
Step: 516096	Mean reward: 8.65625	 Loss: -0.09583071619272232
Step: 524288	Mean reward: 9.625	 Loss: -0.09729185700416565
Step: 532480	Mean reward: 10.71875	 Loss: -0.0815441831946373
Step: 540672	Mean reward: 9.875	 Loss: -0.05563972890377045
Step: 548864	Mean reward: 9.40625	 Loss: -0.08196502923965454
Step: 557056	Mean reward: 11.78125	 Loss: -0.060164645314216614
Step: 565248	Mean reward: 12.875	 Loss: -0.04067106544971466
Step: 573440	Mean reward: 10.03125	 Loss: -0.17769798636436462
Step: 581632	Mean reward: 10.6875	 Loss: -0.09178312122821808
Step: 589824	Mean reward: 10.96875	 Loss: -0.12686020135879517
Step: 598016	Mean reward: 10.8125	 Loss: -0.12359695136547089
Step: 606208	Mean reward: 10.96875	 Loss: -0.09793145209550858
Step: 614400	Mean reward: 11.625	 Loss: -0.1337721347808838
Step: 622592	Mean reward: 11.15625	 Loss: -0.03895334154367447
Step: 630784	Mean reward: 11.75	 Loss: -0.08554240316152573
Step: 638976	Mean reward: 11.34375	 Loss: -0.10030923783779144
Step: 647168	Mean reward: 11.5	 Loss: -0.07499279826879501
Step: 655360	Mean reward: 11.09375	 Loss: -0.05163513869047165
Step: 663552	Mean reward: 10.0625	 Loss: -0.03710024058818817
Step: 671744	Mean reward: 10.8125	 Loss: -0.10653118789196014
Step: 679936	Mean reward: 10.75	 Loss: -0.08351585268974304
Step: 688128	Mean reward: 11.65625	 Loss: -0.0781029462814331
Step: 696320	Mean reward: 11.40625	 Loss: -0.15648391842842102
Step: 704512	Mean reward: 10.84375	 Loss: -0.0919780284166336
Step: 712704	Mean reward: 11.96875	 Loss: -0.10490629076957703
Step: 720896	Mean reward: 10.0625	 Loss: -0.12326604872941971
Step: 729088	Mean reward: 11.78125	 Loss: -0.035849712789058685
Step: 737280	Mean reward: 12.25	 Loss: -0.08046679198741913
Step: 745472	Mean reward: 10.1875	 Loss: -0.09676382690668106
Step: 753664	Mean reward: 11.28125	 Loss: -0.03562746196985245
Step: 761856	Mean reward: 11.5625	 Loss: -0.09552718698978424
Step: 770048	Mean reward: 12.0625	 Loss: -0.08083949983119965
Step: 778240	Mean reward: 11.53125	 Loss: -0.020899923518300056
Step: 786432	Mean reward: 11.96875	 Loss: -0.1579907238483429
Step: 794624	Mean reward: 11.3125	 Loss: -0.06537071615457535
Step: 802816	Mean reward: 12.09375	 Loss: -0.04628508910536766
Step: 811008	Mean reward: 12.0625	 Loss: -0.1007600650191307
Step: 819200	Mean reward: 11.125	 Loss: -0.13693320751190186
Step: 827392	Mean reward: 12.0	 Loss: -0.17001400887966156
Step: 835584	Mean reward: 12.125	 Loss: -0.06659015268087387
Step: 843776	Mean reward: 10.5625	 Loss: -0.145943745970726
Step: 851968	Mean reward: 10.3125	 Loss: -0.09931009262800217
Step: 860160	Mean reward: 10.8125	 Loss: -0.09053748846054077
Step: 868352	Mean reward: 10.53125	 Loss: -0.06083116680383682
Step: 876544	Mean reward: 11.53125	 Loss: -0.09538308531045914
Step: 884736	Mean reward: 11.40625	 Loss: -0.1121729239821434
Step: 892928	Mean reward: 11.8125	 Loss: -0.12786175310611725
Step: 901120	Mean reward: 10.84375	 Loss: -0.10166499018669128
Step: 909312	Mean reward: 11.3125	 Loss: -0.13586100935935974
Step: 917504	Mean reward: 11.25	 Loss: -0.10025426745414734
Step: 925696	Mean reward: 13.09375	 Loss: -0.05496735870838165
Step: 933888	Mean reward: 11.71875	 Loss: -0.052437055855989456
Step: 942080	Mean reward: 11.4375	 Loss: -0.049925923347473145
Step: 950272	Mean reward: 10.78125	 Loss: -0.16164399683475494
Step: 958464	Mean reward: 10.78125	 Loss: -0.02947404235601425
Step: 966656	Mean reward: 11.1875	 Loss: -0.12257331609725952
Step: 974848	Mean reward: 11.03125	 Loss: -0.09877549111843109
Step: 983040	Mean reward: 12.84375	 Loss: 0.002017049118876457
Step: 991232	Mean reward: 11.78125	 Loss: -0.05294482782483101
Step: 999424	Mean reward: 11.09375	 Loss: -0.1566772162914276
Step: 1007616	Mean reward: 11.34375	 Loss: -0.12667493522167206
Step: 1015808	Mean reward: 12.3125	 Loss: -0.10864698141813278
Step: 1024000	Mean reward: 12.375	 Loss: -0.08783059567213058
Step: 1032192	Mean reward: 12.15625	 Loss: -0.08704177290201187
Step: 1040384	Mean reward: 13.09375	 Loss: -0.08118048310279846
Step: 1048576	Mean reward: 12.1875	 Loss: -0.10815268009901047
Step: 1056768	Mean reward: 13.40625	 Loss: -0.01472335122525692
Step: 1064960	Mean reward: 11.75	 Loss: -0.06025487929582596
Step: 1073152	Mean reward: 12.96875	 Loss: -0.09857086837291718
Step: 1081344	Mean reward: 12.25	 Loss: -0.09964808076620102
Step: 1089536	Mean reward: 12.625	 Loss: -0.06542150676250458
Step: 1097728	Mean reward: 12.5625	 Loss: -0.037448301911354065
Step: 1105920	Mean reward: 13.46875	 Loss: -0.0916113555431366
Step: 1114112	Mean reward: 12.71875	 Loss: -0.011383747681975365
Step: 1122304	Mean reward: 13.625	 Loss: -0.041956327855587006
Step: 1130496	Mean reward: 13.21875	 Loss: -0.10262864828109741
Step: 1138688	Mean reward: 13.96875	 Loss: -0.14496490359306335
Step: 1146880	Mean reward: 13.28125	 Loss: -0.08328328281641006
Step: 1155072	Mean reward: 13.0625	 Loss: -0.05902386084198952
Step: 1163264	Mean reward: 14.4375	 Loss: 0.01059696264564991
Step: 1171456	Mean reward: 13.96875	 Loss: -0.15884532034397125
Step: 1179648	Mean reward: 13.9375	 Loss: -0.10569433867931366
Step: 1187840	Mean reward: 12.46875	 Loss: -0.020659586414694786
Step: 1196032	Mean reward: 12.59375	 Loss: -0.12871003150939941
Step: 1204224	Mean reward: 13.75	 Loss: -0.02197590284049511
Step: 1212416	Mean reward: 14.0	 Loss: -0.06662865728139877
Step: 1220608	Mean reward: 13.9375	 Loss: -0.018262602388858795
Step: 1228800	Mean reward: 15.4375	 Loss: -0.06162409484386444
Step: 1236992	Mean reward: 15.09375	 Loss: -0.018653564155101776
Step: 1245184	Mean reward: 15.28125	 Loss: -0.10120278596878052
Step: 1253376	Mean reward: 12.21875	 Loss: -0.03429403901100159
Step: 1261568	Mean reward: 14.5625	 Loss: -0.07631118595600128
Step: 1269760	Mean reward: 13.34375	 Loss: -0.1311371773481369
Step: 1277952	Mean reward: 14.46875	 Loss: -0.12784425914287567
Step: 1286144	Mean reward: 14.09375	 Loss: -0.05198576673865318
Step: 1294336	Mean reward: 13.59375	 Loss: -0.07300736755132675
Step: 1302528	Mean reward: 14.90625	 Loss: -0.06430035084486008
Step: 1310720	Mean reward: 13.375	 Loss: -0.1687934845685959
Step: 1318912	Mean reward: 14.125	 Loss: -0.12112050503492355
Step: 1327104	Mean reward: 13.6875	 Loss: -0.08519865572452545
Step: 1335296	Mean reward: 13.125	 Loss: -0.07069052010774612
Step: 1343488	Mean reward: 15.6875	 Loss: -0.05629695579409599
Step: 1351680	Mean reward: 15.9375	 Loss: -0.1368609070777893
Step: 1359872	Mean reward: 14.59375	 Loss: -0.12420034408569336
Step: 1368064	Mean reward: 13.75	 Loss: -0.09406774491071701
Step: 1376256	Mean reward: 14.0	 Loss: -0.027462538331747055
Step: 1384448	Mean reward: 13.71875	 Loss: -0.04867000877857208
Step: 1392640	Mean reward: 14.40625	 Loss: -0.07234161347150803
Step: 1400832	Mean reward: 15.21875	 Loss: -0.06450924277305603
Step: 1409024	Mean reward: 14.84375	 Loss: -0.06732005625963211
Step: 1417216	Mean reward: 14.71875	 Loss: -0.08677935600280762
Step: 1425408	Mean reward: 14.71875	 Loss: -0.04650440812110901
Step: 1433600	Mean reward: 14.28125	 Loss: -0.11441481113433838
Step: 1441792	Mean reward: 14.15625	 Loss: 0.0042987000197172165
Step: 1449984	Mean reward: 13.9375	 Loss: -0.011778710409998894
Step: 1458176	Mean reward: 15.90625	 Loss: -0.07127362489700317
Step: 1466368	Mean reward: 14.25	 Loss: -0.07258933037519455
Step: 1474560	Mean reward: 14.3125	 Loss: -0.08010917901992798
Step: 1482752	Mean reward: 15.96875	 Loss: -0.016175752505660057
Step: 1490944	Mean reward: 14.03125	 Loss: 0.03367479890584946
Step: 1499136	Mean reward: 17.625	 Loss: -0.1210641860961914
Step: 1507328	Mean reward: 14.1875	 Loss: -0.052458979189395905
Step: 1515520	Mean reward: 14.46875	 Loss: -0.07482682168483734
Step: 1523712	Mean reward: 13.59375	 Loss: -0.09978753328323364
Step: 1531904	Mean reward: 14.5625	 Loss: -0.12359747290611267
Step: 1540096	Mean reward: 15.78125	 Loss: -0.04022136703133583
Step: 1548288	Mean reward: 15.40625	 Loss: -0.0827578529715538
Step: 1556480	Mean reward: 14.0625	 Loss: -0.08011393249034882
Step: 1564672	Mean reward: 14.75	 Loss: -0.09464208781719208
Step: 1572864	Mean reward: 13.8125	 Loss: -0.08414577692747116
Step: 1581056	Mean reward: 14.96875	 Loss: -0.1457137167453766
Step: 1589248	Mean reward: 14.3125	 Loss: -0.05034960061311722
Step: 1597440	Mean reward: 14.5	 Loss: -0.14830166101455688
Step: 1605632	Mean reward: 17.375	 Loss: -0.0051415227353572845
Step: 1613824	Mean reward: 14.125	 Loss: -0.007082540541887283
Step: 1622016	Mean reward: 14.21875	 Loss: -0.06891296803951263
Step: 1630208	Mean reward: 15.5625	 Loss: -0.07124067097902298
Step: 1638400	Mean reward: 15.28125	 Loss: -0.10595735907554626
Step: 1646592	Mean reward: 14.9375	 Loss: -0.08490673452615738
Step: 1654784	Mean reward: 15.4375	 Loss: -0.08705351501703262
Step: 1662976	Mean reward: 13.875	 Loss: -0.047963857650756836
Step: 1671168	Mean reward: 14.375	 Loss: -0.16080006957054138
Step: 1679360	Mean reward: 15.75	 Loss: -0.011966328136622906
Step: 1687552	Mean reward: 13.625	 Loss: -0.025294993072748184
Step: 1695744	Mean reward: 15.4375	 Loss: -0.14637595415115356
Step: 1703936	Mean reward: 15.375	 Loss: -0.03431813791394234
Step: 1712128	Mean reward: 14.75	 Loss: -0.04891856387257576
Step: 1720320	Mean reward: 16.65625	 Loss: -0.02241649106144905
Step: 1728512	Mean reward: 15.125	 Loss: -0.01515194308012724
Step: 1736704	Mean reward: 15.25	 Loss: 0.010638301260769367
Step: 1744896	Mean reward: 14.1875	 Loss: -0.022454973310232162
Step: 1753088	Mean reward: 15.65625	 Loss: -0.058754175901412964
Step: 1761280	Mean reward: 13.25	 Loss: -0.07568638771772385
Step: 1769472	Mean reward: 13.5625	 Loss: -0.11415289342403412
Step: 1777664	Mean reward: 15.96875	 Loss: -0.06281968951225281
Step: 1785856	Mean reward: 16.125	 Loss: -0.10272534936666489
Step: 1794048	Mean reward: 15.59375	 Loss: -0.07246878743171692
Step: 1802240	Mean reward: 15.53125	 Loss: -0.08198996633291245
Step: 1810432	Mean reward: 14.59375	 Loss: -0.014535080641508102
Step: 1818624	Mean reward: 15.78125	 Loss: -0.012463740073144436
Step: 1826816	Mean reward: 15.375	 Loss: -0.10372551530599594
Step: 1835008	Mean reward: 14.9375	 Loss: -0.1279974728822708
Step: 1843200	Mean reward: 13.9375	 Loss: -0.16551557183265686
Step: 1851392	Mean reward: 13.0625	 Loss: -0.12001447379589081
Step: 1859584	Mean reward: 14.71875	 Loss: -0.08732014149427414
Step: 1867776	Mean reward: 14.625	 Loss: -0.12767547369003296
Step: 1875968	Mean reward: 15.6875	 Loss: -0.0776250809431076
Step: 1884160	Mean reward: 14.71875	 Loss: -0.04691854864358902
Step: 1892352	Mean reward: 13.9375	 Loss: -0.0604708194732666
Step: 1900544	Mean reward: 15.0	 Loss: -0.04678920656442642
Step: 1908736	Mean reward: 15.25	 Loss: -0.10757309198379517
Step: 1916928	Mean reward: 14.96875	 Loss: -0.026419881731271744
Step: 1925120	Mean reward: 15.03125	 Loss: -0.06200060993432999
Step: 1933312	Mean reward: 14.25	 Loss: -0.0564686618745327
Step: 1941504	Mean reward: 14.8125	 Loss: -0.05261095613241196
Step: 1949696	Mean reward: 14.40625	 Loss: -0.13858960568904877
Step: 1957888	Mean reward: 14.90625	 Loss: -0.027043338865041733
Step: 1966080	Mean reward: 16.40625	 Loss: -0.009895547293126583
Step: 1974272	Mean reward: 14.75	 Loss: -0.09090947359800339
Step: 1982464	Mean reward: 15.6875	 Loss: -0.0885714739561081
Step: 1990656	Mean reward: 14.9375	 Loss: -0.04940526559948921
Step: 1998848	Mean reward: 15.375	 Loss: -0.07228846848011017
Step: 2007040	Mean reward: 15.53125	 Loss: -0.06586069613695145
Step: 2015232	Mean reward: 13.9375	 Loss: 0.0006159748882055283
Step: 2023424	Mean reward: 15.53125	 Loss: -0.11148981750011444
Step: 2031616	Mean reward: 14.71875	 Loss: -0.11643294990062714
Step: 2039808	Mean reward: 14.375	 Loss: -0.0303473100066185
Step: 2048000	Mean reward: 15.90625	 Loss: -0.07975156605243683
Step: 2056192	Mean reward: 16.34375	 Loss: 0.02117326110601425
Step: 2064384	Mean reward: 15.4375	 Loss: -0.12519985437393188
Step: 2072576	Mean reward: 13.9375	 Loss: -0.03856172412633896
Step: 2080768	Mean reward: 14.90625	 Loss: -0.015173757448792458
Step: 2088960	Mean reward: 14.28125	 Loss: -0.05008472129702568
Step: 2097152	Mean reward: 14.1875	 Loss: -0.03742930293083191
Step: 2105344	Mean reward: 13.15625	 Loss: -0.08962912857532501
Step: 2113536	Mean reward: 16.0625	 Loss: -0.07349080592393875
Step: 2121728	Mean reward: 15.21875	 Loss: -0.03197117894887924
Step: 2129920	Mean reward: 16.25	 Loss: -0.08675441145896912
Step: 2138112	Mean reward: 15.0625	 Loss: -0.06338939070701599
Step: 2146304	Mean reward: 17.59375	 Loss: -0.02405541017651558
Step: 2154496	Mean reward: 15.71875	 Loss: -0.09188071638345718
Step: 2162688	Mean reward: 17.1875	 Loss: -0.038460344076156616
Step: 2170880	Mean reward: 14.375	 Loss: 0.03755640983581543
Step: 2179072	Mean reward: 14.78125	 Loss: -0.08583466708660126
Step: 2187264	Mean reward: 14.5	 Loss: -0.08590729534626007
Step: 2195456	Mean reward: 16.65625	 Loss: -0.1067187488079071
Step: 2203648	Mean reward: 13.625	 Loss: -0.08493161201477051
Step: 2211840	Mean reward: 14.65625	 Loss: -0.049752190709114075
Step: 2220032	Mean reward: 15.4375	 Loss: -0.10926125198602676
Step: 2228224	Mean reward: 16.125	 Loss: -0.0380122996866703
Step: 2236416	Mean reward: 15.09375	 Loss: -0.08059738576412201
Step: 2244608	Mean reward: 15.96875	 Loss: -0.03203212469816208
Step: 2252800	Mean reward: 14.875	 Loss: -0.10225482285022736
Step: 2260992	Mean reward: 16.4375	 Loss: -0.061215780675411224
Step: 2269184	Mean reward: 16.34375	 Loss: -0.08708610385656357
Step: 2277376	Mean reward: 16.1875	 Loss: -0.023361697793006897
Step: 2285568	Mean reward: 15.53125	 Loss: -0.0707479938864708
Step: 2293760	Mean reward: 16.09375	 Loss: -0.16114504635334015
Step: 2301952	Mean reward: 15.375	 Loss: -0.08829677850008011
Step: 2310144	Mean reward: 15.875	 Loss: 0.030854184180498123
Step: 2318336	Mean reward: 16.0	 Loss: -0.11115015298128128
Step: 2326528	Mean reward: 15.28125	 Loss: 0.006206571124494076
Step: 2334720	Mean reward: 15.75	 Loss: -0.11143975704908371
Step: 2342912	Mean reward: 14.875	 Loss: -0.01789908856153488
Step: 2351104	Mean reward: 15.0	 Loss: -0.05540324002504349
Step: 2359296	Mean reward: 14.5625	 Loss: -0.14009146392345428
Step: 2367488	Mean reward: 15.875	 Loss: -0.12204360216856003
Step: 2375680	Mean reward: 16.46875	 Loss: -0.02393522672355175
Step: 2383872	Mean reward: 15.5625	 Loss: -0.015859071165323257
Step: 2392064	Mean reward: 14.46875	 Loss: -0.019366830587387085
Step: 2400256	Mean reward: 15.5625	 Loss: -0.02130720391869545
Step: 2408448	Mean reward: 16.4375	 Loss: -0.07450558245182037
Step: 2416640	Mean reward: 15.34375	 Loss: -0.09359373152256012
Step: 2424832	Mean reward: 17.875	 Loss: -0.11056255549192429
Step: 2433024	Mean reward: 15.125	 Loss: -0.08441779762506485
Step: 2441216	Mean reward: 15.0	 Loss: -0.06268248707056046
Step: 2449408	Mean reward: 16.84375	 Loss: -0.011957844719290733
Step: 2457600	Mean reward: 16.0	 Loss: -0.10300911217927933
Step: 2465792	Mean reward: 15.46875	 Loss: -0.08266739547252655
Step: 2473984	Mean reward: 16.0625	 Loss: -0.05391624569892883
Step: 2482176	Mean reward: 15.5625	 Loss: 0.040624674409627914
Step: 2490368	Mean reward: 16.15625	 Loss: -0.08635704964399338
Step: 2498560	Mean reward: 16.0	 Loss: -0.02145421877503395
Step: 2506752	Mean reward: 16.5	 Loss: 0.02274147793650627
Step: 2514944	Mean reward: 15.8125	 Loss: 0.0428018644452095
Step: 2523136	Mean reward: 15.84375	 Loss: -0.11399387568235397
Step: 2531328	Mean reward: 16.53125	 Loss: -0.013437207788228989
Step: 2539520	Mean reward: 15.1875	 Loss: -0.05029357969760895
Step: 2547712	Mean reward: 16.875	 Loss: -0.06952900439500809
Step: 2555904	Mean reward: 14.78125	 Loss: 0.009636897593736649
Step: 2564096	Mean reward: 16.5	 Loss: -0.07947954535484314
Step: 2572288	Mean reward: 14.84375	 Loss: 0.0677911788225174
Step: 2580480	Mean reward: 15.65625	 Loss: -0.10461243242025375
Step: 2588672	Mean reward: 15.78125	 Loss: -0.03464345633983612
Step: 2596864	Mean reward: 14.71875	 Loss: -0.06791351735591888
Step: 2605056	Mean reward: 15.40625	 Loss: -0.046365004032850266
Step: 2613248	Mean reward: 14.84375	 Loss: 0.036946188658475876
Step: 2621440	Mean reward: 15.09375	 Loss: 0.0024886354804039
Step: 2629632	Mean reward: 15.59375	 Loss: -0.06222143769264221
Step: 2637824	Mean reward: 16.5	 Loss: -0.04914512485265732
Step: 2646016	Mean reward: 14.5	 Loss: -0.06811544299125671
Step: 2654208	Mean reward: 16.09375	 Loss: -0.04938700050115585
Step: 2662400	Mean reward: 15.5625	 Loss: -0.12678217887878418
Step: 2670592	Mean reward: 16.5	 Loss: 0.02161889337003231
Step: 2678784	Mean reward: 16.0625	 Loss: -0.04412873089313507
Step: 2686976	Mean reward: 15.6875	 Loss: -0.10344795137643814
Step: 2695168	Mean reward: 16.0625	 Loss: -0.03989575803279877
Step: 2703360	Mean reward: 14.34375	 Loss: -0.10827042162418365
Step: 2711552	Mean reward: 16.4375	 Loss: -0.017034679651260376
Step: 2719744	Mean reward: 16.6875	 Loss: -0.05998775362968445
Step: 2727936	Mean reward: 16.25	 Loss: -0.050796475261449814
Step: 2736128	Mean reward: 18.1875	 Loss: -0.029314614832401276
Step: 2744320	Mean reward: 15.46875	 Loss: -0.03247712552547455
Step: 2752512	Mean reward: 17.96875	 Loss: -0.015797387808561325
Step: 2760704	Mean reward: 16.46875	 Loss: -0.10190556198358536
Step: 2768896	Mean reward: 16.03125	 Loss: -0.004572245292365551
Step: 2777088	Mean reward: 14.59375	 Loss: -0.0011791642755270004
Step: 2785280	Mean reward: 18.90625	 Loss: -0.033202074468135834
Step: 2793472	Mean reward: 15.9375	 Loss: -0.05752965435385704
Step: 2801664	Mean reward: 16.65625	 Loss: -0.11028096824884415
Step: 2809856	Mean reward: 16.78125	 Loss: -0.13943301141262054
Step: 2818048	Mean reward: 16.90625	 Loss: -0.09902409464120865
Step: 2826240	Mean reward: 15.875	 Loss: -0.03615586832165718
Step: 2834432	Mean reward: 17.25	 Loss: -0.08159937709569931
Step: 2842624	Mean reward: 16.71875	 Loss: -0.025865279138088226
Step: 2850816	Mean reward: 15.78125	 Loss: -0.03733758628368378
Step: 2859008	Mean reward: 16.0	 Loss: -0.03598496690392494
Step: 2867200	Mean reward: 15.28125	 Loss: -0.02022986114025116
Step: 2875392	Mean reward: 18.0	 Loss: -0.02793075516819954
Step: 2883584	Mean reward: 17.375	 Loss: -0.037600353360176086
Step: 2891776	Mean reward: 16.8125	 Loss: -0.03504751995205879
Step: 2899968	Mean reward: 16.375	 Loss: 0.005353565327823162
Step: 2908160	Mean reward: 15.46875	 Loss: -0.03404981270432472
Step: 2916352	Mean reward: 15.15625	 Loss: -0.04572240635752678
Step: 2924544	Mean reward: 16.34375	 Loss: -0.04216479882597923
Step: 2932736	Mean reward: 16.625	 Loss: -0.037792056798934937
Step: 2940928	Mean reward: 16.0	 Loss: 0.048230305314064026
Step: 2949120	Mean reward: 16.46875	 Loss: -0.008922474458813667
Step: 2957312	Mean reward: 15.90625	 Loss: -0.05029626935720444
Step: 2965504	Mean reward: 16.375	 Loss: -0.08945738524198532
Step: 2973696	Mean reward: 16.625	 Loss: -0.08971492946147919
Step: 2981888	Mean reward: 14.75	 Loss: -0.08722341060638428
Step: 2990080	Mean reward: 16.875	 Loss: -0.11160263419151306
Step: 2998272	Mean reward: 17.0	 Loss: -0.030875984579324722
Step: 3006464	Mean reward: 17.40625	 Loss: -0.031779684126377106
Step: 3014656	Mean reward: 18.59375	 Loss: -0.07655295729637146
Step: 3022848	Mean reward: 16.1875	 Loss: -0.09668061882257462
Step: 3031040	Mean reward: 16.84375	 Loss: -0.15169484913349152
Step: 3039232	Mean reward: 17.09375	 Loss: -0.06869937479496002
Step: 3047424	Mean reward: 17.125	 Loss: 0.04792235791683197
Step: 3055616	Mean reward: 14.3125	 Loss: -0.12530113756656647
Step: 3063808	Mean reward: 18.15625	 Loss: -0.07747448235750198
Step: 3072000	Mean reward: 16.65625	 Loss: -0.0635184645652771
Step: 3080192	Mean reward: 16.1875	 Loss: -0.07841888070106506
Step: 3088384	Mean reward: 18.34375	 Loss: -0.0013173939660191536
Step: 3096576	Mean reward: 17.9375	 Loss: -0.014306402765214443
Step: 3104768	Mean reward: 17.21875	 Loss: -0.021098444238305092
Step: 3112960	Mean reward: 16.9375	 Loss: -0.06195187568664551
Step: 3121152	Mean reward: 17.25	 Loss: -0.020770836621522903
Step: 3129344	Mean reward: 18.09375	 Loss: -0.07228285819292068
Step: 3137536	Mean reward: 18.25	 Loss: -0.013092043809592724
Step: 3145728	Mean reward: 17.59375	 Loss: -0.007507646456360817
Step: 3153920	Mean reward: 15.4375	 Loss: -0.04332217946648598
Step: 3162112	Mean reward: 17.6875	 Loss: -0.04169606789946556
Step: 3170304	Mean reward: 16.65625	 Loss: -0.06330565363168716
Step: 3178496	Mean reward: 17.28125	 Loss: -0.06035127863287926
Step: 3186688	Mean reward: 17.125	 Loss: 0.003826119937002659
Step: 3194880	Mean reward: 16.6875	 Loss: -0.12149462848901749
Step: 3203072	Mean reward: 17.75	 Loss: -0.04559807479381561
Step: 3211264	Mean reward: 16.78125	 Loss: -0.03571143001317978
Step: 3219456	Mean reward: 17.40625	 Loss: -0.07504820823669434
Step: 3227648	Mean reward: 18.65625	 Loss: -0.0637403130531311
Step: 3235840	Mean reward: 15.3125	 Loss: -0.024537673220038414
Step: 3244032	Mean reward: 17.1875	 Loss: 0.03152332082390785
Step: 3252224	Mean reward: 17.65625	 Loss: -0.05797529220581055
Step: 3260416	Mean reward: 18.59375	 Loss: 0.00449715368449688
Step: 3268608	Mean reward: 17.09375	 Loss: -0.024709967896342278
Step: 3276800	Mean reward: 18.40625	 Loss: -0.08885085582733154
Step: 3284992	Mean reward: 17.34375	 Loss: -0.07799452543258667
Step: 3293184	Mean reward: 18.5625	 Loss: 0.00973772443830967
Step: 3301376	Mean reward: 18.15625	 Loss: -0.003629893995821476
Step: 3309568	Mean reward: 16.84375	 Loss: -0.025032460689544678
Step: 3317760	Mean reward: 16.28125	 Loss: -0.12745603919029236
Step: 3325952	Mean reward: 18.84375	 Loss: -0.020095016807317734
Step: 3334144	Mean reward: 17.65625	 Loss: -0.07528412342071533
Step: 3342336	Mean reward: 17.15625	 Loss: -0.0394713468849659
Step: 3350528	Mean reward: 18.15625	 Loss: -0.09684279561042786
Step: 3358720	Mean reward: 17.875	 Loss: -0.008907419629395008
Step: 3366912	Mean reward: 17.53125	 Loss: -0.09921824187040329
Step: 3375104	Mean reward: 17.84375	 Loss: -0.05516362935304642
Step: 3383296	Mean reward: 17.96875	 Loss: -0.002956872805953026
Step: 3391488	Mean reward: 18.03125	 Loss: -0.038638919591903687
Step: 3399680	Mean reward: 18.375	 Loss: 0.004619540646672249
Step: 3407872	Mean reward: 20.3125	 Loss: -0.03415900096297264
Step: 3416064	Mean reward: 17.40625	 Loss: -0.01715153269469738
Step: 3424256	Mean reward: 17.125	 Loss: -0.10312547534704208
Step: 3432448	Mean reward: 17.78125	 Loss: -0.018481187522411346
Step: 3440640	Mean reward: 17.34375	 Loss: -0.02074224315583706
Step: 3448832	Mean reward: 16.59375	 Loss: -0.05532336235046387
Step: 3457024	Mean reward: 17.96875	 Loss: -0.024664102122187614
Step: 3465216	Mean reward: 18.03125	 Loss: -0.12691698968410492
Step: 3473408	Mean reward: 19.0	 Loss: -0.029300492256879807
Step: 3481600	Mean reward: 16.46875	 Loss: -0.09210861474275589
Step: 3489792	Mean reward: 17.625	 Loss: -0.07898665964603424
Step: 3497984	Mean reward: 17.0625	 Loss: 0.0062868716195225716
Step: 3506176	Mean reward: 17.1875	 Loss: -0.052896011620759964
Step: 3514368	Mean reward: 18.90625	 Loss: -0.05378858745098114
Step: 3522560	Mean reward: 18.5	 Loss: -0.009902012534439564
Step: 3530752	Mean reward: 17.6875	 Loss: -0.14407025277614594
Step: 3538944	Mean reward: 17.9375	 Loss: -0.03376689553260803
Step: 3547136	Mean reward: 19.4375	 Loss: -0.09389735013246536
Step: 3555328	Mean reward: 19.125	 Loss: -0.04089432209730148
Step: 3563520	Mean reward: 17.28125	 Loss: -0.10558254271745682
Step: 3571712	Mean reward: 19.0	 Loss: -0.03472386300563812
Step: 3579904	Mean reward: 19.34375	 Loss: -0.05915273725986481
Step: 3588096	Mean reward: 20.0625	 Loss: -0.09880301356315613
Step: 3596288	Mean reward: 15.90625	 Loss: -0.03216896578669548
Step: 3604480	Mean reward: 19.96875	 Loss: -0.12801024317741394
Step: 3612672	Mean reward: 17.71875	 Loss: -0.0037259384989738464
Step: 3620864	Mean reward: 18.375	 Loss: -0.07071676105260849
Step: 3629056	Mean reward: 18.28125	 Loss: -0.08385510742664337
Step: 3637248	Mean reward: 17.46875	 Loss: -0.10977070033550262
Step: 3645440	Mean reward: 16.5	 Loss: -0.06083935499191284
Step: 3653632	Mean reward: 18.125	 Loss: -0.02221589908003807
Step: 3661824	Mean reward: 18.53125	 Loss: -0.03688078001141548
Step: 3670016	Mean reward: 17.21875	 Loss: -0.04838590323925018
Step: 3678208	Mean reward: 16.125	 Loss: -0.13857854902744293
Step: 3686400	Mean reward: 17.5625	 Loss: 0.024398459121584892
Step: 3694592	Mean reward: 19.875	 Loss: -0.07906290888786316
Step: 3702784	Mean reward: 18.8125	 Loss: -0.07393478602170944
Step: 3710976	Mean reward: 17.09375	 Loss: -0.07800144702196121
Step: 3719168	Mean reward: 18.25	 Loss: -0.024030793458223343
Step: 3727360	Mean reward: 18.34375	 Loss: 0.007826602086424828
Step: 3735552	Mean reward: 19.46875	 Loss: -0.08196314424276352
Step: 3743744	Mean reward: 17.59375	 Loss: 0.0915304645895958
Step: 3751936	Mean reward: 17.84375	 Loss: -0.13363873958587646
Step: 3760128	Mean reward: 18.25	 Loss: -0.13834896683692932
Step: 3768320	Mean reward: 18.53125	 Loss: -0.01858646795153618
Step: 3776512	Mean reward: 18.78125	 Loss: -0.02287903241813183
Step: 3784704	Mean reward: 18.71875	 Loss: 0.01738780550658703
Step: 3792896	Mean reward: 19.15625	 Loss: -0.03999438136816025
Step: 3801088	Mean reward: 19.53125	 Loss: -0.0032187746837735176
Step: 3809280	Mean reward: 18.875	 Loss: -0.0834265872836113
Step: 3817472	Mean reward: 19.25	 Loss: -0.05611144378781319
Step: 3825664	Mean reward: 19.25	 Loss: -0.05038241669535637
Step: 3833856	Mean reward: 17.71875	 Loss: 0.044322602450847626
Step: 3842048	Mean reward: 19.6875	 Loss: -0.12114295363426208
Step: 3850240	Mean reward: 19.96875	 Loss: -0.06635688990354538
Step: 3858432	Mean reward: 19.78125	 Loss: -0.0617704838514328
Step: 3866624	Mean reward: 20.40625	 Loss: -0.020885173231363297
Step: 3874816	Mean reward: 19.25	 Loss: -0.051332976669073105
Step: 3883008	Mean reward: 20.3125	 Loss: -0.06703824549913406
Step: 3891200	Mean reward: 19.78125	 Loss: -0.10085871070623398
Step: 3899392	Mean reward: 19.3125	 Loss: -0.09165571630001068
Step: 3907584	Mean reward: 18.28125	 Loss: -0.013601811602711678
Step: 3915776	Mean reward: 18.65625	 Loss: -0.009239397011697292
Step: 3923968	Mean reward: 18.53125	 Loss: -0.05268406867980957
Step: 3932160	Mean reward: 19.875	 Loss: -0.011502601206302643
Step: 3940352	Mean reward: 17.53125	 Loss: -0.01957288198173046
Step: 3948544	Mean reward: 20.34375	 Loss: 0.013672943226993084
Step: 3956736	Mean reward: 19.21875	 Loss: -0.023497985675930977
Step: 3964928	Mean reward: 18.125	 Loss: -0.03745479881763458
Step: 3973120	Mean reward: 18.9375	 Loss: 0.0006527360528707504
Step: 3981312	Mean reward: 18.03125	 Loss: -0.06297635287046432
Step: 3989504	Mean reward: 18.25	 Loss: -0.09049705415964127
Step: 3997696	Mean reward: 18.59375	 Loss: -0.017742611467838287
Step: 4005888	Mean reward: 18.9375	 Loss: -0.0400538444519043
Completed training at 2021-12-05 22:18:00
Observation space: Box([[[0. 0. 0. ... 0. 0. 0.]
  [0. 0. 0. ... 0. 0. 0.]
  [0. 0. 0. ... 0. 0. 0.]
  ...
  [0. 0. 0. ... 0. 0. 0.]
  [0. 0. 0. ... 0. 0. 0.]
  [0. 0. 0. ... 0. 0. 0.]]

 [[0. 0. 0. ... 0. 0. 0.]
  [0. 0. 0. ... 0. 0. 0.]
  [0. 0. 0. ... 0. 0. 0.]
  ...
  [0. 0. 0. ... 0. 0. 0.]
  [0. 0. 0. ... 0. 0. 0.]
  [0. 0. 0. ... 0. 0. 0.]]

 [[0. 0. 0. ... 0. 0. 0.]
  [0. 0. 0. ... 0. 0. 0.]
  [0. 0. 0. ... 0. 0. 0.]
  ...
  [0. 0. 0. ... 0. 0. 0.]
  [0. 0. 0. ... 0. 0. 0.]
  [0. 0. 0. ... 0. 0. 0.]]], [[[1. 1. 1. ... 1. 1. 1.]
  [1. 1. 1. ... 1. 1. 1.]
  [1. 1. 1. ... 1. 1. 1.]
  ...
  [1. 1. 1. ... 1. 1. 1.]
  [1. 1. 1. ... 1. 1. 1.]
  [1. 1. 1. ... 1. 1. 1.]]

 [[1. 1. 1. ... 1. 1. 1.]
  [1. 1. 1. ... 1. 1. 1.]
  [1. 1. 1. ... 1. 1. 1.]
  ...
  [1. 1. 1. ... 1. 1. 1.]
  [1. 1. 1. ... 1. 1. 1.]
  [1. 1. 1. ... 1. 1. 1.]]

 [[1. 1. 1. ... 1. 1. 1.]
  [1. 1. 1. ... 1. 1. 1.]
  [1. 1. 1. ... 1. 1. 1.]
  ...
  [1. 1. 1. ... 1. 1. 1.]
  [1. 1. 1. ... 1. 1. 1.]
  [1. 1. 1. ... 1. 1. 1.]]], (3, 64, 64), float32)
Action space: 15
Step: 8192	Mean reward: 4.3125	 Loss: 0.5368306636810303
Step: 16384	Mean reward: 5.0	 Loss: 0.1180441603064537
Step: 24576	Mean reward: 5.6875	 Loss: 0.04904904216527939
Step: 32768	Mean reward: 6.71875	 Loss: -0.004028527066111565
Step: 40960	Mean reward: 7.125	 Loss: 0.12934769690036774
Step: 49152	Mean reward: 7.78125	 Loss: 0.005976323038339615
Step: 57344	Mean reward: 7.53125	 Loss: 0.12218736112117767
Step: 65536	Mean reward: 9.0	 Loss: 0.03182792663574219
Step: 73728	Mean reward: 8.15625	 Loss: 0.016934841871261597
Step: 81920	Mean reward: 9.875	 Loss: -0.005379462614655495
Step: 90112	Mean reward: 9.78125	 Loss: 0.014726262539625168
Step: 98304	Mean reward: 12.0	 Loss: 0.0013822782784700394
Step: 106496	Mean reward: 11.5	 Loss: 0.07564777880907059
Step: 114688	Mean reward: 12.09375	 Loss: 0.009641474112868309
Step: 122880	Mean reward: 11.84375	 Loss: -0.005499979481101036
Step: 131072	Mean reward: 12.6875	 Loss: 0.06673075258731842
Step: 139264	Mean reward: 14.15625	 Loss: -0.03167249262332916
Step: 147456	Mean reward: 14.0625	 Loss: 0.03436258062720299
Step: 155648	Mean reward: 13.96875	 Loss: -0.10403335094451904
Step: 163840	Mean reward: 14.4375	 Loss: -0.056452423334121704
Step: 172032	Mean reward: 14.0625	 Loss: -0.08704927563667297
Step: 180224	Mean reward: 15.59375	 Loss: -0.010962611064314842
Step: 188416	Mean reward: 15.65625	 Loss: -0.010804975405335426
Step: 196608	Mean reward: 14.15625	 Loss: -0.02391110360622406
Step: 204800	Mean reward: 14.46875	 Loss: -0.09106549620628357
Step: 212992	Mean reward: 13.78125	 Loss: -0.03935691714286804
Step: 221184	Mean reward: 13.0	 Loss: -0.12027668952941895
Step: 229376	Mean reward: 14.90625	 Loss: -0.05920547619462013
Step: 237568	Mean reward: 15.25	 Loss: -0.09424044191837311
Step: 245760	Mean reward: 15.21875	 Loss: -0.11306675523519516
Step: 253952	Mean reward: 13.84375	 Loss: -0.06401998549699783
Step: 262144	Mean reward: 14.75	 Loss: -0.11089432239532471
Step: 270336	Mean reward: 14.53125	 Loss: -0.10024452954530716
Step: 278528	Mean reward: 12.6875	 Loss: -0.05712321400642395
Step: 286720	Mean reward: 13.59375	 Loss: -0.14607548713684082
Step: 294912	Mean reward: 15.1875	 Loss: -0.13538071513175964
Step: 303104	Mean reward: 16.96875	 Loss: -0.10068760812282562
Step: 311296	Mean reward: 14.53125	 Loss: -0.045575160533189774
Step: 319488	Mean reward: 15.90625	 Loss: -0.06203000247478485
Step: 327680	Mean reward: 15.84375	 Loss: -0.0338742733001709
Step: 335872	Mean reward: 16.25	 Loss: -0.037333935499191284
Step: 344064	Mean reward: 16.78125	 Loss: -0.06071095168590546
Step: 352256	Mean reward: 15.125	 Loss: -0.11406170576810837
Step: 360448	Mean reward: 17.0625	 Loss: -0.11282665282487869
Step: 368640	Mean reward: 15.90625	 Loss: -0.13651467859745026
Step: 376832	Mean reward: 15.84375	 Loss: -0.09370487183332443
Step: 385024	Mean reward: 14.75	 Loss: -0.073830746114254
Step: 393216	Mean reward: 16.40625	 Loss: -0.054546333849430084
Step: 401408	Mean reward: 17.0625	 Loss: -0.08495143800973892
Step: 409600	Mean reward: 15.25	 Loss: -0.09938134253025055
Step: 417792	Mean reward: 16.78125	 Loss: -0.1687597632408142
Step: 425984	Mean reward: 16.34375	 Loss: -0.10876345634460449
Step: 434176	Mean reward: 16.6875	 Loss: -0.06900971382856369
Step: 442368	Mean reward: 17.3125	 Loss: -0.0605720654129982
Step: 450560	Mean reward: 16.9375	 Loss: -0.05717208981513977
Step: 458752	Mean reward: 19.34375	 Loss: -0.08365822583436966
Step: 466944	Mean reward: 16.15625	 Loss: -0.08486969023942947
Step: 475136	Mean reward: 17.375	 Loss: -0.11115712672472
Step: 483328	Mean reward: 17.15625	 Loss: 0.010420475155115128
Step: 491520	Mean reward: 16.125	 Loss: -0.10324302315711975
Step: 499712	Mean reward: 18.03125	 Loss: -0.036589257419109344
Step: 507904	Mean reward: 17.125	 Loss: -0.07685332745313644
Step: 516096	Mean reward: 18.625	 Loss: -0.03710147365927696
Step: 524288	Mean reward: 17.0625	 Loss: -0.06099054962396622
Step: 532480	Mean reward: 17.21875	 Loss: -0.011599278077483177
Step: 540672	Mean reward: 17.90625	 Loss: -0.04013047367334366
Step: 548864	Mean reward: 18.53125	 Loss: -0.10575566440820694
Step: 557056	Mean reward: 17.21875	 Loss: -0.11040589958429337
Step: 565248	Mean reward: 17.8125	 Loss: -0.05853603407740593
Step: 573440	Mean reward: 18.03125	 Loss: -0.07540512084960938
Step: 581632	Mean reward: 17.1875	 Loss: -0.06929507106542587
Step: 589824	Mean reward: 18.625	 Loss: -0.0516098253428936
Step: 598016	Mean reward: 19.40625	 Loss: -0.08797731250524521
Step: 606208	Mean reward: 19.5625	 Loss: 0.007076955400407314
Step: 614400	Mean reward: 18.5625	 Loss: -0.046028152108192444
Step: 622592	Mean reward: 17.65625	 Loss: -0.024450019001960754
Step: 630784	Mean reward: 18.875	 Loss: -0.04838527739048004
Step: 638976	Mean reward: 17.875	 Loss: 0.031156018376350403
Step: 647168	Mean reward: 18.96875	 Loss: -0.055511027574539185
Step: 655360	Mean reward: 18.96875	 Loss: -0.1058259904384613
Step: 663552	Mean reward: 18.0625	 Loss: -0.04072493314743042
Step: 671744	Mean reward: 18.90625	 Loss: -0.11646080017089844
Step: 679936	Mean reward: 18.125	 Loss: -0.08219464868307114
Step: 688128	Mean reward: 17.625	 Loss: -0.08949707448482513
Step: 696320	Mean reward: 18.3125	 Loss: -0.08186972141265869
Step: 704512	Mean reward: 17.125	 Loss: -0.005430251359939575
Step: 712704	Mean reward: 17.5625	 Loss: -0.07470107823610306
Step: 720896	Mean reward: 18.375	 Loss: -0.03626213222742081
Step: 729088	Mean reward: 17.75	 Loss: -0.06079143285751343
Step: 737280	Mean reward: 19.0	 Loss: -0.09504871815443039
Step: 745472	Mean reward: 18.96875	 Loss: -0.0650162324309349
Step: 753664	Mean reward: 16.5625	 Loss: -0.11318203806877136
Step: 761856	Mean reward: 17.6875	 Loss: -0.12667278945446014
Step: 770048	Mean reward: 18.3125	 Loss: -0.08587305247783661
Step: 778240	Mean reward: 17.21875	 Loss: -0.03956928476691246
Step: 786432	Mean reward: 18.28125	 Loss: -0.02484907954931259
Step: 794624	Mean reward: 17.59375	 Loss: 0.00753414910286665
Step: 802816	Mean reward: 18.75	 Loss: -0.037451911717653275
Step: 811008	Mean reward: 18.71875	 Loss: -0.10725599527359009
Step: 819200	Mean reward: 19.8125	 Loss: -0.0945252999663353
Step: 827392	Mean reward: 17.90625	 Loss: -0.017733192071318626
Step: 835584	Mean reward: 17.75	 Loss: -0.07025473564863205
Step: 843776	Mean reward: 19.5625	 Loss: -0.055173374712467194
Step: 851968	Mean reward: 17.59375	 Loss: -0.09499192982912064
Step: 860160	Mean reward: 19.28125	 Loss: -0.016381215304136276
Step: 868352	Mean reward: 18.59375	 Loss: -0.11028459668159485
Step: 876544	Mean reward: 19.15625	 Loss: -0.07430139183998108
Step: 884736	Mean reward: 17.75	 Loss: -0.007482575252652168
Step: 892928	Mean reward: 18.75	 Loss: -0.149781733751297
Step: 901120	Mean reward: 17.96875	 Loss: -0.02720114216208458
Step: 909312	Mean reward: 17.0	 Loss: -0.012039624154567719
Step: 917504	Mean reward: 17.625	 Loss: -0.08107829093933105
Step: 925696	Mean reward: 17.71875	 Loss: -0.08911655843257904
Step: 933888	Mean reward: 17.0625	 Loss: -0.10835070163011551
Step: 942080	Mean reward: 18.25	 Loss: -0.09304725378751755
Step: 950272	Mean reward: 18.90625	 Loss: 0.03352419659495354
Step: 958464	Mean reward: 19.25	 Loss: 0.045448701828718185
Step: 966656	Mean reward: 17.59375	 Loss: 0.01610562764108181
Step: 974848	Mean reward: 17.9375	 Loss: -0.04872540012001991
Step: 983040	Mean reward: 19.25	 Loss: -0.07344533503055573
Step: 991232	Mean reward: 19.03125	 Loss: -0.06800191104412079
Step: 999424	Mean reward: 17.25	 Loss: -0.022893991321325302
Step: 1007616	Mean reward: 18.59375	 Loss: -0.10537169873714447
Step: 1015808	Mean reward: 18.0625	 Loss: -0.1527900993824005
Step: 1024000	Mean reward: 18.5625	 Loss: -0.09799621999263763
Step: 1032192	Mean reward: 18.78125	 Loss: -0.056878525763750076
Step: 1040384	Mean reward: 18.28125	 Loss: -0.05446650832891464
Step: 1048576	Mean reward: 17.34375	 Loss: -0.032582178711891174
Step: 1056768	Mean reward: 18.21875	 Loss: -0.06801457703113556
Step: 1064960	Mean reward: 18.28125	 Loss: -0.09707620739936829
Step: 1073152	Mean reward: 19.4375	 Loss: -0.11321767419576645
Step: 1081344	Mean reward: 16.625	 Loss: -0.020896481350064278
Step: 1089536	Mean reward: 18.3125	 Loss: -0.015275481157004833
Step: 1097728	Mean reward: 19.9375	 Loss: -0.06284770369529724
Step: 1105920	Mean reward: 18.59375	 Loss: -0.0639626607298851
Step: 1114112	Mean reward: 17.59375	 Loss: -0.11007147282361984
Step: 1122304	Mean reward: 18.84375	 Loss: -0.06840763986110687
Step: 1130496	Mean reward: 19.21875	 Loss: -0.0770636647939682
Step: 1138688	Mean reward: 17.75	 Loss: -0.1005471870303154
Step: 1146880	Mean reward: 19.125	 Loss: -0.025220002979040146
Step: 1155072	Mean reward: 18.90625	 Loss: -0.08744913339614868
Step: 1163264	Mean reward: 19.875	 Loss: -0.0765649601817131
Step: 1171456	Mean reward: 19.46875	 Loss: 0.005014088936150074
Step: 1179648	Mean reward: 18.78125	 Loss: -0.022375918924808502
Step: 1187840	Mean reward: 18.78125	 Loss: -0.09146003425121307
Step: 1196032	Mean reward: 19.71875	 Loss: -0.1971723735332489
Step: 1204224	Mean reward: 18.5	 Loss: 0.03221742808818817
Step: 1212416	Mean reward: 17.46875	 Loss: -0.038178253918886185
Step: 1220608	Mean reward: 18.0625	 Loss: -0.04831251874566078
Step: 1228800	Mean reward: 18.75	 Loss: -0.08671021461486816
Step: 1236992	Mean reward: 20.5	 Loss: -0.02197069302201271
Step: 1245184	Mean reward: 17.90625	 Loss: 0.0065256888046860695
Step: 1253376	Mean reward: 18.1875	 Loss: -0.006929080933332443
Step: 1261568	Mean reward: 17.46875	 Loss: -0.11912370473146439
Step: 1269760	Mean reward: 18.78125	 Loss: -0.05359123647212982
Step: 1277952	Mean reward: 19.125	 Loss: -0.019409513100981712
Step: 1286144	Mean reward: 20.5625	 Loss: 0.013998030684888363
Step: 1294336	Mean reward: 20.40625	 Loss: -0.04584505409002304
Step: 1302528	Mean reward: 19.9375	 Loss: -0.07715406268835068
Step: 1310720	Mean reward: 19.59375	 Loss: 0.005426750518381596
Step: 1318912	Mean reward: 19.34375	 Loss: -0.1043117493391037
Step: 1327104	Mean reward: 20.15625	 Loss: -0.06431197375059128
Step: 1335296	Mean reward: 19.0	 Loss: -0.08448302000761032
Step: 1343488	Mean reward: 19.625	 Loss: -0.11621798574924469
Step: 1351680	Mean reward: 19.40625	 Loss: 0.0028265612199902534
Step: 1359872	Mean reward: 20.15625	 Loss: -0.049355629831552505
Step: 1368064	Mean reward: 20.125	 Loss: -0.03915569558739662
Step: 1376256	Mean reward: 19.75	 Loss: -0.07382818311452866
Step: 1384448	Mean reward: 18.21875	 Loss: -0.06345438957214355
Step: 1392640	Mean reward: 19.78125	 Loss: -0.040797553956508636
Step: 1400832	Mean reward: 18.40625	 Loss: -0.08904576301574707
Step: 1409024	Mean reward: 18.65625	 Loss: -0.09240598976612091
Step: 1417216	Mean reward: 19.34375	 Loss: -0.06751532107591629
Step: 1425408	Mean reward: 20.84375	 Loss: 0.017536155879497528
Step: 1433600	Mean reward: 18.6875	 Loss: -0.022842589765787125
Step: 1441792	Mean reward: 18.96875	 Loss: -0.1087828278541565
Step: 1449984	Mean reward: 18.71875	 Loss: -0.03130161389708519
Step: 1458176	Mean reward: 18.0625	 Loss: -0.04630574584007263
Step: 1466368	Mean reward: 19.375	 Loss: -0.04318675398826599
Step: 1474560	Mean reward: 19.90625	 Loss: -0.01732855662703514
Step: 1482752	Mean reward: 18.375	 Loss: -0.12356501817703247
Step: 1490944	Mean reward: 19.25	 Loss: -0.022986911237239838
Step: 1499136	Mean reward: 20.9375	 Loss: -0.08227822184562683
Step: 1507328	Mean reward: 19.71875	 Loss: -0.04811582714319229
Step: 1515520	Mean reward: 20.0	 Loss: 0.02660650759935379
Step: 1523712	Mean reward: 20.21875	 Loss: -0.052918318659067154
Step: 1531904	Mean reward: 21.03125	 Loss: -0.038219623267650604
Step: 1540096	Mean reward: 19.6875	 Loss: -0.04065313562750816
Step: 1548288	Mean reward: 19.5	 Loss: -0.06970741599798203
Step: 1556480	Mean reward: 21.46875	 Loss: -0.03941134735941887
Step: 1564672	Mean reward: 19.5	 Loss: -0.047787658870220184
Step: 1572864	Mean reward: 20.125	 Loss: -0.031225256621837616
Step: 1581056	Mean reward: 20.0	 Loss: 0.017636675387620926
Step: 1589248	Mean reward: 19.84375	 Loss: -0.03973480686545372
Step: 1597440	Mean reward: 20.46875	 Loss: -0.07169464975595474
Step: 1605632	Mean reward: 18.53125	 Loss: -0.0033731963485479355
Step: 1613824	Mean reward: 17.96875	 Loss: -0.11396010220050812
Step: 1622016	Mean reward: 20.25	 Loss: -0.048453446477651596
Step: 1630208	Mean reward: 20.28125	 Loss: -0.08839669078588486
Step: 1638400	Mean reward: 18.71875	 Loss: -0.08973965048789978
Step: 1646592	Mean reward: 19.71875	 Loss: 0.0003358367830514908
Step: 1654784	Mean reward: 19.0	 Loss: -0.053898781538009644
Step: 1662976	Mean reward: 19.9375	 Loss: -0.05675265192985535
Step: 1671168	Mean reward: 19.25	 Loss: -0.009380174800753593
Step: 1679360	Mean reward: 19.8125	 Loss: -0.10483092069625854
Step: 1687552	Mean reward: 19.71875	 Loss: -0.0791158527135849
Step: 1695744	Mean reward: 18.90625	 Loss: -0.013384439051151276
Step: 1703936	Mean reward: 19.125	 Loss: -0.06906906515359879
Step: 1712128	Mean reward: 20.78125	 Loss: 0.045538660138845444
Step: 1720320	Mean reward: 18.75	 Loss: -0.10348502546548843
Step: 1728512	Mean reward: 19.65625	 Loss: -0.06581330299377441
Step: 1736704	Mean reward: 18.8125	 Loss: -0.038169048726558685
Step: 1744896	Mean reward: 18.5625	 Loss: -0.04706476256251335
Step: 1753088	Mean reward: 19.09375	 Loss: -0.17161205410957336
Step: 1761280	Mean reward: 19.15625	 Loss: -0.0938415601849556
Step: 1769472	Mean reward: 18.4375	 Loss: 0.024166325107216835
Step: 1777664	Mean reward: 20.125	 Loss: 0.02690212056040764
Step: 1785856	Mean reward: 20.71875	 Loss: -0.07659129798412323
Step: 1794048	Mean reward: 19.40625	 Loss: -0.020668819546699524
Step: 1802240	Mean reward: 18.1875	 Loss: -0.033690959215164185
Step: 1810432	Mean reward: 19.3125	 Loss: 0.036289747804403305
Step: 1818624	Mean reward: 17.6875	 Loss: -0.06509119272232056
Step: 1826816	Mean reward: 19.78125	 Loss: -0.006584249436855316
Step: 1835008	Mean reward: 20.03125	 Loss: -0.05365200713276863
Step: 1843200	Mean reward: 18.75	 Loss: -0.059037018567323685
Step: 1851392	Mean reward: 20.15625	 Loss: -0.06989236921072006
Step: 1859584	Mean reward: 19.375	 Loss: 0.008412821218371391
Step: 1867776	Mean reward: 22.03125	 Loss: -0.08945776522159576
Step: 1875968	Mean reward: 18.875	 Loss: -0.009436586871743202
Step: 1884160	Mean reward: 20.15625	 Loss: -0.06310119479894638
Step: 1892352	Mean reward: 18.9375	 Loss: -0.017287107184529305
Step: 1900544	Mean reward: 19.84375	 Loss: -0.0709477961063385
Step: 1908736	Mean reward: 19.5	 Loss: -0.05543464422225952
Step: 1916928	Mean reward: 20.90625	 Loss: -0.025232303887605667
Step: 1925120	Mean reward: 20.15625	 Loss: 0.0036841947585344315
Step: 1933312	Mean reward: 19.90625	 Loss: 0.01377137005329132
Step: 1941504	Mean reward: 21.375	 Loss: -0.053183626383543015
Step: 1949696	Mean reward: 20.6875	 Loss: -0.042535267770290375
Step: 1957888	Mean reward: 20.78125	 Loss: -0.05565832555294037
Step: 1966080	Mean reward: 21.3125	 Loss: -0.0053339023143053055
Step: 1974272	Mean reward: 21.5625	 Loss: -0.05650705844163895
Step: 1982464	Mean reward: 20.0	 Loss: -0.07608933001756668
Step: 1990656	Mean reward: 20.5625	 Loss: 0.019989635795354843
Step: 1998848	Mean reward: 20.28125	 Loss: -0.062225423753261566
Step: 2007040	Mean reward: 22.25	 Loss: -0.07586659491062164
Step: 2015232	Mean reward: 20.03125	 Loss: -0.10083425045013428
Step: 2023424	Mean reward: 21.5	 Loss: -0.0899520069360733
Step: 2031616	Mean reward: 21.59375	 Loss: -0.04282287508249283
Step: 2039808	Mean reward: 20.28125	 Loss: -0.038114339113235474
Step: 2048000	Mean reward: 20.8125	 Loss: -0.03567393496632576
Step: 2056192	Mean reward: 19.0625	 Loss: -0.09611254185438156
Step: 2064384	Mean reward: 20.65625	 Loss: -0.007856016978621483
Step: 2072576	Mean reward: 21.34375	 Loss: -0.04005155712366104
Step: 2080768	Mean reward: 21.3125	 Loss: -0.0958755612373352
Step: 2088960	Mean reward: 20.59375	 Loss: -0.09040255844593048
Step: 2097152	Mean reward: 19.84375	 Loss: -0.03244102746248245
Step: 2105344	Mean reward: 17.90625	 Loss: 0.014851534739136696
Step: 2113536	Mean reward: 21.125	 Loss: 0.015487791039049625
Step: 2121728	Mean reward: 18.96875	 Loss: -0.07484082132577896
Step: 2129920	Mean reward: 21.78125	 Loss: -0.07545343041419983
Step: 2138112	Mean reward: 18.96875	 Loss: -0.08820848912000656
Step: 2146304	Mean reward: 18.625	 Loss: -0.03660442680120468
Step: 2154496	Mean reward: 20.40625	 Loss: -0.05142280086874962
Step: 2162688	Mean reward: 19.5	 Loss: -0.020770933479070663
Step: 2170880	Mean reward: 21.0625	 Loss: -0.021369382739067078
Step: 2179072	Mean reward: 20.4375	 Loss: -0.06955526024103165
Step: 2187264	Mean reward: 19.34375	 Loss: -0.08056043833494186
Step: 2195456	Mean reward: 19.65625	 Loss: -0.014817793853580952
Step: 2203648	Mean reward: 21.71875	 Loss: -0.0421062633395195
Step: 2211840	Mean reward: 21.5	 Loss: -0.056735560297966
Step: 2220032	Mean reward: 20.71875	 Loss: -0.055814795196056366
Step: 2228224	Mean reward: 19.78125	 Loss: -0.09852226078510284
Step: 2236416	Mean reward: 20.90625	 Loss: -0.032106101512908936
Step: 2244608	Mean reward: 20.46875	 Loss: -0.0487702414393425
Step: 2252800	Mean reward: 22.5625	 Loss: -0.002005739137530327
Step: 2260992	Mean reward: 20.4375	 Loss: 0.028291970491409302
Step: 2269184	Mean reward: 20.4375	 Loss: -0.043047964572906494
Step: 2277376	Mean reward: 20.84375	 Loss: -0.020746812224388123
Step: 2285568	Mean reward: 18.9375	 Loss: -0.059229012578725815
Step: 2293760	Mean reward: 20.4375	 Loss: -0.01746940426528454
Step: 2301952	Mean reward: 21.9375	 Loss: -0.08722229301929474
Step: 2310144	Mean reward: 20.5	 Loss: -0.020301517099142075
Step: 2318336	Mean reward: 19.78125	 Loss: -0.04737725853919983
Step: 2326528	Mean reward: 20.21875	 Loss: -0.05141451209783554
Step: 2334720	Mean reward: 21.75	 Loss: -0.04862101003527641
Step: 2342912	Mean reward: 22.09375	 Loss: -0.01867567002773285
Step: 2351104	Mean reward: 22.96875	 Loss: 0.013366762548685074
Step: 2359296	Mean reward: 18.9375	 Loss: -0.07642871886491776
Step: 2367488	Mean reward: 22.8125	 Loss: -0.0870417132973671
Step: 2375680	Mean reward: 20.90625	 Loss: -0.07365541160106659
Step: 2383872	Mean reward: 22.34375	 Loss: -0.04871649295091629
Step: 2392064	Mean reward: 19.5625	 Loss: -0.10865399986505508
Step: 2400256	Mean reward: 21.40625	 Loss: -0.0702458843588829
Step: 2408448	Mean reward: 20.65625	 Loss: -0.06645593047142029
Step: 2416640	Mean reward: 19.5625	 Loss: -0.015282445587217808
Step: 2424832	Mean reward: 20.5	 Loss: 0.060110509395599365
Step: 2433024	Mean reward: 20.21875	 Loss: -0.14366096258163452
Step: 2441216	Mean reward: 21.125	 Loss: 0.02215489372611046
Step: 2449408	Mean reward: 21.71875	 Loss: -0.08174043893814087
Step: 2457600	Mean reward: 20.34375	 Loss: -0.050619229674339294
Step: 2465792	Mean reward: 20.625	 Loss: 0.012099233455955982
Step: 2473984	Mean reward: 21.53125	 Loss: -0.07375259697437286
Step: 2482176	Mean reward: 20.25	 Loss: -0.05963340401649475
Step: 2490368	Mean reward: 20.34375	 Loss: -0.09125494956970215
Step: 2498560	Mean reward: 22.125	 Loss: -0.05305258184671402
Step: 2506752	Mean reward: 20.09375	 Loss: -0.1274382770061493
Step: 2514944	Mean reward: 19.09375	 Loss: -0.08040709048509598
Step: 2523136	Mean reward: 20.8125	 Loss: -0.0833912193775177
Step: 2531328	Mean reward: 21.1875	 Loss: 0.009769127704203129
Step: 2539520	Mean reward: 19.71875	 Loss: -0.04169416055083275
Step: 2547712	Mean reward: 20.78125	 Loss: -0.06153487786650658
Step: 2555904	Mean reward: 19.34375	 Loss: -0.03884328901767731
Step: 2564096	Mean reward: 20.875	 Loss: -0.09100078791379929
Step: 2572288	Mean reward: 22.34375	 Loss: -0.07612984627485275
Step: 2580480	Mean reward: 22.59375	 Loss: -0.08635953068733215
Step: 2588672	Mean reward: 21.15625	 Loss: -0.0719960406422615
Step: 2596864	Mean reward: 21.28125	 Loss: -0.04575971141457558
Step: 2605056	Mean reward: 20.53125	 Loss: -0.09845582395792007
Step: 2613248	Mean reward: 21.53125	 Loss: -0.1019802987575531
Step: 2621440	Mean reward: 18.84375	 Loss: -0.016554199159145355
Step: 2629632	Mean reward: 20.8125	 Loss: 8.799135684967041e-06
Step: 2637824	Mean reward: 21.75	 Loss: -0.05990317091345787
Step: 2646016	Mean reward: 21.5	 Loss: -0.10842467099428177
Step: 2654208	Mean reward: 20.6875	 Loss: -0.0616111159324646
Step: 2662400	Mean reward: 22.5	 Loss: -0.08499569445848465
Step: 2670592	Mean reward: 21.1875	 Loss: -0.019657177850604057
Step: 2678784	Mean reward: 21.75	 Loss: -0.08177462220191956
Step: 2686976	Mean reward: 21.625	 Loss: -0.027151737362146378
Step: 2695168	Mean reward: 20.21875	 Loss: -0.09224233031272888
Step: 2703360	Mean reward: 22.28125	 Loss: 0.010162499733269215
Step: 2711552	Mean reward: 20.53125	 Loss: -0.0788399875164032
Step: 2719744	Mean reward: 21.0625	 Loss: -0.037407711148262024
Step: 2727936	Mean reward: 19.34375	 Loss: -0.02954738959670067
Step: 2736128	Mean reward: 19.15625	 Loss: -0.09654748439788818
Step: 2744320	Mean reward: 21.28125	 Loss: -0.03476729243993759
Step: 2752512	Mean reward: 20.03125	 Loss: 0.009417589753866196
Step: 2760704	Mean reward: 21.9375	 Loss: -0.0598614476621151
Step: 2768896	Mean reward: 19.5625	 Loss: -0.07429739087820053
Step: 2777088	Mean reward: 20.90625	 Loss: -0.02972567453980446
Step: 2785280	Mean reward: 21.71875	 Loss: -0.04513714835047722
Step: 2793472	Mean reward: 21.625	 Loss: -0.055355239659547806
Step: 2801664	Mean reward: 21.5	 Loss: -0.042539484798908234
Step: 2809856	Mean reward: 20.21875	 Loss: -0.05454149842262268
Step: 2818048	Mean reward: 21.0625	 Loss: -0.02766578644514084
Step: 2826240	Mean reward: 21.9375	 Loss: -0.04795464128255844
Step: 2834432	Mean reward: 22.03125	 Loss: -0.03484972193837166
Step: 2842624	Mean reward: 22.34375	 Loss: -0.08285172283649445
Step: 2850816	Mean reward: 20.46875	 Loss: -0.0010446636006236076
Step: 2859008	Mean reward: 20.375	 Loss: 0.030442437157034874
Step: 2867200	Mean reward: 19.5625	 Loss: 0.01206608023494482
Step: 2875392	Mean reward: 20.65625	 Loss: -0.0743350237607956
Step: 2883584	Mean reward: 19.75	 Loss: -0.06478472799062729
Step: 2891776	Mean reward: 21.65625	 Loss: -0.026295777410268784
Step: 2899968	Mean reward: 20.28125	 Loss: -0.049530863761901855
Step: 2908160	Mean reward: 21.78125	 Loss: -0.16240428388118744
Step: 2916352	Mean reward: 21.65625	 Loss: -0.08587990701198578
Step: 2924544	Mean reward: 21.59375	 Loss: -0.08680123090744019
Step: 2932736	Mean reward: 21.625	 Loss: -0.054412901401519775
Step: 2940928	Mean reward: 21.53125	 Loss: -0.05502069741487503
Step: 2949120	Mean reward: 22.25	 Loss: 0.01285847369581461
Step: 2957312	Mean reward: 20.21875	 Loss: -0.1053527370095253
Step: 2965504	Mean reward: 21.21875	 Loss: -0.0896873027086258
Step: 2973696	Mean reward: 22.84375	 Loss: -0.06950310617685318
Step: 2981888	Mean reward: 20.46875	 Loss: -0.04706163704395294
Step: 2990080	Mean reward: 21.6875	 Loss: -0.04743320494890213
Step: 2998272	Mean reward: 20.9375	 Loss: -0.07909238338470459
Step: 3006464	Mean reward: 20.96875	 Loss: -0.0507638081908226
Step: 3014656	Mean reward: 21.125	 Loss: -0.08360832929611206
Step: 3022848	Mean reward: 19.8125	 Loss: -0.06842991709709167
Step: 3031040	Mean reward: 21.84375	 Loss: -0.047214243561029434
Step: 3039232	Mean reward: 21.71875	 Loss: -0.040099430829286575
Step: 3047424	Mean reward: 22.375	 Loss: 0.02903246507048607
Step: 3055616	Mean reward: 22.0625	 Loss: -0.10719446837902069
Step: 3063808	Mean reward: 21.5625	 Loss: -0.055231332778930664
Step: 3072000	Mean reward: 21.4375	 Loss: -0.04014031961560249
Step: 3080192	Mean reward: 20.0625	 Loss: -0.07641102373600006
Step: 3088384	Mean reward: 20.96875	 Loss: 0.00990449171513319
Step: 3096576	Mean reward: 21.8125	 Loss: -0.10551342368125916
Step: 3104768	Mean reward: 20.9375	 Loss: -0.028646424412727356
Step: 3112960	Mean reward: 20.4375	 Loss: -0.06147317215800285
Step: 3121152	Mean reward: 21.03125	 Loss: -0.07940462231636047
Step: 3129344	Mean reward: 22.28125	 Loss: -0.08323682844638824
Step: 3137536	Mean reward: 21.15625	 Loss: -0.040270477533340454
Step: 3145728	Mean reward: 22.09375	 Loss: -0.0457829050719738
Step: 3153920	Mean reward: 21.03125	 Loss: 0.0422649048268795
Step: 3162112	Mean reward: 20.71875	 Loss: -0.06863556057214737
Step: 3170304	Mean reward: 21.875	 Loss: -0.0263039730489254
Step: 3178496	Mean reward: 22.375	 Loss: -0.04108850657939911
Step: 3186688	Mean reward: 21.875	 Loss: 0.05061596632003784
Step: 3194880	Mean reward: 21.5	 Loss: -0.015775680541992188
Step: 3203072	Mean reward: 21.84375	 Loss: -0.029895976185798645
Step: 3211264	Mean reward: 20.8125	 Loss: -0.0628475770354271
Step: 3219456	Mean reward: 20.46875	 Loss: 0.028338249772787094
Step: 3227648	Mean reward: 20.90625	 Loss: -0.039942145347595215
Step: 3235840	Mean reward: 21.46875	 Loss: -0.0644674226641655
Step: 3244032	Mean reward: 22.5	 Loss: -0.14122776687145233
Step: 3252224	Mean reward: 20.28125	 Loss: -0.0389396995306015
Step: 3260416	Mean reward: 19.6875	 Loss: -0.11339239776134491
Step: 3268608	Mean reward: 19.90625	 Loss: -0.10494324564933777
Step: 3276800	Mean reward: 21.84375	 Loss: -0.04498675465583801
Step: 3284992	Mean reward: 21.125	 Loss: -0.14618723094463348
Step: 3293184	Mean reward: 19.6875	 Loss: -0.04368922859430313
Step: 3301376	Mean reward: 20.875	 Loss: 0.02172231487929821
Step: 3309568	Mean reward: 21.4375	 Loss: -0.070991650223732
Step: 3317760	Mean reward: 22.0625	 Loss: -0.10614212602376938
Step: 3325952	Mean reward: 21.84375	 Loss: 0.04531111568212509
Step: 3334144	Mean reward: 21.28125	 Loss: -0.09656228125095367
Step: 3342336	Mean reward: 20.0	 Loss: -0.0074592577293515205
Step: 3350528	Mean reward: 19.28125	 Loss: -0.06056642159819603
Step: 3358720	Mean reward: 21.375	 Loss: -0.10257089138031006
Step: 3366912	Mean reward: 22.0	 Loss: -0.07724184542894363
Step: 3375104	Mean reward: 22.3125	 Loss: -0.005605451762676239
Step: 3383296	Mean reward: 21.84375	 Loss: -0.059267185628414154
Step: 3391488	Mean reward: 21.71875	 Loss: -0.029495447874069214
Step: 3399680	Mean reward: 21.53125	 Loss: -0.06280933320522308
Step: 3407872	Mean reward: 21.8125	 Loss: 0.011585143394768238
Step: 3416064	Mean reward: 21.1875	 Loss: -0.08193767070770264
Step: 3424256	Mean reward: 22.375	 Loss: -0.045276135206222534
Step: 3432448	Mean reward: 20.21875	 Loss: -0.08527055382728577
Step: 3440640	Mean reward: 20.34375	 Loss: -0.05372108891606331
Step: 3448832	Mean reward: 21.3125	 Loss: -0.12331420183181763
Step: 3457024	Mean reward: 21.84375	 Loss: -0.00033383630216121674
Step: 3465216	Mean reward: 20.25	 Loss: -0.11736169457435608
Step: 3473408	Mean reward: 22.71875	 Loss: -0.06764258444309235
Step: 3481600	Mean reward: 21.5	 Loss: -0.146510511636734
Step: 3489792	Mean reward: 21.0	 Loss: -0.035841602832078934
Step: 3497984	Mean reward: 22.21875	 Loss: -0.07684824615716934
Step: 3506176	Mean reward: 21.9375	 Loss: -0.035582445561885834
Step: 3514368	Mean reward: 22.59375	 Loss: -0.14464017748832703
Step: 3522560	Mean reward: 20.21875	 Loss: -0.09781180322170258
Step: 3530752	Mean reward: 21.875	 Loss: 0.0021084491163492203
Step: 3538944	Mean reward: 21.53125	 Loss: -0.09693027287721634
Step: 3547136	Mean reward: 21.15625	 Loss: -0.03418061137199402
Step: 3555328	Mean reward: 21.6875	 Loss: -0.05342278629541397
Step: 3563520	Mean reward: 20.84375	 Loss: 0.011938478797674179
Step: 3571712	Mean reward: 22.21875	 Loss: -0.09163665771484375
Step: 3579904	Mean reward: 22.28125	 Loss: 0.022932715713977814
Step: 3588096	Mean reward: 22.4375	 Loss: -0.08605203032493591
Step: 3596288	Mean reward: 22.1875	 Loss: -0.009965990670025349
Step: 3604480	Mean reward: 22.3125	 Loss: -0.027537468820810318
Step: 3612672	Mean reward: 21.40625	 Loss: 0.007763625122606754
Step: 3620864	Mean reward: 21.0	 Loss: 0.010946961119771004
Step: 3629056	Mean reward: 21.96875	 Loss: 0.04852881282567978
Step: 3637248	Mean reward: 23.59375	 Loss: 0.03689052164554596
Step: 3645440	Mean reward: 22.15625	 Loss: -0.06397192925214767
Step: 3653632	Mean reward: 21.34375	 Loss: -0.0008256556466221809
Step: 3661824	Mean reward: 22.34375	 Loss: -0.06760967522859573
Step: 3670016	Mean reward: 22.6875	 Loss: -0.02941938489675522
Step: 3678208	Mean reward: 21.8125	 Loss: -0.005330200307071209
Step: 3686400	Mean reward: 20.75	 Loss: -0.07154478132724762
Step: 3694592	Mean reward: 22.34375	 Loss: -0.062356188893318176
Step: 3702784	Mean reward: 22.3125	 Loss: -0.07524627447128296
Step: 3710976	Mean reward: 21.96875	 Loss: -0.04886219650506973
Step: 3719168	Mean reward: 22.28125	 Loss: 0.005355590023100376
Step: 3727360	Mean reward: 21.0	 Loss: 0.08266130834817886
Step: 3735552	Mean reward: 21.96875	 Loss: -0.1389489322900772
Step: 3743744	Mean reward: 22.03125	 Loss: 0.0184567142277956
Step: 3751936	Mean reward: 21.5	 Loss: -0.07933013886213303
Step: 3760128	Mean reward: 20.03125	 Loss: -0.04342427849769592
Step: 3768320	Mean reward: 20.75	 Loss: -0.0009443666785955429
Step: 3776512	Mean reward: 22.65625	 Loss: 0.011027195490896702
Step: 3784704	Mean reward: 21.59375	 Loss: -0.11283663660287857
Step: 3792896	Mean reward: 20.4375	 Loss: -0.009141111746430397
Step: 3801088	Mean reward: 21.34375	 Loss: -0.058967188000679016
Step: 3809280	Mean reward: 22.5	 Loss: -0.07743309438228607
Step: 3817472	Mean reward: 20.5	 Loss: 0.04995293170213699
Step: 3825664	Mean reward: 20.59375	 Loss: -0.09474719315767288
Step: 3833856	Mean reward: 22.21875	 Loss: 0.029481403529644012
Step: 3842048	Mean reward: 23.3125	 Loss: -0.051108188927173615
Step: 3850240	Mean reward: 20.15625	 Loss: -0.05795842036604881
Step: 3858432	Mean reward: 22.5	 Loss: -0.03997300937771797
Step: 3866624	Mean reward: 22.46875	 Loss: -0.0009218389168381691
Step: 3874816	Mean reward: 20.4375	 Loss: -0.045281894505023956
Step: 3883008	Mean reward: 20.40625	 Loss: 0.006194345653057098
Step: 3891200	Mean reward: 21.65625	 Loss: 0.025785628706216812
Step: 3899392	Mean reward: 21.65625	 Loss: 0.008287101052701473
Step: 3907584	Mean reward: 22.875	 Loss: -0.031236782670021057
Step: 3915776	Mean reward: 22.0	 Loss: -0.03260865435004234
Step: 3923968	Mean reward: 20.53125	 Loss: -0.009393079206347466
Step: 3932160	Mean reward: 20.75	 Loss: -0.015502247959375381
Step: 3940352	Mean reward: 22.71875	 Loss: -0.028204981237649918
Step: 3948544	Mean reward: 22.34375	 Loss: -0.04667516052722931
Step: 3956736	Mean reward: 22.40625	 Loss: -0.06666299700737
Step: 3964928	Mean reward: 20.8125	 Loss: -0.0828702375292778
Step: 3973120	Mean reward: 21.9375	 Loss: 0.012824751436710358
Step: 3981312	Mean reward: 22.5	 Loss: -0.1354237049818039
Step: 3989504	Mean reward: 21.375	 Loss: -0.059075888246297836
Step: 3997696	Mean reward: 21.3125	 Loss: -0.050066038966178894
Step: 4005888	Mean reward: 22.15625	 Loss: -0.04772661626338959
Completed training at 2021-12-06 01:33:22
