Training PPO 2 with the following parameter dict:
{'total_steps': 4000000.0, 'num_envs': 32, 'num_steps': 256, 'num_levels': 200, 'num_epochs': 3, 'batch_size': 512, 'eps': 0.2, 'grad_eps': 0.5, 'value_coef': 0.5, 'entropy_coef': 0.01, 'c1': 0.5, 'c2': 0.01, 'num_actions': 15, 'in_channels': 3, 'feature_dim': 64, 'env_name': 'starpilot', 'use_background': False}
stabelized  ppo
Observation space: Box([[[0. 0. 0. ... 0. 0. 0.]
  [0. 0. 0. ... 0. 0. 0.]
  [0. 0. 0. ... 0. 0. 0.]
  ...
  [0. 0. 0. ... 0. 0. 0.]
  [0. 0. 0. ... 0. 0. 0.]
  [0. 0. 0. ... 0. 0. 0.]]

 [[0. 0. 0. ... 0. 0. 0.]
  [0. 0. 0. ... 0. 0. 0.]
  [0. 0. 0. ... 0. 0. 0.]
  ...
  [0. 0. 0. ... 0. 0. 0.]
  [0. 0. 0. ... 0. 0. 0.]
  [0. 0. 0. ... 0. 0. 0.]]

 [[0. 0. 0. ... 0. 0. 0.]
  [0. 0. 0. ... 0. 0. 0.]
  [0. 0. 0. ... 0. 0. 0.]
  ...
  [0. 0. 0. ... 0. 0. 0.]
  [0. 0. 0. ... 0. 0. 0.]
  [0. 0. 0. ... 0. 0. 0.]]], [[[1. 1. 1. ... 1. 1. 1.]
  [1. 1. 1. ... 1. 1. 1.]
  [1. 1. 1. ... 1. 1. 1.]
  ...
  [1. 1. 1. ... 1. 1. 1.]
  [1. 1. 1. ... 1. 1. 1.]
  [1. 1. 1. ... 1. 1. 1.]]

 [[1. 1. 1. ... 1. 1. 1.]
  [1. 1. 1. ... 1. 1. 1.]
  [1. 1. 1. ... 1. 1. 1.]
  ...
  [1. 1. 1. ... 1. 1. 1.]
  [1. 1. 1. ... 1. 1. 1.]
  [1. 1. 1. ... 1. 1. 1.]]

 [[1. 1. 1. ... 1. 1. 1.]
  [1. 1. 1. ... 1. 1. 1.]
  [1. 1. 1. ... 1. 1. 1.]
  ...
  [1. 1. 1. ... 1. 1. 1.]
  [1. 1. 1. ... 1. 1. 1.]
  [1. 1. 1. ... 1. 1. 1.]]], (3, 64, 64), float32)
Action space: 15
Step: 8192	Mean reward: 4.1875	 Loss: 0.18196366727352142
Step: 16384	Mean reward: 4.09375	 Loss: 0.07627986371517181
Step: 24576	Mean reward: 5.5625	 Loss: 0.08487831801176071
Step: 32768	Mean reward: 6.25	 Loss: 0.09723743796348572
Step: 40960	Mean reward: 5.71875	 Loss: -0.07345867902040482
Step: 49152	Mean reward: 6.65625	 Loss: 0.02405683696269989
Step: 57344	Mean reward: 6.65625	 Loss: 0.030820630490779877
Step: 65536	Mean reward: 6.28125	 Loss: 0.060712650418281555
Step: 73728	Mean reward: 6.875	 Loss: -0.0032270383089780807
Step: 81920	Mean reward: 7.9375	 Loss: 0.017979225143790245
Step: 90112	Mean reward: 7.28125	 Loss: 0.07633548974990845
Step: 98304	Mean reward: 7.125	 Loss: 0.005044868215918541
Step: 106496	Mean reward: 7.34375	 Loss: 0.004134051501750946
Step: 114688	Mean reward: 8.34375	 Loss: 0.04423968493938446
Step: 122880	Mean reward: 8.6875	 Loss: 0.0432809442281723
Step: 131072	Mean reward: 8.46875	 Loss: 0.07696722447872162
Step: 139264	Mean reward: 9.40625	 Loss: 0.032139673829078674
Step: 147456	Mean reward: 8.625	 Loss: -9.165890514850616e-05
Step: 155648	Mean reward: 8.90625	 Loss: -0.062053319066762924
Step: 163840	Mean reward: 8.28125	 Loss: -0.003581356257200241
Step: 172032	Mean reward: 9.34375	 Loss: 0.08706537634134293
Step: 180224	Mean reward: 9.375	 Loss: 0.039794255048036575
Step: 188416	Mean reward: 9.65625	 Loss: -0.019028084352612495
Step: 196608	Mean reward: 9.25	 Loss: -0.014998231083154678
Step: 204800	Mean reward: 9.46875	 Loss: -0.003596227616071701
Step: 212992	Mean reward: 10.34375	 Loss: 0.02411552146077156
Step: 221184	Mean reward: 10.5625	 Loss: 0.024185121059417725
Step: 229376	Mean reward: 9.90625	 Loss: -0.028401697054505348
Step: 237568	Mean reward: 9.5	 Loss: 0.0027077794075012207
Step: 245760	Mean reward: 8.5	 Loss: -0.058020491153001785
Step: 253952	Mean reward: 9.59375	 Loss: 0.016339613124728203
Step: 262144	Mean reward: 10.625	 Loss: 0.051755353808403015
Step: 270336	Mean reward: 10.15625	 Loss: -0.04870719462633133
Step: 278528	Mean reward: 10.21875	 Loss: 0.0005131177604198456
Step: 286720	Mean reward: 9.84375	 Loss: 0.08492784202098846
Step: 294912	Mean reward: 9.59375	 Loss: 0.023236047476530075
Step: 303104	Mean reward: 10.375	 Loss: 0.03372997045516968
Step: 311296	Mean reward: 10.75	 Loss: -0.018196741119027138
Step: 319488	Mean reward: 9.40625	 Loss: 0.013896306976675987
Step: 327680	Mean reward: 9.5625	 Loss: -0.0164343249052763
Step: 335872	Mean reward: 10.40625	 Loss: 0.08812215924263
Step: 344064	Mean reward: 9.71875	 Loss: 0.03374912589788437
Step: 352256	Mean reward: 10.59375	 Loss: 0.0452922061085701
Step: 360448	Mean reward: 10.6875	 Loss: -0.033029183745384216
Step: 368640	Mean reward: 11.3125	 Loss: 0.04006589949131012
Step: 376832	Mean reward: 11.53125	 Loss: 0.03502477705478668
Step: 385024	Mean reward: 10.25	 Loss: 0.020813826471567154
Step: 393216	Mean reward: 11.1875	 Loss: -0.05255104601383209
Step: 401408	Mean reward: 11.625	 Loss: -0.03775665909051895
Step: 409600	Mean reward: 11.59375	 Loss: -0.08155979216098785
Step: 417792	Mean reward: 12.15625	 Loss: -0.00901053473353386
Step: 425984	Mean reward: 11.375	 Loss: -0.04271787405014038
Step: 434176	Mean reward: 10.5	 Loss: 0.09035880863666534
Step: 442368	Mean reward: 10.75	 Loss: 0.10478825867176056
Step: 450560	Mean reward: 11.53125	 Loss: -0.0217521321028471
Step: 458752	Mean reward: 10.46875	 Loss: -0.02871657907962799
Step: 466944	Mean reward: 10.6875	 Loss: -0.04244733974337578
Step: 475136	Mean reward: 12.28125	 Loss: -0.034430086612701416
Step: 483328	Mean reward: 11.34375	 Loss: -0.01938348263502121
Step: 491520	Mean reward: 10.25	 Loss: -0.04534143581986427
Step: 499712	Mean reward: 10.0	 Loss: 0.028622234240174294
Step: 507904	Mean reward: 11.46875	 Loss: -0.05532049760222435
Step: 516096	Mean reward: 11.59375	 Loss: -0.053579870611429214
Step: 524288	Mean reward: 10.6875	 Loss: -0.015922000631690025
Step: 532480	Mean reward: 10.46875	 Loss: -0.058733485639095306
Step: 540672	Mean reward: 10.78125	 Loss: -0.06109188124537468
Step: 548864	Mean reward: 11.5625	 Loss: 0.10345355421304703
Step: 557056	Mean reward: 11.9375	 Loss: 0.039833422750234604
Step: 565248	Mean reward: 12.09375	 Loss: -0.0736168771982193
Step: 573440	Mean reward: 11.25	 Loss: -0.031995512545108795
Step: 581632	Mean reward: 10.125	 Loss: -0.07224690169095993
Step: 589824	Mean reward: 11.125	 Loss: -0.0770905539393425
Step: 598016	Mean reward: 13.5	 Loss: -0.06232195347547531
Step: 606208	Mean reward: 12.9375	 Loss: 0.007058046758174896
Step: 614400	Mean reward: 11.75	 Loss: -0.013102462515234947
Step: 622592	Mean reward: 12.21875	 Loss: 0.02617928571999073
Step: 630784	Mean reward: 13.28125	 Loss: 0.00883040577173233
Step: 638976	Mean reward: 11.3125	 Loss: -0.01948092319071293
Step: 647168	Mean reward: 11.625	 Loss: -0.049424104392528534
Step: 655360	Mean reward: 11.3125	 Loss: -0.07240685820579529
Step: 663552	Mean reward: 13.96875	 Loss: -0.03555960953235626
Step: 671744	Mean reward: 12.96875	 Loss: -0.05776476114988327
Step: 679936	Mean reward: 12.65625	 Loss: 0.0648643746972084
Step: 688128	Mean reward: 11.09375	 Loss: 0.007216906175017357
Step: 696320	Mean reward: 12.5625	 Loss: -0.03613658621907234
Step: 704512	Mean reward: 12.84375	 Loss: 0.039013877511024475
Step: 712704	Mean reward: 12.1875	 Loss: -0.002865266054868698
Step: 720896	Mean reward: 12.875	 Loss: 0.06284943222999573
Step: 729088	Mean reward: 12.53125	 Loss: 0.03125746548175812
Step: 737280	Mean reward: 12.5	 Loss: -0.04130233824253082
Step: 745472	Mean reward: 12.65625	 Loss: 0.04107443988323212
Step: 753664	Mean reward: 12.0	 Loss: -0.06157755106687546
Step: 761856	Mean reward: 13.625	 Loss: 0.007606102153658867
Step: 770048	Mean reward: 13.53125	 Loss: 0.009216705337166786
Step: 778240	Mean reward: 14.6875	 Loss: -0.024851063266396523
Step: 786432	Mean reward: 13.0625	 Loss: 0.06096220016479492
Step: 794624	Mean reward: 13.03125	 Loss: -0.033618565648794174
Step: 802816	Mean reward: 11.75	 Loss: -0.011972606182098389
Step: 811008	Mean reward: 13.3125	 Loss: -0.07403400540351868
Step: 819200	Mean reward: 13.28125	 Loss: -0.08185605704784393
Step: 827392	Mean reward: 10.625	 Loss: -0.014095623046159744
Step: 835584	Mean reward: 12.53125	 Loss: 0.03817891329526901
Step: 843776	Mean reward: 13.65625	 Loss: 0.024682871997356415
Step: 851968	Mean reward: 12.78125	 Loss: 0.00559651106595993
Step: 860160	Mean reward: 14.125	 Loss: 0.023723330348730087
Step: 868352	Mean reward: 14.09375	 Loss: 0.024011459201574326
Step: 876544	Mean reward: 12.875	 Loss: -0.07991514354944229
Step: 884736	Mean reward: 11.59375	 Loss: 0.0002489592880010605
Step: 892928	Mean reward: 12.34375	 Loss: -0.011178761720657349
Step: 901120	Mean reward: 13.8125	 Loss: 0.00613086111843586
Step: 909312	Mean reward: 13.1875	 Loss: -0.055060967803001404
Step: 917504	Mean reward: 13.875	 Loss: -0.05176248773932457
Step: 925696	Mean reward: 13.5	 Loss: -0.04109818488359451
Step: 933888	Mean reward: 13.0	 Loss: 0.010012641549110413
Step: 942080	Mean reward: 11.46875	 Loss: -0.06355305761098862
Step: 950272	Mean reward: 12.96875	 Loss: -0.02411583438515663
Step: 958464	Mean reward: 13.40625	 Loss: -0.03432181105017662
Step: 966656	Mean reward: 12.0625	 Loss: -0.07783329486846924
Step: 974848	Mean reward: 14.4375	 Loss: 0.008434126153588295
Step: 983040	Mean reward: 12.53125	 Loss: -0.03562422841787338
Step: 991232	Mean reward: 12.09375	 Loss: -0.0294030848890543
Step: 999424	Mean reward: 13.84375	 Loss: -0.04801928997039795
Step: 1007616	Mean reward: 13.1875	 Loss: 0.016075152903795242
Step: 1015808	Mean reward: 12.9375	 Loss: -0.04594927281141281
Step: 1024000	Mean reward: 13.9375	 Loss: -0.036396823823451996
Step: 1032192	Mean reward: 12.90625	 Loss: -0.042795296758413315
Step: 1040384	Mean reward: 12.0	 Loss: 0.01847219280898571
Step: 1048576	Mean reward: 15.03125	 Loss: -0.010367617011070251
Step: 1056768	Mean reward: 12.5	 Loss: -0.0449368953704834
Step: 1064960	Mean reward: 12.875	 Loss: -0.04168963432312012
Step: 1073152	Mean reward: 13.625	 Loss: -0.08613339066505432
Step: 1081344	Mean reward: 15.1875	 Loss: 0.03941494971513748
Step: 1089536	Mean reward: 14.5625	 Loss: -0.04646874964237213
Step: 1097728	Mean reward: 14.25	 Loss: 0.007136007770895958
Step: 1105920	Mean reward: 13.46875	 Loss: -0.019760794937610626
Step: 1114112	Mean reward: 14.09375	 Loss: -0.027725007385015488
Step: 1122304	Mean reward: 14.09375	 Loss: -0.024689089506864548
Step: 1130496	Mean reward: 14.21875	 Loss: -0.05532656982541084
Step: 1138688	Mean reward: 14.53125	 Loss: 0.02084827423095703
Step: 1146880	Mean reward: 14.625	 Loss: 0.005380330607295036
Step: 1155072	Mean reward: 14.25	 Loss: 0.002225523814558983
Step: 1163264	Mean reward: 14.65625	 Loss: -0.023630699142813683
Step: 1171456	Mean reward: 16.125	 Loss: 0.029611211270093918
Step: 1179648	Mean reward: 14.6875	 Loss: -0.03386033698916435
Step: 1187840	Mean reward: 14.0625	 Loss: -0.0546518974006176
Step: 1196032	Mean reward: 14.65625	 Loss: -0.023405184969305992
Step: 1204224	Mean reward: 14.53125	 Loss: -0.08665889501571655
Step: 1212416	Mean reward: 14.9375	 Loss: -0.0328855887055397
Step: 1220608	Mean reward: 16.71875	 Loss: -0.13432759046554565
Step: 1228800	Mean reward: 14.21875	 Loss: -0.06657669693231583
Step: 1236992	Mean reward: 15.78125	 Loss: 0.05225259065628052
Step: 1245184	Mean reward: 13.625	 Loss: -0.0524715855717659
Step: 1253376	Mean reward: 15.375	 Loss: 0.036451198160648346
Step: 1261568	Mean reward: 14.0625	 Loss: -0.1366482675075531
Step: 1269760	Mean reward: 14.09375	 Loss: -0.01097688265144825
Step: 1277952	Mean reward: 14.375	 Loss: -0.03718731552362442
Step: 1286144	Mean reward: 13.90625	 Loss: 0.018506532534956932
Step: 1294336	Mean reward: 14.1875	 Loss: 0.0670226514339447
Step: 1302528	Mean reward: 14.25	 Loss: -0.0026308223605155945
Step: 1310720	Mean reward: 13.65625	 Loss: -0.02096140757203102
Step: 1318912	Mean reward: 13.65625	 Loss: -0.08337479829788208
Step: 1327104	Mean reward: 14.5	 Loss: -0.048551470041275024
Step: 1335296	Mean reward: 15.8125	 Loss: -0.012218758463859558
Step: 1343488	Mean reward: 15.90625	 Loss: -0.07549846172332764
Step: 1351680	Mean reward: 17.4375	 Loss: -0.09116700291633606
Step: 1359872	Mean reward: 17.40625	 Loss: -0.05216921493411064
Step: 1368064	Mean reward: 14.40625	 Loss: -0.0863386020064354
Step: 1376256	Mean reward: 15.9375	 Loss: -0.05856483429670334
Step: 1384448	Mean reward: 15.21875	 Loss: -0.036220889538526535
Step: 1392640	Mean reward: 14.75	 Loss: -0.09007462859153748
Step: 1400832	Mean reward: 15.25	 Loss: -0.013525746762752533
Step: 1409024	Mean reward: 15.375	 Loss: 0.03237757831811905
Step: 1417216	Mean reward: 14.84375	 Loss: -0.037756308913230896
Step: 1425408	Mean reward: 15.15625	 Loss: -0.051763370633125305
Step: 1433600	Mean reward: 15.71875	 Loss: -0.09290371090173721
Step: 1441792	Mean reward: 15.78125	 Loss: 0.007558714598417282
Step: 1449984	Mean reward: 14.0625	 Loss: -0.0421113446354866
Step: 1458176	Mean reward: 14.53125	 Loss: -0.005216462537646294
Step: 1466368	Mean reward: 15.1875	 Loss: -0.03843129426240921
Step: 1474560	Mean reward: 15.6875	 Loss: -0.03170720487833023
Step: 1482752	Mean reward: 14.78125	 Loss: -0.09496200084686279
Step: 1490944	Mean reward: 15.96875	 Loss: -0.014086484909057617
Step: 1499136	Mean reward: 16.5	 Loss: -0.044494353234767914
Step: 1507328	Mean reward: 15.65625	 Loss: -0.09297008067369461
Step: 1515520	Mean reward: 15.6875	 Loss: -0.003931373357772827
Step: 1523712	Mean reward: 16.25	 Loss: -0.04802258312702179
Step: 1531904	Mean reward: 14.75	 Loss: -0.016809672117233276
Step: 1540096	Mean reward: 16.4375	 Loss: -0.053029224276542664
Step: 1548288	Mean reward: 16.8125	 Loss: 0.05433105677366257
Step: 1556480	Mean reward: 15.90625	 Loss: 0.010909372940659523
Step: 1564672	Mean reward: 15.21875	 Loss: 0.024608099833130836
Step: 1572864	Mean reward: 16.1875	 Loss: -0.09155865013599396
Step: 1581056	Mean reward: 16.25	 Loss: -0.030266733840107918
Step: 1589248	Mean reward: 17.4375	 Loss: -0.019694138318300247
Step: 1597440	Mean reward: 16.3125	 Loss: 0.04174754396080971
Step: 1605632	Mean reward: 16.65625	 Loss: 0.04457279294729233
Step: 1613824	Mean reward: 17.25	 Loss: -0.014165427535772324
Step: 1622016	Mean reward: 16.5625	 Loss: -0.08772976696491241
Step: 1630208	Mean reward: 18.34375	 Loss: -0.08846879005432129
Step: 1638400	Mean reward: 17.03125	 Loss: -0.09011571109294891
Step: 1646592	Mean reward: 16.75	 Loss: 0.002771316096186638
Step: 1654784	Mean reward: 16.09375	 Loss: -0.09337823837995529
Step: 1662976	Mean reward: 16.21875	 Loss: -0.0216432586312294
Step: 1671168	Mean reward: 16.6875	 Loss: 0.059750042855739594
Step: 1679360	Mean reward: 15.96875	 Loss: 0.002304220572113991
Step: 1687552	Mean reward: 15.5625	 Loss: -0.018582481890916824
Step: 1695744	Mean reward: 17.28125	 Loss: -0.024381017312407494
Step: 1703936	Mean reward: 15.625	 Loss: -0.01811586506664753
Step: 1712128	Mean reward: 17.0	 Loss: 0.03165435045957565
Step: 1720320	Mean reward: 15.65625	 Loss: -0.12356824427843094
Step: 1728512	Mean reward: 16.59375	 Loss: -0.05643969029188156
Step: 1736704	Mean reward: 18.0	 Loss: 0.021649731323122978
Step: 1744896	Mean reward: 17.96875	 Loss: 0.034734755754470825
Step: 1753088	Mean reward: 17.5625	 Loss: 0.006992273032665253
Step: 1761280	Mean reward: 15.96875	 Loss: -0.05367457866668701
Step: 1769472	Mean reward: 16.8125	 Loss: -0.03539818152785301
Step: 1777664	Mean reward: 16.8125	 Loss: -0.014628748409450054
Step: 1785856	Mean reward: 17.625	 Loss: 0.012526177801191807
Step: 1794048	Mean reward: 17.5625	 Loss: -0.1264868676662445
Step: 1802240	Mean reward: 18.0625	 Loss: -0.1082957312464714
Step: 1810432	Mean reward: 17.125	 Loss: 0.05886780098080635
Step: 1818624	Mean reward: 15.28125	 Loss: -0.033110953867435455
Step: 1826816	Mean reward: 17.8125	 Loss: 0.04660515487194061
Step: 1835008	Mean reward: 16.0625	 Loss: -0.04955729469656944
Step: 1843200	Mean reward: 16.5	 Loss: -0.06513845175504684
Step: 1851392	Mean reward: 15.875	 Loss: -0.04371979832649231
Step: 1859584	Mean reward: 18.15625	 Loss: -0.08124031871557236
Step: 1867776	Mean reward: 16.71875	 Loss: -0.06230565533041954
Step: 1875968	Mean reward: 19.28125	 Loss: 0.04650462418794632
Step: 1884160	Mean reward: 15.53125	 Loss: -0.041024111211299896
Step: 1892352	Mean reward: 16.4375	 Loss: -0.006640690378844738
Step: 1900544	Mean reward: 17.78125	 Loss: 0.012580628506839275
Step: 1908736	Mean reward: 17.6875	 Loss: -0.10138128697872162
Step: 1916928	Mean reward: 16.03125	 Loss: -0.081480473279953
Step: 1925120	Mean reward: 17.4375	 Loss: -0.026221370324492455
Step: 1933312	Mean reward: 18.09375	 Loss: -0.014938621781766415
Step: 1941504	Mean reward: 15.8125	 Loss: -0.04861580207943916
Step: 1949696	Mean reward: 16.71875	 Loss: 0.006710226647555828
Step: 1957888	Mean reward: 16.71875	 Loss: -0.05859782546758652
Step: 1966080	Mean reward: 18.375	 Loss: 0.005051589570939541
Step: 1974272	Mean reward: 17.34375	 Loss: -0.048103686422109604
Step: 1982464	Mean reward: 16.625	 Loss: -0.0050538936629891396
Step: 1990656	Mean reward: 15.25	 Loss: -0.043764933943748474
Step: 1998848	Mean reward: 17.0625	 Loss: -0.006721350364387035
Step: 2007040	Mean reward: 17.125	 Loss: -0.024746593087911606
Step: 2015232	Mean reward: 17.0	 Loss: -0.040045663714408875
Step: 2023424	Mean reward: 18.5625	 Loss: -0.0968976691365242
Step: 2031616	Mean reward: 16.84375	 Loss: -0.03457611799240112
Step: 2039808	Mean reward: 16.875	 Loss: -0.0020607691258192062
Step: 2048000	Mean reward: 16.1875	 Loss: -0.06580492854118347
Step: 2056192	Mean reward: 18.84375	 Loss: -0.023762404918670654
Step: 2064384	Mean reward: 15.875	 Loss: -0.08496396243572235
Step: 2072576	Mean reward: 16.6875	 Loss: -0.09121929109096527
Step: 2080768	Mean reward: 17.4375	 Loss: -0.06639953702688217
Step: 2088960	Mean reward: 17.53125	 Loss: 0.015491626225411892
Step: 2097152	Mean reward: 18.9375	 Loss: -0.034569233655929565
Step: 2105344	Mean reward: 17.34375	 Loss: -0.00807265006005764
Step: 2113536	Mean reward: 18.15625	 Loss: 0.013279353268444538
Step: 2121728	Mean reward: 16.46875	 Loss: -0.03964940831065178
Step: 2129920	Mean reward: 17.40625	 Loss: -0.08949638158082962
Step: 2138112	Mean reward: 18.15625	 Loss: -0.06478392332792282
Step: 2146304	Mean reward: 16.4375	 Loss: 0.010527277365326881
Step: 2154496	Mean reward: 16.8125	 Loss: -0.03846164420247078
Step: 2162688	Mean reward: 17.53125	 Loss: -0.07176424562931061
Step: 2170880	Mean reward: 17.9375	 Loss: -0.06850701570510864
Step: 2179072	Mean reward: 17.8125	 Loss: 0.031337156891822815
Step: 2187264	Mean reward: 18.0	 Loss: -0.0016096876934170723
Step: 2195456	Mean reward: 17.125	 Loss: -0.0038104625418782234
Step: 2203648	Mean reward: 17.03125	 Loss: 0.008919416926801205
Step: 2211840	Mean reward: 17.84375	 Loss: -0.01290854997932911
Step: 2220032	Mean reward: 17.90625	 Loss: 0.02333744429051876
Step: 2228224	Mean reward: 17.53125	 Loss: -0.04134869948029518
Step: 2236416	Mean reward: 18.3125	 Loss: -0.0485866516828537
Step: 2244608	Mean reward: 16.03125	 Loss: 0.00283676665276289
Step: 2252800	Mean reward: 18.40625	 Loss: -0.05328643321990967
Step: 2260992	Mean reward: 16.9375	 Loss: -0.0022315559908747673
Step: 2269184	Mean reward: 17.5625	 Loss: -0.05037250369787216
Step: 2277376	Mean reward: 17.78125	 Loss: 0.06607238948345184
Step: 2285568	Mean reward: 16.59375	 Loss: 0.0469086617231369
Step: 2293760	Mean reward: 16.125	 Loss: 0.002347061410546303
Step: 2301952	Mean reward: 18.46875	 Loss: 0.022247634828090668
Step: 2310144	Mean reward: 16.8125	 Loss: -0.09509332478046417
Step: 2318336	Mean reward: 17.75	 Loss: -0.08738919347524643
Step: 2326528	Mean reward: 19.46875	 Loss: 0.04345439001917839
Step: 2334720	Mean reward: 16.96875	 Loss: 0.047371745109558105
Step: 2342912	Mean reward: 18.34375	 Loss: -0.10466410219669342
Step: 2351104	Mean reward: 17.75	 Loss: -0.06352320313453674
Step: 2359296	Mean reward: 19.53125	 Loss: -0.07057791948318481
Step: 2367488	Mean reward: 18.46875	 Loss: 0.0587724968791008
Step: 2375680	Mean reward: 18.34375	 Loss: -0.04450460150837898
Step: 2383872	Mean reward: 17.09375	 Loss: -0.04385269805788994
Step: 2392064	Mean reward: 18.0625	 Loss: -0.004712237045168877
Step: 2400256	Mean reward: 17.5625	 Loss: -0.01137196272611618
Step: 2408448	Mean reward: 18.9375	 Loss: 0.04748815298080444
Step: 2416640	Mean reward: 18.28125	 Loss: -0.01794753596186638
Step: 2424832	Mean reward: 18.65625	 Loss: -0.0012350110337138176
Step: 2433024	Mean reward: 16.25	 Loss: 0.027963796630501747
Step: 2441216	Mean reward: 16.90625	 Loss: -0.017488867044448853
Step: 2449408	Mean reward: 16.9375	 Loss: -0.04190428927540779
Step: 2457600	Mean reward: 18.625	 Loss: -0.030806444585323334
Step: 2465792	Mean reward: 17.5625	 Loss: -0.08205649256706238
Step: 2473984	Mean reward: 16.15625	 Loss: -0.016645703464746475
Step: 2482176	Mean reward: 16.78125	 Loss: 0.058043576776981354
Step: 2490368	Mean reward: 17.15625	 Loss: -0.06218323856592178
Step: 2498560	Mean reward: 16.8125	 Loss: 0.04148117080330849
Step: 2506752	Mean reward: 16.65625	 Loss: -0.005245933309197426
Step: 2514944	Mean reward: 18.0	 Loss: -0.0036605168133974075
Step: 2523136	Mean reward: 17.71875	 Loss: -0.07386268675327301
Step: 2531328	Mean reward: 15.625	 Loss: -0.07170018553733826
Step: 2539520	Mean reward: 17.46875	 Loss: -0.06561444699764252
Step: 2547712	Mean reward: 17.375	 Loss: -0.05250372737646103
Step: 2555904	Mean reward: 18.15625	 Loss: -0.10770851373672485
Step: 2564096	Mean reward: 17.15625	 Loss: -0.03277941793203354
Step: 2572288	Mean reward: 19.65625	 Loss: 0.005101102404296398
Step: 2580480	Mean reward: 19.6875	 Loss: -0.18475808203220367
Step: 2588672	Mean reward: 18.65625	 Loss: 0.032398879528045654
Step: 2596864	Mean reward: 17.21875	 Loss: -0.0012707924470305443
Step: 2605056	Mean reward: 17.28125	 Loss: -0.08841400593519211
Step: 2613248	Mean reward: 19.0	 Loss: -0.07001827657222748
Step: 2621440	Mean reward: 17.84375	 Loss: -0.06323490291833878
Step: 2629632	Mean reward: 18.46875	 Loss: -0.07428137958049774
Step: 2637824	Mean reward: 17.53125	 Loss: -0.12942983210086823
Step: 2646016	Mean reward: 17.03125	 Loss: 0.002695338800549507
Step: 2654208	Mean reward: 18.21875	 Loss: -0.0015820758417248726
Step: 2662400	Mean reward: 18.1875	 Loss: 0.021073859184980392
Step: 2670592	Mean reward: 19.25	 Loss: -0.015637803822755814
Step: 2678784	Mean reward: 18.21875	 Loss: -0.09330538660287857
Step: 2686976	Mean reward: 19.25	 Loss: 0.005003917030990124
Step: 2695168	Mean reward: 19.125	 Loss: -0.003536103293299675
Step: 2703360	Mean reward: 19.625	 Loss: -0.03991800546646118
Step: 2711552	Mean reward: 18.5625	 Loss: -0.06353424489498138
Step: 2719744	Mean reward: 18.75	 Loss: -0.02031450718641281
Step: 2727936	Mean reward: 18.84375	 Loss: -0.052548423409461975
Step: 2736128	Mean reward: 16.75	 Loss: 0.0232686847448349
Step: 2744320	Mean reward: 18.875	 Loss: -0.0504160113632679
Step: 2752512	Mean reward: 19.53125	 Loss: 0.0005865246057510376
Step: 2760704	Mean reward: 17.625	 Loss: -0.08233780413866043
Step: 2768896	Mean reward: 18.4375	 Loss: 0.001102479174733162
Step: 2777088	Mean reward: 18.46875	 Loss: 0.02884574979543686
Step: 2785280	Mean reward: 18.34375	 Loss: -0.030189108103513718
Step: 2793472	Mean reward: 20.28125	 Loss: -0.009078474715352058
Step: 2801664	Mean reward: 19.40625	 Loss: -0.020163118839263916
Step: 2809856	Mean reward: 18.96875	 Loss: -0.01620769128203392
Step: 2818048	Mean reward: 17.65625	 Loss: -0.013762327842414379
Step: 2826240	Mean reward: 19.53125	 Loss: -0.007081855088472366
Step: 2834432	Mean reward: 18.5	 Loss: -0.07482480257749557
Step: 2842624	Mean reward: 18.4375	 Loss: 0.024345513433218002
Step: 2850816	Mean reward: 19.71875	 Loss: 0.02781093493103981
Step: 2859008	Mean reward: 19.21875	 Loss: -0.07541957497596741
Step: 2867200	Mean reward: 18.21875	 Loss: 0.05047225207090378
Step: 2875392	Mean reward: 16.75	 Loss: -0.02518426813185215
Step: 2883584	Mean reward: 18.1875	 Loss: -0.003562483936548233
Step: 2891776	Mean reward: 18.25	 Loss: -0.04734174162149429
Step: 2899968	Mean reward: 19.03125	 Loss: -0.03875327855348587
Step: 2908160	Mean reward: 20.09375	 Loss: -0.09709446132183075
Step: 2916352	Mean reward: 17.5625	 Loss: 0.05280125141143799
Step: 2924544	Mean reward: 18.84375	 Loss: -0.004713679663836956
Step: 2932736	Mean reward: 19.28125	 Loss: -0.08648741245269775
Step: 2940928	Mean reward: 18.40625	 Loss: -0.07706966251134872
Step: 2949120	Mean reward: 18.28125	 Loss: -0.04993926361203194
Step: 2957312	Mean reward: 18.40625	 Loss: -0.07107529789209366
Step: 2965504	Mean reward: 18.09375	 Loss: -0.07314515113830566
Step: 2973696	Mean reward: 17.65625	 Loss: 0.03205355256795883
Step: 2981888	Mean reward: 17.4375	 Loss: -0.08858799934387207
Step: 2990080	Mean reward: 19.1875	 Loss: -0.04554319754242897
Step: 2998272	Mean reward: 19.03125	 Loss: 0.004528258927166462
Step: 3006464	Mean reward: 17.5625	 Loss: -0.0010160906240344048
Step: 3014656	Mean reward: 20.34375	 Loss: -0.010952451266348362
Step: 3022848	Mean reward: 18.375	 Loss: -0.018451815471053123
Step: 3031040	Mean reward: 19.78125	 Loss: 0.06300795078277588
Step: 3039232	Mean reward: 20.125	 Loss: -0.052442651242017746
Step: 3047424	Mean reward: 19.25	 Loss: -0.004284543916583061
Step: 3055616	Mean reward: 19.4375	 Loss: -0.04992682859301567
Step: 3063808	Mean reward: 19.3125	 Loss: -0.001993246376514435
Step: 3072000	Mean reward: 18.03125	 Loss: -0.07532739639282227
Step: 3080192	Mean reward: 16.875	 Loss: -0.01309697050601244
Step: 3088384	Mean reward: 18.65625	 Loss: -0.13027910888195038
Step: 3096576	Mean reward: 19.875	 Loss: -0.01572493650019169
Step: 3104768	Mean reward: 19.0625	 Loss: -0.07432378083467484
Step: 3112960	Mean reward: 18.1875	 Loss: -0.0806698277592659
Step: 3121152	Mean reward: 20.1875	 Loss: -0.14193254709243774
Step: 3129344	Mean reward: 18.65625	 Loss: -0.08072903752326965
Step: 3137536	Mean reward: 19.125	 Loss: 0.0008930517360568047
Step: 3145728	Mean reward: 18.59375	 Loss: -0.015429438091814518
Step: 3153920	Mean reward: 19.9375	 Loss: 0.045932669192552567
Step: 3162112	Mean reward: 19.25	 Loss: -0.05152357742190361
Step: 3170304	Mean reward: 19.375	 Loss: -0.020438294857740402
Step: 3178496	Mean reward: 19.375	 Loss: -0.09108930826187134
Step: 3186688	Mean reward: 20.4375	 Loss: -0.13338081538677216
Step: 3194880	Mean reward: 17.375	 Loss: 0.0021573705598711967
Step: 3203072	Mean reward: 18.9375	 Loss: -0.08665420860052109
Step: 3211264	Mean reward: 20.78125	 Loss: -0.026432763785123825
Step: 3219456	Mean reward: 17.9375	 Loss: -0.05700339749455452
Step: 3227648	Mean reward: 18.84375	 Loss: -0.022127758711576462
Step: 3235840	Mean reward: 18.25	 Loss: -0.04610198736190796
Step: 3244032	Mean reward: 18.90625	 Loss: -0.0015169549733400345
Step: 3252224	Mean reward: 18.28125	 Loss: -0.04718868434429169
Step: 3260416	Mean reward: 17.03125	 Loss: -0.040746476501226425
Step: 3268608	Mean reward: 20.65625	 Loss: -0.07152821123600006
Step: 3276800	Mean reward: 18.96875	 Loss: -0.015217875130474567
Step: 3284992	Mean reward: 19.4375	 Loss: -0.07239768654108047
Step: 3293184	Mean reward: 17.8125	 Loss: 0.024722911417484283
Step: 3301376	Mean reward: 18.59375	 Loss: -0.015429885126650333
Step: 3309568	Mean reward: 19.625	 Loss: -0.10158786177635193
Step: 3317760	Mean reward: 19.3125	 Loss: -0.05328269302845001
Step: 3325952	Mean reward: 19.25	 Loss: 0.024152550846338272
Step: 3334144	Mean reward: 19.21875	 Loss: -0.04878002405166626
Step: 3342336	Mean reward: 18.09375	 Loss: -0.08794692903757095
Step: 3350528	Mean reward: 17.46875	 Loss: -0.06629665940999985
Step: 3358720	Mean reward: 18.15625	 Loss: -0.05530834570527077
Step: 3366912	Mean reward: 18.875	 Loss: -0.05077148601412773
Step: 3375104	Mean reward: 19.59375	 Loss: -0.05441713705658913
Step: 3383296	Mean reward: 16.875	 Loss: -0.02431769296526909
Step: 3391488	Mean reward: 18.90625	 Loss: -0.07807744294404984
Step: 3399680	Mean reward: 19.5625	 Loss: -0.028848234564065933
Step: 3407872	Mean reward: 19.71875	 Loss: -0.03961111605167389
Step: 3416064	Mean reward: 18.59375	 Loss: 0.024028215557336807
Step: 3424256	Mean reward: 18.3125	 Loss: -0.07657326012849808
Step: 3432448	Mean reward: 17.53125	 Loss: -0.06754887104034424
Step: 3440640	Mean reward: 20.125	 Loss: -0.09435651451349258
Step: 3448832	Mean reward: 19.28125	 Loss: 0.02378840744495392
Step: 3457024	Mean reward: 19.1875	 Loss: -0.06928428262472153
Step: 3465216	Mean reward: 18.28125	 Loss: -0.038965947926044464
Step: 3473408	Mean reward: 19.09375	 Loss: 0.01960860937833786
Step: 3481600	Mean reward: 18.375	 Loss: -0.02734491601586342
Step: 3489792	Mean reward: 19.8125	 Loss: -0.013901837170124054
Step: 3497984	Mean reward: 19.21875	 Loss: -0.04520092532038689
Step: 3506176	Mean reward: 20.59375	 Loss: -0.03524070605635643
Step: 3514368	Mean reward: 18.6875	 Loss: -0.03596486523747444
Step: 3522560	Mean reward: 18.71875	 Loss: 0.0018711425364017487
Step: 3530752	Mean reward: 18.1875	 Loss: -0.0007715597748756409
Step: 3538944	Mean reward: 19.3125	 Loss: -0.01731756329536438
Step: 3547136	Mean reward: 20.5	 Loss: -0.06545642763376236
Step: 3555328	Mean reward: 19.125	 Loss: -0.10187831521034241
Step: 3563520	Mean reward: 19.03125	 Loss: -0.044372815638780594
Step: 3571712	Mean reward: 20.125	 Loss: -0.1053745448589325
Step: 3579904	Mean reward: 21.34375	 Loss: 0.01710786297917366
Step: 3588096	Mean reward: 19.25	 Loss: -0.003748164512217045
Step: 3596288	Mean reward: 21.0	 Loss: 0.009461530484259129
Step: 3604480	Mean reward: 17.75	 Loss: 0.03217159956693649
Step: 3612672	Mean reward: 18.78125	 Loss: -0.06218321993947029
Step: 3620864	Mean reward: 19.625	 Loss: -0.05332333594560623
Step: 3629056	Mean reward: 19.84375	 Loss: 0.021283501759171486
Step: 3637248	Mean reward: 19.71875	 Loss: -0.03531482815742493
Step: 3645440	Mean reward: 18.28125	 Loss: 0.03711359202861786
Step: 3653632	Mean reward: 19.25	 Loss: -0.1305011510848999
Step: 3661824	Mean reward: 18.1875	 Loss: 0.01882004737854004
Step: 3670016	Mean reward: 19.90625	 Loss: -0.12698563933372498
Step: 3678208	Mean reward: 18.90625	 Loss: -0.07814623415470123
Step: 3686400	Mean reward: 18.9375	 Loss: -0.02413024753332138
Step: 3694592	Mean reward: 19.03125	 Loss: -0.10420931875705719
Step: 3702784	Mean reward: 18.625	 Loss: -0.08003874123096466
Step: 3710976	Mean reward: 16.875	 Loss: -0.04313884675502777
Step: 3719168	Mean reward: 19.4375	 Loss: -0.11266632378101349
Step: 3727360	Mean reward: 20.40625	 Loss: -0.10913296043872833
Step: 3735552	Mean reward: 17.53125	 Loss: -0.022055920213460922
Step: 3743744	Mean reward: 17.4375	 Loss: -0.05762720853090286
Step: 3751936	Mean reward: 20.0625	 Loss: -0.022541357204318047
Step: 3760128	Mean reward: 17.84375	 Loss: -0.09593617916107178
Step: 3768320	Mean reward: 18.53125	 Loss: -0.05947215110063553
Step: 3776512	Mean reward: 19.0625	 Loss: -0.03127559646964073
Step: 3784704	Mean reward: 19.4375	 Loss: -0.0075875334441661835
Step: 3792896	Mean reward: 18.28125	 Loss: 0.016669493168592453
Step: 3801088	Mean reward: 17.21875	 Loss: -0.019855938851833344
Step: 3809280	Mean reward: 18.3125	 Loss: 0.037713419646024704
Step: 3817472	Mean reward: 19.59375	 Loss: -0.06832096725702286
Step: 3825664	Mean reward: 21.1875	 Loss: -0.019807085394859314
Step: 3833856	Mean reward: 16.6875	 Loss: -0.049434393644332886
Step: 3842048	Mean reward: 17.625	 Loss: -0.02568601816892624
Step: 3850240	Mean reward: 18.96875	 Loss: -0.04504869505763054
Step: 3858432	Mean reward: 20.09375	 Loss: -0.03301243111491203
Step: 3866624	Mean reward: 19.625	 Loss: -0.006659245118498802
Step: 3874816	Mean reward: 19.84375	 Loss: -0.1179933026432991
Step: 3883008	Mean reward: 21.125	 Loss: -0.045239657163619995
Step: 3891200	Mean reward: 19.5625	 Loss: -0.10347329825162888
Step: 3899392	Mean reward: 19.0625	 Loss: -0.03274247422814369
Step: 3907584	Mean reward: 19.34375	 Loss: -0.052044257521629333
Step: 3915776	Mean reward: 18.9375	 Loss: -0.009911876171827316
Step: 3923968	Mean reward: 19.40625	 Loss: -0.027431724593043327
Step: 3932160	Mean reward: 19.84375	 Loss: -0.04664495587348938
Step: 3940352	Mean reward: 19.4375	 Loss: -0.02992738038301468
Step: 3948544	Mean reward: 19.65625	 Loss: -0.06297359615564346
Step: 3956736	Mean reward: 18.8125	 Loss: -0.06520212441682816
Step: 3964928	Mean reward: 18.8125	 Loss: -0.06533973664045334
Step: 3973120	Mean reward: 18.78125	 Loss: -0.10437093675136566
Step: 3981312	Mean reward: 18.84375	 Loss: 0.0410410612821579
Step: 3989504	Mean reward: 18.1875	 Loss: -0.03696508705615997
Step: 3997696	Mean reward: 19.4375	 Loss: -0.0441853329539299
Step: 4005888	Mean reward: 17.46875	 Loss: -0.0035213595256209373
Completed training at 2021-12-05 21:49:09
Observation space: Box([[[0. 0. 0. ... 0. 0. 0.]
  [0. 0. 0. ... 0. 0. 0.]
  [0. 0. 0. ... 0. 0. 0.]
  ...
  [0. 0. 0. ... 0. 0. 0.]
  [0. 0. 0. ... 0. 0. 0.]
  [0. 0. 0. ... 0. 0. 0.]]

 [[0. 0. 0. ... 0. 0. 0.]
  [0. 0. 0. ... 0. 0. 0.]
  [0. 0. 0. ... 0. 0. 0.]
  ...
  [0. 0. 0. ... 0. 0. 0.]
  [0. 0. 0. ... 0. 0. 0.]
  [0. 0. 0. ... 0. 0. 0.]]

 [[0. 0. 0. ... 0. 0. 0.]
  [0. 0. 0. ... 0. 0. 0.]
  [0. 0. 0. ... 0. 0. 0.]
  ...
  [0. 0. 0. ... 0. 0. 0.]
  [0. 0. 0. ... 0. 0. 0.]
  [0. 0. 0. ... 0. 0. 0.]]], [[[1. 1. 1. ... 1. 1. 1.]
  [1. 1. 1. ... 1. 1. 1.]
  [1. 1. 1. ... 1. 1. 1.]
  ...
  [1. 1. 1. ... 1. 1. 1.]
  [1. 1. 1. ... 1. 1. 1.]
  [1. 1. 1. ... 1. 1. 1.]]

 [[1. 1. 1. ... 1. 1. 1.]
  [1. 1. 1. ... 1. 1. 1.]
  [1. 1. 1. ... 1. 1. 1.]
  ...
  [1. 1. 1. ... 1. 1. 1.]
  [1. 1. 1. ... 1. 1. 1.]
  [1. 1. 1. ... 1. 1. 1.]]

 [[1. 1. 1. ... 1. 1. 1.]
  [1. 1. 1. ... 1. 1. 1.]
  [1. 1. 1. ... 1. 1. 1.]
  ...
  [1. 1. 1. ... 1. 1. 1.]
  [1. 1. 1. ... 1. 1. 1.]
  [1. 1. 1. ... 1. 1. 1.]]], (3, 64, 64), float32)
Action space: 15
Step: 8192	Mean reward: 4.0625	 Loss: 1.208497166633606
Step: 16384	Mean reward: 5.0625	 Loss: 0.6204876899719238
Step: 24576	Mean reward: 5.65625	 Loss: 0.432515025138855
Step: 32768	Mean reward: 5.9375	 Loss: 0.3096790015697479
Step: 40960	Mean reward: 6.75	 Loss: 0.18048179149627686
Step: 49152	Mean reward: 5.5625	 Loss: 0.10437339544296265
Step: 57344	Mean reward: 5.90625	 Loss: 0.07749522477388382
Step: 65536	Mean reward: 6.9375	 Loss: 0.08386184275150299
Step: 73728	Mean reward: 8.5625	 Loss: -0.03829491510987282
Step: 81920	Mean reward: 8.90625	 Loss: -0.012778602540493011
Step: 90112	Mean reward: 9.0625	 Loss: 0.010978393256664276
Step: 98304	Mean reward: 10.25	 Loss: -0.06158984452486038
Step: 106496	Mean reward: 9.40625	 Loss: -0.015689002349972725
Step: 114688	Mean reward: 10.71875	 Loss: -0.01798876002430916
Step: 122880	Mean reward: 10.6875	 Loss: 0.08644942194223404
Step: 131072	Mean reward: 11.75	 Loss: 0.011241981759667397
Step: 139264	Mean reward: 12.5	 Loss: 0.041937362402677536
Step: 147456	Mean reward: 12.1875	 Loss: 0.03499814122915268
Step: 155648	Mean reward: 13.53125	 Loss: 0.002132084220647812
Step: 163840	Mean reward: 13.34375	 Loss: -0.023946676403284073
Step: 172032	Mean reward: 13.46875	 Loss: -0.0317273810505867
Step: 180224	Mean reward: 14.25	 Loss: -0.012477856129407883
Step: 188416	Mean reward: 15.21875	 Loss: -0.0028380639851093292
Step: 196608	Mean reward: 14.125	 Loss: -0.03177526593208313
Step: 204800	Mean reward: 14.3125	 Loss: -0.0017114542424678802
Step: 212992	Mean reward: 15.59375	 Loss: -0.015805654227733612
Step: 221184	Mean reward: 15.0	 Loss: -0.07900539040565491
Step: 229376	Mean reward: 16.875	 Loss: 0.01647205837070942
Step: 237568	Mean reward: 16.75	 Loss: 0.007033664733171463
Step: 245760	Mean reward: 15.71875	 Loss: -0.01281299814581871
Step: 253952	Mean reward: 15.71875	 Loss: -0.09043587744235992
Step: 262144	Mean reward: 15.625	 Loss: 0.03476356342434883
Step: 270336	Mean reward: 15.75	 Loss: -0.022790923714637756
Step: 278528	Mean reward: 15.8125	 Loss: -0.0023095645010471344
Step: 286720	Mean reward: 15.125	 Loss: 0.0015683788806200027
Step: 294912	Mean reward: 17.25	 Loss: -0.05352719873189926
Step: 303104	Mean reward: 15.5	 Loss: -0.054680079221725464
Step: 311296	Mean reward: 16.125	 Loss: -0.034393325448036194
Step: 319488	Mean reward: 16.21875	 Loss: -0.07163619250059128
Step: 327680	Mean reward: 17.25	 Loss: -0.0674876868724823
Step: 335872	Mean reward: 18.125	 Loss: -0.034508273005485535
Step: 344064	Mean reward: 17.875	 Loss: -0.038820475339889526
Step: 352256	Mean reward: 17.0	 Loss: -0.0372365303337574
Step: 360448	Mean reward: 15.9375	 Loss: 0.012518424540758133
Step: 368640	Mean reward: 17.21875	 Loss: -0.03077692911028862
Step: 376832	Mean reward: 16.9375	 Loss: -0.08514562994241714
Step: 385024	Mean reward: 18.3125	 Loss: -0.006901934742927551
Step: 393216	Mean reward: 18.5	 Loss: -0.01582753099501133
Step: 401408	Mean reward: 17.78125	 Loss: -0.04395713657140732
Step: 409600	Mean reward: 17.5625	 Loss: -0.010945741087198257
Step: 417792	Mean reward: 16.65625	 Loss: 0.00016042962670326233
Step: 425984	Mean reward: 18.15625	 Loss: -0.08874064683914185
Step: 434176	Mean reward: 19.0	 Loss: -0.021072721108794212
Step: 442368	Mean reward: 17.34375	 Loss: -0.02691080793738365
Step: 450560	Mean reward: 17.71875	 Loss: 0.013538625091314316
Step: 458752	Mean reward: 19.09375	 Loss: 0.0295722559094429
Step: 466944	Mean reward: 18.96875	 Loss: -0.1295366734266281
Step: 475136	Mean reward: 19.8125	 Loss: -0.07691255211830139
Step: 483328	Mean reward: 17.78125	 Loss: -0.07808941602706909
Step: 491520	Mean reward: 17.6875	 Loss: 0.025701409205794334
Step: 499712	Mean reward: 18.3125	 Loss: -0.011257493868470192
Step: 507904	Mean reward: 19.46875	 Loss: -0.028875038027763367
Step: 516096	Mean reward: 19.3125	 Loss: 0.002674514427781105
Step: 524288	Mean reward: 19.03125	 Loss: -0.09092044830322266
Step: 532480	Mean reward: 18.28125	 Loss: -0.04530336707830429
Step: 540672	Mean reward: 21.625	 Loss: -0.025556456297636032
Step: 548864	Mean reward: 19.625	 Loss: -0.09112733602523804
Step: 557056	Mean reward: 20.9375	 Loss: -0.07376515865325928
Step: 565248	Mean reward: 19.4375	 Loss: 0.046223849058151245
Step: 573440	Mean reward: 19.78125	 Loss: -0.049493491649627686
Step: 581632	Mean reward: 19.03125	 Loss: 0.01500067487359047
Step: 589824	Mean reward: 19.65625	 Loss: -0.014681391417980194
Step: 598016	Mean reward: 19.375	 Loss: 0.01414971798658371
Step: 606208	Mean reward: 19.125	 Loss: 0.08753830194473267
Step: 614400	Mean reward: 19.15625	 Loss: -0.02228032611310482
Step: 622592	Mean reward: 18.0	 Loss: -0.05305635184049606
Step: 630784	Mean reward: 19.25	 Loss: -0.16523925960063934
Step: 638976	Mean reward: 18.96875	 Loss: -0.09380447119474411
Step: 647168	Mean reward: 18.25	 Loss: -0.07546098530292511
Step: 655360	Mean reward: 19.8125	 Loss: -0.09091711044311523
Step: 663552	Mean reward: 20.9375	 Loss: -0.04186604544520378
Step: 671744	Mean reward: 19.53125	 Loss: -0.07073164731264114
Step: 679936	Mean reward: 20.8125	 Loss: -0.052524663507938385
Step: 688128	Mean reward: 21.1875	 Loss: -0.09072241932153702
Step: 696320	Mean reward: 18.625	 Loss: -0.020375210791826248
Step: 704512	Mean reward: 19.3125	 Loss: -0.055347420275211334
Step: 712704	Mean reward: 19.0625	 Loss: -0.02446628361940384
Step: 720896	Mean reward: 19.21875	 Loss: -0.006801066920161247
Step: 729088	Mean reward: 18.9375	 Loss: -0.06519792228937149
Step: 737280	Mean reward: 20.875	 Loss: -0.026249727234244347
Step: 745472	Mean reward: 19.46875	 Loss: -0.04079698026180267
Step: 753664	Mean reward: 19.28125	 Loss: -0.02038227580487728
Step: 761856	Mean reward: 18.6875	 Loss: -0.024136459454894066
Step: 770048	Mean reward: 19.59375	 Loss: -0.09518727660179138
Step: 778240	Mean reward: 18.6875	 Loss: 0.024516159668564796
Step: 786432	Mean reward: 20.125	 Loss: -0.038803987205028534
Step: 794624	Mean reward: 18.84375	 Loss: -0.06782358139753342
Step: 802816	Mean reward: 18.375	 Loss: -0.02281889319419861
Step: 811008	Mean reward: 20.375	 Loss: -0.04044385999441147
Step: 819200	Mean reward: 20.71875	 Loss: -0.00978567823767662
Step: 827392	Mean reward: 21.21875	 Loss: -0.0797167420387268
Step: 835584	Mean reward: 21.28125	 Loss: -0.012615424580872059
Step: 843776	Mean reward: 18.15625	 Loss: -0.028584660962224007
Step: 851968	Mean reward: 20.0	 Loss: -0.011298219673335552
Step: 860160	Mean reward: 21.46875	 Loss: -0.10289148986339569
Step: 868352	Mean reward: 18.4375	 Loss: -0.08221907913684845
Step: 876544	Mean reward: 20.78125	 Loss: -0.00518303457647562
Step: 884736	Mean reward: 19.40625	 Loss: -0.12198718637228012
Step: 892928	Mean reward: 18.53125	 Loss: -0.011731204576790333
Step: 901120	Mean reward: 19.84375	 Loss: -0.05447232350707054
Step: 909312	Mean reward: 21.34375	 Loss: -0.027416769415140152
Step: 917504	Mean reward: 20.4375	 Loss: -0.09278187155723572
Step: 925696	Mean reward: 19.15625	 Loss: -0.029526926577091217
Step: 933888	Mean reward: 22.5	 Loss: -0.10118964314460754
Step: 942080	Mean reward: 19.375	 Loss: -0.08518295735120773
Step: 950272	Mean reward: 20.9375	 Loss: -0.08322235941886902
Step: 958464	Mean reward: 21.25	 Loss: -0.04613932967185974
Step: 966656	Mean reward: 20.5625	 Loss: -0.08553863316774368
Step: 974848	Mean reward: 19.375	 Loss: -0.0806749016046524
Step: 983040	Mean reward: 18.3125	 Loss: 0.09488704055547714
Step: 991232	Mean reward: 20.53125	 Loss: -0.06329264491796494
Step: 999424	Mean reward: 19.90625	 Loss: -0.03848123177886009
Step: 1007616	Mean reward: 19.5625	 Loss: 0.04119107872247696
Step: 1015808	Mean reward: 19.40625	 Loss: -0.009527946822345257
Step: 1024000	Mean reward: 19.78125	 Loss: -0.02083476260304451
Step: 1032192	Mean reward: 17.90625	 Loss: -0.03228406608104706
Step: 1040384	Mean reward: 20.3125	 Loss: -0.042700961232185364
Step: 1048576	Mean reward: 19.875	 Loss: 0.045736562460660934
Step: 1056768	Mean reward: 20.625	 Loss: -0.006401048973202705
Step: 1064960	Mean reward: 19.4375	 Loss: -0.05358230322599411
Step: 1073152	Mean reward: 20.40625	 Loss: -0.050377026200294495
Step: 1081344	Mean reward: 19.65625	 Loss: -0.0932232141494751
Step: 1089536	Mean reward: 19.34375	 Loss: 0.013880249112844467
Step: 1097728	Mean reward: 22.03125	 Loss: -0.09114637970924377
Step: 1105920	Mean reward: 19.375	 Loss: -0.04961438477039337
Step: 1114112	Mean reward: 21.625	 Loss: -0.12851081788539886
Step: 1122304	Mean reward: 19.8125	 Loss: -0.04062778130173683
Step: 1130496	Mean reward: 19.25	 Loss: -0.12000124156475067
Step: 1138688	Mean reward: 19.0625	 Loss: -0.028614826500415802
Step: 1146880	Mean reward: 20.25	 Loss: -0.012340676970779896
Step: 1155072	Mean reward: 20.46875	 Loss: -0.07946307212114334
Step: 1163264	Mean reward: 19.59375	 Loss: -0.05728388950228691
Step: 1171456	Mean reward: 17.3125	 Loss: -0.012244408018887043
Step: 1179648	Mean reward: 20.4375	 Loss: 0.040561430156230927
Step: 1187840	Mean reward: 20.09375	 Loss: -0.03749476373195648
Step: 1196032	Mean reward: 21.03125	 Loss: -0.08787018805742264
Step: 1204224	Mean reward: 22.125	 Loss: -0.06692936271429062
Step: 1212416	Mean reward: 20.125	 Loss: -0.027478516101837158
Step: 1220608	Mean reward: 20.625	 Loss: -0.04653984680771828
Step: 1228800	Mean reward: 21.9375	 Loss: -0.0993279218673706
Step: 1236992	Mean reward: 21.8125	 Loss: -0.00026536639779806137
Step: 1245184	Mean reward: 20.0625	 Loss: -0.02802812121808529
Step: 1253376	Mean reward: 19.3125	 Loss: -0.04075904190540314
Step: 1261568	Mean reward: 22.96875	 Loss: -0.026589885354042053
Step: 1269760	Mean reward: 22.125	 Loss: -0.16026075184345245
Step: 1277952	Mean reward: 22.9375	 Loss: -0.04764040932059288
Step: 1286144	Mean reward: 20.03125	 Loss: -0.03770679607987404
Step: 1294336	Mean reward: 20.25	 Loss: -0.013403568416833878
Step: 1302528	Mean reward: 19.46875	 Loss: -0.06268995255231857
Step: 1310720	Mean reward: 23.28125	 Loss: 0.030776388943195343
Step: 1318912	Mean reward: 20.40625	 Loss: 0.03560936823487282
Step: 1327104	Mean reward: 20.21875	 Loss: -0.0252101831138134
Step: 1335296	Mean reward: 21.3125	 Loss: -0.11706465482711792
Step: 1343488	Mean reward: 19.1875	 Loss: 0.007136760279536247
Step: 1351680	Mean reward: 21.625	 Loss: 0.0075012799352407455
Step: 1359872	Mean reward: 21.25	 Loss: -0.08347543329000473
Step: 1368064	Mean reward: 20.40625	 Loss: -0.11260273307561874
Step: 1376256	Mean reward: 20.15625	 Loss: -0.08616182953119278
Step: 1384448	Mean reward: 20.15625	 Loss: -0.057019151747226715
Step: 1392640	Mean reward: 21.21875	 Loss: -0.06456447392702103
Step: 1400832	Mean reward: 20.125	 Loss: -0.0405476875603199
Step: 1409024	Mean reward: 22.375	 Loss: -0.0718357264995575
Step: 1417216	Mean reward: 20.65625	 Loss: -0.07089018076658249
Step: 1425408	Mean reward: 20.5625	 Loss: -0.006660500541329384
Step: 1433600	Mean reward: 20.875	 Loss: -0.03713073581457138
Step: 1441792	Mean reward: 22.09375	 Loss: -0.005141181871294975
Step: 1449984	Mean reward: 20.78125	 Loss: -0.05447439104318619
Step: 1458176	Mean reward: 20.5	 Loss: -0.07042654603719711
Step: 1466368	Mean reward: 22.6875	 Loss: -0.10048822313547134
Step: 1474560	Mean reward: 20.5	 Loss: -0.03365500271320343
Step: 1482752	Mean reward: 21.125	 Loss: -0.07858295738697052
Step: 1490944	Mean reward: 21.53125	 Loss: -0.06320074945688248
Step: 1499136	Mean reward: 20.3125	 Loss: 0.0027264393866062164
Step: 1507328	Mean reward: 21.09375	 Loss: 0.0031647738069295883
Step: 1515520	Mean reward: 21.25	 Loss: -0.029428888112306595
Step: 1523712	Mean reward: 18.96875	 Loss: -0.04409667104482651
Step: 1531904	Mean reward: 20.6875	 Loss: -0.026181045919656754
Step: 1540096	Mean reward: 23.375	 Loss: 0.01520860381424427
Step: 1548288	Mean reward: 20.21875	 Loss: -0.0824522078037262
Step: 1556480	Mean reward: 21.34375	 Loss: -0.1268722265958786
Step: 1564672	Mean reward: 21.3125	 Loss: 0.0362011082470417
Step: 1572864	Mean reward: 20.3125	 Loss: -0.02919594570994377
Step: 1581056	Mean reward: 21.59375	 Loss: -0.10254999995231628
Step: 1589248	Mean reward: 20.75	 Loss: -0.07594793289899826
Step: 1597440	Mean reward: 19.6875	 Loss: -0.028259385377168655
Step: 1605632	Mean reward: 21.5	 Loss: -0.026759695261716843
Step: 1613824	Mean reward: 21.34375	 Loss: -0.07257748395204544
Step: 1622016	Mean reward: 21.71875	 Loss: -0.036262501031160355
Step: 1630208	Mean reward: 21.53125	 Loss: -0.05520247668027878
Step: 1638400	Mean reward: 21.15625	 Loss: -0.01536294911056757
Step: 1646592	Mean reward: 21.15625	 Loss: -0.043037354946136475
Step: 1654784	Mean reward: 21.5625	 Loss: -0.15557996928691864
Step: 1662976	Mean reward: 22.40625	 Loss: -0.0022967932745814323
Step: 1671168	Mean reward: 21.28125	 Loss: 0.03213195875287056
Step: 1679360	Mean reward: 20.71875	 Loss: -0.0946488156914711
Step: 1687552	Mean reward: 20.0	 Loss: -0.10969623923301697
Step: 1695744	Mean reward: 20.8125	 Loss: 0.007163061760365963
Step: 1703936	Mean reward: 20.84375	 Loss: -0.06065807491540909
Step: 1712128	Mean reward: 20.75	 Loss: -0.09468874335289001
Step: 1720320	Mean reward: 18.875	 Loss: -0.035545676946640015
Step: 1728512	Mean reward: 20.21875	 Loss: -0.06343171000480652
Step: 1736704	Mean reward: 20.09375	 Loss: -0.08472922444343567
Step: 1744896	Mean reward: 21.53125	 Loss: -0.09313027560710907
Step: 1753088	Mean reward: 20.0	 Loss: -0.01654568687081337
Step: 1761280	Mean reward: 20.0625	 Loss: -0.03122277557849884
Step: 1769472	Mean reward: 20.84375	 Loss: -0.06856609880924225
Step: 1777664	Mean reward: 21.84375	 Loss: -0.09034500271081924
Step: 1785856	Mean reward: 20.9375	 Loss: -0.0342191718518734
Step: 1794048	Mean reward: 21.21875	 Loss: -0.09189169853925705
Step: 1802240	Mean reward: 20.65625	 Loss: -0.05014369636774063
Step: 1810432	Mean reward: 21.03125	 Loss: -0.10350463539361954
Step: 1818624	Mean reward: 21.53125	 Loss: -0.0052247969433665276
Step: 1826816	Mean reward: 19.78125	 Loss: -0.06344162672758102
Step: 1835008	Mean reward: 22.0	 Loss: -0.09787046909332275
Step: 1843200	Mean reward: 20.0625	 Loss: -0.04815913364291191
Step: 1851392	Mean reward: 20.09375	 Loss: -0.01639668270945549
Step: 1859584	Mean reward: 20.71875	 Loss: 0.012020453810691833
Step: 1867776	Mean reward: 20.0	 Loss: -0.07592599838972092
Step: 1875968	Mean reward: 21.3125	 Loss: -0.0463743582367897
Step: 1884160	Mean reward: 21.0625	 Loss: -0.029432518407702446
Step: 1892352	Mean reward: 20.625	 Loss: 0.008954476565122604
Step: 1900544	Mean reward: 19.8125	 Loss: -0.018648561090230942
Step: 1908736	Mean reward: 20.75	 Loss: -0.03279390186071396
Step: 1916928	Mean reward: 20.46875	 Loss: -0.09463748335838318
Step: 1925120	Mean reward: 21.21875	 Loss: -0.05937901884317398
Step: 1933312	Mean reward: 20.96875	 Loss: -0.08138815313577652
Step: 1941504	Mean reward: 20.40625	 Loss: -0.08238806575536728
Step: 1949696	Mean reward: 20.65625	 Loss: -0.05434129387140274
Step: 1957888	Mean reward: 19.875	 Loss: -0.06866151094436646
Step: 1966080	Mean reward: 20.875	 Loss: -0.09006678313016891
Step: 1974272	Mean reward: 20.875	 Loss: -0.016235001385211945
Step: 1982464	Mean reward: 19.0	 Loss: -0.017291296273469925
Step: 1990656	Mean reward: 20.6875	 Loss: -0.04093270003795624
Step: 1998848	Mean reward: 22.1875	 Loss: -0.0051902588456869125
Step: 2007040	Mean reward: 19.4375	 Loss: 0.021124253049492836
Step: 2015232	Mean reward: 21.15625	 Loss: -0.022239210084080696
Step: 2023424	Mean reward: 21.5	 Loss: -0.039084818214178085
Step: 2031616	Mean reward: 20.15625	 Loss: -0.1062503233551979
Step: 2039808	Mean reward: 19.875	 Loss: -0.005065894685685635
Step: 2048000	Mean reward: 21.5	 Loss: -0.02941296249628067
Step: 2056192	Mean reward: 19.96875	 Loss: -0.1289592981338501
Step: 2064384	Mean reward: 19.96875	 Loss: -0.12037909775972366
Step: 2072576	Mean reward: 17.6875	 Loss: 0.00040829647332429886
Step: 2080768	Mean reward: 20.65625	 Loss: -0.1444336622953415
Step: 2088960	Mean reward: 21.625	 Loss: -0.10706678777933121
Step: 2097152	Mean reward: 21.71875	 Loss: 0.0057752700522542
Step: 2105344	Mean reward: 21.53125	 Loss: -0.0484277680516243
Step: 2113536	Mean reward: 21.84375	 Loss: -0.06404276192188263
Step: 2121728	Mean reward: 20.8125	 Loss: -0.050935059785842896
Step: 2129920	Mean reward: 21.6875	 Loss: -0.03747832775115967
Step: 2138112	Mean reward: 19.875	 Loss: -0.1256137639284134
Step: 2146304	Mean reward: 20.96875	 Loss: -0.004449646919965744
Step: 2154496	Mean reward: 21.15625	 Loss: -0.02099749445915222
Step: 2162688	Mean reward: 21.5	 Loss: -0.12429884821176529
Step: 2170880	Mean reward: 20.6875	 Loss: -0.03335345536470413
Step: 2179072	Mean reward: 21.65625	 Loss: 0.016254855319857597
Step: 2187264	Mean reward: 20.90625	 Loss: -0.0639471486210823
Step: 2195456	Mean reward: 20.78125	 Loss: -0.04204891622066498
Step: 2203648	Mean reward: 21.40625	 Loss: -0.03326814994215965
Step: 2211840	Mean reward: 20.6875	 Loss: -0.008912262506783009
Step: 2220032	Mean reward: 21.03125	 Loss: -0.09094627946615219
Step: 2228224	Mean reward: 21.3125	 Loss: -0.09354377537965775
Step: 2236416	Mean reward: 21.28125	 Loss: -0.09225443750619888
Step: 2244608	Mean reward: 20.9375	 Loss: 0.02798139862716198
Step: 2252800	Mean reward: 19.9375	 Loss: -0.07462340593338013
Step: 2260992	Mean reward: 21.96875	 Loss: -0.047807738184928894
Step: 2269184	Mean reward: 19.8125	 Loss: -0.017512205988168716
Step: 2277376	Mean reward: 20.5625	 Loss: -0.07977110892534256
Step: 2285568	Mean reward: 21.8125	 Loss: -0.005676642060279846
Step: 2293760	Mean reward: 20.09375	 Loss: -0.07758450508117676
Step: 2301952	Mean reward: 19.6875	 Loss: -0.1377004235982895
Step: 2310144	Mean reward: 19.09375	 Loss: -0.03367083892226219
Step: 2318336	Mean reward: 22.1875	 Loss: -0.06679736822843552
Step: 2326528	Mean reward: 21.625	 Loss: -0.07141874730587006
Step: 2334720	Mean reward: 19.9375	 Loss: 0.016088910400867462
Step: 2342912	Mean reward: 19.59375	 Loss: -0.02837604470551014
Step: 2351104	Mean reward: 21.4375	 Loss: 0.011272244155406952
Step: 2359296	Mean reward: 19.625	 Loss: -0.11259283870458603
Step: 2367488	Mean reward: 20.25	 Loss: -0.08415812999010086
Step: 2375680	Mean reward: 21.125	 Loss: 0.02647540718317032
Step: 2383872	Mean reward: 20.03125	 Loss: -0.05199315771460533
Step: 2392064	Mean reward: 21.625	 Loss: -0.03837954252958298
Step: 2400256	Mean reward: 19.96875	 Loss: -0.07711161673069
Step: 2408448	Mean reward: 21.8125	 Loss: 0.009745101444423199
Step: 2416640	Mean reward: 21.9375	 Loss: -0.04364955052733421
Step: 2424832	Mean reward: 21.53125	 Loss: -0.01563192903995514
Step: 2433024	Mean reward: 21.96875	 Loss: -0.12648624181747437
Step: 2441216	Mean reward: 21.8125	 Loss: -0.030074896290898323
Step: 2449408	Mean reward: 20.0625	 Loss: -0.0333029143512249
Step: 2457600	Mean reward: 19.59375	 Loss: -0.049583472311496735
Step: 2465792	Mean reward: 21.03125	 Loss: -0.03883475065231323
Step: 2473984	Mean reward: 20.03125	 Loss: -0.08556337654590607
Step: 2482176	Mean reward: 19.625	 Loss: -0.019256077706813812
Step: 2490368	Mean reward: 19.34375	 Loss: -0.020174767822027206
Step: 2498560	Mean reward: 21.40625	 Loss: -0.039574749767780304
Step: 2506752	Mean reward: 20.875	 Loss: -0.0283808633685112
Step: 2514944	Mean reward: 21.71875	 Loss: -0.009457294829189777
Step: 2523136	Mean reward: 21.1875	 Loss: -0.07965449243783951
Step: 2531328	Mean reward: 20.46875	 Loss: -0.03652070090174675
Step: 2539520	Mean reward: 21.34375	 Loss: -0.06276081502437592
Step: 2547712	Mean reward: 20.34375	 Loss: -0.08322946727275848
Step: 2555904	Mean reward: 20.28125	 Loss: 0.027418427169322968
Step: 2564096	Mean reward: 22.125	 Loss: -0.06630413979291916
Step: 2572288	Mean reward: 21.15625	 Loss: -0.032265253365039825
Step: 2580480	Mean reward: 21.46875	 Loss: -0.04090838134288788
Step: 2588672	Mean reward: 21.25	 Loss: -0.055522285401821136
Step: 2596864	Mean reward: 22.21875	 Loss: -0.046918097883462906
Step: 2605056	Mean reward: 22.0	 Loss: -0.16129837930202484
Step: 2613248	Mean reward: 20.25	 Loss: -0.05818440020084381
Step: 2621440	Mean reward: 19.59375	 Loss: -0.04467654228210449
Step: 2629632	Mean reward: 21.0	 Loss: -0.09281069785356522
Step: 2637824	Mean reward: 21.4375	 Loss: -0.0940672755241394
Step: 2646016	Mean reward: 21.375	 Loss: -0.08537067472934723
Step: 2654208	Mean reward: 20.25	 Loss: 0.0033812839537858963
Step: 2662400	Mean reward: 19.34375	 Loss: -0.02367805689573288
Step: 2670592	Mean reward: 21.71875	 Loss: -0.13582199811935425
Step: 2678784	Mean reward: 20.25	 Loss: -0.10712533444166183
Step: 2686976	Mean reward: 20.90625	 Loss: -0.08050521463155746
Step: 2695168	Mean reward: 22.1875	 Loss: -0.027940843254327774
Step: 2703360	Mean reward: 21.9375	 Loss: -0.016085980460047722
Step: 2711552	Mean reward: 19.28125	 Loss: -0.06730154156684875
Step: 2719744	Mean reward: 22.46875	 Loss: -0.012132938951253891
Step: 2727936	Mean reward: 21.59375	 Loss: -0.04030889272689819
Step: 2736128	Mean reward: 21.375	 Loss: -0.07790322601795197
Step: 2744320	Mean reward: 20.90625	 Loss: -0.0645352229475975
Step: 2752512	Mean reward: 20.65625	 Loss: 0.007606092840433121
Step: 2760704	Mean reward: 20.875	 Loss: -0.08017886430025101
Step: 2768896	Mean reward: 20.125	 Loss: -0.0689864233136177
Step: 2777088	Mean reward: 18.78125	 Loss: -0.07985640317201614
Step: 2785280	Mean reward: 21.3125	 Loss: -0.053846001625061035
Step: 2793472	Mean reward: 21.25	 Loss: -0.06797954440116882
Step: 2801664	Mean reward: 20.90625	 Loss: 0.028780385851860046
Step: 2809856	Mean reward: 20.25	 Loss: -0.09544182568788528
Step: 2818048	Mean reward: 21.25	 Loss: 0.00014789123088121414
Step: 2826240	Mean reward: 21.34375	 Loss: -0.08590038120746613
Step: 2834432	Mean reward: 21.28125	 Loss: -0.1158810406923294
Step: 2842624	Mean reward: 20.0625	 Loss: 0.006949697621166706
Step: 2850816	Mean reward: 20.875	 Loss: -0.08615847676992416
Step: 2859008	Mean reward: 19.8125	 Loss: 0.022308018058538437
Step: 2867200	Mean reward: 20.1875	 Loss: -0.08991775661706924
Step: 2875392	Mean reward: 19.8125	 Loss: -0.022678803652524948
Step: 2883584	Mean reward: 21.71875	 Loss: -0.06333397328853607
Step: 2891776	Mean reward: 18.71875	 Loss: -0.028001949191093445
Step: 2899968	Mean reward: 20.3125	 Loss: -0.07113707065582275
Step: 2908160	Mean reward: 20.84375	 Loss: 0.1263815015554428
Step: 2916352	Mean reward: 20.46875	 Loss: -0.06492583453655243
Step: 2924544	Mean reward: 21.71875	 Loss: 0.001301865093410015
Step: 2932736	Mean reward: 20.5	 Loss: -0.08458661288022995
Step: 2940928	Mean reward: 20.59375	 Loss: -0.06331276893615723
Step: 2949120	Mean reward: 21.40625	 Loss: -0.08751420676708221
Step: 2957312	Mean reward: 22.0	 Loss: -0.052523139864206314
Step: 2965504	Mean reward: 19.71875	 Loss: -0.03412599489092827
Step: 2973696	Mean reward: 20.625	 Loss: -0.05219700559973717
Step: 2981888	Mean reward: 21.15625	 Loss: -0.05690049007534981
Step: 2990080	Mean reward: 21.6875	 Loss: -0.10341890901327133
Step: 2998272	Mean reward: 21.6875	 Loss: -0.05250509828329086
Step: 3006464	Mean reward: 21.9375	 Loss: -0.06399035453796387
Step: 3014656	Mean reward: 20.78125	 Loss: -0.05189862474799156
Step: 3022848	Mean reward: 20.8125	 Loss: -0.0908714234828949
Step: 3031040	Mean reward: 21.03125	 Loss: -0.04833986982703209
Step: 3039232	Mean reward: 20.3125	 Loss: -0.0799420103430748
Step: 3047424	Mean reward: 21.75	 Loss: -0.024082660675048828
Step: 3055616	Mean reward: 21.21875	 Loss: -0.06541028618812561
Step: 3063808	Mean reward: 21.8125	 Loss: -0.05165232717990875
Step: 3072000	Mean reward: 20.71875	 Loss: -0.039839521050453186
Step: 3080192	Mean reward: 20.3125	 Loss: 0.01910996064543724
Step: 3088384	Mean reward: 19.59375	 Loss: -0.048965565860271454
Step: 3096576	Mean reward: 20.5625	 Loss: -0.042350489646196365
Step: 3104768	Mean reward: 20.21875	 Loss: -0.10177750140428543
Step: 3112960	Mean reward: 22.5625	 Loss: -0.01121584977954626
Step: 3121152	Mean reward: 18.34375	 Loss: -0.051901377737522125
Step: 3129344	Mean reward: 21.75	 Loss: 0.03487357497215271
Step: 3137536	Mean reward: 23.71875	 Loss: -0.02429390326142311
Step: 3145728	Mean reward: 21.6875	 Loss: -0.016710130497813225
Step: 3153920	Mean reward: 20.75	 Loss: 0.01030221302062273
Step: 3162112	Mean reward: 21.71875	 Loss: -0.03731854259967804
Step: 3170304	Mean reward: 21.28125	 Loss: -0.017778566107153893
Step: 3178496	Mean reward: 20.34375	 Loss: 0.06968416273593903
Step: 3186688	Mean reward: 22.65625	 Loss: -0.01473478227853775
Step: 3194880	Mean reward: 19.78125	 Loss: -0.03008202835917473
Step: 3203072	Mean reward: 18.3125	 Loss: 0.02806379646062851
Step: 3211264	Mean reward: 20.25	 Loss: -0.0078107332810759544
Step: 3219456	Mean reward: 20.71875	 Loss: -0.023065611720085144
Step: 3227648	Mean reward: 21.96875	 Loss: -0.11916480213403702
Step: 3235840	Mean reward: 21.5625	 Loss: 0.009623480960726738
Step: 3244032	Mean reward: 21.1875	 Loss: -0.05930429324507713
Step: 3252224	Mean reward: 20.375	 Loss: -0.013273429125547409
Step: 3260416	Mean reward: 20.3125	 Loss: -0.015278435312211514
Step: 3268608	Mean reward: 20.375	 Loss: -0.07033566385507584
Step: 3276800	Mean reward: 19.0625	 Loss: -0.05950850248336792
Step: 3284992	Mean reward: 19.65625	 Loss: -0.023694351315498352
Step: 3293184	Mean reward: 21.65625	 Loss: 0.006660966202616692
Step: 3301376	Mean reward: 20.4375	 Loss: -0.05739565193653107
Step: 3309568	Mean reward: 22.09375	 Loss: -0.07051004469394684
Step: 3317760	Mean reward: 19.1875	 Loss: -0.06864228844642639
Step: 3325952	Mean reward: 20.84375	 Loss: -0.06572576612234116
Step: 3334144	Mean reward: 21.71875	 Loss: -0.02915762923657894
Step: 3342336	Mean reward: 20.875	 Loss: -0.06605876982212067
Step: 3350528	Mean reward: 21.6875	 Loss: -0.03769734501838684
Step: 3358720	Mean reward: 23.25	 Loss: -0.02042708545923233
Step: 3366912	Mean reward: 21.15625	 Loss: -0.05735189467668533
Step: 3375104	Mean reward: 21.1875	 Loss: -0.06506876647472382
Step: 3383296	Mean reward: 21.1875	 Loss: -0.05415969341993332
Step: 3391488	Mean reward: 21.78125	 Loss: -0.15030191838741302
Step: 3399680	Mean reward: 20.9375	 Loss: -0.05639835447072983
Step: 3407872	Mean reward: 21.53125	 Loss: -0.09836885333061218
Step: 3416064	Mean reward: 23.0	 Loss: -0.13046054542064667
Step: 3424256	Mean reward: 21.34375	 Loss: -0.032428525388240814
Step: 3432448	Mean reward: 20.5625	 Loss: -0.06070942059159279
Step: 3440640	Mean reward: 19.625	 Loss: 0.04055272042751312
Step: 3448832	Mean reward: 20.8125	 Loss: -0.08604107797145844
Step: 3457024	Mean reward: 20.21875	 Loss: -0.018586602061986923
Step: 3465216	Mean reward: 20.625	 Loss: -0.05025254189968109
Step: 3473408	Mean reward: 19.15625	 Loss: -0.029246922582387924
Step: 3481600	Mean reward: 21.375	 Loss: -0.04896712303161621
Step: 3489792	Mean reward: 21.53125	 Loss: -0.06867922097444534
Step: 3497984	Mean reward: 20.59375	 Loss: 0.011786759831011295
Step: 3506176	Mean reward: 20.28125	 Loss: -0.1001354455947876
Step: 3514368	Mean reward: 21.40625	 Loss: -0.019052648916840553
Step: 3522560	Mean reward: 19.25	 Loss: -0.08184594660997391
Step: 3530752	Mean reward: 23.28125	 Loss: -0.05344804748892784
Step: 3538944	Mean reward: 21.53125	 Loss: -0.03860194981098175
Step: 3547136	Mean reward: 20.75	 Loss: -0.02092522569000721
Step: 3555328	Mean reward: 19.5	 Loss: -0.06837282329797745
Step: 3563520	Mean reward: 20.28125	 Loss: 0.013478179462254047
Step: 3571712	Mean reward: 20.40625	 Loss: -0.049188122153282166
Step: 3579904	Mean reward: 20.3125	 Loss: -0.07227123528718948
Step: 3588096	Mean reward: 21.90625	 Loss: -0.08388788253068924
Step: 3596288	Mean reward: 21.1875	 Loss: -0.07150772213935852
Step: 3604480	Mean reward: 20.3125	 Loss: -0.05086887627840042
Step: 3612672	Mean reward: 20.0	 Loss: -0.03380025923252106
Step: 3620864	Mean reward: 19.90625	 Loss: 0.00901795830577612
Step: 3629056	Mean reward: 19.875	 Loss: -0.15967689454555511
Step: 3637248	Mean reward: 20.78125	 Loss: -0.10699881613254547
Step: 3645440	Mean reward: 20.8125	 Loss: -0.045317910611629486
Step: 3653632	Mean reward: 21.09375	 Loss: -0.029978031292557716
Step: 3661824	Mean reward: 20.96875	 Loss: -0.05584211274981499
Step: 3670016	Mean reward: 21.71875	 Loss: -0.09729637950658798
Step: 3678208	Mean reward: 20.78125	 Loss: 0.009689080528914928
Step: 3686400	Mean reward: 20.71875	 Loss: -0.10484346002340317
Step: 3694592	Mean reward: 22.8125	 Loss: -0.0692855641245842
Step: 3702784	Mean reward: 21.0	 Loss: -0.09258390218019485
Step: 3710976	Mean reward: 23.0625	 Loss: -0.04144952446222305
Step: 3719168	Mean reward: 21.0	 Loss: -0.06076572835445404
Step: 3727360	Mean reward: 20.90625	 Loss: -0.06769751012325287
Step: 3735552	Mean reward: 21.3125	 Loss: 0.04406881332397461
Step: 3743744	Mean reward: 22.21875	 Loss: -0.08093833178281784
Step: 3751936	Mean reward: 21.75	 Loss: -0.08303303271532059
Step: 3760128	Mean reward: 20.75	 Loss: 0.05045207962393761
Step: 3768320	Mean reward: 20.625	 Loss: -0.06951417028903961
Step: 3776512	Mean reward: 20.90625	 Loss: -0.008726079016923904
Step: 3784704	Mean reward: 21.78125	 Loss: -0.05823943763971329
Step: 3792896	Mean reward: 19.09375	 Loss: -0.0396248959004879
Step: 3801088	Mean reward: 19.375	 Loss: -0.016589047387242317
Step: 3809280	Mean reward: 20.90625	 Loss: 0.0003986107185482979
Step: 3817472	Mean reward: 21.5625	 Loss: -0.03548165410757065
Step: 3825664	Mean reward: 20.59375	 Loss: -0.038602154701948166
Step: 3833856	Mean reward: 19.625	 Loss: -0.005414527840912342
Step: 3842048	Mean reward: 20.90625	 Loss: -0.08444125205278397
Step: 3850240	Mean reward: 21.03125	 Loss: 0.025658104568719864
Step: 3858432	Mean reward: 20.8125	 Loss: -0.03606346994638443
Step: 3866624	Mean reward: 21.46875	 Loss: -0.030534032732248306
Step: 3874816	Mean reward: 20.875	 Loss: -0.0773877203464508
Step: 3883008	Mean reward: 21.21875	 Loss: 0.0314292386174202
Step: 3891200	Mean reward: 23.09375	 Loss: -0.09042038023471832
Step: 3899392	Mean reward: 21.9375	 Loss: 0.012283961288630962
Step: 3907584	Mean reward: 20.125	 Loss: -0.0507114939391613
Step: 3915776	Mean reward: 22.4375	 Loss: -0.05234423652291298
Step: 3923968	Mean reward: 21.625	 Loss: -0.026584753766655922
Step: 3932160	Mean reward: 20.9375	 Loss: -0.053996141999959946
Step: 3940352	Mean reward: 20.90625	 Loss: -0.053687408566474915
Step: 3948544	Mean reward: 19.9375	 Loss: 0.00798055436462164
Step: 3956736	Mean reward: 21.28125	 Loss: 0.004044230096042156
Step: 3964928	Mean reward: 20.4375	 Loss: -0.08787499368190765
Step: 3973120	Mean reward: 22.21875	 Loss: -0.07276499271392822
Step: 3981312	Mean reward: 22.09375	 Loss: -0.08084894716739655
Step: 3989504	Mean reward: 19.84375	 Loss: -0.054329026490449905
Step: 3997696	Mean reward: 20.15625	 Loss: -0.13576287031173706
Step: 4005888	Mean reward: 22.125	 Loss: -0.056406185030937195
Completed training at 2021-12-06 03:02:22

