{'total_steps': 12000000.0, 'num_envs': 32, 'num_steps': 256, 'num_levels': 200, 'num_epochs': 3, 'batch_size': 8, 'eps': 0.2, 'grad_eps': 0.5, 'value_coef': 0.5, 'entropy_coef': 0.01, 'c1': 0.5, 'c2': 0.1, 'num_actions': 4, 'in_channels': 3, 'feature_dim': 64, 'env_name': 'maze', 'use_background': False}
Observation space: Box([[[0. 0. 0. ... 0. 0. 0.]
  [0. 0. 0. ... 0. 0. 0.]
  [0. 0. 0. ... 0. 0. 0.]
  ...
  [0. 0. 0. ... 0. 0. 0.]
  [0. 0. 0. ... 0. 0. 0.]
  [0. 0. 0. ... 0. 0. 0.]]

 [[0. 0. 0. ... 0. 0. 0.]
  [0. 0. 0. ... 0. 0. 0.]
  [0. 0. 0. ... 0. 0. 0.]
  ...
  [0. 0. 0. ... 0. 0. 0.]
  [0. 0. 0. ... 0. 0. 0.]
  [0. 0. 0. ... 0. 0. 0.]]

 [[0. 0. 0. ... 0. 0. 0.]
  [0. 0. 0. ... 0. 0. 0.]
  [0. 0. 0. ... 0. 0. 0.]
  ...
  [0. 0. 0. ... 0. 0. 0.]
  [0. 0. 0. ... 0. 0. 0.]
  [0. 0. 0. ... 0. 0. 0.]]], [[[1. 1. 1. ... 1. 1. 1.]
  [1. 1. 1. ... 1. 1. 1.]
  [1. 1. 1. ... 1. 1. 1.]
  ...
  [1. 1. 1. ... 1. 1. 1.]
  [1. 1. 1. ... 1. 1. 1.]
  [1. 1. 1. ... 1. 1. 1.]]

 [[1. 1. 1. ... 1. 1. 1.]
  [1. 1. 1. ... 1. 1. 1.]
  [1. 1. 1. ... 1. 1. 1.]
  ...
  [1. 1. 1. ... 1. 1. 1.]
  [1. 1. 1. ... 1. 1. 1.]
  [1. 1. 1. ... 1. 1. 1.]]

 [[1. 1. 1. ... 1. 1. 1.]
  [1. 1. 1. ... 1. 1. 1.]
  [1. 1. 1. ... 1. 1. 1.]
  ...
  [1. 1. 1. ... 1. 1. 1.]
  [1. 1. 1. ... 1. 1. 1.]
  [1. 1. 1. ... 1. 1. 1.]]], (3, 64, 64), float32)
Action space: 15
Step: 8192	Mean reward: 3.4375
Step: 16384	Mean reward: 3.75
Step: 24576	Mean reward: 2.8125
Step: 32768	Mean reward: 4.0625
Step: 40960	Mean reward: 4.0625
Step: 49152	Mean reward: 4.375
Step: 57344	Mean reward: 4.6875
Step: 65536	Mean reward: 1.25
Step: 73728	Mean reward: 4.6875
Step: 81920	Mean reward: 3.4375
Step: 90112	Mean reward: 6.25
Step: 98304	Mean reward: 4.0625
Step: 106496	Mean reward: 3.75
Step: 114688	Mean reward: 4.0625
Step: 122880	Mean reward: 4.0625
Step: 131072	Mean reward: 1.25
Step: 139264	Mean reward: 1.5625
Step: 147456	Mean reward: 5.0
Step: 155648	Mean reward: 2.5
Step: 163840	Mean reward: 3.4375
Step: 172032	Mean reward: 3.125
Step: 180224	Mean reward: 5.0
Step: 188416	Mean reward: 2.8125
Step: 196608	Mean reward: 4.6875
Step: 204800	Mean reward: 3.4375
Step: 212992	Mean reward: 3.4375
Step: 221184	Mean reward: 2.5
Step: 229376	Mean reward: 2.5
Step: 237568	Mean reward: 1.25
Step: 245760	Mean reward: 4.0625
Step: 253952	Mean reward: 3.125
Step: 262144	Mean reward: 6.25
Step: 270336	Mean reward: 3.125
Step: 278528	Mean reward: 3.125
Step: 286720	Mean reward: 3.125
Step: 294912	Mean reward: 5.3125
Step: 303104	Mean reward: 3.4375
Step: 311296	Mean reward: 4.375
Step: 319488	Mean reward: 3.75
Step: 327680	Mean reward: 5.0
Step: 335872	Mean reward: 2.5
Step: 344064	Mean reward: 5.625
Step: 352256	Mean reward: 2.5
Step: 360448	Mean reward: 2.1875
Step: 368640	Mean reward: 1.5625
Step: 376832	Mean reward: 3.4375
Step: 385024	Mean reward: 2.8125
Step: 393216	Mean reward: 6.25
Step: 401408	Mean reward: 3.75
Step: 409600	Mean reward: 2.8125
Step: 417792	Mean reward: 4.375
Step: 425984	Mean reward: 5.0
Step: 434176	Mean reward: 2.5
Step: 442368	Mean reward: 5.0
Step: 450560	Mean reward: 5.625
Step: 458752	Mean reward: 3.125
Step: 466944	Mean reward: 4.6875
Step: 475136	Mean reward: 2.5
Step: 483328	Mean reward: 3.75
Step: 491520	Mean reward: 3.125
Step: 499712	Mean reward: 4.6875
Step: 507904	Mean reward: 4.6875
Step: 516096	Mean reward: 2.5
Step: 524288	Mean reward: 2.5
Step: 532480	Mean reward: 2.1875
Step: 540672	Mean reward: 4.6875
Step: 548864	Mean reward: 3.75
Step: 557056	Mean reward: 5.0
Step: 565248	Mean reward: 2.1875
Step: 573440	Mean reward: 2.5
Step: 581632	Mean reward: 3.75
Step: 589824	Mean reward: 3.4375
Step: 598016	Mean reward: 3.4375
Step: 606208	Mean reward: 3.4375
Step: 614400	Mean reward: 4.6875
Step: 622592	Mean reward: 3.125
Step: 630784	Mean reward: 5.625
Step: 638976	Mean reward: 4.6875
Step: 647168	Mean reward: 5.9375
Step: 655360	Mean reward: 3.75
Step: 663552	Mean reward: 3.4375
Step: 671744	Mean reward: 7.1875
Step: 679936	Mean reward: 1.875
Step: 688128	Mean reward: 2.8125
Step: 696320	Mean reward: 3.4375
Step: 704512	Mean reward: 2.8125
Step: 712704	Mean reward: 2.8125
Step: 720896	Mean reward: 7.1875
Step: 729088	Mean reward: 3.125
Step: 737280	Mean reward: 2.1875
Step: 745472	Mean reward: 3.4375
Step: 753664	Mean reward: 4.0625
Step: 761856	Mean reward: 2.8125
Step: 770048	Mean reward: 3.75
Step: 778240	Mean reward: 5.0
Step: 786432	Mean reward: 3.4375
Step: 794624	Mean reward: 1.875
Step: 802816	Mean reward: 3.125
Step: 811008	Mean reward: 3.4375
Step: 819200	Mean reward: 5.9375
Step: 827392	Mean reward: 3.4375
Step: 835584	Mean reward: 2.5
Step: 843776	Mean reward: 5.9375
Step: 851968	Mean reward: 5.9375
Step: 860160	Mean reward: 6.25
Step: 868352	Mean reward: 0.625
Step: 876544	Mean reward: 3.4375
Step: 884736	Mean reward: 3.125
Step: 892928	Mean reward: 2.8125
Step: 901120	Mean reward: 5.625
Step: 909312	Mean reward: 3.4375
Step: 917504	Mean reward: 2.1875
Step: 925696	Mean reward: 3.125
Step: 933888	Mean reward: 2.5
Step: 942080	Mean reward: 2.1875
Step: 950272	Mean reward: 5.0
Step: 958464	Mean reward: 2.1875
Step: 966656	Mean reward: 2.5
Step: 974848	Mean reward: 3.125
Step: 983040	Mean reward: 4.0625
Step: 991232	Mean reward: 3.4375
Step: 999424	Mean reward: 4.6875
Step: 1007616	Mean reward: 5.625
Step: 1015808	Mean reward: 2.1875
Step: 1024000	Mean reward: 1.875
Step: 1032192	Mean reward: 3.75
Step: 1040384	Mean reward: 2.8125
Step: 1048576	Mean reward: 1.5625
Step: 1056768	Mean reward: 3.4375
Step: 1064960	Mean reward: 2.8125
Step: 1073152	Mean reward: 1.5625
Step: 1081344	Mean reward: 2.1875
Step: 1089536	Mean reward: 4.0625
Step: 1097728	Mean reward: 2.8125
Step: 1105920	Mean reward: 3.125
Step: 1114112	Mean reward: 2.1875
Step: 1122304	Mean reward: 5.625
Step: 1130496	Mean reward: 1.875
Step: 1138688	Mean reward: 5.0
Step: 1146880	Mean reward: 4.0625
Step: 1155072	Mean reward: 1.5625
Step: 1163264	Mean reward: 3.125
Step: 1171456	Mean reward: 4.375
Step: 1179648	Mean reward: 4.375
Step: 1187840	Mean reward: 2.8125
Step: 1196032	Mean reward: 3.4375
Step: 1204224	Mean reward: 4.375
Step: 1212416	Mean reward: 5.625
Step: 1220608	Mean reward: 4.6875
Step: 1228800	Mean reward: 5.3125
Step: 1236992	Mean reward: 2.5
Step: 1245184	Mean reward: 3.125
Step: 1253376	Mean reward: 5.3125
Step: 1261568	Mean reward: 4.0625
Step: 1269760	Mean reward: 4.0625
Step: 1277952	Mean reward: 3.75
Step: 1286144	Mean reward: 3.125
Step: 1294336	Mean reward: 4.0625
Step: 1302528	Mean reward: 1.875
Step: 1310720	Mean reward: 5.0
Step: 1318912	Mean reward: 2.1875
Step: 1327104	Mean reward: 2.8125
Step: 1335296	Mean reward: 2.5
Step: 1343488	Mean reward: 5.0
Step: 1351680	Mean reward: 3.125
Step: 1359872	Mean reward: 3.75
Step: 1368064	Mean reward: 4.375
Step: 1376256	Mean reward: 2.8125
Step: 1384448	Mean reward: 4.0625
Step: 1392640	Mean reward: 2.8125
Step: 1400832	Mean reward: 5.0
Step: 1409024	Mean reward: 4.375
Step: 1417216	Mean reward: 3.125
Step: 1425408	Mean reward: 1.875
Step: 1433600	Mean reward: 1.5625
Step: 1441792	Mean reward: 5.0
Step: 1449984	Mean reward: 4.6875
Step: 1458176	Mean reward: 4.6875
Step: 1466368	Mean reward: 3.4375
Step: 1474560	Mean reward: 4.375
Step: 1482752	Mean reward: 3.4375
Step: 1490944	Mean reward: 4.375
Step: 1499136	Mean reward: 2.5
Step: 1507328	Mean reward: 5.625
Step: 1515520	Mean reward: 1.5625
Step: 1523712	Mean reward: 1.875
Step: 1531904	Mean reward: 7.1875
Step: 1540096	Mean reward: 4.0625
Step: 1548288	Mean reward: 0.625
Step: 1556480	Mean reward: 3.125
Step: 1564672	Mean reward: 5.625
Step: 1572864	Mean reward: 2.5
Step: 1581056	Mean reward: 2.5
Step: 1589248	Mean reward: 3.125
Step: 1597440	Mean reward: 3.75
Step: 1605632	Mean reward: 3.75
Step: 1613824	Mean reward: 3.4375
Step: 1622016	Mean reward: 5.3125
Step: 1630208	Mean reward: 1.875
Step: 1638400	Mean reward: 4.375
Step: 1646592	Mean reward: 1.5625
Step: 1654784	Mean reward: 3.125
Step: 1662976	Mean reward: 4.375
Step: 1671168	Mean reward: 3.125
Step: 1679360	Mean reward: 2.8125
Step: 1687552	Mean reward: 3.125
Step: 1695744	Mean reward: 4.375
Step: 1703936	Mean reward: 2.8125
Step: 1712128	Mean reward: 5.9375
Step: 1720320	Mean reward: 3.125
Step: 1728512	Mean reward: 2.8125
Step: 1736704	Mean reward: 4.6875
Step: 1744896	Mean reward: 3.125
Step: 1753088	Mean reward: 3.75
Step: 1761280	Mean reward: 3.4375
Step: 1769472	Mean reward: 4.0625
Step: 1777664	Mean reward: 2.5
Step: 1785856	Mean reward: 4.0625
Step: 1794048	Mean reward: 3.4375
Step: 1802240	Mean reward: 2.5
Step: 1810432	Mean reward: 2.1875
Step: 1818624	Mean reward: 2.1875
Step: 1826816	Mean reward: 2.8125
Step: 1835008	Mean reward: 4.375
Step: 1843200	Mean reward: 3.4375
Step: 1851392	Mean reward: 5.0
Step: 1859584	Mean reward: 3.4375
Step: 1867776	Mean reward: 2.1875
Step: 1875968	Mean reward: 3.75
Step: 1884160	Mean reward: 2.8125
Step: 1892352	Mean reward: 2.1875
Step: 1900544	Mean reward: 0.9375
Step: 1908736	Mean reward: 4.375
Step: 1916928	Mean reward: 2.1875
Step: 1925120	Mean reward: 3.75
Step: 1933312	Mean reward: 1.25
Step: 1941504	Mean reward: 2.8125
Step: 1949696	Mean reward: 3.4375
Step: 1957888	Mean reward: 3.4375
Step: 1966080	Mean reward: 4.6875
Step: 1974272	Mean reward: 3.4375
Step: 1982464	Mean reward: 4.0625
Step: 1990656	Mean reward: 3.75
Step: 1998848	Mean reward: 1.25
Step: 2007040	Mean reward: 2.8125
Step: 2015232	Mean reward: 5.3125
Step: 2023424	Mean reward: 3.125
Step: 2031616	Mean reward: 4.375
Step: 2039808	Mean reward: 4.375
Step: 2048000	Mean reward: 3.125
Step: 2056192	Mean reward: 4.0625
Step: 2064384	Mean reward: 7.1875
Step: 2072576	Mean reward: 4.0625
Step: 2080768	Mean reward: 3.4375
Step: 2088960	Mean reward: 2.8125
Step: 2097152	Mean reward: 3.4375
Step: 2105344	Mean reward: 2.8125
Step: 2113536	Mean reward: 4.0625
Step: 2121728	Mean reward: 1.875
Step: 2129920	Mean reward: 3.4375
Step: 2138112	Mean reward: 3.75
Step: 2146304	Mean reward: 5.0
Step: 2154496	Mean reward: 5.625
Step: 2162688	Mean reward: 2.8125
Step: 2170880	Mean reward: 1.5625
Step: 2179072	Mean reward: 5.3125
Step: 2187264	Mean reward: 5.0
Step: 2195456	Mean reward: 3.75
Step: 2203648	Mean reward: 2.8125
Step: 2211840	Mean reward: 3.4375
Step: 2220032	Mean reward: 2.1875
Step: 2228224	Mean reward: 5.0
Step: 2236416	Mean reward: 6.5625
Step: 2244608	Mean reward: 3.125
Step: 2252800	Mean reward: 4.375
Step: 2260992	Mean reward: 5.0
Step: 2269184	Mean reward: 2.5
Step: 2277376	Mean reward: 3.125
Step: 2285568	Mean reward: 6.875
Step: 2293760	Mean reward: 4.375
Step: 2301952	Mean reward: 5.0
Step: 2310144	Mean reward: 3.75
Step: 2318336	Mean reward: 4.0625
Step: 2326528	Mean reward: 2.5
Step: 2334720	Mean reward: 3.4375
Step: 2342912	Mean reward: 5.0
Step: 2351104	Mean reward: 2.1875
Step: 2359296	Mean reward: 4.0625
Step: 2367488	Mean reward: 2.1875
Step: 2375680	Mean reward: 4.6875
Step: 2383872	Mean reward: 2.5
Step: 2392064	Mean reward: 3.4375
Step: 2400256	Mean reward: 2.8125
Step: 2408448	Mean reward: 2.5
Step: 2416640	Mean reward: 4.375
Step: 2424832	Mean reward: 3.4375
Step: 2433024	Mean reward: 3.4375
Step: 2441216	Mean reward: 3.4375
Step: 2449408	Mean reward: 2.8125
Step: 2457600	Mean reward: 3.125
Step: 2465792	Mean reward: 4.6875
Step: 2473984	Mean reward: 2.1875
Step: 2482176	Mean reward: 3.75
Step: 2490368	Mean reward: 4.6875
Step: 2498560	Mean reward: 3.75
Step: 2506752	Mean reward: 3.125
Step: 2514944	Mean reward: 0.9375
Step: 2523136	Mean reward: 2.8125
Step: 2531328	Mean reward: 4.0625
Step: 2539520	Mean reward: 5.625
Step: 2547712	Mean reward: 2.5
Step: 2555904	Mean reward: 4.0625
Step: 2564096	Mean reward: 2.1875
Step: 2572288	Mean reward: 3.125
Step: 2580480	Mean reward: 3.125
Step: 2588672	Mean reward: 6.25
Step: 2596864	Mean reward: 4.375
Step: 2605056	Mean reward: 4.375
Step: 2613248	Mean reward: 3.125
Step: 2621440	Mean reward: 6.25
Step: 2629632	Mean reward: 7.5
Step: 2637824	Mean reward: 3.4375
Step: 2646016	Mean reward: 3.125
Step: 2654208	Mean reward: 3.75
Step: 2662400	Mean reward: 3.75
Step: 2670592	Mean reward: 4.375
Step: 2678784	Mean reward: 4.375
Step: 2686976	Mean reward: 5.3125
Step: 2695168	Mean reward: 1.25
Step: 2703360	Mean reward: 1.875
Step: 2711552	Mean reward: 2.5
Step: 2719744	Mean reward: 3.75
Step: 2727936	Mean reward: 3.4375
Step: 2736128	Mean reward: 4.375
Step: 2744320	Mean reward: 2.1875
Step: 2752512	Mean reward: 3.75
Step: 2760704	Mean reward: 3.4375
Step: 2768896	Mean reward: 5.0
Step: 2777088	Mean reward: 2.8125
Step: 2785280	Mean reward: 2.8125
Step: 2793472	Mean reward: 2.8125
Step: 2801664	Mean reward: 1.5625
Step: 2809856	Mean reward: 5.9375
Step: 2818048	Mean reward: 3.75
Step: 2826240	Mean reward: 3.125
Step: 2834432	Mean reward: 2.8125
Step: 2842624	Mean reward: 5.3125
Step: 2850816	Mean reward: 0.9375
Step: 2859008	Mean reward: 4.6875
Step: 2867200	Mean reward: 4.375
Step: 2875392	Mean reward: 4.0625
Step: 2883584	Mean reward: 3.75
Step: 2891776	Mean reward: 2.5
Step: 2899968	Mean reward: 4.375
Step: 2908160	Mean reward: 3.125
Step: 2916352	Mean reward: 2.8125
Step: 2924544	Mean reward: 2.8125
Step: 2932736	Mean reward: 3.125
Step: 2940928	Mean reward: 3.4375
Step: 2949120	Mean reward: 3.75
Step: 2957312	Mean reward: 5.0
Step: 2965504	Mean reward: 4.375
Step: 2973696	Mean reward: 4.375
Step: 2981888	Mean reward: 3.75
Step: 2990080	Mean reward: 4.6875
Step: 2998272	Mean reward: 3.75
Step: 3006464	Mean reward: 3.4375
Step: 3014656	Mean reward: 7.1875
Step: 3022848	Mean reward: 4.0625
Step: 3031040	Mean reward: 4.0625
Step: 3039232	Mean reward: 1.5625
Step: 3047424	Mean reward: 5.0
Step: 3055616	Mean reward: 4.0625
Step: 3063808	Mean reward: 4.375
Step: 3072000	Mean reward: 5.9375
Step: 3080192	Mean reward: 4.375
Step: 3088384	Mean reward: 3.125
Step: 3096576	Mean reward: 3.75
Step: 3104768	Mean reward: 2.8125
Step: 3112960	Mean reward: 4.375
Step: 3121152	Mean reward: 5.625
Step: 3129344	Mean reward: 2.8125
Step: 3137536	Mean reward: 2.8125
Step: 3145728	Mean reward: 2.1875
Step: 3153920	Mean reward: 3.125
Step: 3162112	Mean reward: 3.125
Step: 3170304	Mean reward: 4.0625
Step: 3178496	Mean reward: 2.1875
Step: 3186688	Mean reward: 2.1875
Step: 3194880	Mean reward: 1.875
Step: 3203072	Mean reward: 2.5
Step: 3211264	Mean reward: 2.8125
Step: 3219456	Mean reward: 2.8125
Step: 3227648	Mean reward: 2.1875
Step: 3235840	Mean reward: 4.6875
Step: 3244032	Mean reward: 1.875
Step: 3252224	Mean reward: 4.6875
Step: 3260416	Mean reward: 3.4375
Step: 3268608	Mean reward: 2.5
Step: 3276800	Mean reward: 3.75
Step: 3284992	Mean reward: 5.9375
Step: 3293184	Mean reward: 2.5
Step: 3301376	Mean reward: 5.3125
Step: 3309568	Mean reward: 3.75
Step: 3317760	Mean reward: 4.0625
Step: 3325952	Mean reward: 3.75
Step: 3334144	Mean reward: 2.8125
Step: 3342336	Mean reward: 2.8125
Step: 3350528	Mean reward: 3.125
Step: 3358720	Mean reward: 4.6875
Step: 3366912	Mean reward: 5.625
Step: 3375104	Mean reward: 3.4375
Step: 3383296	Mean reward: 4.6875
Step: 3391488	Mean reward: 2.8125
Step: 3399680	Mean reward: 4.375
Step: 3407872	Mean reward: 2.5
Step: 3416064	Mean reward: 3.4375
Step: 3424256	Mean reward: 3.75
Step: 3432448	Mean reward: 5.0
Step: 3440640	Mean reward: 3.75
Step: 3448832	Mean reward: 4.6875
Step: 3457024	Mean reward: 3.4375
Step: 3465216	Mean reward: 3.4375
Step: 3473408	Mean reward: 4.6875
Step: 3481600	Mean reward: 2.1875
Step: 3489792	Mean reward: 7.1875
Step: 3497984	Mean reward: 2.5
Step: 3506176	Mean reward: 5.0
Step: 3514368	Mean reward: 4.0625
Step: 3522560	Mean reward: 3.4375
Step: 3530752	Mean reward: 5.3125
Step: 3538944	Mean reward: 6.5625
Step: 3547136	Mean reward: 1.5625
Step: 3555328	Mean reward: 4.375
Step: 3563520	Mean reward: 3.75
Step: 3571712	Mean reward: 4.0625
Step: 3579904	Mean reward: 2.5
Step: 3588096	Mean reward: 4.0625
Step: 3596288	Mean reward: 5.0
Step: 3604480	Mean reward: 2.5
Step: 3612672	Mean reward: 3.75
Step: 3620864	Mean reward: 5.9375
Step: 3629056	Mean reward: 4.0625
Step: 3637248	Mean reward: 4.0625
Step: 3645440	Mean reward: 3.4375
Step: 3653632	Mean reward: 4.6875
Step: 3661824	Mean reward: 3.4375
Step: 3670016	Mean reward: 3.125
Step: 3678208	Mean reward: 3.125
Step: 3686400	Mean reward: 2.5
Step: 3694592	Mean reward: 0.9375
Step: 3702784	Mean reward: 3.125
Step: 3710976	Mean reward: 2.8125
Step: 3719168	Mean reward: 3.75
Step: 3727360	Mean reward: 3.4375
Step: 3735552	Mean reward: 1.875
Step: 3743744	Mean reward: 2.5
Step: 3751936	Mean reward: 1.875
Step: 3760128	Mean reward: 2.1875
Step: 3768320	Mean reward: 1.5625
Step: 3776512	Mean reward: 2.8125
Step: 3784704	Mean reward: 2.1875
Step: 3792896	Mean reward: 2.8125
Step: 3801088	Mean reward: 5.625
Step: 3809280	Mean reward: 4.375
Step: 3817472	Mean reward: 2.5
Step: 3825664	Mean reward: 4.6875
Step: 3833856	Mean reward: 3.125
Step: 3842048	Mean reward: 3.125
Step: 3850240	Mean reward: 1.875
Step: 3858432	Mean reward: 5.625
Step: 3866624	Mean reward: 4.0625
Step: 3874816	Mean reward: 3.75
Step: 3883008	Mean reward: 3.125
Step: 3891200	Mean reward: 3.4375
Step: 3899392	Mean reward: 5.3125
Step: 3907584	Mean reward: 3.125
Step: 3915776	Mean reward: 1.875
Step: 3923968	Mean reward: 4.375
Step: 3932160	Mean reward: 3.75
Step: 3940352	Mean reward: 2.8125
Step: 3948544	Mean reward: 5.625
Step: 3956736	Mean reward: 4.0625
Step: 3964928	Mean reward: 3.4375
Step: 3973120	Mean reward: 2.5
Step: 3981312	Mean reward: 3.125
Step: 3989504	Mean reward: 5.0
Step: 3997696	Mean reward: 2.8125
Step: 4005888	Mean reward: 3.125
Step: 4014080	Mean reward: 4.0625
Step: 4022272	Mean reward: 2.8125
Step: 4030464	Mean reward: 4.0625
Step: 4038656	Mean reward: 5.3125
Step: 4046848	Mean reward: 4.375
Step: 4055040	Mean reward: 2.8125
Step: 4063232	Mean reward: 1.875
Step: 4071424	Mean reward: 3.125
Step: 4079616	Mean reward: 3.4375
Step: 4087808	Mean reward: 5.9375
Step: 4096000	Mean reward: 2.8125
Step: 4104192	Mean reward: 2.8125
Step: 4112384	Mean reward: 2.8125
Step: 4120576	Mean reward: 3.125
Step: 4128768	Mean reward: 2.8125
Step: 4136960	Mean reward: 3.4375
Step: 4145152	Mean reward: 2.5
Step: 4153344	Mean reward: 3.125
Step: 4161536	Mean reward: 1.875
Step: 4169728	Mean reward: 5.0
Step: 4177920	Mean reward: 4.375
Step: 4186112	Mean reward: 2.1875
Step: 4194304	Mean reward: 3.4375
Step: 4202496	Mean reward: 3.125
Step: 4210688	Mean reward: 4.0625
Step: 4218880	Mean reward: 2.5
Step: 4227072	Mean reward: 5.0
Step: 4235264	Mean reward: 1.5625
Step: 4243456	Mean reward: 4.0625
Step: 4251648	Mean reward: 1.5625
Step: 4259840	Mean reward: 3.75
Step: 4268032	Mean reward: 5.625
Step: 4276224	Mean reward: 3.75
Step: 4284416	Mean reward: 0.625
Step: 4292608	Mean reward: 2.8125
Step: 4300800	Mean reward: 5.625
Step: 4308992	Mean reward: 5.0
Step: 4317184	Mean reward: 3.125
Step: 4325376	Mean reward: 3.4375
Step: 4333568	Mean reward: 4.6875
Step: 4341760	Mean reward: 3.75
Step: 4349952	Mean reward: 3.4375
Step: 4358144	Mean reward: 6.25
Step: 4366336	Mean reward: 3.4375
Step: 4374528	Mean reward: 2.5
Step: 4382720	Mean reward: 5.0
Step: 4390912	Mean reward: 1.5625
Step: 4399104	Mean reward: 3.4375
Step: 4407296	Mean reward: 5.0
Step: 4415488	Mean reward: 4.375
Step: 4423680	Mean reward: 3.4375
Step: 4431872	Mean reward: 0.9375
Step: 4440064	Mean reward: 2.5
Step: 4448256	Mean reward: 5.9375
Step: 4456448	Mean reward: 2.5
Step: 4464640	Mean reward: 3.4375
Step: 4472832	Mean reward: 3.75
Step: 4481024	Mean reward: 3.75
Step: 4489216	Mean reward: 3.4375
Step: 4497408	Mean reward: 1.875
Step: 4505600	Mean reward: 3.75
Step: 4513792	Mean reward: 4.0625
Step: 4521984	Mean reward: 2.5
Step: 4530176	Mean reward: 3.125
Step: 4538368	Mean reward: 1.5625
Step: 4546560	Mean reward: 4.0625
Step: 4554752	Mean reward: 2.1875
Step: 4562944	Mean reward: 3.75
Step: 4571136	Mean reward: 3.75
Step: 4579328	Mean reward: 1.5625
Step: 4587520	Mean reward: 3.4375
Step: 4595712	Mean reward: 1.875
Step: 4603904	Mean reward: 5.3125
Step: 4612096	Mean reward: 3.125
Step: 4620288	Mean reward: 4.0625
Step: 4628480	Mean reward: 2.1875
Step: 4636672	Mean reward: 3.75
Step: 4644864	Mean reward: 2.8125
Step: 4653056	Mean reward: 3.125
Step: 4661248	Mean reward: 6.25
Step: 4669440	Mean reward: 3.125
Step: 4677632	Mean reward: 2.8125
Step: 4685824	Mean reward: 3.125
Step: 4694016	Mean reward: 4.0625
Step: 4702208	Mean reward: 1.25
Step: 4710400	Mean reward: 4.375
Step: 4718592	Mean reward: 2.5
Step: 4726784	Mean reward: 3.125
Step: 4734976	Mean reward: 3.125
Step: 4743168	Mean reward: 1.25
Step: 4751360	Mean reward: 4.6875
Step: 4759552	Mean reward: 3.75
Step: 4767744	Mean reward: 1.875
Step: 4775936	Mean reward: 2.8125
Step: 4784128	Mean reward: 2.8125
Step: 4792320	Mean reward: 1.25
Step: 4800512	Mean reward: 2.5
Step: 4808704	Mean reward: 3.125
Step: 4816896	Mean reward: 2.1875
Step: 4825088	Mean reward: 2.5
Step: 4833280	Mean reward: 2.5
Step: 4841472	Mean reward: 1.25
Step: 4849664	Mean reward: 2.8125
Step: 4857856	Mean reward: 3.125
Step: 4866048	Mean reward: 2.1875
Step: 4874240	Mean reward: 3.75
Step: 4882432	Mean reward: 3.75
Step: 4890624	Mean reward: 4.375
Step: 4898816	Mean reward: 2.1875
Step: 4907008	Mean reward: 4.375
Step: 4915200	Mean reward: 2.1875
Step: 4923392	Mean reward: 2.5
Step: 4931584	Mean reward: 3.4375
Step: 4939776	Mean reward: 3.125
Step: 4947968	Mean reward: 4.0625
Step: 4956160	Mean reward: 2.8125
Step: 4964352	Mean reward: 5.0
Step: 4972544	Mean reward: 4.6875
Step: 4980736	Mean reward: 3.125
Step: 4988928	Mean reward: 3.4375
Step: 4997120	Mean reward: 3.75
Step: 5005312	Mean reward: 3.75
Step: 5013504	Mean reward: 3.4375
Step: 5021696	Mean reward: 3.4375
Step: 5029888	Mean reward: 2.8125
Step: 5038080	Mean reward: 1.25
Step: 5046272	Mean reward: 2.8125
Step: 5054464	Mean reward: 1.875
Step: 5062656	Mean reward: 3.125
Step: 5070848	Mean reward: 3.75
Step: 5079040	Mean reward: 4.0625
Step: 5087232	Mean reward: 4.0625
Step: 5095424	Mean reward: 1.5625
Step: 5103616	Mean reward: 4.6875
Step: 5111808	Mean reward: 2.5
Step: 5120000	Mean reward: 3.75
Step: 5128192	Mean reward: 2.5
Step: 5136384	Mean reward: 3.75
Step: 5144576	Mean reward: 2.8125
Step: 5152768	Mean reward: 4.375
Step: 5160960	Mean reward: 5.9375
Step: 5169152	Mean reward: 3.75
Step: 5177344	Mean reward: 4.6875
Step: 5185536	Mean reward: 6.25
Step: 5193728	Mean reward: 3.125
Step: 5201920	Mean reward: 2.8125
Step: 5210112	Mean reward: 3.125
Step: 5218304	Mean reward: 5.0
Step: 5226496	Mean reward: 2.5
Step: 5234688	Mean reward: 3.4375
Step: 5242880	Mean reward: 3.75
Step: 5251072	Mean reward: 3.4375
Step: 5259264	Mean reward: 3.75
Step: 5267456	Mean reward: 3.4375
Step: 5275648	Mean reward: 4.375
Step: 5283840	Mean reward: 4.375
Step: 5292032	Mean reward: 3.125
Step: 5300224	Mean reward: 3.4375
Step: 5308416	Mean reward: 2.1875
Step: 5316608	Mean reward: 1.25
Step: 5324800	Mean reward: 2.8125
Step: 5332992	Mean reward: 5.9375
Step: 5341184	Mean reward: 2.1875
Step: 5349376	Mean reward: 3.125
Step: 5357568	Mean reward: 2.5
Step: 5365760	Mean reward: 4.6875
Step: 5373952	Mean reward: 4.6875
Step: 5382144	Mean reward: 2.8125
Step: 5390336	Mean reward: 1.5625
Step: 5398528	Mean reward: 1.25
Step: 5406720	Mean reward: 4.375
Step: 5414912	Mean reward: 2.1875
Step: 5423104	Mean reward: 2.8125
Step: 5431296	Mean reward: 3.4375
Step: 5439488	Mean reward: 3.4375
Step: 5447680	Mean reward: 5.0
Step: 5455872	Mean reward: 3.125
Step: 5464064	Mean reward: 2.5
Step: 5472256	Mean reward: 0.9375
Step: 5480448	Mean reward: 4.375
Step: 5488640	Mean reward: 2.1875
Step: 5496832	Mean reward: 3.4375
Step: 5505024	Mean reward: 4.0625
Step: 5513216	Mean reward: 7.5
Step: 5521408	Mean reward: 3.4375
Step: 5529600	Mean reward: 4.375
Step: 5537792	Mean reward: 5.3125
Step: 5545984	Mean reward: 2.8125
Step: 5554176	Mean reward: 5.0
Step: 5562368	Mean reward: 3.75
Step: 5570560	Mean reward: 1.875
Step: 5578752	Mean reward: 3.75
Step: 5586944	Mean reward: 4.0625
Step: 5595136	Mean reward: 4.375
Step: 5603328	Mean reward: 5.9375
Step: 5611520	Mean reward: 3.125
Step: 5619712	Mean reward: 1.5625
Step: 5627904	Mean reward: 4.375
Step: 5636096	Mean reward: 3.4375
Step: 5644288	Mean reward: 3.4375
Step: 5652480	Mean reward: 2.8125
Step: 5660672	Mean reward: 2.5
Step: 5668864	Mean reward: 2.1875
Step: 5677056	Mean reward: 4.375
Step: 5685248	Mean reward: 2.5
Step: 5693440	Mean reward: 2.1875
Step: 5701632	Mean reward: 2.8125
Step: 5709824	Mean reward: 5.9375
Step: 5718016	Mean reward: 1.875
Step: 5726208	Mean reward: 2.1875
Step: 5734400	Mean reward: 4.0625
Step: 5742592	Mean reward: 3.4375
Step: 5750784	Mean reward: 3.75
Step: 5758976	Mean reward: 1.5625
Step: 5767168	Mean reward: 2.8125
Step: 5775360	Mean reward: 2.1875
Step: 5783552	Mean reward: 4.6875
Step: 5791744	Mean reward: 3.125
Step: 5799936	Mean reward: 3.125
Step: 5808128	Mean reward: 2.8125
Step: 5816320	Mean reward: 2.5
Step: 5824512	Mean reward: 3.75
Step: 5832704	Mean reward: 3.125
Step: 5840896	Mean reward: 2.8125
Step: 5849088	Mean reward: 3.125
Step: 5857280	Mean reward: 5.625
Step: 5865472	Mean reward: 2.1875
Step: 5873664	Mean reward: 4.375
Step: 5881856	Mean reward: 3.4375
Step: 5890048	Mean reward: 3.4375
Step: 5898240	Mean reward: 5.3125
Step: 5906432	Mean reward: 5.9375
Step: 5914624	Mean reward: 3.75
Step: 5922816	Mean reward: 3.125
Step: 5931008	Mean reward: 2.1875
Step: 5939200	Mean reward: 4.6875
Step: 5947392	Mean reward: 2.1875
Step: 5955584	Mean reward: 3.4375
Step: 5963776	Mean reward: 3.75
Step: 5971968	Mean reward: 2.8125
Step: 5980160	Mean reward: 2.8125
Step: 5988352	Mean reward: 4.0625
Step: 5996544	Mean reward: 3.75
Step: 6004736	Mean reward: 4.0625
Step: 6012928	Mean reward: 2.8125
Step: 6021120	Mean reward: 5.9375
Step: 6029312	Mean reward: 2.5
Step: 6037504	Mean reward: 6.25
Step: 6045696	Mean reward: 2.1875
Step: 6053888	Mean reward: 2.8125
Step: 6062080	Mean reward: 3.4375
Step: 6070272	Mean reward: 1.5625
Step: 6078464	Mean reward: 4.6875
Step: 6086656	Mean reward: 6.25
Step: 6094848	Mean reward: 3.125
Step: 6103040	Mean reward: 5.0
Step: 6111232	Mean reward: 1.5625
Step: 6119424	Mean reward: 3.4375
Step: 6127616	Mean reward: 3.4375
Step: 6135808	Mean reward: 4.0625
Step: 6144000	Mean reward: 2.1875
Step: 6152192	Mean reward: 4.6875
Step: 6160384	Mean reward: 2.8125
Step: 6168576	Mean reward: 4.0625
Step: 6176768	Mean reward: 2.1875
Step: 6184960	Mean reward: 3.75
Step: 6193152	Mean reward: 4.0625
Step: 6201344	Mean reward: 6.875
Step: 6209536	Mean reward: 3.125
Step: 6217728	Mean reward: 5.3125
Step: 6225920	Mean reward: 1.25
Step: 6234112	Mean reward: 3.4375
Step: 6242304	Mean reward: 3.4375
Step: 6250496	Mean reward: 1.25
Step: 6258688	Mean reward: 4.375
Step: 6266880	Mean reward: 1.5625
Step: 6275072	Mean reward: 4.6875
Step: 6283264	Mean reward: 4.0625
Step: 6291456	Mean reward: 4.6875
Step: 6299648	Mean reward: 3.75
Step: 6307840	Mean reward: 3.4375
Step: 6316032	Mean reward: 2.8125
Step: 6324224	Mean reward: 4.375
Step: 6332416	Mean reward: 2.8125
Step: 6340608	Mean reward: 2.8125
Step: 6348800	Mean reward: 3.75
Step: 6356992	Mean reward: 2.5
Step: 6365184	Mean reward: 2.5
Step: 6373376	Mean reward: 3.4375
Step: 6381568	Mean reward: 2.8125
Step: 6389760	Mean reward: 3.4375
Step: 6397952	Mean reward: 3.75
Step: 6406144	Mean reward: 2.1875
Step: 6414336	Mean reward: 4.375
Step: 6422528	Mean reward: 2.8125
Step: 6430720	Mean reward: 1.875
Step: 6438912	Mean reward: 5.0
Step: 6447104	Mean reward: 2.8125
Step: 6455296	Mean reward: 3.125
Step: 6463488	Mean reward: 3.4375
Step: 6471680	Mean reward: 5.9375
Step: 6479872	Mean reward: 1.875
Step: 6488064	Mean reward: 3.4375
Step: 6496256	Mean reward: 2.1875
Step: 6504448	Mean reward: 3.4375
Step: 6512640	Mean reward: 3.75
Step: 6520832	Mean reward: 3.4375
Step: 6529024	Mean reward: 3.125
Step: 6537216	Mean reward: 4.6875
Step: 6545408	Mean reward: 3.125
Step: 6553600	Mean reward: 4.0625
Step: 6561792	Mean reward: 4.375
Step: 6569984	Mean reward: 4.375
Step: 6578176	Mean reward: 3.4375
Step: 6586368	Mean reward: 5.9375
Step: 6594560	Mean reward: 1.875
Step: 6602752	Mean reward: 3.75
Step: 6610944	Mean reward: 3.75
Step: 6619136	Mean reward: 4.6875
Step: 6627328	Mean reward: 3.125
Step: 6635520	Mean reward: 2.5
Step: 6643712	Mean reward: 2.5
Step: 6651904	Mean reward: 3.75
Step: 6660096	Mean reward: 2.5
Step: 6668288	Mean reward: 3.125
Step: 6676480	Mean reward: 2.1875
Step: 6684672	Mean reward: 3.4375
Step: 6692864	Mean reward: 3.125
Step: 6701056	Mean reward: 3.4375
Step: 6709248	Mean reward: 1.5625
Step: 6717440	Mean reward: 2.1875
Step: 6725632	Mean reward: 3.4375
Step: 6733824	Mean reward: 3.4375
Step: 6742016	Mean reward: 4.0625
Step: 6750208	Mean reward: 4.6875
Step: 6758400	Mean reward: 4.6875
Step: 6766592	Mean reward: 2.1875
Step: 6774784	Mean reward: 5.9375
Step: 6782976	Mean reward: 1.875
Step: 6791168	Mean reward: 5.0
Step: 6799360	Mean reward: 2.8125
Step: 6807552	Mean reward: 4.6875
Step: 6815744	Mean reward: 2.5
Step: 6823936	Mean reward: 3.125
Step: 6832128	Mean reward: 1.5625
Step: 6840320	Mean reward: 3.75
Step: 6848512	Mean reward: 2.8125
Step: 6856704	Mean reward: 3.125
Step: 6864896	Mean reward: 4.375
Step: 6873088	Mean reward: 2.1875
Step: 6881280	Mean reward: 4.375
Step: 6889472	Mean reward: 4.0625
Step: 6897664	Mean reward: 3.125
Step: 6905856	Mean reward: 4.6875
Step: 6914048	Mean reward: 7.1875
Step: 6922240	Mean reward: 2.5
Step: 6930432	Mean reward: 6.5625
Step: 6938624	Mean reward: 3.75
Step: 6946816	Mean reward: 1.25
Step: 6955008	Mean reward: 1.5625
Step: 6963200	Mean reward: 3.75
Step: 6971392	Mean reward: 4.375
Step: 6979584	Mean reward: 4.0625
Step: 6987776	Mean reward: 3.4375
Step: 6995968	Mean reward: 3.125
Step: 7004160	Mean reward: 5.0
Step: 7012352	Mean reward: 3.125
Step: 7020544	Mean reward: 2.5
Step: 7028736	Mean reward: 2.8125
Step: 7036928	Mean reward: 4.375
Step: 7045120	Mean reward: 1.875
Step: 7053312	Mean reward: 4.6875
Step: 7061504	Mean reward: 6.25
Step: 7069696	Mean reward: 3.75
Step: 7077888	Mean reward: 2.8125
Step: 7086080	Mean reward: 4.375
Step: 7094272	Mean reward: 3.75
Step: 7102464	Mean reward: 1.875
Step: 7110656	Mean reward: 4.375
Step: 7118848	Mean reward: 3.75
Step: 7127040	Mean reward: 2.8125
Step: 7135232	Mean reward: 5.9375
Step: 7143424	Mean reward: 1.5625
Step: 7151616	Mean reward: 2.5
Step: 7159808	Mean reward: 5.3125
Step: 7168000	Mean reward: 4.6875
Step: 7176192	Mean reward: 3.125
Step: 7184384	Mean reward: 3.125
Step: 7192576	Mean reward: 5.625
Step: 7200768	Mean reward: 5.0
Step: 7208960	Mean reward: 3.4375
Step: 7217152	Mean reward: 2.8125
Step: 7225344	Mean reward: 5.0
Step: 7233536	Mean reward: 2.8125
Step: 7241728	Mean reward: 2.5
Step: 7249920	Mean reward: 2.1875
Step: 7258112	Mean reward: 5.625
Step: 7266304	Mean reward: 4.6875
Step: 7274496	Mean reward: 4.6875
Step: 7282688	Mean reward: 2.5
Step: 7290880	Mean reward: 4.0625
Step: 7299072	Mean reward: 4.375
Step: 7307264	Mean reward: 3.4375
Step: 7315456	Mean reward: 4.0625
Step: 7323648	Mean reward: 2.1875
Step: 7331840	Mean reward: 3.4375
Step: 7340032	Mean reward: 3.75
Step: 7348224	Mean reward: 3.125
Step: 7356416	Mean reward: 4.375
Step: 7364608	Mean reward: 2.8125
Step: 7372800	Mean reward: 3.4375
Step: 7380992	Mean reward: 5.0
Step: 7389184	Mean reward: 4.6875
Step: 7397376	Mean reward: 6.5625
Step: 7405568	Mean reward: 6.5625
Step: 7413760	Mean reward: 2.1875
Step: 7421952	Mean reward: 4.375
Step: 7430144	Mean reward: 3.4375
Step: 7438336	Mean reward: 2.1875
Step: 7446528	Mean reward: 2.5
Step: 7454720	Mean reward: 3.75
Step: 7462912	Mean reward: 1.875
Step: 7471104	Mean reward: 2.8125
Step: 7479296	Mean reward: 4.6875
Step: 7487488	Mean reward: 2.5
Step: 7495680	Mean reward: 3.4375
Step: 7503872	Mean reward: 1.875
Step: 7512064	Mean reward: 3.125
Step: 7520256	Mean reward: 3.125
Step: 7528448	Mean reward: 3.4375
Step: 7536640	Mean reward: 4.0625
Step: 7544832	Mean reward: 3.125
Step: 7553024	Mean reward: 4.6875
Step: 7561216	Mean reward: 4.375
Step: 7569408	Mean reward: 2.1875
Step: 7577600	Mean reward: 5.0
Step: 7585792	Mean reward: 4.0625
Step: 7593984	Mean reward: 3.75
Step: 7602176	Mean reward: 0.625
Step: 7610368	Mean reward: 2.5
Step: 7618560	Mean reward: 2.8125
Step: 7626752	Mean reward: 3.75
Step: 7634944	Mean reward: 1.875
Step: 7643136	Mean reward: 5.0
Step: 7651328	Mean reward: 3.4375
Step: 7659520	Mean reward: 3.125
Step: 7667712	Mean reward: 4.375
Step: 7675904	Mean reward: 4.6875
Step: 7684096	Mean reward: 2.8125
Step: 7692288	Mean reward: 3.125
Step: 7700480	Mean reward: 1.25
Step: 7708672	Mean reward: 3.75
Step: 7716864	Mean reward: 3.4375
Step: 7725056	Mean reward: 4.0625
Step: 7733248	Mean reward: 2.1875
Step: 7741440	Mean reward: 3.4375
Step: 7749632	Mean reward: 3.75
Step: 7757824	Mean reward: 2.8125
Step: 7766016	Mean reward: 2.5
Step: 7774208	Mean reward: 4.0625
Step: 7782400	Mean reward: 5.625
Step: 7790592	Mean reward: 1.25
Step: 7798784	Mean reward: 2.5
Step: 7806976	Mean reward: 4.375
Step: 7815168	Mean reward: 3.4375
Step: 7823360	Mean reward: 3.4375
Step: 7831552	Mean reward: 2.5
Step: 7839744	Mean reward: 5.0
Step: 7847936	Mean reward: 3.75
Step: 7856128	Mean reward: 5.625
Step: 7864320	Mean reward: 3.4375
Step: 7872512	Mean reward: 2.8125
Step: 7880704	Mean reward: 2.8125
Step: 7888896	Mean reward: 3.75
Step: 7897088	Mean reward: 0.625
Step: 7905280	Mean reward: 1.875
Step: 7913472	Mean reward: 4.6875
Step: 7921664	Mean reward: 3.75
Step: 7929856	Mean reward: 4.6875
Step: 7938048	Mean reward: 5.9375
Step: 7946240	Mean reward: 3.75
Step: 7954432	Mean reward: 1.5625
Step: 7962624	Mean reward: 4.0625
Step: 7970816	Mean reward: 2.1875
Step: 7979008	Mean reward: 4.375
Step: 7987200	Mean reward: 3.4375
Step: 7995392	Mean reward: 4.375
Step: 8003584	Mean reward: 4.6875
Step: 8011776	Mean reward: 2.5
Step: 8019968	Mean reward: 4.375
Step: 8028160	Mean reward: 2.8125
Step: 8036352	Mean reward: 4.6875
Step: 8044544	Mean reward: 3.4375
Step: 8052736	Mean reward: 3.125
Step: 8060928	Mean reward: 2.5
Step: 8069120	Mean reward: 5.3125
Step: 8077312	Mean reward: 2.5
Step: 8085504	Mean reward: 2.1875
Step: 8093696	Mean reward: 2.1875
Step: 8101888	Mean reward: 2.1875
Step: 8110080	Mean reward: 4.375
Step: 8118272	Mean reward: 3.4375
Step: 8126464	Mean reward: 3.125
Step: 8134656	Mean reward: 2.8125
Step: 8142848	Mean reward: 3.75
Step: 8151040	Mean reward: 3.125
Step: 8159232	Mean reward: 3.125
Step: 8167424	Mean reward: 3.125
Step: 8175616	Mean reward: 2.1875
Step: 8183808	Mean reward: 4.0625
Step: 8192000	Mean reward: 5.0
Step: 8200192	Mean reward: 2.8125
Step: 8208384	Mean reward: 3.4375
Step: 8216576	Mean reward: 4.6875
Step: 8224768	Mean reward: 4.0625
Step: 8232960	Mean reward: 2.5
Step: 8241152	Mean reward: 6.875
Step: 8249344	Mean reward: 2.1875
Step: 8257536	Mean reward: 0.9375
Step: 8265728	Mean reward: 2.5
Step: 8273920	Mean reward: 5.3125
Step: 8282112	Mean reward: 2.1875
Step: 8290304	Mean reward: 5.0
Step: 8298496	Mean reward: 4.6875
Step: 8306688	Mean reward: 5.625
Step: 8314880	Mean reward: 5.625
Step: 8323072	Mean reward: 3.75
Step: 8331264	Mean reward: 4.0625
Step: 8339456	Mean reward: 2.5
Step: 8347648	Mean reward: 3.4375
Step: 8355840	Mean reward: 4.375
Step: 8364032	Mean reward: 5.9375
Step: 8372224	Mean reward: 3.75
Step: 8380416	Mean reward: 3.75
Step: 8388608	Mean reward: 3.125
Step: 8396800	Mean reward: 2.5
Step: 8404992	Mean reward: 2.8125
Step: 8413184	Mean reward: 3.4375
Step: 8421376	Mean reward: 3.125
Step: 8429568	Mean reward: 2.5
Step: 8437760	Mean reward: 1.875
Step: 8445952	Mean reward: 3.4375
Step: 8454144	Mean reward: 5.625
Step: 8462336	Mean reward: 3.4375
Step: 8470528	Mean reward: 2.8125
Step: 8478720	Mean reward: 3.4375
Step: 8486912	Mean reward: 3.4375
Step: 8495104	Mean reward: 2.1875
Step: 8503296	Mean reward: 3.75
Step: 8511488	Mean reward: 1.25
Step: 8519680	Mean reward: 2.8125
Step: 8527872	Mean reward: 4.375
Step: 8536064	Mean reward: 3.4375
Step: 8544256	Mean reward: 2.5
Step: 8552448	Mean reward: 1.875
Step: 8560640	Mean reward: 1.875
Step: 8568832	Mean reward: 3.125
Step: 8577024	Mean reward: 3.4375
Step: 8585216	Mean reward: 3.4375
Step: 8593408	Mean reward: 3.75
Step: 8601600	Mean reward: 4.6875
Step: 8609792	Mean reward: 5.0
Step: 8617984	Mean reward: 2.8125
Step: 8626176	Mean reward: 4.375
Step: 8634368	Mean reward: 4.375
Step: 8642560	Mean reward: 2.5
Step: 8650752	Mean reward: 1.875
Step: 8658944	Mean reward: 1.875
Step: 8667136	Mean reward: 1.875
Step: 8675328	Mean reward: 4.6875
Step: 8683520	Mean reward: 3.75
Step: 8691712	Mean reward: 2.5
Step: 8699904	Mean reward: 2.1875
Step: 8708096	Mean reward: 4.0625
Step: 8716288	Mean reward: 3.125
Step: 8724480	Mean reward: 3.75
Step: 8732672	Mean reward: 2.5
Step: 8740864	Mean reward: 4.0625
Step: 8749056	Mean reward: 4.375
Step: 8757248	Mean reward: 5.0
Step: 8765440	Mean reward: 3.125
Step: 8773632	Mean reward: 3.4375
Step: 8781824	Mean reward: 2.1875
Step: 8790016	Mean reward: 4.375
Step: 8798208	Mean reward: 5.625
Step: 8806400	Mean reward: 4.0625
Step: 8814592	Mean reward: 2.5
Step: 8822784	Mean reward: 3.75
Step: 8830976	Mean reward: 2.5
Step: 8839168	Mean reward: 2.5
Step: 8847360	Mean reward: 3.4375
Step: 8855552	Mean reward: 2.1875
Step: 8863744	Mean reward: 4.6875
Step: 8871936	Mean reward: 3.75
Step: 8880128	Mean reward: 2.5
Step: 8888320	Mean reward: 2.5
Step: 8896512	Mean reward: 2.8125
Step: 8904704	Mean reward: 4.375
Step: 8912896	Mean reward: 2.1875
Step: 8921088	Mean reward: 2.5
Step: 8929280	Mean reward: 2.5
Step: 8937472	Mean reward: 3.4375
Step: 8945664	Mean reward: 3.75
Step: 8953856	Mean reward: 4.0625
Step: 8962048	Mean reward: 2.5
Step: 8970240	Mean reward: 5.625
Step: 8978432	Mean reward: 3.4375
Step: 8986624	Mean reward: 2.5
Step: 8994816	Mean reward: 3.4375
Step: 9003008	Mean reward: 4.375
Step: 9011200	Mean reward: 5.0
Step: 9019392	Mean reward: 4.0625
Step: 9027584	Mean reward: 4.6875
Step: 9035776	Mean reward: 4.0625
Step: 9043968	Mean reward: 3.125
Step: 9052160	Mean reward: 4.375
Step: 9060352	Mean reward: 2.8125
Step: 9068544	Mean reward: 2.5
Step: 9076736	Mean reward: 3.75
Step: 9084928	Mean reward: 2.8125
Step: 9093120	Mean reward: 3.125
Step: 9101312	Mean reward: 3.125
Step: 9109504	Mean reward: 4.375
Step: 9117696	Mean reward: 2.8125
Step: 9125888	Mean reward: 5.0
Step: 9134080	Mean reward: 4.375
Step: 9142272	Mean reward: 3.4375
Step: 9150464	Mean reward: 2.1875
Step: 9158656	Mean reward: 2.8125
Step: 9166848	Mean reward: 2.5
Step: 9175040	Mean reward: 1.875
Step: 9183232	Mean reward: 5.0
Step: 9191424	Mean reward: 2.5
Step: 9199616	Mean reward: 1.5625
Step: 9207808	Mean reward: 2.8125
Step: 9216000	Mean reward: 2.5
Step: 9224192	Mean reward: 0.9375
Step: 9232384	Mean reward: 4.375
Step: 9240576	Mean reward: 5.625
Step: 9248768	Mean reward: 3.4375
Step: 9256960	Mean reward: 3.125
Step: 9265152	Mean reward: 1.875
Step: 9273344	Mean reward: 3.4375
Step: 9281536	Mean reward: 4.6875
Step: 9289728	Mean reward: 2.8125
Step: 9297920	Mean reward: 4.0625
Step: 9306112	Mean reward: 2.1875
Step: 9314304	Mean reward: 4.6875
Step: 9322496	Mean reward: 3.75
Step: 9330688	Mean reward: 2.5
Step: 9338880	Mean reward: 2.8125
Step: 9347072	Mean reward: 3.4375
Step: 9355264	Mean reward: 2.8125
Step: 9363456	Mean reward: 1.875
Step: 9371648	Mean reward: 3.4375
Step: 9379840	Mean reward: 3.125
Step: 9388032	Mean reward: 3.125
Step: 9396224	Mean reward: 5.0
Step: 9404416	Mean reward: 0.625
Step: 9412608	Mean reward: 2.1875
Step: 9420800	Mean reward: 3.4375
Step: 9428992	Mean reward: 5.625
Step: 9437184	Mean reward: 5.0
Step: 9445376	Mean reward: 4.375
Step: 9453568	Mean reward: 4.6875
Step: 9461760	Mean reward: 2.8125
Step: 9469952	Mean reward: 1.875
Step: 9478144	Mean reward: 5.3125
Step: 9486336	Mean reward: 3.4375
Step: 9494528	Mean reward: 5.9375
Step: 9502720	Mean reward: 5.625
Step: 9510912	Mean reward: 5.0
Step: 9519104	Mean reward: 3.75
Step: 9527296	Mean reward: 4.375
Step: 9535488	Mean reward: 2.8125
Step: 9543680	Mean reward: 5.9375
Step: 9551872	Mean reward: 3.125
Step: 9560064	Mean reward: 1.875
Step: 9568256	Mean reward: 1.5625
Step: 9576448	Mean reward: 3.125
Step: 9584640	Mean reward: 2.1875
Step: 9592832	Mean reward: 1.875
Step: 9601024	Mean reward: 1.875
Step: 9609216	Mean reward: 1.875
Step: 9617408	Mean reward: 2.5
Step: 9625600	Mean reward: 1.5625
Step: 9633792	Mean reward: 3.75
Step: 9641984	Mean reward: 2.1875
Step: 9650176	Mean reward: 5.3125
Step: 9658368	Mean reward: 3.4375
Step: 9666560	Mean reward: 4.6875
Step: 9674752	Mean reward: 3.125
Step: 9682944	Mean reward: 3.125
Step: 9691136	Mean reward: 5.0
Step: 9699328	Mean reward: 3.125
Step: 9707520	Mean reward: 5.625
Step: 9715712	Mean reward: 1.5625
Step: 9723904	Mean reward: 4.6875
Step: 9732096	Mean reward: 2.5
Step: 9740288	Mean reward: 2.8125
Step: 9748480	Mean reward: 2.5
Step: 9756672	Mean reward: 3.4375
Step: 9764864	Mean reward: 3.125
Step: 9773056	Mean reward: 3.125
Step: 9781248	Mean reward: 2.1875
Step: 9789440	Mean reward: 3.125
Step: 9797632	Mean reward: 2.5
Step: 9805824	Mean reward: 3.4375
Step: 9814016	Mean reward: 5.0
Step: 9822208	Mean reward: 3.125
Step: 9830400	Mean reward: 7.5
Step: 9838592	Mean reward: 4.375
Step: 9846784	Mean reward: 3.75
Step: 9854976	Mean reward: 2.1875
Step: 9863168	Mean reward: 3.4375
Step: 9871360	Mean reward: 3.4375
Step: 9879552	Mean reward: 4.375
Step: 9887744	Mean reward: 4.0625
Step: 9895936	Mean reward: 2.8125
Step: 9904128	Mean reward: 5.0
Step: 9912320	Mean reward: 4.0625
Step: 9920512	Mean reward: 3.4375
Step: 9928704	Mean reward: 2.5
Step: 9936896	Mean reward: 3.4375
Step: 9945088	Mean reward: 1.875
Step: 9953280	Mean reward: 3.75
Step: 9961472	Mean reward: 6.875
Step: 9969664	Mean reward: 4.6875
Step: 9977856	Mean reward: 2.1875
Step: 9986048	Mean reward: 2.5
Step: 9994240	Mean reward: 2.1875
Step: 10002432	Mean reward: 5.0
Step: 10010624	Mean reward: 4.0625
Step: 10018816	Mean reward: 2.1875
Step: 10027008	Mean reward: 4.6875
Step: 10035200	Mean reward: 4.375
Step: 10043392	Mean reward: 2.1875
Step: 10051584	Mean reward: 2.5
Step: 10059776	Mean reward: 3.75
Step: 10067968	Mean reward: 2.8125
Step: 10076160	Mean reward: 4.375
Step: 10084352	Mean reward: 2.8125
Step: 10092544	Mean reward: 2.1875
Step: 10100736	Mean reward: 2.8125
Step: 10108928	Mean reward: 2.8125
Step: 10117120	Mean reward: 6.5625
Step: 10125312	Mean reward: 3.125
Step: 10133504	Mean reward: 4.0625
Step: 10141696	Mean reward: 0.625
Step: 10149888	Mean reward: 3.125
Step: 10158080	Mean reward: 5.0
Step: 10166272	Mean reward: 4.0625
Step: 10174464	Mean reward: 4.6875
Step: 10182656	Mean reward: 3.125
Step: 10190848	Mean reward: 3.125
Step: 10199040	Mean reward: 2.5
Step: 10207232	Mean reward: 5.625
Step: 10215424	Mean reward: 3.125
Step: 10223616	Mean reward: 3.4375
Step: 10231808	Mean reward: 3.125
Step: 10240000	Mean reward: 2.5
Step: 10248192	Mean reward: 5.0
Step: 10256384	Mean reward: 4.375
Step: 10264576	Mean reward: 1.5625
Step: 10272768	Mean reward: 5.3125
Step: 10280960	Mean reward: 3.4375
Step: 10289152	Mean reward: 2.1875
Step: 10297344	Mean reward: 5.0
Step: 10305536	Mean reward: 4.375
Step: 10313728	Mean reward: 4.375
Step: 10321920	Mean reward: 1.875
Step: 10330112	Mean reward: 0.9375
Step: 10338304	Mean reward: 1.875
Step: 10346496	Mean reward: 4.6875
Step: 10354688	Mean reward: 1.875
Step: 10362880	Mean reward: 2.5
Step: 10371072	Mean reward: 4.375
Step: 10379264	Mean reward: 4.375
Step: 10387456	Mean reward: 2.5
Step: 10395648	Mean reward: 1.5625
Step: 10403840	Mean reward: 3.4375
Step: 10412032	Mean reward: 2.8125
Step: 10420224	Mean reward: 3.75
Step: 10428416	Mean reward: 3.125
Step: 10436608	Mean reward: 1.5625
Step: 10444800	Mean reward: 3.4375
Step: 10452992	Mean reward: 4.0625
Step: 10461184	Mean reward: 3.4375
Step: 10469376	Mean reward: 2.1875
Step: 10477568	Mean reward: 3.125
Step: 10485760	Mean reward: 4.6875
Step: 10493952	Mean reward: 3.125
Step: 10502144	Mean reward: 2.8125
Step: 10510336	Mean reward: 4.6875
Step: 10518528	Mean reward: 3.125
Step: 10526720	Mean reward: 2.5
Step: 10534912	Mean reward: 3.4375
Step: 10543104	Mean reward: 4.0625
Step: 10551296	Mean reward: 2.8125
Step: 10559488	Mean reward: 1.875
Step: 10567680	Mean reward: 4.6875
Step: 10575872	Mean reward: 3.4375
Step: 10584064	Mean reward: 3.4375
Step: 10592256	Mean reward: 4.0625
Step: 10600448	Mean reward: 2.8125
Step: 10608640	Mean reward: 3.125
Step: 10616832	Mean reward: 3.125
Step: 10625024	Mean reward: 3.4375
Step: 10633216	Mean reward: 1.5625
Step: 10641408	Mean reward: 3.4375
Step: 10649600	Mean reward: 4.6875
Step: 10657792	Mean reward: 1.875
Step: 10665984	Mean reward: 2.8125
Step: 10674176	Mean reward: 5.0
Step: 10682368	Mean reward: 4.0625
Step: 10690560	Mean reward: 4.0625
Step: 10698752	Mean reward: 3.4375
Step: 10706944	Mean reward: 4.375
Step: 10715136	Mean reward: 4.375
Step: 10723328	Mean reward: 4.0625
Step: 10731520	Mean reward: 4.0625
Step: 10739712	Mean reward: 2.8125
Step: 10747904	Mean reward: 2.5
Step: 10756096	Mean reward: 3.4375
Step: 10764288	Mean reward: 3.125
Step: 10772480	Mean reward: 2.5
Step: 10780672	Mean reward: 5.9375
Step: 10788864	Mean reward: 4.0625
Step: 10797056	Mean reward: 5.625
Step: 10805248	Mean reward: 5.0
Step: 10813440	Mean reward: 3.75
Step: 10821632	Mean reward: 4.0625
Step: 10829824	Mean reward: 2.8125
Step: 10838016	Mean reward: 2.5
Step: 10846208	Mean reward: 4.0625
Step: 10854400	Mean reward: 2.1875
Step: 10862592	Mean reward: 3.4375
Step: 10870784	Mean reward: 3.75
Step: 10878976	Mean reward: 2.5
Step: 10887168	Mean reward: 1.875
Step: 10895360	Mean reward: 3.125
Step: 10903552	Mean reward: 2.1875
Step: 10911744	Mean reward: 0.9375
Step: 10919936	Mean reward: 3.4375
Step: 10928128	Mean reward: 2.5
Step: 10936320	Mean reward: 3.125
Step: 10944512	Mean reward: 3.125
Step: 10952704	Mean reward: 4.0625
Step: 10960896	Mean reward: 2.5
Step: 10969088	Mean reward: 4.6875
Step: 10977280	Mean reward: 3.125
Step: 10985472	Mean reward: 3.4375
Step: 10993664	Mean reward: 3.75
Step: 11001856	Mean reward: 2.8125
Step: 11010048	Mean reward: 3.125
Step: 11018240	Mean reward: 3.125
Step: 11026432	Mean reward: 1.5625
Step: 11034624	Mean reward: 5.0
Step: 11042816	Mean reward: 3.125
Step: 11051008	Mean reward: 1.875
Step: 11059200	Mean reward: 3.125
Step: 11067392	Mean reward: 2.1875
Step: 11075584	Mean reward: 1.5625
Step: 11083776	Mean reward: 2.8125
Step: 11091968	Mean reward: 4.6875
Step: 11100160	Mean reward: 1.875
Step: 11108352	Mean reward: 1.5625
Step: 11116544	Mean reward: 6.25
Step: 11124736	Mean reward: 2.5
Step: 11132928	Mean reward: 2.5
Step: 11141120	Mean reward: 4.0625
Step: 11149312	Mean reward: 4.0625
Step: 11157504	Mean reward: 2.1875
Step: 11165696	Mean reward: 4.6875
Step: 11173888	Mean reward: 2.1875
Step: 11182080	Mean reward: 3.4375
Step: 11190272	Mean reward: 4.6875
Step: 11198464	Mean reward: 4.0625
Step: 11206656	Mean reward: 4.375
Step: 11214848	Mean reward: 2.8125
Step: 11223040	Mean reward: 2.1875
Step: 11231232	Mean reward: 5.625
Step: 11239424	Mean reward: 4.0625
Step: 11247616	Mean reward: 2.8125
Step: 11255808	Mean reward: 3.125
Step: 11264000	Mean reward: 4.0625
Step: 11272192	Mean reward: 3.125
Step: 11280384	Mean reward: 1.5625
Step: 11288576	Mean reward: 2.8125
Step: 11296768	Mean reward: 3.75
Step: 11304960	Mean reward: 4.0625
Step: 11313152	Mean reward: 1.875
Step: 11321344	Mean reward: 2.8125
Step: 11329536	Mean reward: 6.25
Step: 11337728	Mean reward: 3.125
Step: 11345920	Mean reward: 2.8125
Step: 11354112	Mean reward: 3.4375
Step: 11362304	Mean reward: 4.0625
Step: 11370496	Mean reward: 2.5
Step: 11378688	Mean reward: 2.5
Step: 11386880	Mean reward: 4.375
Step: 11395072	Mean reward: 5.3125
Step: 11403264	Mean reward: 2.1875
Step: 11411456	Mean reward: 4.0625
Step: 11419648	Mean reward: 4.375
Step: 11427840	Mean reward: 3.125
Step: 11436032	Mean reward: 1.875
Step: 11444224	Mean reward: 4.6875
Step: 11452416	Mean reward: 3.75
Step: 11460608	Mean reward: 3.4375
Step: 11468800	Mean reward: 5.3125
Step: 11476992	Mean reward: 4.375
Step: 11485184	Mean reward: 4.0625
Step: 11493376	Mean reward: 3.75
Step: 11501568	Mean reward: 4.375
Step: 11509760	Mean reward: 2.8125
Step: 11517952	Mean reward: 5.0
Step: 11526144	Mean reward: 3.4375
Step: 11534336	Mean reward: 4.0625
Step: 11542528	Mean reward: 1.875
Step: 11550720	Mean reward: 4.0625
Step: 11558912	Mean reward: 2.8125
Step: 11567104	Mean reward: 2.1875
Step: 11575296	Mean reward: 2.8125
Step: 11583488	Mean reward: 2.5
Step: 11591680	Mean reward: 2.8125
Step: 11599872	Mean reward: 1.5625
Step: 11608064	Mean reward: 4.0625
Step: 11616256	Mean reward: 2.8125
Step: 11624448	Mean reward: 4.6875
Step: 11632640	Mean reward: 3.75
Step: 11640832	Mean reward: 2.8125
Step: 11649024	Mean reward: 3.4375
Step: 11657216	Mean reward: 3.125
Step: 11665408	Mean reward: 2.5
Step: 11673600	Mean reward: 3.4375
Step: 11681792	Mean reward: 5.0
Step: 11689984	Mean reward: 2.8125
Step: 11698176	Mean reward: 3.75
Step: 11706368	Mean reward: 2.5
Step: 11714560	Mean reward: 5.3125
Step: 11722752	Mean reward: 5.3125
Step: 11730944	Mean reward: 3.4375
Step: 11739136	Mean reward: 1.25
Step: 11747328	Mean reward: 4.375
Step: 11755520	Mean reward: 3.4375
Step: 11763712	Mean reward: 3.125
Step: 11771904	Mean reward: 2.8125
Step: 11780096	Mean reward: 2.5
Step: 11788288	Mean reward: 3.4375
Step: 11796480	Mean reward: 1.875
Step: 11804672	Mean reward: 3.75
Step: 11812864	Mean reward: 1.875
Step: 11821056	Mean reward: 4.375
Step: 11829248	Mean reward: 2.8125
Step: 11837440	Mean reward: 4.6875
Step: 11845632	Mean reward: 3.125
Step: 11853824	Mean reward: 4.0625
Step: 11862016	Mean reward: 4.6875
Step: 11870208	Mean reward: 5.0
Step: 11878400	Mean reward: 6.25
Step: 11886592	Mean reward: 2.5
Step: 11894784	Mean reward: 1.875
Step: 11902976	Mean reward: 4.0625
Step: 11911168	Mean reward: 1.875
Step: 11919360	Mean reward: 2.5
Step: 11927552	Mean reward: 3.4375
Step: 11935744	Mean reward: 3.125
Step: 11943936	Mean reward: 3.75
Step: 11952128	Mean reward: 4.0625
Step: 11960320	Mean reward: 4.375
Step: 11968512	Mean reward: 3.4375
Step: 11976704	Mean reward: 4.6875
Step: 11984896	Mean reward: 1.875
Step: 11993088	Mean reward: 3.125
Step: 12001280	Mean reward: 5.3125
Completed training!
2021-11-27 04:15:55
